[0.039s] Invoking command in '/home/javierfr/Robotics_Cyber_Physical_LAB/build/img_proc_pkg': CMAKE_PREFIX_PATH=${CMAKE_PREFIX_PATH}:/opt/ros/foxy /usr/bin/cmake --build /home/javierfr/Robotics_Cyber_Physical_LAB/build/img_proc_pkg -- -j8 -l8
[0.133s] [35m[1mScanning dependencies of target calibrate_camera_charuco_node[0m
[0.164s] [ 14%] Built target img_proc_node
[0.183s] [ 28%] Built target img_proc_id_node
[0.194s] [ 42%] Built target img_publ_test_node
[0.199s] [ 57%] Built target img_subs_test_node
[0.199s] [ 71%] Built target aruco_detector
[0.203s] [ 78%] [32mBuilding CXX object CMakeFiles/calibrate_camera_charuco_node.dir/src/calibrate_camera_charuco_node.cpp.o[0m
[0.216s] [ 92%] Built target calibrate_camera_charuco
[2.405s] [01m[K/home/javierfr/Robotics_Cyber_Physical_LAB/src/img_proc_pkg/src/calibrate_camera_charuco_node.cpp:[m[K In constructor ‘[01m[KCalibrate_Camera_Charuco_Node::Calibrate_Camera_Charuco_Node()[m[K’:
[2.405s] [01m[K/home/javierfr/Robotics_Cyber_Physical_LAB/src/img_proc_pkg/src/calibrate_camera_charuco_node.cpp:83:12:[m[K [01;35m[Kwarning: [m[Kunused variable ‘[01m[KreadOk[m[K’ [[01;35m[K-Wunused-variable[m[K]
[2.405s]    83 |       bool [01;35m[KreadOk[m[K = readCameraParameters("src/img_proc_pkg/config/camera_calib_charuco.yaml", cameraMatrix, distCoeffs);
[2.405s]       |            [01;35m[K^~~~~~[m[K
[2.424s] [01m[K/home/javierfr/Robotics_Cyber_Physical_LAB/src/img_proc_pkg/src/calibrate_camera_charuco_node.cpp:[m[K In member function ‘[01m[Kvoid Calibrate_Camera_Charuco_Node::topic_callback(sensor_msgs::msg::Image_<std::allocator<void> >::SharedPtr)[m[K’:
[2.424s] [01m[K/home/javierfr/Robotics_Cyber_Physical_LAB/src/img_proc_pkg/src/calibrate_camera_charuco_node.cpp:143:16:[m[K [01;31m[Kerror: [m[Kreturn-statement with a value, in function returning ‘[01m[Kvoid[m[K’ [[01;31m[K-fpermissive[m[K]
[2.424s]   143 |         return [01;31m[K0[m[K;
[2.425s]       |                [01;31m[K^[m[K
[2.425s] [01m[K/home/javierfr/Robotics_Cyber_Physical_LAB/src/img_proc_pkg/src/calibrate_camera_charuco_node.cpp:147:16:[m[K [01;35m[Kwarning: [m[Kunused variable ‘[01m[KrepError[m[K’ [[01;35m[K-Wunused-variable[m[K]
[2.425s]   147 |         double [01;35m[KrepError[m[K;
[2.425s]       |                [01;35m[K^~~~~~~~[m[K
[2.425s] [01m[K/home/javierfr/Robotics_Cyber_Physical_LAB/src/img_proc_pkg/src/calibrate_camera_charuco_node.cpp:104:11:[m[K [01;35m[Kwarning: [m[Kunused variable ‘[01m[Kn_cols[m[K’ [[01;35m[K-Wunused-variable[m[K]
[2.425s]   104 |       int [01;35m[Kn_cols[m[K = img_original.cols;
[2.425s]       |           [01;35m[K^~~~~~[m[K
[2.425s] [01m[K/home/javierfr/Robotics_Cyber_Physical_LAB/src/img_proc_pkg/src/calibrate_camera_charuco_node.cpp:105:11:[m[K [01;35m[Kwarning: [m[Kunused variable ‘[01m[Kn_rows[m[K’ [[01;35m[K-Wunused-variable[m[K]
[2.425s]   105 |       int [01;35m[Kn_rows[m[K = img_original.rows;
[2.425s]       |           [01;35m[K^~~~~~[m[K
[3.911s] make[2]: *** [CMakeFiles/calibrate_camera_charuco_node.dir/build.make:63: CMakeFiles/calibrate_camera_charuco_node.dir/src/calibrate_camera_charuco_node.cpp.o] Error 1
[3.911s] make[1]: *** [CMakeFiles/Makefile2:279: CMakeFiles/calibrate_camera_charuco_node.dir/all] Error 2
[3.911s] make: *** [Makefile:141: all] Error 2
[3.914s] Invoked command in '/home/javierfr/Robotics_Cyber_Physical_LAB/build/img_proc_pkg' returned '2': CMAKE_PREFIX_PATH=${CMAKE_PREFIX_PATH}:/opt/ros/foxy /usr/bin/cmake --build /home/javierfr/Robotics_Cyber_Physical_LAB/build/img_proc_pkg -- -j8 -l8
