[0.011s] Invoking command in '/home/javierfr/Tesis_ws/V1/build/control_pkg': CMAKE_PREFIX_PATH=/home/javierfr/Tesis_ws/V1/install/interfaces:/home/javierfr/Tesis_ws/V1/install/inv_kinematics_pkg:/home/javierfr/Tesis_ws/V1/install/control_pkg:/home/javierfr/Tesis_ws/V1/install/img_proc_pkg:/home/javierfr/Tesis_ws/V1/install/gazebo_plugin_sim:/opt/ros/foxy LD_LIBRARY_PATH=/home/javierfr/Tesis_ws/V1/install/interfaces/lib:/home/javierfr/Tesis_ws/V1/install/gazebo_plugin_sim/lib:/opt/ros/foxy/opt/yaml_cpp_vendor/lib:/opt/ros/foxy/opt/rviz_ogre_vendor/lib:/opt/ros/foxy/lib/x86_64-linux-gnu:/opt/ros/foxy/lib:/usr/lib/x86_64-linux-gnu/gazebo-11/plugins:/usr/lib/x86_64-linux-gnu/gazebo-11/plugins /usr/bin/cmake --build /home/javierfr/Tesis_ws/V1/build/control_pkg -- -j12 -l12
[0.030s] -- Found ament_cmake: 0.9.8 (/opt/ros/foxy/share/ament_cmake/cmake)
[0.047s] -- Using PYTHON_EXECUTABLE: /usr/bin/python3
[0.190s] -- Found rclcpp: 2.3.1 (/opt/ros/foxy/share/rclcpp/cmake)
[0.217s] -- Using all available rosidl_typesupport_c: rosidl_typesupport_fastrtps_c;rosidl_typesupport_introspection_c
[0.220s] -- Found rosidl_adapter: 1.2.1 (/opt/ros/foxy/share/rosidl_adapter/cmake)
[0.320s] -- Using all available rosidl_typesupport_cpp: rosidl_typesupport_fastrtps_cpp;rosidl_typesupport_introspection_cpp
[0.379s] -- Found rmw_implementation_cmake: 1.0.3 (/opt/ros/foxy/share/rmw_implementation_cmake/cmake)
[0.380s] -- Using RMW implementation 'rmw_fastrtps_cpp' as default
[0.491s] -- Found interfaces: 0.0.0 (/home/javierfr/Tesis_ws/V1/install/interfaces/share/interfaces/cmake)
[0.544s] -- Configuring done
[0.552s] -- Generating done
[0.554s] -- Build files have been written to: /home/javierfr/Tesis_ws/V1/build/control_pkg
[0.575s] [35m[1mScanning dependencies of target control_pid_p2_node[0m
[0.575s] [35m[1mScanning dependencies of target control_pid_p1_node[0m
[0.597s] [ 25%] [32mBuilding CXX object CMakeFiles/control_pid_p2_node.dir/src/control_pid_p2_node.cpp.o[0m
[0.599s] [ 50%] [32mBuilding CXX object CMakeFiles/control_pid_p1_node.dir/src/control_pid_p1_node.cpp.o[0m
[0.619s] [ 75%] [32m[1mLinking CXX executable control_pid_p2_node[0m
[0.623s] [100%] [32m[1mLinking CXX executable control_pid_p1_node[0m
[1.146s] [100%] Built target control_pid_p1_node
[1.165s] [100%] Built target control_pid_p2_node
[1.174s] Invoked command in '/home/javierfr/Tesis_ws/V1/build/control_pkg' returned '0': CMAKE_PREFIX_PATH=/home/javierfr/Tesis_ws/V1/install/interfaces:/home/javierfr/Tesis_ws/V1/install/inv_kinematics_pkg:/home/javierfr/Tesis_ws/V1/install/control_pkg:/home/javierfr/Tesis_ws/V1/install/img_proc_pkg:/home/javierfr/Tesis_ws/V1/install/gazebo_plugin_sim:/opt/ros/foxy LD_LIBRARY_PATH=/home/javierfr/Tesis_ws/V1/install/interfaces/lib:/home/javierfr/Tesis_ws/V1/install/gazebo_plugin_sim/lib:/opt/ros/foxy/opt/yaml_cpp_vendor/lib:/opt/ros/foxy/opt/rviz_ogre_vendor/lib:/opt/ros/foxy/lib/x86_64-linux-gnu:/opt/ros/foxy/lib:/usr/lib/x86_64-linux-gnu/gazebo-11/plugins:/usr/lib/x86_64-linux-gnu/gazebo-11/plugins /usr/bin/cmake --build /home/javierfr/Tesis_ws/V1/build/control_pkg -- -j12 -l12
[1.195s] Invoking command in '/home/javierfr/Tesis_ws/V1/build/control_pkg': CMAKE_PREFIX_PATH=/home/javierfr/Tesis_ws/V1/install/interfaces:/home/javierfr/Tesis_ws/V1/install/inv_kinematics_pkg:/home/javierfr/Tesis_ws/V1/install/control_pkg:/home/javierfr/Tesis_ws/V1/install/img_proc_pkg:/home/javierfr/Tesis_ws/V1/install/gazebo_plugin_sim:/opt/ros/foxy LD_LIBRARY_PATH=/home/javierfr/Tesis_ws/V1/install/interfaces/lib:/home/javierfr/Tesis_ws/V1/install/gazebo_plugin_sim/lib:/opt/ros/foxy/opt/yaml_cpp_vendor/lib:/opt/ros/foxy/opt/rviz_ogre_vendor/lib:/opt/ros/foxy/lib/x86_64-linux-gnu:/opt/ros/foxy/lib:/usr/lib/x86_64-linux-gnu/gazebo-11/plugins:/usr/lib/x86_64-linux-gnu/gazebo-11/plugins /usr/bin/cmake --install /home/javierfr/Tesis_ws/V1/build/control_pkg
[1.201s] -- Install configuration: ""
[1.201s] -- Installing: /home/javierfr/Tesis_ws/V1/install/control_pkg/lib/control_pkg/control_pid_p1_node
[1.204s] -- Set runtime path of "/home/javierfr/Tesis_ws/V1/install/control_pkg/lib/control_pkg/control_pid_p1_node" to ""
[1.204s] -- Installing: /home/javierfr/Tesis_ws/V1/install/control_pkg/lib/control_pkg/control_pid_p2_node
[1.207s] -- Set runtime path of "/home/javierfr/Tesis_ws/V1/install/control_pkg/lib/control_pkg/control_pid_p2_node" to ""
[1.207s] -- Up-to-date: /home/javierfr/Tesis_ws/V1/install/control_pkg/share/ament_index/resource_index/package_run_dependencies/control_pkg
[1.207s] -- Up-to-date: /home/javierfr/Tesis_ws/V1/install/control_pkg/share/ament_index/resource_index/parent_prefix_path/control_pkg
[1.207s] -- Up-to-date: /home/javierfr/Tesis_ws/V1/install/control_pkg/share/control_pkg/environment/ament_prefix_path.sh
[1.207s] -- Installing: /home/javierfr/Tesis_ws/V1/install/control_pkg/share/control_pkg/environment/ament_prefix_path.dsv
[1.207s] -- Up-to-date: /home/javierfr/Tesis_ws/V1/install/control_pkg/share/control_pkg/environment/path.sh
[1.208s] -- Installing: /home/javierfr/Tesis_ws/V1/install/control_pkg/share/control_pkg/environment/path.dsv
[1.208s] -- Up-to-date: /home/javierfr/Tesis_ws/V1/install/control_pkg/share/control_pkg/local_setup.bash
[1.208s] -- Up-to-date: /home/javierfr/Tesis_ws/V1/install/control_pkg/share/control_pkg/local_setup.sh
[1.208s] -- Up-to-date: /home/javierfr/Tesis_ws/V1/install/control_pkg/share/control_pkg/local_setup.zsh
[1.208s] -- Installing: /home/javierfr/Tesis_ws/V1/install/control_pkg/share/control_pkg/local_setup.dsv
[1.208s] -- Installing: /home/javierfr/Tesis_ws/V1/install/control_pkg/share/control_pkg/package.dsv
[1.208s] -- Up-to-date: /home/javierfr/Tesis_ws/V1/install/control_pkg/share/ament_index/resource_index/packages/control_pkg
[1.208s] -- Up-to-date: /home/javierfr/Tesis_ws/V1/install/control_pkg/share/control_pkg/cmake/control_pkgConfig.cmake
[1.208s] -- Up-to-date: /home/javierfr/Tesis_ws/V1/install/control_pkg/share/control_pkg/cmake/control_pkgConfig-version.cmake
[1.208s] -- Up-to-date: /home/javierfr/Tesis_ws/V1/install/control_pkg/share/control_pkg/package.xml
[1.210s] Invoked command in '/home/javierfr/Tesis_ws/V1/build/control_pkg' returned '0': CMAKE_PREFIX_PATH=/home/javierfr/Tesis_ws/V1/install/interfaces:/home/javierfr/Tesis_ws/V1/install/inv_kinematics_pkg:/home/javierfr/Tesis_ws/V1/install/control_pkg:/home/javierfr/Tesis_ws/V1/install/img_proc_pkg:/home/javierfr/Tesis_ws/V1/install/gazebo_plugin_sim:/opt/ros/foxy LD_LIBRARY_PATH=/home/javierfr/Tesis_ws/V1/install/interfaces/lib:/home/javierfr/Tesis_ws/V1/install/gazebo_plugin_sim/lib:/opt/ros/foxy/opt/yaml_cpp_vendor/lib:/opt/ros/foxy/opt/rviz_ogre_vendor/lib:/opt/ros/foxy/lib/x86_64-linux-gnu:/opt/ros/foxy/lib:/usr/lib/x86_64-linux-gnu/gazebo-11/plugins:/usr/lib/x86_64-linux-gnu/gazebo-11/plugins /usr/bin/cmake --install /home/javierfr/Tesis_ws/V1/build/control_pkg
