[0.011s] Invoking command in '/home/javierfr/Tesis_ws/V1/build/img_proc_pkg': CMAKE_PREFIX_PATH=/opt/ros/foxy /usr/bin/cmake --build /home/javierfr/Tesis_ws/V1/build/img_proc_pkg -- -j12 -l12
[0.027s] -- Found ament_cmake: 0.9.8 (/opt/ros/foxy/share/ament_cmake/cmake)
[0.043s] -- Using PYTHON_EXECUTABLE: /usr/bin/python3
[0.208s] -- Found sensor_msgs: 2.0.3 (/opt/ros/foxy/share/sensor_msgs/cmake)
[0.524s] -- Using all available rosidl_typesupport_c: rosidl_typesupport_fastrtps_c;rosidl_typesupport_introspection_c
[0.609s] -- Found rosidl_adapter: 1.2.0 (/opt/ros/foxy/share/rosidl_adapter/cmake)
[0.904s] -- Found OpenSSL: /usr/lib/x86_64-linux-gnu/libcrypto.so (found version "1.1.1f")  
[0.932s] -- Found FastRTPS: /opt/ros/foxy/include  
[1.239s] -- Using all available rosidl_typesupport_cpp: rosidl_typesupport_fastrtps_cpp;rosidl_typesupport_introspection_cpp
[1.586s] -- Configuring done
[1.645s] -- Generating done
[1.649s] -- Build files have been written to: /home/javierfr/Tesis_ws/V1/build/img_proc_pkg
[1.683s] [35m[1mScanning dependencies of target img_proc_node[0m
[1.696s] [ 50%] [32mBuilding CXX object CMakeFiles/img_proc_node.dir/src/img_proc_node.cpp.o[0m
[2.346s] [100%] [32m[1mLinking CXX executable img_proc_node[0m
[2.820s] [100%] Built target img_proc_node
[2.828s] Invoked command in '/home/javierfr/Tesis_ws/V1/build/img_proc_pkg' returned '0': CMAKE_PREFIX_PATH=/opt/ros/foxy /usr/bin/cmake --build /home/javierfr/Tesis_ws/V1/build/img_proc_pkg -- -j12 -l12
[2.851s] Invoking command in '/home/javierfr/Tesis_ws/V1/build/img_proc_pkg': CMAKE_PREFIX_PATH=/opt/ros/foxy /usr/bin/cmake --install /home/javierfr/Tesis_ws/V1/build/img_proc_pkg
[2.858s] -- Install configuration: ""
[2.859s] -- Installing: /home/javierfr/Tesis_ws/V1/install/img_proc_pkg/lib/img_proc_pkg/img_proc_node
[2.859s] -- Set runtime path of "/home/javierfr/Tesis_ws/V1/install/img_proc_pkg/lib/img_proc_pkg/img_proc_node" to ""
[2.859s] -- Up-to-date: /home/javierfr/Tesis_ws/V1/install/img_proc_pkg/share/ament_index/resource_index/package_run_dependencies/img_proc_pkg
[2.859s] -- Up-to-date: /home/javierfr/Tesis_ws/V1/install/img_proc_pkg/share/ament_index/resource_index/parent_prefix_path/img_proc_pkg
[2.859s] -- Up-to-date: /home/javierfr/Tesis_ws/V1/install/img_proc_pkg/share/img_proc_pkg/environment/ament_prefix_path.sh
[2.859s] -- Installing: /home/javierfr/Tesis_ws/V1/install/img_proc_pkg/share/img_proc_pkg/environment/ament_prefix_path.dsv
[2.859s] -- Up-to-date: /home/javierfr/Tesis_ws/V1/install/img_proc_pkg/share/img_proc_pkg/environment/path.sh
[2.859s] -- Installing: /home/javierfr/Tesis_ws/V1/install/img_proc_pkg/share/img_proc_pkg/environment/path.dsv
[2.859s] -- Up-to-date: /home/javierfr/Tesis_ws/V1/install/img_proc_pkg/share/img_proc_pkg/local_setup.bash
[2.860s] -- Up-to-date: /home/javierfr/Tesis_ws/V1/install/img_proc_pkg/share/img_proc_pkg/local_setup.sh
[2.860s] -- Up-to-date: /home/javierfr/Tesis_ws/V1/install/img_proc_pkg/share/img_proc_pkg/local_setup.zsh
[2.860s] -- Installing: /home/javierfr/Tesis_ws/V1/install/img_proc_pkg/share/img_proc_pkg/local_setup.dsv
[2.860s] -- Installing: /home/javierfr/Tesis_ws/V1/install/img_proc_pkg/share/img_proc_pkg/package.dsv
[2.860s] -- Up-to-date: /home/javierfr/Tesis_ws/V1/install/img_proc_pkg/share/ament_index/resource_index/packages/img_proc_pkg
[2.860s] -- Up-to-date: /home/javierfr/Tesis_ws/V1/install/img_proc_pkg/share/img_proc_pkg/cmake/img_proc_pkgConfig.cmake
[2.860s] -- Up-to-date: /home/javierfr/Tesis_ws/V1/install/img_proc_pkg/share/img_proc_pkg/cmake/img_proc_pkgConfig-version.cmake
[2.860s] -- Up-to-date: /home/javierfr/Tesis_ws/V1/install/img_proc_pkg/share/img_proc_pkg/package.xml
[2.861s] Invoked command in '/home/javierfr/Tesis_ws/V1/build/img_proc_pkg' returned '0': CMAKE_PREFIX_PATH=/opt/ros/foxy /usr/bin/cmake --install /home/javierfr/Tesis_ws/V1/build/img_proc_pkg
