Not searching for unused variables given on the command line.
-- The C compiler identification is GNU 8.2.0
-- The CXX compiler identification is GNU 8.2.0
-- Check for working C compiler: /home/javierfr/microros_ws/uros_ws/firmware/toolchain/espressif/tools/xtensa-esp32-elf/esp-2020r2-8.2.0/xtensa-esp32-elf/bin/xtensa-esp32-elf-gcc
-- Check for working C compiler: /home/javierfr/microros_ws/uros_ws/firmware/toolchain/espressif/tools/xtensa-esp32-elf/esp-2020r2-8.2.0/xtensa-esp32-elf/bin/xtensa-esp32-elf-gcc -- works
-- Detecting C compiler ABI info
-- Detecting C compiler ABI info - done
-- Detecting C compile features
-- Detecting C compile features - done
-- Check for working CXX compiler: /home/javierfr/microros_ws/uros_ws/firmware/toolchain/espressif/tools/xtensa-esp32-elf/esp-2020r2-8.2.0/xtensa-esp32-elf/bin/xtensa-esp32-elf-g++
-- Check for working CXX compiler: /home/javierfr/microros_ws/uros_ws/firmware/toolchain/espressif/tools/xtensa-esp32-elf/esp-2020r2-8.2.0/xtensa-esp32-elf/bin/xtensa-esp32-elf-g++ -- works
-- Detecting CXX compiler ABI info
-- Detecting CXX compiler ABI info - done
-- Detecting CXX compile features
-- Detecting CXX compile features - done
-- Found ament_cmake_ros: 0.9.2 (/home/javierfr/microros_ws/uros_ws/firmware/dev_ws/install/ament_cmake_ros/share/ament_cmake_ros/cmake)
-- Found PythonInterp: /home/javierfr/microros_ws/uros_ws/firmware/toolchain/espressif/python_env/idf4.1_py3.8_env/bin/python3 (found suitable version "3.8.10", minimum required is "3") 
-- Using PYTHON_EXECUTABLE: /home/javierfr/microros_ws/uros_ws/firmware/toolchain/espressif/python_env/idf4.1_py3.8_env/bin/python3
-- Found rcutils: 1.1.5 (/home/javierfr/microros_ws/uros_ws/firmware/mcu_ws/install/share/rcutils/cmake)
-- Configuring done
-- Generating done
-- Build files have been written to: /home/javierfr/microros_ws/uros_ws/firmware/mcu_ws/build/rcl_logging_noop
make[4]: Entering directory '/home/javierfr/microros_ws/uros_ws/firmware/mcu_ws/build/rcl_logging_noop'
/usr/bin/cmake -S/home/javierfr/microros_ws/uros_ws/firmware/mcu_ws/ros2/rcl_logging/rcl_logging_noop -B/home/javierfr/microros_ws/uros_ws/firmware/mcu_ws/build/rcl_logging_noop --check-build-system CMakeFiles/Makefile.cmake 0
/usr/bin/cmake -E cmake_progress_start /home/javierfr/microros_ws/uros_ws/firmware/mcu_ws/build/rcl_logging_noop/CMakeFiles /home/javierfr/microros_ws/uros_ws/firmware/mcu_ws/build/rcl_logging_noop/CMakeFiles/progress.marks
/usr/bin/make -f CMakeFiles/Makefile2 all
make[5]: Entering directory '/home/javierfr/microros_ws/uros_ws/firmware/mcu_ws/build/rcl_logging_noop'
/usr/bin/make -f CMakeFiles/rcl_logging_noop.dir/build.make CMakeFiles/rcl_logging_noop.dir/depend
make[6]: Entering directory '/home/javierfr/microros_ws/uros_ws/firmware/mcu_ws/build/rcl_logging_noop'
cd /home/javierfr/microros_ws/uros_ws/firmware/mcu_ws/build/rcl_logging_noop && /usr/bin/cmake -E cmake_depends "Unix Makefiles" /home/javierfr/microros_ws/uros_ws/firmware/mcu_ws/ros2/rcl_logging/rcl_logging_noop /home/javierfr/microros_ws/uros_ws/firmware/mcu_ws/ros2/rcl_logging/rcl_logging_noop /home/javierfr/microros_ws/uros_ws/firmware/mcu_ws/build/rcl_logging_noop /home/javierfr/microros_ws/uros_ws/firmware/mcu_ws/build/rcl_logging_noop /home/javierfr/microros_ws/uros_ws/firmware/mcu_ws/build/rcl_logging_noop/CMakeFiles/rcl_logging_noop.dir/DependInfo.cmake --color=
Dependee "/home/javierfr/microros_ws/uros_ws/firmware/mcu_ws/build/rcl_logging_noop/CMakeFiles/rcl_logging_noop.dir/DependInfo.cmake" is newer than depender "/home/javierfr/microros_ws/uros_ws/firmware/mcu_ws/build/rcl_logging_noop/CMakeFiles/rcl_logging_noop.dir/depend.internal".
Dependee "/home/javierfr/microros_ws/uros_ws/firmware/mcu_ws/build/rcl_logging_noop/CMakeFiles/CMakeDirectoryInformation.cmake" is newer than depender "/home/javierfr/microros_ws/uros_ws/firmware/mcu_ws/build/rcl_logging_noop/CMakeFiles/rcl_logging_noop.dir/depend.internal".
[35m[1mScanning dependencies of target rcl_logging_noop[0m
make[6]: Leaving directory '/home/javierfr/microros_ws/uros_ws/firmware/mcu_ws/build/rcl_logging_noop'
/usr/bin/make -f CMakeFiles/rcl_logging_noop.dir/build.make CMakeFiles/rcl_logging_noop.dir/build
make[6]: Entering directory '/home/javierfr/microros_ws/uros_ws/firmware/mcu_ws/build/rcl_logging_noop'
[ 50%] [32mBuilding CXX object CMakeFiles/rcl_logging_noop.dir/src/rcl_logging_noop/rcl_logging_noop.cpp.obj[0m
/home/javierfr/microros_ws/uros_ws/firmware/toolchain/espressif/tools/xtensa-esp32-elf/esp-2020r2-8.2.0/xtensa-esp32-elf/bin/xtensa-esp32-elf-g++  -DLWIP_IPV4 -DLWIP_IPV6 -DROS_PACKAGE_NAME=\"rcl_logging_noop\" -I/home/javierfr/microros_ws/uros_ws/firmware/freertos_apps/microros_esp32_extensions/build/config -I/home/javierfr/microros_ws/uros_ws/firmware/toolchain/esp-idf/components/newlib/platform_include -I/home/javierfr/microros_ws/uros_ws/firmware/toolchain/esp-idf/components/protocomm/include -I/home/javierfr/microros_ws/uros_ws/firmware/toolchain/esp-idf/components/esp_rom/include -I/home/javierfr/microros_ws/uros_ws/firmware/toolchain/esp-idf/components/driver/include -I/home/javierfr/microros_ws/uros_ws/firmware/toolchain/esp-idf/components/wear_levelling/include -I/home/javierfr/microros_ws/uros_ws/firmware/toolchain/esp-idf/components/vfs/include -I/home/javierfr/microros_ws/uros_ws/firmware/toolchain/esp-idf/components/log/include -I/home/javierfr/microros_ws/uros_ws/firmware/toolchain/esp-idf/components/freertos/include -I/home/javierfr/microros_ws/uros_ws/firmware/toolchain/esp-idf/components/wifi_provisioning/include -I/home/javierfr/microros_ws/uros_ws/firmware/toolchain/esp-idf/components/pthread/include -I/home/javierfr/microros_ws/uros_ws/firmware/toolchain/esp-idf/components/libsodium/libsodium/src/libsodium/include -I/home/javierfr/microros_ws/uros_ws/firmware/toolchain/esp-idf/components/coap/port/include -I/home/javierfr/microros_ws/uros_ws/firmware/toolchain/esp-idf/components/coap/libcoap/include -I/home/javierfr/microros_ws/uros_ws/firmware/toolchain/esp-idf/components/tcp_transport/include -I/home/javierfr/microros_ws/uros_ws/firmware/toolchain/esp-idf/components/unity/include -I/home/javierfr/microros_ws/uros_ws/firmware/toolchain/esp-idf/components/esp32/include -I/home/javierfr/microros_ws/uros_ws/firmware/toolchain/esp-idf/components/asio/port/include -I/home/javierfr/microros_ws/uros_ws/firmware/toolchain/esp-idf/components/asio/asio/asio/include -I/home/javierfr/microros_ws/uros_ws/firmware/toolchain/esp-idf/components/app_update/include -I/home/javierfr/microros_ws/uros_ws/firmware/toolchain/esp-idf/components/esp_ringbuf/include -I/home/javierfr/microros_ws/uros_ws/firmware/toolchain/esp-idf/components/soc/esp32/include -I/home/javierfr/microros_ws/uros_ws/firmware/toolchain/esp-idf/components/soc/include -I/home/javierfr/microros_ws/uros_ws/firmware/toolchain/esp-idf/components/efuse/test/include -I/home/javierfr/microros_ws/uros_ws/firmware/toolchain/esp-idf/components/efuse/esp32/include -I/home/javierfr/microros_ws/uros_ws/firmware/toolchain/esp-idf/components/efuse/include -I/home/javierfr/microros_ws/uros_ws/firmware/toolchain/esp-idf/components/mbedtls/port/include -I/home/javierfr/microros_ws/uros_ws/firmware/toolchain/esp-idf/components/mbedtls/mbedtls/include -I/home/javierfr/microros_ws/uros_ws/firmware/toolchain/esp-idf/components/xtensa/esp32/include -I/home/javierfr/microros_ws/uros_ws/firmware/toolchain/esp-idf/components/xtensa/include -I/home/javierfr/microros_ws/uros_ws/firmware/toolchain/esp-idf/components/app_trace/include -I/home/javierfr/microros_ws/uros_ws/firmware/toolchain/esp-idf/components/nvs_flash/include -I/home/javierfr/microros_ws/uros_ws/firmware/toolchain/esp-idf/components/jsmn/include -I/home/javierfr/microros_ws/uros_ws/firmware/toolchain/esp-idf/components/esp_eth/include -I/home/javierfr/microros_ws/uros_ws/firmware/toolchain/esp-idf/components/spiffs/include -I/home/javierfr/microros_ws/uros_ws/firmware/toolchain/esp-idf/components/ulp/include -I/home/javierfr/microros_ws/uros_ws/firmware/toolchain/esp-idf/components/mdns/include -I/home/javierfr/microros_ws/uros_ws/firmware/toolchain/esp-idf/components/freemodbus/modbus/include -I/home/javierfr/microros_ws/uros_ws/firmware/toolchain/esp-idf/components/freemodbus/common/include -I/home/javierfr/microros_ws/uros_ws/firmware/toolchain/esp-idf/components/esp_event/include -I/home/javierfr/microros_ws/uros_ws/firmware/toolchain/esp-idf/components/expat/port/include -I/home/javierfr/microros_ws/uros_ws/firmware/toolchain/esp-idf/components/bootloader_support/include -I/home/javierfr/microros_ws/uros_ws/firmware/toolchain/esp-idf/components/heap/include -I/home/javierfr/microros_ws/uros_ws/firmware/toolchain/esp-idf/components/wpa_supplicant/port/include -I/home/javierfr/microros_ws/uros_ws/firmware/toolchain/esp-idf/components/wpa_supplicant/include -I/home/javierfr/microros_ws/uros_ws/firmware/toolchain/esp-idf/components/tcpip_adapter/include -I/home/javierfr/microros_ws/uros_ws/firmware/toolchain/esp-idf/components/openssl/include -I/home/javierfr/microros_ws/uros_ws/firmware/toolchain/esp-idf/components/sdmmc/include -I/home/javierfr/microros_ws/uros_ws/firmware/toolchain/esp-idf/components/esp_local_ctrl/include -I/home/javierfr/microros_ws/uros_ws/firmware/toolchain/esp-idf/components/esp_common/include -I/home/javierfr/microros_ws/uros_ws/firmware/toolchain/esp-idf/components/lwip/lwip/src/include/lwip/apps -I/home/javierfr/microros_ws/uros_ws/firmware/toolchain/esp-idf/components/lwip/lwip/src/include/compat/posix -I/home/javierfr/microros_ws/uros_ws/firmware/toolchain/esp-idf/components/lwip/lwip/src/include -I/home/javierfr/microros_ws/uros_ws/firmware/toolchain/esp-idf/components/lwip/port/esp32/include -isystem /home/javierfr/microros_ws/uros_ws/firmware/mcu_ws/install/include -isystem /home/javierfr/microros_ws/uros_ws/firmware/mcu_ws/install/share/tinydir_vendor/cmake/../../../include  -mlongcalls -Wno-frame-address -mlongcalls -Wno-frame-address -g   -Wall -Wextra -Wpedantic -std=gnu++14 -o CMakeFiles/rcl_logging_noop.dir/src/rcl_logging_noop/rcl_logging_noop.cpp.obj -c /home/javierfr/microros_ws/uros_ws/firmware/mcu_ws/ros2/rcl_logging/rcl_logging_noop/src/rcl_logging_noop/rcl_logging_noop.cpp
[100%] [32m[1mLinking CXX static library librcl_logging_noop.a[0m
/usr/bin/cmake -P CMakeFiles/rcl_logging_noop.dir/cmake_clean_target.cmake
/usr/bin/cmake -E cmake_link_script CMakeFiles/rcl_logging_noop.dir/link.txt --verbose=1
/home/javierfr/microros_ws/uros_ws/firmware/toolchain/espressif/tools/xtensa-esp32-elf/esp-2020r2-8.2.0/xtensa-esp32-elf/bin/xtensa-esp32-elf-ar qc librcl_logging_noop.a  CMakeFiles/rcl_logging_noop.dir/src/rcl_logging_noop/rcl_logging_noop.cpp.obj
/home/javierfr/microros_ws/uros_ws/firmware/toolchain/espressif/tools/xtensa-esp32-elf/esp-2020r2-8.2.0/xtensa-esp32-elf/bin/xtensa-esp32-elf-ranlib librcl_logging_noop.a
make[6]: Leaving directory '/home/javierfr/microros_ws/uros_ws/firmware/mcu_ws/build/rcl_logging_noop'
[100%] Built target rcl_logging_noop
make[5]: Leaving directory '/home/javierfr/microros_ws/uros_ws/firmware/mcu_ws/build/rcl_logging_noop'
/usr/bin/cmake -E cmake_progress_start /home/javierfr/microros_ws/uros_ws/firmware/mcu_ws/build/rcl_logging_noop/CMakeFiles 0
make[4]: Leaving directory '/home/javierfr/microros_ws/uros_ws/firmware/mcu_ws/build/rcl_logging_noop'
-- Install configuration: "Debug"
-- Installing: /home/javierfr/microros_ws/uros_ws/firmware/mcu_ws/install/lib/librcl_logging_noop.a
-- Installing: /home/javierfr/microros_ws/uros_ws/firmware/mcu_ws/install/share/rcl_logging_noop/environment/library_path.sh
-- Installing: /home/javierfr/microros_ws/uros_ws/firmware/mcu_ws/install/share/rcl_logging_noop/environment/library_path.dsv
-- Installing: /home/javierfr/microros_ws/uros_ws/firmware/mcu_ws/install/share/ament_index/resource_index/package_run_dependencies/rcl_logging_noop
-- Installing: /home/javierfr/microros_ws/uros_ws/firmware/mcu_ws/install/share/ament_index/resource_index/parent_prefix_path/rcl_logging_noop
-- Installing: /home/javierfr/microros_ws/uros_ws/firmware/mcu_ws/install/share/rcl_logging_noop/environment/ament_prefix_path.sh
-- Installing: /home/javierfr/microros_ws/uros_ws/firmware/mcu_ws/install/share/rcl_logging_noop/environment/ament_prefix_path.dsv
-- Installing: /home/javierfr/microros_ws/uros_ws/firmware/mcu_ws/install/share/rcl_logging_noop/environment/path.sh
-- Installing: /home/javierfr/microros_ws/uros_ws/firmware/mcu_ws/install/share/rcl_logging_noop/environment/path.dsv
-- Installing: /home/javierfr/microros_ws/uros_ws/firmware/mcu_ws/install/share/rcl_logging_noop/local_setup.bash
-- Installing: /home/javierfr/microros_ws/uros_ws/firmware/mcu_ws/install/share/rcl_logging_noop/local_setup.sh
-- Installing: /home/javierfr/microros_ws/uros_ws/firmware/mcu_ws/install/share/rcl_logging_noop/local_setup.zsh
-- Installing: /home/javierfr/microros_ws/uros_ws/firmware/mcu_ws/install/share/rcl_logging_noop/local_setup.dsv
-- Installing: /home/javierfr/microros_ws/uros_ws/firmware/mcu_ws/install/share/rcl_logging_noop/package.dsv
-- Installing: /home/javierfr/microros_ws/uros_ws/firmware/mcu_ws/install/share/ament_index/resource_index/packages/rcl_logging_noop
-- Installing: /home/javierfr/microros_ws/uros_ws/firmware/mcu_ws/install/share/rcl_logging_noop/cmake/ament_cmake_export_dependencies-extras.cmake
-- Installing: /home/javierfr/microros_ws/uros_ws/firmware/mcu_ws/install/share/rcl_logging_noop/cmake/ament_cmake_export_libraries-extras.cmake
-- Installing: /home/javierfr/microros_ws/uros_ws/firmware/mcu_ws/install/share/rcl_logging_noop/cmake/rcl_logging_noopConfig.cmake
-- Installing: /home/javierfr/microros_ws/uros_ws/firmware/mcu_ws/install/share/rcl_logging_noop/cmake/rcl_logging_noopConfig-version.cmake
-- Installing: /home/javierfr/microros_ws/uros_ws/firmware/mcu_ws/install/share/rcl_logging_noop/package.xml
