[0.016s] Invoking command in '/home/javierfr/Tesis_ws/V1/build/interfaces': CMAKE_PREFIX_PATH=/opt/ros/foxy /usr/bin/cmake --build /home/javierfr/Tesis_ws/V1/build/interfaces -- -j12 -l12
[0.033s] -- Found ament_cmake: 0.9.8 (/opt/ros/foxy/share/ament_cmake/cmake)
[0.049s] -- Found PythonInterp: /usr/bin/python3 (found suitable version "3.8.5", minimum required is "3") 
[0.049s] -- Using PYTHON_EXECUTABLE: /usr/bin/python3
[0.190s] -- Found rosidl_default_generators: 1.0.1 (/opt/ros/foxy/share/rosidl_default_generators/cmake)
[0.191s] -- Using all available rosidl_typesupport_c: rosidl_typesupport_fastrtps_c;rosidl_typesupport_introspection_c
[0.194s] -- Found rosidl_adapter: 1.2.1 (/opt/ros/foxy/share/rosidl_adapter/cmake)
[0.302s] -- Using all available rosidl_typesupport_cpp: rosidl_typesupport_fastrtps_cpp;rosidl_typesupport_introspection_cpp
[0.338s] -- Found PythonInterp: /usr/bin/python3 (found version "3.8.5") 
[0.467s] CMake Error at /opt/ros/foxy/share/rosidl_adapter/cmake/rosidl_adapt_interfaces.cmake:60 (message):
[0.467s]   execute_process(/usr/bin/python3 -m rosidl_adapter --package-name
[0.468s]   interfaces --arguments-file
[0.468s]   /home/javierfr/Tesis_ws/V1/build/interfaces/rosidl_adapter__arguments__interfaces.json
[0.468s]   --output-dir
[0.468s]   /home/javierfr/Tesis_ws/V1/build/interfaces/rosidl_adapter/interfaces
[0.468s]   --output-file
[0.468s]   /home/javierfr/Tesis_ws/V1/build/interfaces/rosidl_adapter/interfaces.idls)
[0.468s]   returned error code 1:
[0.468s] 
[0.468s]   Error processing 'double x_vel' of 'interfaces/Platform1Vel_Request':
[0.468s]   ''double' is an invalid message name.  It should have the pattern
[0.468s]   '^[A-Z][A-Za-z0-9]*$''
[0.468s] 
[0.468s]   Traceback (most recent call last):
[0.468s] 
[0.468s]     File "/usr/lib/python3.8/runpy.py", line 194, in _run_module_as_main
[0.469s]       return _run_code(code, main_globals, None,
[0.469s]     File "/usr/lib/python3.8/runpy.py", line 87, in _run_code
[0.469s]       exec(code, run_globals)
[0.469s]     File "/opt/ros/foxy/lib/python3.8/site-packages/rosidl_adapter/__main__.py", line 19, in <module>
[0.469s]       sys.exit(main())
[0.469s]     File "/opt/ros/foxy/lib/python3.8/site-packages/rosidl_adapter/main.py", line 53, in main
[0.469s]       abs_idl_file = convert_to_idl(
[0.469s]     File "/opt/ros/foxy/lib/python3.8/site-packages/rosidl_adapter/__init__.py", line 24, in convert_to_idl
[0.469s]       return convert_srv_to_idl(
[0.469s]     File "/opt/ros/foxy/lib/python3.8/site-packages/rosidl_adapter/srv/__init__.py", line 28, in convert_srv_to_idl
[0.469s]       srv = parse_service_string(package_name, input_file.stem, content)
[0.469s]     File "/opt/ros/foxy/lib/python3.8/site-packages/rosidl_adapter/parser.py", line 852, in parse_service_string
[0.469s]       request_message = parse_message_string(
[0.469s]     File "/opt/ros/foxy/lib/python3.8/site-packages/rosidl_adapter/parser.py", line 516, in parse_message_string
[0.469s]       Type(type_string, context_package_name=pkg_name),
[0.469s]     File "/opt/ros/foxy/lib/python3.8/site-packages/rosidl_adapter/parser.py", line 276, in __init__
[0.469s]       super(Type, self).__init__(
[0.469s]     File "/opt/ros/foxy/lib/python3.8/site-packages/rosidl_adapter/parser.py", line 204, in __init__
[0.470s]       raise InvalidResourceName(
[0.470s] 
[0.470s]   rosidl_adapter.parser.InvalidResourceName: 'double' is an invalid message
[0.470s]   name.  It should have the pattern '^[A-Z][A-Za-z0-9]*$'
[0.470s] 
[0.470s] Call Stack (most recent call first):
[0.470s]   /opt/ros/foxy/share/rosidl_cmake/cmake/rosidl_generate_interfaces.cmake:130 (rosidl_adapt_interfaces)
[0.470s]   CMakeLists.txt:22 (rosidl_generate_interfaces)
[0.470s] 
[0.470s] 
[0.470s] -- Configuring incomplete, errors occurred!
[0.470s] See also "/home/javierfr/Tesis_ws/V1/build/interfaces/CMakeFiles/CMakeOutput.log".
[0.472s] make: *** [Makefile:222: cmake_check_build_system] Error 1
[0.475s] Invoked command in '/home/javierfr/Tesis_ws/V1/build/interfaces' returned '2': CMAKE_PREFIX_PATH=/opt/ros/foxy /usr/bin/cmake --build /home/javierfr/Tesis_ws/V1/build/interfaces -- -j12 -l12
