[35m[1mScanning dependencies of target img_proc_id_node[0m
[ 25%] Built target img_proc_node
[ 50%] Built target img_publ_test_node
[ 75%] Built target img_subs_test_node
[ 87%] [32mBuilding CXX object CMakeFiles/img_proc_id_node.dir/src/img_proc_id_node.cpp.o[0m
[01m[K/home/javierfr/Tesis_ws/V1/src/img_proc_pkg/src/img_proc_id_node.cpp:[m[K In member function ‘[01m[Kvoid Img_Proc_Id_Node::topic_callback(sensor_msgs::msg::Image_<std::allocator<void> >::SharedPtr) const[m[K’:
[01m[K/home/javierfr/Tesis_ws/V1/src/img_proc_pkg/src/img_proc_id_node.cpp:92:22:[m[K [01;35m[Kwarning: [m[Kcomparison of integer expressions of different signedness: ‘[01m[Kint[m[K’ and ‘[01m[Kstd::vector<std::vector<cv::Point_<int> > >::size_type[m[K’ {aka ‘[01m[Klong unsigned int[m[K’} [[01;35m[K-Wsign-compare[m[K]
   92 |       for (int i=1; [01;35m[Ki<red_contours.size()[m[K; i++)
      |                     [01;35m[K~^~~~~~~~~~~~~~~~~~~~[m[K
[01m[K/home/javierfr/Tesis_ws/V1/src/img_proc_pkg/src/img_proc_id_node.cpp:121:26:[m[K [01;35m[Kwarning: [m[Kcomparison of integer expressions of different signedness: ‘[01m[Kint[m[K’ and ‘[01m[Kstd::vector<std::vector<cv::Point_<int> > >::size_type[m[K’ {aka ‘[01m[Klong unsigned int[m[K’} [[01;35m[K-Wsign-compare[m[K]
  121 |         for (int ii=1; [01;35m[Kii<red_subcontours.size()[m[K; ii++)
      |                        [01;35m[K~~^~~~~~~~~~~~~~~~~~~~~~~[m[K
[01m[K/home/javierfr/Tesis_ws/V1/src/img_proc_pkg/src/img_proc_id_node.cpp:95:13:[m[K [01;35m[Kwarning: [m[Kvariable ‘[01m[KX[m[K’ set but not used [[01;35m[K-Wunused-but-set-variable[m[K]
   95 |         int [01;35m[KX[m[K, Y;
      |             [01;35m[K^[m[K
[01m[K/home/javierfr/Tesis_ws/V1/src/img_proc_pkg/src/img_proc_id_node.cpp:95:16:[m[K [01;35m[Kwarning: [m[Kvariable ‘[01m[KY[m[K’ set but not used [[01;35m[K-Wunused-but-set-variable[m[K]
   95 |         int X, [01;35m[KY[m[K;
      |                [01;35m[K^[m[K
[01m[K/home/javierfr/Tesis_ws/V1/src/img_proc_pkg/src/img_proc_id_node.cpp:116:13:[m[K [01;35m[Kwarning: [m[Kvariable ‘[01m[KXc[m[K’ set but not used [[01;35m[K-Wunused-but-set-variable[m[K]
  116 |         int [01;35m[KXc[m[K,Yc,Xt,Yt;  //Coordenadas para triangulo y cuadrado
      |             [01;35m[K^~[m[K
[01m[K/home/javierfr/Tesis_ws/V1/src/img_proc_pkg/src/img_proc_id_node.cpp:116:16:[m[K [01;35m[Kwarning: [m[Kvariable ‘[01m[KYc[m[K’ set but not used [[01;35m[K-Wunused-but-set-variable[m[K]
  116 |         int Xc,[01;35m[KYc[m[K,Xt,Yt;  //Coordenadas para triangulo y cuadrado
      |                [01;35m[K^~[m[K
[01m[K/home/javierfr/Tesis_ws/V1/src/img_proc_pkg/src/img_proc_id_node.cpp:116:19:[m[K [01;35m[Kwarning: [m[Kvariable ‘[01m[KXt[m[K’ set but not used [[01;35m[K-Wunused-but-set-variable[m[K]
  116 |         int Xc,Yc,[01;35m[KXt[m[K,Yt;  //Coordenadas para triangulo y cuadrado
      |                   [01;35m[K^~[m[K
[01m[K/home/javierfr/Tesis_ws/V1/src/img_proc_pkg/src/img_proc_id_node.cpp:116:22:[m[K [01;35m[Kwarning: [m[Kvariable ‘[01m[KYt[m[K’ set but not used [[01;35m[K-Wunused-but-set-variable[m[K]
  116 |         int Xc,Yc,Xt,[01;35m[KYt[m[K;  //Coordenadas para triangulo y cuadrado
      |                      [01;35m[K^~[m[K
[01m[K/home/javierfr/Tesis_ws/V1/src/img_proc_pkg/src/img_proc_id_node.cpp:163:19:[m[K [01;31m[Kerror: [m[K‘[01m[Kred_subcontours[m[K’ was not declared in this scope; did you mean ‘[01m[Kred_contours[m[K’?
  163 |       std::cout<< [01;31m[Kred_subcontours[m[K.size();
      |                   [01;31m[K^~~~~~~~~~~~~~~[m[K
      |                   [32m[Kred_contours[m[K
[01m[K/home/javierfr/Tesis_ws/V1/src/img_proc_pkg/src/img_proc_id_node.cpp:166:34:[m[K [01;31m[Kerror: [m[K‘[01m[Kimg_red_crop[m[K’ was not declared in this scope; did you mean ‘[01m[Kimg_red_bin[m[K’?
  166 |      cv::imshow("Display Image", [01;31m[Kimg_red_crop[m[K);
      |                                  [01;31m[K^~~~~~~~~~~~[m[K
      |                                  [32m[Kimg_red_bin[m[K
make[2]: *** [CMakeFiles/img_proc_id_node.dir/build.make:63: CMakeFiles/img_proc_id_node.dir/src/img_proc_id_node.cpp.o] Error 1
make[1]: *** [CMakeFiles/Makefile2:138: CMakeFiles/img_proc_id_node.dir/all] Error 2
make: *** [Makefile:141: all] Error 2
