[0.015s] Invoking command in '/home/javierfr/Tesis_ws/V1/build/img_proc_pkg': CMAKE_PREFIX_PATH=/opt/ros/foxy /usr/bin/cmake --build /home/javierfr/Tesis_ws/V1/build/img_proc_pkg -- -j12 -l12
[0.033s] -- Found ament_cmake: 0.9.8 (/opt/ros/foxy/share/ament_cmake/cmake)
[0.049s] -- Using PYTHON_EXECUTABLE: /usr/bin/python3
[0.191s] -- Found sensor_msgs: 2.0.3 (/opt/ros/foxy/share/sensor_msgs/cmake)
[0.208s] -- Using all available rosidl_typesupport_c: rosidl_typesupport_fastrtps_c;rosidl_typesupport_introspection_c
[0.210s] -- Found rosidl_adapter: 1.2.0 (/opt/ros/foxy/share/rosidl_adapter/cmake)
[0.306s] -- Using all available rosidl_typesupport_cpp: rosidl_typesupport_fastrtps_cpp;rosidl_typesupport_introspection_cpp
[0.453s] -- Found rclcpp: 2.3.0 (/opt/ros/foxy/share/rclcpp/cmake)
[0.756s] -- Found rmw_implementation_cmake: 1.0.2 (/opt/ros/foxy/share/rmw_implementation_cmake/cmake)
[0.768s] -- Using RMW implementation 'rmw_fastrtps_cpp' as default
[0.769s] -- Looking for pthread.h
[0.821s] -- Looking for pthread.h - found
[0.849s] -- Performing Test CMAKE_HAVE_LIBC_PTHREAD
[0.960s] -- Performing Test CMAKE_HAVE_LIBC_PTHREAD - Failed
[0.960s] -- Looking for pthread_create in pthreads
[1.001s] -- Looking for pthread_create in pthreads - not found
[1.001s] -- Looking for pthread_create in pthread
[1.051s] -- Looking for pthread_create in pthread - found
[1.051s] -- Found Threads: TRUE  
[1.530s] CMake Error at CMakeLists.txt:40 (add_executable):
[1.530s]   add_executable cannot create target "img_proc_node" because another target
[1.530s]   with the same name already exists.  The existing target is an executable
[1.530s]   created in source directory "/home/javierfr/Tesis_ws/V1/src/img_proc_pkg".
[1.530s]   See documentation for policy CMP0002 for more details.
[1.530s] 
[1.530s] 
[1.531s] CMake Error at CMakeLists.txt:53 (install):
[1.531s]   install TARGETS given target "img_publ_test_node" which does not exist.
[1.531s] 
[1.531s] 
[1.574s] -- Configuring incomplete, errors occurred!
[1.574s] See also "/home/javierfr/Tesis_ws/V1/build/img_proc_pkg/CMakeFiles/CMakeOutput.log".
[1.574s] See also "/home/javierfr/Tesis_ws/V1/build/img_proc_pkg/CMakeFiles/CMakeError.log".
[1.578s] make: *** [Makefile:266: cmake_check_build_system] Error 1
[1.581s] Invoked command in '/home/javierfr/Tesis_ws/V1/build/img_proc_pkg' returned '2': CMAKE_PREFIX_PATH=/opt/ros/foxy /usr/bin/cmake --build /home/javierfr/Tesis_ws/V1/build/img_proc_pkg -- -j12 -l12
