[35m[1mScanning dependencies of target meca_platform_plugin_test[0m
[ 50%] [32mBuilding CXX object CMakeFiles/meca_platform_plugin_test.dir/src/meca_platform_plugin_test.cpp.o[0m
/home/javierfr/Tesis_ws/V1/src/gazebo_plugin_sim/src/meca_platform_plugin_test.cpp: In member function ‘virtual void gazebo::MecaPlatformTestPlugin::Load(gazebo::physics::ModelPtr, sdf::v9::ElementPtr)’:
/home/javierfr/Tesis_ws/V1/src/gazebo_plugin_sim/src/meca_platform_plugin_test.cpp:54:31: warning: unused variable ‘qos’ [-Wunused-variable]
   54 |       const gazebo_ros::QoS & qos = this->ros_node_->get_qos();
      |                               ^~~
[100%] [32m[1mLinking CXX shared library libmeca_platform_plugin_test.so[0m
[100%] Built target meca_platform_plugin_test
-- Install configuration: ""
-- Up-to-date: /home/javierfr/Tesis_ws/V1/install/gazebo_plugins/share/gazebo_plugins/environment/library_path.sh
-- Up-to-date: /home/javierfr/Tesis_ws/V1/install/gazebo_plugins/share/gazebo_plugins/environment/library_path.dsv
-- Up-to-date: /home/javierfr/Tesis_ws/V1/install/gazebo_plugins/share/ament_index/resource_index/package_run_dependencies/gazebo_plugins
-- Up-to-date: /home/javierfr/Tesis_ws/V1/install/gazebo_plugins/share/ament_index/resource_index/parent_prefix_path/gazebo_plugins
-- Up-to-date: /home/javierfr/Tesis_ws/V1/install/gazebo_plugins/share/gazebo_plugins/environment/ament_prefix_path.sh
-- Up-to-date: /home/javierfr/Tesis_ws/V1/install/gazebo_plugins/share/gazebo_plugins/environment/ament_prefix_path.dsv
-- Up-to-date: /home/javierfr/Tesis_ws/V1/install/gazebo_plugins/share/gazebo_plugins/environment/path.sh
-- Up-to-date: /home/javierfr/Tesis_ws/V1/install/gazebo_plugins/share/gazebo_plugins/environment/path.dsv
-- Up-to-date: /home/javierfr/Tesis_ws/V1/install/gazebo_plugins/share/gazebo_plugins/local_setup.bash
-- Up-to-date: /home/javierfr/Tesis_ws/V1/install/gazebo_plugins/share/gazebo_plugins/local_setup.sh
-- Up-to-date: /home/javierfr/Tesis_ws/V1/install/gazebo_plugins/share/gazebo_plugins/local_setup.zsh
-- Up-to-date: /home/javierfr/Tesis_ws/V1/install/gazebo_plugins/share/gazebo_plugins/local_setup.dsv
-- Installing: /home/javierfr/Tesis_ws/V1/install/gazebo_plugins/share/gazebo_plugins/package.dsv
-- Up-to-date: /home/javierfr/Tesis_ws/V1/install/gazebo_plugins/share/ament_index/resource_index/packages/gazebo_plugins
-- Up-to-date: /home/javierfr/Tesis_ws/V1/install/gazebo_plugins/share/gazebo_plugins/cmake/ament_cmake_export_libraries-extras.cmake
-- Up-to-date: /home/javierfr/Tesis_ws/V1/install/gazebo_plugins/share/gazebo_plugins/cmake/ament_cmake_export_include_directories-extras.cmake
-- Up-to-date: /home/javierfr/Tesis_ws/V1/install/gazebo_plugins/share/gazebo_plugins/cmake/ament_cmake_export_dependencies-extras.cmake
-- Up-to-date: /home/javierfr/Tesis_ws/V1/install/gazebo_plugins/share/gazebo_plugins/cmake/gazebo_pluginsConfig.cmake
-- Up-to-date: /home/javierfr/Tesis_ws/V1/install/gazebo_plugins/share/gazebo_plugins/cmake/gazebo_pluginsConfig-version.cmake
-- Up-to-date: /home/javierfr/Tesis_ws/V1/install/gazebo_plugins/share/gazebo_plugins/package.xml
-- Up-to-date: /home/javierfr/Tesis_ws/V1/install/gazebo_plugins/include
-- Up-to-date: /home/javierfr/Tesis_ws/V1/install/gazebo_plugins/include/gazebo_plugin_sim
-- Up-to-date: /home/javierfr/Tesis_ws/V1/install/gazebo_plugins/include/gazebo_plugin_sim/platform_plugin_test.hpp
-- Installing: /home/javierfr/Tesis_ws/V1/install/gazebo_plugins/lib/libmeca_platform_plugin_test.so
-- Set runtime path of "/home/javierfr/Tesis_ws/V1/install/gazebo_plugins/lib/libmeca_platform_plugin_test.so" to ""
-- Up-to-date: /home/javierfr/Tesis_ws/V1/install/gazebo_plugins/share/gazebo_plugins//worlds
-- Up-to-date: /home/javierfr/Tesis_ws/V1/install/gazebo_plugins/share/gazebo_plugins//worlds/test_mecanum_platform.world
