[0.008s] Invoking command in '/home/javierfr/Tesis_ws/V1/build/inv_kinematics_pkg': CMAKE_PREFIX_PATH=/home/javierfr/Tesis_ws/V1/install/interfaces:/home/javierfr/Tesis_ws/V1/install/inv_kinematics_pkg:/home/javierfr/Tesis_ws/V1/install/img_proc_pkg:/home/javierfr/Tesis_ws/V1/install/gazebo_plugin_sim:/opt/ros/foxy LD_LIBRARY_PATH=/home/javierfr/Tesis_ws/V1/install/interfaces/lib:/home/javierfr/Tesis_ws/V1/install/gazebo_plugin_sim/lib:/opt/ros/foxy/opt/yaml_cpp_vendor/lib:/opt/ros/foxy/opt/rviz_ogre_vendor/lib:/opt/ros/foxy/lib/x86_64-linux-gnu:/opt/ros/foxy/lib:/usr/lib/x86_64-linux-gnu/gazebo-11/plugins:/usr/lib/x86_64-linux-gnu/gazebo-11/plugins /usr/bin/cmake --build /home/javierfr/Tesis_ws/V1/build/inv_kinematics_pkg -- -j12 -l12
[0.039s] [35m[1mScanning dependencies of target platform1_vel_server[0m
[0.059s] [ 50%] [32mBuilding CXX object CMakeFiles/platform1_vel_server.dir/src/platform1_vel_server.cpp.o[0m
[1.328s] /home/javierfr/Tesis_ws/V1/src/inv_kinematics_pkg/src/platform1_vel_server.cpp: In function ‘void send_vel(std::shared_ptr<interfaces::srv::PlatformVel_Request_<std::allocator<void> > >, std::shared_ptr<interfaces::srv::PlatformVel_Response_<std::allocator<void> > >)’:
[1.328s] /home/javierfr/Tesis_ws/V1/src/inv_kinematics_pkg/src/platform1_vel_server.cpp:54:6: error: ‘Platform1VelServer_node’ has not been declared
[1.328s]    54 |      Platform1VelServer_node::publisher_M1->publish(vel_M1);
[1.328s]       |      ^~~~~~~~~~~~~~~~~~~~~~~
[1.328s] /home/javierfr/Tesis_ws/V1/src/inv_kinematics_pkg/src/platform1_vel_server.cpp: In function ‘int main(int, char**)’:
[1.329s] /home/javierfr/Tesis_ws/V1/src/inv_kinematics_pkg/src/platform1_vel_server.cpp:66:3: error: expected primary-expression before ‘public’
[1.329s]    66 |   public: std::shared_ptr<rclcpp::Node> Platform1VelServer_node = rclcpp::Node::make_shared("platform1_vel_server");
[1.329s]       |   ^~~~~~
[1.329s] /home/javierfr/Tesis_ws/V1/src/inv_kinematics_pkg/src/platform1_vel_server.cpp:69:5: error: ‘Platform1VelServer_node’ was not declared in this scope
[1.329s]    69 |     Platform1VelServer_node->create_service<interfaces::srv::PlatformVel>("platform1_vel", &send_vel);
[1.329s]       |     ^~~~~~~~~~~~~~~~~~~~~~~
[1.329s] /home/javierfr/Tesis_ws/V1/src/inv_kinematics_pkg/src/platform1_vel_server.cpp:69:73: error: expected primary-expression before ‘>’ token
[1.329s]    69 |     Platform1VelServer_node->create_service<interfaces::srv::PlatformVel>("platform1_vel", &send_vel);
[1.329s]       |                                                                         ^
[1.329s] /home/javierfr/Tesis_ws/V1/src/inv_kinematics_pkg/src/platform1_vel_server.cpp:69:75: warning: left operand of comma operator has no effect [-Wunused-value]
[1.329s]    69 |     Platform1VelServer_node->create_service<interfaces::srv::PlatformVel>("platform1_vel", &send_vel);
[1.330s]       |                                                                           ^~~~~~~~~~~~~~~
[1.330s] /home/javierfr/Tesis_ws/V1/src/inv_kinematics_pkg/src/platform1_vel_server.cpp:72:31: error: expected primary-expression before ‘>’ token
[1.330s]    72 |    geometry_msgs::msg::Vector3>("/robot_platform_1/vel_M1",1);
[1.330s]       |                               ^
[1.330s] /home/javierfr/Tesis_ws/V1/src/inv_kinematics_pkg/src/platform1_vel_server.cpp:72:33: warning: left operand of comma operator has no effect [-Wunused-value]
[1.330s]    72 |    geometry_msgs::msg::Vector3>("/robot_platform_1/vel_M1",1);
[1.330s]       |                                 ^~~~~~~~~~~~~~~~~~~~~~~~~~
[1.330s] make[2]: *** [CMakeFiles/platform1_vel_server.dir/build.make:63: CMakeFiles/platform1_vel_server.dir/src/platform1_vel_server.cpp.o] Error 1
[1.330s] make[1]: *** [CMakeFiles/Makefile2:78: CMakeFiles/platform1_vel_server.dir/all] Error 2
[1.330s] make: *** [Makefile:141: all] Error 2
[1.331s] Invoked command in '/home/javierfr/Tesis_ws/V1/build/inv_kinematics_pkg' returned '2': CMAKE_PREFIX_PATH=/home/javierfr/Tesis_ws/V1/install/interfaces:/home/javierfr/Tesis_ws/V1/install/inv_kinematics_pkg:/home/javierfr/Tesis_ws/V1/install/img_proc_pkg:/home/javierfr/Tesis_ws/V1/install/gazebo_plugin_sim:/opt/ros/foxy LD_LIBRARY_PATH=/home/javierfr/Tesis_ws/V1/install/interfaces/lib:/home/javierfr/Tesis_ws/V1/install/gazebo_plugin_sim/lib:/opt/ros/foxy/opt/yaml_cpp_vendor/lib:/opt/ros/foxy/opt/rviz_ogre_vendor/lib:/opt/ros/foxy/lib/x86_64-linux-gnu:/opt/ros/foxy/lib:/usr/lib/x86_64-linux-gnu/gazebo-11/plugins:/usr/lib/x86_64-linux-gnu/gazebo-11/plugins /usr/bin/cmake --build /home/javierfr/Tesis_ws/V1/build/inv_kinematics_pkg -- -j12 -l12
