-- The C compiler identification is GNU 9.4.0
-- The CXX compiler identification is GNU 9.4.0
-- Check for working C compiler: /usr/bin/cc
-- Check for working C compiler: /usr/bin/cc -- works
-- Detecting C compiler ABI info
-- Detecting C compiler ABI info - done
-- Detecting C compile features
-- Detecting C compile features - done
-- Check for working CXX compiler: /usr/bin/c++
-- Check for working CXX compiler: /usr/bin/c++ -- works
-- Detecting CXX compiler ABI info
-- Detecting CXX compiler ABI info - done
-- Detecting CXX compile features
-- Detecting CXX compile features - done
-- Found ament_cmake: 0.9.9 (/opt/ros/foxy/share/ament_cmake/cmake)
-- Found PythonInterp: /usr/bin/python3 (found suitable version "3.8.10", minimum required is "3") 
-- Using PYTHON_EXECUTABLE: /usr/bin/python3
-- Found rclcpp: 2.4.1 (/opt/ros/foxy/share/rclcpp/cmake)
-- Using all available rosidl_typesupport_c: rosidl_typesupport_fastrtps_c;rosidl_typesupport_introspection_c
-- Found rosidl_adapter: 1.2.1 (/opt/ros/foxy/share/rosidl_adapter/cmake)
-- Found OpenSSL: /usr/lib/x86_64-linux-gnu/libcrypto.so (found version "1.1.1f")  
-- Found FastRTPS: /opt/ros/foxy/include  
-- Using all available rosidl_typesupport_cpp: rosidl_typesupport_fastrtps_cpp;rosidl_typesupport_introspection_cpp
-- Found rmw_implementation_cmake: 1.0.3 (/opt/ros/foxy/share/rmw_implementation_cmake/cmake)
-- Using RMW implementation 'rmw_fastrtps_cpp' as default
-- Looking for pthread.h
-- Looking for pthread.h - found
-- Performing Test CMAKE_HAVE_LIBC_PTHREAD
-- Performing Test CMAKE_HAVE_LIBC_PTHREAD - Failed
-- Looking for pthread_create in pthreads
-- Looking for pthread_create in pthreads - not found
-- Looking for pthread_create in pthread
-- Looking for pthread_create in pthread - found
-- Found Threads: TRUE  
-- Found interfaces: 0.0.0 (/home/javierfr/Robotics_Cyber_Physical_LAB/install/interfaces/share/interfaces/cmake)
-- Configuring done
-- Generating done
-- Build files have been written to: /home/javierfr/Robotics_Cyber_Physical_LAB/build/control_pkg
[35m[1mScanning dependencies of target control_pid_r2_node[0m
[35m[1mScanning dependencies of target control_pid_p2_node[0m
[35m[1mScanning dependencies of target control_pid_r1_node[0m
[35m[1mScanning dependencies of target control_pid_p1_node[0m
[ 12%] [32mBuilding CXX object CMakeFiles/control_pid_r2_node.dir/src/control_pid_r2_node.cpp.o[0m
[ 25%] [32mBuilding CXX object CMakeFiles/control_pid_p2_node.dir/src/control_pid_p2_node.cpp.o[0m
[ 37%] [32mBuilding CXX object CMakeFiles/control_pid_r1_node.dir/src/control_pid_r1_node.cpp.o[0m
[ 50%] [32mBuilding CXX object CMakeFiles/control_pid_p1_node.dir/src/control_pid_p1_node.cpp.o[0m
[ 62%] [32m[1mLinking CXX executable control_pid_p1_node[0m
[ 75%] [32m[1mLinking CXX executable control_pid_p2_node[0m
[ 75%] Built target control_pid_p1_node
[ 75%] Built target control_pid_p2_node
[ 87%] [32m[1mLinking CXX executable control_pid_r2_node[0m
[100%] [32m[1mLinking CXX executable control_pid_r1_node[0m
[100%] Built target control_pid_r2_node
[100%] Built target control_pid_r1_node
-- Install configuration: ""
-- Installing: /home/javierfr/Robotics_Cyber_Physical_LAB/install/control_pkg/lib/control_pkg/control_pid_p1_node
-- Set runtime path of "/home/javierfr/Robotics_Cyber_Physical_LAB/install/control_pkg/lib/control_pkg/control_pid_p1_node" to ""
-- Installing: /home/javierfr/Robotics_Cyber_Physical_LAB/install/control_pkg/lib/control_pkg/control_pid_p2_node
-- Set runtime path of "/home/javierfr/Robotics_Cyber_Physical_LAB/install/control_pkg/lib/control_pkg/control_pid_p2_node" to ""
-- Installing: /home/javierfr/Robotics_Cyber_Physical_LAB/install/control_pkg/lib/control_pkg/control_pid_r1_node
-- Set runtime path of "/home/javierfr/Robotics_Cyber_Physical_LAB/install/control_pkg/lib/control_pkg/control_pid_r1_node" to ""
-- Installing: /home/javierfr/Robotics_Cyber_Physical_LAB/install/control_pkg/lib/control_pkg/control_pid_r2_node
-- Set runtime path of "/home/javierfr/Robotics_Cyber_Physical_LAB/install/control_pkg/lib/control_pkg/control_pid_r2_node" to ""
-- Installing: /home/javierfr/Robotics_Cyber_Physical_LAB/install/control_pkg/share/ament_index/resource_index/package_run_dependencies/control_pkg
-- Installing: /home/javierfr/Robotics_Cyber_Physical_LAB/install/control_pkg/share/ament_index/resource_index/parent_prefix_path/control_pkg
-- Installing: /home/javierfr/Robotics_Cyber_Physical_LAB/install/control_pkg/share/control_pkg/environment/ament_prefix_path.sh
-- Installing: /home/javierfr/Robotics_Cyber_Physical_LAB/install/control_pkg/share/control_pkg/environment/ament_prefix_path.dsv
-- Installing: /home/javierfr/Robotics_Cyber_Physical_LAB/install/control_pkg/share/control_pkg/environment/path.sh
-- Installing: /home/javierfr/Robotics_Cyber_Physical_LAB/install/control_pkg/share/control_pkg/environment/path.dsv
-- Installing: /home/javierfr/Robotics_Cyber_Physical_LAB/install/control_pkg/share/control_pkg/local_setup.bash
-- Installing: /home/javierfr/Robotics_Cyber_Physical_LAB/install/control_pkg/share/control_pkg/local_setup.sh
-- Installing: /home/javierfr/Robotics_Cyber_Physical_LAB/install/control_pkg/share/control_pkg/local_setup.zsh
-- Installing: /home/javierfr/Robotics_Cyber_Physical_LAB/install/control_pkg/share/control_pkg/local_setup.dsv
-- Installing: /home/javierfr/Robotics_Cyber_Physical_LAB/install/control_pkg/share/control_pkg/package.dsv
-- Installing: /home/javierfr/Robotics_Cyber_Physical_LAB/install/control_pkg/share/ament_index/resource_index/packages/control_pkg
-- Installing: /home/javierfr/Robotics_Cyber_Physical_LAB/install/control_pkg/share/control_pkg/cmake/control_pkgConfig.cmake
-- Installing: /home/javierfr/Robotics_Cyber_Physical_LAB/install/control_pkg/share/control_pkg/cmake/control_pkgConfig-version.cmake
-- Installing: /home/javierfr/Robotics_Cyber_Physical_LAB/install/control_pkg/share/control_pkg/package.xml
