[0.016s] Invoking command in '/home/javierfr/Tesis_ws/V1/build/interfaces': CMAKE_PREFIX_PATH=${CMAKE_PREFIX_PATH}:/opt/ros/foxy /usr/bin/cmake --build /home/javierfr/Tesis_ws/V1/build/interfaces -- -j12 -l12
[0.037s] -- Found ament_cmake: 0.9.8 (/opt/ros/foxy/share/ament_cmake/cmake)
[0.054s] -- Found PythonInterp: /usr/bin/python3 (found suitable version "3.8.5", minimum required is "3") 
[0.054s] -- Using PYTHON_EXECUTABLE: /usr/bin/python3
[0.195s] -- Found rosidl_default_generators: 1.0.1 (/opt/ros/foxy/share/rosidl_default_generators/cmake)
[0.196s] -- Using all available rosidl_typesupport_c: rosidl_typesupport_fastrtps_c;rosidl_typesupport_introspection_c
[0.199s] -- Found rosidl_adapter: 1.2.1 (/opt/ros/foxy/share/rosidl_adapter/cmake)
[0.308s] -- Using all available rosidl_typesupport_cpp: rosidl_typesupport_fastrtps_cpp;rosidl_typesupport_introspection_cpp
[0.342s] -- Found PythonInterp: /usr/bin/python3 (found version "3.8.5") 
[0.429s] -- Found ament_cmake_ros: 0.9.1 (/opt/ros/foxy/share/ament_cmake_ros/cmake)
[0.503s] -- Using all available rosidl_typesupport_c: rosidl_typesupport_fastrtps_c;rosidl_typesupport_introspection_c
[0.508s] -- Using all available rosidl_typesupport_cpp: rosidl_typesupport_fastrtps_cpp;rosidl_typesupport_introspection_cpp
[0.525s] -- Found PythonInterp: /usr/bin/python3 (found suitable version "3.8.5", minimum required is "3.5") 
[0.525s] -- Found python_cmake_module: 0.8.1 (/opt/ros/foxy/share/python_cmake_module/cmake)
[0.542s] -- Using PYTHON_EXECUTABLE: /usr/bin/python3
[0.542s] -- Using PYTHON_INCLUDE_DIRS: /usr/include/python3.8
[0.542s] -- Using PYTHON_LIBRARIES: /usr/lib/x86_64-linux-gnu/libpython3.8.so
[0.557s] -- Configuring done
[0.578s] -- Generating done
[0.580s] -- Build files have been written to: /home/javierfr/Tesis_ws/V1/build/interfaces
[0.599s] [  3%] [34m[1mGenerating C code for ROS interfaces[0m
[0.607s] [  6%] [34m[1mGenerating C++ code for ROS interfaces[0m
[0.780s] [35m[1mScanning dependencies of target interfaces__rosidl_generator_c[0m
[0.787s] [  6%] Built target interfaces__cpp
[0.788s] [  9%] [32mBuilding C object CMakeFiles/interfaces__rosidl_generator_c.dir/rosidl_generator_c/interfaces/srv/detail/platform1_vel__functions.c.o[0m
[0.795s] [ 19%] [34m[1mGenerating C++ type support for eProsima Fast-RTPS[0m
[0.795s] [ 19%] [34m[1mGenerating C++ introspection for ROS interfaces[0m
[0.795s] [ 19%] [34m[1mGenerating C++ type support dispatch for ROS interfaces[0m
[0.821s] [ 22%] [32m[1mLinking C shared library libinterfaces__rosidl_generator_c.so[0m
[0.849s] [ 22%] Built target interfaces__rosidl_generator_c
[0.857s] [ 29%] [34m[1mGenerating C introspection for ROS interfaces[0m
[0.857s] [ 29%] [34m[1mGenerating C type support dispatch for ROS interfaces[0m
[0.951s] [35m[1mScanning dependencies of target interfaces__rosidl_typesupport_cpp[0m
[0.960s] [ 32%] [32mBuilding CXX object CMakeFiles/interfaces__rosidl_typesupport_cpp.dir/rosidl_typesupport_cpp/interfaces/srv/platform1_vel__type_support.cpp.o[0m
[0.967s] [35m[1mScanning dependencies of target interfaces__rosidl_typesupport_introspection_cpp[0m
[0.977s] [ 35%] [32mBuilding CXX object CMakeFiles/interfaces__rosidl_typesupport_introspection_cpp.dir/rosidl_typesupport_introspection_cpp/interfaces/srv/detail/platform1_vel__type_support.cpp.o[0m
[0.990s] [35m[1mScanning dependencies of target interfaces__rosidl_typesupport_fastrtps_cpp[0m
[1.001s] [ 38%] [32mBuilding CXX object CMakeFiles/interfaces__rosidl_typesupport_fastrtps_cpp.dir/rosidl_typesupport_fastrtps_cpp/interfaces/srv/detail/dds_fastrtps/platform1_vel__type_support.cpp.o[0m
[1.011s] [35m[1mScanning dependencies of target interfaces__rosidl_typesupport_c[0m
[1.021s] [ 41%] [32mBuilding CXX object CMakeFiles/interfaces__rosidl_typesupport_c.dir/rosidl_typesupport_c/interfaces/srv/platform1_vel__type_support.cpp.o[0m
[1.035s] [35m[1mScanning dependencies of target interfaces__rosidl_typesupport_introspection_c[0m
[1.045s] [ 45%] [32mBuilding C object CMakeFiles/interfaces__rosidl_typesupport_introspection_c.dir/rosidl_typesupport_introspection_c/interfaces/srv/detail/platform1_vel__type_support.c.o[0m
[1.046s] [ 48%] [32m[1mLinking CXX shared library libinterfaces__rosidl_typesupport_c.so[0m
[1.072s] [ 51%] [32m[1mLinking C shared library libinterfaces__rosidl_typesupport_introspection_c.so[0m
[1.080s] [ 51%] Built target interfaces__rosidl_typesupport_c
[1.096s] [ 51%] Built target interfaces__rosidl_typesupport_introspection_c
[1.176s] [ 54%] [32m[1mLinking CXX shared library libinterfaces__rosidl_typesupport_cpp.so[0m
[1.195s] [ 58%] [32m[1mLinking CXX shared library libinterfaces__rosidl_typesupport_introspection_cpp.so[0m
[1.208s] [ 58%] Built target interfaces__rosidl_typesupport_cpp
[1.226s] [ 58%] Built target interfaces__rosidl_typesupport_introspection_cpp
[1.323s] [ 61%] [32m[1mLinking CXX shared library libinterfaces__rosidl_typesupport_fastrtps_cpp.so[0m
[1.383s] [ 61%] Built target interfaces__rosidl_typesupport_fastrtps_cpp
[1.391s] [ 64%] [34m[1mGenerating C type support for eProsima Fast-RTPS[0m
[1.563s] [35m[1mScanning dependencies of target interfaces__rosidl_typesupport_fastrtps_c[0m
[1.573s] [ 67%] [32mBuilding CXX object CMakeFiles/interfaces__rosidl_typesupport_fastrtps_c.dir/rosidl_typesupport_fastrtps_c/interfaces/srv/detail/platform1_vel__type_support_c.cpp.o[0m
[1.832s] [ 70%] [32m[1mLinking CXX shared library libinterfaces__rosidl_typesupport_fastrtps_c.so[0m
[1.892s] [ 70%] Built target interfaces__rosidl_typesupport_fastrtps_c
[1.907s] [ 70%] Built target interfaces
[1.922s] [ 74%] [34m[1mGenerating Python code for ROS interfaces[0m
[2.250s] [ 74%] Built target interfaces__py
[2.258s] [35m[1mScanning dependencies of target interfaces__python[0m
[2.269s] [ 77%] [32mBuilding C object CMakeFiles/interfaces__python.dir/rosidl_generator_py/interfaces/srv/_platform1_vel_s.c.o[0m
[2.335s] [ 80%] [32m[1mLinking C shared library rosidl_generator_py/interfaces/libinterfaces__python.so[0m
[2.364s] [ 80%] Built target interfaces__python
[2.373s] [35m[1mScanning dependencies of target interfaces__rosidl_typesupport_introspection_c__pyext[0m
[2.373s] [35m[1mScanning dependencies of target interfaces__rosidl_typesupport_c__pyext[0m
[2.373s] [35m[1mScanning dependencies of target interfaces__rosidl_typesupport_fastrtps_c__pyext[0m
[2.384s] [ 90%] [32mBuilding C object CMakeFiles/interfaces__rosidl_typesupport_introspection_c__pyext.dir/rosidl_generator_py/interfaces/_interfaces_s.ep.rosidl_typesupport_introspection_c.c.o[0m
[2.385s] [ 90%] [32mBuilding C object CMakeFiles/interfaces__rosidl_typesupport_fastrtps_c__pyext.dir/rosidl_generator_py/interfaces/_interfaces_s.ep.rosidl_typesupport_fastrtps_c.c.o[0m
[2.385s] [ 90%] [32mBuilding C object CMakeFiles/interfaces__rosidl_typesupport_c__pyext.dir/rosidl_generator_py/interfaces/_interfaces_s.ep.rosidl_typesupport_c.c.o[0m
[2.446s] [100%] [32m[1mLinking C shared library rosidl_generator_py/interfaces/interfaces_s__rosidl_typesupport_c.cpython-38-x86_64-linux-gnu.so[0m
[2.446s] [100%] [32m[1mLinking C shared library rosidl_generator_py/interfaces/interfaces_s__rosidl_typesupport_introspection_c.cpython-38-x86_64-linux-gnu.so[0m
[2.446s] [100%] [32m[1mLinking CXX shared library rosidl_generator_py/interfaces/interfaces_s__rosidl_typesupport_fastrtps_c.cpython-38-x86_64-linux-gnu.so[0m
[2.472s] [100%] Built target interfaces__rosidl_typesupport_c__pyext
[2.472s] [100%] Built target interfaces__rosidl_typesupport_introspection_c__pyext
[2.494s] [100%] Built target interfaces__rosidl_typesupport_fastrtps_c__pyext
[2.503s] Invoked command in '/home/javierfr/Tesis_ws/V1/build/interfaces' returned '0': CMAKE_PREFIX_PATH=${CMAKE_PREFIX_PATH}:/opt/ros/foxy /usr/bin/cmake --build /home/javierfr/Tesis_ws/V1/build/interfaces -- -j12 -l12
[2.538s] Invoking command in '/home/javierfr/Tesis_ws/V1/build/interfaces': CMAKE_PREFIX_PATH=${CMAKE_PREFIX_PATH}:/opt/ros/foxy /usr/bin/cmake --install /home/javierfr/Tesis_ws/V1/build/interfaces
[2.544s] -- Install configuration: ""
[2.545s] -- Up-to-date: /home/javierfr/Tesis_ws/V1/install/interfaces/share/ament_index/resource_index/rosidl_interfaces/interfaces
[2.545s] -- Up-to-date: /home/javierfr/Tesis_ws/V1/install/interfaces/include/interfaces
[2.545s] -- Up-to-date: /home/javierfr/Tesis_ws/V1/install/interfaces/include/interfaces/srv
[2.545s] -- Up-to-date: /home/javierfr/Tesis_ws/V1/install/interfaces/include/interfaces/srv/detail
[2.545s] -- Installing: /home/javierfr/Tesis_ws/V1/install/interfaces/include/interfaces/srv/detail/platform1_vel__functions.c
[2.545s] -- Installing: /home/javierfr/Tesis_ws/V1/install/interfaces/include/interfaces/srv/detail/platform1_vel__functions.h
[2.545s] -- Installing: /home/javierfr/Tesis_ws/V1/install/interfaces/include/interfaces/srv/detail/platform1_vel__struct.h
[2.545s] -- Installing: /home/javierfr/Tesis_ws/V1/install/interfaces/include/interfaces/srv/detail/platform1_vel__type_support.h
[2.545s] -- Installing: /home/javierfr/Tesis_ws/V1/install/interfaces/include/interfaces/srv/platform1_vel.h
[2.545s] -- Up-to-date: /home/javierfr/Tesis_ws/V1/install/interfaces/include/interfaces/msg
[2.545s] -- Up-to-date: /home/javierfr/Tesis_ws/V1/install/interfaces/include/interfaces/msg/rosidl_generator_c__visibility_control.h
[2.546s] -- Up-to-date: /home/javierfr/Tesis_ws/V1/install/interfaces/share/interfaces/environment/library_path.sh
[2.546s] -- Installing: /home/javierfr/Tesis_ws/V1/install/interfaces/share/interfaces/environment/library_path.dsv
[2.546s] -- Installing: /home/javierfr/Tesis_ws/V1/install/interfaces/lib/libinterfaces__rosidl_generator_c.so
[2.546s] -- Set runtime path of "/home/javierfr/Tesis_ws/V1/install/interfaces/lib/libinterfaces__rosidl_generator_c.so" to ""
[2.546s] -- Up-to-date: /home/javierfr/Tesis_ws/V1/install/interfaces/include/interfaces
[2.546s] -- Up-to-date: /home/javierfr/Tesis_ws/V1/install/interfaces/include/interfaces/srv
[2.546s] -- Up-to-date: /home/javierfr/Tesis_ws/V1/install/interfaces/include/interfaces/srv/detail
[2.546s] -- Installing: /home/javierfr/Tesis_ws/V1/install/interfaces/include/interfaces/srv/detail/platform1_vel__rosidl_typesupport_fastrtps_c.h
[2.546s] -- Up-to-date: /home/javierfr/Tesis_ws/V1/install/interfaces/include/interfaces/msg
[2.546s] -- Up-to-date: /home/javierfr/Tesis_ws/V1/install/interfaces/include/interfaces/msg/rosidl_typesupport_fastrtps_c__visibility_control.h
[2.546s] -- Installing: /home/javierfr/Tesis_ws/V1/install/interfaces/lib/libinterfaces__rosidl_typesupport_fastrtps_c.so
[2.546s] -- Set runtime path of "/home/javierfr/Tesis_ws/V1/install/interfaces/lib/libinterfaces__rosidl_typesupport_fastrtps_c.so" to ""
[2.547s] -- Up-to-date: /home/javierfr/Tesis_ws/V1/install/interfaces/include/interfaces
[2.547s] -- Up-to-date: /home/javierfr/Tesis_ws/V1/install/interfaces/include/interfaces/srv
[2.547s] -- Up-to-date: /home/javierfr/Tesis_ws/V1/install/interfaces/include/interfaces/srv/detail
[2.547s] -- Up-to-date: /home/javierfr/Tesis_ws/V1/install/interfaces/include/interfaces/srv/detail/dds_fastrtps
[2.547s] -- Installing: /home/javierfr/Tesis_ws/V1/install/interfaces/include/interfaces/srv/detail/platform1_vel__rosidl_typesupport_fastrtps_cpp.hpp
[2.547s] -- Up-to-date: /home/javierfr/Tesis_ws/V1/install/interfaces/include/interfaces/msg
[2.547s] -- Up-to-date: /home/javierfr/Tesis_ws/V1/install/interfaces/include/interfaces/msg/rosidl_typesupport_fastrtps_cpp__visibility_control.h
[2.547s] -- Installing: /home/javierfr/Tesis_ws/V1/install/interfaces/lib/libinterfaces__rosidl_typesupport_fastrtps_cpp.so
[2.547s] -- Set runtime path of "/home/javierfr/Tesis_ws/V1/install/interfaces/lib/libinterfaces__rosidl_typesupport_fastrtps_cpp.so" to ""
[2.547s] -- Up-to-date: /home/javierfr/Tesis_ws/V1/install/interfaces/include/interfaces
[2.547s] -- Up-to-date: /home/javierfr/Tesis_ws/V1/install/interfaces/include/interfaces/srv
[2.547s] -- Up-to-date: /home/javierfr/Tesis_ws/V1/install/interfaces/include/interfaces/srv/detail
[2.547s] -- Installing: /home/javierfr/Tesis_ws/V1/install/interfaces/include/interfaces/srv/detail/platform1_vel__type_support.c
[2.548s] -- Installing: /home/javierfr/Tesis_ws/V1/install/interfaces/include/interfaces/srv/detail/platform1_vel__rosidl_typesupport_introspection_c.h
[2.548s] -- Up-to-date: /home/javierfr/Tesis_ws/V1/install/interfaces/include/interfaces/msg
[2.548s] -- Up-to-date: /home/javierfr/Tesis_ws/V1/install/interfaces/include/interfaces/msg/rosidl_typesupport_introspection_c__visibility_control.h
[2.548s] -- Installing: /home/javierfr/Tesis_ws/V1/install/interfaces/lib/libinterfaces__rosidl_typesupport_introspection_c.so
[2.548s] -- Set runtime path of "/home/javierfr/Tesis_ws/V1/install/interfaces/lib/libinterfaces__rosidl_typesupport_introspection_c.so" to ""
[2.548s] -- Installing: /home/javierfr/Tesis_ws/V1/install/interfaces/lib/libinterfaces__rosidl_typesupport_c.so
[2.548s] -- Set runtime path of "/home/javierfr/Tesis_ws/V1/install/interfaces/lib/libinterfaces__rosidl_typesupport_c.so" to ""
[2.548s] -- Up-to-date: /home/javierfr/Tesis_ws/V1/install/interfaces/include/interfaces
[2.548s] -- Up-to-date: /home/javierfr/Tesis_ws/V1/install/interfaces/include/interfaces/srv
[2.549s] -- Up-to-date: /home/javierfr/Tesis_ws/V1/install/interfaces/include/interfaces/srv/detail
[2.549s] -- Installing: /home/javierfr/Tesis_ws/V1/install/interfaces/include/interfaces/srv/detail/platform1_vel__builder.hpp
[2.549s] -- Installing: /home/javierfr/Tesis_ws/V1/install/interfaces/include/interfaces/srv/detail/platform1_vel__traits.hpp
[2.549s] -- Installing: /home/javierfr/Tesis_ws/V1/install/interfaces/include/interfaces/srv/detail/platform1_vel__struct.hpp
[2.549s] -- Installing: /home/javierfr/Tesis_ws/V1/install/interfaces/include/interfaces/srv/platform1_vel.hpp
[2.549s] -- Up-to-date: /home/javierfr/Tesis_ws/V1/install/interfaces/include/interfaces
[2.549s] -- Up-to-date: /home/javierfr/Tesis_ws/V1/install/interfaces/include/interfaces/srv
[2.549s] -- Up-to-date: /home/javierfr/Tesis_ws/V1/install/interfaces/include/interfaces/srv/detail
[2.549s] -- Installing: /home/javierfr/Tesis_ws/V1/install/interfaces/include/interfaces/srv/detail/platform1_vel__rosidl_typesupport_introspection_cpp.hpp
[2.549s] -- Installing: /home/javierfr/Tesis_ws/V1/install/interfaces/include/interfaces/srv/detail/platform1_vel__type_support.cpp
[2.549s] -- Installing: /home/javierfr/Tesis_ws/V1/install/interfaces/lib/libinterfaces__rosidl_typesupport_introspection_cpp.so
[2.549s] -- Set runtime path of "/home/javierfr/Tesis_ws/V1/install/interfaces/lib/libinterfaces__rosidl_typesupport_introspection_cpp.so" to ""
[2.550s] -- Installing: /home/javierfr/Tesis_ws/V1/install/interfaces/lib/libinterfaces__rosidl_typesupport_cpp.so
[2.550s] -- Set runtime path of "/home/javierfr/Tesis_ws/V1/install/interfaces/lib/libinterfaces__rosidl_typesupport_cpp.so" to ""
[2.550s] -- Up-to-date: /home/javierfr/Tesis_ws/V1/install/interfaces/share/interfaces/environment/pythonpath.sh
[2.550s] -- Installing: /home/javierfr/Tesis_ws/V1/install/interfaces/share/interfaces/environment/pythonpath.dsv
[2.550s] -- Installing: /home/javierfr/Tesis_ws/V1/install/interfaces/lib/python3.8/site-packages/interfaces/__init__.py
[2.572s] Compiling '/home/javierfr/Tesis_ws/V1/install/interfaces/lib/python3.8/site-packages/interfaces/__init__.py'...
[2.575s] -- Up-to-date: /home/javierfr/Tesis_ws/V1/install/interfaces/lib/python3.8/site-packages/interfaces/srv
[2.575s] -- Installing: /home/javierfr/Tesis_ws/V1/install/interfaces/lib/python3.8/site-packages/interfaces/srv/__init__.py
[2.575s] -- Installing: /home/javierfr/Tesis_ws/V1/install/interfaces/lib/python3.8/site-packages/interfaces/srv/_platform1_vel_s.c
[2.575s] -- Installing: /home/javierfr/Tesis_ws/V1/install/interfaces/lib/python3.8/site-packages/interfaces/srv/_platform1_vel.py
[2.575s] -- Installing: /home/javierfr/Tesis_ws/V1/install/interfaces/lib/python3.8/site-packages/interfaces/interfaces_s__rosidl_typesupport_fastrtps_c.cpython-38-x86_64-linux-gnu.so
[2.576s] -- Set runtime path of "/home/javierfr/Tesis_ws/V1/install/interfaces/lib/python3.8/site-packages/interfaces/interfaces_s__rosidl_typesupport_fastrtps_c.cpython-38-x86_64-linux-gnu.so" to ""
[2.576s] -- Installing: /home/javierfr/Tesis_ws/V1/install/interfaces/lib/python3.8/site-packages/interfaces/interfaces_s__rosidl_typesupport_introspection_c.cpython-38-x86_64-linux-gnu.so
[2.576s] -- Set runtime path of "/home/javierfr/Tesis_ws/V1/install/interfaces/lib/python3.8/site-packages/interfaces/interfaces_s__rosidl_typesupport_introspection_c.cpython-38-x86_64-linux-gnu.so" to ""
[2.577s] -- Installing: /home/javierfr/Tesis_ws/V1/install/interfaces/lib/python3.8/site-packages/interfaces/interfaces_s__rosidl_typesupport_c.cpython-38-x86_64-linux-gnu.so
[2.577s] -- Set runtime path of "/home/javierfr/Tesis_ws/V1/install/interfaces/lib/python3.8/site-packages/interfaces/interfaces_s__rosidl_typesupport_c.cpython-38-x86_64-linux-gnu.so" to ""
[2.577s] -- Installing: /home/javierfr/Tesis_ws/V1/install/interfaces/lib/libinterfaces__python.so
[2.578s] -- Set runtime path of "/home/javierfr/Tesis_ws/V1/install/interfaces/lib/libinterfaces__python.so" to ""
[2.578s] -- Installing: /home/javierfr/Tesis_ws/V1/install/interfaces/share/interfaces/srv/Platform1Vel.idl
[2.578s] -- Installing: /home/javierfr/Tesis_ws/V1/install/interfaces/share/interfaces/srv/Platform1Vel.srv
[2.578s] -- Up-to-date: /home/javierfr/Tesis_ws/V1/install/interfaces/share/interfaces/srv/Platform1Vel_Request.msg
[2.578s] -- Installing: /home/javierfr/Tesis_ws/V1/install/interfaces/share/interfaces/srv/Platform1Vel_Response.msg
[2.578s] -- Up-to-date: /home/javierfr/Tesis_ws/V1/install/interfaces/share/ament_index/resource_index/package_run_dependencies/interfaces
[2.578s] -- Up-to-date: /home/javierfr/Tesis_ws/V1/install/interfaces/share/ament_index/resource_index/parent_prefix_path/interfaces
[2.578s] -- Up-to-date: /home/javierfr/Tesis_ws/V1/install/interfaces/share/interfaces/environment/ament_prefix_path.sh
[2.578s] -- Installing: /home/javierfr/Tesis_ws/V1/install/interfaces/share/interfaces/environment/ament_prefix_path.dsv
[2.578s] -- Up-to-date: /home/javierfr/Tesis_ws/V1/install/interfaces/share/interfaces/environment/path.sh
[2.578s] -- Installing: /home/javierfr/Tesis_ws/V1/install/interfaces/share/interfaces/environment/path.dsv
[2.579s] -- Up-to-date: /home/javierfr/Tesis_ws/V1/install/interfaces/share/interfaces/local_setup.bash
[2.579s] -- Up-to-date: /home/javierfr/Tesis_ws/V1/install/interfaces/share/interfaces/local_setup.sh
[2.579s] -- Up-to-date: /home/javierfr/Tesis_ws/V1/install/interfaces/share/interfaces/local_setup.zsh
[2.579s] -- Installing: /home/javierfr/Tesis_ws/V1/install/interfaces/share/interfaces/local_setup.dsv
[2.579s] -- Installing: /home/javierfr/Tesis_ws/V1/install/interfaces/share/interfaces/package.dsv
[2.579s] -- Up-to-date: /home/javierfr/Tesis_ws/V1/install/interfaces/share/ament_index/resource_index/packages/interfaces
[2.579s] -- Up-to-date: /home/javierfr/Tesis_ws/V1/install/interfaces/share/interfaces/cmake/interfaces__rosidl_generator_cExport.cmake
[2.579s] -- Installing: /home/javierfr/Tesis_ws/V1/install/interfaces/share/interfaces/cmake/interfaces__rosidl_generator_cExport-noconfig.cmake
[2.579s] -- Up-to-date: /home/javierfr/Tesis_ws/V1/install/interfaces/share/interfaces/cmake/interfaces__rosidl_typesupport_introspection_cExport.cmake
[2.579s] -- Installing: /home/javierfr/Tesis_ws/V1/install/interfaces/share/interfaces/cmake/interfaces__rosidl_typesupport_introspection_cExport-noconfig.cmake
[2.579s] -- Up-to-date: /home/javierfr/Tesis_ws/V1/install/interfaces/share/interfaces/cmake/interfaces__rosidl_typesupport_cExport.cmake
[2.579s] -- Installing: /home/javierfr/Tesis_ws/V1/install/interfaces/share/interfaces/cmake/interfaces__rosidl_typesupport_cExport-noconfig.cmake
[2.579s] -- Up-to-date: /home/javierfr/Tesis_ws/V1/install/interfaces/share/interfaces/cmake/interfaces__rosidl_generator_cppExport.cmake
[2.580s] -- Up-to-date: /home/javierfr/Tesis_ws/V1/install/interfaces/share/interfaces/cmake/interfaces__rosidl_typesupport_introspection_cppExport.cmake
[2.580s] -- Installing: /home/javierfr/Tesis_ws/V1/install/interfaces/share/interfaces/cmake/interfaces__rosidl_typesupport_introspection_cppExport-noconfig.cmake
[2.580s] -- Up-to-date: /home/javierfr/Tesis_ws/V1/install/interfaces/share/interfaces/cmake/interfaces__rosidl_typesupport_cppExport.cmake
[2.580s] -- Installing: /home/javierfr/Tesis_ws/V1/install/interfaces/share/interfaces/cmake/interfaces__rosidl_typesupport_cppExport-noconfig.cmake
[2.580s] -- Up-to-date: /home/javierfr/Tesis_ws/V1/install/interfaces/share/interfaces/cmake/rosidl_cmake-extras.cmake
[2.580s] -- Up-to-date: /home/javierfr/Tesis_ws/V1/install/interfaces/share/interfaces/cmake/ament_cmake_export_dependencies-extras.cmake
[2.580s] -- Up-to-date: /home/javierfr/Tesis_ws/V1/install/interfaces/share/interfaces/cmake/ament_cmake_export_libraries-extras.cmake
[2.580s] -- Up-to-date: /home/javierfr/Tesis_ws/V1/install/interfaces/share/interfaces/cmake/ament_cmake_export_targets-extras.cmake
[2.580s] -- Up-to-date: /home/javierfr/Tesis_ws/V1/install/interfaces/share/interfaces/cmake/ament_cmake_export_include_directories-extras.cmake
[2.580s] -- Up-to-date: /home/javierfr/Tesis_ws/V1/install/interfaces/share/interfaces/cmake/rosidl_cmake_export_typesupport_libraries-extras.cmake
[2.580s] -- Up-to-date: /home/javierfr/Tesis_ws/V1/install/interfaces/share/interfaces/cmake/rosidl_cmake_export_typesupport_targets-extras.cmake
[2.580s] -- Up-to-date: /home/javierfr/Tesis_ws/V1/install/interfaces/share/interfaces/cmake/interfacesConfig.cmake
[2.581s] -- Up-to-date: /home/javierfr/Tesis_ws/V1/install/interfaces/share/interfaces/cmake/interfacesConfig-version.cmake
[2.581s] -- Up-to-date: /home/javierfr/Tesis_ws/V1/install/interfaces/share/interfaces/package.xml
[2.583s] Invoked command in '/home/javierfr/Tesis_ws/V1/build/interfaces' returned '0': CMAKE_PREFIX_PATH=${CMAKE_PREFIX_PATH}:/opt/ros/foxy /usr/bin/cmake --install /home/javierfr/Tesis_ws/V1/build/interfaces
