[0.071s] Invoking command in '/home/duvanmarrugo/Robotics_Cyber_Physical_LAB/build/control_pkg': CMAKE_PREFIX_PATH=/home/duvanmarrugo/Robotics_Cyber_Physical_LAB/install/interfaces:/home/duvanmarrugo/Robotics_Cyber_Physical_LAB/install/img_proc_pkg:/home/duvanmarrugo/ros2_ws/install/my_cpp_pkg:/home/duvanmarrugo/ros2_ws/install/my_py_pkg:/opt/ros/foxy LD_LIBRARY_PATH=/home/duvanmarrugo/Robotics_Cyber_Physical_LAB/install/interfaces/lib:/usr/lib/x86_64-linux-gnu/gazebo-11/plugins:/opt/ros/foxy/opt/yaml_cpp_vendor/lib:/opt/ros/foxy/opt/rviz_ogre_vendor/lib:/opt/ros/foxy/lib/x86_64-linux-gnu:/opt/ros/foxy/lib /usr/bin/cmake --build /home/duvanmarrugo/Robotics_Cyber_Physical_LAB/build/control_pkg -- -j4 -l4
[0.240s] [ 25%] Built target control_pid_r2_node
[0.265s] [ 50%] Built target control_pid_p2_node
[0.268s] [ 75%] Built target control_pid_r1_node
[0.272s] [100%] Built target control_pid_p1_node
[0.300s] Invoked command in '/home/duvanmarrugo/Robotics_Cyber_Physical_LAB/build/control_pkg' returned '0': CMAKE_PREFIX_PATH=/home/duvanmarrugo/Robotics_Cyber_Physical_LAB/install/interfaces:/home/duvanmarrugo/Robotics_Cyber_Physical_LAB/install/img_proc_pkg:/home/duvanmarrugo/ros2_ws/install/my_cpp_pkg:/home/duvanmarrugo/ros2_ws/install/my_py_pkg:/opt/ros/foxy LD_LIBRARY_PATH=/home/duvanmarrugo/Robotics_Cyber_Physical_LAB/install/interfaces/lib:/usr/lib/x86_64-linux-gnu/gazebo-11/plugins:/opt/ros/foxy/opt/yaml_cpp_vendor/lib:/opt/ros/foxy/opt/rviz_ogre_vendor/lib:/opt/ros/foxy/lib/x86_64-linux-gnu:/opt/ros/foxy/lib /usr/bin/cmake --build /home/duvanmarrugo/Robotics_Cyber_Physical_LAB/build/control_pkg -- -j4 -l4
[0.364s] Invoking command in '/home/duvanmarrugo/Robotics_Cyber_Physical_LAB/build/control_pkg': CMAKE_PREFIX_PATH=/home/duvanmarrugo/Robotics_Cyber_Physical_LAB/install/interfaces:/home/duvanmarrugo/Robotics_Cyber_Physical_LAB/install/img_proc_pkg:/home/duvanmarrugo/ros2_ws/install/my_cpp_pkg:/home/duvanmarrugo/ros2_ws/install/my_py_pkg:/opt/ros/foxy LD_LIBRARY_PATH=/home/duvanmarrugo/Robotics_Cyber_Physical_LAB/install/interfaces/lib:/usr/lib/x86_64-linux-gnu/gazebo-11/plugins:/opt/ros/foxy/opt/yaml_cpp_vendor/lib:/opt/ros/foxy/opt/rviz_ogre_vendor/lib:/opt/ros/foxy/lib/x86_64-linux-gnu:/opt/ros/foxy/lib /usr/bin/cmake --install /home/duvanmarrugo/Robotics_Cyber_Physical_LAB/build/control_pkg
[0.381s] -- Install configuration: ""
[0.381s] -- Installing: /home/duvanmarrugo/Robotics_Cyber_Physical_LAB/install/control_pkg/lib/control_pkg/control_pid_p1_node
[0.387s] -- Set runtime path of "/home/duvanmarrugo/Robotics_Cyber_Physical_LAB/install/control_pkg/lib/control_pkg/control_pid_p1_node" to ""
[0.388s] -- Installing: /home/duvanmarrugo/Robotics_Cyber_Physical_LAB/install/control_pkg/lib/control_pkg/control_pid_p2_node
[0.393s] -- Set runtime path of "/home/duvanmarrugo/Robotics_Cyber_Physical_LAB/install/control_pkg/lib/control_pkg/control_pid_p2_node" to ""
[0.394s] -- Installing: /home/duvanmarrugo/Robotics_Cyber_Physical_LAB/install/control_pkg/lib/control_pkg/control_pid_r1_node
[0.401s] -- Set runtime path of "/home/duvanmarrugo/Robotics_Cyber_Physical_LAB/install/control_pkg/lib/control_pkg/control_pid_r1_node" to ""
[0.402s] -- Installing: /home/duvanmarrugo/Robotics_Cyber_Physical_LAB/install/control_pkg/lib/control_pkg/control_pid_r2_node
[0.411s] -- Set runtime path of "/home/duvanmarrugo/Robotics_Cyber_Physical_LAB/install/control_pkg/lib/control_pkg/control_pid_r2_node" to ""
[0.411s] -- Installing: /home/duvanmarrugo/Robotics_Cyber_Physical_LAB/install/control_pkg/share/ament_index/resource_index/package_run_dependencies/control_pkg
[0.411s] -- Installing: /home/duvanmarrugo/Robotics_Cyber_Physical_LAB/install/control_pkg/share/ament_index/resource_index/parent_prefix_path/control_pkg
[0.412s] -- Installing: /home/duvanmarrugo/Robotics_Cyber_Physical_LAB/install/control_pkg/share/control_pkg/environment/ament_prefix_path.sh
[0.412s] -- Installing: /home/duvanmarrugo/Robotics_Cyber_Physical_LAB/install/control_pkg/share/control_pkg/environment/ament_prefix_path.dsv
[0.412s] -- Installing: /home/duvanmarrugo/Robotics_Cyber_Physical_LAB/install/control_pkg/share/control_pkg/environment/path.sh
[0.413s] -- Installing: /home/duvanmarrugo/Robotics_Cyber_Physical_LAB/install/control_pkg/share/control_pkg/environment/path.dsv
[0.413s] -- Installing: /home/duvanmarrugo/Robotics_Cyber_Physical_LAB/install/control_pkg/share/control_pkg/local_setup.bash
[0.413s] -- Installing: /home/duvanmarrugo/Robotics_Cyber_Physical_LAB/install/control_pkg/share/control_pkg/local_setup.sh
[0.413s] -- Installing: /home/duvanmarrugo/Robotics_Cyber_Physical_LAB/install/control_pkg/share/control_pkg/local_setup.zsh
[0.414s] -- Installing: /home/duvanmarrugo/Robotics_Cyber_Physical_LAB/install/control_pkg/share/control_pkg/local_setup.dsv
[0.414s] -- Installing: /home/duvanmarrugo/Robotics_Cyber_Physical_LAB/install/control_pkg/share/control_pkg/package.dsv
[0.414s] -- Installing: /home/duvanmarrugo/Robotics_Cyber_Physical_LAB/install/control_pkg/share/ament_index/resource_index/packages/control_pkg
[0.415s] -- Installing: /home/duvanmarrugo/Robotics_Cyber_Physical_LAB/install/control_pkg/share/control_pkg/cmake/control_pkgConfig.cmake
[0.415s] -- Installing: /home/duvanmarrugo/Robotics_Cyber_Physical_LAB/install/control_pkg/share/control_pkg/cmake/control_pkgConfig-version.cmake
[0.415s] -- Installing: /home/duvanmarrugo/Robotics_Cyber_Physical_LAB/install/control_pkg/share/control_pkg/package.xml
[0.430s] Invoked command in '/home/duvanmarrugo/Robotics_Cyber_Physical_LAB/build/control_pkg' returned '0': CMAKE_PREFIX_PATH=/home/duvanmarrugo/Robotics_Cyber_Physical_LAB/install/interfaces:/home/duvanmarrugo/Robotics_Cyber_Physical_LAB/install/img_proc_pkg:/home/duvanmarrugo/ros2_ws/install/my_cpp_pkg:/home/duvanmarrugo/ros2_ws/install/my_py_pkg:/opt/ros/foxy LD_LIBRARY_PATH=/home/duvanmarrugo/Robotics_Cyber_Physical_LAB/install/interfaces/lib:/usr/lib/x86_64-linux-gnu/gazebo-11/plugins:/opt/ros/foxy/opt/yaml_cpp_vendor/lib:/opt/ros/foxy/opt/rviz_ogre_vendor/lib:/opt/ros/foxy/lib/x86_64-linux-gnu:/opt/ros/foxy/lib /usr/bin/cmake --install /home/duvanmarrugo/Robotics_Cyber_Physical_LAB/build/control_pkg
