[0.020s] Invoking command in '/home/javierfr/Robotics_Cyber_Physical_LAB/build/img_proc_pkg': CMAKE_PREFIX_PATH=/home/javierfr/Robotics_Cyber_Physical_LAB/install/interfaces:/opt/ros/foxy /usr/bin/cmake /home/javierfr/Robotics_Cyber_Physical_LAB/src/img_proc_pkg -DCMAKE_INSTALL_PREFIX=/home/javierfr/Robotics_Cyber_Physical_LAB/install/img_proc_pkg
[0.033s] -- Found ament_cmake: 0.9.9 (/opt/ros/foxy/share/ament_cmake/cmake)
[0.052s] -- Using PYTHON_EXECUTABLE: /usr/bin/python3
[0.253s] -- Found sensor_msgs: 2.0.5 (/opt/ros/foxy/share/sensor_msgs/cmake)
[0.272s] -- Using all available rosidl_typesupport_c: rosidl_typesupport_fastrtps_c;rosidl_typesupport_introspection_c
[0.274s] -- Found rosidl_adapter: 1.2.1 (/opt/ros/foxy/share/rosidl_adapter/cmake)
[0.387s] -- Using all available rosidl_typesupport_cpp: rosidl_typesupport_fastrtps_cpp;rosidl_typesupport_introspection_cpp
[0.519s] -- Found rclcpp: 2.4.1 (/opt/ros/foxy/share/rclcpp/cmake)
[0.549s] -- Found rmw_implementation_cmake: 1.0.3 (/opt/ros/foxy/share/rmw_implementation_cmake/cmake)
[0.550s] -- Using RMW implementation 'rmw_fastrtps_cpp' as default
[0.658s] -- Found image_transport: 2.3.0 (/opt/ros/foxy/share/image_transport/cmake)
[0.693s] -- Found cv_bridge: 2.2.1 (/opt/ros/foxy/share/cv_bridge/cmake)
[0.695s] -- Found interfaces: 0.0.0 (/home/javierfr/Robotics_Cyber_Physical_LAB/install/interfaces/share/interfaces/cmake)
[0.832s] -- Configuring done
[0.913s] -- Generating done
[0.914s] -- Build files have been written to: /home/javierfr/Robotics_Cyber_Physical_LAB/build/img_proc_pkg
[0.923s] Invoked command in '/home/javierfr/Robotics_Cyber_Physical_LAB/build/img_proc_pkg' returned '0': CMAKE_PREFIX_PATH=/home/javierfr/Robotics_Cyber_Physical_LAB/install/interfaces:/opt/ros/foxy /usr/bin/cmake /home/javierfr/Robotics_Cyber_Physical_LAB/src/img_proc_pkg -DCMAKE_INSTALL_PREFIX=/home/javierfr/Robotics_Cyber_Physical_LAB/install/img_proc_pkg
[0.924s] Invoking command in '/home/javierfr/Robotics_Cyber_Physical_LAB/build/img_proc_pkg': CMAKE_PREFIX_PATH=/home/javierfr/Robotics_Cyber_Physical_LAB/install/interfaces:/opt/ros/foxy /usr/bin/cmake --build /home/javierfr/Robotics_Cyber_Physical_LAB/build/img_proc_pkg -- -j12 -l12
[0.968s] [35m[1mScanning dependencies of target img_subs_test_node[0m
[0.968s] [35m[1mScanning dependencies of target img_publ_test_node[0m
[0.971s] [35m[1mScanning dependencies of target img_proc_id_node[0m
[0.972s] [35m[1mScanning dependencies of target img_proc_node[0m
[2.219s] [ 12%] [32mBuilding CXX object CMakeFiles/img_proc_node.dir/src/img_proc_node.cpp.o[0m
[4.889s] [ 25%] [32m[1mLinking CXX executable img_proc_node[0m
[10.407s] [ 37%] [32mBuilding CXX object CMakeFiles/img_subs_test_node.dir/src/img_subs_test_node.cpp.o[0m
[10.417s] [ 50%] [32mBuilding CXX object CMakeFiles/img_publ_test_node.dir/src/img_publ_test_node.cpp.o[0m
[10.420s] [ 62%] [32mBuilding CXX object CMakeFiles/img_proc_id_node.dir/src/img_proc_id_node.cpp.o[0m
[11.141s] [ 62%] Built target img_proc_node
[16.441s] [ 75%] [32m[1mLinking CXX executable img_publ_test_node[0m
[18.471s] [ 87%] [32m[1mLinking CXX executable img_subs_test_node[0m
[19.241s] /home/javierfr/Robotics_Cyber_Physical_LAB/src/img_proc_pkg/src/img_proc_id_node.cpp: In member function ‘void Img_Proc_Id_Node::topic_callback(sensor_msgs::msg::Image_<std::allocator<void> >::SharedPtr) const’:
[19.241s] /home/javierfr/Robotics_Cyber_Physical_LAB/src/img_proc_pkg/src/img_proc_id_node.cpp:130:22: warning: comparison of integer expressions of different signedness: ‘int’ and ‘std::vector<std::vector<cv::Point_<int> > >::size_type’ {aka ‘long unsigned int’} [-Wsign-compare]
[19.241s]   130 |       for (int i=0; i<red_contours.size(); i++)
[19.241s]       |                     ~^~~~~~~~~~~~~~~~~~~~
[19.241s] /home/javierfr/Robotics_Cyber_Physical_LAB/src/img_proc_pkg/src/img_proc_id_node.cpp:163:26: warning: comparison of integer expressions of different signedness: ‘int’ and ‘std::vector<std::vector<cv::Point_<int> > >::size_type’ {aka ‘long unsigned int’} [-Wsign-compare]
[19.241s]   163 |         for (int ii=1; ii<red_subcontours.size(); ii++)
[19.241s]       |                        ~~^~~~~~~~~~~~~~~~~~~~~~~
[19.242s] /home/javierfr/Robotics_Cyber_Physical_LAB/src/img_proc_pkg/src/img_proc_id_node.cpp:257:22: warning: comparison of integer expressions of different signedness: ‘int’ and ‘std::vector<std::vector<cv::Point_<int> > >::size_type’ {aka ‘long unsigned int’} [-Wsign-compare]
[19.242s]   257 |       for (int i=0; i<blue_contours.size(); i++)
[19.242s]       |                     ~^~~~~~~~~~~~~~~~~~~~~
[19.242s] /home/javierfr/Robotics_Cyber_Physical_LAB/src/img_proc_pkg/src/img_proc_id_node.cpp:290:26: warning: comparison of integer expressions of different signedness: ‘int’ and ‘std::vector<std::vector<cv::Point_<int> > >::size_type’ {aka ‘long unsigned int’} [-Wsign-compare]
[19.242s]   290 |         for (int ii=1; ii<blue_subcontours.size(); ii++)
[19.242s]       |                        ~~^~~~~~~~~~~~~~~~~~~~~~~~
[19.242s] /home/javierfr/Robotics_Cyber_Physical_LAB/src/img_proc_pkg/src/img_proc_id_node.cpp:385:22: warning: comparison of integer expressions of different signedness: ‘int’ and ‘std::vector<std::vector<cv::Point_<int> > >::size_type’ {aka ‘long unsigned int’} [-Wsign-compare]
[19.242s]   385 |       for (int i=0; i<green_contours.size(); i++)
[19.242s]       |                     ~^~~~~~~~~~~~~~~~~~~~~~
[19.242s] /home/javierfr/Robotics_Cyber_Physical_LAB/src/img_proc_pkg/src/img_proc_id_node.cpp:417:26: warning: comparison of integer expressions of different signedness: ‘int’ and ‘std::vector<std::vector<cv::Point_<int> > >::size_type’ {aka ‘long unsigned int’} [-Wsign-compare]
[19.242s]   417 |         for (int ii=1; ii<green_subcontours.size(); ii++)
[19.242s]       |                        ~~^~~~~~~~~~~~~~~~~~~~~~~~~
[19.253s] [100%] [32m[1mLinking CXX executable img_proc_id_node[0m
[23.401s] /usr/bin/ld: warning: libopencv_imgcodecs.so.4.2, needed by /opt/ros/foxy/lib/libcv_bridge.so, may conflict with libopencv_imgcodecs.so.4.5
[23.401s] /usr/bin/ld: warning: libopencv_core.so.4.2, needed by /opt/ros/foxy/lib/libcv_bridge.so, may conflict with libopencv_core.so.4.5
[23.415s] [100%] Built target img_publ_test_node
[23.518s] /usr/bin/ld: warning: libopencv_imgcodecs.so.4.2, needed by /opt/ros/foxy/lib/libcv_bridge.so, may conflict with libopencv_imgcodecs.so.4.5
[23.518s] /usr/bin/ld: warning: libopencv_imgproc.so.4.2, needed by /opt/ros/foxy/lib/libcv_bridge.so, may conflict with libopencv_imgproc.so.4.5
[23.518s] /usr/bin/ld: warning: libopencv_core.so.4.2, needed by /opt/ros/foxy/lib/libcv_bridge.so, may conflict with libopencv_core.so.4.5
[23.527s] /usr/bin/ld: warning: libopencv_imgproc.so.4.2, needed by /opt/ros/foxy/lib/libcv_bridge.so, may conflict with libopencv_imgproc.so.4.5
[23.528s] /usr/bin/ld: warning: libopencv_core.so.4.2, needed by /opt/ros/foxy/lib/libcv_bridge.so, may conflict with libopencv_core.so.4.5
[23.530s] [100%] Built target img_subs_test_node
[23.539s] [100%] Built target img_proc_id_node
[23.551s] Invoked command in '/home/javierfr/Robotics_Cyber_Physical_LAB/build/img_proc_pkg' returned '0': CMAKE_PREFIX_PATH=/home/javierfr/Robotics_Cyber_Physical_LAB/install/interfaces:/opt/ros/foxy /usr/bin/cmake --build /home/javierfr/Robotics_Cyber_Physical_LAB/build/img_proc_pkg -- -j12 -l12
[23.613s] Invoking command in '/home/javierfr/Robotics_Cyber_Physical_LAB/build/img_proc_pkg': CMAKE_PREFIX_PATH=/home/javierfr/Robotics_Cyber_Physical_LAB/install/interfaces:/opt/ros/foxy /usr/bin/cmake --install /home/javierfr/Robotics_Cyber_Physical_LAB/build/img_proc_pkg
[23.622s] -- Install configuration: ""
[23.622s] -- Installing: /home/javierfr/Robotics_Cyber_Physical_LAB/install/img_proc_pkg/lib/img_proc_pkg/img_proc_node
[23.623s] -- Set runtime path of "/home/javierfr/Robotics_Cyber_Physical_LAB/install/img_proc_pkg/lib/img_proc_pkg/img_proc_node" to ""
[23.623s] -- Installing: /home/javierfr/Robotics_Cyber_Physical_LAB/install/img_proc_pkg/lib/img_proc_pkg/img_publ_test_node
[23.623s] -- Set runtime path of "/home/javierfr/Robotics_Cyber_Physical_LAB/install/img_proc_pkg/lib/img_proc_pkg/img_publ_test_node" to ""
[23.624s] -- Installing: /home/javierfr/Robotics_Cyber_Physical_LAB/install/img_proc_pkg/lib/img_proc_pkg/img_subs_test_node
[23.625s] -- Set runtime path of "/home/javierfr/Robotics_Cyber_Physical_LAB/install/img_proc_pkg/lib/img_proc_pkg/img_subs_test_node" to ""
[23.625s] -- Installing: /home/javierfr/Robotics_Cyber_Physical_LAB/install/img_proc_pkg/lib/img_proc_pkg/img_proc_id_node
[23.627s] -- Set runtime path of "/home/javierfr/Robotics_Cyber_Physical_LAB/install/img_proc_pkg/lib/img_proc_pkg/img_proc_id_node" to ""
[23.627s] -- Installing: /home/javierfr/Robotics_Cyber_Physical_LAB/install/img_proc_pkg/share/ament_index/resource_index/package_run_dependencies/img_proc_pkg
[23.628s] -- Installing: /home/javierfr/Robotics_Cyber_Physical_LAB/install/img_proc_pkg/share/ament_index/resource_index/parent_prefix_path/img_proc_pkg
[23.628s] -- Installing: /home/javierfr/Robotics_Cyber_Physical_LAB/install/img_proc_pkg/share/img_proc_pkg/environment/ament_prefix_path.sh
[23.628s] -- Installing: /home/javierfr/Robotics_Cyber_Physical_LAB/install/img_proc_pkg/share/img_proc_pkg/environment/ament_prefix_path.dsv
[23.628s] -- Installing: /home/javierfr/Robotics_Cyber_Physical_LAB/install/img_proc_pkg/share/img_proc_pkg/environment/path.sh
[23.628s] -- Installing: /home/javierfr/Robotics_Cyber_Physical_LAB/install/img_proc_pkg/share/img_proc_pkg/environment/path.dsv
[23.628s] -- Installing: /home/javierfr/Robotics_Cyber_Physical_LAB/install/img_proc_pkg/share/img_proc_pkg/local_setup.bash
[23.628s] -- Installing: /home/javierfr/Robotics_Cyber_Physical_LAB/install/img_proc_pkg/share/img_proc_pkg/local_setup.sh
[23.628s] -- Installing: /home/javierfr/Robotics_Cyber_Physical_LAB/install/img_proc_pkg/share/img_proc_pkg/local_setup.zsh
[23.628s] -- Installing: /home/javierfr/Robotics_Cyber_Physical_LAB/install/img_proc_pkg/share/img_proc_pkg/local_setup.dsv
[23.629s] -- Installing: /home/javierfr/Robotics_Cyber_Physical_LAB/install/img_proc_pkg/share/img_proc_pkg/package.dsv
[23.629s] -- Installing: /home/javierfr/Robotics_Cyber_Physical_LAB/install/img_proc_pkg/share/ament_index/resource_index/packages/img_proc_pkg
[23.629s] -- Installing: /home/javierfr/Robotics_Cyber_Physical_LAB/install/img_proc_pkg/share/img_proc_pkg/cmake/img_proc_pkgConfig.cmake
[23.629s] -- Installing: /home/javierfr/Robotics_Cyber_Physical_LAB/install/img_proc_pkg/share/img_proc_pkg/cmake/img_proc_pkgConfig-version.cmake
[23.629s] -- Installing: /home/javierfr/Robotics_Cyber_Physical_LAB/install/img_proc_pkg/share/img_proc_pkg/package.xml
[23.635s] Invoked command in '/home/javierfr/Robotics_Cyber_Physical_LAB/build/img_proc_pkg' returned '0': CMAKE_PREFIX_PATH=/home/javierfr/Robotics_Cyber_Physical_LAB/install/interfaces:/opt/ros/foxy /usr/bin/cmake --install /home/javierfr/Robotics_Cyber_Physical_LAB/build/img_proc_pkg
