[0.020s] Invoking command in '/home/javierfr/Tesis_ws/V1/build/interfaces': CMAKE_PREFIX_PATH=${CMAKE_PREFIX_PATH}:/opt/ros/foxy /usr/bin/cmake --build /home/javierfr/Tesis_ws/V1/build/interfaces -- -j12 -l12
[0.061s] [ 10%] Built target interfaces__rosidl_generator_c
[0.063s] [ 12%] Built target interfaces__cpp
[0.083s] [ 23%] Built target interfaces__rosidl_typesupport_introspection_c
[0.086s] [ 33%] Built target interfaces__rosidl_typesupport_c
[0.086s] [ 43%] Built target interfaces__rosidl_typesupport_introspection_cpp
[0.087s] [ 53%] Built target interfaces__rosidl_typesupport_cpp
[0.091s] [ 64%] Built target interfaces__rosidl_typesupport_fastrtps_cpp
[0.116s] [ 74%] Built target interfaces__rosidl_typesupport_fastrtps_c
[0.134s] [ 74%] Built target interfaces
[0.153s] [ 76%] Built target interfaces__py
[0.176s] [ 84%] Built target interfaces__python
[0.197s] [100%] Built target interfaces__rosidl_typesupport_c__pyext
[0.197s] [100%] Built target interfaces__rosidl_typesupport_introspection_c__pyext
[0.197s] [100%] Built target interfaces__rosidl_typesupport_fastrtps_c__pyext
[0.209s] Invoked command in '/home/javierfr/Tesis_ws/V1/build/interfaces' returned '0': CMAKE_PREFIX_PATH=${CMAKE_PREFIX_PATH}:/opt/ros/foxy /usr/bin/cmake --build /home/javierfr/Tesis_ws/V1/build/interfaces -- -j12 -l12
[0.257s] Invoking command in '/home/javierfr/Tesis_ws/V1/build/interfaces': CMAKE_PREFIX_PATH=${CMAKE_PREFIX_PATH}:/opt/ros/foxy /usr/bin/cmake --install /home/javierfr/Tesis_ws/V1/build/interfaces
[0.265s] -- Install configuration: ""
[0.265s] -- Up-to-date: /home/javierfr/Tesis_ws/V1/install/interfaces/share/ament_index/resource_index/rosidl_interfaces/interfaces
[0.265s] -- Up-to-date: /home/javierfr/Tesis_ws/V1/install/interfaces/include/interfaces
[0.265s] -- Up-to-date: /home/javierfr/Tesis_ws/V1/install/interfaces/include/interfaces/srv
[0.265s] -- Up-to-date: /home/javierfr/Tesis_ws/V1/install/interfaces/include/interfaces/srv/detail
[0.265s] -- Up-to-date: /home/javierfr/Tesis_ws/V1/install/interfaces/include/interfaces/srv/detail/platform_vel__struct.h
[0.266s] -- Up-to-date: /home/javierfr/Tesis_ws/V1/install/interfaces/include/interfaces/srv/detail/platform_vel__functions.c
[0.266s] -- Up-to-date: /home/javierfr/Tesis_ws/V1/install/interfaces/include/interfaces/srv/detail/platform_vel__functions.h
[0.266s] -- Up-to-date: /home/javierfr/Tesis_ws/V1/install/interfaces/include/interfaces/srv/detail/platform_vel__type_support.h
[0.266s] -- Up-to-date: /home/javierfr/Tesis_ws/V1/install/interfaces/include/interfaces/srv/platform_vel.h
[0.266s] -- Up-to-date: /home/javierfr/Tesis_ws/V1/install/interfaces/include/interfaces/msg
[0.266s] -- Up-to-date: /home/javierfr/Tesis_ws/V1/install/interfaces/include/interfaces/msg/detail
[0.267s] -- Up-to-date: /home/javierfr/Tesis_ws/V1/install/interfaces/include/interfaces/msg/detail/motor_vels__type_support.h
[0.267s] -- Up-to-date: /home/javierfr/Tesis_ws/V1/install/interfaces/include/interfaces/msg/detail/motor_vels__functions.h
[0.267s] -- Up-to-date: /home/javierfr/Tesis_ws/V1/install/interfaces/include/interfaces/msg/detail/motor_vels__functions.c
[0.267s] -- Up-to-date: /home/javierfr/Tesis_ws/V1/install/interfaces/include/interfaces/msg/detail/motor_vels__struct.h
[0.267s] -- Up-to-date: /home/javierfr/Tesis_ws/V1/install/interfaces/include/interfaces/msg/motor_vels.h
[0.267s] -- Up-to-date: /home/javierfr/Tesis_ws/V1/install/interfaces/include/interfaces/msg/rosidl_generator_c__visibility_control.h
[0.267s] -- Up-to-date: /home/javierfr/Tesis_ws/V1/install/interfaces/share/interfaces/environment/library_path.sh
[0.267s] -- Up-to-date: /home/javierfr/Tesis_ws/V1/install/interfaces/share/interfaces/environment/library_path.dsv
[0.267s] -- Up-to-date: /home/javierfr/Tesis_ws/V1/install/interfaces/lib/libinterfaces__rosidl_generator_c.so
[0.267s] -- Up-to-date: /home/javierfr/Tesis_ws/V1/install/interfaces/include/interfaces
[0.267s] -- Up-to-date: /home/javierfr/Tesis_ws/V1/install/interfaces/include/interfaces/srv
[0.268s] -- Up-to-date: /home/javierfr/Tesis_ws/V1/install/interfaces/include/interfaces/srv/detail
[0.268s] -- Up-to-date: /home/javierfr/Tesis_ws/V1/install/interfaces/include/interfaces/srv/detail/platform_vel__rosidl_typesupport_fastrtps_c.h
[0.268s] -- Up-to-date: /home/javierfr/Tesis_ws/V1/install/interfaces/include/interfaces/msg
[0.268s] -- Up-to-date: /home/javierfr/Tesis_ws/V1/install/interfaces/include/interfaces/msg/detail
[0.268s] -- Up-to-date: /home/javierfr/Tesis_ws/V1/install/interfaces/include/interfaces/msg/detail/motor_vels__rosidl_typesupport_fastrtps_c.h
[0.268s] -- Up-to-date: /home/javierfr/Tesis_ws/V1/install/interfaces/include/interfaces/msg/rosidl_typesupport_fastrtps_c__visibility_control.h
[0.268s] -- Up-to-date: /home/javierfr/Tesis_ws/V1/install/interfaces/lib/libinterfaces__rosidl_typesupport_fastrtps_c.so
[0.268s] -- Up-to-date: /home/javierfr/Tesis_ws/V1/install/interfaces/include/interfaces
[0.268s] -- Up-to-date: /home/javierfr/Tesis_ws/V1/install/interfaces/include/interfaces/srv
[0.268s] -- Up-to-date: /home/javierfr/Tesis_ws/V1/install/interfaces/include/interfaces/srv/detail
[0.268s] -- Up-to-date: /home/javierfr/Tesis_ws/V1/install/interfaces/include/interfaces/srv/detail/platform_vel__rosidl_typesupport_fastrtps_cpp.hpp
[0.269s] -- Up-to-date: /home/javierfr/Tesis_ws/V1/install/interfaces/include/interfaces/srv/detail/dds_fastrtps
[0.269s] -- Up-to-date: /home/javierfr/Tesis_ws/V1/install/interfaces/include/interfaces/msg
[0.269s] -- Up-to-date: /home/javierfr/Tesis_ws/V1/install/interfaces/include/interfaces/msg/rosidl_typesupport_fastrtps_cpp__visibility_control.h
[0.269s] -- Up-to-date: /home/javierfr/Tesis_ws/V1/install/interfaces/include/interfaces/msg/detail
[0.269s] -- Up-to-date: /home/javierfr/Tesis_ws/V1/install/interfaces/include/interfaces/msg/detail/motor_vels__rosidl_typesupport_fastrtps_cpp.hpp
[0.269s] -- Up-to-date: /home/javierfr/Tesis_ws/V1/install/interfaces/include/interfaces/msg/detail/dds_fastrtps
[0.269s] -- Up-to-date: /home/javierfr/Tesis_ws/V1/install/interfaces/lib/libinterfaces__rosidl_typesupport_fastrtps_cpp.so
[0.269s] -- Up-to-date: /home/javierfr/Tesis_ws/V1/install/interfaces/include/interfaces
[0.269s] -- Up-to-date: /home/javierfr/Tesis_ws/V1/install/interfaces/include/interfaces/srv
[0.269s] -- Up-to-date: /home/javierfr/Tesis_ws/V1/install/interfaces/include/interfaces/srv/detail
[0.269s] -- Up-to-date: /home/javierfr/Tesis_ws/V1/install/interfaces/include/interfaces/srv/detail/platform_vel__type_support.c
[0.269s] -- Up-to-date: /home/javierfr/Tesis_ws/V1/install/interfaces/include/interfaces/srv/detail/platform_vel__rosidl_typesupport_introspection_c.h
[0.269s] -- Up-to-date: /home/javierfr/Tesis_ws/V1/install/interfaces/include/interfaces/msg
[0.269s] -- Up-to-date: /home/javierfr/Tesis_ws/V1/install/interfaces/include/interfaces/msg/detail
[0.269s] -- Up-to-date: /home/javierfr/Tesis_ws/V1/install/interfaces/include/interfaces/msg/detail/motor_vels__rosidl_typesupport_introspection_c.h
[0.269s] -- Up-to-date: /home/javierfr/Tesis_ws/V1/install/interfaces/include/interfaces/msg/detail/motor_vels__type_support.c
[0.269s] -- Up-to-date: /home/javierfr/Tesis_ws/V1/install/interfaces/include/interfaces/msg/rosidl_typesupport_introspection_c__visibility_control.h
[0.269s] -- Up-to-date: /home/javierfr/Tesis_ws/V1/install/interfaces/lib/libinterfaces__rosidl_typesupport_introspection_c.so
[0.270s] -- Up-to-date: /home/javierfr/Tesis_ws/V1/install/interfaces/lib/libinterfaces__rosidl_typesupport_c.so
[0.270s] -- Up-to-date: /home/javierfr/Tesis_ws/V1/install/interfaces/include/interfaces
[0.270s] -- Up-to-date: /home/javierfr/Tesis_ws/V1/install/interfaces/include/interfaces/srv
[0.270s] -- Up-to-date: /home/javierfr/Tesis_ws/V1/install/interfaces/include/interfaces/srv/detail
[0.270s] -- Up-to-date: /home/javierfr/Tesis_ws/V1/install/interfaces/include/interfaces/srv/detail/platform_vel__builder.hpp
[0.270s] -- Up-to-date: /home/javierfr/Tesis_ws/V1/install/interfaces/include/interfaces/srv/detail/platform_vel__struct.hpp
[0.270s] -- Up-to-date: /home/javierfr/Tesis_ws/V1/install/interfaces/include/interfaces/srv/detail/platform_vel__traits.hpp
[0.270s] -- Up-to-date: /home/javierfr/Tesis_ws/V1/install/interfaces/include/interfaces/srv/platform_vel.hpp
[0.270s] -- Up-to-date: /home/javierfr/Tesis_ws/V1/install/interfaces/include/interfaces/msg
[0.270s] -- Up-to-date: /home/javierfr/Tesis_ws/V1/install/interfaces/include/interfaces/msg/detail
[0.270s] -- Up-to-date: /home/javierfr/Tesis_ws/V1/install/interfaces/include/interfaces/msg/detail/motor_vels__traits.hpp
[0.270s] -- Up-to-date: /home/javierfr/Tesis_ws/V1/install/interfaces/include/interfaces/msg/detail/motor_vels__builder.hpp
[0.270s] -- Up-to-date: /home/javierfr/Tesis_ws/V1/install/interfaces/include/interfaces/msg/detail/motor_vels__struct.hpp
[0.270s] -- Up-to-date: /home/javierfr/Tesis_ws/V1/install/interfaces/include/interfaces/msg/motor_vels.hpp
[0.270s] -- Up-to-date: /home/javierfr/Tesis_ws/V1/install/interfaces/include/interfaces
[0.270s] -- Up-to-date: /home/javierfr/Tesis_ws/V1/install/interfaces/include/interfaces/srv
[0.270s] -- Up-to-date: /home/javierfr/Tesis_ws/V1/install/interfaces/include/interfaces/srv/detail
[0.271s] -- Up-to-date: /home/javierfr/Tesis_ws/V1/install/interfaces/include/interfaces/srv/detail/platform_vel__rosidl_typesupport_introspection_cpp.hpp
[0.271s] -- Up-to-date: /home/javierfr/Tesis_ws/V1/install/interfaces/include/interfaces/srv/detail/platform_vel__type_support.cpp
[0.271s] -- Up-to-date: /home/javierfr/Tesis_ws/V1/install/interfaces/include/interfaces/msg
[0.271s] -- Up-to-date: /home/javierfr/Tesis_ws/V1/install/interfaces/include/interfaces/msg/detail
[0.271s] -- Up-to-date: /home/javierfr/Tesis_ws/V1/install/interfaces/include/interfaces/msg/detail/motor_vels__type_support.cpp
[0.271s] -- Up-to-date: /home/javierfr/Tesis_ws/V1/install/interfaces/include/interfaces/msg/detail/motor_vels__rosidl_typesupport_introspection_cpp.hpp
[0.271s] -- Up-to-date: /home/javierfr/Tesis_ws/V1/install/interfaces/lib/libinterfaces__rosidl_typesupport_introspection_cpp.so
[0.271s] -- Up-to-date: /home/javierfr/Tesis_ws/V1/install/interfaces/lib/libinterfaces__rosidl_typesupport_cpp.so
[0.271s] -- Up-to-date: /home/javierfr/Tesis_ws/V1/install/interfaces/share/interfaces/environment/pythonpath.sh
[0.271s] -- Up-to-date: /home/javierfr/Tesis_ws/V1/install/interfaces/share/interfaces/environment/pythonpath.dsv
[0.271s] -- Up-to-date: /home/javierfr/Tesis_ws/V1/install/interfaces/lib/python3.8/site-packages/interfaces/__init__.py
[0.294s] -- Up-to-date: /home/javierfr/Tesis_ws/V1/install/interfaces/lib/python3.8/site-packages/interfaces/srv
[0.294s] -- Up-to-date: /home/javierfr/Tesis_ws/V1/install/interfaces/lib/python3.8/site-packages/interfaces/srv/__init__.py
[0.294s] -- Up-to-date: /home/javierfr/Tesis_ws/V1/install/interfaces/lib/python3.8/site-packages/interfaces/srv/_platform_vel_s.c
[0.294s] -- Up-to-date: /home/javierfr/Tesis_ws/V1/install/interfaces/lib/python3.8/site-packages/interfaces/srv/_platform_vel.py
[0.294s] -- Up-to-date: /home/javierfr/Tesis_ws/V1/install/interfaces/lib/python3.8/site-packages/interfaces/msg
[0.294s] -- Up-to-date: /home/javierfr/Tesis_ws/V1/install/interfaces/lib/python3.8/site-packages/interfaces/msg/__init__.py
[0.294s] -- Up-to-date: /home/javierfr/Tesis_ws/V1/install/interfaces/lib/python3.8/site-packages/interfaces/msg/_motor_vels.py
[0.294s] -- Up-to-date: /home/javierfr/Tesis_ws/V1/install/interfaces/lib/python3.8/site-packages/interfaces/msg/_motor_vels_s.c
[0.294s] -- Up-to-date: /home/javierfr/Tesis_ws/V1/install/interfaces/lib/python3.8/site-packages/interfaces/interfaces_s__rosidl_typesupport_fastrtps_c.cpython-38-x86_64-linux-gnu.so
[0.294s] -- Up-to-date: /home/javierfr/Tesis_ws/V1/install/interfaces/lib/python3.8/site-packages/interfaces/interfaces_s__rosidl_typesupport_introspection_c.cpython-38-x86_64-linux-gnu.so
[0.295s] -- Up-to-date: /home/javierfr/Tesis_ws/V1/install/interfaces/lib/python3.8/site-packages/interfaces/interfaces_s__rosidl_typesupport_c.cpython-38-x86_64-linux-gnu.so
[0.295s] -- Up-to-date: /home/javierfr/Tesis_ws/V1/install/interfaces/lib/libinterfaces__python.so
[0.295s] -- Up-to-date: /home/javierfr/Tesis_ws/V1/install/interfaces/share/interfaces/srv/PlatformVel.idl
[0.295s] -- Up-to-date: /home/javierfr/Tesis_ws/V1/install/interfaces/share/interfaces/msg/MotorVels.idl
[0.295s] -- Up-to-date: /home/javierfr/Tesis_ws/V1/install/interfaces/share/interfaces/srv/PlatformVel.srv
[0.296s] -- Up-to-date: /home/javierfr/Tesis_ws/V1/install/interfaces/share/interfaces/srv/PlatformVel_Request.msg
[0.296s] -- Up-to-date: /home/javierfr/Tesis_ws/V1/install/interfaces/share/interfaces/srv/PlatformVel_Response.msg
[0.296s] -- Up-to-date: /home/javierfr/Tesis_ws/V1/install/interfaces/share/interfaces/msg/MotorVels.msg
[0.296s] -- Up-to-date: /home/javierfr/Tesis_ws/V1/install/interfaces/share/ament_index/resource_index/package_run_dependencies/interfaces
[0.296s] -- Up-to-date: /home/javierfr/Tesis_ws/V1/install/interfaces/share/ament_index/resource_index/parent_prefix_path/interfaces
[0.296s] -- Up-to-date: /home/javierfr/Tesis_ws/V1/install/interfaces/share/interfaces/environment/ament_prefix_path.sh
[0.296s] -- Up-to-date: /home/javierfr/Tesis_ws/V1/install/interfaces/share/interfaces/environment/ament_prefix_path.dsv
[0.296s] -- Up-to-date: /home/javierfr/Tesis_ws/V1/install/interfaces/share/interfaces/environment/path.sh
[0.296s] -- Up-to-date: /home/javierfr/Tesis_ws/V1/install/interfaces/share/interfaces/environment/path.dsv
[0.296s] -- Up-to-date: /home/javierfr/Tesis_ws/V1/install/interfaces/share/interfaces/local_setup.bash
[0.296s] -- Up-to-date: /home/javierfr/Tesis_ws/V1/install/interfaces/share/interfaces/local_setup.sh
[0.296s] -- Up-to-date: /home/javierfr/Tesis_ws/V1/install/interfaces/share/interfaces/local_setup.zsh
[0.296s] -- Up-to-date: /home/javierfr/Tesis_ws/V1/install/interfaces/share/interfaces/local_setup.dsv
[0.296s] -- Installing: /home/javierfr/Tesis_ws/V1/install/interfaces/share/interfaces/package.dsv
[0.296s] -- Up-to-date: /home/javierfr/Tesis_ws/V1/install/interfaces/share/ament_index/resource_index/packages/interfaces
[0.297s] -- Up-to-date: /home/javierfr/Tesis_ws/V1/install/interfaces/share/interfaces/cmake/interfaces__rosidl_generator_cExport.cmake
[0.297s] -- Up-to-date: /home/javierfr/Tesis_ws/V1/install/interfaces/share/interfaces/cmake/interfaces__rosidl_generator_cExport-noconfig.cmake
[0.297s] -- Up-to-date: /home/javierfr/Tesis_ws/V1/install/interfaces/share/interfaces/cmake/interfaces__rosidl_typesupport_introspection_cExport.cmake
[0.297s] -- Up-to-date: /home/javierfr/Tesis_ws/V1/install/interfaces/share/interfaces/cmake/interfaces__rosidl_typesupport_introspection_cExport-noconfig.cmake
[0.297s] -- Up-to-date: /home/javierfr/Tesis_ws/V1/install/interfaces/share/interfaces/cmake/interfaces__rosidl_typesupport_cExport.cmake
[0.297s] -- Up-to-date: /home/javierfr/Tesis_ws/V1/install/interfaces/share/interfaces/cmake/interfaces__rosidl_typesupport_cExport-noconfig.cmake
[0.297s] -- Up-to-date: /home/javierfr/Tesis_ws/V1/install/interfaces/share/interfaces/cmake/interfaces__rosidl_generator_cppExport.cmake
[0.297s] -- Up-to-date: /home/javierfr/Tesis_ws/V1/install/interfaces/share/interfaces/cmake/interfaces__rosidl_typesupport_introspection_cppExport.cmake
[0.297s] -- Up-to-date: /home/javierfr/Tesis_ws/V1/install/interfaces/share/interfaces/cmake/interfaces__rosidl_typesupport_introspection_cppExport-noconfig.cmake
[0.297s] -- Up-to-date: /home/javierfr/Tesis_ws/V1/install/interfaces/share/interfaces/cmake/interfaces__rosidl_typesupport_cppExport.cmake
[0.297s] -- Up-to-date: /home/javierfr/Tesis_ws/V1/install/interfaces/share/interfaces/cmake/interfaces__rosidl_typesupport_cppExport-noconfig.cmake
[0.297s] -- Up-to-date: /home/javierfr/Tesis_ws/V1/install/interfaces/share/interfaces/cmake/rosidl_cmake-extras.cmake
[0.297s] -- Up-to-date: /home/javierfr/Tesis_ws/V1/install/interfaces/share/interfaces/cmake/ament_cmake_export_dependencies-extras.cmake
[0.297s] -- Up-to-date: /home/javierfr/Tesis_ws/V1/install/interfaces/share/interfaces/cmake/ament_cmake_export_libraries-extras.cmake
[0.297s] -- Up-to-date: /home/javierfr/Tesis_ws/V1/install/interfaces/share/interfaces/cmake/ament_cmake_export_targets-extras.cmake
[0.297s] -- Up-to-date: /home/javierfr/Tesis_ws/V1/install/interfaces/share/interfaces/cmake/ament_cmake_export_include_directories-extras.cmake
[0.298s] -- Up-to-date: /home/javierfr/Tesis_ws/V1/install/interfaces/share/interfaces/cmake/rosidl_cmake_export_typesupport_libraries-extras.cmake
[0.298s] -- Up-to-date: /home/javierfr/Tesis_ws/V1/install/interfaces/share/interfaces/cmake/rosidl_cmake_export_typesupport_targets-extras.cmake
[0.298s] -- Up-to-date: /home/javierfr/Tesis_ws/V1/install/interfaces/share/interfaces/cmake/interfacesConfig.cmake
[0.298s] -- Up-to-date: /home/javierfr/Tesis_ws/V1/install/interfaces/share/interfaces/cmake/interfacesConfig-version.cmake
[0.298s] -- Up-to-date: /home/javierfr/Tesis_ws/V1/install/interfaces/share/interfaces/package.xml
[0.301s] Invoked command in '/home/javierfr/Tesis_ws/V1/build/interfaces' returned '0': CMAKE_PREFIX_PATH=${CMAKE_PREFIX_PATH}:/opt/ros/foxy /usr/bin/cmake --install /home/javierfr/Tesis_ws/V1/build/interfaces
