[0.016s] Invoking command in '/home/javierfr/Tesis_ws/V1/build/img_proc_pkg': CMAKE_PREFIX_PATH=/opt/ros/foxy /usr/bin/cmake --build /home/javierfr/Tesis_ws/V1/build/img_proc_pkg -- -j12 -l12
[0.120s] -- Found ament_cmake: 0.9.8 (/opt/ros/foxy/share/ament_cmake/cmake)
[0.138s] -- Using PYTHON_EXECUTABLE: /usr/bin/python3
[0.411s] -- Found sensor_msgs: 2.0.4 (/opt/ros/foxy/share/sensor_msgs/cmake)
[0.443s] -- Using all available rosidl_typesupport_c: rosidl_typesupport_fastrtps_c;rosidl_typesupport_introspection_c
[0.448s] -- Found rosidl_adapter: 1.2.1 (/opt/ros/foxy/share/rosidl_adapter/cmake)
[0.558s] -- Using all available rosidl_typesupport_cpp: rosidl_typesupport_fastrtps_cpp;rosidl_typesupport_introspection_cpp
[0.713s] -- Found rclcpp: 2.3.1 (/opt/ros/foxy/share/rclcpp/cmake)
[0.741s] -- Found rmw_implementation_cmake: 1.0.3 (/opt/ros/foxy/share/rmw_implementation_cmake/cmake)
[0.743s] -- Using RMW implementation 'rmw_fastrtps_cpp' as default
[0.861s] -- Found image_transport: 2.3.0 (/opt/ros/foxy/share/image_transport/cmake)
[1.271s] -- Found cv_bridge: 2.2.1 (/opt/ros/foxy/share/cv_bridge/cmake)
[1.327s] -- Found interfaces: 0.0.0 (/home/javierfr/Tesis_ws/V1/install/interfaces/share/interfaces/cmake)
[1.630s] -- Configuring done
[2.120s] -- Generating done
[2.172s] -- Build files have been written to: /home/javierfr/Tesis_ws/V1/build/img_proc_pkg
[2.205s] [ 25%] Built target img_proc_node
[2.208s] [ 75%] Built target img_publ_test_node
[2.208s] [ 75%] Built target img_subs_test_node
[2.213s] [35m[1mScanning dependencies of target img_proc_id_node[0m
[2.236s] [ 87%] [32mBuilding CXX object CMakeFiles/img_proc_id_node.dir/src/img_proc_id_node.cpp.o[0m
[4.576s] [01m[K/home/javierfr/Tesis_ws/V1/src/img_proc_pkg/src/img_proc_id_node.cpp:[m[K In member function ‘[01m[Kvoid Img_Proc_Id_Node::topic_callback(sensor_msgs::msg::Image_<std::allocator<void> >::SharedPtr) const[m[K’:
[4.577s] [01m[K/home/javierfr/Tesis_ws/V1/src/img_proc_pkg/src/img_proc_id_node.cpp:130:22:[m[K [01;35m[Kwarning: [m[Kcomparison of integer expressions of different signedness: ‘[01m[Kint[m[K’ and ‘[01m[Kstd::vector<std::vector<cv::Point_<int> > >::size_type[m[K’ {aka ‘[01m[Klong unsigned int[m[K’} [[01;35m[K-Wsign-compare[m[K]
[4.577s]   130 |       for (int i=0; [01;35m[Ki<red_contours.size()[m[K; i++)
[4.577s]       |                     [01;35m[K~^~~~~~~~~~~~~~~~~~~~[m[K
[4.578s] [01m[K/home/javierfr/Tesis_ws/V1/src/img_proc_pkg/src/img_proc_id_node.cpp:163:26:[m[K [01;35m[Kwarning: [m[Kcomparison of integer expressions of different signedness: ‘[01m[Kint[m[K’ and ‘[01m[Kstd::vector<std::vector<cv::Point_<int> > >::size_type[m[K’ {aka ‘[01m[Klong unsigned int[m[K’} [[01;35m[K-Wsign-compare[m[K]
[4.578s]   163 |         for (int ii=1; [01;35m[Kii<red_subcontours.size()[m[K; ii++)
[4.578s]       |                        [01;35m[K~~^~~~~~~~~~~~~~~~~~~~~~~[m[K
[4.580s] [01m[K/home/javierfr/Tesis_ws/V1/src/img_proc_pkg/src/img_proc_id_node.cpp:257:22:[m[K [01;35m[Kwarning: [m[Kcomparison of integer expressions of different signedness: ‘[01m[Kint[m[K’ and ‘[01m[Kstd::vector<std::vector<cv::Point_<int> > >::size_type[m[K’ {aka ‘[01m[Klong unsigned int[m[K’} [[01;35m[K-Wsign-compare[m[K]
[4.580s]   257 |       for (int i=0; [01;35m[Ki<blue_contours.size()[m[K; i++)
[4.580s]       |                     [01;35m[K~^~~~~~~~~~~~~~~~~~~~~[m[K
[4.581s] [01m[K/home/javierfr/Tesis_ws/V1/src/img_proc_pkg/src/img_proc_id_node.cpp:290:26:[m[K [01;35m[Kwarning: [m[Kcomparison of integer expressions of different signedness: ‘[01m[Kint[m[K’ and ‘[01m[Kstd::vector<std::vector<cv::Point_<int> > >::size_type[m[K’ {aka ‘[01m[Klong unsigned int[m[K’} [[01;35m[K-Wsign-compare[m[K]
[4.581s]   290 |         for (int ii=1; [01;35m[Kii<blue_subcontours.size()[m[K; ii++)
[4.581s]       |                        [01;35m[K~~^~~~~~~~~~~~~~~~~~~~~~~~[m[K
[4.582s] [01m[K/home/javierfr/Tesis_ws/V1/src/img_proc_pkg/src/img_proc_id_node.cpp:385:22:[m[K [01;35m[Kwarning: [m[Kcomparison of integer expressions of different signedness: ‘[01m[Kint[m[K’ and ‘[01m[Kstd::vector<std::vector<cv::Point_<int> > >::size_type[m[K’ {aka ‘[01m[Klong unsigned int[m[K’} [[01;35m[K-Wsign-compare[m[K]
[4.583s]   385 |       for (int i=0; [01;35m[Ki<green_contours.size()[m[K; i++)
[4.583s]       |                     [01;35m[K~^~~~~~~~~~~~~~~~~~~~~~[m[K
[4.583s] [01m[K/home/javierfr/Tesis_ws/V1/src/img_proc_pkg/src/img_proc_id_node.cpp:417:26:[m[K [01;35m[Kwarning: [m[Kcomparison of integer expressions of different signedness: ‘[01m[Kint[m[K’ and ‘[01m[Kstd::vector<std::vector<cv::Point_<int> > >::size_type[m[K’ {aka ‘[01m[Klong unsigned int[m[K’} [[01;35m[K-Wsign-compare[m[K]
[4.583s]   417 |         for (int ii=1; [01;35m[Kii<green_subcontours.size()[m[K; ii++)
[4.584s]       |                        [01;35m[K~~^~~~~~~~~~~~~~~~~~~~~~~~~[m[K
[7.748s] [100%] [32m[1mLinking CXX executable img_proc_id_node[0m
[10.575s] /usr/bin/ld: warning: libopencv_imgproc.so.4.2, needed by /opt/ros/foxy/lib/libcv_bridge.so, may conflict with libopencv_imgproc.so.4.5
[10.575s] /usr/bin/ld: warning: libopencv_core.so.4.2, needed by /opt/ros/foxy/lib/libcv_bridge.so, may conflict with libopencv_core.so.4.5
[10.583s] [100%] Built target img_proc_id_node
