[0.213s] DEBUG:colcon:Command line arguments: ['/usr/bin/colcon', 'build']
[0.213s] DEBUG:colcon:Parsed command line arguments: Namespace(ament_cmake_args=None, base_paths=['.'], build_base='build', catkin_cmake_args=None, catkin_skip_building_tests=False, cmake_args=None, cmake_clean_cache=False, cmake_clean_first=False, cmake_force_configure=False, cmake_target=None, cmake_target_skip_unavailable=False, continue_on_error=False, event_handlers=None, executor='parallel', ignore_user_meta=False, install_base='install', log_base=None, log_level=None, main=<bound method BuildVerb.main of <colcon_core.verb.build.BuildVerb object at 0x7f5606068700>>, merge_install=False, metas=['./colcon.meta'], packages_above=None, packages_above_and_dependencies=None, packages_above_depth=None, packages_end=None, packages_ignore=None, packages_ignore_regex=None, packages_select=None, packages_select_build_failed=False, packages_select_by_dep=None, packages_select_regex=None, packages_select_test_failures=False, packages_skip=None, packages_skip_build_finished=False, packages_skip_by_dep=None, packages_skip_regex=None, packages_skip_test_passed=False, packages_skip_up_to=None, packages_start=None, packages_up_to=None, packages_up_to_regex=None, parallel_workers=12, paths=None, symlink_install=False, test_result_base=None, verb_extension=<colcon_core.verb.build.BuildVerb object at 0x7f5606068700>, verb_name='build', verb_parser=<colcon_defaults.argument_parser.defaults.DefaultArgumentsDecorator object at 0x7f5606068bb0>)
[0.216s] Level 1:colcon.colcon_core.package_discovery:discover_packages(colcon_meta) check parameters
[0.216s] Level 1:colcon.colcon_core.package_discovery:discover_packages(recursive) check parameters
[0.216s] Level 1:colcon.colcon_core.package_discovery:discover_packages(ignore) check parameters
[0.216s] Level 1:colcon.colcon_core.package_discovery:discover_packages(path) check parameters
[0.216s] Level 1:colcon.colcon_core.package_discovery:discover_packages(colcon_meta) discover
[0.216s] Level 1:colcon.colcon_core.package_discovery:discover_packages(recursive) discover
[0.217s] INFO:colcon.colcon_core.package_discovery:Crawling recursively for packages in '/home/javierfr/Tesis_ws/V1'
[0.217s] Level 1:colcon.colcon_core.package_identification:_identify(.) by extensions ['ignore', 'ignore_ament_install']
[0.217s] Level 1:colcon.colcon_core.package_identification:_identify(.) by extension 'ignore'
[0.217s] Level 1:colcon.colcon_core.package_identification:_identify(.) by extension 'ignore_ament_install'
[0.217s] Level 1:colcon.colcon_core.package_identification:_identify(.) by extensions ['colcon_pkg']
[0.217s] Level 1:colcon.colcon_core.package_identification:_identify(.) by extension 'colcon_pkg'
[0.217s] Level 1:colcon.colcon_core.package_identification:_identify(.) by extensions ['colcon_meta']
[0.217s] Level 1:colcon.colcon_core.package_identification:_identify(.) by extension 'colcon_meta'
[0.217s] Level 1:colcon.colcon_core.package_identification:_identify(.) by extensions ['ros']
[0.217s] Level 1:colcon.colcon_core.package_identification:_identify(.) by extension 'ros'
[0.225s] Level 1:colcon.colcon_core.package_identification:_identify(.) by extensions ['cmake', 'python']
[0.225s] Level 1:colcon.colcon_core.package_identification:_identify(.) by extension 'cmake'
[0.225s] Level 1:colcon.colcon_core.package_identification:_identify(.) by extension 'python'
[0.225s] Level 1:colcon.colcon_core.package_identification:_identify(.) by extensions ['python_setup_py']
[0.225s] Level 1:colcon.colcon_core.package_identification:_identify(.) by extension 'python_setup_py'
[0.225s] Level 1:colcon.colcon_core.package_identification:_identify(build) by extensions ['ignore', 'ignore_ament_install']
[0.225s] Level 1:colcon.colcon_core.package_identification:_identify(build) by extension 'ignore'
[0.225s] Level 1:colcon.colcon_core.package_identification:_identify(build) ignored
[0.226s] Level 1:colcon.colcon_core.package_identification:_identify(data) by extensions ['ignore', 'ignore_ament_install']
[0.226s] Level 1:colcon.colcon_core.package_identification:_identify(data) by extension 'ignore'
[0.226s] Level 1:colcon.colcon_core.package_identification:_identify(data) by extension 'ignore_ament_install'
[0.226s] Level 1:colcon.colcon_core.package_identification:_identify(data) by extensions ['colcon_pkg']
[0.226s] Level 1:colcon.colcon_core.package_identification:_identify(data) by extension 'colcon_pkg'
[0.226s] Level 1:colcon.colcon_core.package_identification:_identify(data) by extensions ['colcon_meta']
[0.226s] Level 1:colcon.colcon_core.package_identification:_identify(data) by extension 'colcon_meta'
[0.226s] Level 1:colcon.colcon_core.package_identification:_identify(data) by extensions ['ros']
[0.226s] Level 1:colcon.colcon_core.package_identification:_identify(data) by extension 'ros'
[0.226s] Level 1:colcon.colcon_core.package_identification:_identify(data) by extensions ['cmake', 'python']
[0.226s] Level 1:colcon.colcon_core.package_identification:_identify(data) by extension 'cmake'
[0.226s] Level 1:colcon.colcon_core.package_identification:_identify(data) by extension 'python'
[0.226s] Level 1:colcon.colcon_core.package_identification:_identify(data) by extensions ['python_setup_py']
[0.226s] Level 1:colcon.colcon_core.package_identification:_identify(data) by extension 'python_setup_py'
[0.226s] Level 1:colcon.colcon_core.package_identification:_identify(install) by extensions ['ignore', 'ignore_ament_install']
[0.226s] Level 1:colcon.colcon_core.package_identification:_identify(install) by extension 'ignore'
[0.226s] Level 1:colcon.colcon_core.package_identification:_identify(install) ignored
[0.227s] Level 1:colcon.colcon_core.package_identification:_identify(log) by extensions ['ignore', 'ignore_ament_install']
[0.227s] Level 1:colcon.colcon_core.package_identification:_identify(log) by extension 'ignore'
[0.227s] Level 1:colcon.colcon_core.package_identification:_identify(log) ignored
[0.227s] Level 1:colcon.colcon_core.package_identification:_identify(src) by extensions ['ignore', 'ignore_ament_install']
[0.227s] Level 1:colcon.colcon_core.package_identification:_identify(src) by extension 'ignore'
[0.227s] Level 1:colcon.colcon_core.package_identification:_identify(src) by extension 'ignore_ament_install'
[0.227s] Level 1:colcon.colcon_core.package_identification:_identify(src) by extensions ['colcon_pkg']
[0.227s] Level 1:colcon.colcon_core.package_identification:_identify(src) by extension 'colcon_pkg'
[0.227s] Level 1:colcon.colcon_core.package_identification:_identify(src) by extensions ['colcon_meta']
[0.227s] Level 1:colcon.colcon_core.package_identification:_identify(src) by extension 'colcon_meta'
[0.227s] Level 1:colcon.colcon_core.package_identification:_identify(src) by extensions ['ros']
[0.227s] Level 1:colcon.colcon_core.package_identification:_identify(src) by extension 'ros'
[0.227s] Level 1:colcon.colcon_core.package_identification:_identify(src) by extensions ['cmake', 'python']
[0.227s] Level 1:colcon.colcon_core.package_identification:_identify(src) by extension 'cmake'
[0.227s] Level 1:colcon.colcon_core.package_identification:_identify(src) by extension 'python'
[0.227s] Level 1:colcon.colcon_core.package_identification:_identify(src) by extensions ['python_setup_py']
[0.227s] Level 1:colcon.colcon_core.package_identification:_identify(src) by extension 'python_setup_py'
[0.227s] Level 1:colcon.colcon_core.package_identification:_identify(src/control_pkg) by extensions ['ignore', 'ignore_ament_install']
[0.227s] Level 1:colcon.colcon_core.package_identification:_identify(src/control_pkg) by extension 'ignore'
[0.227s] Level 1:colcon.colcon_core.package_identification:_identify(src/control_pkg) by extension 'ignore_ament_install'
[0.227s] Level 1:colcon.colcon_core.package_identification:_identify(src/control_pkg) by extensions ['colcon_pkg']
[0.228s] Level 1:colcon.colcon_core.package_identification:_identify(src/control_pkg) by extension 'colcon_pkg'
[0.228s] Level 1:colcon.colcon_core.package_identification:_identify(src/control_pkg) by extensions ['colcon_meta']
[0.228s] Level 1:colcon.colcon_core.package_identification:_identify(src/control_pkg) by extension 'colcon_meta'
[0.228s] Level 1:colcon.colcon_core.package_identification:_identify(src/control_pkg) by extensions ['ros']
[0.228s] Level 1:colcon.colcon_core.package_identification:_identify(src/control_pkg) by extension 'ros'
[0.229s] DEBUG:colcon.colcon_core.package_identification:Package 'src/control_pkg' with type 'ros.ament_cmake' and name 'control_pkg'
[0.229s] Level 1:colcon.colcon_core.package_identification:_identify(src/gazebo_plugin_sim) by extensions ['ignore', 'ignore_ament_install']
[0.229s] Level 1:colcon.colcon_core.package_identification:_identify(src/gazebo_plugin_sim) by extension 'ignore'
[0.229s] Level 1:colcon.colcon_core.package_identification:_identify(src/gazebo_plugin_sim) by extension 'ignore_ament_install'
[0.229s] Level 1:colcon.colcon_core.package_identification:_identify(src/gazebo_plugin_sim) by extensions ['colcon_pkg']
[0.229s] Level 1:colcon.colcon_core.package_identification:_identify(src/gazebo_plugin_sim) by extension 'colcon_pkg'
[0.229s] Level 1:colcon.colcon_core.package_identification:_identify(src/gazebo_plugin_sim) by extensions ['colcon_meta']
[0.230s] Level 1:colcon.colcon_core.package_identification:_identify(src/gazebo_plugin_sim) by extension 'colcon_meta'
[0.230s] Level 1:colcon.colcon_core.package_identification:_identify(src/gazebo_plugin_sim) by extensions ['ros']
[0.230s] Level 1:colcon.colcon_core.package_identification:_identify(src/gazebo_plugin_sim) by extension 'ros'
[0.230s] DEBUG:colcon.colcon_core.package_identification:Package 'src/gazebo_plugin_sim' with type 'ros.ament_cmake' and name 'gazebo_plugin_sim'
[0.230s] Level 1:colcon.colcon_core.package_identification:_identify(src/img_proc_pkg) by extensions ['ignore', 'ignore_ament_install']
[0.230s] Level 1:colcon.colcon_core.package_identification:_identify(src/img_proc_pkg) by extension 'ignore'
[0.230s] Level 1:colcon.colcon_core.package_identification:_identify(src/img_proc_pkg) by extension 'ignore_ament_install'
[0.230s] Level 1:colcon.colcon_core.package_identification:_identify(src/img_proc_pkg) by extensions ['colcon_pkg']
[0.230s] Level 1:colcon.colcon_core.package_identification:_identify(src/img_proc_pkg) by extension 'colcon_pkg'
[0.230s] Level 1:colcon.colcon_core.package_identification:_identify(src/img_proc_pkg) by extensions ['colcon_meta']
[0.230s] Level 1:colcon.colcon_core.package_identification:_identify(src/img_proc_pkg) by extension 'colcon_meta'
[0.230s] Level 1:colcon.colcon_core.package_identification:_identify(src/img_proc_pkg) by extensions ['ros']
[0.231s] Level 1:colcon.colcon_core.package_identification:_identify(src/img_proc_pkg) by extension 'ros'
[0.231s] DEBUG:colcon.colcon_core.package_identification:Package 'src/img_proc_pkg' with type 'ros.ament_cmake' and name 'img_proc_pkg'
[0.231s] Level 1:colcon.colcon_core.package_identification:_identify(src/interfaces) by extensions ['ignore', 'ignore_ament_install']
[0.231s] Level 1:colcon.colcon_core.package_identification:_identify(src/interfaces) by extension 'ignore'
[0.231s] Level 1:colcon.colcon_core.package_identification:_identify(src/interfaces) by extension 'ignore_ament_install'
[0.231s] Level 1:colcon.colcon_core.package_identification:_identify(src/interfaces) by extensions ['colcon_pkg']
[0.231s] Level 1:colcon.colcon_core.package_identification:_identify(src/interfaces) by extension 'colcon_pkg'
[0.231s] Level 1:colcon.colcon_core.package_identification:_identify(src/interfaces) by extensions ['colcon_meta']
[0.231s] Level 1:colcon.colcon_core.package_identification:_identify(src/interfaces) by extension 'colcon_meta'
[0.231s] Level 1:colcon.colcon_core.package_identification:_identify(src/interfaces) by extensions ['ros']
[0.231s] Level 1:colcon.colcon_core.package_identification:_identify(src/interfaces) by extension 'ros'
[0.231s] DEBUG:colcon.colcon_core.package_identification:Package 'src/interfaces' with type 'ros.ament_cmake' and name 'interfaces'
[0.232s] Level 1:colcon.colcon_core.package_identification:_identify(src/inv_kinematics_pkg) by extensions ['ignore', 'ignore_ament_install']
[0.232s] Level 1:colcon.colcon_core.package_identification:_identify(src/inv_kinematics_pkg) by extension 'ignore'
[0.232s] Level 1:colcon.colcon_core.package_identification:_identify(src/inv_kinematics_pkg) by extension 'ignore_ament_install'
[0.232s] Level 1:colcon.colcon_core.package_identification:_identify(src/inv_kinematics_pkg) by extensions ['colcon_pkg']
[0.232s] Level 1:colcon.colcon_core.package_identification:_identify(src/inv_kinematics_pkg) by extension 'colcon_pkg'
[0.232s] Level 1:colcon.colcon_core.package_identification:_identify(src/inv_kinematics_pkg) by extensions ['colcon_meta']
[0.232s] Level 1:colcon.colcon_core.package_identification:_identify(src/inv_kinematics_pkg) by extension 'colcon_meta'
[0.232s] Level 1:colcon.colcon_core.package_identification:_identify(src/inv_kinematics_pkg) by extensions ['ros']
[0.232s] Level 1:colcon.colcon_core.package_identification:_identify(src/inv_kinematics_pkg) by extension 'ros'
[0.232s] DEBUG:colcon.colcon_core.package_identification:Package 'src/inv_kinematics_pkg' with type 'ros.ament_cmake' and name 'inv_kinematics_pkg'
[0.232s] Level 1:colcon.colcon_core.package_discovery:discover_packages(recursive) using defaults
[0.232s] Level 1:colcon.colcon_core.package_discovery:discover_packages(ignore) discover
[0.232s] Level 1:colcon.colcon_core.package_discovery:discover_packages(ignore) using defaults
[0.232s] Level 1:colcon.colcon_core.package_discovery:discover_packages(path) discover
[0.232s] Level 1:colcon.colcon_core.package_discovery:discover_packages(path) using defaults
[0.246s] Level 5:colcon.colcon_core.verb:set package 'gazebo_plugin_sim' build argument 'cmake_args' from command line to 'None'
[0.246s] Level 5:colcon.colcon_core.verb:set package 'gazebo_plugin_sim' build argument 'cmake_target' from command line to 'None'
[0.246s] Level 5:colcon.colcon_core.verb:set package 'gazebo_plugin_sim' build argument 'cmake_target_skip_unavailable' from command line to 'False'
[0.246s] Level 5:colcon.colcon_core.verb:set package 'gazebo_plugin_sim' build argument 'cmake_clean_cache' from command line to 'False'
[0.246s] Level 5:colcon.colcon_core.verb:set package 'gazebo_plugin_sim' build argument 'cmake_clean_first' from command line to 'False'
[0.246s] Level 5:colcon.colcon_core.verb:set package 'gazebo_plugin_sim' build argument 'cmake_force_configure' from command line to 'False'
[0.246s] Level 5:colcon.colcon_core.verb:set package 'gazebo_plugin_sim' build argument 'ament_cmake_args' from command line to 'None'
[0.246s] Level 5:colcon.colcon_core.verb:set package 'gazebo_plugin_sim' build argument 'catkin_cmake_args' from command line to 'None'
[0.246s] Level 5:colcon.colcon_core.verb:set package 'gazebo_plugin_sim' build argument 'catkin_skip_building_tests' from command line to 'False'
[0.246s] DEBUG:colcon.colcon_core.verb:Building package 'gazebo_plugin_sim' with the following arguments: {'ament_cmake_args': None, 'build_base': '/home/javierfr/Tesis_ws/V1/build/gazebo_plugin_sim', 'catkin_cmake_args': None, 'catkin_skip_building_tests': False, 'cmake_args': None, 'cmake_clean_cache': False, 'cmake_clean_first': False, 'cmake_force_configure': False, 'cmake_target': None, 'cmake_target_skip_unavailable': False, 'install_base': '/home/javierfr/Tesis_ws/V1/install/gazebo_plugin_sim', 'merge_install': False, 'path': '/home/javierfr/Tesis_ws/V1/src/gazebo_plugin_sim', 'symlink_install': False, 'test_result_base': None}
[0.248s] Level 5:colcon.colcon_core.verb:set package 'img_proc_pkg' build argument 'cmake_args' from command line to 'None'
[0.248s] Level 5:colcon.colcon_core.verb:set package 'img_proc_pkg' build argument 'cmake_target' from command line to 'None'
[0.248s] Level 5:colcon.colcon_core.verb:set package 'img_proc_pkg' build argument 'cmake_target_skip_unavailable' from command line to 'False'
[0.248s] Level 5:colcon.colcon_core.verb:set package 'img_proc_pkg' build argument 'cmake_clean_cache' from command line to 'False'
[0.248s] Level 5:colcon.colcon_core.verb:set package 'img_proc_pkg' build argument 'cmake_clean_first' from command line to 'False'
[0.248s] Level 5:colcon.colcon_core.verb:set package 'img_proc_pkg' build argument 'cmake_force_configure' from command line to 'False'
[0.248s] Level 5:colcon.colcon_core.verb:set package 'img_proc_pkg' build argument 'ament_cmake_args' from command line to 'None'
[0.248s] Level 5:colcon.colcon_core.verb:set package 'img_proc_pkg' build argument 'catkin_cmake_args' from command line to 'None'
[0.248s] Level 5:colcon.colcon_core.verb:set package 'img_proc_pkg' build argument 'catkin_skip_building_tests' from command line to 'False'
[0.248s] DEBUG:colcon.colcon_core.verb:Building package 'img_proc_pkg' with the following arguments: {'ament_cmake_args': None, 'build_base': '/home/javierfr/Tesis_ws/V1/build/img_proc_pkg', 'catkin_cmake_args': None, 'catkin_skip_building_tests': False, 'cmake_args': None, 'cmake_clean_cache': False, 'cmake_clean_first': False, 'cmake_force_configure': False, 'cmake_target': None, 'cmake_target_skip_unavailable': False, 'install_base': '/home/javierfr/Tesis_ws/V1/install/img_proc_pkg', 'merge_install': False, 'path': '/home/javierfr/Tesis_ws/V1/src/img_proc_pkg', 'symlink_install': False, 'test_result_base': None}
[0.249s] Level 5:colcon.colcon_core.verb:set package 'interfaces' build argument 'cmake_args' from command line to 'None'
[0.249s] Level 5:colcon.colcon_core.verb:set package 'interfaces' build argument 'cmake_target' from command line to 'None'
[0.249s] Level 5:colcon.colcon_core.verb:set package 'interfaces' build argument 'cmake_target_skip_unavailable' from command line to 'False'
[0.249s] Level 5:colcon.colcon_core.verb:set package 'interfaces' build argument 'cmake_clean_cache' from command line to 'False'
[0.249s] Level 5:colcon.colcon_core.verb:set package 'interfaces' build argument 'cmake_clean_first' from command line to 'False'
[0.250s] Level 5:colcon.colcon_core.verb:set package 'interfaces' build argument 'cmake_force_configure' from command line to 'False'
[0.250s] Level 5:colcon.colcon_core.verb:set package 'interfaces' build argument 'ament_cmake_args' from command line to 'None'
[0.250s] Level 5:colcon.colcon_core.verb:set package 'interfaces' build argument 'catkin_cmake_args' from command line to 'None'
[0.250s] Level 5:colcon.colcon_core.verb:set package 'interfaces' build argument 'catkin_skip_building_tests' from command line to 'False'
[0.250s] DEBUG:colcon.colcon_core.verb:Building package 'interfaces' with the following arguments: {'ament_cmake_args': None, 'build_base': '/home/javierfr/Tesis_ws/V1/build/interfaces', 'catkin_cmake_args': None, 'catkin_skip_building_tests': False, 'cmake_args': None, 'cmake_clean_cache': False, 'cmake_clean_first': False, 'cmake_force_configure': False, 'cmake_target': None, 'cmake_target_skip_unavailable': False, 'install_base': '/home/javierfr/Tesis_ws/V1/install/interfaces', 'merge_install': False, 'path': '/home/javierfr/Tesis_ws/V1/src/interfaces', 'symlink_install': False, 'test_result_base': None}
[0.251s] Level 5:colcon.colcon_core.verb:set package 'control_pkg' build argument 'cmake_args' from command line to 'None'
[0.251s] Level 5:colcon.colcon_core.verb:set package 'control_pkg' build argument 'cmake_target' from command line to 'None'
[0.251s] Level 5:colcon.colcon_core.verb:set package 'control_pkg' build argument 'cmake_target_skip_unavailable' from command line to 'False'
[0.251s] Level 5:colcon.colcon_core.verb:set package 'control_pkg' build argument 'cmake_clean_cache' from command line to 'False'
[0.251s] Level 5:colcon.colcon_core.verb:set package 'control_pkg' build argument 'cmake_clean_first' from command line to 'False'
[0.251s] Level 5:colcon.colcon_core.verb:set package 'control_pkg' build argument 'cmake_force_configure' from command line to 'False'
[0.251s] Level 5:colcon.colcon_core.verb:set package 'control_pkg' build argument 'ament_cmake_args' from command line to 'None'
[0.251s] Level 5:colcon.colcon_core.verb:set package 'control_pkg' build argument 'catkin_cmake_args' from command line to 'None'
[0.251s] Level 5:colcon.colcon_core.verb:set package 'control_pkg' build argument 'catkin_skip_building_tests' from command line to 'False'
[0.251s] DEBUG:colcon.colcon_core.verb:Building package 'control_pkg' with the following arguments: {'ament_cmake_args': None, 'build_base': '/home/javierfr/Tesis_ws/V1/build/control_pkg', 'catkin_cmake_args': None, 'catkin_skip_building_tests': False, 'cmake_args': None, 'cmake_clean_cache': False, 'cmake_clean_first': False, 'cmake_force_configure': False, 'cmake_target': None, 'cmake_target_skip_unavailable': False, 'install_base': '/home/javierfr/Tesis_ws/V1/install/control_pkg', 'merge_install': False, 'path': '/home/javierfr/Tesis_ws/V1/src/control_pkg', 'symlink_install': False, 'test_result_base': None}
[0.253s] Level 5:colcon.colcon_core.verb:set package 'inv_kinematics_pkg' build argument 'cmake_args' from command line to 'None'
[0.253s] Level 5:colcon.colcon_core.verb:set package 'inv_kinematics_pkg' build argument 'cmake_target' from command line to 'None'
[0.253s] Level 5:colcon.colcon_core.verb:set package 'inv_kinematics_pkg' build argument 'cmake_target_skip_unavailable' from command line to 'False'
[0.253s] Level 5:colcon.colcon_core.verb:set package 'inv_kinematics_pkg' build argument 'cmake_clean_cache' from command line to 'False'
[0.253s] Level 5:colcon.colcon_core.verb:set package 'inv_kinematics_pkg' build argument 'cmake_clean_first' from command line to 'False'
[0.253s] Level 5:colcon.colcon_core.verb:set package 'inv_kinematics_pkg' build argument 'cmake_force_configure' from command line to 'False'
[0.253s] Level 5:colcon.colcon_core.verb:set package 'inv_kinematics_pkg' build argument 'ament_cmake_args' from command line to 'None'
[0.253s] Level 5:colcon.colcon_core.verb:set package 'inv_kinematics_pkg' build argument 'catkin_cmake_args' from command line to 'None'
[0.253s] Level 5:colcon.colcon_core.verb:set package 'inv_kinematics_pkg' build argument 'catkin_skip_building_tests' from command line to 'False'
[0.253s] DEBUG:colcon.colcon_core.verb:Building package 'inv_kinematics_pkg' with the following arguments: {'ament_cmake_args': None, 'build_base': '/home/javierfr/Tesis_ws/V1/build/inv_kinematics_pkg', 'catkin_cmake_args': None, 'catkin_skip_building_tests': False, 'cmake_args': None, 'cmake_clean_cache': False, 'cmake_clean_first': False, 'cmake_force_configure': False, 'cmake_target': None, 'cmake_target_skip_unavailable': False, 'install_base': '/home/javierfr/Tesis_ws/V1/install/inv_kinematics_pkg', 'merge_install': False, 'path': '/home/javierfr/Tesis_ws/V1/src/inv_kinematics_pkg', 'symlink_install': False, 'test_result_base': None}
[0.253s] INFO:colcon.colcon_core.executor:Executing jobs using 'parallel' executor
[0.255s] DEBUG:colcon.colcon_parallel_executor.executor.parallel:run_until_complete
[0.255s] INFO:colcon.colcon_ros.task.ament_cmake.build:Building ROS package in '/home/javierfr/Tesis_ws/V1/src/interfaces' with build type 'ament_cmake'
[0.255s] INFO:colcon.colcon_cmake.task.cmake.build:Building CMake package in '/home/javierfr/Tesis_ws/V1/src/interfaces'
[0.258s] INFO:colcon.colcon_core.plugin_system:Skipping extension 'colcon_core.shell.bat': Not used on non-Windows systems
[0.258s] INFO:colcon.colcon_core.shell:Skip shell extension 'powershell' for command environment: Not usable outside of PowerShell
[0.258s] DEBUG:colcon.colcon_core.shell:Skip shell extension 'dsv' for command environment
[0.260s] DEBUG:colcon.colcon_core.shell:Ignoring prefix path '/opt/ros/foxy'
[0.262s] INFO:colcon.colcon_ros.task.ament_cmake.build:Building ROS package in '/home/javierfr/Tesis_ws/V1/src/gazebo_plugin_sim' with build type 'ament_cmake'
[0.262s] INFO:colcon.colcon_cmake.task.cmake.build:Building CMake package in '/home/javierfr/Tesis_ws/V1/src/gazebo_plugin_sim'
[0.263s] INFO:colcon.colcon_core.shell:Skip shell extension 'powershell' for command environment: Not usable outside of PowerShell
[0.263s] DEBUG:colcon.colcon_core.shell:Skip shell extension 'dsv' for command environment
[0.264s] DEBUG:colcon.colcon_core.shell:Ignoring prefix path '/opt/ros/foxy'
[0.266s] INFO:colcon.colcon_ros.task.ament_cmake.build:Building ROS package in '/home/javierfr/Tesis_ws/V1/src/img_proc_pkg' with build type 'ament_cmake'
[0.266s] INFO:colcon.colcon_cmake.task.cmake.build:Building CMake package in '/home/javierfr/Tesis_ws/V1/src/img_proc_pkg'
[0.267s] INFO:colcon.colcon_core.shell:Skip shell extension 'powershell' for command environment: Not usable outside of PowerShell
[0.267s] DEBUG:colcon.colcon_core.shell:Skip shell extension 'dsv' for command environment
[0.269s] DEBUG:colcon.colcon_core.shell:Ignoring prefix path '/opt/ros/foxy'
[0.278s] DEBUG:colcon.colcon_core.event_handler.log_command:Invoking command in '/home/javierfr/Tesis_ws/V1/build/interfaces': CMAKE_PREFIX_PATH=${CMAKE_PREFIX_PATH}:/opt/ros/foxy /usr/bin/cmake --build /home/javierfr/Tesis_ws/V1/build/interfaces -- -j12 -l12
[0.282s] DEBUG:colcon.colcon_core.event_handler.log_command:Invoking command in '/home/javierfr/Tesis_ws/V1/build/gazebo_plugin_sim': CMAKE_PREFIX_PATH=${CMAKE_PREFIX_PATH}:/opt/ros/foxy /usr/bin/cmake --build /home/javierfr/Tesis_ws/V1/build/gazebo_plugin_sim -- -j12 -l12
[0.286s] DEBUG:colcon.colcon_core.event_handler.log_command:Invoking command in '/home/javierfr/Tesis_ws/V1/build/img_proc_pkg': CMAKE_PREFIX_PATH=${CMAKE_PREFIX_PATH}:/opt/ros/foxy /usr/bin/cmake --build /home/javierfr/Tesis_ws/V1/build/img_proc_pkg -- -j12 -l12
[0.398s] DEBUG:colcon.colcon_core.event_handler.log_command:Invoked command in '/home/javierfr/Tesis_ws/V1/build/img_proc_pkg' returned '0': CMAKE_PREFIX_PATH=${CMAKE_PREFIX_PATH}:/opt/ros/foxy /usr/bin/cmake --build /home/javierfr/Tesis_ws/V1/build/img_proc_pkg -- -j12 -l12
[0.408s] DEBUG:colcon.colcon_core.event_handler.log_command:Invoked command in '/home/javierfr/Tesis_ws/V1/build/gazebo_plugin_sim' returned '0': CMAKE_PREFIX_PATH=${CMAKE_PREFIX_PATH}:/opt/ros/foxy /usr/bin/cmake --build /home/javierfr/Tesis_ws/V1/build/gazebo_plugin_sim -- -j12 -l12
[0.432s] DEBUG:colcon.colcon_core.event_handler.log_command:Invoking command in '/home/javierfr/Tesis_ws/V1/build/img_proc_pkg': CMAKE_PREFIX_PATH=${CMAKE_PREFIX_PATH}:/opt/ros/foxy /usr/bin/cmake --install /home/javierfr/Tesis_ws/V1/build/img_proc_pkg
[0.434s] DEBUG:colcon.colcon_core.event_handler.log_command:Invoking command in '/home/javierfr/Tesis_ws/V1/build/gazebo_plugin_sim': CMAKE_PREFIX_PATH=${CMAKE_PREFIX_PATH}:/opt/ros/foxy /usr/bin/cmake --install /home/javierfr/Tesis_ws/V1/build/gazebo_plugin_sim
[0.442s] Level 1:colcon.colcon_core.environment:create_environment_scripts_only(img_proc_pkg)
[0.443s] DEBUG:colcon.colcon_core.event_handler.log_command:Invoked command in '/home/javierfr/Tesis_ws/V1/build/img_proc_pkg' returned '0': CMAKE_PREFIX_PATH=${CMAKE_PREFIX_PATH}:/opt/ros/foxy /usr/bin/cmake --install /home/javierfr/Tesis_ws/V1/build/img_proc_pkg
[0.447s] Level 1:colcon.colcon_core.environment:checking '/home/javierfr/Tesis_ws/V1/install/img_proc_pkg' for CMake module files
[0.448s] Level 1:colcon.colcon_core.environment:checking '/home/javierfr/Tesis_ws/V1/install/img_proc_pkg' for CMake config files
[0.449s] Level 1:colcon.colcon_core.shell:create_environment_hook('img_proc_pkg', 'cmake_prefix_path')
[0.449s] INFO:colcon.colcon_core.shell:Creating environment hook '/home/javierfr/Tesis_ws/V1/install/img_proc_pkg/share/img_proc_pkg/hook/cmake_prefix_path.ps1'
[0.450s] INFO:colcon.colcon_core.shell:Creating environment descriptor '/home/javierfr/Tesis_ws/V1/install/img_proc_pkg/share/img_proc_pkg/hook/cmake_prefix_path.dsv'
[0.450s] INFO:colcon.colcon_core.shell:Creating environment hook '/home/javierfr/Tesis_ws/V1/install/img_proc_pkg/share/img_proc_pkg/hook/cmake_prefix_path.sh'
[0.451s] Level 1:colcon.colcon_core.environment:checking '/home/javierfr/Tesis_ws/V1/install/img_proc_pkg/lib'
[0.451s] Level 1:colcon.colcon_core.environment:checking '/home/javierfr/Tesis_ws/V1/install/img_proc_pkg/bin'
[0.451s] Level 1:colcon.colcon_core.environment:checking '/home/javierfr/Tesis_ws/V1/install/img_proc_pkg/lib/pkgconfig/img_proc_pkg.pc'
[0.451s] Level 1:colcon.colcon_core.environment:checking '/home/javierfr/Tesis_ws/V1/install/img_proc_pkg/lib/python3.8/site-packages'
[0.452s] INFO:colcon.colcon_core.shell:Creating package script '/home/javierfr/Tesis_ws/V1/install/img_proc_pkg/share/img_proc_pkg/package.ps1'
[0.452s] INFO:colcon.colcon_core.shell:Creating package descriptor '/home/javierfr/Tesis_ws/V1/install/img_proc_pkg/share/img_proc_pkg/package.dsv'
[0.453s] INFO:colcon.colcon_core.shell:Creating package script '/home/javierfr/Tesis_ws/V1/install/img_proc_pkg/share/img_proc_pkg/package.sh'
[0.453s] INFO:colcon.colcon_core.shell:Creating package script '/home/javierfr/Tesis_ws/V1/install/img_proc_pkg/share/img_proc_pkg/package.bash'
[0.454s] INFO:colcon.colcon_core.shell:Creating package script '/home/javierfr/Tesis_ws/V1/install/img_proc_pkg/share/img_proc_pkg/package.zsh'
[0.454s] Level 1:colcon.colcon_core.environment:create_file_with_runtime_dependencies(/home/javierfr/Tesis_ws/V1/install/img_proc_pkg/share/colcon-core/packages/img_proc_pkg)
[0.457s] Level 1:colcon.colcon_core.environment:create_environment_scripts_only(gazebo_plugin_sim)
[0.458s] Level 1:colcon.colcon_core.environment:checking '/home/javierfr/Tesis_ws/V1/install/gazebo_plugin_sim' for CMake module files
[0.459s] DEBUG:colcon.colcon_core.event_handler.log_command:Invoked command in '/home/javierfr/Tesis_ws/V1/build/gazebo_plugin_sim' returned '0': CMAKE_PREFIX_PATH=${CMAKE_PREFIX_PATH}:/opt/ros/foxy /usr/bin/cmake --install /home/javierfr/Tesis_ws/V1/build/gazebo_plugin_sim
[0.459s] Level 1:colcon.colcon_core.environment:checking '/home/javierfr/Tesis_ws/V1/install/gazebo_plugin_sim' for CMake config files
[0.459s] Level 1:colcon.colcon_core.shell:create_environment_hook('gazebo_plugin_sim', 'cmake_prefix_path')
[0.459s] INFO:colcon.colcon_core.shell:Creating environment hook '/home/javierfr/Tesis_ws/V1/install/gazebo_plugin_sim/share/gazebo_plugin_sim/hook/cmake_prefix_path.ps1'
[0.460s] INFO:colcon.colcon_core.shell:Creating environment descriptor '/home/javierfr/Tesis_ws/V1/install/gazebo_plugin_sim/share/gazebo_plugin_sim/hook/cmake_prefix_path.dsv'
[0.460s] INFO:colcon.colcon_core.shell:Creating environment hook '/home/javierfr/Tesis_ws/V1/install/gazebo_plugin_sim/share/gazebo_plugin_sim/hook/cmake_prefix_path.sh'
[0.460s] Level 1:colcon.colcon_core.environment:checking '/home/javierfr/Tesis_ws/V1/install/gazebo_plugin_sim/lib'
[0.460s] Level 1:colcon.colcon_core.shell:create_environment_hook('gazebo_plugin_sim', 'ld_library_path_lib')
[0.461s] INFO:colcon.colcon_core.shell:Creating environment hook '/home/javierfr/Tesis_ws/V1/install/gazebo_plugin_sim/share/gazebo_plugin_sim/hook/ld_library_path_lib.ps1'
[0.461s] INFO:colcon.colcon_core.shell:Creating environment descriptor '/home/javierfr/Tesis_ws/V1/install/gazebo_plugin_sim/share/gazebo_plugin_sim/hook/ld_library_path_lib.dsv'
[0.461s] INFO:colcon.colcon_core.shell:Creating environment hook '/home/javierfr/Tesis_ws/V1/install/gazebo_plugin_sim/share/gazebo_plugin_sim/hook/ld_library_path_lib.sh'
[0.462s] Level 1:colcon.colcon_core.environment:checking '/home/javierfr/Tesis_ws/V1/install/gazebo_plugin_sim/bin'
[0.462s] Level 1:colcon.colcon_core.environment:checking '/home/javierfr/Tesis_ws/V1/install/gazebo_plugin_sim/lib/pkgconfig/gazebo_plugin_sim.pc'
[0.462s] Level 1:colcon.colcon_core.environment:checking '/home/javierfr/Tesis_ws/V1/install/gazebo_plugin_sim/lib/python3.8/site-packages'
[0.462s] INFO:colcon.colcon_core.shell:Creating package script '/home/javierfr/Tesis_ws/V1/install/gazebo_plugin_sim/share/gazebo_plugin_sim/package.ps1'
[0.462s] INFO:colcon.colcon_core.shell:Creating package descriptor '/home/javierfr/Tesis_ws/V1/install/gazebo_plugin_sim/share/gazebo_plugin_sim/package.dsv'
[0.463s] INFO:colcon.colcon_core.shell:Creating package script '/home/javierfr/Tesis_ws/V1/install/gazebo_plugin_sim/share/gazebo_plugin_sim/package.sh'
[0.463s] INFO:colcon.colcon_core.shell:Creating package script '/home/javierfr/Tesis_ws/V1/install/gazebo_plugin_sim/share/gazebo_plugin_sim/package.bash'
[0.463s] INFO:colcon.colcon_core.shell:Creating package script '/home/javierfr/Tesis_ws/V1/install/gazebo_plugin_sim/share/gazebo_plugin_sim/package.zsh'
[0.464s] Level 1:colcon.colcon_core.environment:create_file_with_runtime_dependencies(/home/javierfr/Tesis_ws/V1/install/gazebo_plugin_sim/share/colcon-core/packages/gazebo_plugin_sim)
[0.478s] Level 1:colcon.colcon_core.environment:create_environment_scripts_only(img_proc_pkg)
[0.479s] Level 1:colcon.colcon_core.environment:checking '/home/javierfr/Tesis_ws/V1/install/img_proc_pkg' for CMake module files
[0.479s] Level 1:colcon.colcon_core.environment:checking '/home/javierfr/Tesis_ws/V1/install/img_proc_pkg' for CMake config files
[0.479s] Level 1:colcon.colcon_core.shell:create_environment_hook('img_proc_pkg', 'cmake_prefix_path')
[0.480s] INFO:colcon.colcon_core.shell:Creating environment hook '/home/javierfr/Tesis_ws/V1/install/img_proc_pkg/share/img_proc_pkg/hook/cmake_prefix_path.ps1'
[0.480s] INFO:colcon.colcon_core.shell:Creating environment descriptor '/home/javierfr/Tesis_ws/V1/install/img_proc_pkg/share/img_proc_pkg/hook/cmake_prefix_path.dsv'
[0.480s] INFO:colcon.colcon_core.shell:Creating environment hook '/home/javierfr/Tesis_ws/V1/install/img_proc_pkg/share/img_proc_pkg/hook/cmake_prefix_path.sh'
[0.481s] Level 1:colcon.colcon_core.environment:checking '/home/javierfr/Tesis_ws/V1/install/img_proc_pkg/lib'
[0.481s] Level 1:colcon.colcon_core.environment:checking '/home/javierfr/Tesis_ws/V1/install/img_proc_pkg/bin'
[0.481s] Level 1:colcon.colcon_core.environment:checking '/home/javierfr/Tesis_ws/V1/install/img_proc_pkg/lib/pkgconfig/img_proc_pkg.pc'
[0.481s] Level 1:colcon.colcon_core.environment:checking '/home/javierfr/Tesis_ws/V1/install/img_proc_pkg/lib/python3.8/site-packages'
[0.481s] INFO:colcon.colcon_core.shell:Creating package script '/home/javierfr/Tesis_ws/V1/install/img_proc_pkg/share/img_proc_pkg/package.ps1'
[0.482s] INFO:colcon.colcon_core.shell:Creating package descriptor '/home/javierfr/Tesis_ws/V1/install/img_proc_pkg/share/img_proc_pkg/package.dsv'
[0.482s] INFO:colcon.colcon_core.shell:Creating package script '/home/javierfr/Tesis_ws/V1/install/img_proc_pkg/share/img_proc_pkg/package.sh'
[0.482s] INFO:colcon.colcon_core.shell:Creating package script '/home/javierfr/Tesis_ws/V1/install/img_proc_pkg/share/img_proc_pkg/package.bash'
[0.483s] INFO:colcon.colcon_core.shell:Creating package script '/home/javierfr/Tesis_ws/V1/install/img_proc_pkg/share/img_proc_pkg/package.zsh'
[0.483s] Level 1:colcon.colcon_core.environment:create_file_with_runtime_dependencies(/home/javierfr/Tesis_ws/V1/install/img_proc_pkg/share/colcon-core/packages/img_proc_pkg)
[0.486s] Level 1:colcon.colcon_core.environment:create_environment_scripts_only(gazebo_plugin_sim)
[0.486s] Level 1:colcon.colcon_core.environment:checking '/home/javierfr/Tesis_ws/V1/install/gazebo_plugin_sim' for CMake module files
[0.487s] Level 1:colcon.colcon_core.environment:checking '/home/javierfr/Tesis_ws/V1/install/gazebo_plugin_sim' for CMake config files
[0.487s] Level 1:colcon.colcon_core.shell:create_environment_hook('gazebo_plugin_sim', 'cmake_prefix_path')
[0.487s] INFO:colcon.colcon_core.shell:Creating environment hook '/home/javierfr/Tesis_ws/V1/install/gazebo_plugin_sim/share/gazebo_plugin_sim/hook/cmake_prefix_path.ps1'
[0.487s] INFO:colcon.colcon_core.shell:Creating environment descriptor '/home/javierfr/Tesis_ws/V1/install/gazebo_plugin_sim/share/gazebo_plugin_sim/hook/cmake_prefix_path.dsv'
[0.488s] INFO:colcon.colcon_core.shell:Creating environment hook '/home/javierfr/Tesis_ws/V1/install/gazebo_plugin_sim/share/gazebo_plugin_sim/hook/cmake_prefix_path.sh'
[0.488s] Level 1:colcon.colcon_core.environment:checking '/home/javierfr/Tesis_ws/V1/install/gazebo_plugin_sim/lib'
[0.488s] Level 1:colcon.colcon_core.shell:create_environment_hook('gazebo_plugin_sim', 'ld_library_path_lib')
[0.489s] INFO:colcon.colcon_core.shell:Creating environment hook '/home/javierfr/Tesis_ws/V1/install/gazebo_plugin_sim/share/gazebo_plugin_sim/hook/ld_library_path_lib.ps1'
[0.489s] INFO:colcon.colcon_core.shell:Creating environment descriptor '/home/javierfr/Tesis_ws/V1/install/gazebo_plugin_sim/share/gazebo_plugin_sim/hook/ld_library_path_lib.dsv'
[0.489s] INFO:colcon.colcon_core.shell:Creating environment hook '/home/javierfr/Tesis_ws/V1/install/gazebo_plugin_sim/share/gazebo_plugin_sim/hook/ld_library_path_lib.sh'
[0.489s] Level 1:colcon.colcon_core.environment:checking '/home/javierfr/Tesis_ws/V1/install/gazebo_plugin_sim/bin'
[0.489s] Level 1:colcon.colcon_core.environment:checking '/home/javierfr/Tesis_ws/V1/install/gazebo_plugin_sim/lib/pkgconfig/gazebo_plugin_sim.pc'
[0.489s] Level 1:colcon.colcon_core.environment:checking '/home/javierfr/Tesis_ws/V1/install/gazebo_plugin_sim/lib/python3.8/site-packages'
[0.490s] INFO:colcon.colcon_core.shell:Creating package script '/home/javierfr/Tesis_ws/V1/install/gazebo_plugin_sim/share/gazebo_plugin_sim/package.ps1'
[0.490s] INFO:colcon.colcon_core.shell:Creating package descriptor '/home/javierfr/Tesis_ws/V1/install/gazebo_plugin_sim/share/gazebo_plugin_sim/package.dsv'
[0.491s] INFO:colcon.colcon_core.shell:Creating package script '/home/javierfr/Tesis_ws/V1/install/gazebo_plugin_sim/share/gazebo_plugin_sim/package.sh'
[0.491s] INFO:colcon.colcon_core.shell:Creating package script '/home/javierfr/Tesis_ws/V1/install/gazebo_plugin_sim/share/gazebo_plugin_sim/package.bash'
[0.491s] INFO:colcon.colcon_core.shell:Creating package script '/home/javierfr/Tesis_ws/V1/install/gazebo_plugin_sim/share/gazebo_plugin_sim/package.zsh'
[0.492s] Level 1:colcon.colcon_core.environment:create_file_with_runtime_dependencies(/home/javierfr/Tesis_ws/V1/install/gazebo_plugin_sim/share/colcon-core/packages/gazebo_plugin_sim)
[0.507s] DEBUG:colcon.colcon_core.event_handler.log_command:Invoked command in '/home/javierfr/Tesis_ws/V1/build/interfaces' returned '0': CMAKE_PREFIX_PATH=${CMAKE_PREFIX_PATH}:/opt/ros/foxy /usr/bin/cmake --build /home/javierfr/Tesis_ws/V1/build/interfaces -- -j12 -l12
[0.595s] DEBUG:colcon.colcon_core.event_handler.log_command:Invoking command in '/home/javierfr/Tesis_ws/V1/build/interfaces': CMAKE_PREFIX_PATH=${CMAKE_PREFIX_PATH}:/opt/ros/foxy /usr/bin/cmake --install /home/javierfr/Tesis_ws/V1/build/interfaces
[0.638s] Level 1:colcon.colcon_core.environment:create_environment_scripts_only(interfaces)
[0.638s] DEBUG:colcon.colcon_core.event_handler.log_command:Invoked command in '/home/javierfr/Tesis_ws/V1/build/interfaces' returned '0': CMAKE_PREFIX_PATH=${CMAKE_PREFIX_PATH}:/opt/ros/foxy /usr/bin/cmake --install /home/javierfr/Tesis_ws/V1/build/interfaces
[0.639s] Level 1:colcon.colcon_core.environment:checking '/home/javierfr/Tesis_ws/V1/install/interfaces' for CMake module files
[0.639s] Level 1:colcon.colcon_core.environment:checking '/home/javierfr/Tesis_ws/V1/install/interfaces' for CMake config files
[0.640s] Level 1:colcon.colcon_core.shell:create_environment_hook('interfaces', 'cmake_prefix_path')
[0.640s] INFO:colcon.colcon_core.shell:Creating environment hook '/home/javierfr/Tesis_ws/V1/install/interfaces/share/interfaces/hook/cmake_prefix_path.ps1'
[0.640s] INFO:colcon.colcon_core.shell:Creating environment descriptor '/home/javierfr/Tesis_ws/V1/install/interfaces/share/interfaces/hook/cmake_prefix_path.dsv'
[0.641s] INFO:colcon.colcon_core.shell:Creating environment hook '/home/javierfr/Tesis_ws/V1/install/interfaces/share/interfaces/hook/cmake_prefix_path.sh'
[0.641s] Level 1:colcon.colcon_core.environment:checking '/home/javierfr/Tesis_ws/V1/install/interfaces/lib'
[0.641s] Level 1:colcon.colcon_core.shell:create_environment_hook('interfaces', 'ld_library_path_lib')
[0.641s] INFO:colcon.colcon_core.shell:Creating environment hook '/home/javierfr/Tesis_ws/V1/install/interfaces/share/interfaces/hook/ld_library_path_lib.ps1'
[0.642s] INFO:colcon.colcon_core.shell:Creating environment descriptor '/home/javierfr/Tesis_ws/V1/install/interfaces/share/interfaces/hook/ld_library_path_lib.dsv'
[0.642s] INFO:colcon.colcon_core.shell:Creating environment hook '/home/javierfr/Tesis_ws/V1/install/interfaces/share/interfaces/hook/ld_library_path_lib.sh'
[0.642s] Level 1:colcon.colcon_core.environment:checking '/home/javierfr/Tesis_ws/V1/install/interfaces/bin'
[0.642s] Level 1:colcon.colcon_core.environment:checking '/home/javierfr/Tesis_ws/V1/install/interfaces/lib/pkgconfig/interfaces.pc'
[0.642s] Level 1:colcon.colcon_core.environment:checking '/home/javierfr/Tesis_ws/V1/install/interfaces/lib/python3.8/site-packages'
[0.642s] Level 1:colcon.colcon_core.shell:create_environment_hook('interfaces', 'pythonpath')
[0.643s] INFO:colcon.colcon_core.shell:Creating environment hook '/home/javierfr/Tesis_ws/V1/install/interfaces/share/interfaces/hook/pythonpath.ps1'
[0.643s] INFO:colcon.colcon_core.shell:Creating environment descriptor '/home/javierfr/Tesis_ws/V1/install/interfaces/share/interfaces/hook/pythonpath.dsv'
[0.643s] INFO:colcon.colcon_core.shell:Creating environment hook '/home/javierfr/Tesis_ws/V1/install/interfaces/share/interfaces/hook/pythonpath.sh'
[0.644s] INFO:colcon.colcon_core.shell:Creating package script '/home/javierfr/Tesis_ws/V1/install/interfaces/share/interfaces/package.ps1'
[0.644s] INFO:colcon.colcon_core.shell:Creating package descriptor '/home/javierfr/Tesis_ws/V1/install/interfaces/share/interfaces/package.dsv'
[0.644s] INFO:colcon.colcon_core.shell:Creating package script '/home/javierfr/Tesis_ws/V1/install/interfaces/share/interfaces/package.sh'
[0.645s] INFO:colcon.colcon_core.shell:Creating package script '/home/javierfr/Tesis_ws/V1/install/interfaces/share/interfaces/package.bash'
[0.645s] INFO:colcon.colcon_core.shell:Creating package script '/home/javierfr/Tesis_ws/V1/install/interfaces/share/interfaces/package.zsh'
[0.645s] Level 1:colcon.colcon_core.environment:create_file_with_runtime_dependencies(/home/javierfr/Tesis_ws/V1/install/interfaces/share/colcon-core/packages/interfaces)
[0.733s] Level 1:colcon.colcon_core.environment:create_environment_scripts_only(interfaces)
[0.733s] Level 1:colcon.colcon_core.environment:checking '/home/javierfr/Tesis_ws/V1/install/interfaces' for CMake module files
[0.734s] Level 1:colcon.colcon_core.environment:checking '/home/javierfr/Tesis_ws/V1/install/interfaces' for CMake config files
[0.734s] Level 1:colcon.colcon_core.shell:create_environment_hook('interfaces', 'cmake_prefix_path')
[0.734s] INFO:colcon.colcon_core.shell:Creating environment hook '/home/javierfr/Tesis_ws/V1/install/interfaces/share/interfaces/hook/cmake_prefix_path.ps1'
[0.735s] INFO:colcon.colcon_core.shell:Creating environment descriptor '/home/javierfr/Tesis_ws/V1/install/interfaces/share/interfaces/hook/cmake_prefix_path.dsv'
[0.735s] INFO:colcon.colcon_core.shell:Creating environment hook '/home/javierfr/Tesis_ws/V1/install/interfaces/share/interfaces/hook/cmake_prefix_path.sh'
[0.735s] Level 1:colcon.colcon_core.environment:checking '/home/javierfr/Tesis_ws/V1/install/interfaces/lib'
[0.736s] Level 1:colcon.colcon_core.shell:create_environment_hook('interfaces', 'ld_library_path_lib')
[0.736s] INFO:colcon.colcon_core.shell:Creating environment hook '/home/javierfr/Tesis_ws/V1/install/interfaces/share/interfaces/hook/ld_library_path_lib.ps1'
[0.736s] INFO:colcon.colcon_core.shell:Creating environment descriptor '/home/javierfr/Tesis_ws/V1/install/interfaces/share/interfaces/hook/ld_library_path_lib.dsv'
[0.736s] INFO:colcon.colcon_core.shell:Creating environment hook '/home/javierfr/Tesis_ws/V1/install/interfaces/share/interfaces/hook/ld_library_path_lib.sh'
[0.737s] Level 1:colcon.colcon_core.environment:checking '/home/javierfr/Tesis_ws/V1/install/interfaces/bin'
[0.737s] Level 1:colcon.colcon_core.environment:checking '/home/javierfr/Tesis_ws/V1/install/interfaces/lib/pkgconfig/interfaces.pc'
[0.737s] Level 1:colcon.colcon_core.environment:checking '/home/javierfr/Tesis_ws/V1/install/interfaces/lib/python3.8/site-packages'
[0.737s] Level 1:colcon.colcon_core.shell:create_environment_hook('interfaces', 'pythonpath')
[0.737s] INFO:colcon.colcon_core.shell:Creating environment hook '/home/javierfr/Tesis_ws/V1/install/interfaces/share/interfaces/hook/pythonpath.ps1'
[0.737s] INFO:colcon.colcon_core.shell:Creating environment descriptor '/home/javierfr/Tesis_ws/V1/install/interfaces/share/interfaces/hook/pythonpath.dsv'
[0.738s] INFO:colcon.colcon_core.shell:Creating environment hook '/home/javierfr/Tesis_ws/V1/install/interfaces/share/interfaces/hook/pythonpath.sh'
[0.739s] INFO:colcon.colcon_core.shell:Creating package script '/home/javierfr/Tesis_ws/V1/install/interfaces/share/interfaces/package.ps1'
[0.739s] INFO:colcon.colcon_core.shell:Creating package descriptor '/home/javierfr/Tesis_ws/V1/install/interfaces/share/interfaces/package.dsv'
[0.739s] INFO:colcon.colcon_core.shell:Creating package script '/home/javierfr/Tesis_ws/V1/install/interfaces/share/interfaces/package.sh'
[0.740s] INFO:colcon.colcon_core.shell:Creating package script '/home/javierfr/Tesis_ws/V1/install/interfaces/share/interfaces/package.bash'
[0.740s] INFO:colcon.colcon_core.shell:Creating package script '/home/javierfr/Tesis_ws/V1/install/interfaces/share/interfaces/package.zsh'
[0.740s] Level 1:colcon.colcon_core.environment:create_file_with_runtime_dependencies(/home/javierfr/Tesis_ws/V1/install/interfaces/share/colcon-core/packages/interfaces)
[0.741s] INFO:colcon.colcon_ros.task.ament_cmake.build:Building ROS package in '/home/javierfr/Tesis_ws/V1/src/control_pkg' with build type 'ament_cmake'
[0.741s] INFO:colcon.colcon_cmake.task.cmake.build:Building CMake package in '/home/javierfr/Tesis_ws/V1/src/control_pkg'
[0.741s] INFO:colcon.colcon_core.shell:Skip shell extension 'powershell' for command environment: Not usable outside of PowerShell
[0.741s] DEBUG:colcon.colcon_core.shell:Skip shell extension 'dsv' for command environment
[0.743s] DEBUG:colcon.colcon_core.shell:Ignoring prefix path '/opt/ros/foxy'
[0.745s] INFO:colcon.colcon_ros.task.ament_cmake.build:Building ROS package in '/home/javierfr/Tesis_ws/V1/src/inv_kinematics_pkg' with build type 'ament_cmake'
[0.745s] INFO:colcon.colcon_cmake.task.cmake.build:Building CMake package in '/home/javierfr/Tesis_ws/V1/src/inv_kinematics_pkg'
[0.745s] INFO:colcon.colcon_core.shell:Skip shell extension 'powershell' for command environment: Not usable outside of PowerShell
[0.745s] DEBUG:colcon.colcon_core.shell:Skip shell extension 'dsv' for command environment
[0.747s] DEBUG:colcon.colcon_core.shell:Ignoring prefix path '/opt/ros/foxy'
[0.754s] DEBUG:colcon.colcon_core.event_handler.log_command:Invoking command in '/home/javierfr/Tesis_ws/V1/build/control_pkg': CMAKE_PREFIX_PATH=/home/javierfr/Tesis_ws/V1/install/interfaces:/home/javierfr/Tesis_ws/V1/install/inv_kinematics_pkg:/home/javierfr/Tesis_ws/V1/install/control_pkg:/home/javierfr/Tesis_ws/V1/install/img_proc_pkg:/home/javierfr/Tesis_ws/V1/install/gazebo_plugin_sim:/opt/ros/foxy LD_LIBRARY_PATH=/home/javierfr/Tesis_ws/V1/install/interfaces/lib:/home/javierfr/Tesis_ws/V1/install/gazebo_plugin_sim/lib:/opt/ros/foxy/opt/yaml_cpp_vendor/lib:/opt/ros/foxy/opt/rviz_ogre_vendor/lib:/opt/ros/foxy/lib/x86_64-linux-gnu:/opt/ros/foxy/lib:/usr/lib/x86_64-linux-gnu/gazebo-11/plugins:/usr/lib/x86_64-linux-gnu/gazebo-11/plugins /usr/bin/cmake --build /home/javierfr/Tesis_ws/V1/build/control_pkg -- -j12 -l12
[0.758s] DEBUG:colcon.colcon_core.event_handler.log_command:Invoking command in '/home/javierfr/Tesis_ws/V1/build/inv_kinematics_pkg': CMAKE_PREFIX_PATH=/home/javierfr/Tesis_ws/V1/install/interfaces:/home/javierfr/Tesis_ws/V1/install/inv_kinematics_pkg:/home/javierfr/Tesis_ws/V1/install/control_pkg:/home/javierfr/Tesis_ws/V1/install/img_proc_pkg:/home/javierfr/Tesis_ws/V1/install/gazebo_plugin_sim:/opt/ros/foxy LD_LIBRARY_PATH=/home/javierfr/Tesis_ws/V1/install/interfaces/lib:/home/javierfr/Tesis_ws/V1/install/gazebo_plugin_sim/lib:/opt/ros/foxy/opt/yaml_cpp_vendor/lib:/opt/ros/foxy/opt/rviz_ogre_vendor/lib:/opt/ros/foxy/lib/x86_64-linux-gnu:/opt/ros/foxy/lib:/usr/lib/x86_64-linux-gnu/gazebo-11/plugins:/usr/lib/x86_64-linux-gnu/gazebo-11/plugins /usr/bin/cmake --build /home/javierfr/Tesis_ws/V1/build/inv_kinematics_pkg -- -j12 -l12
[0.814s] DEBUG:colcon.colcon_core.event_handler.log_command:Invoked command in '/home/javierfr/Tesis_ws/V1/build/inv_kinematics_pkg' returned '0': CMAKE_PREFIX_PATH=/home/javierfr/Tesis_ws/V1/install/interfaces:/home/javierfr/Tesis_ws/V1/install/inv_kinematics_pkg:/home/javierfr/Tesis_ws/V1/install/control_pkg:/home/javierfr/Tesis_ws/V1/install/img_proc_pkg:/home/javierfr/Tesis_ws/V1/install/gazebo_plugin_sim:/opt/ros/foxy LD_LIBRARY_PATH=/home/javierfr/Tesis_ws/V1/install/interfaces/lib:/home/javierfr/Tesis_ws/V1/install/gazebo_plugin_sim/lib:/opt/ros/foxy/opt/yaml_cpp_vendor/lib:/opt/ros/foxy/opt/rviz_ogre_vendor/lib:/opt/ros/foxy/lib/x86_64-linux-gnu:/opt/ros/foxy/lib:/usr/lib/x86_64-linux-gnu/gazebo-11/plugins:/usr/lib/x86_64-linux-gnu/gazebo-11/plugins /usr/bin/cmake --build /home/javierfr/Tesis_ws/V1/build/inv_kinematics_pkg -- -j12 -l12
[0.838s] DEBUG:colcon.colcon_core.event_handler.log_command:Invoking command in '/home/javierfr/Tesis_ws/V1/build/inv_kinematics_pkg': CMAKE_PREFIX_PATH=/home/javierfr/Tesis_ws/V1/install/interfaces:/home/javierfr/Tesis_ws/V1/install/inv_kinematics_pkg:/home/javierfr/Tesis_ws/V1/install/control_pkg:/home/javierfr/Tesis_ws/V1/install/img_proc_pkg:/home/javierfr/Tesis_ws/V1/install/gazebo_plugin_sim:/opt/ros/foxy LD_LIBRARY_PATH=/home/javierfr/Tesis_ws/V1/install/interfaces/lib:/home/javierfr/Tesis_ws/V1/install/gazebo_plugin_sim/lib:/opt/ros/foxy/opt/yaml_cpp_vendor/lib:/opt/ros/foxy/opt/rviz_ogre_vendor/lib:/opt/ros/foxy/lib/x86_64-linux-gnu:/opt/ros/foxy/lib:/usr/lib/x86_64-linux-gnu/gazebo-11/plugins:/usr/lib/x86_64-linux-gnu/gazebo-11/plugins /usr/bin/cmake --install /home/javierfr/Tesis_ws/V1/build/inv_kinematics_pkg
[0.847s] Level 1:colcon.colcon_core.environment:create_environment_scripts_only(inv_kinematics_pkg)
[0.848s] Level 1:colcon.colcon_core.environment:checking '/home/javierfr/Tesis_ws/V1/install/inv_kinematics_pkg' for CMake module files
[0.848s] DEBUG:colcon.colcon_core.event_handler.log_command:Invoked command in '/home/javierfr/Tesis_ws/V1/build/inv_kinematics_pkg' returned '0': CMAKE_PREFIX_PATH=/home/javierfr/Tesis_ws/V1/install/interfaces:/home/javierfr/Tesis_ws/V1/install/inv_kinematics_pkg:/home/javierfr/Tesis_ws/V1/install/control_pkg:/home/javierfr/Tesis_ws/V1/install/img_proc_pkg:/home/javierfr/Tesis_ws/V1/install/gazebo_plugin_sim:/opt/ros/foxy LD_LIBRARY_PATH=/home/javierfr/Tesis_ws/V1/install/interfaces/lib:/home/javierfr/Tesis_ws/V1/install/gazebo_plugin_sim/lib:/opt/ros/foxy/opt/yaml_cpp_vendor/lib:/opt/ros/foxy/opt/rviz_ogre_vendor/lib:/opt/ros/foxy/lib/x86_64-linux-gnu:/opt/ros/foxy/lib:/usr/lib/x86_64-linux-gnu/gazebo-11/plugins:/usr/lib/x86_64-linux-gnu/gazebo-11/plugins /usr/bin/cmake --install /home/javierfr/Tesis_ws/V1/build/inv_kinematics_pkg
[0.848s] Level 1:colcon.colcon_core.environment:checking '/home/javierfr/Tesis_ws/V1/install/inv_kinematics_pkg' for CMake config files
[0.848s] Level 1:colcon.colcon_core.shell:create_environment_hook('inv_kinematics_pkg', 'cmake_prefix_path')
[0.849s] INFO:colcon.colcon_core.shell:Creating environment hook '/home/javierfr/Tesis_ws/V1/install/inv_kinematics_pkg/share/inv_kinematics_pkg/hook/cmake_prefix_path.ps1'
[0.849s] INFO:colcon.colcon_core.shell:Creating environment descriptor '/home/javierfr/Tesis_ws/V1/install/inv_kinematics_pkg/share/inv_kinematics_pkg/hook/cmake_prefix_path.dsv'
[0.850s] INFO:colcon.colcon_core.shell:Creating environment hook '/home/javierfr/Tesis_ws/V1/install/inv_kinematics_pkg/share/inv_kinematics_pkg/hook/cmake_prefix_path.sh'
[0.850s] Level 1:colcon.colcon_core.environment:checking '/home/javierfr/Tesis_ws/V1/install/inv_kinematics_pkg/lib'
[0.850s] Level 1:colcon.colcon_core.environment:checking '/home/javierfr/Tesis_ws/V1/install/inv_kinematics_pkg/bin'
[0.850s] Level 1:colcon.colcon_core.environment:checking '/home/javierfr/Tesis_ws/V1/install/inv_kinematics_pkg/lib/pkgconfig/inv_kinematics_pkg.pc'
[0.850s] Level 1:colcon.colcon_core.environment:checking '/home/javierfr/Tesis_ws/V1/install/inv_kinematics_pkg/lib/python3.8/site-packages'
[0.851s] INFO:colcon.colcon_core.shell:Creating package script '/home/javierfr/Tesis_ws/V1/install/inv_kinematics_pkg/share/inv_kinematics_pkg/package.ps1'
[0.851s] INFO:colcon.colcon_core.shell:Creating package descriptor '/home/javierfr/Tesis_ws/V1/install/inv_kinematics_pkg/share/inv_kinematics_pkg/package.dsv'
[0.851s] INFO:colcon.colcon_core.shell:Creating package script '/home/javierfr/Tesis_ws/V1/install/inv_kinematics_pkg/share/inv_kinematics_pkg/package.sh'
[0.851s] INFO:colcon.colcon_core.shell:Creating package script '/home/javierfr/Tesis_ws/V1/install/inv_kinematics_pkg/share/inv_kinematics_pkg/package.bash'
[0.852s] INFO:colcon.colcon_core.shell:Creating package script '/home/javierfr/Tesis_ws/V1/install/inv_kinematics_pkg/share/inv_kinematics_pkg/package.zsh'
[0.852s] Level 1:colcon.colcon_core.environment:create_file_with_runtime_dependencies(/home/javierfr/Tesis_ws/V1/install/inv_kinematics_pkg/share/colcon-core/packages/inv_kinematics_pkg)
[0.876s] Level 1:colcon.colcon_core.environment:create_environment_scripts_only(inv_kinematics_pkg)
[0.876s] Level 1:colcon.colcon_core.environment:checking '/home/javierfr/Tesis_ws/V1/install/inv_kinematics_pkg' for CMake module files
[0.877s] Level 1:colcon.colcon_core.environment:checking '/home/javierfr/Tesis_ws/V1/install/inv_kinematics_pkg' for CMake config files
[0.877s] Level 1:colcon.colcon_core.shell:create_environment_hook('inv_kinematics_pkg', 'cmake_prefix_path')
[0.877s] INFO:colcon.colcon_core.shell:Creating environment hook '/home/javierfr/Tesis_ws/V1/install/inv_kinematics_pkg/share/inv_kinematics_pkg/hook/cmake_prefix_path.ps1'
[0.877s] INFO:colcon.colcon_core.shell:Creating environment descriptor '/home/javierfr/Tesis_ws/V1/install/inv_kinematics_pkg/share/inv_kinematics_pkg/hook/cmake_prefix_path.dsv'
[0.878s] INFO:colcon.colcon_core.shell:Creating environment hook '/home/javierfr/Tesis_ws/V1/install/inv_kinematics_pkg/share/inv_kinematics_pkg/hook/cmake_prefix_path.sh'
[0.878s] Level 1:colcon.colcon_core.environment:checking '/home/javierfr/Tesis_ws/V1/install/inv_kinematics_pkg/lib'
[0.878s] Level 1:colcon.colcon_core.environment:checking '/home/javierfr/Tesis_ws/V1/install/inv_kinematics_pkg/bin'
[0.878s] Level 1:colcon.colcon_core.environment:checking '/home/javierfr/Tesis_ws/V1/install/inv_kinematics_pkg/lib/pkgconfig/inv_kinematics_pkg.pc'
[0.878s] Level 1:colcon.colcon_core.environment:checking '/home/javierfr/Tesis_ws/V1/install/inv_kinematics_pkg/lib/python3.8/site-packages'
[0.879s] INFO:colcon.colcon_core.shell:Creating package script '/home/javierfr/Tesis_ws/V1/install/inv_kinematics_pkg/share/inv_kinematics_pkg/package.ps1'
[0.879s] INFO:colcon.colcon_core.shell:Creating package descriptor '/home/javierfr/Tesis_ws/V1/install/inv_kinematics_pkg/share/inv_kinematics_pkg/package.dsv'
[0.879s] INFO:colcon.colcon_core.shell:Creating package script '/home/javierfr/Tesis_ws/V1/install/inv_kinematics_pkg/share/inv_kinematics_pkg/package.sh'
[0.880s] INFO:colcon.colcon_core.shell:Creating package script '/home/javierfr/Tesis_ws/V1/install/inv_kinematics_pkg/share/inv_kinematics_pkg/package.bash'
[0.880s] INFO:colcon.colcon_core.shell:Creating package script '/home/javierfr/Tesis_ws/V1/install/inv_kinematics_pkg/share/inv_kinematics_pkg/package.zsh'
[0.880s] Level 1:colcon.colcon_core.environment:create_file_with_runtime_dependencies(/home/javierfr/Tesis_ws/V1/install/inv_kinematics_pkg/share/colcon-core/packages/inv_kinematics_pkg)
[6.936s] DEBUG:colcon.colcon_core.event_handler.log_command:Invoked command in '/home/javierfr/Tesis_ws/V1/build/control_pkg' returned '0': CMAKE_PREFIX_PATH=/home/javierfr/Tesis_ws/V1/install/interfaces:/home/javierfr/Tesis_ws/V1/install/inv_kinematics_pkg:/home/javierfr/Tesis_ws/V1/install/control_pkg:/home/javierfr/Tesis_ws/V1/install/img_proc_pkg:/home/javierfr/Tesis_ws/V1/install/gazebo_plugin_sim:/opt/ros/foxy LD_LIBRARY_PATH=/home/javierfr/Tesis_ws/V1/install/interfaces/lib:/home/javierfr/Tesis_ws/V1/install/gazebo_plugin_sim/lib:/opt/ros/foxy/opt/yaml_cpp_vendor/lib:/opt/ros/foxy/opt/rviz_ogre_vendor/lib:/opt/ros/foxy/lib/x86_64-linux-gnu:/opt/ros/foxy/lib:/usr/lib/x86_64-linux-gnu/gazebo-11/plugins:/usr/lib/x86_64-linux-gnu/gazebo-11/plugins /usr/bin/cmake --build /home/javierfr/Tesis_ws/V1/build/control_pkg -- -j12 -l12
[6.957s] DEBUG:colcon.colcon_core.event_handler.log_command:Invoking command in '/home/javierfr/Tesis_ws/V1/build/control_pkg': CMAKE_PREFIX_PATH=/home/javierfr/Tesis_ws/V1/install/interfaces:/home/javierfr/Tesis_ws/V1/install/inv_kinematics_pkg:/home/javierfr/Tesis_ws/V1/install/control_pkg:/home/javierfr/Tesis_ws/V1/install/img_proc_pkg:/home/javierfr/Tesis_ws/V1/install/gazebo_plugin_sim:/opt/ros/foxy LD_LIBRARY_PATH=/home/javierfr/Tesis_ws/V1/install/interfaces/lib:/home/javierfr/Tesis_ws/V1/install/gazebo_plugin_sim/lib:/opt/ros/foxy/opt/yaml_cpp_vendor/lib:/opt/ros/foxy/opt/rviz_ogre_vendor/lib:/opt/ros/foxy/lib/x86_64-linux-gnu:/opt/ros/foxy/lib:/usr/lib/x86_64-linux-gnu/gazebo-11/plugins:/usr/lib/x86_64-linux-gnu/gazebo-11/plugins /usr/bin/cmake --install /home/javierfr/Tesis_ws/V1/build/control_pkg
[6.968s] Level 1:colcon.colcon_core.environment:create_environment_scripts_only(control_pkg)
[6.970s] Level 1:colcon.colcon_core.environment:checking '/home/javierfr/Tesis_ws/V1/install/control_pkg' for CMake module files
[6.970s] DEBUG:colcon.colcon_core.event_handler.log_command:Invoked command in '/home/javierfr/Tesis_ws/V1/build/control_pkg' returned '0': CMAKE_PREFIX_PATH=/home/javierfr/Tesis_ws/V1/install/interfaces:/home/javierfr/Tesis_ws/V1/install/inv_kinematics_pkg:/home/javierfr/Tesis_ws/V1/install/control_pkg:/home/javierfr/Tesis_ws/V1/install/img_proc_pkg:/home/javierfr/Tesis_ws/V1/install/gazebo_plugin_sim:/opt/ros/foxy LD_LIBRARY_PATH=/home/javierfr/Tesis_ws/V1/install/interfaces/lib:/home/javierfr/Tesis_ws/V1/install/gazebo_plugin_sim/lib:/opt/ros/foxy/opt/yaml_cpp_vendor/lib:/opt/ros/foxy/opt/rviz_ogre_vendor/lib:/opt/ros/foxy/lib/x86_64-linux-gnu:/opt/ros/foxy/lib:/usr/lib/x86_64-linux-gnu/gazebo-11/plugins:/usr/lib/x86_64-linux-gnu/gazebo-11/plugins /usr/bin/cmake --install /home/javierfr/Tesis_ws/V1/build/control_pkg
[6.970s] Level 1:colcon.colcon_core.environment:checking '/home/javierfr/Tesis_ws/V1/install/control_pkg' for CMake config files
[6.971s] Level 1:colcon.colcon_core.shell:create_environment_hook('control_pkg', 'cmake_prefix_path')
[6.972s] INFO:colcon.colcon_core.shell:Creating environment hook '/home/javierfr/Tesis_ws/V1/install/control_pkg/share/control_pkg/hook/cmake_prefix_path.ps1'
[6.972s] INFO:colcon.colcon_core.shell:Creating environment descriptor '/home/javierfr/Tesis_ws/V1/install/control_pkg/share/control_pkg/hook/cmake_prefix_path.dsv'
[6.973s] INFO:colcon.colcon_core.shell:Creating environment hook '/home/javierfr/Tesis_ws/V1/install/control_pkg/share/control_pkg/hook/cmake_prefix_path.sh'
[6.973s] Level 1:colcon.colcon_core.environment:checking '/home/javierfr/Tesis_ws/V1/install/control_pkg/lib'
[6.973s] Level 1:colcon.colcon_core.environment:checking '/home/javierfr/Tesis_ws/V1/install/control_pkg/bin'
[6.974s] Level 1:colcon.colcon_core.environment:checking '/home/javierfr/Tesis_ws/V1/install/control_pkg/lib/pkgconfig/control_pkg.pc'
[6.974s] Level 1:colcon.colcon_core.environment:checking '/home/javierfr/Tesis_ws/V1/install/control_pkg/lib/python3.8/site-packages'
[6.974s] INFO:colcon.colcon_core.shell:Creating package script '/home/javierfr/Tesis_ws/V1/install/control_pkg/share/control_pkg/package.ps1'
[6.975s] INFO:colcon.colcon_core.shell:Creating package descriptor '/home/javierfr/Tesis_ws/V1/install/control_pkg/share/control_pkg/package.dsv'
[6.975s] INFO:colcon.colcon_core.shell:Creating package script '/home/javierfr/Tesis_ws/V1/install/control_pkg/share/control_pkg/package.sh'
[6.976s] INFO:colcon.colcon_core.shell:Creating package script '/home/javierfr/Tesis_ws/V1/install/control_pkg/share/control_pkg/package.bash'
[6.976s] INFO:colcon.colcon_core.shell:Creating package script '/home/javierfr/Tesis_ws/V1/install/control_pkg/share/control_pkg/package.zsh'
[6.977s] Level 1:colcon.colcon_core.environment:create_file_with_runtime_dependencies(/home/javierfr/Tesis_ws/V1/install/control_pkg/share/colcon-core/packages/control_pkg)
[6.997s] Level 1:colcon.colcon_core.environment:create_environment_scripts_only(control_pkg)
[6.998s] Level 1:colcon.colcon_core.environment:checking '/home/javierfr/Tesis_ws/V1/install/control_pkg' for CMake module files
[6.998s] Level 1:colcon.colcon_core.environment:checking '/home/javierfr/Tesis_ws/V1/install/control_pkg' for CMake config files
[6.998s] Level 1:colcon.colcon_core.shell:create_environment_hook('control_pkg', 'cmake_prefix_path')
[6.999s] INFO:colcon.colcon_core.shell:Creating environment hook '/home/javierfr/Tesis_ws/V1/install/control_pkg/share/control_pkg/hook/cmake_prefix_path.ps1'
[6.999s] INFO:colcon.colcon_core.shell:Creating environment descriptor '/home/javierfr/Tesis_ws/V1/install/control_pkg/share/control_pkg/hook/cmake_prefix_path.dsv'
[6.999s] INFO:colcon.colcon_core.shell:Creating environment hook '/home/javierfr/Tesis_ws/V1/install/control_pkg/share/control_pkg/hook/cmake_prefix_path.sh'
[7.000s] Level 1:colcon.colcon_core.environment:checking '/home/javierfr/Tesis_ws/V1/install/control_pkg/lib'
[7.000s] Level 1:colcon.colcon_core.environment:checking '/home/javierfr/Tesis_ws/V1/install/control_pkg/bin'
[7.000s] Level 1:colcon.colcon_core.environment:checking '/home/javierfr/Tesis_ws/V1/install/control_pkg/lib/pkgconfig/control_pkg.pc'
[7.000s] Level 1:colcon.colcon_core.environment:checking '/home/javierfr/Tesis_ws/V1/install/control_pkg/lib/python3.8/site-packages'
[7.001s] INFO:colcon.colcon_core.shell:Creating package script '/home/javierfr/Tesis_ws/V1/install/control_pkg/share/control_pkg/package.ps1'
[7.001s] INFO:colcon.colcon_core.shell:Creating package descriptor '/home/javierfr/Tesis_ws/V1/install/control_pkg/share/control_pkg/package.dsv'
[7.001s] INFO:colcon.colcon_core.shell:Creating package script '/home/javierfr/Tesis_ws/V1/install/control_pkg/share/control_pkg/package.sh'
[7.001s] INFO:colcon.colcon_core.shell:Creating package script '/home/javierfr/Tesis_ws/V1/install/control_pkg/share/control_pkg/package.bash'
[7.002s] INFO:colcon.colcon_core.shell:Creating package script '/home/javierfr/Tesis_ws/V1/install/control_pkg/share/control_pkg/package.zsh'
[7.002s] Level 1:colcon.colcon_core.environment:create_file_with_runtime_dependencies(/home/javierfr/Tesis_ws/V1/install/control_pkg/share/colcon-core/packages/control_pkg)
[7.002s] DEBUG:colcon.colcon_parallel_executor.executor.parallel:closing loop
[7.003s] DEBUG:colcon.colcon_parallel_executor.executor.parallel:loop closed
[7.003s] DEBUG:colcon.colcon_parallel_executor.executor.parallel:run_until_complete finished with '0'
[7.003s] DEBUG:colcon.colcon_core.event_reactor:joining thread
[7.007s] INFO:colcon.colcon_core.plugin_system:Skipping extension 'colcon_notification.desktop_notification.terminal_notifier': Not used on non-Darwin systems
[7.007s] INFO:colcon.colcon_core.plugin_system:Skipping extension 'colcon_notification.desktop_notification.win32': Not used on non-Windows systems
[7.007s] INFO:colcon.colcon_notification.desktop_notification:Sending desktop notification using 'notify2'
[7.018s] DEBUG:colcon.colcon_core.event_reactor:joined thread
[7.018s] INFO:colcon.colcon_core.shell:Creating prefix script '/home/javierfr/Tesis_ws/V1/install/local_setup.ps1'
[7.019s] INFO:colcon.colcon_core.shell:Creating prefix util module '/home/javierfr/Tesis_ws/V1/install/_local_setup_util_ps1.py'
[7.020s] INFO:colcon.colcon_core.shell:Creating prefix chain script '/home/javierfr/Tesis_ws/V1/install/setup.ps1'
[7.021s] INFO:colcon.colcon_core.shell:Creating prefix script '/home/javierfr/Tesis_ws/V1/install/local_setup.sh'
[7.022s] INFO:colcon.colcon_core.shell:Creating prefix util module '/home/javierfr/Tesis_ws/V1/install/_local_setup_util_sh.py'
[7.022s] INFO:colcon.colcon_core.shell:Creating prefix chain script '/home/javierfr/Tesis_ws/V1/install/setup.sh'
[7.024s] INFO:colcon.colcon_core.shell:Creating prefix script '/home/javierfr/Tesis_ws/V1/install/local_setup.bash'
[7.024s] INFO:colcon.colcon_core.shell:Creating prefix chain script '/home/javierfr/Tesis_ws/V1/install/setup.bash'
[7.026s] INFO:colcon.colcon_core.shell:Creating prefix script '/home/javierfr/Tesis_ws/V1/install/local_setup.zsh'
[7.026s] INFO:colcon.colcon_core.shell:Creating prefix chain script '/home/javierfr/Tesis_ws/V1/install/setup.zsh'
