[0.053s] Invoking command in '/home/javierfr/Tesis_ws/V1/build/gazebo_plugin_sim': CMAKE_PREFIX_PATH=${CMAKE_PREFIX_PATH}:/opt/ros/foxy /usr/bin/cmake --build /home/javierfr/Tesis_ws/V1/build/gazebo_plugin_sim -- -j12 -l12
[0.071s] [35m[1mScanning dependencies of target robot1_plugin[0m
[0.108s] [ 25%] Built target platform_plugin_test
[0.115s] [ 75%] Built target platform2_plugin
[0.115s] [ 75%] Built target platform1_plugin
[0.160s] [ 87%] [32mBuilding CXX object CMakeFiles/robot1_plugin.dir/src/robot1_plugin.cpp.o[0m
[12.730s] /home/javierfr/Tesis_ws/V1/src/gazebo_plugin_sim/src/robot1_plugin.cpp: In member function ‘void gazebo_plugin_sim::Robot1PluginPrivate::OnUpdate(const gazebo::common::UpdateInfo&)’:
[12.731s] /home/javierfr/Tesis_ws/V1/src/gazebo_plugin_sim/src/robot1_plugin.cpp:298:17: warning: unused variable ‘B2_pos’ [-Wunused-variable]
[12.731s]   298 |   float B1_pos, B2_pos, B3_pos;
[12.731s]       |                 ^~~~~~
[12.731s] /home/javierfr/Tesis_ws/V1/src/gazebo_plugin_sim/src/robot1_plugin.cpp:298:25: warning: unused variable ‘B3_pos’ [-Wunused-variable]
[12.731s]   298 |   float B1_pos, B2_pos, B3_pos;
[12.731s]       |                         ^~~~~~
[12.731s] At global scope:
[12.731s] cc1plus: warning: unrecognized command line option ‘-Wno-inconsistent-missing-override’
[12.739s] [100%] [32m[1mLinking CXX shared library librobot1_plugin.so[0m
[13.240s] [100%] Built target robot1_plugin
[13.248s] Invoked command in '/home/javierfr/Tesis_ws/V1/build/gazebo_plugin_sim' returned '0': CMAKE_PREFIX_PATH=${CMAKE_PREFIX_PATH}:/opt/ros/foxy /usr/bin/cmake --build /home/javierfr/Tesis_ws/V1/build/gazebo_plugin_sim -- -j12 -l12
[13.274s] Invoking command in '/home/javierfr/Tesis_ws/V1/build/gazebo_plugin_sim': CMAKE_PREFIX_PATH=${CMAKE_PREFIX_PATH}:/opt/ros/foxy /usr/bin/cmake --install /home/javierfr/Tesis_ws/V1/build/gazebo_plugin_sim
[13.281s] -- Install configuration: ""
[13.282s] -- Up-to-date: /home/javierfr/Tesis_ws/V1/install/gazebo_plugin_sim/share/gazebo_plugin_sim/environment/library_path.sh
[13.282s] -- Up-to-date: /home/javierfr/Tesis_ws/V1/install/gazebo_plugin_sim/share/gazebo_plugin_sim/environment/library_path.dsv
[13.282s] -- Up-to-date: /home/javierfr/Tesis_ws/V1/install/gazebo_plugin_sim/share/gazebo_plugin_sim/environment/gazebo_plugin_sim.sh
[13.282s] -- Up-to-date: /home/javierfr/Tesis_ws/V1/install/gazebo_plugin_sim/share/gazebo_plugin_sim/environment/gazebo_plugin_sim.dsv
[13.282s] -- Up-to-date: /home/javierfr/Tesis_ws/V1/install/gazebo_plugin_sim/share/ament_index/resource_index/package_run_dependencies/gazebo_plugin_sim
[13.282s] -- Up-to-date: /home/javierfr/Tesis_ws/V1/install/gazebo_plugin_sim/share/ament_index/resource_index/parent_prefix_path/gazebo_plugin_sim
[13.282s] -- Up-to-date: /home/javierfr/Tesis_ws/V1/install/gazebo_plugin_sim/share/gazebo_plugin_sim/environment/ament_prefix_path.sh
[13.282s] -- Up-to-date: /home/javierfr/Tesis_ws/V1/install/gazebo_plugin_sim/share/gazebo_plugin_sim/environment/ament_prefix_path.dsv
[13.282s] -- Up-to-date: /home/javierfr/Tesis_ws/V1/install/gazebo_plugin_sim/share/gazebo_plugin_sim/environment/path.sh
[13.283s] -- Up-to-date: /home/javierfr/Tesis_ws/V1/install/gazebo_plugin_sim/share/gazebo_plugin_sim/environment/path.dsv
[13.283s] -- Up-to-date: /home/javierfr/Tesis_ws/V1/install/gazebo_plugin_sim/share/gazebo_plugin_sim/local_setup.bash
[13.283s] -- Up-to-date: /home/javierfr/Tesis_ws/V1/install/gazebo_plugin_sim/share/gazebo_plugin_sim/local_setup.sh
[13.283s] -- Up-to-date: /home/javierfr/Tesis_ws/V1/install/gazebo_plugin_sim/share/gazebo_plugin_sim/local_setup.zsh
[13.283s] -- Up-to-date: /home/javierfr/Tesis_ws/V1/install/gazebo_plugin_sim/share/gazebo_plugin_sim/local_setup.dsv
[13.283s] -- Installing: /home/javierfr/Tesis_ws/V1/install/gazebo_plugin_sim/share/gazebo_plugin_sim/package.dsv
[13.283s] -- Up-to-date: /home/javierfr/Tesis_ws/V1/install/gazebo_plugin_sim/share/ament_index/resource_index/packages/gazebo_plugin_sim
[13.283s] -- Up-to-date: /home/javierfr/Tesis_ws/V1/install/gazebo_plugin_sim/share/gazebo_plugin_sim/cmake/ament_cmake_export_libraries-extras.cmake
[13.283s] -- Up-to-date: /home/javierfr/Tesis_ws/V1/install/gazebo_plugin_sim/share/gazebo_plugin_sim/cmake/ament_cmake_export_include_directories-extras.cmake
[13.283s] -- Up-to-date: /home/javierfr/Tesis_ws/V1/install/gazebo_plugin_sim/share/gazebo_plugin_sim/cmake/ament_cmake_export_dependencies-extras.cmake
[13.283s] -- Up-to-date: /home/javierfr/Tesis_ws/V1/install/gazebo_plugin_sim/share/gazebo_plugin_sim/cmake/gazebo_plugin_simConfig.cmake
[13.283s] -- Up-to-date: /home/javierfr/Tesis_ws/V1/install/gazebo_plugin_sim/share/gazebo_plugin_sim/cmake/gazebo_plugin_simConfig-version.cmake
[13.283s] -- Up-to-date: /home/javierfr/Tesis_ws/V1/install/gazebo_plugin_sim/share/gazebo_plugin_sim/package.xml
[13.283s] -- Up-to-date: /home/javierfr/Tesis_ws/V1/install/gazebo_plugin_sim/include
[13.283s] -- Up-to-date: /home/javierfr/Tesis_ws/V1/install/gazebo_plugin_sim/include/gazebo_plugin_sim
[13.283s] -- Up-to-date: /home/javierfr/Tesis_ws/V1/install/gazebo_plugin_sim/include/gazebo_plugin_sim/platform2_plugin.hpp
[13.283s] -- Up-to-date: /home/javierfr/Tesis_ws/V1/install/gazebo_plugin_sim/include/gazebo_plugin_sim/platform_plugin_test.hpp
[13.284s] -- Up-to-date: /home/javierfr/Tesis_ws/V1/install/gazebo_plugin_sim/include/gazebo_plugin_sim/platform1_plugin.hpp
[13.284s] -- Up-to-date: /home/javierfr/Tesis_ws/V1/install/gazebo_plugin_sim/include/gazebo_plugin_sim/robot1_plugin.hpp
[13.284s] -- Up-to-date: /home/javierfr/Tesis_ws/V1/install/gazebo_plugin_sim/lib/libplatform_plugin_test.so
[13.284s] -- Up-to-date: /home/javierfr/Tesis_ws/V1/install/gazebo_plugin_sim/lib/libplatform1_plugin.so
[13.284s] -- Up-to-date: /home/javierfr/Tesis_ws/V1/install/gazebo_plugin_sim/lib/libplatform2_plugin.so
[13.284s] -- Installing: /home/javierfr/Tesis_ws/V1/install/gazebo_plugin_sim/lib/librobot1_plugin.so
[13.288s] -- Set runtime path of "/home/javierfr/Tesis_ws/V1/install/gazebo_plugin_sim/lib/librobot1_plugin.so" to ""
[13.288s] -- Up-to-date: /home/javierfr/Tesis_ws/V1/install/gazebo_plugin_sim/share/gazebo_plugin_sim//worlds
[13.288s] -- Up-to-date: /home/javierfr/Tesis_ws/V1/install/gazebo_plugin_sim/share/gazebo_plugin_sim//worlds/test_mecanum_platform.world
[13.288s] -- Up-to-date: /home/javierfr/Tesis_ws/V1/install/gazebo_plugin_sim/share/gazebo_plugin_sim//worlds/2platform_old.world
[13.288s] -- Up-to-date: /home/javierfr/Tesis_ws/V1/install/gazebo_plugin_sim/share/gazebo_plugin_sim//worlds/2platform.world
[13.289s] -- Up-to-date: /home/javierfr/Tesis_ws/V1/install/gazebo_plugin_sim/share/gazebo_plugin_sim//worlds/2robots.world
[13.291s] Invoked command in '/home/javierfr/Tesis_ws/V1/build/gazebo_plugin_sim' returned '0': CMAKE_PREFIX_PATH=${CMAKE_PREFIX_PATH}:/opt/ros/foxy /usr/bin/cmake --install /home/javierfr/Tesis_ws/V1/build/gazebo_plugin_sim
