[0.020s] Invoking command in '/home/javierfr/Tesis_ws/V1/build/img_proc_pkg': CMAKE_PREFIX_PATH=${CMAKE_PREFIX_PATH}:/opt/ros/foxy /usr/bin/cmake --build /home/javierfr/Tesis_ws/V1/build/img_proc_pkg -- -j12 -l12
[0.060s] [35m[1mScanning dependencies of target img_proc_id_node[0m
[0.095s] [ 25%] Built target img_proc_node
[0.096s] [ 50%] Built target img_publ_test_node
[0.098s] [ 62%] [32mBuilding CXX object CMakeFiles/img_proc_id_node.dir/src/img_proc_id_node.cpp.o[0m
[0.101s] [ 87%] Built target img_subs_test_node
[1.441s] [01m[K/home/javierfr/Tesis_ws/V1/src/img_proc_pkg/src/img_proc_id_node.cpp:[m[K In member function ‘[01m[Kvoid Img_Proc_Id_Node::topic_callback(sensor_msgs::msg::Image_<std::allocator<void> >::SharedPtr) const[m[K’:
[1.442s] [01m[K/home/javierfr/Tesis_ws/V1/src/img_proc_pkg/src/img_proc_id_node.cpp:127:22:[m[K [01;35m[Kwarning: [m[Kcomparison of integer expressions of different signedness: ‘[01m[Kint[m[K’ and ‘[01m[Kstd::vector<std::vector<cv::Point_<int> > >::size_type[m[K’ {aka ‘[01m[Klong unsigned int[m[K’} [[01;35m[K-Wsign-compare[m[K]
[1.442s]   127 |       for (int i=0; [01;35m[Ki<red_contours.size()[m[K; i++)
[1.442s]       |                     [01;35m[K~^~~~~~~~~~~~~~~~~~~~[m[K
[1.442s] [01m[K/home/javierfr/Tesis_ws/V1/src/img_proc_pkg/src/img_proc_id_node.cpp:160:26:[m[K [01;35m[Kwarning: [m[Kcomparison of integer expressions of different signedness: ‘[01m[Kint[m[K’ and ‘[01m[Kstd::vector<std::vector<cv::Point_<int> > >::size_type[m[K’ {aka ‘[01m[Klong unsigned int[m[K’} [[01;35m[K-Wsign-compare[m[K]
[1.442s]   160 |         for (int ii=1; [01;35m[Kii<red_subcontours.size()[m[K; ii++)
[1.442s]       |                        [01;35m[K~~^~~~~~~~~~~~~~~~~~~~~~~[m[K
[1.444s] [01m[K/home/javierfr/Tesis_ws/V1/src/img_proc_pkg/src/img_proc_id_node.cpp:254:22:[m[K [01;35m[Kwarning: [m[Kcomparison of integer expressions of different signedness: ‘[01m[Kint[m[K’ and ‘[01m[Kstd::vector<std::vector<cv::Point_<int> > >::size_type[m[K’ {aka ‘[01m[Klong unsigned int[m[K’} [[01;35m[K-Wsign-compare[m[K]
[1.444s]   254 |       for (int i=0; [01;35m[Ki<blue_contours.size()[m[K; i++)
[1.444s]       |                     [01;35m[K~^~~~~~~~~~~~~~~~~~~~~[m[K
[1.445s] [01m[K/home/javierfr/Tesis_ws/V1/src/img_proc_pkg/src/img_proc_id_node.cpp:287:26:[m[K [01;35m[Kwarning: [m[Kcomparison of integer expressions of different signedness: ‘[01m[Kint[m[K’ and ‘[01m[Kstd::vector<std::vector<cv::Point_<int> > >::size_type[m[K’ {aka ‘[01m[Klong unsigned int[m[K’} [[01;35m[K-Wsign-compare[m[K]
[1.445s]   287 |         for (int ii=1; [01;35m[Kii<blue_subcontours.size()[m[K; ii++)
[1.445s]       |                        [01;35m[K~~^~~~~~~~~~~~~~~~~~~~~~~~[m[K
[1.447s] [01m[K/home/javierfr/Tesis_ws/V1/src/img_proc_pkg/src/img_proc_id_node.cpp:382:22:[m[K [01;35m[Kwarning: [m[Kcomparison of integer expressions of different signedness: ‘[01m[Kint[m[K’ and ‘[01m[Kstd::vector<std::vector<cv::Point_<int> > >::size_type[m[K’ {aka ‘[01m[Klong unsigned int[m[K’} [[01;35m[K-Wsign-compare[m[K]
[1.447s]   382 |       for (int i=0; [01;35m[Ki<green_contours.size()[m[K; i++)
[1.447s]       |                     [01;35m[K~^~~~~~~~~~~~~~~~~~~~~~[m[K
[1.448s] [01m[K/home/javierfr/Tesis_ws/V1/src/img_proc_pkg/src/img_proc_id_node.cpp:414:26:[m[K [01;35m[Kwarning: [m[Kcomparison of integer expressions of different signedness: ‘[01m[Kint[m[K’ and ‘[01m[Kstd::vector<std::vector<cv::Point_<int> > >::size_type[m[K’ {aka ‘[01m[Klong unsigned int[m[K’} [[01;35m[K-Wsign-compare[m[K]
[1.448s]   414 |         for (int ii=1; [01;35m[Kii<green_subcontours.size()[m[K; ii++)
[1.448s]       |                        [01;35m[K~~^~~~~~~~~~~~~~~~~~~~~~~~~[m[K
[4.311s] [100%] [32m[1mLinking CXX executable img_proc_id_node[0m
[4.762s] /usr/bin/ld: warning: libopencv_imgproc.so.4.2, needed by /opt/ros/foxy/lib/libcv_bridge.so, may conflict with libopencv_imgproc.so.4.5
[4.762s] /usr/bin/ld: warning: libopencv_core.so.4.2, needed by /opt/ros/foxy/lib/libcv_bridge.so, may conflict with libopencv_core.so.4.5
[4.770s] [100%] Built target img_proc_id_node
[4.779s] Invoked command in '/home/javierfr/Tesis_ws/V1/build/img_proc_pkg' returned '0': CMAKE_PREFIX_PATH=${CMAKE_PREFIX_PATH}:/opt/ros/foxy /usr/bin/cmake --build /home/javierfr/Tesis_ws/V1/build/img_proc_pkg -- -j12 -l12
[4.807s] Invoking command in '/home/javierfr/Tesis_ws/V1/build/img_proc_pkg': CMAKE_PREFIX_PATH=${CMAKE_PREFIX_PATH}:/opt/ros/foxy /usr/bin/cmake --install /home/javierfr/Tesis_ws/V1/build/img_proc_pkg
[4.813s] -- Install configuration: ""
[4.813s] -- Up-to-date: /home/javierfr/Tesis_ws/V1/install/img_proc_pkg/lib/img_proc_pkg/img_proc_node
[4.814s] -- Up-to-date: /home/javierfr/Tesis_ws/V1/install/img_proc_pkg/lib/img_proc_pkg/img_publ_test_node
[4.814s] -- Up-to-date: /home/javierfr/Tesis_ws/V1/install/img_proc_pkg/lib/img_proc_pkg/img_subs_test_node
[4.814s] -- Installing: /home/javierfr/Tesis_ws/V1/install/img_proc_pkg/lib/img_proc_pkg/img_proc_id_node
[4.816s] -- Set runtime path of "/home/javierfr/Tesis_ws/V1/install/img_proc_pkg/lib/img_proc_pkg/img_proc_id_node" to ""
[4.816s] -- Up-to-date: /home/javierfr/Tesis_ws/V1/install/img_proc_pkg/share/ament_index/resource_index/package_run_dependencies/img_proc_pkg
[4.816s] -- Up-to-date: /home/javierfr/Tesis_ws/V1/install/img_proc_pkg/share/ament_index/resource_index/parent_prefix_path/img_proc_pkg
[4.816s] -- Up-to-date: /home/javierfr/Tesis_ws/V1/install/img_proc_pkg/share/img_proc_pkg/environment/ament_prefix_path.sh
[4.817s] -- Up-to-date: /home/javierfr/Tesis_ws/V1/install/img_proc_pkg/share/img_proc_pkg/environment/ament_prefix_path.dsv
[4.817s] -- Up-to-date: /home/javierfr/Tesis_ws/V1/install/img_proc_pkg/share/img_proc_pkg/environment/path.sh
[4.817s] -- Up-to-date: /home/javierfr/Tesis_ws/V1/install/img_proc_pkg/share/img_proc_pkg/environment/path.dsv
[4.817s] -- Up-to-date: /home/javierfr/Tesis_ws/V1/install/img_proc_pkg/share/img_proc_pkg/local_setup.bash
[4.817s] -- Up-to-date: /home/javierfr/Tesis_ws/V1/install/img_proc_pkg/share/img_proc_pkg/local_setup.sh
[4.817s] -- Up-to-date: /home/javierfr/Tesis_ws/V1/install/img_proc_pkg/share/img_proc_pkg/local_setup.zsh
[4.817s] -- Up-to-date: /home/javierfr/Tesis_ws/V1/install/img_proc_pkg/share/img_proc_pkg/local_setup.dsv
[4.817s] -- Installing: /home/javierfr/Tesis_ws/V1/install/img_proc_pkg/share/img_proc_pkg/package.dsv
[4.818s] -- Up-to-date: /home/javierfr/Tesis_ws/V1/install/img_proc_pkg/share/ament_index/resource_index/packages/img_proc_pkg
[4.818s] -- Up-to-date: /home/javierfr/Tesis_ws/V1/install/img_proc_pkg/share/img_proc_pkg/cmake/img_proc_pkgConfig.cmake
[4.818s] -- Up-to-date: /home/javierfr/Tesis_ws/V1/install/img_proc_pkg/share/img_proc_pkg/cmake/img_proc_pkgConfig-version.cmake
[4.819s] -- Up-to-date: /home/javierfr/Tesis_ws/V1/install/img_proc_pkg/share/img_proc_pkg/package.xml
[4.820s] Invoked command in '/home/javierfr/Tesis_ws/V1/build/img_proc_pkg' returned '0': CMAKE_PREFIX_PATH=${CMAKE_PREFIX_PATH}:/opt/ros/foxy /usr/bin/cmake --install /home/javierfr/Tesis_ws/V1/build/img_proc_pkg
