[0.031s] Invoking command in '/home/javierfr/Robotics_Cyber_Physical_LAB/build/interfaces': CMAKE_PREFIX_PATH=/opt/ros/foxy /usr/bin/cmake /home/javierfr/Robotics_Cyber_Physical_LAB/src/interfaces -DCMAKE_INSTALL_PREFIX=/home/javierfr/Robotics_Cyber_Physical_LAB/install/interfaces
[0.060s] -- Found ament_cmake: 0.9.9 (/opt/ros/foxy/share/ament_cmake/cmake)
[0.092s] -- Found PythonInterp: /usr/bin/python3 (found suitable version "3.8.10", minimum required is "3") 
[0.092s] -- Using PYTHON_EXECUTABLE: /usr/bin/python3
[0.327s] -- Found rosidl_default_generators: 1.0.1 (/opt/ros/foxy/share/rosidl_default_generators/cmake)
[0.334s] -- Using all available rosidl_typesupport_c: rosidl_typesupport_fastrtps_c;rosidl_typesupport_introspection_c
[0.347s] -- Found rosidl_adapter: 1.2.1 (/opt/ros/foxy/share/rosidl_adapter/cmake)
[0.470s] -- Found OpenSSL: /usr/lib/x86_64-linux-gnu/libcrypto.so (found version "1.1.1f")  
[0.503s] -- Found FastRTPS: /opt/ros/foxy/include  
[0.603s] -- Using all available rosidl_typesupport_cpp: rosidl_typesupport_fastrtps_cpp;rosidl_typesupport_introspection_cpp
[0.684s] -- Found PythonInterp: /usr/bin/python3 (found version "3.8.10") 
[0.882s] -- Found ament_cmake_ros: 0.9.2 (/opt/ros/foxy/share/ament_cmake_ros/cmake)
[1.013s] -- Using all available rosidl_typesupport_c: rosidl_typesupport_fastrtps_c;rosidl_typesupport_introspection_c
[1.027s] -- Using all available rosidl_typesupport_cpp: rosidl_typesupport_fastrtps_cpp;rosidl_typesupport_introspection_cpp
[1.055s] -- Found PythonInterp: /usr/bin/python3 (found suitable version "3.8.10", minimum required is "3.5") 
[1.057s] -- Found python_cmake_module: 0.8.1 (/opt/ros/foxy/share/python_cmake_module/cmake)
[1.090s] -- Found PythonLibs: /usr/lib/x86_64-linux-gnu/libpython3.8.so (found suitable version "3.8.10", minimum required is "3.5") 
[1.090s] -- Using PYTHON_EXECUTABLE: /usr/bin/python3
[1.091s] -- Using PYTHON_INCLUDE_DIRS: /usr/include/python3.8
[1.091s] -- Using PYTHON_LIBRARIES: /usr/lib/x86_64-linux-gnu/libpython3.8.so
[1.112s] -- Found PythonExtra: .so  
[1.175s] -- Configuring done
[1.231s] -- Generating done
[1.234s] -- Build files have been written to: /home/javierfr/Robotics_Cyber_Physical_LAB/build/interfaces
[1.244s] Invoked command in '/home/javierfr/Robotics_Cyber_Physical_LAB/build/interfaces' returned '0': CMAKE_PREFIX_PATH=/opt/ros/foxy /usr/bin/cmake /home/javierfr/Robotics_Cyber_Physical_LAB/src/interfaces -DCMAKE_INSTALL_PREFIX=/home/javierfr/Robotics_Cyber_Physical_LAB/install/interfaces
[1.247s] Invoking command in '/home/javierfr/Robotics_Cyber_Physical_LAB/build/interfaces': CMAKE_PREFIX_PATH=/opt/ros/foxy /usr/bin/cmake --build /home/javierfr/Robotics_Cyber_Physical_LAB/build/interfaces -- -j8 -l8
[1.290s] [  1%] [34m[1mGenerating C code for ROS interfaces[0m
[1.290s] [35m[1mScanning dependencies of target interfaces__cpp[0m
[1.301s] [  1%] [34m[1mGenerating C++ code for ROS interfaces[0m
[2.092s] [  1%] Built target interfaces__cpp
[2.103s] [  3%] [34m[1mGenerating C++ type support dispatch for ROS interfaces[0m
[2.104s] [  3%] [34m[1mGenerating C++ introspection for ROS interfaces[0m
[2.104s] [  4%] [34m[1mGenerating C++ type support for eProsima Fast-RTPS[0m
[2.339s] [35m[1mScanning dependencies of target interfaces__rosidl_generator_c[0m
[2.358s] [  5%] [32mBuilding C object CMakeFiles/interfaces__rosidl_generator_c.dir/rosidl_generator_c/interfaces/msg/detail/motor_vels__functions.c.o[0m
[2.358s] [  6%] [32mBuilding C object CMakeFiles/interfaces__rosidl_generator_c.dir/rosidl_generator_c/interfaces/msg/detail/img_data__functions.c.o[0m
[2.358s] [  7%] [32mBuilding C object CMakeFiles/interfaces__rosidl_generator_c.dir/rosidl_generator_c/interfaces/srv/detail/platform_vel__functions.c.o[0m
[2.359s] [  8%] [32mBuilding C object CMakeFiles/interfaces__rosidl_generator_c.dir/rosidl_generator_c/interfaces/srv/detail/control_pid_start__functions.c.o[0m
[2.372s] [  9%] [32mBuilding C object CMakeFiles/interfaces__rosidl_generator_c.dir/rosidl_generator_c/interfaces/msg/detail/plat_state__functions.c.o[0m
[2.424s] [ 11%] [32mBuilding C object CMakeFiles/interfaces__rosidl_generator_c.dir/rosidl_generator_c/interfaces/msg/detail/control_data__functions.c.o[0m
[2.424s] [ 11%] [32mBuilding C object CMakeFiles/interfaces__rosidl_generator_c.dir/rosidl_generator_c/interfaces/msg/detail/motor_vels_w_arm__functions.c.o[0m
[2.443s] [ 12%] [32mBuilding C object CMakeFiles/interfaces__rosidl_generator_c.dir/rosidl_generator_c/interfaces/msg/detail/limit_switch__functions.c.o[0m
[2.456s] [ 13%] [32mBuilding C object CMakeFiles/interfaces__rosidl_generator_c.dir/rosidl_generator_c/interfaces/srv/detail/robot_vel__functions.c.o[0m
[2.480s] [ 14%] [32mBuilding C object CMakeFiles/interfaces__rosidl_generator_c.dir/rosidl_generator_c/interfaces/msg/detail/robot_state__functions.c.o[0m
[2.542s] [ 15%] [32m[1mLinking C shared library libinterfaces__rosidl_generator_c.so[0m
[2.597s] [ 15%] Built target interfaces__rosidl_generator_c
[2.610s] [ 16%] [34m[1mGenerating C type support dispatch for ROS interfaces[0m
[2.613s] [ 17%] [34m[1mGenerating C introspection for ROS interfaces[0m
[2.781s] [35m[1mScanning dependencies of target interfaces__rosidl_typesupport_cpp[0m
[2.811s] [ 19%] [32mBuilding CXX object CMakeFiles/interfaces__rosidl_typesupport_cpp.dir/rosidl_typesupport_cpp/interfaces/msg/motor_vels__type_support.cpp.o[0m
[2.812s] [ 20%] [32mBuilding CXX object CMakeFiles/interfaces__rosidl_typesupport_cpp.dir/rosidl_typesupport_cpp/interfaces/srv/control_pid_start__type_support.cpp.o[0m
[2.817s] [ 19%] [32mBuilding CXX object CMakeFiles/interfaces__rosidl_typesupport_cpp.dir/rosidl_typesupport_cpp/interfaces/srv/platform_vel__type_support.cpp.o[0m
[2.822s] [ 21%] [32mBuilding CXX object CMakeFiles/interfaces__rosidl_typesupport_cpp.dir/rosidl_typesupport_cpp/interfaces/msg/img_data__type_support.cpp.o[0m
[3.369s] [35m[1mScanning dependencies of target interfaces__rosidl_typesupport_introspection_cpp[0m
[3.379s] [ 22%] [32mBuilding CXX object CMakeFiles/interfaces__rosidl_typesupport_cpp.dir/rosidl_typesupport_cpp/interfaces/msg/plat_state__type_support.cpp.o[0m
[3.386s] [ 23%] [32mBuilding CXX object CMakeFiles/interfaces__rosidl_typesupport_cpp.dir/rosidl_typesupport_cpp/interfaces/msg/control_data__type_support.cpp.o[0m
[3.398s] [ 24%] [32mBuilding CXX object CMakeFiles/interfaces__rosidl_typesupport_cpp.dir/rosidl_typesupport_cpp/interfaces/msg/motor_vels_w_arm__type_support.cpp.o[0m
[3.406s] [ 25%] [32mBuilding CXX object CMakeFiles/interfaces__rosidl_typesupport_introspection_cpp.dir/rosidl_typesupport_introspection_cpp/interfaces/srv/detail/platform_vel__type_support.cpp.o[0m
[3.439s] [ 26%] [32mBuilding CXX object CMakeFiles/interfaces__rosidl_typesupport_cpp.dir/rosidl_typesupport_cpp/interfaces/msg/limit_switch__type_support.cpp.o[0m
[3.576s] [35m[1mScanning dependencies of target interfaces__rosidl_typesupport_fastrtps_cpp[0m
[3.599s] [35m[1mScanning dependencies of target interfaces__rosidl_typesupport_c[0m
[3.626s] [ 27%] [32mBuilding CXX object CMakeFiles/interfaces__rosidl_typesupport_c.dir/rosidl_typesupport_c/interfaces/srv/platform_vel__type_support.cpp.o[0m
[3.677s] [ 28%] [32mBuilding CXX object CMakeFiles/interfaces__rosidl_typesupport_c.dir/rosidl_typesupport_c/interfaces/msg/motor_vels__type_support.cpp.o[0m
[3.703s] [ 29%] [32mBuilding CXX object CMakeFiles/interfaces__rosidl_typesupport_fastrtps_cpp.dir/rosidl_typesupport_fastrtps_cpp/interfaces/srv/detail/dds_fastrtps/platform_vel__type_support.cpp.o[0m
[3.769s] [ 30%] [32mBuilding CXX object CMakeFiles/interfaces__rosidl_typesupport_c.dir/rosidl_typesupport_c/interfaces/msg/img_data__type_support.cpp.o[0m
[3.854s] [ 31%] [32mBuilding CXX object CMakeFiles/interfaces__rosidl_typesupport_c.dir/rosidl_typesupport_c/interfaces/srv/control_pid_start__type_support.cpp.o[0m
[3.890s] [ 32%] [32mBuilding CXX object CMakeFiles/interfaces__rosidl_typesupport_c.dir/rosidl_typesupport_c/interfaces/msg/plat_state__type_support.cpp.o[0m
[3.903s] [ 33%] [32mBuilding CXX object CMakeFiles/interfaces__rosidl_typesupport_cpp.dir/rosidl_typesupport_cpp/interfaces/srv/robot_vel__type_support.cpp.o[0m
[3.917s] [ 34%] [32mBuilding CXX object CMakeFiles/interfaces__rosidl_typesupport_cpp.dir/rosidl_typesupport_cpp/interfaces/msg/robot_state__type_support.cpp.o[0m
[3.925s] [ 35%] [32mBuilding CXX object CMakeFiles/interfaces__rosidl_typesupport_c.dir/rosidl_typesupport_c/interfaces/msg/control_data__type_support.cpp.o[0m
[3.935s] [ 36%] [32mBuilding CXX object CMakeFiles/interfaces__rosidl_typesupport_introspection_cpp.dir/rosidl_typesupport_introspection_cpp/interfaces/msg/detail/motor_vels__type_support.cpp.o[0m
[3.969s] [ 37%] [32mBuilding CXX object CMakeFiles/interfaces__rosidl_typesupport_c.dir/rosidl_typesupport_c/interfaces/msg/motor_vels_w_arm__type_support.cpp.o[0m
[3.982s] [ 38%] [32mBuilding CXX object CMakeFiles/interfaces__rosidl_typesupport_introspection_cpp.dir/rosidl_typesupport_introspection_cpp/interfaces/msg/detail/img_data__type_support.cpp.o[0m
[4.001s] [ 39%] [32mBuilding CXX object CMakeFiles/interfaces__rosidl_typesupport_fastrtps_cpp.dir/rosidl_typesupport_fastrtps_cpp/interfaces/msg/detail/dds_fastrtps/motor_vels__type_support.cpp.o[0m
[4.017s] [ 40%] [32mBuilding CXX object CMakeFiles/interfaces__rosidl_typesupport_c.dir/rosidl_typesupport_c/interfaces/msg/limit_switch__type_support.cpp.o[0m
[4.066s] [ 40%] [32mBuilding CXX object CMakeFiles/interfaces__rosidl_typesupport_c.dir/rosidl_typesupport_c/interfaces/srv/robot_vel__type_support.cpp.o[0m
[4.119s] [ 41%] [32mBuilding CXX object CMakeFiles/interfaces__rosidl_typesupport_c.dir/rosidl_typesupport_c/interfaces/msg/robot_state__type_support.cpp.o[0m
[4.169s] [ 42%] [32m[1mLinking CXX shared library libinterfaces__rosidl_typesupport_c.so[0m
[4.209s] [35m[1mScanning dependencies of target interfaces__rosidl_typesupport_introspection_c[0m
[4.245s] [ 42%] Built target interfaces__rosidl_typesupport_c
[4.259s] [ 42%] [32mBuilding CXX object CMakeFiles/interfaces__rosidl_typesupport_fastrtps_cpp.dir/rosidl_typesupport_fastrtps_cpp/interfaces/msg/detail/dds_fastrtps/img_data__type_support.cpp.o[0m
[4.292s] [ 43%] [32mBuilding C object CMakeFiles/interfaces__rosidl_typesupport_introspection_c.dir/rosidl_typesupport_introspection_c/interfaces/srv/detail/platform_vel__type_support.c.o[0m
[4.401s] [ 44%] [32mBuilding C object CMakeFiles/interfaces__rosidl_typesupport_introspection_c.dir/rosidl_typesupport_introspection_c/interfaces/msg/detail/motor_vels__type_support.c.o[0m
[4.453s] [ 45%] [32mBuilding CXX object CMakeFiles/interfaces__rosidl_typesupport_fastrtps_cpp.dir/rosidl_typesupport_fastrtps_cpp/interfaces/srv/detail/dds_fastrtps/control_pid_start__type_support.cpp.o[0m
[4.459s] [ 46%] [32m[1mLinking CXX shared library libinterfaces__rosidl_typesupport_cpp.so[0m
[4.482s] [ 47%] [32mBuilding C object CMakeFiles/interfaces__rosidl_typesupport_introspection_c.dir/rosidl_typesupport_introspection_c/interfaces/msg/detail/img_data__type_support.c.o[0m
[4.484s] [ 48%] [32mBuilding CXX object CMakeFiles/interfaces__rosidl_typesupport_introspection_cpp.dir/rosidl_typesupport_introspection_cpp/interfaces/srv/detail/control_pid_start__type_support.cpp.o[0m
[4.535s] [ 49%] [32mBuilding CXX object CMakeFiles/interfaces__rosidl_typesupport_fastrtps_cpp.dir/rosidl_typesupport_fastrtps_cpp/interfaces/msg/detail/dds_fastrtps/plat_state__type_support.cpp.o[0m
[4.546s] [ 50%] [32mBuilding C object CMakeFiles/interfaces__rosidl_typesupport_introspection_c.dir/rosidl_typesupport_introspection_c/interfaces/srv/detail/control_pid_start__type_support.c.o[0m
[4.550s] [ 50%] Built target interfaces__rosidl_typesupport_cpp
[4.559s] [ 51%] [32mBuilding CXX object CMakeFiles/interfaces__rosidl_typesupport_introspection_cpp.dir/rosidl_typesupport_introspection_cpp/interfaces/msg/detail/plat_state__type_support.cpp.o[0m
[4.590s] [ 52%] [32mBuilding C object CMakeFiles/interfaces__rosidl_typesupport_introspection_c.dir/rosidl_typesupport_introspection_c/interfaces/msg/detail/plat_state__type_support.c.o[0m
[4.643s] [ 53%] [32mBuilding CXX object CMakeFiles/interfaces__rosidl_typesupport_introspection_cpp.dir/rosidl_typesupport_introspection_cpp/interfaces/msg/detail/control_data__type_support.cpp.o[0m
[4.686s] [ 54%] [32mBuilding C object CMakeFiles/interfaces__rosidl_typesupport_introspection_c.dir/rosidl_typesupport_introspection_c/interfaces/msg/detail/control_data__type_support.c.o[0m
[4.768s] [ 55%] [32mBuilding C object CMakeFiles/interfaces__rosidl_typesupport_introspection_c.dir/rosidl_typesupport_introspection_c/interfaces/msg/detail/motor_vels_w_arm__type_support.c.o[0m
[4.781s] [ 56%] [32mBuilding CXX object CMakeFiles/interfaces__rosidl_typesupport_introspection_cpp.dir/rosidl_typesupport_introspection_cpp/interfaces/msg/detail/motor_vels_w_arm__type_support.cpp.o[0m
[4.835s] [ 57%] [32mBuilding C object CMakeFiles/interfaces__rosidl_typesupport_introspection_c.dir/rosidl_typesupport_introspection_c/interfaces/msg/detail/limit_switch__type_support.c.o[0m
[4.942s] [ 58%] [32mBuilding C object CMakeFiles/interfaces__rosidl_typesupport_introspection_c.dir/rosidl_typesupport_introspection_c/interfaces/srv/detail/robot_vel__type_support.c.o[0m
[5.036s] [ 59%] [32mBuilding CXX object CMakeFiles/interfaces__rosidl_typesupport_introspection_cpp.dir/rosidl_typesupport_introspection_cpp/interfaces/msg/detail/limit_switch__type_support.cpp.o[0m
[5.053s] [ 60%] [32mBuilding C object CMakeFiles/interfaces__rosidl_typesupport_introspection_c.dir/rosidl_typesupport_introspection_c/interfaces/msg/detail/robot_state__type_support.c.o[0m
[5.068s] [ 61%] [32mBuilding CXX object CMakeFiles/interfaces__rosidl_typesupport_fastrtps_cpp.dir/rosidl_typesupport_fastrtps_cpp/interfaces/msg/detail/dds_fastrtps/control_data__type_support.cpp.o[0m
[5.112s] [ 63%] [32m[1mLinking C shared library libinterfaces__rosidl_typesupport_introspection_c.so[0m
[5.113s] [ 63%] [32mBuilding CXX object CMakeFiles/interfaces__rosidl_typesupport_fastrtps_cpp.dir/rosidl_typesupport_fastrtps_cpp/interfaces/msg/detail/dds_fastrtps/motor_vels_w_arm__type_support.cpp.o[0m
[5.186s] [ 63%] Built target interfaces__rosidl_typesupport_introspection_c
[5.202s] [ 64%] [32mBuilding CXX object CMakeFiles/interfaces__rosidl_typesupport_fastrtps_cpp.dir/rosidl_typesupport_fastrtps_cpp/interfaces/msg/detail/dds_fastrtps/limit_switch__type_support.cpp.o[0m
[5.234s] [ 65%] [32mBuilding CXX object CMakeFiles/interfaces__rosidl_typesupport_fastrtps_cpp.dir/rosidl_typesupport_fastrtps_cpp/interfaces/srv/detail/dds_fastrtps/robot_vel__type_support.cpp.o[0m
[5.245s] [ 66%] [32mBuilding CXX object CMakeFiles/interfaces__rosidl_typesupport_introspection_cpp.dir/rosidl_typesupport_introspection_cpp/interfaces/srv/detail/robot_vel__type_support.cpp.o[0m
[5.306s] [ 67%] [32mBuilding CXX object CMakeFiles/interfaces__rosidl_typesupport_introspection_cpp.dir/rosidl_typesupport_introspection_cpp/interfaces/msg/detail/robot_state__type_support.cpp.o[0m
[5.397s] [ 68%] [32mBuilding CXX object CMakeFiles/interfaces__rosidl_typesupport_fastrtps_cpp.dir/rosidl_typesupport_fastrtps_cpp/interfaces/msg/detail/dds_fastrtps/robot_state__type_support.cpp.o[0m
[5.817s] [ 69%] [32m[1mLinking CXX shared library libinterfaces__rosidl_typesupport_introspection_cpp.so[0m
[5.866s] [ 69%] Built target interfaces__rosidl_typesupport_introspection_cpp
[6.024s] [ 70%] [32m[1mLinking CXX shared library libinterfaces__rosidl_typesupport_fastrtps_cpp.so[0m
[6.147s] [ 70%] Built target interfaces__rosidl_typesupport_fastrtps_cpp
[6.158s] [ 71%] [34m[1mGenerating C type support for eProsima Fast-RTPS[0m
[6.807s] [35m[1mScanning dependencies of target interfaces__rosidl_typesupport_fastrtps_c[0m
[6.841s] [ 72%] [32mBuilding CXX object CMakeFiles/interfaces__rosidl_typesupport_fastrtps_c.dir/rosidl_typesupport_fastrtps_c/interfaces/msg/detail/motor_vels_w_arm__type_support_c.cpp.o[0m
[6.841s] [ 75%] [32mBuilding CXX object CMakeFiles/interfaces__rosidl_typesupport_fastrtps_c.dir/rosidl_typesupport_fastrtps_c/interfaces/srv/detail/platform_vel__type_support_c.cpp.o[0m
[6.841s] [ 75%] [32mBuilding CXX object CMakeFiles/interfaces__rosidl_typesupport_fastrtps_c.dir/rosidl_typesupport_fastrtps_c/interfaces/msg/detail/motor_vels__type_support_c.cpp.o[0m
[6.842s] [ 75%] [32mBuilding CXX object CMakeFiles/interfaces__rosidl_typesupport_fastrtps_c.dir/rosidl_typesupport_fastrtps_c/interfaces/msg/detail/img_data__type_support_c.cpp.o[0m
[6.842s] [ 76%] [32mBuilding CXX object CMakeFiles/interfaces__rosidl_typesupport_fastrtps_c.dir/rosidl_typesupport_fastrtps_c/interfaces/srv/detail/control_pid_start__type_support_c.cpp.o[0m
[6.842s] [ 77%] [32mBuilding CXX object CMakeFiles/interfaces__rosidl_typesupport_fastrtps_c.dir/rosidl_typesupport_fastrtps_c/interfaces/msg/detail/control_data__type_support_c.cpp.o[0m
[6.843s] [ 78%] [32mBuilding CXX object CMakeFiles/interfaces__rosidl_typesupport_fastrtps_c.dir/rosidl_typesupport_fastrtps_c/interfaces/msg/detail/plat_state__type_support_c.cpp.o[0m
[6.851s] [ 79%] [32mBuilding CXX object CMakeFiles/interfaces__rosidl_typesupport_fastrtps_c.dir/rosidl_typesupport_fastrtps_c/interfaces/msg/detail/limit_switch__type_support_c.cpp.o[0m
[7.471s] [ 80%] [32mBuilding CXX object CMakeFiles/interfaces__rosidl_typesupport_fastrtps_c.dir/rosidl_typesupport_fastrtps_c/interfaces/srv/detail/robot_vel__type_support_c.cpp.o[0m
[7.478s] [ 81%] [32mBuilding CXX object CMakeFiles/interfaces__rosidl_typesupport_fastrtps_c.dir/rosidl_typesupport_fastrtps_c/interfaces/msg/detail/robot_state__type_support_c.cpp.o[0m
[7.833s] [ 82%] [32m[1mLinking CXX shared library libinterfaces__rosidl_typesupport_fastrtps_c.so[0m
[7.935s] [ 82%] Built target interfaces__rosidl_typesupport_fastrtps_c
[7.946s] [35m[1mScanning dependencies of target interfaces[0m
[7.959s] [ 82%] Built target interfaces
[7.973s] [35m[1mScanning dependencies of target interfaces__py[0m
[7.988s] [ 83%] [34m[1mGenerating Python code for ROS interfaces[0m
[8.409s] Traceback (most recent call last):
[8.410s]   File "/opt/ros/foxy/share/rosidl_generator_py/cmake/../../../lib/rosidl_generator_py/rosidl_generator_py", line 40, in <module>
[8.410s]     sys.exit(main())
[8.410s]   File "/opt/ros/foxy/share/rosidl_generator_py/cmake/../../../lib/rosidl_generator_py/rosidl_generator_py", line 36, in main
[8.410s]     return generate_py(args.generator_arguments_file, args.typesupport_impls.split(';'))
[8.410s]   File "/opt/ros/foxy/lib/python3.8/site-packages/rosidl_generator_py/generate_py_impl.py", line 61, in generate_py
[8.410s]     generate_files(generator_arguments_file, mapping)
[8.410s]   File "/opt/ros/foxy/lib/python3.8/site-packages/rosidl_cmake/__init__.py", line 74, in generate_files
[8.410s]     idl_file = parse_idl_file(locator)
[8.410s]   File "/opt/ros/foxy/lib/python3.8/site-packages/rosidl_parser/parser.py", line 64, in parse_idl_file
[8.410s]     content = parse_idl_string(string, png_file=png_file)
[8.410s]   File "/opt/ros/foxy/lib/python3.8/site-packages/rosidl_parser/parser.py", line 72, in parse_idl_string
[8.410s]     tree = get_ast_from_idl_string(idl_string)
[8.410s]   File "/opt/ros/foxy/lib/python3.8/site-packages/rosidl_parser/parser.py", line 89, in get_ast_from_idl_string
[8.410s]     return _parser.parse(idl_string)
[8.410s]   File "/usr/lib/python3/dist-packages/lark/lark.py", line 293, in parse
[8.412s]     return self.parser.parse(text, start=start)
[8.412s]   File "/usr/lib/python3/dist-packages/lark/parser_frontends.py", line 193, in parse
[8.412s]     return self._parse(text, start)
[8.412s]   File "/usr/lib/python3/dist-packages/lark/parser_frontends.py", line 54, in _parse
[8.412s]     return self.parser.parse(input, start, *args)
[8.413s]   File "/usr/lib/python3/dist-packages/lark/parsers/earley.py", line 292, in parse
[8.413s]     to_scan = self._parse(stream, columns, to_scan, start_symbol)
[8.413s]   File "/usr/lib/python3/dist-packages/lark/parsers/xearley.py", line 135, in _parse
[8.413s]     self.predict_and_complete(i, to_scan, columns, transitives)
[8.413s]   File "/usr/lib/python3/dist-packages/lark/parsers/earley.py", line 130, in predict_and_complete
[8.413s]     new_items.append(new_item)
[8.413s] KeyboardInterrupt
[8.446s] make[2]: *** [interfaces__py/CMakeFiles/interfaces__py.dir/build.make:107: rosidl_generator_py/interfaces/_interfaces_s.ep.rosidl_typesupport_fastrtps_c.c] Interrupt
[8.447s] make[1]: *** [CMakeFiles/Makefile2:553: interfaces__py/CMakeFiles/interfaces__py.dir/all] Interrupt
[8.447s] make: *** [Makefile:141: all] Interrupt
