[0.018s] Invoking command in '/home/javierfr/Tesis_ws/V1/build/gazebo_plugin_sim': CMAKE_PREFIX_PATH=${CMAKE_PREFIX_PATH}:/opt/ros/foxy /usr/bin/cmake --build /home/javierfr/Tesis_ws/V1/build/gazebo_plugin_sim -- -j12 -l12
[0.062s] [35m[1mScanning dependencies of target robot1_plugin[0m
[0.097s] [ 25%] Built target platform1_plugin
[0.099s] [ 50%] Built target platform_plugin_test
[0.100s] [ 75%] Built target platform2_plugin
[0.141s] [ 87%] [32mBuilding CXX object CMakeFiles/robot1_plugin.dir/src/robot1_plugin.cpp.o[0m
[9.838s] /home/javierfr/Tesis_ws/V1/src/gazebo_plugin_sim/src/robot1_plugin.cpp: In member function ‘void gazebo_plugin_sim::Robot1PluginPrivate::OnUpdate(const gazebo::common::UpdateInfo&)’:
[9.838s] /home/javierfr/Tesis_ws/V1/src/gazebo_plugin_sim/src/robot1_plugin.cpp:311:40: error: ‘class gazebo::physics::Joint’ has no member named ‘GetAngle’
[9.838s]   311 |   B1_pos=Robot1PluginPrivate::jointB1->GetAngle(0);
[9.838s]       |                                        ^~~~~~~~
[9.838s] /home/javierfr/Tesis_ws/V1/src/gazebo_plugin_sim/src/robot1_plugin.cpp:298:17: warning: unused variable ‘B2_pos’ [-Wunused-variable]
[9.838s]   298 |   float B1_pos, B2_pos, B3_pos;
[9.839s]       |                 ^~~~~~
[9.839s] /home/javierfr/Tesis_ws/V1/src/gazebo_plugin_sim/src/robot1_plugin.cpp:298:25: warning: unused variable ‘B3_pos’ [-Wunused-variable]
[9.839s]   298 |   float B1_pos, B2_pos, B3_pos;
[9.839s]       |                         ^~~~~~
[9.839s] At global scope:
[9.839s] cc1plus: warning: unrecognized command line option ‘-Wno-inconsistent-missing-override’
[9.839s] make[2]: *** [CMakeFiles/robot1_plugin.dir/build.make:63: CMakeFiles/robot1_plugin.dir/src/robot1_plugin.cpp.o] Error 1
[9.840s] make[1]: *** [CMakeFiles/Makefile2:84: CMakeFiles/robot1_plugin.dir/all] Error 2
[9.840s] make: *** [Makefile:141: all] Error 2
[9.841s] Invoked command in '/home/javierfr/Tesis_ws/V1/build/gazebo_plugin_sim' returned '2': CMAKE_PREFIX_PATH=${CMAKE_PREFIX_PATH}:/opt/ros/foxy /usr/bin/cmake --build /home/javierfr/Tesis_ws/V1/build/gazebo_plugin_sim -- -j12 -l12
