[0.016s] Invoking command in '/home/javierfr/Robotics_Cyber_Physical_LAB/build/interfaces': CMAKE_PREFIX_PATH=/opt/ros/foxy /usr/bin/cmake --build /home/javierfr/Robotics_Cyber_Physical_LAB/build/interfaces -- -j8 -l8
[0.081s] [  1%] Built target interfaces__cpp
[0.081s] [ 12%] Built target interfaces__rosidl_generator_c
[0.104s] [ 36%] Built target interfaces__rosidl_typesupport_introspection_cpp
[0.104s] [ 36%] Built target interfaces__rosidl_typesupport_cpp
[0.109s] [ 47%] Built target interfaces__rosidl_typesupport_fastrtps_cpp
[0.130s] [ 70%] Built target interfaces__rosidl_typesupport_introspection_c
[0.130s] [ 70%] Built target interfaces__rosidl_typesupport_c
[0.140s] [ 82%] Built target interfaces__rosidl_typesupport_fastrtps_c
[0.166s] [ 82%] Built target interfaces
[0.194s] [ 83%] [34m[1mGenerating Python code for ROS interfaces[0m
[1.629s] [ 83%] Built target interfaces__py
[1.641s] [35m[1mScanning dependencies of target interfaces__python[0m
[1.720s] [ 87%] [32mBuilding C object CMakeFiles/interfaces__python.dir/rosidl_generator_py/interfaces/msg/_motor_vels_s.c.o[0m
[1.721s] [ 87%] [32mBuilding C object CMakeFiles/interfaces__python.dir/rosidl_generator_py/interfaces/msg/_img_data_s.c.o[0m
[1.721s] [ 87%] [32mBuilding C object CMakeFiles/interfaces__python.dir/rosidl_generator_py/interfaces/srv/_platform_vel_s.c.o[0m
[1.721s] [ 87%] [32mBuilding C object CMakeFiles/interfaces__python.dir/rosidl_generator_py/interfaces/msg/_plat_state_s.c.o[0m
[1.721s] [ 88%] [32mBuilding C object CMakeFiles/interfaces__python.dir/rosidl_generator_py/interfaces/msg/_control_data_s.c.o[0m
[1.721s] [ 89%] [32mBuilding C object CMakeFiles/interfaces__python.dir/rosidl_generator_py/interfaces/srv/_control_pid_start_s.c.o[0m
[1.721s] [ 90%] [32mBuilding C object CMakeFiles/interfaces__python.dir/rosidl_generator_py/interfaces/msg/_motor_vels_w_arm_s.c.o[0m
[1.721s] [ 91%] [32mBuilding C object CMakeFiles/interfaces__python.dir/rosidl_generator_py/interfaces/msg/_limit_switch_s.c.o[0m
[1.897s] [ 92%] [32mBuilding C object CMakeFiles/interfaces__python.dir/rosidl_generator_py/interfaces/srv/_robot_vel_s.c.o[0m
[1.902s] [ 93%] [32mBuilding C object CMakeFiles/interfaces__python.dir/rosidl_generator_py/interfaces/msg/_robot_state_s.c.o[0m
[1.996s] [ 94%] [32m[1mLinking C shared library rosidl_generator_py/interfaces/libinterfaces__python.so[0m
[2.047s] [ 94%] Built target interfaces__python
[2.059s] [35m[1mScanning dependencies of target interfaces__rosidl_typesupport_introspection_c__pyext[0m
[2.059s] [35m[1mScanning dependencies of target interfaces__rosidl_typesupport_fastrtps_c__pyext[0m
[2.059s] [35m[1mScanning dependencies of target interfaces__rosidl_typesupport_c__pyext[0m
[2.080s] [ 95%] [32mBuilding C object CMakeFiles/interfaces__rosidl_typesupport_fastrtps_c__pyext.dir/rosidl_generator_py/interfaces/_interfaces_s.ep.rosidl_typesupport_fastrtps_c.c.o[0m
[2.082s] [ 97%] [32mBuilding C object CMakeFiles/interfaces__rosidl_typesupport_introspection_c__pyext.dir/rosidl_generator_py/interfaces/_interfaces_s.ep.rosidl_typesupport_introspection_c.c.o[0m
[2.082s] [ 97%] [32mBuilding C object CMakeFiles/interfaces__rosidl_typesupport_c__pyext.dir/rosidl_generator_py/interfaces/_interfaces_s.ep.rosidl_typesupport_c.c.o[0m
[2.204s] [100%] [32m[1mLinking CXX shared library rosidl_generator_py/interfaces/interfaces_s__rosidl_typesupport_fastrtps_c.cpython-38-x86_64-linux-gnu.so[0m
[2.204s] [100%] [32m[1mLinking C shared library rosidl_generator_py/interfaces/interfaces_s__rosidl_typesupport_c.cpython-38-x86_64-linux-gnu.so[0m
[2.204s] [100%] [32m[1mLinking C shared library rosidl_generator_py/interfaces/interfaces_s__rosidl_typesupport_introspection_c.cpython-38-x86_64-linux-gnu.so[0m
[2.241s] [100%] Built target interfaces__rosidl_typesupport_c__pyext
[2.241s] [100%] Built target interfaces__rosidl_typesupport_introspection_c__pyext
[2.271s] [100%] Built target interfaces__rosidl_typesupport_fastrtps_c__pyext
[2.287s] Invoked command in '/home/javierfr/Robotics_Cyber_Physical_LAB/build/interfaces' returned '0': CMAKE_PREFIX_PATH=/opt/ros/foxy /usr/bin/cmake --build /home/javierfr/Robotics_Cyber_Physical_LAB/build/interfaces -- -j8 -l8
[2.464s] Invoking command in '/home/javierfr/Robotics_Cyber_Physical_LAB/build/interfaces': CMAKE_PREFIX_PATH=/opt/ros/foxy /usr/bin/cmake --install /home/javierfr/Robotics_Cyber_Physical_LAB/build/interfaces
[2.474s] -- Install configuration: ""
[2.474s] -- Installing: /home/javierfr/Robotics_Cyber_Physical_LAB/install/interfaces/share/ament_index/resource_index/rosidl_interfaces/interfaces
[2.474s] -- Up-to-date: /home/javierfr/Robotics_Cyber_Physical_LAB/install/interfaces/include/interfaces
[2.474s] -- Up-to-date: /home/javierfr/Robotics_Cyber_Physical_LAB/install/interfaces/include/interfaces/msg
[2.475s] -- Installing: /home/javierfr/Robotics_Cyber_Physical_LAB/install/interfaces/include/interfaces/msg/motor_vels_w_arm.h
[2.475s] -- Installing: /home/javierfr/Robotics_Cyber_Physical_LAB/install/interfaces/include/interfaces/msg/control_data.h
[2.475s] -- Installing: /home/javierfr/Robotics_Cyber_Physical_LAB/install/interfaces/include/interfaces/msg/robot_state.h
[2.475s] -- Up-to-date: /home/javierfr/Robotics_Cyber_Physical_LAB/install/interfaces/include/interfaces/msg/detail
[2.475s] -- Installing: /home/javierfr/Robotics_Cyber_Physical_LAB/install/interfaces/include/interfaces/msg/detail/control_data__struct.h
[2.476s] -- Installing: /home/javierfr/Robotics_Cyber_Physical_LAB/install/interfaces/include/interfaces/msg/detail/limit_switch__functions.c
[2.476s] -- Installing: /home/javierfr/Robotics_Cyber_Physical_LAB/install/interfaces/include/interfaces/msg/detail/motor_vels__functions.h
[2.476s] -- Installing: /home/javierfr/Robotics_Cyber_Physical_LAB/install/interfaces/include/interfaces/msg/detail/img_data__functions.c
[2.476s] -- Installing: /home/javierfr/Robotics_Cyber_Physical_LAB/install/interfaces/include/interfaces/msg/detail/motor_vels__type_support.h
[2.476s] -- Installing: /home/javierfr/Robotics_Cyber_Physical_LAB/install/interfaces/include/interfaces/msg/detail/control_data__type_support.h
[2.476s] -- Installing: /home/javierfr/Robotics_Cyber_Physical_LAB/install/interfaces/include/interfaces/msg/detail/img_data__type_support.h
[2.477s] -- Installing: /home/javierfr/Robotics_Cyber_Physical_LAB/install/interfaces/include/interfaces/msg/detail/robot_state__functions.h
[2.477s] -- Installing: /home/javierfr/Robotics_Cyber_Physical_LAB/install/interfaces/include/interfaces/msg/detail/motor_vels_w_arm__functions.h
[2.477s] -- Installing: /home/javierfr/Robotics_Cyber_Physical_LAB/install/interfaces/include/interfaces/msg/detail/plat_state__functions.c
[2.477s] -- Installing: /home/javierfr/Robotics_Cyber_Physical_LAB/install/interfaces/include/interfaces/msg/detail/plat_state__functions.h
[2.477s] -- Installing: /home/javierfr/Robotics_Cyber_Physical_LAB/install/interfaces/include/interfaces/msg/detail/plat_state__type_support.h
[2.477s] -- Installing: /home/javierfr/Robotics_Cyber_Physical_LAB/install/interfaces/include/interfaces/msg/detail/control_data__functions.c
[2.478s] -- Installing: /home/javierfr/Robotics_Cyber_Physical_LAB/install/interfaces/include/interfaces/msg/detail/robot_state__type_support.h
[2.478s] -- Installing: /home/javierfr/Robotics_Cyber_Physical_LAB/install/interfaces/include/interfaces/msg/detail/img_data__functions.h
[2.478s] -- Installing: /home/javierfr/Robotics_Cyber_Physical_LAB/install/interfaces/include/interfaces/msg/detail/img_data__struct.h
[2.478s] -- Installing: /home/javierfr/Robotics_Cyber_Physical_LAB/install/interfaces/include/interfaces/msg/detail/limit_switch__functions.h
[2.478s] -- Installing: /home/javierfr/Robotics_Cyber_Physical_LAB/install/interfaces/include/interfaces/msg/detail/motor_vels_w_arm__type_support.h
[2.478s] -- Installing: /home/javierfr/Robotics_Cyber_Physical_LAB/install/interfaces/include/interfaces/msg/detail/control_data__functions.h
[2.479s] -- Installing: /home/javierfr/Robotics_Cyber_Physical_LAB/install/interfaces/include/interfaces/msg/detail/motor_vels__functions.c
[2.479s] -- Installing: /home/javierfr/Robotics_Cyber_Physical_LAB/install/interfaces/include/interfaces/msg/detail/motor_vels__struct.h
[2.479s] -- Installing: /home/javierfr/Robotics_Cyber_Physical_LAB/install/interfaces/include/interfaces/msg/detail/plat_state__struct.h
[2.479s] -- Installing: /home/javierfr/Robotics_Cyber_Physical_LAB/install/interfaces/include/interfaces/msg/detail/robot_state__functions.c
[2.479s] -- Installing: /home/javierfr/Robotics_Cyber_Physical_LAB/install/interfaces/include/interfaces/msg/detail/motor_vels_w_arm__struct.h
[2.479s] -- Installing: /home/javierfr/Robotics_Cyber_Physical_LAB/install/interfaces/include/interfaces/msg/detail/limit_switch__struct.h
[2.480s] -- Installing: /home/javierfr/Robotics_Cyber_Physical_LAB/install/interfaces/include/interfaces/msg/detail/limit_switch__type_support.h
[2.480s] -- Installing: /home/javierfr/Robotics_Cyber_Physical_LAB/install/interfaces/include/interfaces/msg/detail/robot_state__struct.h
[2.480s] -- Installing: /home/javierfr/Robotics_Cyber_Physical_LAB/install/interfaces/include/interfaces/msg/detail/motor_vels_w_arm__functions.c
[2.480s] -- Installing: /home/javierfr/Robotics_Cyber_Physical_LAB/install/interfaces/include/interfaces/msg/plat_state.h
[2.480s] -- Installing: /home/javierfr/Robotics_Cyber_Physical_LAB/install/interfaces/include/interfaces/msg/img_data.h
[2.481s] -- Installing: /home/javierfr/Robotics_Cyber_Physical_LAB/install/interfaces/include/interfaces/msg/rosidl_generator_c__visibility_control.h
[2.481s] -- Installing: /home/javierfr/Robotics_Cyber_Physical_LAB/install/interfaces/include/interfaces/msg/limit_switch.h
[2.481s] -- Installing: /home/javierfr/Robotics_Cyber_Physical_LAB/install/interfaces/include/interfaces/msg/motor_vels.h
[2.481s] -- Up-to-date: /home/javierfr/Robotics_Cyber_Physical_LAB/install/interfaces/include/interfaces/srv
[2.481s] -- Up-to-date: /home/javierfr/Robotics_Cyber_Physical_LAB/install/interfaces/include/interfaces/srv/detail
[2.481s] -- Installing: /home/javierfr/Robotics_Cyber_Physical_LAB/install/interfaces/include/interfaces/srv/detail/control_pid_start__struct.h
[2.482s] -- Installing: /home/javierfr/Robotics_Cyber_Physical_LAB/install/interfaces/include/interfaces/srv/detail/platform_vel__functions.c
[2.482s] -- Installing: /home/javierfr/Robotics_Cyber_Physical_LAB/install/interfaces/include/interfaces/srv/detail/control_pid_start__functions.c
[2.482s] -- Installing: /home/javierfr/Robotics_Cyber_Physical_LAB/install/interfaces/include/interfaces/srv/detail/platform_vel__struct.h
[2.482s] -- Installing: /home/javierfr/Robotics_Cyber_Physical_LAB/install/interfaces/include/interfaces/srv/detail/robot_vel__functions.h
[2.482s] -- Installing: /home/javierfr/Robotics_Cyber_Physical_LAB/install/interfaces/include/interfaces/srv/detail/control_pid_start__functions.h
[2.482s] -- Installing: /home/javierfr/Robotics_Cyber_Physical_LAB/install/interfaces/include/interfaces/srv/detail/robot_vel__type_support.h
[2.483s] -- Installing: /home/javierfr/Robotics_Cyber_Physical_LAB/install/interfaces/include/interfaces/srv/detail/platform_vel__type_support.h
[2.483s] -- Installing: /home/javierfr/Robotics_Cyber_Physical_LAB/install/interfaces/include/interfaces/srv/detail/robot_vel__struct.h
[2.483s] -- Installing: /home/javierfr/Robotics_Cyber_Physical_LAB/install/interfaces/include/interfaces/srv/detail/control_pid_start__type_support.h
[2.483s] -- Installing: /home/javierfr/Robotics_Cyber_Physical_LAB/install/interfaces/include/interfaces/srv/detail/platform_vel__functions.h
[2.483s] -- Installing: /home/javierfr/Robotics_Cyber_Physical_LAB/install/interfaces/include/interfaces/srv/detail/robot_vel__functions.c
[2.483s] -- Installing: /home/javierfr/Robotics_Cyber_Physical_LAB/install/interfaces/include/interfaces/srv/robot_vel.h
[2.483s] -- Installing: /home/javierfr/Robotics_Cyber_Physical_LAB/install/interfaces/include/interfaces/srv/control_pid_start.h
[2.484s] -- Installing: /home/javierfr/Robotics_Cyber_Physical_LAB/install/interfaces/include/interfaces/srv/platform_vel.h
[2.484s] -- Installing: /home/javierfr/Robotics_Cyber_Physical_LAB/install/interfaces/share/interfaces/environment/library_path.sh
[2.484s] -- Installing: /home/javierfr/Robotics_Cyber_Physical_LAB/install/interfaces/share/interfaces/environment/library_path.dsv
[2.484s] -- Installing: /home/javierfr/Robotics_Cyber_Physical_LAB/install/interfaces/lib/libinterfaces__rosidl_generator_c.so
[2.485s] -- Set runtime path of "/home/javierfr/Robotics_Cyber_Physical_LAB/install/interfaces/lib/libinterfaces__rosidl_generator_c.so" to ""
[2.485s] -- Up-to-date: /home/javierfr/Robotics_Cyber_Physical_LAB/install/interfaces/include/interfaces
[2.485s] -- Up-to-date: /home/javierfr/Robotics_Cyber_Physical_LAB/install/interfaces/include/interfaces/msg
[2.485s] -- Up-to-date: /home/javierfr/Robotics_Cyber_Physical_LAB/install/interfaces/include/interfaces/msg/detail
[2.486s] -- Installing: /home/javierfr/Robotics_Cyber_Physical_LAB/install/interfaces/include/interfaces/msg/detail/control_data__rosidl_typesupport_fastrtps_c.h
[2.486s] -- Installing: /home/javierfr/Robotics_Cyber_Physical_LAB/install/interfaces/include/interfaces/msg/detail/motor_vels_w_arm__rosidl_typesupport_fastrtps_c.h
[2.486s] -- Installing: /home/javierfr/Robotics_Cyber_Physical_LAB/install/interfaces/include/interfaces/msg/detail/robot_state__rosidl_typesupport_fastrtps_c.h
[2.486s] -- Installing: /home/javierfr/Robotics_Cyber_Physical_LAB/install/interfaces/include/interfaces/msg/detail/plat_state__rosidl_typesupport_fastrtps_c.h
[2.486s] -- Installing: /home/javierfr/Robotics_Cyber_Physical_LAB/install/interfaces/include/interfaces/msg/detail/motor_vels__rosidl_typesupport_fastrtps_c.h
[2.486s] -- Installing: /home/javierfr/Robotics_Cyber_Physical_LAB/install/interfaces/include/interfaces/msg/detail/limit_switch__rosidl_typesupport_fastrtps_c.h
[2.487s] -- Installing: /home/javierfr/Robotics_Cyber_Physical_LAB/install/interfaces/include/interfaces/msg/detail/img_data__rosidl_typesupport_fastrtps_c.h
[2.487s] -- Installing: /home/javierfr/Robotics_Cyber_Physical_LAB/install/interfaces/include/interfaces/msg/rosidl_typesupport_fastrtps_c__visibility_control.h
[2.487s] -- Up-to-date: /home/javierfr/Robotics_Cyber_Physical_LAB/install/interfaces/include/interfaces/srv
[2.487s] -- Up-to-date: /home/javierfr/Robotics_Cyber_Physical_LAB/install/interfaces/include/interfaces/srv/detail
[2.487s] -- Installing: /home/javierfr/Robotics_Cyber_Physical_LAB/install/interfaces/include/interfaces/srv/detail/robot_vel__rosidl_typesupport_fastrtps_c.h
[2.487s] -- Installing: /home/javierfr/Robotics_Cyber_Physical_LAB/install/interfaces/include/interfaces/srv/detail/platform_vel__rosidl_typesupport_fastrtps_c.h
[2.487s] -- Installing: /home/javierfr/Robotics_Cyber_Physical_LAB/install/interfaces/include/interfaces/srv/detail/control_pid_start__rosidl_typesupport_fastrtps_c.h
[2.488s] -- Installing: /home/javierfr/Robotics_Cyber_Physical_LAB/install/interfaces/lib/libinterfaces__rosidl_typesupport_fastrtps_c.so
[2.488s] -- Set runtime path of "/home/javierfr/Robotics_Cyber_Physical_LAB/install/interfaces/lib/libinterfaces__rosidl_typesupport_fastrtps_c.so" to ""
[2.488s] -- Up-to-date: /home/javierfr/Robotics_Cyber_Physical_LAB/install/interfaces/include/interfaces
[2.488s] -- Up-to-date: /home/javierfr/Robotics_Cyber_Physical_LAB/install/interfaces/include/interfaces/msg
[2.488s] -- Installing: /home/javierfr/Robotics_Cyber_Physical_LAB/install/interfaces/include/interfaces/msg/rosidl_typesupport_fastrtps_cpp__visibility_control.h
[2.489s] -- Up-to-date: /home/javierfr/Robotics_Cyber_Physical_LAB/install/interfaces/include/interfaces/msg/detail
[2.489s] -- Installing: /home/javierfr/Robotics_Cyber_Physical_LAB/install/interfaces/include/interfaces/msg/detail/img_data__rosidl_typesupport_fastrtps_cpp.hpp
[2.489s] -- Installing: /home/javierfr/Robotics_Cyber_Physical_LAB/install/interfaces/include/interfaces/msg/detail/plat_state__rosidl_typesupport_fastrtps_cpp.hpp
[2.489s] -- Up-to-date: /home/javierfr/Robotics_Cyber_Physical_LAB/install/interfaces/include/interfaces/msg/detail/dds_fastrtps
[2.489s] -- Installing: /home/javierfr/Robotics_Cyber_Physical_LAB/install/interfaces/include/interfaces/msg/detail/robot_state__rosidl_typesupport_fastrtps_cpp.hpp
[2.489s] -- Installing: /home/javierfr/Robotics_Cyber_Physical_LAB/install/interfaces/include/interfaces/msg/detail/motor_vels__rosidl_typesupport_fastrtps_cpp.hpp
[2.489s] -- Installing: /home/javierfr/Robotics_Cyber_Physical_LAB/install/interfaces/include/interfaces/msg/detail/motor_vels_w_arm__rosidl_typesupport_fastrtps_cpp.hpp
[2.490s] -- Installing: /home/javierfr/Robotics_Cyber_Physical_LAB/install/interfaces/include/interfaces/msg/detail/limit_switch__rosidl_typesupport_fastrtps_cpp.hpp
[2.490s] -- Installing: /home/javierfr/Robotics_Cyber_Physical_LAB/install/interfaces/include/interfaces/msg/detail/control_data__rosidl_typesupport_fastrtps_cpp.hpp
[2.490s] -- Up-to-date: /home/javierfr/Robotics_Cyber_Physical_LAB/install/interfaces/include/interfaces/srv
[2.490s] -- Up-to-date: /home/javierfr/Robotics_Cyber_Physical_LAB/install/interfaces/include/interfaces/srv/detail
[2.490s] -- Installing: /home/javierfr/Robotics_Cyber_Physical_LAB/install/interfaces/include/interfaces/srv/detail/control_pid_start__rosidl_typesupport_fastrtps_cpp.hpp
[2.490s] -- Installing: /home/javierfr/Robotics_Cyber_Physical_LAB/install/interfaces/include/interfaces/srv/detail/platform_vel__rosidl_typesupport_fastrtps_cpp.hpp
[2.491s] -- Up-to-date: /home/javierfr/Robotics_Cyber_Physical_LAB/install/interfaces/include/interfaces/srv/detail/dds_fastrtps
[2.491s] -- Installing: /home/javierfr/Robotics_Cyber_Physical_LAB/install/interfaces/include/interfaces/srv/detail/robot_vel__rosidl_typesupport_fastrtps_cpp.hpp
[2.491s] -- Installing: /home/javierfr/Robotics_Cyber_Physical_LAB/install/interfaces/lib/libinterfaces__rosidl_typesupport_fastrtps_cpp.so
[2.491s] -- Set runtime path of "/home/javierfr/Robotics_Cyber_Physical_LAB/install/interfaces/lib/libinterfaces__rosidl_typesupport_fastrtps_cpp.so" to ""
[2.491s] -- Up-to-date: /home/javierfr/Robotics_Cyber_Physical_LAB/install/interfaces/include/interfaces
[2.491s] -- Up-to-date: /home/javierfr/Robotics_Cyber_Physical_LAB/install/interfaces/include/interfaces/msg
[2.492s] -- Up-to-date: /home/javierfr/Robotics_Cyber_Physical_LAB/install/interfaces/include/interfaces/msg/detail
[2.492s] -- Installing: /home/javierfr/Robotics_Cyber_Physical_LAB/install/interfaces/include/interfaces/msg/detail/motor_vels_w_arm__type_support.c
[2.492s] -- Installing: /home/javierfr/Robotics_Cyber_Physical_LAB/install/interfaces/include/interfaces/msg/detail/control_data__rosidl_typesupport_introspection_c.h
[2.492s] -- Installing: /home/javierfr/Robotics_Cyber_Physical_LAB/install/interfaces/include/interfaces/msg/detail/plat_state__rosidl_typesupport_introspection_c.h
[2.492s] -- Installing: /home/javierfr/Robotics_Cyber_Physical_LAB/install/interfaces/include/interfaces/msg/detail/plat_state__type_support.c
[2.492s] -- Installing: /home/javierfr/Robotics_Cyber_Physical_LAB/install/interfaces/include/interfaces/msg/detail/motor_vels__rosidl_typesupport_introspection_c.h
[2.493s] -- Installing: /home/javierfr/Robotics_Cyber_Physical_LAB/install/interfaces/include/interfaces/msg/detail/motor_vels_w_arm__rosidl_typesupport_introspection_c.h
[2.493s] -- Installing: /home/javierfr/Robotics_Cyber_Physical_LAB/install/interfaces/include/interfaces/msg/detail/robot_state__type_support.c
[2.493s] -- Installing: /home/javierfr/Robotics_Cyber_Physical_LAB/install/interfaces/include/interfaces/msg/detail/limit_switch__rosidl_typesupport_introspection_c.h
[2.493s] -- Installing: /home/javierfr/Robotics_Cyber_Physical_LAB/install/interfaces/include/interfaces/msg/detail/img_data__rosidl_typesupport_introspection_c.h
[2.493s] -- Installing: /home/javierfr/Robotics_Cyber_Physical_LAB/install/interfaces/include/interfaces/msg/detail/motor_vels__type_support.c
[2.493s] -- Installing: /home/javierfr/Robotics_Cyber_Physical_LAB/install/interfaces/include/interfaces/msg/detail/control_data__type_support.c
[2.493s] -- Installing: /home/javierfr/Robotics_Cyber_Physical_LAB/install/interfaces/include/interfaces/msg/detail/limit_switch__type_support.c
[2.494s] -- Installing: /home/javierfr/Robotics_Cyber_Physical_LAB/install/interfaces/include/interfaces/msg/detail/img_data__type_support.c
[2.494s] -- Installing: /home/javierfr/Robotics_Cyber_Physical_LAB/install/interfaces/include/interfaces/msg/detail/robot_state__rosidl_typesupport_introspection_c.h
[2.494s] -- Installing: /home/javierfr/Robotics_Cyber_Physical_LAB/install/interfaces/include/interfaces/msg/rosidl_typesupport_introspection_c__visibility_control.h
[2.494s] -- Up-to-date: /home/javierfr/Robotics_Cyber_Physical_LAB/install/interfaces/include/interfaces/srv
[2.494s] -- Up-to-date: /home/javierfr/Robotics_Cyber_Physical_LAB/install/interfaces/include/interfaces/srv/detail
[2.494s] -- Installing: /home/javierfr/Robotics_Cyber_Physical_LAB/install/interfaces/include/interfaces/srv/detail/robot_vel__rosidl_typesupport_introspection_c.h
[2.495s] -- Installing: /home/javierfr/Robotics_Cyber_Physical_LAB/install/interfaces/include/interfaces/srv/detail/control_pid_start__rosidl_typesupport_introspection_c.h
[2.495s] -- Installing: /home/javierfr/Robotics_Cyber_Physical_LAB/install/interfaces/include/interfaces/srv/detail/platform_vel__rosidl_typesupport_introspection_c.h
[2.495s] -- Installing: /home/javierfr/Robotics_Cyber_Physical_LAB/install/interfaces/include/interfaces/srv/detail/control_pid_start__type_support.c
[2.495s] -- Installing: /home/javierfr/Robotics_Cyber_Physical_LAB/install/interfaces/include/interfaces/srv/detail/platform_vel__type_support.c
[2.495s] -- Installing: /home/javierfr/Robotics_Cyber_Physical_LAB/install/interfaces/include/interfaces/srv/detail/robot_vel__type_support.c
[2.495s] -- Installing: /home/javierfr/Robotics_Cyber_Physical_LAB/install/interfaces/lib/libinterfaces__rosidl_typesupport_introspection_c.so
[2.496s] -- Set runtime path of "/home/javierfr/Robotics_Cyber_Physical_LAB/install/interfaces/lib/libinterfaces__rosidl_typesupport_introspection_c.so" to ""
[2.496s] -- Installing: /home/javierfr/Robotics_Cyber_Physical_LAB/install/interfaces/lib/libinterfaces__rosidl_typesupport_c.so
[2.497s] -- Set runtime path of "/home/javierfr/Robotics_Cyber_Physical_LAB/install/interfaces/lib/libinterfaces__rosidl_typesupport_c.so" to ""
[2.497s] -- Up-to-date: /home/javierfr/Robotics_Cyber_Physical_LAB/install/interfaces/include/interfaces
[2.497s] -- Up-to-date: /home/javierfr/Robotics_Cyber_Physical_LAB/install/interfaces/include/interfaces/msg
[2.497s] -- Installing: /home/javierfr/Robotics_Cyber_Physical_LAB/install/interfaces/include/interfaces/msg/limit_switch.hpp
[2.497s] -- Installing: /home/javierfr/Robotics_Cyber_Physical_LAB/install/interfaces/include/interfaces/msg/control_data.hpp
[2.497s] -- Up-to-date: /home/javierfr/Robotics_Cyber_Physical_LAB/install/interfaces/include/interfaces/msg/detail
[2.498s] -- Installing: /home/javierfr/Robotics_Cyber_Physical_LAB/install/interfaces/include/interfaces/msg/detail/robot_state__builder.hpp
[2.498s] -- Installing: /home/javierfr/Robotics_Cyber_Physical_LAB/install/interfaces/include/interfaces/msg/detail/motor_vels_w_arm__builder.hpp
[2.498s] -- Installing: /home/javierfr/Robotics_Cyber_Physical_LAB/install/interfaces/include/interfaces/msg/detail/motor_vels__struct.hpp
[2.498s] -- Installing: /home/javierfr/Robotics_Cyber_Physical_LAB/install/interfaces/include/interfaces/msg/detail/img_data__struct.hpp
[2.498s] -- Installing: /home/javierfr/Robotics_Cyber_Physical_LAB/install/interfaces/include/interfaces/msg/detail/motor_vels_w_arm__traits.hpp
[2.498s] -- Installing: /home/javierfr/Robotics_Cyber_Physical_LAB/install/interfaces/include/interfaces/msg/detail/control_data__builder.hpp
[2.498s] -- Installing: /home/javierfr/Robotics_Cyber_Physical_LAB/install/interfaces/include/interfaces/msg/detail/limit_switch__struct.hpp
[2.499s] -- Installing: /home/javierfr/Robotics_Cyber_Physical_LAB/install/interfaces/include/interfaces/msg/detail/control_data__struct.hpp
[2.499s] -- Installing: /home/javierfr/Robotics_Cyber_Physical_LAB/install/interfaces/include/interfaces/msg/detail/motor_vels_w_arm__struct.hpp
[2.499s] -- Installing: /home/javierfr/Robotics_Cyber_Physical_LAB/install/interfaces/include/interfaces/msg/detail/limit_switch__traits.hpp
[2.499s] -- Installing: /home/javierfr/Robotics_Cyber_Physical_LAB/install/interfaces/include/interfaces/msg/detail/plat_state__traits.hpp
[2.499s] -- Installing: /home/javierfr/Robotics_Cyber_Physical_LAB/install/interfaces/include/interfaces/msg/detail/control_data__traits.hpp
[2.499s] -- Installing: /home/javierfr/Robotics_Cyber_Physical_LAB/install/interfaces/include/interfaces/msg/detail/img_data__traits.hpp
[2.499s] -- Installing: /home/javierfr/Robotics_Cyber_Physical_LAB/install/interfaces/include/interfaces/msg/detail/img_data__builder.hpp
[2.500s] -- Installing: /home/javierfr/Robotics_Cyber_Physical_LAB/install/interfaces/include/interfaces/msg/detail/plat_state__builder.hpp
[2.500s] -- Installing: /home/javierfr/Robotics_Cyber_Physical_LAB/install/interfaces/include/interfaces/msg/detail/plat_state__struct.hpp
[2.500s] -- Installing: /home/javierfr/Robotics_Cyber_Physical_LAB/install/interfaces/include/interfaces/msg/detail/robot_state__traits.hpp
[2.500s] -- Installing: /home/javierfr/Robotics_Cyber_Physical_LAB/install/interfaces/include/interfaces/msg/detail/robot_state__struct.hpp
[2.500s] -- Installing: /home/javierfr/Robotics_Cyber_Physical_LAB/install/interfaces/include/interfaces/msg/detail/motor_vels__builder.hpp
[2.500s] -- Installing: /home/javierfr/Robotics_Cyber_Physical_LAB/install/interfaces/include/interfaces/msg/detail/motor_vels__traits.hpp
[2.501s] -- Installing: /home/javierfr/Robotics_Cyber_Physical_LAB/install/interfaces/include/interfaces/msg/detail/limit_switch__builder.hpp
[2.501s] -- Installing: /home/javierfr/Robotics_Cyber_Physical_LAB/install/interfaces/include/interfaces/msg/robot_state.hpp
[2.501s] -- Installing: /home/javierfr/Robotics_Cyber_Physical_LAB/install/interfaces/include/interfaces/msg/motor_vels.hpp
[2.501s] -- Installing: /home/javierfr/Robotics_Cyber_Physical_LAB/install/interfaces/include/interfaces/msg/img_data.hpp
[2.501s] -- Installing: /home/javierfr/Robotics_Cyber_Physical_LAB/install/interfaces/include/interfaces/msg/plat_state.hpp
[2.501s] -- Installing: /home/javierfr/Robotics_Cyber_Physical_LAB/install/interfaces/include/interfaces/msg/motor_vels_w_arm.hpp
[2.501s] -- Up-to-date: /home/javierfr/Robotics_Cyber_Physical_LAB/install/interfaces/include/interfaces/srv
[2.502s] -- Installing: /home/javierfr/Robotics_Cyber_Physical_LAB/install/interfaces/include/interfaces/srv/platform_vel.hpp
[2.502s] -- Up-to-date: /home/javierfr/Robotics_Cyber_Physical_LAB/install/interfaces/include/interfaces/srv/detail
[2.502s] -- Installing: /home/javierfr/Robotics_Cyber_Physical_LAB/install/interfaces/include/interfaces/srv/detail/control_pid_start__builder.hpp
[2.502s] -- Installing: /home/javierfr/Robotics_Cyber_Physical_LAB/install/interfaces/include/interfaces/srv/detail/platform_vel__traits.hpp
[2.502s] -- Installing: /home/javierfr/Robotics_Cyber_Physical_LAB/install/interfaces/include/interfaces/srv/detail/platform_vel__struct.hpp
[2.502s] -- Installing: /home/javierfr/Robotics_Cyber_Physical_LAB/install/interfaces/include/interfaces/srv/detail/robot_vel__builder.hpp
[2.502s] -- Installing: /home/javierfr/Robotics_Cyber_Physical_LAB/install/interfaces/include/interfaces/srv/detail/robot_vel__traits.hpp
[2.502s] -- Installing: /home/javierfr/Robotics_Cyber_Physical_LAB/install/interfaces/include/interfaces/srv/detail/control_pid_start__traits.hpp
[2.503s] -- Installing: /home/javierfr/Robotics_Cyber_Physical_LAB/install/interfaces/include/interfaces/srv/detail/control_pid_start__struct.hpp
[2.503s] -- Installing: /home/javierfr/Robotics_Cyber_Physical_LAB/install/interfaces/include/interfaces/srv/detail/robot_vel__struct.hpp
[2.503s] -- Installing: /home/javierfr/Robotics_Cyber_Physical_LAB/install/interfaces/include/interfaces/srv/detail/platform_vel__builder.hpp
[2.503s] -- Installing: /home/javierfr/Robotics_Cyber_Physical_LAB/install/interfaces/include/interfaces/srv/robot_vel.hpp
[2.503s] -- Installing: /home/javierfr/Robotics_Cyber_Physical_LAB/install/interfaces/include/interfaces/srv/control_pid_start.hpp
[2.503s] -- Up-to-date: /home/javierfr/Robotics_Cyber_Physical_LAB/install/interfaces/include/interfaces
[2.503s] -- Up-to-date: /home/javierfr/Robotics_Cyber_Physical_LAB/install/interfaces/include/interfaces/msg
[2.504s] -- Up-to-date: /home/javierfr/Robotics_Cyber_Physical_LAB/install/interfaces/include/interfaces/msg/detail
[2.504s] -- Installing: /home/javierfr/Robotics_Cyber_Physical_LAB/install/interfaces/include/interfaces/msg/detail/img_data__rosidl_typesupport_introspection_cpp.hpp
[2.504s] -- Installing: /home/javierfr/Robotics_Cyber_Physical_LAB/install/interfaces/include/interfaces/msg/detail/robot_state__type_support.cpp
[2.504s] -- Installing: /home/javierfr/Robotics_Cyber_Physical_LAB/install/interfaces/include/interfaces/msg/detail/motor_vels__type_support.cpp
[2.504s] -- Installing: /home/javierfr/Robotics_Cyber_Physical_LAB/install/interfaces/include/interfaces/msg/detail/control_data__type_support.cpp
[2.504s] -- Installing: /home/javierfr/Robotics_Cyber_Physical_LAB/install/interfaces/include/interfaces/msg/detail/plat_state__rosidl_typesupport_introspection_cpp.hpp
[2.504s] -- Installing: /home/javierfr/Robotics_Cyber_Physical_LAB/install/interfaces/include/interfaces/msg/detail/motor_vels_w_arm__rosidl_typesupport_introspection_cpp.hpp
[2.505s] -- Installing: /home/javierfr/Robotics_Cyber_Physical_LAB/install/interfaces/include/interfaces/msg/detail/plat_state__type_support.cpp
[2.505s] -- Installing: /home/javierfr/Robotics_Cyber_Physical_LAB/install/interfaces/include/interfaces/msg/detail/img_data__type_support.cpp
[2.505s] -- Installing: /home/javierfr/Robotics_Cyber_Physical_LAB/install/interfaces/include/interfaces/msg/detail/motor_vels__rosidl_typesupport_introspection_cpp.hpp
[2.505s] -- Installing: /home/javierfr/Robotics_Cyber_Physical_LAB/install/interfaces/include/interfaces/msg/detail/robot_state__rosidl_typesupport_introspection_cpp.hpp
[2.505s] -- Installing: /home/javierfr/Robotics_Cyber_Physical_LAB/install/interfaces/include/interfaces/msg/detail/control_data__rosidl_typesupport_introspection_cpp.hpp
[2.505s] -- Installing: /home/javierfr/Robotics_Cyber_Physical_LAB/install/interfaces/include/interfaces/msg/detail/motor_vels_w_arm__type_support.cpp
[2.505s] -- Installing: /home/javierfr/Robotics_Cyber_Physical_LAB/install/interfaces/include/interfaces/msg/detail/limit_switch__rosidl_typesupport_introspection_cpp.hpp
[2.506s] -- Installing: /home/javierfr/Robotics_Cyber_Physical_LAB/install/interfaces/include/interfaces/msg/detail/limit_switch__type_support.cpp
[2.506s] -- Up-to-date: /home/javierfr/Robotics_Cyber_Physical_LAB/install/interfaces/include/interfaces/srv
[2.506s] -- Up-to-date: /home/javierfr/Robotics_Cyber_Physical_LAB/install/interfaces/include/interfaces/srv/detail
[2.506s] -- Installing: /home/javierfr/Robotics_Cyber_Physical_LAB/install/interfaces/include/interfaces/srv/detail/robot_vel__rosidl_typesupport_introspection_cpp.hpp
[2.506s] -- Installing: /home/javierfr/Robotics_Cyber_Physical_LAB/install/interfaces/include/interfaces/srv/detail/robot_vel__type_support.cpp
[2.506s] -- Installing: /home/javierfr/Robotics_Cyber_Physical_LAB/install/interfaces/include/interfaces/srv/detail/platform_vel__rosidl_typesupport_introspection_cpp.hpp
[2.506s] -- Installing: /home/javierfr/Robotics_Cyber_Physical_LAB/install/interfaces/include/interfaces/srv/detail/control_pid_start__rosidl_typesupport_introspection_cpp.hpp
[2.506s] -- Installing: /home/javierfr/Robotics_Cyber_Physical_LAB/install/interfaces/include/interfaces/srv/detail/control_pid_start__type_support.cpp
[2.507s] -- Installing: /home/javierfr/Robotics_Cyber_Physical_LAB/install/interfaces/include/interfaces/srv/detail/platform_vel__type_support.cpp
[2.507s] -- Installing: /home/javierfr/Robotics_Cyber_Physical_LAB/install/interfaces/lib/libinterfaces__rosidl_typesupport_introspection_cpp.so
[2.507s] -- Set runtime path of "/home/javierfr/Robotics_Cyber_Physical_LAB/install/interfaces/lib/libinterfaces__rosidl_typesupport_introspection_cpp.so" to ""
[2.507s] -- Installing: /home/javierfr/Robotics_Cyber_Physical_LAB/install/interfaces/lib/libinterfaces__rosidl_typesupport_cpp.so
[2.508s] -- Set runtime path of "/home/javierfr/Robotics_Cyber_Physical_LAB/install/interfaces/lib/libinterfaces__rosidl_typesupport_cpp.so" to ""
[2.508s] -- Installing: /home/javierfr/Robotics_Cyber_Physical_LAB/install/interfaces/share/interfaces/environment/pythonpath.sh
[2.508s] -- Installing: /home/javierfr/Robotics_Cyber_Physical_LAB/install/interfaces/share/interfaces/environment/pythonpath.dsv
[2.508s] -- Installing: /home/javierfr/Robotics_Cyber_Physical_LAB/install/interfaces/lib/python3.8/site-packages/interfaces/__init__.py
[2.546s] Compiling '/home/javierfr/Robotics_Cyber_Physical_LAB/install/interfaces/lib/python3.8/site-packages/interfaces/__init__.py'...
[2.550s] -- Installing: /home/javierfr/Robotics_Cyber_Physical_LAB/install/interfaces/lib/python3.8/site-packages/interfaces/srv
[2.551s] -- Installing: /home/javierfr/Robotics_Cyber_Physical_LAB/install/interfaces/lib/python3.8/site-packages/interfaces/srv/_robot_vel_s.c
[2.551s] -- Installing: /home/javierfr/Robotics_Cyber_Physical_LAB/install/interfaces/lib/python3.8/site-packages/interfaces/srv/_control_pid_start_s.c
[2.551s] -- Installing: /home/javierfr/Robotics_Cyber_Physical_LAB/install/interfaces/lib/python3.8/site-packages/interfaces/srv/_platform_vel_s.c
[2.551s] -- Installing: /home/javierfr/Robotics_Cyber_Physical_LAB/install/interfaces/lib/python3.8/site-packages/interfaces/srv/_platform_vel.py
[2.551s] -- Installing: /home/javierfr/Robotics_Cyber_Physical_LAB/install/interfaces/lib/python3.8/site-packages/interfaces/srv/_robot_vel.py
[2.551s] -- Installing: /home/javierfr/Robotics_Cyber_Physical_LAB/install/interfaces/lib/python3.8/site-packages/interfaces/srv/__init__.py
[2.551s] -- Installing: /home/javierfr/Robotics_Cyber_Physical_LAB/install/interfaces/lib/python3.8/site-packages/interfaces/srv/_control_pid_start.py
[2.551s] -- Installing: /home/javierfr/Robotics_Cyber_Physical_LAB/install/interfaces/lib/python3.8/site-packages/interfaces/msg
[2.551s] -- Installing: /home/javierfr/Robotics_Cyber_Physical_LAB/install/interfaces/lib/python3.8/site-packages/interfaces/msg/_motor_vels.py
[2.552s] -- Installing: /home/javierfr/Robotics_Cyber_Physical_LAB/install/interfaces/lib/python3.8/site-packages/interfaces/msg/_limit_switch.py
[2.552s] -- Installing: /home/javierfr/Robotics_Cyber_Physical_LAB/install/interfaces/lib/python3.8/site-packages/interfaces/msg/_robot_state.py
[2.552s] -- Installing: /home/javierfr/Robotics_Cyber_Physical_LAB/install/interfaces/lib/python3.8/site-packages/interfaces/msg/_motor_vels_w_arm.py
[2.552s] -- Installing: /home/javierfr/Robotics_Cyber_Physical_LAB/install/interfaces/lib/python3.8/site-packages/interfaces/msg/_control_data.py
[2.552s] -- Installing: /home/javierfr/Robotics_Cyber_Physical_LAB/install/interfaces/lib/python3.8/site-packages/interfaces/msg/_control_data_s.c
[2.552s] -- Installing: /home/javierfr/Robotics_Cyber_Physical_LAB/install/interfaces/lib/python3.8/site-packages/interfaces/msg/_img_data_s.c
[2.552s] -- Installing: /home/javierfr/Robotics_Cyber_Physical_LAB/install/interfaces/lib/python3.8/site-packages/interfaces/msg/_motor_vels_s.c
[2.552s] -- Installing: /home/javierfr/Robotics_Cyber_Physical_LAB/install/interfaces/lib/python3.8/site-packages/interfaces/msg/_motor_vels_w_arm_s.c
[2.552s] -- Installing: /home/javierfr/Robotics_Cyber_Physical_LAB/install/interfaces/lib/python3.8/site-packages/interfaces/msg/_plat_state.py
[2.552s] -- Installing: /home/javierfr/Robotics_Cyber_Physical_LAB/install/interfaces/lib/python3.8/site-packages/interfaces/msg/_limit_switch_s.c
[2.553s] -- Installing: /home/javierfr/Robotics_Cyber_Physical_LAB/install/interfaces/lib/python3.8/site-packages/interfaces/msg/__init__.py
[2.553s] -- Installing: /home/javierfr/Robotics_Cyber_Physical_LAB/install/interfaces/lib/python3.8/site-packages/interfaces/msg/_robot_state_s.c
[2.553s] -- Installing: /home/javierfr/Robotics_Cyber_Physical_LAB/install/interfaces/lib/python3.8/site-packages/interfaces/msg/_plat_state_s.c
[2.553s] -- Installing: /home/javierfr/Robotics_Cyber_Physical_LAB/install/interfaces/lib/python3.8/site-packages/interfaces/msg/_img_data.py
[2.553s] -- Installing: /home/javierfr/Robotics_Cyber_Physical_LAB/install/interfaces/lib/python3.8/site-packages/interfaces/interfaces_s__rosidl_typesupport_fastrtps_c.cpython-38-x86_64-linux-gnu.so
[2.554s] -- Set runtime path of "/home/javierfr/Robotics_Cyber_Physical_LAB/install/interfaces/lib/python3.8/site-packages/interfaces/interfaces_s__rosidl_typesupport_fastrtps_c.cpython-38-x86_64-linux-gnu.so" to ""
[2.554s] -- Installing: /home/javierfr/Robotics_Cyber_Physical_LAB/install/interfaces/lib/python3.8/site-packages/interfaces/interfaces_s__rosidl_typesupport_introspection_c.cpython-38-x86_64-linux-gnu.so
[2.554s] -- Set runtime path of "/home/javierfr/Robotics_Cyber_Physical_LAB/install/interfaces/lib/python3.8/site-packages/interfaces/interfaces_s__rosidl_typesupport_introspection_c.cpython-38-x86_64-linux-gnu.so" to ""
[2.555s] -- Installing: /home/javierfr/Robotics_Cyber_Physical_LAB/install/interfaces/lib/python3.8/site-packages/interfaces/interfaces_s__rosidl_typesupport_c.cpython-38-x86_64-linux-gnu.so
[2.555s] -- Set runtime path of "/home/javierfr/Robotics_Cyber_Physical_LAB/install/interfaces/lib/python3.8/site-packages/interfaces/interfaces_s__rosidl_typesupport_c.cpython-38-x86_64-linux-gnu.so" to ""
[2.555s] -- Installing: /home/javierfr/Robotics_Cyber_Physical_LAB/install/interfaces/lib/libinterfaces__python.so
[2.556s] -- Set runtime path of "/home/javierfr/Robotics_Cyber_Physical_LAB/install/interfaces/lib/libinterfaces__python.so" to ""
[2.556s] -- Installing: /home/javierfr/Robotics_Cyber_Physical_LAB/install/interfaces/share/interfaces/srv/PlatformVel.idl
[2.556s] -- Installing: /home/javierfr/Robotics_Cyber_Physical_LAB/install/interfaces/share/interfaces/msg/MotorVels.idl
[2.556s] -- Installing: /home/javierfr/Robotics_Cyber_Physical_LAB/install/interfaces/share/interfaces/msg/ImgData.idl
[2.557s] -- Installing: /home/javierfr/Robotics_Cyber_Physical_LAB/install/interfaces/share/interfaces/srv/ControlPidStart.idl
[2.557s] -- Installing: /home/javierfr/Robotics_Cyber_Physical_LAB/install/interfaces/share/interfaces/msg/PlatState.idl
[2.557s] -- Installing: /home/javierfr/Robotics_Cyber_Physical_LAB/install/interfaces/share/interfaces/msg/ControlData.idl
[2.557s] -- Installing: /home/javierfr/Robotics_Cyber_Physical_LAB/install/interfaces/share/interfaces/msg/MotorVelsWArm.idl
[2.557s] -- Installing: /home/javierfr/Robotics_Cyber_Physical_LAB/install/interfaces/share/interfaces/msg/LimitSwitch.idl
[2.557s] -- Installing: /home/javierfr/Robotics_Cyber_Physical_LAB/install/interfaces/share/interfaces/srv/RobotVel.idl
[2.558s] -- Installing: /home/javierfr/Robotics_Cyber_Physical_LAB/install/interfaces/share/interfaces/msg/RobotState.idl
[2.558s] -- Installing: /home/javierfr/Robotics_Cyber_Physical_LAB/install/interfaces/share/interfaces/srv/PlatformVel.srv
[2.558s] -- Installing: /home/javierfr/Robotics_Cyber_Physical_LAB/install/interfaces/share/interfaces/srv/PlatformVel_Request.msg
[2.558s] -- Installing: /home/javierfr/Robotics_Cyber_Physical_LAB/install/interfaces/share/interfaces/srv/PlatformVel_Response.msg
[2.558s] -- Installing: /home/javierfr/Robotics_Cyber_Physical_LAB/install/interfaces/share/interfaces/msg/MotorVels.msg
[2.558s] -- Installing: /home/javierfr/Robotics_Cyber_Physical_LAB/install/interfaces/share/interfaces/msg/ImgData.msg
[2.558s] -- Installing: /home/javierfr/Robotics_Cyber_Physical_LAB/install/interfaces/share/interfaces/srv/ControlPidStart.srv
[2.559s] -- Installing: /home/javierfr/Robotics_Cyber_Physical_LAB/install/interfaces/share/interfaces/srv/ControlPidStart_Request.msg
[2.559s] -- Installing: /home/javierfr/Robotics_Cyber_Physical_LAB/install/interfaces/share/interfaces/srv/ControlPidStart_Response.msg
[2.559s] -- Installing: /home/javierfr/Robotics_Cyber_Physical_LAB/install/interfaces/share/interfaces/msg/PlatState.msg
[2.559s] -- Installing: /home/javierfr/Robotics_Cyber_Physical_LAB/install/interfaces/share/interfaces/msg/ControlData.msg
[2.559s] -- Installing: /home/javierfr/Robotics_Cyber_Physical_LAB/install/interfaces/share/interfaces/msg/MotorVelsWArm.msg
[2.560s] -- Installing: /home/javierfr/Robotics_Cyber_Physical_LAB/install/interfaces/share/interfaces/msg/LimitSwitch.msg
[2.560s] -- Installing: /home/javierfr/Robotics_Cyber_Physical_LAB/install/interfaces/share/interfaces/srv/RobotVel.srv
[2.560s] -- Installing: /home/javierfr/Robotics_Cyber_Physical_LAB/install/interfaces/share/interfaces/srv/RobotVel_Request.msg
[2.560s] -- Installing: /home/javierfr/Robotics_Cyber_Physical_LAB/install/interfaces/share/interfaces/srv/RobotVel_Response.msg
[2.560s] -- Installing: /home/javierfr/Robotics_Cyber_Physical_LAB/install/interfaces/share/interfaces/msg/RobotState.msg
[2.560s] -- Installing: /home/javierfr/Robotics_Cyber_Physical_LAB/install/interfaces/share/ament_index/resource_index/package_run_dependencies/interfaces
[2.561s] -- Installing: /home/javierfr/Robotics_Cyber_Physical_LAB/install/interfaces/share/ament_index/resource_index/parent_prefix_path/interfaces
[2.561s] -- Installing: /home/javierfr/Robotics_Cyber_Physical_LAB/install/interfaces/share/interfaces/environment/ament_prefix_path.sh
[2.561s] -- Installing: /home/javierfr/Robotics_Cyber_Physical_LAB/install/interfaces/share/interfaces/environment/ament_prefix_path.dsv
[2.561s] -- Installing: /home/javierfr/Robotics_Cyber_Physical_LAB/install/interfaces/share/interfaces/environment/path.sh
[2.561s] -- Installing: /home/javierfr/Robotics_Cyber_Physical_LAB/install/interfaces/share/interfaces/environment/path.dsv
[2.561s] -- Installing: /home/javierfr/Robotics_Cyber_Physical_LAB/install/interfaces/share/interfaces/local_setup.bash
[2.562s] -- Installing: /home/javierfr/Robotics_Cyber_Physical_LAB/install/interfaces/share/interfaces/local_setup.sh
[2.562s] -- Installing: /home/javierfr/Robotics_Cyber_Physical_LAB/install/interfaces/share/interfaces/local_setup.zsh
[2.562s] -- Installing: /home/javierfr/Robotics_Cyber_Physical_LAB/install/interfaces/share/interfaces/local_setup.dsv
[2.562s] -- Installing: /home/javierfr/Robotics_Cyber_Physical_LAB/install/interfaces/share/interfaces/package.dsv
[2.562s] -- Installing: /home/javierfr/Robotics_Cyber_Physical_LAB/install/interfaces/share/ament_index/resource_index/packages/interfaces
[2.562s] -- Installing: /home/javierfr/Robotics_Cyber_Physical_LAB/install/interfaces/share/interfaces/cmake/interfaces__rosidl_generator_cExport.cmake
[2.563s] -- Installing: /home/javierfr/Robotics_Cyber_Physical_LAB/install/interfaces/share/interfaces/cmake/interfaces__rosidl_generator_cExport-noconfig.cmake
[2.563s] -- Installing: /home/javierfr/Robotics_Cyber_Physical_LAB/install/interfaces/share/interfaces/cmake/interfaces__rosidl_typesupport_introspection_cExport.cmake
[2.563s] -- Installing: /home/javierfr/Robotics_Cyber_Physical_LAB/install/interfaces/share/interfaces/cmake/interfaces__rosidl_typesupport_introspection_cExport-noconfig.cmake
[2.563s] -- Installing: /home/javierfr/Robotics_Cyber_Physical_LAB/install/interfaces/share/interfaces/cmake/interfaces__rosidl_typesupport_cExport.cmake
[2.563s] -- Installing: /home/javierfr/Robotics_Cyber_Physical_LAB/install/interfaces/share/interfaces/cmake/interfaces__rosidl_typesupport_cExport-noconfig.cmake
[2.564s] -- Installing: /home/javierfr/Robotics_Cyber_Physical_LAB/install/interfaces/share/interfaces/cmake/interfaces__rosidl_generator_cppExport.cmake
[2.564s] -- Installing: /home/javierfr/Robotics_Cyber_Physical_LAB/install/interfaces/share/interfaces/cmake/interfaces__rosidl_typesupport_introspection_cppExport.cmake
[2.564s] -- Installing: /home/javierfr/Robotics_Cyber_Physical_LAB/install/interfaces/share/interfaces/cmake/interfaces__rosidl_typesupport_introspection_cppExport-noconfig.cmake
[2.564s] -- Installing: /home/javierfr/Robotics_Cyber_Physical_LAB/install/interfaces/share/interfaces/cmake/interfaces__rosidl_typesupport_cppExport.cmake
[2.565s] -- Installing: /home/javierfr/Robotics_Cyber_Physical_LAB/install/interfaces/share/interfaces/cmake/interfaces__rosidl_typesupport_cppExport-noconfig.cmake
[2.565s] -- Installing: /home/javierfr/Robotics_Cyber_Physical_LAB/install/interfaces/share/interfaces/cmake/rosidl_cmake-extras.cmake
[2.565s] -- Installing: /home/javierfr/Robotics_Cyber_Physical_LAB/install/interfaces/share/interfaces/cmake/ament_cmake_export_dependencies-extras.cmake
[2.565s] -- Installing: /home/javierfr/Robotics_Cyber_Physical_LAB/install/interfaces/share/interfaces/cmake/ament_cmake_export_libraries-extras.cmake
[2.565s] -- Installing: /home/javierfr/Robotics_Cyber_Physical_LAB/install/interfaces/share/interfaces/cmake/ament_cmake_export_targets-extras.cmake
[2.565s] -- Installing: /home/javierfr/Robotics_Cyber_Physical_LAB/install/interfaces/share/interfaces/cmake/ament_cmake_export_include_directories-extras.cmake
[2.565s] -- Installing: /home/javierfr/Robotics_Cyber_Physical_LAB/install/interfaces/share/interfaces/cmake/rosidl_cmake_export_typesupport_libraries-extras.cmake
[2.565s] -- Installing: /home/javierfr/Robotics_Cyber_Physical_LAB/install/interfaces/share/interfaces/cmake/rosidl_cmake_export_typesupport_targets-extras.cmake
[2.566s] -- Installing: /home/javierfr/Robotics_Cyber_Physical_LAB/install/interfaces/share/interfaces/cmake/interfacesConfig.cmake
[2.566s] -- Installing: /home/javierfr/Robotics_Cyber_Physical_LAB/install/interfaces/share/interfaces/cmake/interfacesConfig-version.cmake
[2.566s] -- Installing: /home/javierfr/Robotics_Cyber_Physical_LAB/install/interfaces/share/interfaces/package.xml
[2.569s] Invoked command in '/home/javierfr/Robotics_Cyber_Physical_LAB/build/interfaces' returned '0': CMAKE_PREFIX_PATH=/opt/ros/foxy /usr/bin/cmake --install /home/javierfr/Robotics_Cyber_Physical_LAB/build/interfaces
