[0.014s] Invoking command in '/home/javierfr/Tesis_ws/V1/build/control_pkg': CMAKE_PREFIX_PATH=/home/javierfr/Tesis_ws/V1/install/interfaces:/home/javierfr/Tesis_ws/V1/install/inv_kinematics_pkg:/home/javierfr/Tesis_ws/V1/install/control_pkg:/home/javierfr/Tesis_ws/V1/install/img_proc_pkg:/home/javierfr/Tesis_ws/V1/install/gazebo_plugin_sim:/opt/ros/foxy LD_LIBRARY_PATH=/home/javierfr/Tesis_ws/V1/install/interfaces/lib:/home/javierfr/Tesis_ws/V1/install/gazebo_plugin_sim/lib:/opt/ros/foxy/opt/yaml_cpp_vendor/lib:/opt/ros/foxy/opt/rviz_ogre_vendor/lib:/opt/ros/foxy/lib/x86_64-linux-gnu:/opt/ros/foxy/lib:/usr/lib/x86_64-linux-gnu/gazebo-11/plugins:/usr/lib/x86_64-linux-gnu/gazebo-11/plugins /usr/bin/cmake --build /home/javierfr/Tesis_ws/V1/build/control_pkg -- -j12 -l12
[0.060s] [35m[1mScanning dependencies of target control_pid_r1_node[0m
[0.077s] [ 25%] Built target control_pid_r2_node
[0.080s] [ 50%] Built target control_pid_p2_node
[0.081s] [ 75%] Built target control_pid_p1_node
[0.096s] [ 87%] [32mBuilding CXX object CMakeFiles/control_pid_r1_node.dir/src/control_pid_r1_node.cpp.o[0m
[9.970s] [100%] [32m[1mLinking CXX executable control_pid_r1_node[0m
[10.422s] [100%] Built target control_pid_r1_node
[10.432s] Invoked command in '/home/javierfr/Tesis_ws/V1/build/control_pkg' returned '0': CMAKE_PREFIX_PATH=/home/javierfr/Tesis_ws/V1/install/interfaces:/home/javierfr/Tesis_ws/V1/install/inv_kinematics_pkg:/home/javierfr/Tesis_ws/V1/install/control_pkg:/home/javierfr/Tesis_ws/V1/install/img_proc_pkg:/home/javierfr/Tesis_ws/V1/install/gazebo_plugin_sim:/opt/ros/foxy LD_LIBRARY_PATH=/home/javierfr/Tesis_ws/V1/install/interfaces/lib:/home/javierfr/Tesis_ws/V1/install/gazebo_plugin_sim/lib:/opt/ros/foxy/opt/yaml_cpp_vendor/lib:/opt/ros/foxy/opt/rviz_ogre_vendor/lib:/opt/ros/foxy/lib/x86_64-linux-gnu:/opt/ros/foxy/lib:/usr/lib/x86_64-linux-gnu/gazebo-11/plugins:/usr/lib/x86_64-linux-gnu/gazebo-11/plugins /usr/bin/cmake --build /home/javierfr/Tesis_ws/V1/build/control_pkg -- -j12 -l12
[10.460s] Invoking command in '/home/javierfr/Tesis_ws/V1/build/control_pkg': CMAKE_PREFIX_PATH=/home/javierfr/Tesis_ws/V1/install/interfaces:/home/javierfr/Tesis_ws/V1/install/inv_kinematics_pkg:/home/javierfr/Tesis_ws/V1/install/control_pkg:/home/javierfr/Tesis_ws/V1/install/img_proc_pkg:/home/javierfr/Tesis_ws/V1/install/gazebo_plugin_sim:/opt/ros/foxy LD_LIBRARY_PATH=/home/javierfr/Tesis_ws/V1/install/interfaces/lib:/home/javierfr/Tesis_ws/V1/install/gazebo_plugin_sim/lib:/opt/ros/foxy/opt/yaml_cpp_vendor/lib:/opt/ros/foxy/opt/rviz_ogre_vendor/lib:/opt/ros/foxy/lib/x86_64-linux-gnu:/opt/ros/foxy/lib:/usr/lib/x86_64-linux-gnu/gazebo-11/plugins:/usr/lib/x86_64-linux-gnu/gazebo-11/plugins /usr/bin/cmake --install /home/javierfr/Tesis_ws/V1/build/control_pkg
[10.467s] -- Install configuration: ""
[10.467s] -- Up-to-date: /home/javierfr/Tesis_ws/V1/install/control_pkg/lib/control_pkg/control_pid_p1_node
[10.467s] -- Up-to-date: /home/javierfr/Tesis_ws/V1/install/control_pkg/lib/control_pkg/control_pid_p2_node
[10.467s] -- Installing: /home/javierfr/Tesis_ws/V1/install/control_pkg/lib/control_pkg/control_pid_r1_node
[10.472s] -- Set runtime path of "/home/javierfr/Tesis_ws/V1/install/control_pkg/lib/control_pkg/control_pid_r1_node" to ""
[10.472s] -- Up-to-date: /home/javierfr/Tesis_ws/V1/install/control_pkg/lib/control_pkg/control_pid_r2_node
[10.472s] -- Up-to-date: /home/javierfr/Tesis_ws/V1/install/control_pkg/share/ament_index/resource_index/package_run_dependencies/control_pkg
[10.473s] -- Up-to-date: /home/javierfr/Tesis_ws/V1/install/control_pkg/share/ament_index/resource_index/parent_prefix_path/control_pkg
[10.473s] -- Up-to-date: /home/javierfr/Tesis_ws/V1/install/control_pkg/share/control_pkg/environment/ament_prefix_path.sh
[10.473s] -- Up-to-date: /home/javierfr/Tesis_ws/V1/install/control_pkg/share/control_pkg/environment/ament_prefix_path.dsv
[10.473s] -- Up-to-date: /home/javierfr/Tesis_ws/V1/install/control_pkg/share/control_pkg/environment/path.sh
[10.473s] -- Up-to-date: /home/javierfr/Tesis_ws/V1/install/control_pkg/share/control_pkg/environment/path.dsv
[10.473s] -- Up-to-date: /home/javierfr/Tesis_ws/V1/install/control_pkg/share/control_pkg/local_setup.bash
[10.473s] -- Up-to-date: /home/javierfr/Tesis_ws/V1/install/control_pkg/share/control_pkg/local_setup.sh
[10.473s] -- Up-to-date: /home/javierfr/Tesis_ws/V1/install/control_pkg/share/control_pkg/local_setup.zsh
[10.473s] -- Up-to-date: /home/javierfr/Tesis_ws/V1/install/control_pkg/share/control_pkg/local_setup.dsv
[10.473s] -- Installing: /home/javierfr/Tesis_ws/V1/install/control_pkg/share/control_pkg/package.dsv
[10.473s] -- Up-to-date: /home/javierfr/Tesis_ws/V1/install/control_pkg/share/ament_index/resource_index/packages/control_pkg
[10.473s] -- Up-to-date: /home/javierfr/Tesis_ws/V1/install/control_pkg/share/control_pkg/cmake/control_pkgConfig.cmake
[10.473s] -- Up-to-date: /home/javierfr/Tesis_ws/V1/install/control_pkg/share/control_pkg/cmake/control_pkgConfig-version.cmake
[10.473s] -- Up-to-date: /home/javierfr/Tesis_ws/V1/install/control_pkg/share/control_pkg/package.xml
[10.474s] Invoked command in '/home/javierfr/Tesis_ws/V1/build/control_pkg' returned '0': CMAKE_PREFIX_PATH=/home/javierfr/Tesis_ws/V1/install/interfaces:/home/javierfr/Tesis_ws/V1/install/inv_kinematics_pkg:/home/javierfr/Tesis_ws/V1/install/control_pkg:/home/javierfr/Tesis_ws/V1/install/img_proc_pkg:/home/javierfr/Tesis_ws/V1/install/gazebo_plugin_sim:/opt/ros/foxy LD_LIBRARY_PATH=/home/javierfr/Tesis_ws/V1/install/interfaces/lib:/home/javierfr/Tesis_ws/V1/install/gazebo_plugin_sim/lib:/opt/ros/foxy/opt/yaml_cpp_vendor/lib:/opt/ros/foxy/opt/rviz_ogre_vendor/lib:/opt/ros/foxy/lib/x86_64-linux-gnu:/opt/ros/foxy/lib:/usr/lib/x86_64-linux-gnu/gazebo-11/plugins:/usr/lib/x86_64-linux-gnu/gazebo-11/plugins /usr/bin/cmake --install /home/javierfr/Tesis_ws/V1/build/control_pkg
