[0.015s] Invoking command in '/home/javierfr/Tesis_ws/V1/build/gazebo_plugin_sim': CMAKE_PREFIX_PATH=${CMAKE_PREFIX_PATH}:/opt/ros/foxy /usr/bin/cmake --build /home/javierfr/Tesis_ws/V1/build/gazebo_plugin_sim -- -j12 -l12
[0.039s] -- Found ament_cmake: 0.9.8 (/opt/ros/foxy/share/ament_cmake/cmake)
[0.057s] -- Using PYTHON_EXECUTABLE: /usr/bin/python3
[0.210s] -- Found camera_info_manager: 2.3.0 (/opt/ros/foxy/share/camera_info_manager/cmake)
[0.242s] -- Using all available rosidl_typesupport_c: rosidl_typesupport_fastrtps_c;rosidl_typesupport_introspection_c
[0.244s] -- Found rosidl_adapter: 1.2.1 (/opt/ros/foxy/share/rosidl_adapter/cmake)
[0.351s] -- Using all available rosidl_typesupport_cpp: rosidl_typesupport_fastrtps_cpp;rosidl_typesupport_introspection_cpp
[0.388s] -- Found rmw_implementation_cmake: 1.0.3 (/opt/ros/foxy/share/rmw_implementation_cmake/cmake)
[0.388s] -- Using RMW implementation 'rmw_fastrtps_cpp' as default
[0.610s] -- Setting yaml-cpp_DIR to: '/opt/ros/foxy/share/yaml_cpp_vendor/cmake/../../../opt/yaml_cpp_vendor/lib/cmake/yaml-cpp'
[0.663s] -- Found gazebo_dev: 3.5.3 (/opt/ros/foxy/share/gazebo_dev/cmake)
[0.701s] -- Found DART: /usr/include (Required is at least version "6.6") found components: dart 
[0.726s] -- Found Protobuf: /usr/lib/x86_64-linux-gnu/libprotobuf.so;-lpthread (found version "3.6.1") 
[0.728s] -- Looking for ignition-math6 -- found version 6.8.0
[0.731s] -- Searching for dependencies of ignition-math6
[0.733s] -- Looking for OGRE...
[0.737s] -- Found Ogre Ghadamon (1.9.0)
[0.737s] -- Found OGRE: optimized;/usr/lib/x86_64-linux-gnu/libOgreMain.so;debug;/usr/lib/x86_64-linux-gnu/libOgreMain.so
[0.746s] -- Looking for OGRE_Paging...
[0.746s] -- Found OGRE_Paging: optimized;/usr/lib/x86_64-linux-gnu/libOgrePaging.so;debug;/usr/lib/x86_64-linux-gnu/libOgrePaging.so
[0.746s] -- Looking for OGRE_Terrain...
[0.746s] -- Found OGRE_Terrain: optimized;/usr/lib/x86_64-linux-gnu/libOgreTerrain.so;debug;/usr/lib/x86_64-linux-gnu/libOgreTerrain.so
[0.746s] -- Looking for OGRE_Property...
[0.746s] -- Found OGRE_Property: optimized;/usr/lib/x86_64-linux-gnu/libOgreProperty.so;debug;/usr/lib/x86_64-linux-gnu/libOgreProperty.so
[0.747s] -- Looking for OGRE_RTShaderSystem...
[0.747s] -- Found OGRE_RTShaderSystem: optimized;/usr/lib/x86_64-linux-gnu/libOgreRTShaderSystem.so;debug;/usr/lib/x86_64-linux-gnu/libOgreRTShaderSystem.so
[0.747s] -- Looking for OGRE_Volume...
[0.747s] -- Found OGRE_Volume: optimized;/usr/lib/x86_64-linux-gnu/libOgreVolume.so;debug;/usr/lib/x86_64-linux-gnu/libOgreVolume.so
[0.747s] -- Looking for OGRE_Overlay...
[0.747s] -- Found OGRE_Overlay: optimized;/usr/lib/x86_64-linux-gnu/libOgreOverlay.so;debug;/usr/lib/x86_64-linux-gnu/libOgreOverlay.so
[0.868s] -- Looking for ignition-math6 -- found version 6.8.0
[0.869s] -- Looking for ignition-transport8 -- found version 8.2.0
[0.869s] -- Searching for dependencies of ignition-transport8
[0.884s] -- Found Protobuf: /usr/lib/x86_64-linux-gnu/libprotobuf.so;-lpthread (found suitable version "3.6.1", minimum required is "3") 
[0.895s] -- Config-file not installed for ZeroMQ -- checking for pkg-config
[0.898s] -- Checking for module 'libzmq >= 4'
[0.910s] --   Found libzmq , version 4.3.2
[0.947s] -- Checking for module 'uuid'
[0.959s] --   Found uuid, version 2.34.0
[0.989s] -- Looking for ignition-msgs5 -- found version 5.7.0
[0.989s] -- Searching for dependencies of ignition-msgs5
[1.006s] -- Looking for ignition-math6 -- found version 6.8.0
[1.046s] -- Checking for module 'tinyxml2'
[1.060s] --   Found tinyxml2, version 6.2.0
[1.091s] -- Looking for ignition-msgs5 -- found version 5.7.0
[1.091s] -- Looking for ignition-common3 -- found version 3.13.1
[1.092s] -- Searching for dependencies of ignition-common3
[1.092s] -- Looking for dlfcn.h - found
[1.092s] -- Looking for libdl - found
[1.098s] -- Searching for <ignition-common3> component [graphics]
[1.098s] -- Looking for ignition-common3-graphics -- found version 3.13.1
[1.099s] -- Searching for dependencies of ignition-common3-graphics
[1.099s] -- Looking for ignition-math6 -- found version 6.8.0
[1.100s] -- Looking for ignition-fuel_tools4 -- found version 4.3.0
[1.101s] -- Searching for dependencies of ignition-fuel_tools4
[1.123s] -- Checking for module 'jsoncpp'
[1.137s] --   Found jsoncpp, version 1.7.4
[1.177s] -- Checking for module 'libzip'
[1.194s] --   Found libzip, version 1.5.1
[1.225s] -- Looking for ignition-common3 -- found version 3.13.1
[1.225s] -- Looking for ignition-msgs5 -- found version 5.7.0
[1.226s] -- Gazebo version: 11.5
[1.226s] -- Found gazebo_msgs: 3.5.3 (/opt/ros/foxy/share/gazebo_msgs/cmake)
[1.396s] -- Found gazebo_ros: 3.5.3 (/opt/ros/foxy/share/gazebo_ros/cmake)
[1.403s] -- Found image_transport: 2.3.0 (/opt/ros/foxy/share/image_transport/cmake)
[1.435s] -- Found cv_bridge: 2.2.1 (/opt/ros/foxy/share/cv_bridge/cmake)
[1.441s] -- Found nav_msgs: 2.0.4 (/opt/ros/foxy/share/nav_msgs/cmake)
[1.499s] -- Found std_srvs: 2.0.4 (/opt/ros/foxy/share/std_srvs/cmake)
[1.506s] -- Found tf2: 0.13.10 (/opt/ros/foxy/share/tf2/cmake)
[1.513s] -- Found tf2_geometry_msgs: 0.13.10 (/opt/ros/foxy/share/tf2_geometry_msgs/cmake)
[1.518s] -- Found eigen3_cmake_module: 0.1.1 (/opt/ros/foxy/share/eigen3_cmake_module/cmake)
[1.813s] -- Found interfaces: 0.0.0 (/home/javierfr/Tesis_ws/V1/install/interfaces/share/interfaces/cmake)
[1.940s] -- Configuring done
[2.036s] -- Generating done
[2.038s] -- Build files have been written to: /home/javierfr/Tesis_ws/V1/build/gazebo_plugin_sim
[2.071s] [35m[1mScanning dependencies of target platform1_plugin[0m
[2.071s] [35m[1mScanning dependencies of target robot1_plugin[0m
[2.071s] [35m[1mScanning dependencies of target robot2_plugin[0m
[2.072s] [35m[1mScanning dependencies of target platform2_plugin[0m
[2.115s] [ 20%] Built target platform_plugin_test
[2.152s] [ 30%] [32mBuilding CXX object CMakeFiles/platform1_plugin.dir/src/platform1_plugin.cpp.o[0m
[2.155s] [ 40%] [32mBuilding CXX object CMakeFiles/robot1_plugin.dir/src/robot1_plugin.cpp.o[0m
[2.171s] [ 50%] [32mBuilding CXX object CMakeFiles/platform2_plugin.dir/src/platform2_plugin.cpp.o[0m
[2.176s] [ 60%] [32mBuilding CXX object CMakeFiles/robot2_plugin.dir/src/robot2_plugin.cpp.o[0m
[2.217s] [ 70%] [32m[1mLinking CXX shared library libplatform1_plugin.so[0m
[2.231s] [ 80%] [32m[1mLinking CXX shared library libplatform2_plugin.so[0m
[3.515s] [ 80%] Built target platform1_plugin
[3.615s] [ 80%] Built target platform2_plugin
[4.167s] [ 90%] [32m[1mLinking CXX shared library librobot2_plugin.so[0m
[4.195s] [100%] [32m[1mLinking CXX shared library librobot1_plugin.so[0m
[5.276s] [100%] Built target robot2_plugin
[5.300s] [100%] Built target robot1_plugin
[5.309s] Invoked command in '/home/javierfr/Tesis_ws/V1/build/gazebo_plugin_sim' returned '0': CMAKE_PREFIX_PATH=${CMAKE_PREFIX_PATH}:/opt/ros/foxy /usr/bin/cmake --build /home/javierfr/Tesis_ws/V1/build/gazebo_plugin_sim -- -j12 -l12
[5.337s] Invoking command in '/home/javierfr/Tesis_ws/V1/build/gazebo_plugin_sim': CMAKE_PREFIX_PATH=${CMAKE_PREFIX_PATH}:/opt/ros/foxy /usr/bin/cmake --install /home/javierfr/Tesis_ws/V1/build/gazebo_plugin_sim
[5.344s] -- Install configuration: ""
[5.344s] -- Up-to-date: /home/javierfr/Tesis_ws/V1/install/gazebo_plugin_sim/share/gazebo_plugin_sim/environment/library_path.sh
[5.344s] -- Installing: /home/javierfr/Tesis_ws/V1/install/gazebo_plugin_sim/share/gazebo_plugin_sim/environment/library_path.dsv
[5.344s] -- Up-to-date: /home/javierfr/Tesis_ws/V1/install/gazebo_plugin_sim/share/gazebo_plugin_sim/environment/gazebo_plugin_sim.sh
[5.344s] -- Installing: /home/javierfr/Tesis_ws/V1/install/gazebo_plugin_sim/share/gazebo_plugin_sim/environment/gazebo_plugin_sim.dsv
[5.344s] -- Up-to-date: /home/javierfr/Tesis_ws/V1/install/gazebo_plugin_sim/share/ament_index/resource_index/package_run_dependencies/gazebo_plugin_sim
[5.344s] -- Up-to-date: /home/javierfr/Tesis_ws/V1/install/gazebo_plugin_sim/share/ament_index/resource_index/parent_prefix_path/gazebo_plugin_sim
[5.344s] -- Up-to-date: /home/javierfr/Tesis_ws/V1/install/gazebo_plugin_sim/share/gazebo_plugin_sim/environment/ament_prefix_path.sh
[5.344s] -- Installing: /home/javierfr/Tesis_ws/V1/install/gazebo_plugin_sim/share/gazebo_plugin_sim/environment/ament_prefix_path.dsv
[5.344s] -- Up-to-date: /home/javierfr/Tesis_ws/V1/install/gazebo_plugin_sim/share/gazebo_plugin_sim/environment/path.sh
[5.345s] -- Installing: /home/javierfr/Tesis_ws/V1/install/gazebo_plugin_sim/share/gazebo_plugin_sim/environment/path.dsv
[5.345s] -- Up-to-date: /home/javierfr/Tesis_ws/V1/install/gazebo_plugin_sim/share/gazebo_plugin_sim/local_setup.bash
[5.345s] -- Up-to-date: /home/javierfr/Tesis_ws/V1/install/gazebo_plugin_sim/share/gazebo_plugin_sim/local_setup.sh
[5.345s] -- Up-to-date: /home/javierfr/Tesis_ws/V1/install/gazebo_plugin_sim/share/gazebo_plugin_sim/local_setup.zsh
[5.345s] -- Installing: /home/javierfr/Tesis_ws/V1/install/gazebo_plugin_sim/share/gazebo_plugin_sim/local_setup.dsv
[5.345s] -- Installing: /home/javierfr/Tesis_ws/V1/install/gazebo_plugin_sim/share/gazebo_plugin_sim/package.dsv
[5.345s] -- Up-to-date: /home/javierfr/Tesis_ws/V1/install/gazebo_plugin_sim/share/ament_index/resource_index/packages/gazebo_plugin_sim
[5.345s] -- Up-to-date: /home/javierfr/Tesis_ws/V1/install/gazebo_plugin_sim/share/gazebo_plugin_sim/cmake/ament_cmake_export_libraries-extras.cmake
[5.345s] -- Up-to-date: /home/javierfr/Tesis_ws/V1/install/gazebo_plugin_sim/share/gazebo_plugin_sim/cmake/ament_cmake_export_include_directories-extras.cmake
[5.345s] -- Up-to-date: /home/javierfr/Tesis_ws/V1/install/gazebo_plugin_sim/share/gazebo_plugin_sim/cmake/ament_cmake_export_dependencies-extras.cmake
[5.345s] -- Up-to-date: /home/javierfr/Tesis_ws/V1/install/gazebo_plugin_sim/share/gazebo_plugin_sim/cmake/gazebo_plugin_simConfig.cmake
[5.345s] -- Up-to-date: /home/javierfr/Tesis_ws/V1/install/gazebo_plugin_sim/share/gazebo_plugin_sim/cmake/gazebo_plugin_simConfig-version.cmake
[5.346s] -- Up-to-date: /home/javierfr/Tesis_ws/V1/install/gazebo_plugin_sim/share/gazebo_plugin_sim/package.xml
[5.346s] -- Up-to-date: /home/javierfr/Tesis_ws/V1/install/gazebo_plugin_sim/include
[5.346s] -- Up-to-date: /home/javierfr/Tesis_ws/V1/install/gazebo_plugin_sim/include/gazebo_plugin_sim
[5.346s] -- Up-to-date: /home/javierfr/Tesis_ws/V1/install/gazebo_plugin_sim/include/gazebo_plugin_sim/robot2_plugin.hpp
[5.346s] -- Up-to-date: /home/javierfr/Tesis_ws/V1/install/gazebo_plugin_sim/include/gazebo_plugin_sim/platform2_plugin.hpp
[5.346s] -- Up-to-date: /home/javierfr/Tesis_ws/V1/install/gazebo_plugin_sim/include/gazebo_plugin_sim/platform_plugin_test.hpp
[5.346s] -- Up-to-date: /home/javierfr/Tesis_ws/V1/install/gazebo_plugin_sim/include/gazebo_plugin_sim/platform1_plugin.hpp
[5.346s] -- Up-to-date: /home/javierfr/Tesis_ws/V1/install/gazebo_plugin_sim/include/gazebo_plugin_sim/robot1_plugin.hpp
[5.346s] -- Up-to-date: /home/javierfr/Tesis_ws/V1/install/gazebo_plugin_sim/lib/libplatform_plugin_test.so
[5.346s] -- Installing: /home/javierfr/Tesis_ws/V1/install/gazebo_plugin_sim/lib/libplatform1_plugin.so
[5.352s] -- Set runtime path of "/home/javierfr/Tesis_ws/V1/install/gazebo_plugin_sim/lib/libplatform1_plugin.so" to ""
[5.353s] -- Installing: /home/javierfr/Tesis_ws/V1/install/gazebo_plugin_sim/lib/libplatform2_plugin.so
[5.359s] -- Set runtime path of "/home/javierfr/Tesis_ws/V1/install/gazebo_plugin_sim/lib/libplatform2_plugin.so" to ""
[5.359s] -- Installing: /home/javierfr/Tesis_ws/V1/install/gazebo_plugin_sim/lib/librobot1_plugin.so
[5.366s] -- Set runtime path of "/home/javierfr/Tesis_ws/V1/install/gazebo_plugin_sim/lib/librobot1_plugin.so" to ""
[5.367s] -- Installing: /home/javierfr/Tesis_ws/V1/install/gazebo_plugin_sim/lib/librobot2_plugin.so
[5.373s] -- Set runtime path of "/home/javierfr/Tesis_ws/V1/install/gazebo_plugin_sim/lib/librobot2_plugin.so" to ""
[5.373s] -- Up-to-date: /home/javierfr/Tesis_ws/V1/install/gazebo_plugin_sim/share/gazebo_plugin_sim//worlds
[5.373s] -- Up-to-date: /home/javierfr/Tesis_ws/V1/install/gazebo_plugin_sim/share/gazebo_plugin_sim//worlds/test_mecanum_platform.world
[5.373s] -- Up-to-date: /home/javierfr/Tesis_ws/V1/install/gazebo_plugin_sim/share/gazebo_plugin_sim//worlds/2platform_old.world
[5.373s] -- Up-to-date: /home/javierfr/Tesis_ws/V1/install/gazebo_plugin_sim/share/gazebo_plugin_sim//worlds/2platform.world
[5.373s] -- Up-to-date: /home/javierfr/Tesis_ws/V1/install/gazebo_plugin_sim/share/gazebo_plugin_sim//worlds/2robots.world
[5.376s] Invoked command in '/home/javierfr/Tesis_ws/V1/build/gazebo_plugin_sim' returned '0': CMAKE_PREFIX_PATH=${CMAKE_PREFIX_PATH}:/opt/ros/foxy /usr/bin/cmake --install /home/javierfr/Tesis_ws/V1/build/gazebo_plugin_sim
