[0.021s] Invoking command in '/home/javierfr/Tesis_ws/V1/build/gazebo_plugin_sim': CMAKE_PREFIX_PATH=${CMAKE_PREFIX_PATH}:/opt/ros/foxy /usr/bin/cmake --build /home/javierfr/Tesis_ws/V1/build/gazebo_plugin_sim -- -j12 -l12
[0.059s] [35m[1mScanning dependencies of target platform_plugin_test[0m
[0.149s] [ 50%] [32mBuilding CXX object CMakeFiles/platform_plugin_test.dir/src/platform_plugin_test.cpp.o[0m
[12.711s] [100%] [32m[1mLinking CXX shared library libplatform_plugin_test.so[0m
[13.205s] [100%] Built target platform_plugin_test
[13.214s] Invoked command in '/home/javierfr/Tesis_ws/V1/build/gazebo_plugin_sim' returned '0': CMAKE_PREFIX_PATH=${CMAKE_PREFIX_PATH}:/opt/ros/foxy /usr/bin/cmake --build /home/javierfr/Tesis_ws/V1/build/gazebo_plugin_sim -- -j12 -l12
[13.235s] Invoking command in '/home/javierfr/Tesis_ws/V1/build/gazebo_plugin_sim': CMAKE_PREFIX_PATH=${CMAKE_PREFIX_PATH}:/opt/ros/foxy /usr/bin/cmake --install /home/javierfr/Tesis_ws/V1/build/gazebo_plugin_sim
[13.242s] -- Install configuration: ""
[13.242s] -- Up-to-date: /home/javierfr/Tesis_ws/V1/install/gazebo_plugin_sim/share/gazebo_plugin_sim/environment/library_path.sh
[13.242s] -- Up-to-date: /home/javierfr/Tesis_ws/V1/install/gazebo_plugin_sim/share/gazebo_plugin_sim/environment/library_path.dsv
[13.242s] -- Up-to-date: /home/javierfr/Tesis_ws/V1/install/gazebo_plugin_sim/share/gazebo_plugin_sim/environment/gazebo_plugin_sim.sh
[13.242s] -- Up-to-date: /home/javierfr/Tesis_ws/V1/install/gazebo_plugin_sim/share/gazebo_plugin_sim/environment/gazebo_plugin_sim.dsv
[13.242s] -- Up-to-date: /home/javierfr/Tesis_ws/V1/install/gazebo_plugin_sim/share/ament_index/resource_index/package_run_dependencies/gazebo_plugin_sim
[13.242s] -- Up-to-date: /home/javierfr/Tesis_ws/V1/install/gazebo_plugin_sim/share/ament_index/resource_index/parent_prefix_path/gazebo_plugin_sim
[13.242s] -- Up-to-date: /home/javierfr/Tesis_ws/V1/install/gazebo_plugin_sim/share/gazebo_plugin_sim/environment/ament_prefix_path.sh
[13.242s] -- Up-to-date: /home/javierfr/Tesis_ws/V1/install/gazebo_plugin_sim/share/gazebo_plugin_sim/environment/ament_prefix_path.dsv
[13.243s] -- Up-to-date: /home/javierfr/Tesis_ws/V1/install/gazebo_plugin_sim/share/gazebo_plugin_sim/environment/path.sh
[13.243s] -- Up-to-date: /home/javierfr/Tesis_ws/V1/install/gazebo_plugin_sim/share/gazebo_plugin_sim/environment/path.dsv
[13.243s] -- Up-to-date: /home/javierfr/Tesis_ws/V1/install/gazebo_plugin_sim/share/gazebo_plugin_sim/local_setup.bash
[13.243s] -- Up-to-date: /home/javierfr/Tesis_ws/V1/install/gazebo_plugin_sim/share/gazebo_plugin_sim/local_setup.sh
[13.243s] -- Up-to-date: /home/javierfr/Tesis_ws/V1/install/gazebo_plugin_sim/share/gazebo_plugin_sim/local_setup.zsh
[13.243s] -- Up-to-date: /home/javierfr/Tesis_ws/V1/install/gazebo_plugin_sim/share/gazebo_plugin_sim/local_setup.dsv
[13.243s] -- Installing: /home/javierfr/Tesis_ws/V1/install/gazebo_plugin_sim/share/gazebo_plugin_sim/package.dsv
[13.243s] -- Up-to-date: /home/javierfr/Tesis_ws/V1/install/gazebo_plugin_sim/share/ament_index/resource_index/packages/gazebo_plugin_sim
[13.243s] -- Up-to-date: /home/javierfr/Tesis_ws/V1/install/gazebo_plugin_sim/share/gazebo_plugin_sim/cmake/ament_cmake_export_libraries-extras.cmake
[13.243s] -- Up-to-date: /home/javierfr/Tesis_ws/V1/install/gazebo_plugin_sim/share/gazebo_plugin_sim/cmake/ament_cmake_export_include_directories-extras.cmake
[13.243s] -- Up-to-date: /home/javierfr/Tesis_ws/V1/install/gazebo_plugin_sim/share/gazebo_plugin_sim/cmake/ament_cmake_export_dependencies-extras.cmake
[13.243s] -- Up-to-date: /home/javierfr/Tesis_ws/V1/install/gazebo_plugin_sim/share/gazebo_plugin_sim/cmake/gazebo_plugin_simConfig.cmake
[13.243s] -- Up-to-date: /home/javierfr/Tesis_ws/V1/install/gazebo_plugin_sim/share/gazebo_plugin_sim/cmake/gazebo_plugin_simConfig-version.cmake
[13.243s] -- Up-to-date: /home/javierfr/Tesis_ws/V1/install/gazebo_plugin_sim/share/gazebo_plugin_sim/package.xml
[13.243s] -- Up-to-date: /home/javierfr/Tesis_ws/V1/install/gazebo_plugin_sim/include
[13.243s] -- Up-to-date: /home/javierfr/Tesis_ws/V1/install/gazebo_plugin_sim/include/gazebo_plugin_sim
[13.243s] -- Up-to-date: /home/javierfr/Tesis_ws/V1/install/gazebo_plugin_sim/include/gazebo_plugin_sim/platform_plugin_test.hpp
[13.244s] -- Installing: /home/javierfr/Tesis_ws/V1/install/gazebo_plugin_sim/lib/libplatform_plugin_test.so
[13.247s] -- Set runtime path of "/home/javierfr/Tesis_ws/V1/install/gazebo_plugin_sim/lib/libplatform_plugin_test.so" to ""
[13.247s] -- Up-to-date: /home/javierfr/Tesis_ws/V1/install/gazebo_plugin_sim/share/gazebo_plugin_sim//worlds
[13.247s] -- Up-to-date: /home/javierfr/Tesis_ws/V1/install/gazebo_plugin_sim/share/gazebo_plugin_sim//worlds/test_mecanum_platform.world
[13.250s] Invoked command in '/home/javierfr/Tesis_ws/V1/build/gazebo_plugin_sim' returned '0': CMAKE_PREFIX_PATH=${CMAKE_PREFIX_PATH}:/opt/ros/foxy /usr/bin/cmake --install /home/javierfr/Tesis_ws/V1/build/gazebo_plugin_sim
