[0.157s] DEBUG:colcon:Command line arguments: ['/usr/bin/colcon', 'build']
[0.158s] DEBUG:colcon:Parsed command line arguments: Namespace(allow_overriding=[], ament_cmake_args=None, base_paths=['.'], build_base='build', catkin_cmake_args=None, catkin_skip_building_tests=False, cmake_args=None, cmake_clean_cache=False, cmake_clean_first=False, cmake_force_configure=False, cmake_target=None, cmake_target_skip_unavailable=False, continue_on_error=False, event_handlers=None, executor='parallel', ignore_user_meta=False, install_base='install', log_base=None, log_level=None, main=<bound method BuildVerb.main of <colcon_core.verb.build.BuildVerb object at 0x7f7d4d43efd0>>, merge_install=False, metas=['./colcon.meta'], packages_above=None, packages_above_and_dependencies=None, packages_above_depth=None, packages_end=None, packages_ignore=None, packages_ignore_regex=None, packages_select=None, packages_select_build_failed=False, packages_select_by_dep=None, packages_select_regex=None, packages_select_test_failures=False, packages_skip=None, packages_skip_build_finished=False, packages_skip_by_dep=None, packages_skip_regex=None, packages_skip_test_passed=False, packages_skip_up_to=None, packages_start=None, packages_up_to=None, packages_up_to_regex=None, parallel_workers=8, paths=None, symlink_install=False, test_result_base=None, verb_extension=<colcon_core.verb.build.BuildVerb object at 0x7f7d4d43efd0>, verb_name='build', verb_parser=<colcon_defaults.argument_parser.defaults.DefaultArgumentsDecorator object at 0x7f7d4d3d0520>)
[0.183s] Level 1:colcon.colcon_core.package_discovery:discover_packages(colcon_meta) check parameters
[0.183s] Level 1:colcon.colcon_core.package_discovery:discover_packages(recursive) check parameters
[0.183s] Level 1:colcon.colcon_core.package_discovery:discover_packages(ignore) check parameters
[0.183s] Level 1:colcon.colcon_core.package_discovery:discover_packages(path) check parameters
[0.184s] Level 1:colcon.colcon_core.package_discovery:discover_packages(colcon_meta) discover
[0.184s] Level 1:colcon.colcon_core.package_discovery:discover_packages(recursive) discover
[0.184s] INFO:colcon.colcon_core.package_discovery:Crawling recursively for packages in '/home/javierfr/Robotics_Cyber_Physical_LAB'
[0.184s] Level 1:colcon.colcon_core.package_identification:_identify(.) by extensions ['ignore', 'ignore_ament_install']
[0.184s] Level 1:colcon.colcon_core.package_identification:_identify(.) by extension 'ignore'
[0.184s] Level 1:colcon.colcon_core.package_identification:_identify(.) by extension 'ignore_ament_install'
[0.184s] Level 1:colcon.colcon_core.package_identification:_identify(.) by extensions ['colcon_pkg']
[0.184s] Level 1:colcon.colcon_core.package_identification:_identify(.) by extension 'colcon_pkg'
[0.184s] Level 1:colcon.colcon_core.package_identification:_identify(.) by extensions ['colcon_meta']
[0.184s] Level 1:colcon.colcon_core.package_identification:_identify(.) by extension 'colcon_meta'
[0.184s] Level 1:colcon.colcon_core.package_identification:_identify(.) by extensions ['ros']
[0.184s] Level 1:colcon.colcon_core.package_identification:_identify(.) by extension 'ros'
[0.195s] Level 1:colcon.colcon_core.package_identification:_identify(.) by extensions ['cmake', 'python']
[0.195s] Level 1:colcon.colcon_core.package_identification:_identify(.) by extension 'cmake'
[0.195s] Level 1:colcon.colcon_core.package_identification:_identify(.) by extension 'python'
[0.195s] Level 1:colcon.colcon_core.package_identification:_identify(.) by extensions ['python_setup_py']
[0.195s] Level 1:colcon.colcon_core.package_identification:_identify(.) by extension 'python_setup_py'
[0.195s] Level 1:colcon.colcon_core.package_identification:_identify(build) by extensions ['ignore', 'ignore_ament_install']
[0.195s] Level 1:colcon.colcon_core.package_identification:_identify(build) by extension 'ignore'
[0.195s] Level 1:colcon.colcon_core.package_identification:_identify(build) ignored
[0.195s] Level 1:colcon.colcon_core.package_identification:_identify(install) by extensions ['ignore', 'ignore_ament_install']
[0.195s] Level 1:colcon.colcon_core.package_identification:_identify(install) by extension 'ignore'
[0.196s] Level 1:colcon.colcon_core.package_identification:_identify(install) ignored
[0.196s] Level 1:colcon.colcon_core.package_identification:_identify(log) by extensions ['ignore', 'ignore_ament_install']
[0.196s] Level 1:colcon.colcon_core.package_identification:_identify(log) by extension 'ignore'
[0.196s] Level 1:colcon.colcon_core.package_identification:_identify(log) ignored
[0.196s] Level 1:colcon.colcon_core.package_identification:_identify(src) by extensions ['ignore', 'ignore_ament_install']
[0.196s] Level 1:colcon.colcon_core.package_identification:_identify(src) by extension 'ignore'
[0.196s] Level 1:colcon.colcon_core.package_identification:_identify(src) by extension 'ignore_ament_install'
[0.196s] Level 1:colcon.colcon_core.package_identification:_identify(src) by extensions ['colcon_pkg']
[0.196s] Level 1:colcon.colcon_core.package_identification:_identify(src) by extension 'colcon_pkg'
[0.196s] Level 1:colcon.colcon_core.package_identification:_identify(src) by extensions ['colcon_meta']
[0.196s] Level 1:colcon.colcon_core.package_identification:_identify(src) by extension 'colcon_meta'
[0.196s] Level 1:colcon.colcon_core.package_identification:_identify(src) by extensions ['ros']
[0.196s] Level 1:colcon.colcon_core.package_identification:_identify(src) by extension 'ros'
[0.196s] Level 1:colcon.colcon_core.package_identification:_identify(src) by extensions ['cmake', 'python']
[0.196s] Level 1:colcon.colcon_core.package_identification:_identify(src) by extension 'cmake'
[0.197s] Level 1:colcon.colcon_core.package_identification:_identify(src) by extension 'python'
[0.197s] Level 1:colcon.colcon_core.package_identification:_identify(src) by extensions ['python_setup_py']
[0.197s] Level 1:colcon.colcon_core.package_identification:_identify(src) by extension 'python_setup_py'
[0.197s] Level 1:colcon.colcon_core.package_identification:_identify(src/Aruco_Calibration) by extensions ['ignore', 'ignore_ament_install']
[0.197s] Level 1:colcon.colcon_core.package_identification:_identify(src/Aruco_Calibration) by extension 'ignore'
[0.197s] Level 1:colcon.colcon_core.package_identification:_identify(src/Aruco_Calibration) by extension 'ignore_ament_install'
[0.197s] Level 1:colcon.colcon_core.package_identification:_identify(src/Aruco_Calibration) by extensions ['colcon_pkg']
[0.197s] Level 1:colcon.colcon_core.package_identification:_identify(src/Aruco_Calibration) by extension 'colcon_pkg'
[0.197s] Level 1:colcon.colcon_core.package_identification:_identify(src/Aruco_Calibration) by extensions ['colcon_meta']
[0.197s] Level 1:colcon.colcon_core.package_identification:_identify(src/Aruco_Calibration) by extension 'colcon_meta'
[0.197s] Level 1:colcon.colcon_core.package_identification:_identify(src/Aruco_Calibration) by extensions ['ros']
[0.197s] Level 1:colcon.colcon_core.package_identification:_identify(src/Aruco_Calibration) by extension 'ros'
[0.197s] Level 1:colcon.colcon_core.package_identification:_identify(src/Aruco_Calibration) by extensions ['cmake', 'python']
[0.197s] Level 1:colcon.colcon_core.package_identification:_identify(src/Aruco_Calibration) by extension 'cmake'
[0.197s] Level 1:colcon.colcon_core.package_identification:_identify(src/Aruco_Calibration) by extension 'python'
[0.197s] Level 1:colcon.colcon_core.package_identification:_identify(src/Aruco_Calibration) by extensions ['python_setup_py']
[0.197s] Level 1:colcon.colcon_core.package_identification:_identify(src/Aruco_Calibration) by extension 'python_setup_py'
[0.197s] Level 1:colcon.colcon_core.package_identification:_identify(src/Aruco_Calibration/CMakeFiles) by extensions ['ignore', 'ignore_ament_install']
[0.198s] Level 1:colcon.colcon_core.package_identification:_identify(src/Aruco_Calibration/CMakeFiles) by extension 'ignore'
[0.198s] Level 1:colcon.colcon_core.package_identification:_identify(src/Aruco_Calibration/CMakeFiles) by extension 'ignore_ament_install'
[0.198s] Level 1:colcon.colcon_core.package_identification:_identify(src/Aruco_Calibration/CMakeFiles) by extensions ['colcon_pkg']
[0.198s] Level 1:colcon.colcon_core.package_identification:_identify(src/Aruco_Calibration/CMakeFiles) by extension 'colcon_pkg'
[0.198s] Level 1:colcon.colcon_core.package_identification:_identify(src/Aruco_Calibration/CMakeFiles) by extensions ['colcon_meta']
[0.198s] Level 1:colcon.colcon_core.package_identification:_identify(src/Aruco_Calibration/CMakeFiles) by extension 'colcon_meta'
[0.198s] Level 1:colcon.colcon_core.package_identification:_identify(src/Aruco_Calibration/CMakeFiles) by extensions ['ros']
[0.198s] Level 1:colcon.colcon_core.package_identification:_identify(src/Aruco_Calibration/CMakeFiles) by extension 'ros'
[0.198s] Level 1:colcon.colcon_core.package_identification:_identify(src/Aruco_Calibration/CMakeFiles) by extensions ['cmake', 'python']
[0.198s] Level 1:colcon.colcon_core.package_identification:_identify(src/Aruco_Calibration/CMakeFiles) by extension 'cmake'
[0.198s] Level 1:colcon.colcon_core.package_identification:_identify(src/Aruco_Calibration/CMakeFiles) by extension 'python'
[0.198s] Level 1:colcon.colcon_core.package_identification:_identify(src/Aruco_Calibration/CMakeFiles) by extensions ['python_setup_py']
[0.198s] Level 1:colcon.colcon_core.package_identification:_identify(src/Aruco_Calibration/CMakeFiles) by extension 'python_setup_py'
[0.198s] Level 1:colcon.colcon_core.package_identification:_identify(src/Aruco_Calibration/CMakeFiles/3.16.3) by extensions ['ignore', 'ignore_ament_install']
[0.198s] Level 1:colcon.colcon_core.package_identification:_identify(src/Aruco_Calibration/CMakeFiles/3.16.3) by extension 'ignore'
[0.198s] Level 1:colcon.colcon_core.package_identification:_identify(src/Aruco_Calibration/CMakeFiles/3.16.3) by extension 'ignore_ament_install'
[0.198s] Level 1:colcon.colcon_core.package_identification:_identify(src/Aruco_Calibration/CMakeFiles/3.16.3) by extensions ['colcon_pkg']
[0.198s] Level 1:colcon.colcon_core.package_identification:_identify(src/Aruco_Calibration/CMakeFiles/3.16.3) by extension 'colcon_pkg'
[0.198s] Level 1:colcon.colcon_core.package_identification:_identify(src/Aruco_Calibration/CMakeFiles/3.16.3) by extensions ['colcon_meta']
[0.199s] Level 1:colcon.colcon_core.package_identification:_identify(src/Aruco_Calibration/CMakeFiles/3.16.3) by extension 'colcon_meta'
[0.199s] Level 1:colcon.colcon_core.package_identification:_identify(src/Aruco_Calibration/CMakeFiles/3.16.3) by extensions ['ros']
[0.199s] Level 1:colcon.colcon_core.package_identification:_identify(src/Aruco_Calibration/CMakeFiles/3.16.3) by extension 'ros'
[0.199s] Level 1:colcon.colcon_core.package_identification:_identify(src/Aruco_Calibration/CMakeFiles/3.16.3) by extensions ['cmake', 'python']
[0.199s] Level 1:colcon.colcon_core.package_identification:_identify(src/Aruco_Calibration/CMakeFiles/3.16.3) by extension 'cmake'
[0.199s] Level 1:colcon.colcon_core.package_identification:_identify(src/Aruco_Calibration/CMakeFiles/3.16.3) by extension 'python'
[0.199s] Level 1:colcon.colcon_core.package_identification:_identify(src/Aruco_Calibration/CMakeFiles/3.16.3) by extensions ['python_setup_py']
[0.199s] Level 1:colcon.colcon_core.package_identification:_identify(src/Aruco_Calibration/CMakeFiles/3.16.3) by extension 'python_setup_py'
[0.199s] Level 1:colcon.colcon_core.package_identification:_identify(src/Aruco_Calibration/CMakeFiles/3.16.3/CompilerIdC) by extensions ['ignore', 'ignore_ament_install']
[0.199s] Level 1:colcon.colcon_core.package_identification:_identify(src/Aruco_Calibration/CMakeFiles/3.16.3/CompilerIdC) by extension 'ignore'
[0.199s] Level 1:colcon.colcon_core.package_identification:_identify(src/Aruco_Calibration/CMakeFiles/3.16.3/CompilerIdC) by extension 'ignore_ament_install'
[0.199s] Level 1:colcon.colcon_core.package_identification:_identify(src/Aruco_Calibration/CMakeFiles/3.16.3/CompilerIdC) by extensions ['colcon_pkg']
[0.199s] Level 1:colcon.colcon_core.package_identification:_identify(src/Aruco_Calibration/CMakeFiles/3.16.3/CompilerIdC) by extension 'colcon_pkg'
[0.199s] Level 1:colcon.colcon_core.package_identification:_identify(src/Aruco_Calibration/CMakeFiles/3.16.3/CompilerIdC) by extensions ['colcon_meta']
[0.199s] Level 1:colcon.colcon_core.package_identification:_identify(src/Aruco_Calibration/CMakeFiles/3.16.3/CompilerIdC) by extension 'colcon_meta'
[0.199s] Level 1:colcon.colcon_core.package_identification:_identify(src/Aruco_Calibration/CMakeFiles/3.16.3/CompilerIdC) by extensions ['ros']
[0.199s] Level 1:colcon.colcon_core.package_identification:_identify(src/Aruco_Calibration/CMakeFiles/3.16.3/CompilerIdC) by extension 'ros'
[0.200s] Level 1:colcon.colcon_core.package_identification:_identify(src/Aruco_Calibration/CMakeFiles/3.16.3/CompilerIdC) by extensions ['cmake', 'python']
[0.200s] Level 1:colcon.colcon_core.package_identification:_identify(src/Aruco_Calibration/CMakeFiles/3.16.3/CompilerIdC) by extension 'cmake'
[0.200s] Level 1:colcon.colcon_core.package_identification:_identify(src/Aruco_Calibration/CMakeFiles/3.16.3/CompilerIdC) by extension 'python'
[0.200s] Level 1:colcon.colcon_core.package_identification:_identify(src/Aruco_Calibration/CMakeFiles/3.16.3/CompilerIdC) by extensions ['python_setup_py']
[0.200s] Level 1:colcon.colcon_core.package_identification:_identify(src/Aruco_Calibration/CMakeFiles/3.16.3/CompilerIdC) by extension 'python_setup_py'
[0.200s] Level 1:colcon.colcon_core.package_identification:_identify(src/Aruco_Calibration/CMakeFiles/3.16.3/CompilerIdC/tmp) by extensions ['ignore', 'ignore_ament_install']
[0.200s] Level 1:colcon.colcon_core.package_identification:_identify(src/Aruco_Calibration/CMakeFiles/3.16.3/CompilerIdC/tmp) by extension 'ignore'
[0.200s] Level 1:colcon.colcon_core.package_identification:_identify(src/Aruco_Calibration/CMakeFiles/3.16.3/CompilerIdC/tmp) by extension 'ignore_ament_install'
[0.200s] Level 1:colcon.colcon_core.package_identification:_identify(src/Aruco_Calibration/CMakeFiles/3.16.3/CompilerIdC/tmp) by extensions ['colcon_pkg']
[0.200s] Level 1:colcon.colcon_core.package_identification:_identify(src/Aruco_Calibration/CMakeFiles/3.16.3/CompilerIdC/tmp) by extension 'colcon_pkg'
[0.200s] Level 1:colcon.colcon_core.package_identification:_identify(src/Aruco_Calibration/CMakeFiles/3.16.3/CompilerIdC/tmp) by extensions ['colcon_meta']
[0.200s] Level 1:colcon.colcon_core.package_identification:_identify(src/Aruco_Calibration/CMakeFiles/3.16.3/CompilerIdC/tmp) by extension 'colcon_meta'
[0.200s] Level 1:colcon.colcon_core.package_identification:_identify(src/Aruco_Calibration/CMakeFiles/3.16.3/CompilerIdC/tmp) by extensions ['ros']
[0.200s] Level 1:colcon.colcon_core.package_identification:_identify(src/Aruco_Calibration/CMakeFiles/3.16.3/CompilerIdC/tmp) by extension 'ros'
[0.200s] Level 1:colcon.colcon_core.package_identification:_identify(src/Aruco_Calibration/CMakeFiles/3.16.3/CompilerIdC/tmp) by extensions ['cmake', 'python']
[0.200s] Level 1:colcon.colcon_core.package_identification:_identify(src/Aruco_Calibration/CMakeFiles/3.16.3/CompilerIdC/tmp) by extension 'cmake'
[0.200s] Level 1:colcon.colcon_core.package_identification:_identify(src/Aruco_Calibration/CMakeFiles/3.16.3/CompilerIdC/tmp) by extension 'python'
[0.200s] Level 1:colcon.colcon_core.package_identification:_identify(src/Aruco_Calibration/CMakeFiles/3.16.3/CompilerIdC/tmp) by extensions ['python_setup_py']
[0.200s] Level 1:colcon.colcon_core.package_identification:_identify(src/Aruco_Calibration/CMakeFiles/3.16.3/CompilerIdC/tmp) by extension 'python_setup_py'
[0.201s] Level 1:colcon.colcon_core.package_identification:_identify(src/Aruco_Calibration/CMakeFiles/3.16.3/CompilerIdCXX) by extensions ['ignore', 'ignore_ament_install']
[0.201s] Level 1:colcon.colcon_core.package_identification:_identify(src/Aruco_Calibration/CMakeFiles/3.16.3/CompilerIdCXX) by extension 'ignore'
[0.201s] Level 1:colcon.colcon_core.package_identification:_identify(src/Aruco_Calibration/CMakeFiles/3.16.3/CompilerIdCXX) by extension 'ignore_ament_install'
[0.201s] Level 1:colcon.colcon_core.package_identification:_identify(src/Aruco_Calibration/CMakeFiles/3.16.3/CompilerIdCXX) by extensions ['colcon_pkg']
[0.201s] Level 1:colcon.colcon_core.package_identification:_identify(src/Aruco_Calibration/CMakeFiles/3.16.3/CompilerIdCXX) by extension 'colcon_pkg'
[0.201s] Level 1:colcon.colcon_core.package_identification:_identify(src/Aruco_Calibration/CMakeFiles/3.16.3/CompilerIdCXX) by extensions ['colcon_meta']
[0.201s] Level 1:colcon.colcon_core.package_identification:_identify(src/Aruco_Calibration/CMakeFiles/3.16.3/CompilerIdCXX) by extension 'colcon_meta'
[0.201s] Level 1:colcon.colcon_core.package_identification:_identify(src/Aruco_Calibration/CMakeFiles/3.16.3/CompilerIdCXX) by extensions ['ros']
[0.201s] Level 1:colcon.colcon_core.package_identification:_identify(src/Aruco_Calibration/CMakeFiles/3.16.3/CompilerIdCXX) by extension 'ros'
[0.201s] Level 1:colcon.colcon_core.package_identification:_identify(src/Aruco_Calibration/CMakeFiles/3.16.3/CompilerIdCXX) by extensions ['cmake', 'python']
[0.201s] Level 1:colcon.colcon_core.package_identification:_identify(src/Aruco_Calibration/CMakeFiles/3.16.3/CompilerIdCXX) by extension 'cmake'
[0.201s] Level 1:colcon.colcon_core.package_identification:_identify(src/Aruco_Calibration/CMakeFiles/3.16.3/CompilerIdCXX) by extension 'python'
[0.201s] Level 1:colcon.colcon_core.package_identification:_identify(src/Aruco_Calibration/CMakeFiles/3.16.3/CompilerIdCXX) by extensions ['python_setup_py']
[0.201s] Level 1:colcon.colcon_core.package_identification:_identify(src/Aruco_Calibration/CMakeFiles/3.16.3/CompilerIdCXX) by extension 'python_setup_py'
[0.201s] Level 1:colcon.colcon_core.package_identification:_identify(src/Aruco_Calibration/CMakeFiles/3.16.3/CompilerIdCXX/tmp) by extensions ['ignore', 'ignore_ament_install']
[0.201s] Level 1:colcon.colcon_core.package_identification:_identify(src/Aruco_Calibration/CMakeFiles/3.16.3/CompilerIdCXX/tmp) by extension 'ignore'
[0.202s] Level 1:colcon.colcon_core.package_identification:_identify(src/Aruco_Calibration/CMakeFiles/3.16.3/CompilerIdCXX/tmp) by extension 'ignore_ament_install'
[0.202s] Level 1:colcon.colcon_core.package_identification:_identify(src/Aruco_Calibration/CMakeFiles/3.16.3/CompilerIdCXX/tmp) by extensions ['colcon_pkg']
[0.202s] Level 1:colcon.colcon_core.package_identification:_identify(src/Aruco_Calibration/CMakeFiles/3.16.3/CompilerIdCXX/tmp) by extension 'colcon_pkg'
[0.202s] Level 1:colcon.colcon_core.package_identification:_identify(src/Aruco_Calibration/CMakeFiles/3.16.3/CompilerIdCXX/tmp) by extensions ['colcon_meta']
[0.202s] Level 1:colcon.colcon_core.package_identification:_identify(src/Aruco_Calibration/CMakeFiles/3.16.3/CompilerIdCXX/tmp) by extension 'colcon_meta'
[0.202s] Level 1:colcon.colcon_core.package_identification:_identify(src/Aruco_Calibration/CMakeFiles/3.16.3/CompilerIdCXX/tmp) by extensions ['ros']
[0.202s] Level 1:colcon.colcon_core.package_identification:_identify(src/Aruco_Calibration/CMakeFiles/3.16.3/CompilerIdCXX/tmp) by extension 'ros'
[0.202s] Level 1:colcon.colcon_core.package_identification:_identify(src/Aruco_Calibration/CMakeFiles/3.16.3/CompilerIdCXX/tmp) by extensions ['cmake', 'python']
[0.202s] Level 1:colcon.colcon_core.package_identification:_identify(src/Aruco_Calibration/CMakeFiles/3.16.3/CompilerIdCXX/tmp) by extension 'cmake'
[0.202s] Level 1:colcon.colcon_core.package_identification:_identify(src/Aruco_Calibration/CMakeFiles/3.16.3/CompilerIdCXX/tmp) by extension 'python'
[0.202s] Level 1:colcon.colcon_core.package_identification:_identify(src/Aruco_Calibration/CMakeFiles/3.16.3/CompilerIdCXX/tmp) by extensions ['python_setup_py']
[0.202s] Level 1:colcon.colcon_core.package_identification:_identify(src/Aruco_Calibration/CMakeFiles/3.16.3/CompilerIdCXX/tmp) by extension 'python_setup_py'
[0.202s] Level 1:colcon.colcon_core.package_identification:_identify(src/Aruco_Calibration/CMakeFiles/CMakeTmp) by extensions ['ignore', 'ignore_ament_install']
[0.202s] Level 1:colcon.colcon_core.package_identification:_identify(src/Aruco_Calibration/CMakeFiles/CMakeTmp) by extension 'ignore'
[0.202s] Level 1:colcon.colcon_core.package_identification:_identify(src/Aruco_Calibration/CMakeFiles/CMakeTmp) by extension 'ignore_ament_install'
[0.202s] Level 1:colcon.colcon_core.package_identification:_identify(src/Aruco_Calibration/CMakeFiles/CMakeTmp) by extensions ['colcon_pkg']
[0.202s] Level 1:colcon.colcon_core.package_identification:_identify(src/Aruco_Calibration/CMakeFiles/CMakeTmp) by extension 'colcon_pkg'
[0.202s] Level 1:colcon.colcon_core.package_identification:_identify(src/Aruco_Calibration/CMakeFiles/CMakeTmp) by extensions ['colcon_meta']
[0.202s] Level 1:colcon.colcon_core.package_identification:_identify(src/Aruco_Calibration/CMakeFiles/CMakeTmp) by extension 'colcon_meta'
[0.202s] Level 1:colcon.colcon_core.package_identification:_identify(src/Aruco_Calibration/CMakeFiles/CMakeTmp) by extensions ['ros']
[0.203s] Level 1:colcon.colcon_core.package_identification:_identify(src/Aruco_Calibration/CMakeFiles/CMakeTmp) by extension 'ros'
[0.203s] Level 1:colcon.colcon_core.package_identification:_identify(src/Aruco_Calibration/CMakeFiles/CMakeTmp) by extensions ['cmake', 'python']
[0.203s] Level 1:colcon.colcon_core.package_identification:_identify(src/Aruco_Calibration/CMakeFiles/CMakeTmp) by extension 'cmake'
[0.203s] Level 1:colcon.colcon_core.package_identification:_identify(src/Aruco_Calibration/CMakeFiles/CMakeTmp) by extension 'python'
[0.203s] Level 1:colcon.colcon_core.package_identification:_identify(src/Aruco_Calibration/CMakeFiles/CMakeTmp) by extensions ['python_setup_py']
[0.203s] Level 1:colcon.colcon_core.package_identification:_identify(src/Aruco_Calibration/CMakeFiles/CMakeTmp) by extension 'python_setup_py'
[0.203s] Level 1:colcon.colcon_core.package_identification:_identify(src/control_pkg) by extensions ['ignore', 'ignore_ament_install']
[0.203s] Level 1:colcon.colcon_core.package_identification:_identify(src/control_pkg) by extension 'ignore'
[0.203s] Level 1:colcon.colcon_core.package_identification:_identify(src/control_pkg) by extension 'ignore_ament_install'
[0.203s] Level 1:colcon.colcon_core.package_identification:_identify(src/control_pkg) by extensions ['colcon_pkg']
[0.203s] Level 1:colcon.colcon_core.package_identification:_identify(src/control_pkg) by extension 'colcon_pkg'
[0.203s] Level 1:colcon.colcon_core.package_identification:_identify(src/control_pkg) by extensions ['colcon_meta']
[0.203s] Level 1:colcon.colcon_core.package_identification:_identify(src/control_pkg) by extension 'colcon_meta'
[0.203s] Level 1:colcon.colcon_core.package_identification:_identify(src/control_pkg) by extensions ['ros']
[0.203s] Level 1:colcon.colcon_core.package_identification:_identify(src/control_pkg) by extension 'ros'
[0.206s] DEBUG:colcon.colcon_core.package_identification:Package 'src/control_pkg' with type 'ros.ament_cmake' and name 'control_pkg'
[0.206s] Level 1:colcon.colcon_core.package_identification:_identify(src/gazebo_plugin_sim) by extensions ['ignore', 'ignore_ament_install']
[0.206s] Level 1:colcon.colcon_core.package_identification:_identify(src/gazebo_plugin_sim) by extension 'ignore'
[0.206s] Level 1:colcon.colcon_core.package_identification:_identify(src/gazebo_plugin_sim) by extension 'ignore_ament_install'
[0.206s] Level 1:colcon.colcon_core.package_identification:_identify(src/gazebo_plugin_sim) by extensions ['colcon_pkg']
[0.206s] Level 1:colcon.colcon_core.package_identification:_identify(src/gazebo_plugin_sim) by extension 'colcon_pkg'
[0.206s] Level 1:colcon.colcon_core.package_identification:_identify(src/gazebo_plugin_sim) by extensions ['colcon_meta']
[0.206s] Level 1:colcon.colcon_core.package_identification:_identify(src/gazebo_plugin_sim) by extension 'colcon_meta'
[0.206s] Level 1:colcon.colcon_core.package_identification:_identify(src/gazebo_plugin_sim) by extensions ['ros']
[0.206s] Level 1:colcon.colcon_core.package_identification:_identify(src/gazebo_plugin_sim) by extension 'ros'
[0.208s] DEBUG:colcon.colcon_core.package_identification:Package 'src/gazebo_plugin_sim' with type 'ros.ament_cmake' and name 'gazebo_plugin_sim'
[0.208s] Level 1:colcon.colcon_core.package_identification:_identify(src/img_proc_pkg) by extensions ['ignore', 'ignore_ament_install']
[0.208s] Level 1:colcon.colcon_core.package_identification:_identify(src/img_proc_pkg) by extension 'ignore'
[0.208s] Level 1:colcon.colcon_core.package_identification:_identify(src/img_proc_pkg) by extension 'ignore_ament_install'
[0.208s] Level 1:colcon.colcon_core.package_identification:_identify(src/img_proc_pkg) by extensions ['colcon_pkg']
[0.208s] Level 1:colcon.colcon_core.package_identification:_identify(src/img_proc_pkg) by extension 'colcon_pkg'
[0.209s] Level 1:colcon.colcon_core.package_identification:_identify(src/img_proc_pkg) by extensions ['colcon_meta']
[0.209s] Level 1:colcon.colcon_core.package_identification:_identify(src/img_proc_pkg) by extension 'colcon_meta'
[0.209s] Level 1:colcon.colcon_core.package_identification:_identify(src/img_proc_pkg) by extensions ['ros']
[0.209s] Level 1:colcon.colcon_core.package_identification:_identify(src/img_proc_pkg) by extension 'ros'
[0.209s] DEBUG:colcon.colcon_core.package_identification:Package 'src/img_proc_pkg' with type 'ros.ament_cmake' and name 'img_proc_pkg'
[0.209s] Level 1:colcon.colcon_core.package_identification:_identify(src/interfaces) by extensions ['ignore', 'ignore_ament_install']
[0.209s] Level 1:colcon.colcon_core.package_identification:_identify(src/interfaces) by extension 'ignore'
[0.209s] Level 1:colcon.colcon_core.package_identification:_identify(src/interfaces) by extension 'ignore_ament_install'
[0.209s] Level 1:colcon.colcon_core.package_identification:_identify(src/interfaces) by extensions ['colcon_pkg']
[0.209s] Level 1:colcon.colcon_core.package_identification:_identify(src/interfaces) by extension 'colcon_pkg'
[0.210s] Level 1:colcon.colcon_core.package_identification:_identify(src/interfaces) by extensions ['colcon_meta']
[0.210s] Level 1:colcon.colcon_core.package_identification:_identify(src/interfaces) by extension 'colcon_meta'
[0.210s] Level 1:colcon.colcon_core.package_identification:_identify(src/interfaces) by extensions ['ros']
[0.210s] Level 1:colcon.colcon_core.package_identification:_identify(src/interfaces) by extension 'ros'
[0.210s] DEBUG:colcon.colcon_core.package_identification:Package 'src/interfaces' with type 'ros.ament_cmake' and name 'interfaces'
[0.210s] Level 1:colcon.colcon_core.package_identification:_identify(src/inv_kinematics_pkg) by extensions ['ignore', 'ignore_ament_install']
[0.210s] Level 1:colcon.colcon_core.package_identification:_identify(src/inv_kinematics_pkg) by extension 'ignore'
[0.210s] Level 1:colcon.colcon_core.package_identification:_identify(src/inv_kinematics_pkg) by extension 'ignore_ament_install'
[0.210s] Level 1:colcon.colcon_core.package_identification:_identify(src/inv_kinematics_pkg) by extensions ['colcon_pkg']
[0.210s] Level 1:colcon.colcon_core.package_identification:_identify(src/inv_kinematics_pkg) by extension 'colcon_pkg'
[0.211s] Level 1:colcon.colcon_core.package_identification:_identify(src/inv_kinematics_pkg) by extensions ['colcon_meta']
[0.211s] Level 1:colcon.colcon_core.package_identification:_identify(src/inv_kinematics_pkg) by extension 'colcon_meta'
[0.211s] Level 1:colcon.colcon_core.package_identification:_identify(src/inv_kinematics_pkg) by extensions ['ros']
[0.211s] Level 1:colcon.colcon_core.package_identification:_identify(src/inv_kinematics_pkg) by extension 'ros'
[0.211s] DEBUG:colcon.colcon_core.package_identification:Package 'src/inv_kinematics_pkg' with type 'ros.ament_cmake' and name 'inv_kinematics_pkg'
[0.211s] Level 1:colcon.colcon_core.package_discovery:discover_packages(recursive) using defaults
[0.211s] Level 1:colcon.colcon_core.package_discovery:discover_packages(ignore) discover
[0.211s] Level 1:colcon.colcon_core.package_discovery:discover_packages(ignore) using defaults
[0.211s] Level 1:colcon.colcon_core.package_discovery:discover_packages(path) discover
[0.211s] Level 1:colcon.colcon_core.package_discovery:discover_packages(path) using defaults
[0.243s] Level 1:colcon.colcon_core.package_discovery:discover_packages(prefix_path) check parameters
[0.243s] Level 1:colcon.colcon_core.package_discovery:discover_packages(prefix_path) discover
[0.245s] DEBUG:colcon.colcon_installed_package_information.package_discovery:Found 5 installed packages in /home/javierfr/Robotics_Cyber_Physical_LAB/install
[0.247s] DEBUG:colcon.colcon_installed_package_information.package_discovery:Found 268 installed packages in /opt/ros/foxy
[0.249s] Level 1:colcon.colcon_core.package_discovery:discover_packages(prefix_path) using defaults
[0.320s] Level 5:colcon.colcon_core.verb:set package 'gazebo_plugin_sim' build argument 'cmake_args' from command line to 'None'
[0.320s] Level 5:colcon.colcon_core.verb:set package 'gazebo_plugin_sim' build argument 'cmake_target' from command line to 'None'
[0.320s] Level 5:colcon.colcon_core.verb:set package 'gazebo_plugin_sim' build argument 'cmake_target_skip_unavailable' from command line to 'False'
[0.320s] Level 5:colcon.colcon_core.verb:set package 'gazebo_plugin_sim' build argument 'cmake_clean_cache' from command line to 'False'
[0.320s] Level 5:colcon.colcon_core.verb:set package 'gazebo_plugin_sim' build argument 'cmake_clean_first' from command line to 'False'
[0.320s] Level 5:colcon.colcon_core.verb:set package 'gazebo_plugin_sim' build argument 'cmake_force_configure' from command line to 'False'
[0.320s] Level 5:colcon.colcon_core.verb:set package 'gazebo_plugin_sim' build argument 'ament_cmake_args' from command line to 'None'
[0.320s] Level 5:colcon.colcon_core.verb:set package 'gazebo_plugin_sim' build argument 'catkin_cmake_args' from command line to 'None'
[0.320s] Level 5:colcon.colcon_core.verb:set package 'gazebo_plugin_sim' build argument 'catkin_skip_building_tests' from command line to 'False'
[0.320s] DEBUG:colcon.colcon_core.verb:Building package 'gazebo_plugin_sim' with the following arguments: {'ament_cmake_args': None, 'build_base': '/home/javierfr/Robotics_Cyber_Physical_LAB/build/gazebo_plugin_sim', 'catkin_cmake_args': None, 'catkin_skip_building_tests': False, 'cmake_args': None, 'cmake_clean_cache': False, 'cmake_clean_first': False, 'cmake_force_configure': False, 'cmake_target': None, 'cmake_target_skip_unavailable': False, 'install_base': '/home/javierfr/Robotics_Cyber_Physical_LAB/install/gazebo_plugin_sim', 'merge_install': False, 'path': '/home/javierfr/Robotics_Cyber_Physical_LAB/src/gazebo_plugin_sim', 'symlink_install': False, 'test_result_base': None}
[0.321s] Level 5:colcon.colcon_core.verb:set package 'img_proc_pkg' build argument 'cmake_args' from command line to 'None'
[0.321s] Level 5:colcon.colcon_core.verb:set package 'img_proc_pkg' build argument 'cmake_target' from command line to 'None'
[0.321s] Level 5:colcon.colcon_core.verb:set package 'img_proc_pkg' build argument 'cmake_target_skip_unavailable' from command line to 'False'
[0.321s] Level 5:colcon.colcon_core.verb:set package 'img_proc_pkg' build argument 'cmake_clean_cache' from command line to 'False'
[0.321s] Level 5:colcon.colcon_core.verb:set package 'img_proc_pkg' build argument 'cmake_clean_first' from command line to 'False'
[0.321s] Level 5:colcon.colcon_core.verb:set package 'img_proc_pkg' build argument 'cmake_force_configure' from command line to 'False'
[0.321s] Level 5:colcon.colcon_core.verb:set package 'img_proc_pkg' build argument 'ament_cmake_args' from command line to 'None'
[0.321s] Level 5:colcon.colcon_core.verb:set package 'img_proc_pkg' build argument 'catkin_cmake_args' from command line to 'None'
[0.321s] Level 5:colcon.colcon_core.verb:set package 'img_proc_pkg' build argument 'catkin_skip_building_tests' from command line to 'False'
[0.321s] DEBUG:colcon.colcon_core.verb:Building package 'img_proc_pkg' with the following arguments: {'ament_cmake_args': None, 'build_base': '/home/javierfr/Robotics_Cyber_Physical_LAB/build/img_proc_pkg', 'catkin_cmake_args': None, 'catkin_skip_building_tests': False, 'cmake_args': None, 'cmake_clean_cache': False, 'cmake_clean_first': False, 'cmake_force_configure': False, 'cmake_target': None, 'cmake_target_skip_unavailable': False, 'install_base': '/home/javierfr/Robotics_Cyber_Physical_LAB/install/img_proc_pkg', 'merge_install': False, 'path': '/home/javierfr/Robotics_Cyber_Physical_LAB/src/img_proc_pkg', 'symlink_install': False, 'test_result_base': None}
[0.322s] Level 5:colcon.colcon_core.verb:set package 'interfaces' build argument 'cmake_args' from command line to 'None'
[0.322s] Level 5:colcon.colcon_core.verb:set package 'interfaces' build argument 'cmake_target' from command line to 'None'
[0.322s] Level 5:colcon.colcon_core.verb:set package 'interfaces' build argument 'cmake_target_skip_unavailable' from command line to 'False'
[0.323s] Level 5:colcon.colcon_core.verb:set package 'interfaces' build argument 'cmake_clean_cache' from command line to 'False'
[0.323s] Level 5:colcon.colcon_core.verb:set package 'interfaces' build argument 'cmake_clean_first' from command line to 'False'
[0.323s] Level 5:colcon.colcon_core.verb:set package 'interfaces' build argument 'cmake_force_configure' from command line to 'False'
[0.323s] Level 5:colcon.colcon_core.verb:set package 'interfaces' build argument 'ament_cmake_args' from command line to 'None'
[0.323s] Level 5:colcon.colcon_core.verb:set package 'interfaces' build argument 'catkin_cmake_args' from command line to 'None'
[0.323s] Level 5:colcon.colcon_core.verb:set package 'interfaces' build argument 'catkin_skip_building_tests' from command line to 'False'
[0.323s] DEBUG:colcon.colcon_core.verb:Building package 'interfaces' with the following arguments: {'ament_cmake_args': None, 'build_base': '/home/javierfr/Robotics_Cyber_Physical_LAB/build/interfaces', 'catkin_cmake_args': None, 'catkin_skip_building_tests': False, 'cmake_args': None, 'cmake_clean_cache': False, 'cmake_clean_first': False, 'cmake_force_configure': False, 'cmake_target': None, 'cmake_target_skip_unavailable': False, 'install_base': '/home/javierfr/Robotics_Cyber_Physical_LAB/install/interfaces', 'merge_install': False, 'path': '/home/javierfr/Robotics_Cyber_Physical_LAB/src/interfaces', 'symlink_install': False, 'test_result_base': None}
[0.324s] Level 5:colcon.colcon_core.verb:set package 'control_pkg' build argument 'cmake_args' from command line to 'None'
[0.324s] Level 5:colcon.colcon_core.verb:set package 'control_pkg' build argument 'cmake_target' from command line to 'None'
[0.324s] Level 5:colcon.colcon_core.verb:set package 'control_pkg' build argument 'cmake_target_skip_unavailable' from command line to 'False'
[0.324s] Level 5:colcon.colcon_core.verb:set package 'control_pkg' build argument 'cmake_clean_cache' from command line to 'False'
[0.324s] Level 5:colcon.colcon_core.verb:set package 'control_pkg' build argument 'cmake_clean_first' from command line to 'False'
[0.324s] Level 5:colcon.colcon_core.verb:set package 'control_pkg' build argument 'cmake_force_configure' from command line to 'False'
[0.324s] Level 5:colcon.colcon_core.verb:set package 'control_pkg' build argument 'ament_cmake_args' from command line to 'None'
[0.324s] Level 5:colcon.colcon_core.verb:set package 'control_pkg' build argument 'catkin_cmake_args' from command line to 'None'
[0.324s] Level 5:colcon.colcon_core.verb:set package 'control_pkg' build argument 'catkin_skip_building_tests' from command line to 'False'
[0.324s] DEBUG:colcon.colcon_core.verb:Building package 'control_pkg' with the following arguments: {'ament_cmake_args': None, 'build_base': '/home/javierfr/Robotics_Cyber_Physical_LAB/build/control_pkg', 'catkin_cmake_args': None, 'catkin_skip_building_tests': False, 'cmake_args': None, 'cmake_clean_cache': False, 'cmake_clean_first': False, 'cmake_force_configure': False, 'cmake_target': None, 'cmake_target_skip_unavailable': False, 'install_base': '/home/javierfr/Robotics_Cyber_Physical_LAB/install/control_pkg', 'merge_install': False, 'path': '/home/javierfr/Robotics_Cyber_Physical_LAB/src/control_pkg', 'symlink_install': False, 'test_result_base': None}
[0.325s] Level 5:colcon.colcon_core.verb:set package 'inv_kinematics_pkg' build argument 'cmake_args' from command line to 'None'
[0.325s] Level 5:colcon.colcon_core.verb:set package 'inv_kinematics_pkg' build argument 'cmake_target' from command line to 'None'
[0.325s] Level 5:colcon.colcon_core.verb:set package 'inv_kinematics_pkg' build argument 'cmake_target_skip_unavailable' from command line to 'False'
[0.325s] Level 5:colcon.colcon_core.verb:set package 'inv_kinematics_pkg' build argument 'cmake_clean_cache' from command line to 'False'
[0.325s] Level 5:colcon.colcon_core.verb:set package 'inv_kinematics_pkg' build argument 'cmake_clean_first' from command line to 'False'
[0.325s] Level 5:colcon.colcon_core.verb:set package 'inv_kinematics_pkg' build argument 'cmake_force_configure' from command line to 'False'
[0.325s] Level 5:colcon.colcon_core.verb:set package 'inv_kinematics_pkg' build argument 'ament_cmake_args' from command line to 'None'
[0.325s] Level 5:colcon.colcon_core.verb:set package 'inv_kinematics_pkg' build argument 'catkin_cmake_args' from command line to 'None'
[0.325s] Level 5:colcon.colcon_core.verb:set package 'inv_kinematics_pkg' build argument 'catkin_skip_building_tests' from command line to 'False'
[0.325s] DEBUG:colcon.colcon_core.verb:Building package 'inv_kinematics_pkg' with the following arguments: {'ament_cmake_args': None, 'build_base': '/home/javierfr/Robotics_Cyber_Physical_LAB/build/inv_kinematics_pkg', 'catkin_cmake_args': None, 'catkin_skip_building_tests': False, 'cmake_args': None, 'cmake_clean_cache': False, 'cmake_clean_first': False, 'cmake_force_configure': False, 'cmake_target': None, 'cmake_target_skip_unavailable': False, 'install_base': '/home/javierfr/Robotics_Cyber_Physical_LAB/install/inv_kinematics_pkg', 'merge_install': False, 'path': '/home/javierfr/Robotics_Cyber_Physical_LAB/src/inv_kinematics_pkg', 'symlink_install': False, 'test_result_base': None}
[0.326s] INFO:colcon.colcon_core.executor:Executing jobs using 'parallel' executor
[0.330s] DEBUG:colcon.colcon_parallel_executor.executor.parallel:run_until_complete
[0.330s] INFO:colcon.colcon_ros.task.ament_cmake.build:Building ROS package in '/home/javierfr/Robotics_Cyber_Physical_LAB/src/interfaces' with build type 'ament_cmake'
[0.331s] INFO:colcon.colcon_cmake.task.cmake.build:Building CMake package in '/home/javierfr/Robotics_Cyber_Physical_LAB/src/interfaces'
[0.335s] INFO:colcon.colcon_core.plugin_system:Skipping extension 'colcon_core.shell.bat': Not used on non-Windows systems
[0.336s] INFO:colcon.colcon_core.shell:Skip shell extension 'powershell' for command environment: Not usable outside of PowerShell
[0.336s] DEBUG:colcon.colcon_core.shell:Skip shell extension 'dsv' for command environment
[0.342s] INFO:colcon.colcon_ros.task.ament_cmake.build:Building ROS package in '/home/javierfr/Robotics_Cyber_Physical_LAB/src/gazebo_plugin_sim' with build type 'ament_cmake'
[0.342s] INFO:colcon.colcon_cmake.task.cmake.build:Building CMake package in '/home/javierfr/Robotics_Cyber_Physical_LAB/src/gazebo_plugin_sim'
[0.344s] INFO:colcon.colcon_core.shell:Skip shell extension 'powershell' for command environment: Not usable outside of PowerShell
[0.344s] DEBUG:colcon.colcon_core.shell:Skip shell extension 'dsv' for command environment
[0.351s] INFO:colcon.colcon_ros.task.ament_cmake.build:Building ROS package in '/home/javierfr/Robotics_Cyber_Physical_LAB/src/img_proc_pkg' with build type 'ament_cmake'
[0.351s] INFO:colcon.colcon_cmake.task.cmake.build:Building CMake package in '/home/javierfr/Robotics_Cyber_Physical_LAB/src/img_proc_pkg'
[0.353s] INFO:colcon.colcon_core.shell:Skip shell extension 'powershell' for command environment: Not usable outside of PowerShell
[0.353s] DEBUG:colcon.colcon_core.shell:Skip shell extension 'dsv' for command environment
[0.373s] DEBUG:colcon.colcon_core.event_handler.log_command:Invoking command in '/home/javierfr/Robotics_Cyber_Physical_LAB/build/interfaces': CMAKE_PREFIX_PATH=${CMAKE_PREFIX_PATH}:/opt/ros/foxy /usr/bin/cmake --build /home/javierfr/Robotics_Cyber_Physical_LAB/build/interfaces -- -j8 -l8
[0.381s] DEBUG:colcon.colcon_core.event_handler.log_command:Invoking command in '/home/javierfr/Robotics_Cyber_Physical_LAB/build/gazebo_plugin_sim': CMAKE_PREFIX_PATH=${CMAKE_PREFIX_PATH}:/opt/ros/foxy /usr/bin/cmake --build /home/javierfr/Robotics_Cyber_Physical_LAB/build/gazebo_plugin_sim -- -j8 -l8
[0.390s] DEBUG:colcon.colcon_core.event_handler.log_command:Invoking command in '/home/javierfr/Robotics_Cyber_Physical_LAB/build/img_proc_pkg': CMAKE_PREFIX_PATH=${CMAKE_PREFIX_PATH}:/opt/ros/foxy /usr/bin/cmake --build /home/javierfr/Robotics_Cyber_Physical_LAB/build/img_proc_pkg -- -j8 -l8
[0.562s] DEBUG:colcon.colcon_core.event_handler.log_command:Invoked command in '/home/javierfr/Robotics_Cyber_Physical_LAB/build/gazebo_plugin_sim' returned '0': CMAKE_PREFIX_PATH=${CMAKE_PREFIX_PATH}:/opt/ros/foxy /usr/bin/cmake --build /home/javierfr/Robotics_Cyber_Physical_LAB/build/gazebo_plugin_sim -- -j8 -l8
[0.610s] DEBUG:colcon.colcon_core.event_handler.log_command:Invoking command in '/home/javierfr/Robotics_Cyber_Physical_LAB/build/gazebo_plugin_sim': CMAKE_PREFIX_PATH=${CMAKE_PREFIX_PATH}:/opt/ros/foxy /usr/bin/cmake --install /home/javierfr/Robotics_Cyber_Physical_LAB/build/gazebo_plugin_sim
[0.631s] Level 1:colcon.colcon_core.environment:create_environment_scripts_only(gazebo_plugin_sim)
[0.633s] DEBUG:colcon.colcon_core.event_handler.log_command:Invoked command in '/home/javierfr/Robotics_Cyber_Physical_LAB/build/gazebo_plugin_sim' returned '0': CMAKE_PREFIX_PATH=${CMAKE_PREFIX_PATH}:/opt/ros/foxy /usr/bin/cmake --install /home/javierfr/Robotics_Cyber_Physical_LAB/build/gazebo_plugin_sim
[0.637s] Level 1:colcon.colcon_core.environment:checking '/home/javierfr/Robotics_Cyber_Physical_LAB/install/gazebo_plugin_sim' for CMake module files
[0.638s] Level 1:colcon.colcon_core.environment:checking '/home/javierfr/Robotics_Cyber_Physical_LAB/install/gazebo_plugin_sim' for CMake config files
[0.638s] Level 1:colcon.colcon_core.shell:create_environment_hook('gazebo_plugin_sim', 'cmake_prefix_path')
[0.640s] INFO:colcon.colcon_core.shell:Creating environment hook '/home/javierfr/Robotics_Cyber_Physical_LAB/install/gazebo_plugin_sim/share/gazebo_plugin_sim/hook/cmake_prefix_path.ps1'
[0.640s] INFO:colcon.colcon_core.shell:Creating environment descriptor '/home/javierfr/Robotics_Cyber_Physical_LAB/install/gazebo_plugin_sim/share/gazebo_plugin_sim/hook/cmake_prefix_path.dsv'
[0.641s] INFO:colcon.colcon_core.shell:Creating environment hook '/home/javierfr/Robotics_Cyber_Physical_LAB/install/gazebo_plugin_sim/share/gazebo_plugin_sim/hook/cmake_prefix_path.sh'
[0.642s] Level 1:colcon.colcon_core.environment:checking '/home/javierfr/Robotics_Cyber_Physical_LAB/install/gazebo_plugin_sim/lib'
[0.642s] Level 1:colcon.colcon_core.shell:create_environment_hook('gazebo_plugin_sim', 'ld_library_path_lib')
[0.643s] INFO:colcon.colcon_core.shell:Creating environment hook '/home/javierfr/Robotics_Cyber_Physical_LAB/install/gazebo_plugin_sim/share/gazebo_plugin_sim/hook/ld_library_path_lib.ps1'
[0.644s] INFO:colcon.colcon_core.shell:Creating environment descriptor '/home/javierfr/Robotics_Cyber_Physical_LAB/install/gazebo_plugin_sim/share/gazebo_plugin_sim/hook/ld_library_path_lib.dsv'
[0.644s] INFO:colcon.colcon_core.shell:Creating environment hook '/home/javierfr/Robotics_Cyber_Physical_LAB/install/gazebo_plugin_sim/share/gazebo_plugin_sim/hook/ld_library_path_lib.sh'
[0.645s] Level 1:colcon.colcon_core.environment:checking '/home/javierfr/Robotics_Cyber_Physical_LAB/install/gazebo_plugin_sim/bin'
[0.645s] Level 1:colcon.colcon_core.environment:checking '/home/javierfr/Robotics_Cyber_Physical_LAB/install/gazebo_plugin_sim/lib/pkgconfig/gazebo_plugin_sim.pc'
[0.645s] Level 1:colcon.colcon_core.environment:checking '/home/javierfr/Robotics_Cyber_Physical_LAB/install/gazebo_plugin_sim/lib/python3.8/site-packages'
[0.645s] Level 1:colcon.colcon_core.environment:checking '/home/javierfr/Robotics_Cyber_Physical_LAB/install/gazebo_plugin_sim/bin'
[0.647s] INFO:colcon.colcon_core.shell:Creating package script '/home/javierfr/Robotics_Cyber_Physical_LAB/install/gazebo_plugin_sim/share/gazebo_plugin_sim/package.ps1'
[0.648s] INFO:colcon.colcon_core.shell:Creating package descriptor '/home/javierfr/Robotics_Cyber_Physical_LAB/install/gazebo_plugin_sim/share/gazebo_plugin_sim/package.dsv'
[0.648s] INFO:colcon.colcon_core.shell:Creating package script '/home/javierfr/Robotics_Cyber_Physical_LAB/install/gazebo_plugin_sim/share/gazebo_plugin_sim/package.sh'
[0.649s] INFO:colcon.colcon_core.shell:Creating package script '/home/javierfr/Robotics_Cyber_Physical_LAB/install/gazebo_plugin_sim/share/gazebo_plugin_sim/package.bash'
[0.650s] INFO:colcon.colcon_core.shell:Creating package script '/home/javierfr/Robotics_Cyber_Physical_LAB/install/gazebo_plugin_sim/share/gazebo_plugin_sim/package.zsh'
[0.650s] Level 1:colcon.colcon_core.environment:create_file_with_runtime_dependencies(/home/javierfr/Robotics_Cyber_Physical_LAB/install/gazebo_plugin_sim/share/colcon-core/packages/gazebo_plugin_sim)
[0.688s] Level 1:colcon.colcon_core.environment:create_environment_scripts_only(gazebo_plugin_sim)
[0.691s] Level 1:colcon.colcon_core.environment:checking '/home/javierfr/Robotics_Cyber_Physical_LAB/install/gazebo_plugin_sim' for CMake module files
[0.691s] Level 1:colcon.colcon_core.environment:checking '/home/javierfr/Robotics_Cyber_Physical_LAB/install/gazebo_plugin_sim' for CMake config files
[0.692s] Level 1:colcon.colcon_core.shell:create_environment_hook('gazebo_plugin_sim', 'cmake_prefix_path')
[0.693s] INFO:colcon.colcon_core.shell:Creating environment hook '/home/javierfr/Robotics_Cyber_Physical_LAB/install/gazebo_plugin_sim/share/gazebo_plugin_sim/hook/cmake_prefix_path.ps1'
[0.694s] INFO:colcon.colcon_core.shell:Creating environment descriptor '/home/javierfr/Robotics_Cyber_Physical_LAB/install/gazebo_plugin_sim/share/gazebo_plugin_sim/hook/cmake_prefix_path.dsv'
[0.695s] INFO:colcon.colcon_core.shell:Creating environment hook '/home/javierfr/Robotics_Cyber_Physical_LAB/install/gazebo_plugin_sim/share/gazebo_plugin_sim/hook/cmake_prefix_path.sh'
[0.696s] Level 1:colcon.colcon_core.environment:checking '/home/javierfr/Robotics_Cyber_Physical_LAB/install/gazebo_plugin_sim/lib'
[0.696s] Level 1:colcon.colcon_core.shell:create_environment_hook('gazebo_plugin_sim', 'ld_library_path_lib')
[0.699s] INFO:colcon.colcon_core.shell:Creating environment hook '/home/javierfr/Robotics_Cyber_Physical_LAB/install/gazebo_plugin_sim/share/gazebo_plugin_sim/hook/ld_library_path_lib.ps1'
[0.700s] INFO:colcon.colcon_core.shell:Creating environment descriptor '/home/javierfr/Robotics_Cyber_Physical_LAB/install/gazebo_plugin_sim/share/gazebo_plugin_sim/hook/ld_library_path_lib.dsv'
[0.701s] INFO:colcon.colcon_core.shell:Creating environment hook '/home/javierfr/Robotics_Cyber_Physical_LAB/install/gazebo_plugin_sim/share/gazebo_plugin_sim/hook/ld_library_path_lib.sh'
[0.702s] Level 1:colcon.colcon_core.environment:checking '/home/javierfr/Robotics_Cyber_Physical_LAB/install/gazebo_plugin_sim/bin'
[0.702s] Level 1:colcon.colcon_core.environment:checking '/home/javierfr/Robotics_Cyber_Physical_LAB/install/gazebo_plugin_sim/lib/pkgconfig/gazebo_plugin_sim.pc'
[0.702s] Level 1:colcon.colcon_core.environment:checking '/home/javierfr/Robotics_Cyber_Physical_LAB/install/gazebo_plugin_sim/lib/python3.8/site-packages'
[0.703s] Level 1:colcon.colcon_core.environment:checking '/home/javierfr/Robotics_Cyber_Physical_LAB/install/gazebo_plugin_sim/bin'
[0.706s] INFO:colcon.colcon_core.shell:Creating package script '/home/javierfr/Robotics_Cyber_Physical_LAB/install/gazebo_plugin_sim/share/gazebo_plugin_sim/package.ps1'
[0.707s] INFO:colcon.colcon_core.shell:Creating package descriptor '/home/javierfr/Robotics_Cyber_Physical_LAB/install/gazebo_plugin_sim/share/gazebo_plugin_sim/package.dsv'
[0.708s] INFO:colcon.colcon_core.shell:Creating package script '/home/javierfr/Robotics_Cyber_Physical_LAB/install/gazebo_plugin_sim/share/gazebo_plugin_sim/package.sh'
[0.708s] INFO:colcon.colcon_core.shell:Creating package script '/home/javierfr/Robotics_Cyber_Physical_LAB/install/gazebo_plugin_sim/share/gazebo_plugin_sim/package.bash'
[0.708s] INFO:colcon.colcon_core.shell:Creating package script '/home/javierfr/Robotics_Cyber_Physical_LAB/install/gazebo_plugin_sim/share/gazebo_plugin_sim/package.zsh'
[0.709s] Level 1:colcon.colcon_core.environment:create_file_with_runtime_dependencies(/home/javierfr/Robotics_Cyber_Physical_LAB/install/gazebo_plugin_sim/share/colcon-core/packages/gazebo_plugin_sim)
[0.726s] DEBUG:colcon.colcon_core.event_handler.log_command:Invoked command in '/home/javierfr/Robotics_Cyber_Physical_LAB/build/interfaces' returned '0': CMAKE_PREFIX_PATH=${CMAKE_PREFIX_PATH}:/opt/ros/foxy /usr/bin/cmake --build /home/javierfr/Robotics_Cyber_Physical_LAB/build/interfaces -- -j8 -l8
[0.903s] DEBUG:colcon.colcon_core.event_handler.log_command:Invoking command in '/home/javierfr/Robotics_Cyber_Physical_LAB/build/interfaces': CMAKE_PREFIX_PATH=${CMAKE_PREFIX_PATH}:/opt/ros/foxy /usr/bin/cmake --install /home/javierfr/Robotics_Cyber_Physical_LAB/build/interfaces
[0.971s] Level 1:colcon.colcon_core.environment:create_environment_scripts_only(interfaces)
[0.973s] Level 1:colcon.colcon_core.environment:checking '/home/javierfr/Robotics_Cyber_Physical_LAB/install/interfaces' for CMake module files
[0.974s] DEBUG:colcon.colcon_core.event_handler.log_command:Invoked command in '/home/javierfr/Robotics_Cyber_Physical_LAB/build/interfaces' returned '0': CMAKE_PREFIX_PATH=${CMAKE_PREFIX_PATH}:/opt/ros/foxy /usr/bin/cmake --install /home/javierfr/Robotics_Cyber_Physical_LAB/build/interfaces
[0.974s] Level 1:colcon.colcon_core.environment:checking '/home/javierfr/Robotics_Cyber_Physical_LAB/install/interfaces' for CMake config files
[0.975s] Level 1:colcon.colcon_core.shell:create_environment_hook('interfaces', 'cmake_prefix_path')
[0.976s] INFO:colcon.colcon_core.shell:Creating environment hook '/home/javierfr/Robotics_Cyber_Physical_LAB/install/interfaces/share/interfaces/hook/cmake_prefix_path.ps1'
[0.977s] INFO:colcon.colcon_core.shell:Creating environment descriptor '/home/javierfr/Robotics_Cyber_Physical_LAB/install/interfaces/share/interfaces/hook/cmake_prefix_path.dsv'
[0.977s] INFO:colcon.colcon_core.shell:Creating environment hook '/home/javierfr/Robotics_Cyber_Physical_LAB/install/interfaces/share/interfaces/hook/cmake_prefix_path.sh'
[0.978s] Level 1:colcon.colcon_core.environment:checking '/home/javierfr/Robotics_Cyber_Physical_LAB/install/interfaces/lib'
[0.978s] Level 1:colcon.colcon_core.shell:create_environment_hook('interfaces', 'ld_library_path_lib')
[0.979s] INFO:colcon.colcon_core.shell:Creating environment hook '/home/javierfr/Robotics_Cyber_Physical_LAB/install/interfaces/share/interfaces/hook/ld_library_path_lib.ps1'
[0.980s] INFO:colcon.colcon_core.shell:Creating environment descriptor '/home/javierfr/Robotics_Cyber_Physical_LAB/install/interfaces/share/interfaces/hook/ld_library_path_lib.dsv'
[0.980s] INFO:colcon.colcon_core.shell:Creating environment hook '/home/javierfr/Robotics_Cyber_Physical_LAB/install/interfaces/share/interfaces/hook/ld_library_path_lib.sh'
[0.980s] Level 1:colcon.colcon_core.environment:checking '/home/javierfr/Robotics_Cyber_Physical_LAB/install/interfaces/bin'
[0.980s] Level 1:colcon.colcon_core.environment:checking '/home/javierfr/Robotics_Cyber_Physical_LAB/install/interfaces/lib/pkgconfig/interfaces.pc'
[0.981s] Level 1:colcon.colcon_core.environment:checking '/home/javierfr/Robotics_Cyber_Physical_LAB/install/interfaces/lib/python3.8/site-packages'
[0.981s] Level 1:colcon.colcon_core.shell:create_environment_hook('interfaces', 'pythonpath')
[0.982s] INFO:colcon.colcon_core.shell:Creating environment hook '/home/javierfr/Robotics_Cyber_Physical_LAB/install/interfaces/share/interfaces/hook/pythonpath.ps1'
[0.982s] INFO:colcon.colcon_core.shell:Creating environment descriptor '/home/javierfr/Robotics_Cyber_Physical_LAB/install/interfaces/share/interfaces/hook/pythonpath.dsv'
[0.983s] INFO:colcon.colcon_core.shell:Creating environment hook '/home/javierfr/Robotics_Cyber_Physical_LAB/install/interfaces/share/interfaces/hook/pythonpath.sh'
[0.983s] Level 1:colcon.colcon_core.environment:checking '/home/javierfr/Robotics_Cyber_Physical_LAB/install/interfaces/bin'
[0.985s] INFO:colcon.colcon_core.shell:Creating package script '/home/javierfr/Robotics_Cyber_Physical_LAB/install/interfaces/share/interfaces/package.ps1'
[0.985s] INFO:colcon.colcon_core.shell:Creating package descriptor '/home/javierfr/Robotics_Cyber_Physical_LAB/install/interfaces/share/interfaces/package.dsv'
[0.986s] INFO:colcon.colcon_core.shell:Creating package script '/home/javierfr/Robotics_Cyber_Physical_LAB/install/interfaces/share/interfaces/package.sh'
[0.986s] INFO:colcon.colcon_core.shell:Creating package script '/home/javierfr/Robotics_Cyber_Physical_LAB/install/interfaces/share/interfaces/package.bash'
[0.986s] INFO:colcon.colcon_core.shell:Creating package script '/home/javierfr/Robotics_Cyber_Physical_LAB/install/interfaces/share/interfaces/package.zsh'
[0.987s] Level 1:colcon.colcon_core.environment:create_file_with_runtime_dependencies(/home/javierfr/Robotics_Cyber_Physical_LAB/install/interfaces/share/colcon-core/packages/interfaces)
[1.156s] Level 1:colcon.colcon_core.environment:create_environment_scripts_only(interfaces)
[1.158s] Level 1:colcon.colcon_core.environment:checking '/home/javierfr/Robotics_Cyber_Physical_LAB/install/interfaces' for CMake module files
[1.158s] Level 1:colcon.colcon_core.environment:checking '/home/javierfr/Robotics_Cyber_Physical_LAB/install/interfaces' for CMake config files
[1.159s] Level 1:colcon.colcon_core.shell:create_environment_hook('interfaces', 'cmake_prefix_path')
[1.161s] INFO:colcon.colcon_core.shell:Creating environment hook '/home/javierfr/Robotics_Cyber_Physical_LAB/install/interfaces/share/interfaces/hook/cmake_prefix_path.ps1'
[1.161s] INFO:colcon.colcon_core.shell:Creating environment descriptor '/home/javierfr/Robotics_Cyber_Physical_LAB/install/interfaces/share/interfaces/hook/cmake_prefix_path.dsv'
[1.162s] INFO:colcon.colcon_core.shell:Creating environment hook '/home/javierfr/Robotics_Cyber_Physical_LAB/install/interfaces/share/interfaces/hook/cmake_prefix_path.sh'
[1.162s] Level 1:colcon.colcon_core.environment:checking '/home/javierfr/Robotics_Cyber_Physical_LAB/install/interfaces/lib'
[1.162s] Level 1:colcon.colcon_core.shell:create_environment_hook('interfaces', 'ld_library_path_lib')
[1.164s] INFO:colcon.colcon_core.shell:Creating environment hook '/home/javierfr/Robotics_Cyber_Physical_LAB/install/interfaces/share/interfaces/hook/ld_library_path_lib.ps1'
[1.164s] INFO:colcon.colcon_core.shell:Creating environment descriptor '/home/javierfr/Robotics_Cyber_Physical_LAB/install/interfaces/share/interfaces/hook/ld_library_path_lib.dsv'
[1.164s] INFO:colcon.colcon_core.shell:Creating environment hook '/home/javierfr/Robotics_Cyber_Physical_LAB/install/interfaces/share/interfaces/hook/ld_library_path_lib.sh'
[1.165s] Level 1:colcon.colcon_core.environment:checking '/home/javierfr/Robotics_Cyber_Physical_LAB/install/interfaces/bin'
[1.165s] Level 1:colcon.colcon_core.environment:checking '/home/javierfr/Robotics_Cyber_Physical_LAB/install/interfaces/lib/pkgconfig/interfaces.pc'
[1.165s] Level 1:colcon.colcon_core.environment:checking '/home/javierfr/Robotics_Cyber_Physical_LAB/install/interfaces/lib/python3.8/site-packages'
[1.165s] Level 1:colcon.colcon_core.shell:create_environment_hook('interfaces', 'pythonpath')
[1.166s] INFO:colcon.colcon_core.shell:Creating environment hook '/home/javierfr/Robotics_Cyber_Physical_LAB/install/interfaces/share/interfaces/hook/pythonpath.ps1'
[1.167s] INFO:colcon.colcon_core.shell:Creating environment descriptor '/home/javierfr/Robotics_Cyber_Physical_LAB/install/interfaces/share/interfaces/hook/pythonpath.dsv'
[1.167s] INFO:colcon.colcon_core.shell:Creating environment hook '/home/javierfr/Robotics_Cyber_Physical_LAB/install/interfaces/share/interfaces/hook/pythonpath.sh'
[1.168s] Level 1:colcon.colcon_core.environment:checking '/home/javierfr/Robotics_Cyber_Physical_LAB/install/interfaces/bin'
[1.169s] INFO:colcon.colcon_core.shell:Creating package script '/home/javierfr/Robotics_Cyber_Physical_LAB/install/interfaces/share/interfaces/package.ps1'
[1.170s] INFO:colcon.colcon_core.shell:Creating package descriptor '/home/javierfr/Robotics_Cyber_Physical_LAB/install/interfaces/share/interfaces/package.dsv'
[1.170s] INFO:colcon.colcon_core.shell:Creating package script '/home/javierfr/Robotics_Cyber_Physical_LAB/install/interfaces/share/interfaces/package.sh'
[1.171s] INFO:colcon.colcon_core.shell:Creating package script '/home/javierfr/Robotics_Cyber_Physical_LAB/install/interfaces/share/interfaces/package.bash'
[1.171s] INFO:colcon.colcon_core.shell:Creating package script '/home/javierfr/Robotics_Cyber_Physical_LAB/install/interfaces/share/interfaces/package.zsh'
[1.172s] Level 1:colcon.colcon_core.environment:create_file_with_runtime_dependencies(/home/javierfr/Robotics_Cyber_Physical_LAB/install/interfaces/share/colcon-core/packages/interfaces)
[1.172s] INFO:colcon.colcon_ros.task.ament_cmake.build:Building ROS package in '/home/javierfr/Robotics_Cyber_Physical_LAB/src/control_pkg' with build type 'ament_cmake'
[1.172s] INFO:colcon.colcon_cmake.task.cmake.build:Building CMake package in '/home/javierfr/Robotics_Cyber_Physical_LAB/src/control_pkg'
[1.174s] INFO:colcon.colcon_core.shell:Skip shell extension 'powershell' for command environment: Not usable outside of PowerShell
[1.174s] DEBUG:colcon.colcon_core.shell:Skip shell extension 'dsv' for command environment
[1.181s] INFO:colcon.colcon_ros.task.ament_cmake.build:Building ROS package in '/home/javierfr/Robotics_Cyber_Physical_LAB/src/inv_kinematics_pkg' with build type 'ament_cmake'
[1.181s] INFO:colcon.colcon_cmake.task.cmake.build:Building CMake package in '/home/javierfr/Robotics_Cyber_Physical_LAB/src/inv_kinematics_pkg'
[1.183s] INFO:colcon.colcon_core.shell:Skip shell extension 'powershell' for command environment: Not usable outside of PowerShell
[1.183s] DEBUG:colcon.colcon_core.shell:Skip shell extension 'dsv' for command environment
[1.201s] DEBUG:colcon.colcon_core.event_handler.log_command:Invoking command in '/home/javierfr/Robotics_Cyber_Physical_LAB/build/control_pkg': CMAKE_PREFIX_PATH=/home/javierfr/Robotics_Cyber_Physical_LAB/install/interfaces:/home/javierfr/Robotics_Cyber_Physical_LAB/install/inv_kinematics_pkg:/home/javierfr/Robotics_Cyber_Physical_LAB/install/control_pkg:/home/javierfr/Robotics_Cyber_Physical_LAB/install/img_proc_pkg:/home/javierfr/Robotics_Cyber_Physical_LAB/install/gazebo_plugin_sim:/opt/ros/foxy /usr/bin/cmake --build /home/javierfr/Robotics_Cyber_Physical_LAB/build/control_pkg -- -j8 -l8
[1.207s] DEBUG:colcon.colcon_core.event_handler.log_command:Invoking command in '/home/javierfr/Robotics_Cyber_Physical_LAB/build/inv_kinematics_pkg': CMAKE_PREFIX_PATH=/home/javierfr/Robotics_Cyber_Physical_LAB/install/interfaces:/home/javierfr/Robotics_Cyber_Physical_LAB/install/inv_kinematics_pkg:/home/javierfr/Robotics_Cyber_Physical_LAB/install/control_pkg:/home/javierfr/Robotics_Cyber_Physical_LAB/install/img_proc_pkg:/home/javierfr/Robotics_Cyber_Physical_LAB/install/gazebo_plugin_sim:/opt/ros/foxy /usr/bin/cmake --build /home/javierfr/Robotics_Cyber_Physical_LAB/build/inv_kinematics_pkg -- -j8 -l8
[1.329s] DEBUG:colcon.colcon_core.event_handler.log_command:Invoked command in '/home/javierfr/Robotics_Cyber_Physical_LAB/build/control_pkg' returned '0': CMAKE_PREFIX_PATH=/home/javierfr/Robotics_Cyber_Physical_LAB/install/interfaces:/home/javierfr/Robotics_Cyber_Physical_LAB/install/inv_kinematics_pkg:/home/javierfr/Robotics_Cyber_Physical_LAB/install/control_pkg:/home/javierfr/Robotics_Cyber_Physical_LAB/install/img_proc_pkg:/home/javierfr/Robotics_Cyber_Physical_LAB/install/gazebo_plugin_sim:/opt/ros/foxy /usr/bin/cmake --build /home/javierfr/Robotics_Cyber_Physical_LAB/build/control_pkg -- -j8 -l8
[1.334s] DEBUG:colcon.colcon_core.event_handler.log_command:Invoked command in '/home/javierfr/Robotics_Cyber_Physical_LAB/build/inv_kinematics_pkg' returned '0': CMAKE_PREFIX_PATH=/home/javierfr/Robotics_Cyber_Physical_LAB/install/interfaces:/home/javierfr/Robotics_Cyber_Physical_LAB/install/inv_kinematics_pkg:/home/javierfr/Robotics_Cyber_Physical_LAB/install/control_pkg:/home/javierfr/Robotics_Cyber_Physical_LAB/install/img_proc_pkg:/home/javierfr/Robotics_Cyber_Physical_LAB/install/gazebo_plugin_sim:/opt/ros/foxy /usr/bin/cmake --build /home/javierfr/Robotics_Cyber_Physical_LAB/build/inv_kinematics_pkg -- -j8 -l8
[1.364s] DEBUG:colcon.colcon_core.event_handler.log_command:Invoking command in '/home/javierfr/Robotics_Cyber_Physical_LAB/build/control_pkg': CMAKE_PREFIX_PATH=/home/javierfr/Robotics_Cyber_Physical_LAB/install/interfaces:/home/javierfr/Robotics_Cyber_Physical_LAB/install/inv_kinematics_pkg:/home/javierfr/Robotics_Cyber_Physical_LAB/install/control_pkg:/home/javierfr/Robotics_Cyber_Physical_LAB/install/img_proc_pkg:/home/javierfr/Robotics_Cyber_Physical_LAB/install/gazebo_plugin_sim:/opt/ros/foxy /usr/bin/cmake --install /home/javierfr/Robotics_Cyber_Physical_LAB/build/control_pkg
[1.374s] DEBUG:colcon.colcon_core.event_handler.log_command:Invoking command in '/home/javierfr/Robotics_Cyber_Physical_LAB/build/inv_kinematics_pkg': CMAKE_PREFIX_PATH=/home/javierfr/Robotics_Cyber_Physical_LAB/install/interfaces:/home/javierfr/Robotics_Cyber_Physical_LAB/install/inv_kinematics_pkg:/home/javierfr/Robotics_Cyber_Physical_LAB/install/control_pkg:/home/javierfr/Robotics_Cyber_Physical_LAB/install/img_proc_pkg:/home/javierfr/Robotics_Cyber_Physical_LAB/install/gazebo_plugin_sim:/opt/ros/foxy /usr/bin/cmake --install /home/javierfr/Robotics_Cyber_Physical_LAB/build/inv_kinematics_pkg
[1.377s] Level 1:colcon.colcon_core.environment:create_environment_scripts_only(control_pkg)
[1.381s] Level 1:colcon.colcon_core.environment:checking '/home/javierfr/Robotics_Cyber_Physical_LAB/install/control_pkg' for CMake module files
[1.383s] Level 1:colcon.colcon_core.environment:checking '/home/javierfr/Robotics_Cyber_Physical_LAB/install/control_pkg' for CMake config files
[1.384s] DEBUG:colcon.colcon_core.event_handler.log_command:Invoked command in '/home/javierfr/Robotics_Cyber_Physical_LAB/build/control_pkg' returned '0': CMAKE_PREFIX_PATH=/home/javierfr/Robotics_Cyber_Physical_LAB/install/interfaces:/home/javierfr/Robotics_Cyber_Physical_LAB/install/inv_kinematics_pkg:/home/javierfr/Robotics_Cyber_Physical_LAB/install/control_pkg:/home/javierfr/Robotics_Cyber_Physical_LAB/install/img_proc_pkg:/home/javierfr/Robotics_Cyber_Physical_LAB/install/gazebo_plugin_sim:/opt/ros/foxy /usr/bin/cmake --install /home/javierfr/Robotics_Cyber_Physical_LAB/build/control_pkg
[1.385s] Level 1:colcon.colcon_core.shell:create_environment_hook('control_pkg', 'cmake_prefix_path')
[1.387s] INFO:colcon.colcon_core.shell:Creating environment hook '/home/javierfr/Robotics_Cyber_Physical_LAB/install/control_pkg/share/control_pkg/hook/cmake_prefix_path.ps1'
[1.389s] INFO:colcon.colcon_core.shell:Creating environment descriptor '/home/javierfr/Robotics_Cyber_Physical_LAB/install/control_pkg/share/control_pkg/hook/cmake_prefix_path.dsv'
[1.389s] INFO:colcon.colcon_core.shell:Creating environment hook '/home/javierfr/Robotics_Cyber_Physical_LAB/install/control_pkg/share/control_pkg/hook/cmake_prefix_path.sh'
[1.390s] Level 1:colcon.colcon_core.environment:checking '/home/javierfr/Robotics_Cyber_Physical_LAB/install/control_pkg/lib'
[1.390s] Level 1:colcon.colcon_core.environment:checking '/home/javierfr/Robotics_Cyber_Physical_LAB/install/control_pkg/bin'
[1.390s] Level 1:colcon.colcon_core.environment:checking '/home/javierfr/Robotics_Cyber_Physical_LAB/install/control_pkg/lib/pkgconfig/control_pkg.pc'
[1.391s] Level 1:colcon.colcon_core.environment:checking '/home/javierfr/Robotics_Cyber_Physical_LAB/install/control_pkg/lib/python3.8/site-packages'
[1.391s] Level 1:colcon.colcon_core.environment:checking '/home/javierfr/Robotics_Cyber_Physical_LAB/install/control_pkg/bin'
[1.393s] INFO:colcon.colcon_core.shell:Creating package script '/home/javierfr/Robotics_Cyber_Physical_LAB/install/control_pkg/share/control_pkg/package.ps1'
[1.393s] INFO:colcon.colcon_core.shell:Creating package descriptor '/home/javierfr/Robotics_Cyber_Physical_LAB/install/control_pkg/share/control_pkg/package.dsv'
[1.393s] INFO:colcon.colcon_core.shell:Creating package script '/home/javierfr/Robotics_Cyber_Physical_LAB/install/control_pkg/share/control_pkg/package.sh'
[1.394s] INFO:colcon.colcon_core.shell:Creating package script '/home/javierfr/Robotics_Cyber_Physical_LAB/install/control_pkg/share/control_pkg/package.bash'
[1.394s] INFO:colcon.colcon_core.shell:Creating package script '/home/javierfr/Robotics_Cyber_Physical_LAB/install/control_pkg/share/control_pkg/package.zsh'
[1.394s] Level 1:colcon.colcon_core.environment:create_file_with_runtime_dependencies(/home/javierfr/Robotics_Cyber_Physical_LAB/install/control_pkg/share/colcon-core/packages/control_pkg)
[1.398s] Level 1:colcon.colcon_core.environment:create_environment_scripts_only(inv_kinematics_pkg)
[1.401s] Level 1:colcon.colcon_core.environment:checking '/home/javierfr/Robotics_Cyber_Physical_LAB/install/inv_kinematics_pkg' for CMake module files
[1.401s] DEBUG:colcon.colcon_core.event_handler.log_command:Invoked command in '/home/javierfr/Robotics_Cyber_Physical_LAB/build/inv_kinematics_pkg' returned '0': CMAKE_PREFIX_PATH=/home/javierfr/Robotics_Cyber_Physical_LAB/install/interfaces:/home/javierfr/Robotics_Cyber_Physical_LAB/install/inv_kinematics_pkg:/home/javierfr/Robotics_Cyber_Physical_LAB/install/control_pkg:/home/javierfr/Robotics_Cyber_Physical_LAB/install/img_proc_pkg:/home/javierfr/Robotics_Cyber_Physical_LAB/install/gazebo_plugin_sim:/opt/ros/foxy /usr/bin/cmake --install /home/javierfr/Robotics_Cyber_Physical_LAB/build/inv_kinematics_pkg
[1.402s] Level 1:colcon.colcon_core.environment:checking '/home/javierfr/Robotics_Cyber_Physical_LAB/install/inv_kinematics_pkg' for CMake config files
[1.402s] Level 1:colcon.colcon_core.shell:create_environment_hook('inv_kinematics_pkg', 'cmake_prefix_path')
[1.404s] INFO:colcon.colcon_core.shell:Creating environment hook '/home/javierfr/Robotics_Cyber_Physical_LAB/install/inv_kinematics_pkg/share/inv_kinematics_pkg/hook/cmake_prefix_path.ps1'
[1.404s] INFO:colcon.colcon_core.shell:Creating environment descriptor '/home/javierfr/Robotics_Cyber_Physical_LAB/install/inv_kinematics_pkg/share/inv_kinematics_pkg/hook/cmake_prefix_path.dsv'
[1.405s] INFO:colcon.colcon_core.shell:Creating environment hook '/home/javierfr/Robotics_Cyber_Physical_LAB/install/inv_kinematics_pkg/share/inv_kinematics_pkg/hook/cmake_prefix_path.sh'
[1.405s] Level 1:colcon.colcon_core.environment:checking '/home/javierfr/Robotics_Cyber_Physical_LAB/install/inv_kinematics_pkg/lib'
[1.405s] Level 1:colcon.colcon_core.environment:checking '/home/javierfr/Robotics_Cyber_Physical_LAB/install/inv_kinematics_pkg/bin'
[1.405s] Level 1:colcon.colcon_core.environment:checking '/home/javierfr/Robotics_Cyber_Physical_LAB/install/inv_kinematics_pkg/lib/pkgconfig/inv_kinematics_pkg.pc'
[1.406s] Level 1:colcon.colcon_core.environment:checking '/home/javierfr/Robotics_Cyber_Physical_LAB/install/inv_kinematics_pkg/lib/python3.8/site-packages'
[1.406s] Level 1:colcon.colcon_core.environment:checking '/home/javierfr/Robotics_Cyber_Physical_LAB/install/inv_kinematics_pkg/bin'
[1.407s] INFO:colcon.colcon_core.shell:Creating package script '/home/javierfr/Robotics_Cyber_Physical_LAB/install/inv_kinematics_pkg/share/inv_kinematics_pkg/package.ps1'
[1.408s] INFO:colcon.colcon_core.shell:Creating package descriptor '/home/javierfr/Robotics_Cyber_Physical_LAB/install/inv_kinematics_pkg/share/inv_kinematics_pkg/package.dsv'
[1.408s] INFO:colcon.colcon_core.shell:Creating package script '/home/javierfr/Robotics_Cyber_Physical_LAB/install/inv_kinematics_pkg/share/inv_kinematics_pkg/package.sh'
[1.409s] INFO:colcon.colcon_core.shell:Creating package script '/home/javierfr/Robotics_Cyber_Physical_LAB/install/inv_kinematics_pkg/share/inv_kinematics_pkg/package.bash'
[1.409s] INFO:colcon.colcon_core.shell:Creating package script '/home/javierfr/Robotics_Cyber_Physical_LAB/install/inv_kinematics_pkg/share/inv_kinematics_pkg/package.zsh'
[1.410s] Level 1:colcon.colcon_core.environment:create_file_with_runtime_dependencies(/home/javierfr/Robotics_Cyber_Physical_LAB/install/inv_kinematics_pkg/share/colcon-core/packages/inv_kinematics_pkg)
[1.430s] Level 1:colcon.colcon_core.environment:create_environment_scripts_only(control_pkg)
[1.432s] Level 1:colcon.colcon_core.environment:checking '/home/javierfr/Robotics_Cyber_Physical_LAB/install/control_pkg' for CMake module files
[1.433s] Level 1:colcon.colcon_core.environment:checking '/home/javierfr/Robotics_Cyber_Physical_LAB/install/control_pkg' for CMake config files
[1.433s] Level 1:colcon.colcon_core.shell:create_environment_hook('control_pkg', 'cmake_prefix_path')
[1.435s] INFO:colcon.colcon_core.shell:Creating environment hook '/home/javierfr/Robotics_Cyber_Physical_LAB/install/control_pkg/share/control_pkg/hook/cmake_prefix_path.ps1'
[1.435s] INFO:colcon.colcon_core.shell:Creating environment descriptor '/home/javierfr/Robotics_Cyber_Physical_LAB/install/control_pkg/share/control_pkg/hook/cmake_prefix_path.dsv'
[1.436s] INFO:colcon.colcon_core.shell:Creating environment hook '/home/javierfr/Robotics_Cyber_Physical_LAB/install/control_pkg/share/control_pkg/hook/cmake_prefix_path.sh'
[1.436s] Level 1:colcon.colcon_core.environment:checking '/home/javierfr/Robotics_Cyber_Physical_LAB/install/control_pkg/lib'
[1.436s] Level 1:colcon.colcon_core.environment:checking '/home/javierfr/Robotics_Cyber_Physical_LAB/install/control_pkg/bin'
[1.437s] Level 1:colcon.colcon_core.environment:checking '/home/javierfr/Robotics_Cyber_Physical_LAB/install/control_pkg/lib/pkgconfig/control_pkg.pc'
[1.437s] Level 1:colcon.colcon_core.environment:checking '/home/javierfr/Robotics_Cyber_Physical_LAB/install/control_pkg/lib/python3.8/site-packages'
[1.437s] Level 1:colcon.colcon_core.environment:checking '/home/javierfr/Robotics_Cyber_Physical_LAB/install/control_pkg/bin'
[1.439s] INFO:colcon.colcon_core.shell:Creating package script '/home/javierfr/Robotics_Cyber_Physical_LAB/install/control_pkg/share/control_pkg/package.ps1'
[1.439s] INFO:colcon.colcon_core.shell:Creating package descriptor '/home/javierfr/Robotics_Cyber_Physical_LAB/install/control_pkg/share/control_pkg/package.dsv'
[1.440s] INFO:colcon.colcon_core.shell:Creating package script '/home/javierfr/Robotics_Cyber_Physical_LAB/install/control_pkg/share/control_pkg/package.sh'
[1.440s] INFO:colcon.colcon_core.shell:Creating package script '/home/javierfr/Robotics_Cyber_Physical_LAB/install/control_pkg/share/control_pkg/package.bash'
[1.441s] INFO:colcon.colcon_core.shell:Creating package script '/home/javierfr/Robotics_Cyber_Physical_LAB/install/control_pkg/share/control_pkg/package.zsh'
[1.441s] Level 1:colcon.colcon_core.environment:create_file_with_runtime_dependencies(/home/javierfr/Robotics_Cyber_Physical_LAB/install/control_pkg/share/colcon-core/packages/control_pkg)
[1.450s] Level 1:colcon.colcon_core.environment:create_environment_scripts_only(inv_kinematics_pkg)
[1.453s] Level 1:colcon.colcon_core.environment:checking '/home/javierfr/Robotics_Cyber_Physical_LAB/install/inv_kinematics_pkg' for CMake module files
[1.453s] Level 1:colcon.colcon_core.environment:checking '/home/javierfr/Robotics_Cyber_Physical_LAB/install/inv_kinematics_pkg' for CMake config files
[1.454s] Level 1:colcon.colcon_core.shell:create_environment_hook('inv_kinematics_pkg', 'cmake_prefix_path')
[1.455s] INFO:colcon.colcon_core.shell:Creating environment hook '/home/javierfr/Robotics_Cyber_Physical_LAB/install/inv_kinematics_pkg/share/inv_kinematics_pkg/hook/cmake_prefix_path.ps1'
[1.456s] INFO:colcon.colcon_core.shell:Creating environment descriptor '/home/javierfr/Robotics_Cyber_Physical_LAB/install/inv_kinematics_pkg/share/inv_kinematics_pkg/hook/cmake_prefix_path.dsv'
[1.456s] INFO:colcon.colcon_core.shell:Creating environment hook '/home/javierfr/Robotics_Cyber_Physical_LAB/install/inv_kinematics_pkg/share/inv_kinematics_pkg/hook/cmake_prefix_path.sh'
[1.457s] Level 1:colcon.colcon_core.environment:checking '/home/javierfr/Robotics_Cyber_Physical_LAB/install/inv_kinematics_pkg/lib'
[1.457s] Level 1:colcon.colcon_core.environment:checking '/home/javierfr/Robotics_Cyber_Physical_LAB/install/inv_kinematics_pkg/bin'
[1.457s] Level 1:colcon.colcon_core.environment:checking '/home/javierfr/Robotics_Cyber_Physical_LAB/install/inv_kinematics_pkg/lib/pkgconfig/inv_kinematics_pkg.pc'
[1.457s] Level 1:colcon.colcon_core.environment:checking '/home/javierfr/Robotics_Cyber_Physical_LAB/install/inv_kinematics_pkg/lib/python3.8/site-packages'
[1.457s] Level 1:colcon.colcon_core.environment:checking '/home/javierfr/Robotics_Cyber_Physical_LAB/install/inv_kinematics_pkg/bin'
[1.459s] INFO:colcon.colcon_core.shell:Creating package script '/home/javierfr/Robotics_Cyber_Physical_LAB/install/inv_kinematics_pkg/share/inv_kinematics_pkg/package.ps1'
[1.459s] INFO:colcon.colcon_core.shell:Creating package descriptor '/home/javierfr/Robotics_Cyber_Physical_LAB/install/inv_kinematics_pkg/share/inv_kinematics_pkg/package.dsv'
[1.460s] INFO:colcon.colcon_core.shell:Creating package script '/home/javierfr/Robotics_Cyber_Physical_LAB/install/inv_kinematics_pkg/share/inv_kinematics_pkg/package.sh'
[1.460s] INFO:colcon.colcon_core.shell:Creating package script '/home/javierfr/Robotics_Cyber_Physical_LAB/install/inv_kinematics_pkg/share/inv_kinematics_pkg/package.bash'
[1.461s] INFO:colcon.colcon_core.shell:Creating package script '/home/javierfr/Robotics_Cyber_Physical_LAB/install/inv_kinematics_pkg/share/inv_kinematics_pkg/package.zsh'
[1.461s] Level 1:colcon.colcon_core.environment:create_file_with_runtime_dependencies(/home/javierfr/Robotics_Cyber_Physical_LAB/install/inv_kinematics_pkg/share/colcon-core/packages/inv_kinematics_pkg)
[4.237s] DEBUG:colcon.colcon_core.event_handler.log_command:Invoked command in '/home/javierfr/Robotics_Cyber_Physical_LAB/build/img_proc_pkg' returned '2': CMAKE_PREFIX_PATH=${CMAKE_PREFIX_PATH}:/opt/ros/foxy /usr/bin/cmake --build /home/javierfr/Robotics_Cyber_Physical_LAB/build/img_proc_pkg -- -j8 -l8
[4.281s] Level 1:colcon.colcon_core.environment:create_environment_scripts_only(img_proc_pkg)
[4.283s] Level 1:colcon.colcon_core.environment:checking '/home/javierfr/Robotics_Cyber_Physical_LAB/install/img_proc_pkg' for CMake module files
[4.284s] Level 1:colcon.colcon_core.environment:checking '/home/javierfr/Robotics_Cyber_Physical_LAB/install/img_proc_pkg' for CMake config files
[4.284s] Level 1:colcon.colcon_core.shell:create_environment_hook('img_proc_pkg', 'cmake_prefix_path')
[4.286s] INFO:colcon.colcon_core.shell:Creating environment hook '/home/javierfr/Robotics_Cyber_Physical_LAB/install/img_proc_pkg/share/img_proc_pkg/hook/cmake_prefix_path.ps1'
[4.287s] INFO:colcon.colcon_core.shell:Creating environment descriptor '/home/javierfr/Robotics_Cyber_Physical_LAB/install/img_proc_pkg/share/img_proc_pkg/hook/cmake_prefix_path.dsv'
[4.287s] INFO:colcon.colcon_core.shell:Creating environment hook '/home/javierfr/Robotics_Cyber_Physical_LAB/install/img_proc_pkg/share/img_proc_pkg/hook/cmake_prefix_path.sh'
[4.288s] Level 1:colcon.colcon_core.environment:checking '/home/javierfr/Robotics_Cyber_Physical_LAB/install/img_proc_pkg/lib'
[4.288s] Level 1:colcon.colcon_core.environment:checking '/home/javierfr/Robotics_Cyber_Physical_LAB/install/img_proc_pkg/bin'
[4.288s] Level 1:colcon.colcon_core.environment:checking '/home/javierfr/Robotics_Cyber_Physical_LAB/install/img_proc_pkg/lib/pkgconfig/img_proc_pkg.pc'
[4.288s] Level 1:colcon.colcon_core.environment:checking '/home/javierfr/Robotics_Cyber_Physical_LAB/install/img_proc_pkg/lib/python3.8/site-packages'
[4.289s] Level 1:colcon.colcon_core.environment:checking '/home/javierfr/Robotics_Cyber_Physical_LAB/install/img_proc_pkg/bin'
[4.291s] INFO:colcon.colcon_core.shell:Creating package script '/home/javierfr/Robotics_Cyber_Physical_LAB/install/img_proc_pkg/share/img_proc_pkg/package.ps1'
[4.291s] INFO:colcon.colcon_core.shell:Creating package descriptor '/home/javierfr/Robotics_Cyber_Physical_LAB/install/img_proc_pkg/share/img_proc_pkg/package.dsv'
[4.292s] INFO:colcon.colcon_core.shell:Creating package script '/home/javierfr/Robotics_Cyber_Physical_LAB/install/img_proc_pkg/share/img_proc_pkg/package.sh'
[4.293s] INFO:colcon.colcon_core.shell:Creating package script '/home/javierfr/Robotics_Cyber_Physical_LAB/install/img_proc_pkg/share/img_proc_pkg/package.bash'
[4.293s] INFO:colcon.colcon_core.shell:Creating package script '/home/javierfr/Robotics_Cyber_Physical_LAB/install/img_proc_pkg/share/img_proc_pkg/package.zsh'
[4.294s] Level 1:colcon.colcon_core.environment:create_file_with_runtime_dependencies(/home/javierfr/Robotics_Cyber_Physical_LAB/install/img_proc_pkg/share/colcon-core/packages/img_proc_pkg)
[4.304s] DEBUG:colcon.colcon_parallel_executor.executor.parallel:closing loop
[4.305s] DEBUG:colcon.colcon_parallel_executor.executor.parallel:loop closed
[4.305s] DEBUG:colcon.colcon_parallel_executor.executor.parallel:run_until_complete finished with '2'
[4.305s] DEBUG:colcon.colcon_core.event_reactor:joining thread
[4.321s] INFO:colcon.colcon_core.plugin_system:Skipping extension 'colcon_notification.desktop_notification.terminal_notifier': Not used on non-Darwin systems
[4.321s] INFO:colcon.colcon_core.plugin_system:Skipping extension 'colcon_notification.desktop_notification.win32': Not used on non-Windows systems
[4.321s] INFO:colcon.colcon_notification.desktop_notification:Sending desktop notification using 'notify2'
[4.338s] DEBUG:colcon.colcon_core.event_reactor:joined thread
[4.340s] INFO:colcon.colcon_core.shell:Creating prefix script '/home/javierfr/Robotics_Cyber_Physical_LAB/install/local_setup.ps1'
[4.341s] INFO:colcon.colcon_core.shell:Creating prefix util module '/home/javierfr/Robotics_Cyber_Physical_LAB/install/_local_setup_util_ps1.py'
[4.343s] INFO:colcon.colcon_core.shell:Creating prefix chain script '/home/javierfr/Robotics_Cyber_Physical_LAB/install/setup.ps1'
[4.344s] INFO:colcon.colcon_core.shell:Creating prefix script '/home/javierfr/Robotics_Cyber_Physical_LAB/install/local_setup.sh'
[4.345s] INFO:colcon.colcon_core.shell:Creating prefix util module '/home/javierfr/Robotics_Cyber_Physical_LAB/install/_local_setup_util_sh.py'
[4.346s] INFO:colcon.colcon_core.shell:Creating prefix chain script '/home/javierfr/Robotics_Cyber_Physical_LAB/install/setup.sh'
[4.348s] INFO:colcon.colcon_core.shell:Creating prefix script '/home/javierfr/Robotics_Cyber_Physical_LAB/install/local_setup.bash'
[4.348s] INFO:colcon.colcon_core.shell:Creating prefix chain script '/home/javierfr/Robotics_Cyber_Physical_LAB/install/setup.bash'
[4.351s] INFO:colcon.colcon_core.shell:Creating prefix script '/home/javierfr/Robotics_Cyber_Physical_LAB/install/local_setup.zsh'
[4.351s] INFO:colcon.colcon_core.shell:Creating prefix chain script '/home/javierfr/Robotics_Cyber_Physical_LAB/install/setup.zsh'
