[ 25%] Built target platform1_vel_server
[ 50%] Built target platform1_vel_test_client
[100%] Built target platform2_vel_test_client
[100%] Built target platform2_vel_server
-- Install configuration: ""
-- Up-to-date: /home/javierfr/Tesis_ws/V1/install/inv_kinematics_pkg/lib/inv_kinematics_pkg/platform1_vel_server
-- Up-to-date: /home/javierfr/Tesis_ws/V1/install/inv_kinematics_pkg/lib/inv_kinematics_pkg/platform1_vel_test_client
-- Up-to-date: /home/javierfr/Tesis_ws/V1/install/inv_kinematics_pkg/lib/inv_kinematics_pkg/platform2_vel_server
-- Up-to-date: /home/javierfr/Tesis_ws/V1/install/inv_kinematics_pkg/lib/inv_kinematics_pkg/platform2_vel_test_client
-- Up-to-date: /home/javierfr/Tesis_ws/V1/install/inv_kinematics_pkg/share/ament_index/resource_index/package_run_dependencies/inv_kinematics_pkg
-- Up-to-date: /home/javierfr/Tesis_ws/V1/install/inv_kinematics_pkg/share/ament_index/resource_index/parent_prefix_path/inv_kinematics_pkg
-- Up-to-date: /home/javierfr/Tesis_ws/V1/install/inv_kinematics_pkg/share/inv_kinematics_pkg/environment/ament_prefix_path.sh
-- Up-to-date: /home/javierfr/Tesis_ws/V1/install/inv_kinematics_pkg/share/inv_kinematics_pkg/environment/ament_prefix_path.dsv
-- Up-to-date: /home/javierfr/Tesis_ws/V1/install/inv_kinematics_pkg/share/inv_kinematics_pkg/environment/path.sh
-- Up-to-date: /home/javierfr/Tesis_ws/V1/install/inv_kinematics_pkg/share/inv_kinematics_pkg/environment/path.dsv
-- Up-to-date: /home/javierfr/Tesis_ws/V1/install/inv_kinematics_pkg/share/inv_kinematics_pkg/local_setup.bash
-- Up-to-date: /home/javierfr/Tesis_ws/V1/install/inv_kinematics_pkg/share/inv_kinematics_pkg/local_setup.sh
-- Up-to-date: /home/javierfr/Tesis_ws/V1/install/inv_kinematics_pkg/share/inv_kinematics_pkg/local_setup.zsh
-- Up-to-date: /home/javierfr/Tesis_ws/V1/install/inv_kinematics_pkg/share/inv_kinematics_pkg/local_setup.dsv
-- Installing: /home/javierfr/Tesis_ws/V1/install/inv_kinematics_pkg/share/inv_kinematics_pkg/package.dsv
-- Up-to-date: /home/javierfr/Tesis_ws/V1/install/inv_kinematics_pkg/share/ament_index/resource_index/packages/inv_kinematics_pkg
-- Up-to-date: /home/javierfr/Tesis_ws/V1/install/inv_kinematics_pkg/share/inv_kinematics_pkg/cmake/inv_kinematics_pkgConfig.cmake
-- Up-to-date: /home/javierfr/Tesis_ws/V1/install/inv_kinematics_pkg/share/inv_kinematics_pkg/cmake/inv_kinematics_pkgConfig-version.cmake
-- Up-to-date: /home/javierfr/Tesis_ws/V1/install/inv_kinematics_pkg/share/inv_kinematics_pkg/package.xml
