[0.126s] DEBUG:colcon:Command line arguments: ['/usr/bin/colcon', 'build']
[0.126s] DEBUG:colcon:Parsed command line arguments: Namespace(allow_overriding=[], ament_cmake_args=None, base_paths=['.'], build_base='build', catkin_cmake_args=None, catkin_skip_building_tests=False, cmake_args=None, cmake_clean_cache=False, cmake_clean_first=False, cmake_force_configure=False, cmake_target=None, cmake_target_skip_unavailable=False, continue_on_error=False, event_handlers=None, executor='parallel', ignore_user_meta=False, install_base='install', log_base=None, log_level=None, main=<bound method BuildVerb.main of <colcon_core.verb.build.BuildVerb object at 0x7f3f56c1ba60>>, merge_install=False, metas=['./colcon.meta'], packages_above=None, packages_above_and_dependencies=None, packages_above_depth=None, packages_end=None, packages_ignore=None, packages_ignore_regex=None, packages_select=None, packages_select_build_failed=False, packages_select_by_dep=None, packages_select_regex=None, packages_select_test_failures=False, packages_skip=None, packages_skip_build_finished=False, packages_skip_by_dep=None, packages_skip_regex=None, packages_skip_test_passed=False, packages_skip_up_to=None, packages_start=None, packages_up_to=None, packages_up_to_regex=None, parallel_workers=12, paths=None, symlink_install=False, test_result_base=None, verb_extension=<colcon_core.verb.build.BuildVerb object at 0x7f3f56c1ba60>, verb_name='build', verb_parser=<colcon_defaults.argument_parser.defaults.DefaultArgumentsDecorator object at 0x7f3f56c25040>)
[0.146s] Level 1:colcon.colcon_core.package_discovery:discover_packages(colcon_meta) check parameters
[0.146s] Level 1:colcon.colcon_core.package_discovery:discover_packages(recursive) check parameters
[0.146s] Level 1:colcon.colcon_core.package_discovery:discover_packages(ignore) check parameters
[0.146s] Level 1:colcon.colcon_core.package_discovery:discover_packages(path) check parameters
[0.146s] Level 1:colcon.colcon_core.package_discovery:discover_packages(colcon_meta) discover
[0.146s] Level 1:colcon.colcon_core.package_discovery:discover_packages(recursive) discover
[0.146s] INFO:colcon.colcon_core.package_discovery:Crawling recursively for packages in '/home/javierfr/Robotics_Cyber_Physical_LAB'
[0.146s] Level 1:colcon.colcon_core.package_identification:_identify(.) by extensions ['ignore', 'ignore_ament_install']
[0.146s] Level 1:colcon.colcon_core.package_identification:_identify(.) by extension 'ignore'
[0.146s] Level 1:colcon.colcon_core.package_identification:_identify(.) by extension 'ignore_ament_install'
[0.146s] Level 1:colcon.colcon_core.package_identification:_identify(.) by extensions ['colcon_pkg']
[0.146s] Level 1:colcon.colcon_core.package_identification:_identify(.) by extension 'colcon_pkg'
[0.146s] Level 1:colcon.colcon_core.package_identification:_identify(.) by extensions ['colcon_meta']
[0.146s] Level 1:colcon.colcon_core.package_identification:_identify(.) by extension 'colcon_meta'
[0.146s] Level 1:colcon.colcon_core.package_identification:_identify(.) by extensions ['ros']
[0.146s] Level 1:colcon.colcon_core.package_identification:_identify(.) by extension 'ros'
[0.160s] Level 1:colcon.colcon_core.package_identification:_identify(.) by extensions ['cmake', 'python']
[0.160s] Level 1:colcon.colcon_core.package_identification:_identify(.) by extension 'cmake'
[0.160s] Level 1:colcon.colcon_core.package_identification:_identify(.) by extension 'python'
[0.160s] Level 1:colcon.colcon_core.package_identification:_identify(.) by extensions ['python_setup_py']
[0.160s] Level 1:colcon.colcon_core.package_identification:_identify(.) by extension 'python_setup_py'
[0.160s] Level 1:colcon.colcon_core.package_identification:_identify(build) by extensions ['ignore', 'ignore_ament_install']
[0.160s] Level 1:colcon.colcon_core.package_identification:_identify(build) by extension 'ignore'
[0.160s] Level 1:colcon.colcon_core.package_identification:_identify(build) ignored
[0.160s] Level 1:colcon.colcon_core.package_identification:_identify(install) by extensions ['ignore', 'ignore_ament_install']
[0.160s] Level 1:colcon.colcon_core.package_identification:_identify(install) by extension 'ignore'
[0.160s] Level 1:colcon.colcon_core.package_identification:_identify(install) ignored
[0.161s] Level 1:colcon.colcon_core.package_identification:_identify(log) by extensions ['ignore', 'ignore_ament_install']
[0.161s] Level 1:colcon.colcon_core.package_identification:_identify(log) by extension 'ignore'
[0.161s] Level 1:colcon.colcon_core.package_identification:_identify(log) ignored
[0.161s] Level 1:colcon.colcon_core.package_identification:_identify(src) by extensions ['ignore', 'ignore_ament_install']
[0.161s] Level 1:colcon.colcon_core.package_identification:_identify(src) by extension 'ignore'
[0.161s] Level 1:colcon.colcon_core.package_identification:_identify(src) by extension 'ignore_ament_install'
[0.161s] Level 1:colcon.colcon_core.package_identification:_identify(src) by extensions ['colcon_pkg']
[0.161s] Level 1:colcon.colcon_core.package_identification:_identify(src) by extension 'colcon_pkg'
[0.161s] Level 1:colcon.colcon_core.package_identification:_identify(src) by extensions ['colcon_meta']
[0.161s] Level 1:colcon.colcon_core.package_identification:_identify(src) by extension 'colcon_meta'
[0.161s] Level 1:colcon.colcon_core.package_identification:_identify(src) by extensions ['ros']
[0.161s] Level 1:colcon.colcon_core.package_identification:_identify(src) by extension 'ros'
[0.161s] Level 1:colcon.colcon_core.package_identification:_identify(src) by extensions ['cmake', 'python']
[0.161s] Level 1:colcon.colcon_core.package_identification:_identify(src) by extension 'cmake'
[0.161s] Level 1:colcon.colcon_core.package_identification:_identify(src) by extension 'python'
[0.161s] Level 1:colcon.colcon_core.package_identification:_identify(src) by extensions ['python_setup_py']
[0.161s] Level 1:colcon.colcon_core.package_identification:_identify(src) by extension 'python_setup_py'
[0.161s] Level 1:colcon.colcon_core.package_identification:_identify(src/control_pkg) by extensions ['ignore', 'ignore_ament_install']
[0.161s] Level 1:colcon.colcon_core.package_identification:_identify(src/control_pkg) by extension 'ignore'
[0.161s] Level 1:colcon.colcon_core.package_identification:_identify(src/control_pkg) by extension 'ignore_ament_install'
[0.161s] Level 1:colcon.colcon_core.package_identification:_identify(src/control_pkg) by extensions ['colcon_pkg']
[0.161s] Level 1:colcon.colcon_core.package_identification:_identify(src/control_pkg) by extension 'colcon_pkg'
[0.161s] Level 1:colcon.colcon_core.package_identification:_identify(src/control_pkg) by extensions ['colcon_meta']
[0.161s] Level 1:colcon.colcon_core.package_identification:_identify(src/control_pkg) by extension 'colcon_meta'
[0.161s] Level 1:colcon.colcon_core.package_identification:_identify(src/control_pkg) by extensions ['ros']
[0.162s] Level 1:colcon.colcon_core.package_identification:_identify(src/control_pkg) by extension 'ros'
[0.163s] DEBUG:colcon.colcon_core.package_identification:Package 'src/control_pkg' with type 'ros.ament_cmake' and name 'control_pkg'
[0.163s] Level 1:colcon.colcon_core.package_identification:_identify(src/gazebo_plugin_sim) by extensions ['ignore', 'ignore_ament_install']
[0.164s] Level 1:colcon.colcon_core.package_identification:_identify(src/gazebo_plugin_sim) by extension 'ignore'
[0.164s] Level 1:colcon.colcon_core.package_identification:_identify(src/gazebo_plugin_sim) by extension 'ignore_ament_install'
[0.164s] Level 1:colcon.colcon_core.package_identification:_identify(src/gazebo_plugin_sim) by extensions ['colcon_pkg']
[0.164s] Level 1:colcon.colcon_core.package_identification:_identify(src/gazebo_plugin_sim) by extension 'colcon_pkg'
[0.164s] Level 1:colcon.colcon_core.package_identification:_identify(src/gazebo_plugin_sim) by extensions ['colcon_meta']
[0.164s] Level 1:colcon.colcon_core.package_identification:_identify(src/gazebo_plugin_sim) by extension 'colcon_meta'
[0.164s] Level 1:colcon.colcon_core.package_identification:_identify(src/gazebo_plugin_sim) by extensions ['ros']
[0.164s] Level 1:colcon.colcon_core.package_identification:_identify(src/gazebo_plugin_sim) by extension 'ros'
[0.164s] DEBUG:colcon.colcon_core.package_identification:Package 'src/gazebo_plugin_sim' with type 'ros.ament_cmake' and name 'gazebo_plugin_sim'
[0.164s] Level 1:colcon.colcon_core.package_identification:_identify(src/img_proc_pkg) by extensions ['ignore', 'ignore_ament_install']
[0.164s] Level 1:colcon.colcon_core.package_identification:_identify(src/img_proc_pkg) by extension 'ignore'
[0.164s] Level 1:colcon.colcon_core.package_identification:_identify(src/img_proc_pkg) by extension 'ignore_ament_install'
[0.164s] Level 1:colcon.colcon_core.package_identification:_identify(src/img_proc_pkg) by extensions ['colcon_pkg']
[0.164s] Level 1:colcon.colcon_core.package_identification:_identify(src/img_proc_pkg) by extension 'colcon_pkg'
[0.164s] Level 1:colcon.colcon_core.package_identification:_identify(src/img_proc_pkg) by extensions ['colcon_meta']
[0.165s] Level 1:colcon.colcon_core.package_identification:_identify(src/img_proc_pkg) by extension 'colcon_meta'
[0.165s] Level 1:colcon.colcon_core.package_identification:_identify(src/img_proc_pkg) by extensions ['ros']
[0.165s] Level 1:colcon.colcon_core.package_identification:_identify(src/img_proc_pkg) by extension 'ros'
[0.165s] DEBUG:colcon.colcon_core.package_identification:Package 'src/img_proc_pkg' with type 'ros.ament_cmake' and name 'img_proc_pkg'
[0.165s] Level 1:colcon.colcon_core.package_identification:_identify(src/interfaces) by extensions ['ignore', 'ignore_ament_install']
[0.165s] Level 1:colcon.colcon_core.package_identification:_identify(src/interfaces) by extension 'ignore'
[0.165s] Level 1:colcon.colcon_core.package_identification:_identify(src/interfaces) by extension 'ignore_ament_install'
[0.165s] Level 1:colcon.colcon_core.package_identification:_identify(src/interfaces) by extensions ['colcon_pkg']
[0.165s] Level 1:colcon.colcon_core.package_identification:_identify(src/interfaces) by extension 'colcon_pkg'
[0.165s] Level 1:colcon.colcon_core.package_identification:_identify(src/interfaces) by extensions ['colcon_meta']
[0.165s] Level 1:colcon.colcon_core.package_identification:_identify(src/interfaces) by extension 'colcon_meta'
[0.165s] Level 1:colcon.colcon_core.package_identification:_identify(src/interfaces) by extensions ['ros']
[0.165s] Level 1:colcon.colcon_core.package_identification:_identify(src/interfaces) by extension 'ros'
[0.166s] DEBUG:colcon.colcon_core.package_identification:Package 'src/interfaces' with type 'ros.ament_cmake' and name 'interfaces'
[0.166s] Level 1:colcon.colcon_core.package_identification:_identify(src/inv_kinematics_pkg) by extensions ['ignore', 'ignore_ament_install']
[0.166s] Level 1:colcon.colcon_core.package_identification:_identify(src/inv_kinematics_pkg) by extension 'ignore'
[0.166s] Level 1:colcon.colcon_core.package_identification:_identify(src/inv_kinematics_pkg) by extension 'ignore_ament_install'
[0.166s] Level 1:colcon.colcon_core.package_identification:_identify(src/inv_kinematics_pkg) by extensions ['colcon_pkg']
[0.166s] Level 1:colcon.colcon_core.package_identification:_identify(src/inv_kinematics_pkg) by extension 'colcon_pkg'
[0.166s] Level 1:colcon.colcon_core.package_identification:_identify(src/inv_kinematics_pkg) by extensions ['colcon_meta']
[0.166s] Level 1:colcon.colcon_core.package_identification:_identify(src/inv_kinematics_pkg) by extension 'colcon_meta'
[0.166s] Level 1:colcon.colcon_core.package_identification:_identify(src/inv_kinematics_pkg) by extensions ['ros']
[0.166s] Level 1:colcon.colcon_core.package_identification:_identify(src/inv_kinematics_pkg) by extension 'ros'
[0.166s] DEBUG:colcon.colcon_core.package_identification:Package 'src/inv_kinematics_pkg' with type 'ros.ament_cmake' and name 'inv_kinematics_pkg'
[0.166s] Level 1:colcon.colcon_core.package_discovery:discover_packages(recursive) using defaults
[0.167s] Level 1:colcon.colcon_core.package_discovery:discover_packages(ignore) discover
[0.167s] Level 1:colcon.colcon_core.package_discovery:discover_packages(ignore) using defaults
[0.167s] Level 1:colcon.colcon_core.package_discovery:discover_packages(path) discover
[0.167s] Level 1:colcon.colcon_core.package_discovery:discover_packages(path) using defaults
[0.184s] Level 1:colcon.colcon_core.package_discovery:discover_packages(prefix_path) check parameters
[0.184s] Level 1:colcon.colcon_core.package_discovery:discover_packages(prefix_path) discover
[0.186s] DEBUG:colcon.colcon_installed_package_information.package_discovery:Found 2 installed packages in /home/javierfr/Robotics_Cyber_Physical_LAB/install
[0.188s] DEBUG:colcon.colcon_installed_package_information.package_discovery:Found 287 installed packages in /opt/ros/foxy
[0.189s] Level 1:colcon.colcon_core.package_discovery:discover_packages(prefix_path) using defaults
[0.246s] Level 5:colcon.colcon_core.verb:set package 'gazebo_plugin_sim' build argument 'cmake_args' from command line to 'None'
[0.246s] Level 5:colcon.colcon_core.verb:set package 'gazebo_plugin_sim' build argument 'cmake_target' from command line to 'None'
[0.246s] Level 5:colcon.colcon_core.verb:set package 'gazebo_plugin_sim' build argument 'cmake_target_skip_unavailable' from command line to 'False'
[0.246s] Level 5:colcon.colcon_core.verb:set package 'gazebo_plugin_sim' build argument 'cmake_clean_cache' from command line to 'False'
[0.246s] Level 5:colcon.colcon_core.verb:set package 'gazebo_plugin_sim' build argument 'cmake_clean_first' from command line to 'False'
[0.246s] Level 5:colcon.colcon_core.verb:set package 'gazebo_plugin_sim' build argument 'cmake_force_configure' from command line to 'False'
[0.246s] Level 5:colcon.colcon_core.verb:set package 'gazebo_plugin_sim' build argument 'ament_cmake_args' from command line to 'None'
[0.247s] Level 5:colcon.colcon_core.verb:set package 'gazebo_plugin_sim' build argument 'catkin_cmake_args' from command line to 'None'
[0.247s] Level 5:colcon.colcon_core.verb:set package 'gazebo_plugin_sim' build argument 'catkin_skip_building_tests' from command line to 'False'
[0.247s] DEBUG:colcon.colcon_core.verb:Building package 'gazebo_plugin_sim' with the following arguments: {'ament_cmake_args': None, 'build_base': '/home/javierfr/Robotics_Cyber_Physical_LAB/build/gazebo_plugin_sim', 'catkin_cmake_args': None, 'catkin_skip_building_tests': False, 'cmake_args': None, 'cmake_clean_cache': False, 'cmake_clean_first': False, 'cmake_force_configure': False, 'cmake_target': None, 'cmake_target_skip_unavailable': False, 'install_base': '/home/javierfr/Robotics_Cyber_Physical_LAB/install/gazebo_plugin_sim', 'merge_install': False, 'path': '/home/javierfr/Robotics_Cyber_Physical_LAB/src/gazebo_plugin_sim', 'symlink_install': False, 'test_result_base': None}
[0.248s] Level 5:colcon.colcon_core.verb:set package 'img_proc_pkg' build argument 'cmake_args' from command line to 'None'
[0.248s] Level 5:colcon.colcon_core.verb:set package 'img_proc_pkg' build argument 'cmake_target' from command line to 'None'
[0.248s] Level 5:colcon.colcon_core.verb:set package 'img_proc_pkg' build argument 'cmake_target_skip_unavailable' from command line to 'False'
[0.248s] Level 5:colcon.colcon_core.verb:set package 'img_proc_pkg' build argument 'cmake_clean_cache' from command line to 'False'
[0.248s] Level 5:colcon.colcon_core.verb:set package 'img_proc_pkg' build argument 'cmake_clean_first' from command line to 'False'
[0.248s] Level 5:colcon.colcon_core.verb:set package 'img_proc_pkg' build argument 'cmake_force_configure' from command line to 'False'
[0.248s] Level 5:colcon.colcon_core.verb:set package 'img_proc_pkg' build argument 'ament_cmake_args' from command line to 'None'
[0.248s] Level 5:colcon.colcon_core.verb:set package 'img_proc_pkg' build argument 'catkin_cmake_args' from command line to 'None'
[0.248s] Level 5:colcon.colcon_core.verb:set package 'img_proc_pkg' build argument 'catkin_skip_building_tests' from command line to 'False'
[0.248s] DEBUG:colcon.colcon_core.verb:Building package 'img_proc_pkg' with the following arguments: {'ament_cmake_args': None, 'build_base': '/home/javierfr/Robotics_Cyber_Physical_LAB/build/img_proc_pkg', 'catkin_cmake_args': None, 'catkin_skip_building_tests': False, 'cmake_args': None, 'cmake_clean_cache': False, 'cmake_clean_first': False, 'cmake_force_configure': False, 'cmake_target': None, 'cmake_target_skip_unavailable': False, 'install_base': '/home/javierfr/Robotics_Cyber_Physical_LAB/install/img_proc_pkg', 'merge_install': False, 'path': '/home/javierfr/Robotics_Cyber_Physical_LAB/src/img_proc_pkg', 'symlink_install': False, 'test_result_base': None}
[0.249s] Level 5:colcon.colcon_core.verb:set package 'interfaces' build argument 'cmake_args' from command line to 'None'
[0.249s] Level 5:colcon.colcon_core.verb:set package 'interfaces' build argument 'cmake_target' from command line to 'None'
[0.249s] Level 5:colcon.colcon_core.verb:set package 'interfaces' build argument 'cmake_target_skip_unavailable' from command line to 'False'
[0.249s] Level 5:colcon.colcon_core.verb:set package 'interfaces' build argument 'cmake_clean_cache' from command line to 'False'
[0.249s] Level 5:colcon.colcon_core.verb:set package 'interfaces' build argument 'cmake_clean_first' from command line to 'False'
[0.249s] Level 5:colcon.colcon_core.verb:set package 'interfaces' build argument 'cmake_force_configure' from command line to 'False'
[0.249s] Level 5:colcon.colcon_core.verb:set package 'interfaces' build argument 'ament_cmake_args' from command line to 'None'
[0.249s] Level 5:colcon.colcon_core.verb:set package 'interfaces' build argument 'catkin_cmake_args' from command line to 'None'
[0.249s] Level 5:colcon.colcon_core.verb:set package 'interfaces' build argument 'catkin_skip_building_tests' from command line to 'False'
[0.249s] DEBUG:colcon.colcon_core.verb:Building package 'interfaces' with the following arguments: {'ament_cmake_args': None, 'build_base': '/home/javierfr/Robotics_Cyber_Physical_LAB/build/interfaces', 'catkin_cmake_args': None, 'catkin_skip_building_tests': False, 'cmake_args': None, 'cmake_clean_cache': False, 'cmake_clean_first': False, 'cmake_force_configure': False, 'cmake_target': None, 'cmake_target_skip_unavailable': False, 'install_base': '/home/javierfr/Robotics_Cyber_Physical_LAB/install/interfaces', 'merge_install': False, 'path': '/home/javierfr/Robotics_Cyber_Physical_LAB/src/interfaces', 'symlink_install': False, 'test_result_base': None}
[0.250s] Level 5:colcon.colcon_core.verb:set package 'control_pkg' build argument 'cmake_args' from command line to 'None'
[0.250s] Level 5:colcon.colcon_core.verb:set package 'control_pkg' build argument 'cmake_target' from command line to 'None'
[0.250s] Level 5:colcon.colcon_core.verb:set package 'control_pkg' build argument 'cmake_target_skip_unavailable' from command line to 'False'
[0.250s] Level 5:colcon.colcon_core.verb:set package 'control_pkg' build argument 'cmake_clean_cache' from command line to 'False'
[0.250s] Level 5:colcon.colcon_core.verb:set package 'control_pkg' build argument 'cmake_clean_first' from command line to 'False'
[0.250s] Level 5:colcon.colcon_core.verb:set package 'control_pkg' build argument 'cmake_force_configure' from command line to 'False'
[0.250s] Level 5:colcon.colcon_core.verb:set package 'control_pkg' build argument 'ament_cmake_args' from command line to 'None'
[0.250s] Level 5:colcon.colcon_core.verb:set package 'control_pkg' build argument 'catkin_cmake_args' from command line to 'None'
[0.250s] Level 5:colcon.colcon_core.verb:set package 'control_pkg' build argument 'catkin_skip_building_tests' from command line to 'False'
[0.250s] DEBUG:colcon.colcon_core.verb:Building package 'control_pkg' with the following arguments: {'ament_cmake_args': None, 'build_base': '/home/javierfr/Robotics_Cyber_Physical_LAB/build/control_pkg', 'catkin_cmake_args': None, 'catkin_skip_building_tests': False, 'cmake_args': None, 'cmake_clean_cache': False, 'cmake_clean_first': False, 'cmake_force_configure': False, 'cmake_target': None, 'cmake_target_skip_unavailable': False, 'install_base': '/home/javierfr/Robotics_Cyber_Physical_LAB/install/control_pkg', 'merge_install': False, 'path': '/home/javierfr/Robotics_Cyber_Physical_LAB/src/control_pkg', 'symlink_install': False, 'test_result_base': None}
[0.251s] Level 5:colcon.colcon_core.verb:set package 'inv_kinematics_pkg' build argument 'cmake_args' from command line to 'None'
[0.251s] Level 5:colcon.colcon_core.verb:set package 'inv_kinematics_pkg' build argument 'cmake_target' from command line to 'None'
[0.251s] Level 5:colcon.colcon_core.verb:set package 'inv_kinematics_pkg' build argument 'cmake_target_skip_unavailable' from command line to 'False'
[0.251s] Level 5:colcon.colcon_core.verb:set package 'inv_kinematics_pkg' build argument 'cmake_clean_cache' from command line to 'False'
[0.251s] Level 5:colcon.colcon_core.verb:set package 'inv_kinematics_pkg' build argument 'cmake_clean_first' from command line to 'False'
[0.251s] Level 5:colcon.colcon_core.verb:set package 'inv_kinematics_pkg' build argument 'cmake_force_configure' from command line to 'False'
[0.251s] Level 5:colcon.colcon_core.verb:set package 'inv_kinematics_pkg' build argument 'ament_cmake_args' from command line to 'None'
[0.251s] Level 5:colcon.colcon_core.verb:set package 'inv_kinematics_pkg' build argument 'catkin_cmake_args' from command line to 'None'
[0.251s] Level 5:colcon.colcon_core.verb:set package 'inv_kinematics_pkg' build argument 'catkin_skip_building_tests' from command line to 'False'
[0.251s] DEBUG:colcon.colcon_core.verb:Building package 'inv_kinematics_pkg' with the following arguments: {'ament_cmake_args': None, 'build_base': '/home/javierfr/Robotics_Cyber_Physical_LAB/build/inv_kinematics_pkg', 'catkin_cmake_args': None, 'catkin_skip_building_tests': False, 'cmake_args': None, 'cmake_clean_cache': False, 'cmake_clean_first': False, 'cmake_force_configure': False, 'cmake_target': None, 'cmake_target_skip_unavailable': False, 'install_base': '/home/javierfr/Robotics_Cyber_Physical_LAB/install/inv_kinematics_pkg', 'merge_install': False, 'path': '/home/javierfr/Robotics_Cyber_Physical_LAB/src/inv_kinematics_pkg', 'symlink_install': False, 'test_result_base': None}
[0.252s] INFO:colcon.colcon_core.executor:Executing jobs using 'parallel' executor
[0.257s] DEBUG:colcon.colcon_parallel_executor.executor.parallel:run_until_complete
[0.257s] INFO:colcon.colcon_ros.task.ament_cmake.build:Building ROS package in '/home/javierfr/Robotics_Cyber_Physical_LAB/src/interfaces' with build type 'ament_cmake'
[0.257s] INFO:colcon.colcon_cmake.task.cmake.build:Building CMake package in '/home/javierfr/Robotics_Cyber_Physical_LAB/src/interfaces'
[0.262s] INFO:colcon.colcon_core.plugin_system:Skipping extension 'colcon_core.shell.bat': Not used on non-Windows systems
[0.262s] INFO:colcon.colcon_core.shell:Skip shell extension 'powershell' for command environment: Not usable outside of PowerShell
[0.262s] DEBUG:colcon.colcon_core.shell:Skip shell extension 'dsv' for command environment
[0.267s] INFO:colcon.colcon_ros.task.ament_cmake.build:Building ROS package in '/home/javierfr/Robotics_Cyber_Physical_LAB/src/gazebo_plugin_sim' with build type 'ament_cmake'
[0.267s] INFO:colcon.colcon_cmake.task.cmake.build:Building CMake package in '/home/javierfr/Robotics_Cyber_Physical_LAB/src/gazebo_plugin_sim'
[0.270s] INFO:colcon.colcon_core.shell:Skip shell extension 'powershell' for command environment: Not usable outside of PowerShell
[0.270s] DEBUG:colcon.colcon_core.shell:Skip shell extension 'dsv' for command environment
[0.276s] INFO:colcon.colcon_ros.task.ament_cmake.build:Building ROS package in '/home/javierfr/Robotics_Cyber_Physical_LAB/src/img_proc_pkg' with build type 'ament_cmake'
[0.276s] INFO:colcon.colcon_cmake.task.cmake.build:Building CMake package in '/home/javierfr/Robotics_Cyber_Physical_LAB/src/img_proc_pkg'
[0.278s] INFO:colcon.colcon_core.shell:Skip shell extension 'powershell' for command environment: Not usable outside of PowerShell
[0.278s] DEBUG:colcon.colcon_core.shell:Skip shell extension 'dsv' for command environment
[0.289s] DEBUG:colcon.colcon_core.event_handler.log_command:Invoking command in '/home/javierfr/Robotics_Cyber_Physical_LAB/build/interfaces': CMAKE_PREFIX_PATH=/home/javierfr/Robotics_Cyber_Physical_LAB/install/interfaces:/opt/ros/foxy /usr/bin/cmake --build /home/javierfr/Robotics_Cyber_Physical_LAB/build/interfaces -- -j12 -l12
[0.295s] DEBUG:colcon.colcon_core.event_handler.log_command:Invoking command in '/home/javierfr/Robotics_Cyber_Physical_LAB/build/gazebo_plugin_sim': CMAKE_PREFIX_PATH=/home/javierfr/Robotics_Cyber_Physical_LAB/install/interfaces:/opt/ros/foxy /usr/bin/cmake /home/javierfr/Robotics_Cyber_Physical_LAB/src/gazebo_plugin_sim -DCMAKE_INSTALL_PREFIX=/home/javierfr/Robotics_Cyber_Physical_LAB/install/gazebo_plugin_sim
[0.300s] DEBUG:colcon.colcon_core.event_handler.log_command:Invoking command in '/home/javierfr/Robotics_Cyber_Physical_LAB/build/img_proc_pkg': CMAKE_PREFIX_PATH=/home/javierfr/Robotics_Cyber_Physical_LAB/install/interfaces:/opt/ros/foxy /usr/bin/cmake /home/javierfr/Robotics_Cyber_Physical_LAB/src/img_proc_pkg -DCMAKE_INSTALL_PREFIX=/home/javierfr/Robotics_Cyber_Physical_LAB/install/img_proc_pkg
[0.544s] DEBUG:colcon.colcon_core.event_handler.log_command:Invoked command in '/home/javierfr/Robotics_Cyber_Physical_LAB/build/interfaces' returned '0': CMAKE_PREFIX_PATH=/home/javierfr/Robotics_Cyber_Physical_LAB/install/interfaces:/opt/ros/foxy /usr/bin/cmake --build /home/javierfr/Robotics_Cyber_Physical_LAB/build/interfaces -- -j12 -l12
[0.980s] DEBUG:colcon.colcon_core.event_handler.log_command:Invoking command in '/home/javierfr/Robotics_Cyber_Physical_LAB/build/interfaces': CMAKE_PREFIX_PATH=/home/javierfr/Robotics_Cyber_Physical_LAB/install/interfaces:/opt/ros/foxy /usr/bin/cmake --install /home/javierfr/Robotics_Cyber_Physical_LAB/build/interfaces
[1.037s] Level 1:colcon.colcon_core.environment:create_environment_scripts_only(interfaces)
[1.038s] DEBUG:colcon.colcon_core.event_handler.log_command:Invoked command in '/home/javierfr/Robotics_Cyber_Physical_LAB/build/interfaces' returned '0': CMAKE_PREFIX_PATH=/home/javierfr/Robotics_Cyber_Physical_LAB/install/interfaces:/opt/ros/foxy /usr/bin/cmake --install /home/javierfr/Robotics_Cyber_Physical_LAB/build/interfaces
[1.045s] Level 1:colcon.colcon_core.environment:checking '/home/javierfr/Robotics_Cyber_Physical_LAB/install/interfaces' for CMake module files
[1.046s] Level 1:colcon.colcon_core.environment:checking '/home/javierfr/Robotics_Cyber_Physical_LAB/install/interfaces' for CMake config files
[1.046s] Level 1:colcon.colcon_core.shell:create_environment_hook('interfaces', 'cmake_prefix_path')
[1.049s] INFO:colcon.colcon_core.shell:Creating environment hook '/home/javierfr/Robotics_Cyber_Physical_LAB/install/interfaces/share/interfaces/hook/cmake_prefix_path.ps1'
[1.049s] INFO:colcon.colcon_core.shell:Creating environment descriptor '/home/javierfr/Robotics_Cyber_Physical_LAB/install/interfaces/share/interfaces/hook/cmake_prefix_path.dsv'
[1.050s] INFO:colcon.colcon_core.shell:Creating environment hook '/home/javierfr/Robotics_Cyber_Physical_LAB/install/interfaces/share/interfaces/hook/cmake_prefix_path.sh'
[1.051s] Level 1:colcon.colcon_core.environment:checking '/home/javierfr/Robotics_Cyber_Physical_LAB/install/interfaces/lib'
[1.051s] Level 1:colcon.colcon_core.shell:create_environment_hook('interfaces', 'ld_library_path_lib')
[1.054s] INFO:colcon.colcon_core.shell:Creating environment hook '/home/javierfr/Robotics_Cyber_Physical_LAB/install/interfaces/share/interfaces/hook/ld_library_path_lib.ps1'
[1.055s] INFO:colcon.colcon_core.shell:Creating environment descriptor '/home/javierfr/Robotics_Cyber_Physical_LAB/install/interfaces/share/interfaces/hook/ld_library_path_lib.dsv'
[1.055s] INFO:colcon.colcon_core.shell:Creating environment hook '/home/javierfr/Robotics_Cyber_Physical_LAB/install/interfaces/share/interfaces/hook/ld_library_path_lib.sh'
[1.055s] Level 1:colcon.colcon_core.environment:checking '/home/javierfr/Robotics_Cyber_Physical_LAB/install/interfaces/bin'
[1.055s] Level 1:colcon.colcon_core.environment:checking '/home/javierfr/Robotics_Cyber_Physical_LAB/install/interfaces/lib/pkgconfig/interfaces.pc'
[1.056s] Level 1:colcon.colcon_core.environment:checking '/home/javierfr/Robotics_Cyber_Physical_LAB/install/interfaces/lib/python3.8/site-packages'
[1.056s] Level 1:colcon.colcon_core.shell:create_environment_hook('interfaces', 'pythonpath')
[1.059s] INFO:colcon.colcon_core.shell:Creating environment hook '/home/javierfr/Robotics_Cyber_Physical_LAB/install/interfaces/share/interfaces/hook/pythonpath.ps1'
[1.060s] INFO:colcon.colcon_core.shell:Creating environment descriptor '/home/javierfr/Robotics_Cyber_Physical_LAB/install/interfaces/share/interfaces/hook/pythonpath.dsv'
[1.060s] INFO:colcon.colcon_core.shell:Creating environment hook '/home/javierfr/Robotics_Cyber_Physical_LAB/install/interfaces/share/interfaces/hook/pythonpath.sh'
[1.060s] Level 1:colcon.colcon_core.environment:checking '/home/javierfr/Robotics_Cyber_Physical_LAB/install/interfaces/bin'
[1.064s] INFO:colcon.colcon_core.shell:Creating package script '/home/javierfr/Robotics_Cyber_Physical_LAB/install/interfaces/share/interfaces/package.ps1'
[1.065s] INFO:colcon.colcon_core.shell:Creating package descriptor '/home/javierfr/Robotics_Cyber_Physical_LAB/install/interfaces/share/interfaces/package.dsv'
[1.066s] INFO:colcon.colcon_core.shell:Creating package script '/home/javierfr/Robotics_Cyber_Physical_LAB/install/interfaces/share/interfaces/package.sh'
[1.066s] INFO:colcon.colcon_core.shell:Creating package script '/home/javierfr/Robotics_Cyber_Physical_LAB/install/interfaces/share/interfaces/package.bash'
[1.067s] INFO:colcon.colcon_core.shell:Creating package script '/home/javierfr/Robotics_Cyber_Physical_LAB/install/interfaces/share/interfaces/package.zsh'
[1.068s] Level 1:colcon.colcon_core.environment:create_file_with_runtime_dependencies(/home/javierfr/Robotics_Cyber_Physical_LAB/install/interfaces/share/colcon-core/packages/interfaces)
[1.203s] DEBUG:colcon.colcon_core.event_handler.log_command:Invoked command in '/home/javierfr/Robotics_Cyber_Physical_LAB/build/img_proc_pkg' returned '0': CMAKE_PREFIX_PATH=/home/javierfr/Robotics_Cyber_Physical_LAB/install/interfaces:/opt/ros/foxy /usr/bin/cmake /home/javierfr/Robotics_Cyber_Physical_LAB/src/img_proc_pkg -DCMAKE_INSTALL_PREFIX=/home/javierfr/Robotics_Cyber_Physical_LAB/install/img_proc_pkg
[1.203s] DEBUG:colcon.colcon_core.event_handler.log_command:Invoking command in '/home/javierfr/Robotics_Cyber_Physical_LAB/build/img_proc_pkg': CMAKE_PREFIX_PATH=/home/javierfr/Robotics_Cyber_Physical_LAB/install/interfaces:/opt/ros/foxy /usr/bin/cmake --build /home/javierfr/Robotics_Cyber_Physical_LAB/build/img_proc_pkg -- -j12 -l12
[1.505s] Level 1:colcon.colcon_core.environment:create_environment_scripts_only(interfaces)
[1.508s] Level 1:colcon.colcon_core.environment:checking '/home/javierfr/Robotics_Cyber_Physical_LAB/install/interfaces' for CMake module files
[1.508s] Level 1:colcon.colcon_core.environment:checking '/home/javierfr/Robotics_Cyber_Physical_LAB/install/interfaces' for CMake config files
[1.508s] Level 1:colcon.colcon_core.shell:create_environment_hook('interfaces', 'cmake_prefix_path')
[1.510s] INFO:colcon.colcon_core.shell:Creating environment hook '/home/javierfr/Robotics_Cyber_Physical_LAB/install/interfaces/share/interfaces/hook/cmake_prefix_path.ps1'
[1.510s] INFO:colcon.colcon_core.shell:Creating environment descriptor '/home/javierfr/Robotics_Cyber_Physical_LAB/install/interfaces/share/interfaces/hook/cmake_prefix_path.dsv'
[1.511s] INFO:colcon.colcon_core.shell:Creating environment hook '/home/javierfr/Robotics_Cyber_Physical_LAB/install/interfaces/share/interfaces/hook/cmake_prefix_path.sh'
[1.511s] Level 1:colcon.colcon_core.environment:checking '/home/javierfr/Robotics_Cyber_Physical_LAB/install/interfaces/lib'
[1.511s] Level 1:colcon.colcon_core.shell:create_environment_hook('interfaces', 'ld_library_path_lib')
[1.513s] INFO:colcon.colcon_core.shell:Creating environment hook '/home/javierfr/Robotics_Cyber_Physical_LAB/install/interfaces/share/interfaces/hook/ld_library_path_lib.ps1'
[1.513s] INFO:colcon.colcon_core.shell:Creating environment descriptor '/home/javierfr/Robotics_Cyber_Physical_LAB/install/interfaces/share/interfaces/hook/ld_library_path_lib.dsv'
[1.513s] INFO:colcon.colcon_core.shell:Creating environment hook '/home/javierfr/Robotics_Cyber_Physical_LAB/install/interfaces/share/interfaces/hook/ld_library_path_lib.sh'
[1.514s] Level 1:colcon.colcon_core.environment:checking '/home/javierfr/Robotics_Cyber_Physical_LAB/install/interfaces/bin'
[1.514s] Level 1:colcon.colcon_core.environment:checking '/home/javierfr/Robotics_Cyber_Physical_LAB/install/interfaces/lib/pkgconfig/interfaces.pc'
[1.514s] Level 1:colcon.colcon_core.environment:checking '/home/javierfr/Robotics_Cyber_Physical_LAB/install/interfaces/lib/python3.8/site-packages'
[1.514s] Level 1:colcon.colcon_core.shell:create_environment_hook('interfaces', 'pythonpath')
[1.516s] INFO:colcon.colcon_core.shell:Creating environment hook '/home/javierfr/Robotics_Cyber_Physical_LAB/install/interfaces/share/interfaces/hook/pythonpath.ps1'
[1.516s] INFO:colcon.colcon_core.shell:Creating environment descriptor '/home/javierfr/Robotics_Cyber_Physical_LAB/install/interfaces/share/interfaces/hook/pythonpath.dsv'
[1.517s] INFO:colcon.colcon_core.shell:Creating environment hook '/home/javierfr/Robotics_Cyber_Physical_LAB/install/interfaces/share/interfaces/hook/pythonpath.sh'
[1.517s] Level 1:colcon.colcon_core.environment:checking '/home/javierfr/Robotics_Cyber_Physical_LAB/install/interfaces/bin'
[1.519s] INFO:colcon.colcon_core.shell:Creating package script '/home/javierfr/Robotics_Cyber_Physical_LAB/install/interfaces/share/interfaces/package.ps1'
[1.519s] INFO:colcon.colcon_core.shell:Creating package descriptor '/home/javierfr/Robotics_Cyber_Physical_LAB/install/interfaces/share/interfaces/package.dsv'
[1.520s] INFO:colcon.colcon_core.shell:Creating package script '/home/javierfr/Robotics_Cyber_Physical_LAB/install/interfaces/share/interfaces/package.sh'
[1.520s] INFO:colcon.colcon_core.shell:Creating package script '/home/javierfr/Robotics_Cyber_Physical_LAB/install/interfaces/share/interfaces/package.bash'
[1.520s] INFO:colcon.colcon_core.shell:Creating package script '/home/javierfr/Robotics_Cyber_Physical_LAB/install/interfaces/share/interfaces/package.zsh'
[1.521s] Level 1:colcon.colcon_core.environment:create_file_with_runtime_dependencies(/home/javierfr/Robotics_Cyber_Physical_LAB/install/interfaces/share/colcon-core/packages/interfaces)
[1.521s] INFO:colcon.colcon_ros.task.ament_cmake.build:Building ROS package in '/home/javierfr/Robotics_Cyber_Physical_LAB/src/control_pkg' with build type 'ament_cmake'
[1.521s] INFO:colcon.colcon_cmake.task.cmake.build:Building CMake package in '/home/javierfr/Robotics_Cyber_Physical_LAB/src/control_pkg'
[1.523s] INFO:colcon.colcon_core.shell:Skip shell extension 'powershell' for command environment: Not usable outside of PowerShell
[1.523s] DEBUG:colcon.colcon_core.shell:Skip shell extension 'dsv' for command environment
[1.529s] INFO:colcon.colcon_ros.task.ament_cmake.build:Building ROS package in '/home/javierfr/Robotics_Cyber_Physical_LAB/src/inv_kinematics_pkg' with build type 'ament_cmake'
[1.529s] INFO:colcon.colcon_cmake.task.cmake.build:Building CMake package in '/home/javierfr/Robotics_Cyber_Physical_LAB/src/inv_kinematics_pkg'
[1.531s] INFO:colcon.colcon_core.shell:Skip shell extension 'powershell' for command environment: Not usable outside of PowerShell
[1.531s] DEBUG:colcon.colcon_core.shell:Skip shell extension 'dsv' for command environment
[1.542s] DEBUG:colcon.colcon_core.event_handler.log_command:Invoking command in '/home/javierfr/Robotics_Cyber_Physical_LAB/build/control_pkg': CMAKE_PREFIX_PATH=/home/javierfr/Robotics_Cyber_Physical_LAB/install/interfaces:/opt/ros/foxy /usr/bin/cmake /home/javierfr/Robotics_Cyber_Physical_LAB/src/control_pkg -DCMAKE_INSTALL_PREFIX=/home/javierfr/Robotics_Cyber_Physical_LAB/install/control_pkg
[1.547s] DEBUG:colcon.colcon_core.event_handler.log_command:Invoking command in '/home/javierfr/Robotics_Cyber_Physical_LAB/build/inv_kinematics_pkg': CMAKE_PREFIX_PATH=/home/javierfr/Robotics_Cyber_Physical_LAB/install/interfaces:/opt/ros/foxy /usr/bin/cmake /home/javierfr/Robotics_Cyber_Physical_LAB/src/inv_kinematics_pkg -DCMAKE_INSTALL_PREFIX=/home/javierfr/Robotics_Cyber_Physical_LAB/install/inv_kinematics_pkg
[3.148s] DEBUG:colcon.colcon_core.event_handler.log_command:Invoked command in '/home/javierfr/Robotics_Cyber_Physical_LAB/build/inv_kinematics_pkg' returned '0': CMAKE_PREFIX_PATH=/home/javierfr/Robotics_Cyber_Physical_LAB/install/interfaces:/opt/ros/foxy /usr/bin/cmake /home/javierfr/Robotics_Cyber_Physical_LAB/src/inv_kinematics_pkg -DCMAKE_INSTALL_PREFIX=/home/javierfr/Robotics_Cyber_Physical_LAB/install/inv_kinematics_pkg
[3.150s] DEBUG:colcon.colcon_core.event_handler.log_command:Invoking command in '/home/javierfr/Robotics_Cyber_Physical_LAB/build/inv_kinematics_pkg': CMAKE_PREFIX_PATH=/home/javierfr/Robotics_Cyber_Physical_LAB/install/interfaces:/opt/ros/foxy /usr/bin/cmake --build /home/javierfr/Robotics_Cyber_Physical_LAB/build/inv_kinematics_pkg -- -j12 -l12
[3.610s] DEBUG:colcon.colcon_core.event_handler.log_command:Invoked command in '/home/javierfr/Robotics_Cyber_Physical_LAB/build/control_pkg' returned '0': CMAKE_PREFIX_PATH=/home/javierfr/Robotics_Cyber_Physical_LAB/install/interfaces:/opt/ros/foxy /usr/bin/cmake /home/javierfr/Robotics_Cyber_Physical_LAB/src/control_pkg -DCMAKE_INSTALL_PREFIX=/home/javierfr/Robotics_Cyber_Physical_LAB/install/control_pkg
[3.612s] DEBUG:colcon.colcon_core.event_handler.log_command:Invoking command in '/home/javierfr/Robotics_Cyber_Physical_LAB/build/control_pkg': CMAKE_PREFIX_PATH=/home/javierfr/Robotics_Cyber_Physical_LAB/install/interfaces:/opt/ros/foxy /usr/bin/cmake --build /home/javierfr/Robotics_Cyber_Physical_LAB/build/control_pkg -- -j12 -l12
[8.448s] DEBUG:colcon.colcon_core.event_handler.log_command:Invoked command in '/home/javierfr/Robotics_Cyber_Physical_LAB/build/gazebo_plugin_sim' returned '0': CMAKE_PREFIX_PATH=/home/javierfr/Robotics_Cyber_Physical_LAB/install/interfaces:/opt/ros/foxy /usr/bin/cmake /home/javierfr/Robotics_Cyber_Physical_LAB/src/gazebo_plugin_sim -DCMAKE_INSTALL_PREFIX=/home/javierfr/Robotics_Cyber_Physical_LAB/install/gazebo_plugin_sim
[8.451s] DEBUG:colcon.colcon_core.event_handler.log_command:Invoking command in '/home/javierfr/Robotics_Cyber_Physical_LAB/build/gazebo_plugin_sim': CMAKE_PREFIX_PATH=/home/javierfr/Robotics_Cyber_Physical_LAB/install/interfaces:/opt/ros/foxy /usr/bin/cmake --build /home/javierfr/Robotics_Cyber_Physical_LAB/build/gazebo_plugin_sim -- -j12 -l12
[16.955s] DEBUG:colcon.colcon_core.event_handler.log_command:Invoked command in '/home/javierfr/Robotics_Cyber_Physical_LAB/build/inv_kinematics_pkg' returned '0': CMAKE_PREFIX_PATH=/home/javierfr/Robotics_Cyber_Physical_LAB/install/interfaces:/opt/ros/foxy /usr/bin/cmake --build /home/javierfr/Robotics_Cyber_Physical_LAB/build/inv_kinematics_pkg -- -j12 -l12
[17.067s] DEBUG:colcon.colcon_core.event_handler.log_command:Invoking command in '/home/javierfr/Robotics_Cyber_Physical_LAB/build/inv_kinematics_pkg': CMAKE_PREFIX_PATH=/home/javierfr/Robotics_Cyber_Physical_LAB/install/interfaces:/opt/ros/foxy /usr/bin/cmake --install /home/javierfr/Robotics_Cyber_Physical_LAB/build/inv_kinematics_pkg
[17.090s] Level 1:colcon.colcon_core.environment:create_environment_scripts_only(inv_kinematics_pkg)
[17.096s] Level 1:colcon.colcon_core.environment:checking '/home/javierfr/Robotics_Cyber_Physical_LAB/install/inv_kinematics_pkg' for CMake module files
[17.097s] DEBUG:colcon.colcon_core.event_handler.log_command:Invoked command in '/home/javierfr/Robotics_Cyber_Physical_LAB/build/inv_kinematics_pkg' returned '0': CMAKE_PREFIX_PATH=/home/javierfr/Robotics_Cyber_Physical_LAB/install/interfaces:/opt/ros/foxy /usr/bin/cmake --install /home/javierfr/Robotics_Cyber_Physical_LAB/build/inv_kinematics_pkg
[17.097s] Level 1:colcon.colcon_core.environment:checking '/home/javierfr/Robotics_Cyber_Physical_LAB/install/inv_kinematics_pkg' for CMake config files
[17.097s] Level 1:colcon.colcon_core.shell:create_environment_hook('inv_kinematics_pkg', 'cmake_prefix_path')
[17.101s] INFO:colcon.colcon_core.shell:Creating environment hook '/home/javierfr/Robotics_Cyber_Physical_LAB/install/inv_kinematics_pkg/share/inv_kinematics_pkg/hook/cmake_prefix_path.ps1'
[17.102s] INFO:colcon.colcon_core.shell:Creating environment descriptor '/home/javierfr/Robotics_Cyber_Physical_LAB/install/inv_kinematics_pkg/share/inv_kinematics_pkg/hook/cmake_prefix_path.dsv'
[17.102s] INFO:colcon.colcon_core.shell:Creating environment hook '/home/javierfr/Robotics_Cyber_Physical_LAB/install/inv_kinematics_pkg/share/inv_kinematics_pkg/hook/cmake_prefix_path.sh'
[17.103s] Level 1:colcon.colcon_core.environment:checking '/home/javierfr/Robotics_Cyber_Physical_LAB/install/inv_kinematics_pkg/lib'
[17.103s] Level 1:colcon.colcon_core.environment:checking '/home/javierfr/Robotics_Cyber_Physical_LAB/install/inv_kinematics_pkg/bin'
[17.103s] Level 1:colcon.colcon_core.environment:checking '/home/javierfr/Robotics_Cyber_Physical_LAB/install/inv_kinematics_pkg/lib/pkgconfig/inv_kinematics_pkg.pc'
[17.103s] Level 1:colcon.colcon_core.environment:checking '/home/javierfr/Robotics_Cyber_Physical_LAB/install/inv_kinematics_pkg/lib/python3.8/site-packages'
[17.104s] Level 1:colcon.colcon_core.environment:checking '/home/javierfr/Robotics_Cyber_Physical_LAB/install/inv_kinematics_pkg/bin'
[17.107s] INFO:colcon.colcon_core.shell:Creating package script '/home/javierfr/Robotics_Cyber_Physical_LAB/install/inv_kinematics_pkg/share/inv_kinematics_pkg/package.ps1'
[17.108s] INFO:colcon.colcon_core.shell:Creating package descriptor '/home/javierfr/Robotics_Cyber_Physical_LAB/install/inv_kinematics_pkg/share/inv_kinematics_pkg/package.dsv'
[17.108s] INFO:colcon.colcon_core.shell:Creating package script '/home/javierfr/Robotics_Cyber_Physical_LAB/install/inv_kinematics_pkg/share/inv_kinematics_pkg/package.sh'
[17.108s] INFO:colcon.colcon_core.shell:Creating package script '/home/javierfr/Robotics_Cyber_Physical_LAB/install/inv_kinematics_pkg/share/inv_kinematics_pkg/package.bash'
[17.109s] INFO:colcon.colcon_core.shell:Creating package script '/home/javierfr/Robotics_Cyber_Physical_LAB/install/inv_kinematics_pkg/share/inv_kinematics_pkg/package.zsh'
[17.109s] Level 1:colcon.colcon_core.environment:create_file_with_runtime_dependencies(/home/javierfr/Robotics_Cyber_Physical_LAB/install/inv_kinematics_pkg/share/colcon-core/packages/inv_kinematics_pkg)
[17.197s] Level 1:colcon.colcon_core.environment:create_environment_scripts_only(inv_kinematics_pkg)
[17.200s] Level 1:colcon.colcon_core.environment:checking '/home/javierfr/Robotics_Cyber_Physical_LAB/install/inv_kinematics_pkg' for CMake module files
[17.200s] Level 1:colcon.colcon_core.environment:checking '/home/javierfr/Robotics_Cyber_Physical_LAB/install/inv_kinematics_pkg' for CMake config files
[17.200s] Level 1:colcon.colcon_core.shell:create_environment_hook('inv_kinematics_pkg', 'cmake_prefix_path')
[17.202s] INFO:colcon.colcon_core.shell:Creating environment hook '/home/javierfr/Robotics_Cyber_Physical_LAB/install/inv_kinematics_pkg/share/inv_kinematics_pkg/hook/cmake_prefix_path.ps1'
[17.202s] INFO:colcon.colcon_core.shell:Creating environment descriptor '/home/javierfr/Robotics_Cyber_Physical_LAB/install/inv_kinematics_pkg/share/inv_kinematics_pkg/hook/cmake_prefix_path.dsv'
[17.203s] INFO:colcon.colcon_core.shell:Creating environment hook '/home/javierfr/Robotics_Cyber_Physical_LAB/install/inv_kinematics_pkg/share/inv_kinematics_pkg/hook/cmake_prefix_path.sh'
[17.203s] Level 1:colcon.colcon_core.environment:checking '/home/javierfr/Robotics_Cyber_Physical_LAB/install/inv_kinematics_pkg/lib'
[17.203s] Level 1:colcon.colcon_core.environment:checking '/home/javierfr/Robotics_Cyber_Physical_LAB/install/inv_kinematics_pkg/bin'
[17.203s] Level 1:colcon.colcon_core.environment:checking '/home/javierfr/Robotics_Cyber_Physical_LAB/install/inv_kinematics_pkg/lib/pkgconfig/inv_kinematics_pkg.pc'
[17.204s] Level 1:colcon.colcon_core.environment:checking '/home/javierfr/Robotics_Cyber_Physical_LAB/install/inv_kinematics_pkg/lib/python3.8/site-packages'
[17.204s] Level 1:colcon.colcon_core.environment:checking '/home/javierfr/Robotics_Cyber_Physical_LAB/install/inv_kinematics_pkg/bin'
[17.207s] INFO:colcon.colcon_core.shell:Creating package script '/home/javierfr/Robotics_Cyber_Physical_LAB/install/inv_kinematics_pkg/share/inv_kinematics_pkg/package.ps1'
[17.208s] INFO:colcon.colcon_core.shell:Creating package descriptor '/home/javierfr/Robotics_Cyber_Physical_LAB/install/inv_kinematics_pkg/share/inv_kinematics_pkg/package.dsv'
[17.208s] INFO:colcon.colcon_core.shell:Creating package script '/home/javierfr/Robotics_Cyber_Physical_LAB/install/inv_kinematics_pkg/share/inv_kinematics_pkg/package.sh'
[17.209s] INFO:colcon.colcon_core.shell:Creating package script '/home/javierfr/Robotics_Cyber_Physical_LAB/install/inv_kinematics_pkg/share/inv_kinematics_pkg/package.bash'
[17.209s] INFO:colcon.colcon_core.shell:Creating package script '/home/javierfr/Robotics_Cyber_Physical_LAB/install/inv_kinematics_pkg/share/inv_kinematics_pkg/package.zsh'
[17.210s] Level 1:colcon.colcon_core.environment:create_file_with_runtime_dependencies(/home/javierfr/Robotics_Cyber_Physical_LAB/install/inv_kinematics_pkg/share/colcon-core/packages/inv_kinematics_pkg)
[23.831s] DEBUG:colcon.colcon_core.event_handler.log_command:Invoked command in '/home/javierfr/Robotics_Cyber_Physical_LAB/build/img_proc_pkg' returned '0': CMAKE_PREFIX_PATH=/home/javierfr/Robotics_Cyber_Physical_LAB/install/interfaces:/opt/ros/foxy /usr/bin/cmake --build /home/javierfr/Robotics_Cyber_Physical_LAB/build/img_proc_pkg -- -j12 -l12
[23.893s] DEBUG:colcon.colcon_core.event_handler.log_command:Invoking command in '/home/javierfr/Robotics_Cyber_Physical_LAB/build/img_proc_pkg': CMAKE_PREFIX_PATH=/home/javierfr/Robotics_Cyber_Physical_LAB/install/interfaces:/opt/ros/foxy /usr/bin/cmake --install /home/javierfr/Robotics_Cyber_Physical_LAB/build/img_proc_pkg
[23.910s] Level 1:colcon.colcon_core.environment:create_environment_scripts_only(img_proc_pkg)
[23.914s] Level 1:colcon.colcon_core.environment:checking '/home/javierfr/Robotics_Cyber_Physical_LAB/install/img_proc_pkg' for CMake module files
[23.915s] DEBUG:colcon.colcon_core.event_handler.log_command:Invoked command in '/home/javierfr/Robotics_Cyber_Physical_LAB/build/img_proc_pkg' returned '0': CMAKE_PREFIX_PATH=/home/javierfr/Robotics_Cyber_Physical_LAB/install/interfaces:/opt/ros/foxy /usr/bin/cmake --install /home/javierfr/Robotics_Cyber_Physical_LAB/build/img_proc_pkg
[23.915s] Level 1:colcon.colcon_core.environment:checking '/home/javierfr/Robotics_Cyber_Physical_LAB/install/img_proc_pkg' for CMake config files
[23.915s] Level 1:colcon.colcon_core.shell:create_environment_hook('img_proc_pkg', 'cmake_prefix_path')
[23.918s] INFO:colcon.colcon_core.shell:Creating environment hook '/home/javierfr/Robotics_Cyber_Physical_LAB/install/img_proc_pkg/share/img_proc_pkg/hook/cmake_prefix_path.ps1'
[23.919s] INFO:colcon.colcon_core.shell:Creating environment descriptor '/home/javierfr/Robotics_Cyber_Physical_LAB/install/img_proc_pkg/share/img_proc_pkg/hook/cmake_prefix_path.dsv'
[23.919s] INFO:colcon.colcon_core.shell:Creating environment hook '/home/javierfr/Robotics_Cyber_Physical_LAB/install/img_proc_pkg/share/img_proc_pkg/hook/cmake_prefix_path.sh'
[23.920s] Level 1:colcon.colcon_core.environment:checking '/home/javierfr/Robotics_Cyber_Physical_LAB/install/img_proc_pkg/lib'
[23.920s] Level 1:colcon.colcon_core.environment:checking '/home/javierfr/Robotics_Cyber_Physical_LAB/install/img_proc_pkg/bin'
[23.920s] Level 1:colcon.colcon_core.environment:checking '/home/javierfr/Robotics_Cyber_Physical_LAB/install/img_proc_pkg/lib/pkgconfig/img_proc_pkg.pc'
[23.920s] Level 1:colcon.colcon_core.environment:checking '/home/javierfr/Robotics_Cyber_Physical_LAB/install/img_proc_pkg/lib/python3.8/site-packages'
[23.921s] Level 1:colcon.colcon_core.environment:checking '/home/javierfr/Robotics_Cyber_Physical_LAB/install/img_proc_pkg/bin'
[23.924s] INFO:colcon.colcon_core.shell:Creating package script '/home/javierfr/Robotics_Cyber_Physical_LAB/install/img_proc_pkg/share/img_proc_pkg/package.ps1'
[23.924s] INFO:colcon.colcon_core.shell:Creating package descriptor '/home/javierfr/Robotics_Cyber_Physical_LAB/install/img_proc_pkg/share/img_proc_pkg/package.dsv'
[23.925s] INFO:colcon.colcon_core.shell:Creating package script '/home/javierfr/Robotics_Cyber_Physical_LAB/install/img_proc_pkg/share/img_proc_pkg/package.sh'
[23.925s] INFO:colcon.colcon_core.shell:Creating package script '/home/javierfr/Robotics_Cyber_Physical_LAB/install/img_proc_pkg/share/img_proc_pkg/package.bash'
[23.925s] INFO:colcon.colcon_core.shell:Creating package script '/home/javierfr/Robotics_Cyber_Physical_LAB/install/img_proc_pkg/share/img_proc_pkg/package.zsh'
[23.926s] Level 1:colcon.colcon_core.environment:create_file_with_runtime_dependencies(/home/javierfr/Robotics_Cyber_Physical_LAB/install/img_proc_pkg/share/colcon-core/packages/img_proc_pkg)
[23.991s] Level 1:colcon.colcon_core.environment:create_environment_scripts_only(img_proc_pkg)
[23.996s] Level 1:colcon.colcon_core.environment:checking '/home/javierfr/Robotics_Cyber_Physical_LAB/install/img_proc_pkg' for CMake module files
[23.996s] Level 1:colcon.colcon_core.environment:checking '/home/javierfr/Robotics_Cyber_Physical_LAB/install/img_proc_pkg' for CMake config files
[23.996s] Level 1:colcon.colcon_core.shell:create_environment_hook('img_proc_pkg', 'cmake_prefix_path')
[23.999s] INFO:colcon.colcon_core.shell:Creating environment hook '/home/javierfr/Robotics_Cyber_Physical_LAB/install/img_proc_pkg/share/img_proc_pkg/hook/cmake_prefix_path.ps1'
[24.000s] INFO:colcon.colcon_core.shell:Creating environment descriptor '/home/javierfr/Robotics_Cyber_Physical_LAB/install/img_proc_pkg/share/img_proc_pkg/hook/cmake_prefix_path.dsv'
[24.000s] INFO:colcon.colcon_core.shell:Creating environment hook '/home/javierfr/Robotics_Cyber_Physical_LAB/install/img_proc_pkg/share/img_proc_pkg/hook/cmake_prefix_path.sh'
[24.001s] Level 1:colcon.colcon_core.environment:checking '/home/javierfr/Robotics_Cyber_Physical_LAB/install/img_proc_pkg/lib'
[24.001s] Level 1:colcon.colcon_core.environment:checking '/home/javierfr/Robotics_Cyber_Physical_LAB/install/img_proc_pkg/bin'
[24.001s] Level 1:colcon.colcon_core.environment:checking '/home/javierfr/Robotics_Cyber_Physical_LAB/install/img_proc_pkg/lib/pkgconfig/img_proc_pkg.pc'
[24.001s] Level 1:colcon.colcon_core.environment:checking '/home/javierfr/Robotics_Cyber_Physical_LAB/install/img_proc_pkg/lib/python3.8/site-packages'
[24.001s] Level 1:colcon.colcon_core.environment:checking '/home/javierfr/Robotics_Cyber_Physical_LAB/install/img_proc_pkg/bin'
[24.004s] INFO:colcon.colcon_core.shell:Creating package script '/home/javierfr/Robotics_Cyber_Physical_LAB/install/img_proc_pkg/share/img_proc_pkg/package.ps1'
[24.005s] INFO:colcon.colcon_core.shell:Creating package descriptor '/home/javierfr/Robotics_Cyber_Physical_LAB/install/img_proc_pkg/share/img_proc_pkg/package.dsv'
[24.006s] INFO:colcon.colcon_core.shell:Creating package script '/home/javierfr/Robotics_Cyber_Physical_LAB/install/img_proc_pkg/share/img_proc_pkg/package.sh'
[24.006s] INFO:colcon.colcon_core.shell:Creating package script '/home/javierfr/Robotics_Cyber_Physical_LAB/install/img_proc_pkg/share/img_proc_pkg/package.bash'
[24.006s] INFO:colcon.colcon_core.shell:Creating package script '/home/javierfr/Robotics_Cyber_Physical_LAB/install/img_proc_pkg/share/img_proc_pkg/package.zsh'
[24.007s] Level 1:colcon.colcon_core.environment:create_file_with_runtime_dependencies(/home/javierfr/Robotics_Cyber_Physical_LAB/install/img_proc_pkg/share/colcon-core/packages/img_proc_pkg)
[24.850s] DEBUG:colcon.colcon_core.event_handler.log_command:Invoked command in '/home/javierfr/Robotics_Cyber_Physical_LAB/build/control_pkg' returned '0': CMAKE_PREFIX_PATH=/home/javierfr/Robotics_Cyber_Physical_LAB/install/interfaces:/opt/ros/foxy /usr/bin/cmake --build /home/javierfr/Robotics_Cyber_Physical_LAB/build/control_pkg -- -j12 -l12
[24.915s] DEBUG:colcon.colcon_core.event_handler.log_command:Invoking command in '/home/javierfr/Robotics_Cyber_Physical_LAB/build/control_pkg': CMAKE_PREFIX_PATH=/home/javierfr/Robotics_Cyber_Physical_LAB/install/interfaces:/opt/ros/foxy /usr/bin/cmake --install /home/javierfr/Robotics_Cyber_Physical_LAB/build/control_pkg
[24.940s] Level 1:colcon.colcon_core.environment:create_environment_scripts_only(control_pkg)
[24.945s] Level 1:colcon.colcon_core.environment:checking '/home/javierfr/Robotics_Cyber_Physical_LAB/install/control_pkg' for CMake module files
[24.946s] DEBUG:colcon.colcon_core.event_handler.log_command:Invoked command in '/home/javierfr/Robotics_Cyber_Physical_LAB/build/control_pkg' returned '0': CMAKE_PREFIX_PATH=/home/javierfr/Robotics_Cyber_Physical_LAB/install/interfaces:/opt/ros/foxy /usr/bin/cmake --install /home/javierfr/Robotics_Cyber_Physical_LAB/build/control_pkg
[24.947s] Level 1:colcon.colcon_core.environment:checking '/home/javierfr/Robotics_Cyber_Physical_LAB/install/control_pkg' for CMake config files
[24.947s] Level 1:colcon.colcon_core.shell:create_environment_hook('control_pkg', 'cmake_prefix_path')
[24.950s] INFO:colcon.colcon_core.shell:Creating environment hook '/home/javierfr/Robotics_Cyber_Physical_LAB/install/control_pkg/share/control_pkg/hook/cmake_prefix_path.ps1'
[24.951s] INFO:colcon.colcon_core.shell:Creating environment descriptor '/home/javierfr/Robotics_Cyber_Physical_LAB/install/control_pkg/share/control_pkg/hook/cmake_prefix_path.dsv'
[24.951s] INFO:colcon.colcon_core.shell:Creating environment hook '/home/javierfr/Robotics_Cyber_Physical_LAB/install/control_pkg/share/control_pkg/hook/cmake_prefix_path.sh'
[24.951s] Level 1:colcon.colcon_core.environment:checking '/home/javierfr/Robotics_Cyber_Physical_LAB/install/control_pkg/lib'
[24.951s] Level 1:colcon.colcon_core.environment:checking '/home/javierfr/Robotics_Cyber_Physical_LAB/install/control_pkg/bin'
[24.952s] Level 1:colcon.colcon_core.environment:checking '/home/javierfr/Robotics_Cyber_Physical_LAB/install/control_pkg/lib/pkgconfig/control_pkg.pc'
[24.952s] Level 1:colcon.colcon_core.environment:checking '/home/javierfr/Robotics_Cyber_Physical_LAB/install/control_pkg/lib/python3.8/site-packages'
[24.952s] Level 1:colcon.colcon_core.environment:checking '/home/javierfr/Robotics_Cyber_Physical_LAB/install/control_pkg/bin'
[24.955s] INFO:colcon.colcon_core.shell:Creating package script '/home/javierfr/Robotics_Cyber_Physical_LAB/install/control_pkg/share/control_pkg/package.ps1'
[24.956s] INFO:colcon.colcon_core.shell:Creating package descriptor '/home/javierfr/Robotics_Cyber_Physical_LAB/install/control_pkg/share/control_pkg/package.dsv'
[24.956s] INFO:colcon.colcon_core.shell:Creating package script '/home/javierfr/Robotics_Cyber_Physical_LAB/install/control_pkg/share/control_pkg/package.sh'
[24.957s] INFO:colcon.colcon_core.shell:Creating package script '/home/javierfr/Robotics_Cyber_Physical_LAB/install/control_pkg/share/control_pkg/package.bash'
[24.957s] INFO:colcon.colcon_core.shell:Creating package script '/home/javierfr/Robotics_Cyber_Physical_LAB/install/control_pkg/share/control_pkg/package.zsh'
[24.957s] Level 1:colcon.colcon_core.environment:create_file_with_runtime_dependencies(/home/javierfr/Robotics_Cyber_Physical_LAB/install/control_pkg/share/colcon-core/packages/control_pkg)
[25.018s] Level 1:colcon.colcon_core.environment:create_environment_scripts_only(control_pkg)
[25.021s] Level 1:colcon.colcon_core.environment:checking '/home/javierfr/Robotics_Cyber_Physical_LAB/install/control_pkg' for CMake module files
[25.021s] Level 1:colcon.colcon_core.environment:checking '/home/javierfr/Robotics_Cyber_Physical_LAB/install/control_pkg' for CMake config files
[25.022s] Level 1:colcon.colcon_core.shell:create_environment_hook('control_pkg', 'cmake_prefix_path')
[25.023s] INFO:colcon.colcon_core.shell:Creating environment hook '/home/javierfr/Robotics_Cyber_Physical_LAB/install/control_pkg/share/control_pkg/hook/cmake_prefix_path.ps1'
[25.024s] INFO:colcon.colcon_core.shell:Creating environment descriptor '/home/javierfr/Robotics_Cyber_Physical_LAB/install/control_pkg/share/control_pkg/hook/cmake_prefix_path.dsv'
[25.024s] INFO:colcon.colcon_core.shell:Creating environment hook '/home/javierfr/Robotics_Cyber_Physical_LAB/install/control_pkg/share/control_pkg/hook/cmake_prefix_path.sh'
[25.024s] Level 1:colcon.colcon_core.environment:checking '/home/javierfr/Robotics_Cyber_Physical_LAB/install/control_pkg/lib'
[25.025s] Level 1:colcon.colcon_core.environment:checking '/home/javierfr/Robotics_Cyber_Physical_LAB/install/control_pkg/bin'
[25.025s] Level 1:colcon.colcon_core.environment:checking '/home/javierfr/Robotics_Cyber_Physical_LAB/install/control_pkg/lib/pkgconfig/control_pkg.pc'
[25.025s] Level 1:colcon.colcon_core.environment:checking '/home/javierfr/Robotics_Cyber_Physical_LAB/install/control_pkg/lib/python3.8/site-packages'
[25.025s] Level 1:colcon.colcon_core.environment:checking '/home/javierfr/Robotics_Cyber_Physical_LAB/install/control_pkg/bin'
[25.027s] INFO:colcon.colcon_core.shell:Creating package script '/home/javierfr/Robotics_Cyber_Physical_LAB/install/control_pkg/share/control_pkg/package.ps1'
[25.027s] INFO:colcon.colcon_core.shell:Creating package descriptor '/home/javierfr/Robotics_Cyber_Physical_LAB/install/control_pkg/share/control_pkg/package.dsv'
[25.027s] INFO:colcon.colcon_core.shell:Creating package script '/home/javierfr/Robotics_Cyber_Physical_LAB/install/control_pkg/share/control_pkg/package.sh'
[25.028s] INFO:colcon.colcon_core.shell:Creating package script '/home/javierfr/Robotics_Cyber_Physical_LAB/install/control_pkg/share/control_pkg/package.bash'
[25.028s] INFO:colcon.colcon_core.shell:Creating package script '/home/javierfr/Robotics_Cyber_Physical_LAB/install/control_pkg/share/control_pkg/package.zsh'
[25.028s] Level 1:colcon.colcon_core.environment:create_file_with_runtime_dependencies(/home/javierfr/Robotics_Cyber_Physical_LAB/install/control_pkg/share/colcon-core/packages/control_pkg)
[48.767s] DEBUG:colcon.colcon_core.event_handler.log_command:Invoked command in '/home/javierfr/Robotics_Cyber_Physical_LAB/build/gazebo_plugin_sim' returned '0': CMAKE_PREFIX_PATH=/home/javierfr/Robotics_Cyber_Physical_LAB/install/interfaces:/opt/ros/foxy /usr/bin/cmake --build /home/javierfr/Robotics_Cyber_Physical_LAB/build/gazebo_plugin_sim -- -j12 -l12
[48.832s] DEBUG:colcon.colcon_core.event_handler.log_command:Invoking command in '/home/javierfr/Robotics_Cyber_Physical_LAB/build/gazebo_plugin_sim': CMAKE_PREFIX_PATH=/home/javierfr/Robotics_Cyber_Physical_LAB/install/interfaces:/opt/ros/foxy /usr/bin/cmake --install /home/javierfr/Robotics_Cyber_Physical_LAB/build/gazebo_plugin_sim
[48.868s] Level 1:colcon.colcon_core.environment:create_environment_scripts_only(gazebo_plugin_sim)
[48.871s] Level 1:colcon.colcon_core.environment:checking '/home/javierfr/Robotics_Cyber_Physical_LAB/install/gazebo_plugin_sim' for CMake module files
[48.871s] DEBUG:colcon.colcon_core.event_handler.log_command:Invoked command in '/home/javierfr/Robotics_Cyber_Physical_LAB/build/gazebo_plugin_sim' returned '0': CMAKE_PREFIX_PATH=/home/javierfr/Robotics_Cyber_Physical_LAB/install/interfaces:/opt/ros/foxy /usr/bin/cmake --install /home/javierfr/Robotics_Cyber_Physical_LAB/build/gazebo_plugin_sim
[48.872s] Level 1:colcon.colcon_core.environment:checking '/home/javierfr/Robotics_Cyber_Physical_LAB/install/gazebo_plugin_sim' for CMake config files
[48.872s] Level 1:colcon.colcon_core.shell:create_environment_hook('gazebo_plugin_sim', 'cmake_prefix_path')
[48.874s] INFO:colcon.colcon_core.shell:Creating environment hook '/home/javierfr/Robotics_Cyber_Physical_LAB/install/gazebo_plugin_sim/share/gazebo_plugin_sim/hook/cmake_prefix_path.ps1'
[48.874s] INFO:colcon.colcon_core.shell:Creating environment descriptor '/home/javierfr/Robotics_Cyber_Physical_LAB/install/gazebo_plugin_sim/share/gazebo_plugin_sim/hook/cmake_prefix_path.dsv'
[48.874s] INFO:colcon.colcon_core.shell:Creating environment hook '/home/javierfr/Robotics_Cyber_Physical_LAB/install/gazebo_plugin_sim/share/gazebo_plugin_sim/hook/cmake_prefix_path.sh'
[48.875s] Level 1:colcon.colcon_core.environment:checking '/home/javierfr/Robotics_Cyber_Physical_LAB/install/gazebo_plugin_sim/lib'
[48.875s] Level 1:colcon.colcon_core.shell:create_environment_hook('gazebo_plugin_sim', 'ld_library_path_lib')
[48.876s] INFO:colcon.colcon_core.shell:Creating environment hook '/home/javierfr/Robotics_Cyber_Physical_LAB/install/gazebo_plugin_sim/share/gazebo_plugin_sim/hook/ld_library_path_lib.ps1'
[48.877s] INFO:colcon.colcon_core.shell:Creating environment descriptor '/home/javierfr/Robotics_Cyber_Physical_LAB/install/gazebo_plugin_sim/share/gazebo_plugin_sim/hook/ld_library_path_lib.dsv'
[48.877s] INFO:colcon.colcon_core.shell:Creating environment hook '/home/javierfr/Robotics_Cyber_Physical_LAB/install/gazebo_plugin_sim/share/gazebo_plugin_sim/hook/ld_library_path_lib.sh'
[48.877s] Level 1:colcon.colcon_core.environment:checking '/home/javierfr/Robotics_Cyber_Physical_LAB/install/gazebo_plugin_sim/bin'
[48.877s] Level 1:colcon.colcon_core.environment:checking '/home/javierfr/Robotics_Cyber_Physical_LAB/install/gazebo_plugin_sim/lib/pkgconfig/gazebo_plugin_sim.pc'
[48.877s] Level 1:colcon.colcon_core.environment:checking '/home/javierfr/Robotics_Cyber_Physical_LAB/install/gazebo_plugin_sim/lib/python3.8/site-packages'
[48.877s] Level 1:colcon.colcon_core.environment:checking '/home/javierfr/Robotics_Cyber_Physical_LAB/install/gazebo_plugin_sim/bin'
[48.879s] INFO:colcon.colcon_core.shell:Creating package script '/home/javierfr/Robotics_Cyber_Physical_LAB/install/gazebo_plugin_sim/share/gazebo_plugin_sim/package.ps1'
[48.880s] INFO:colcon.colcon_core.shell:Creating package descriptor '/home/javierfr/Robotics_Cyber_Physical_LAB/install/gazebo_plugin_sim/share/gazebo_plugin_sim/package.dsv'
[48.880s] INFO:colcon.colcon_core.shell:Creating package script '/home/javierfr/Robotics_Cyber_Physical_LAB/install/gazebo_plugin_sim/share/gazebo_plugin_sim/package.sh'
[48.880s] INFO:colcon.colcon_core.shell:Creating package script '/home/javierfr/Robotics_Cyber_Physical_LAB/install/gazebo_plugin_sim/share/gazebo_plugin_sim/package.bash'
[48.880s] INFO:colcon.colcon_core.shell:Creating package script '/home/javierfr/Robotics_Cyber_Physical_LAB/install/gazebo_plugin_sim/share/gazebo_plugin_sim/package.zsh'
[48.881s] Level 1:colcon.colcon_core.environment:create_file_with_runtime_dependencies(/home/javierfr/Robotics_Cyber_Physical_LAB/install/gazebo_plugin_sim/share/colcon-core/packages/gazebo_plugin_sim)
[48.946s] Level 1:colcon.colcon_core.environment:create_environment_scripts_only(gazebo_plugin_sim)
[48.950s] Level 1:colcon.colcon_core.environment:checking '/home/javierfr/Robotics_Cyber_Physical_LAB/install/gazebo_plugin_sim' for CMake module files
[48.950s] Level 1:colcon.colcon_core.environment:checking '/home/javierfr/Robotics_Cyber_Physical_LAB/install/gazebo_plugin_sim' for CMake config files
[48.950s] Level 1:colcon.colcon_core.shell:create_environment_hook('gazebo_plugin_sim', 'cmake_prefix_path')
[48.952s] INFO:colcon.colcon_core.shell:Creating environment hook '/home/javierfr/Robotics_Cyber_Physical_LAB/install/gazebo_plugin_sim/share/gazebo_plugin_sim/hook/cmake_prefix_path.ps1'
[48.952s] INFO:colcon.colcon_core.shell:Creating environment descriptor '/home/javierfr/Robotics_Cyber_Physical_LAB/install/gazebo_plugin_sim/share/gazebo_plugin_sim/hook/cmake_prefix_path.dsv'
[48.952s] INFO:colcon.colcon_core.shell:Creating environment hook '/home/javierfr/Robotics_Cyber_Physical_LAB/install/gazebo_plugin_sim/share/gazebo_plugin_sim/hook/cmake_prefix_path.sh'
[48.953s] Level 1:colcon.colcon_core.environment:checking '/home/javierfr/Robotics_Cyber_Physical_LAB/install/gazebo_plugin_sim/lib'
[48.953s] Level 1:colcon.colcon_core.shell:create_environment_hook('gazebo_plugin_sim', 'ld_library_path_lib')
[48.955s] INFO:colcon.colcon_core.shell:Creating environment hook '/home/javierfr/Robotics_Cyber_Physical_LAB/install/gazebo_plugin_sim/share/gazebo_plugin_sim/hook/ld_library_path_lib.ps1'
[48.955s] INFO:colcon.colcon_core.shell:Creating environment descriptor '/home/javierfr/Robotics_Cyber_Physical_LAB/install/gazebo_plugin_sim/share/gazebo_plugin_sim/hook/ld_library_path_lib.dsv'
[48.955s] INFO:colcon.colcon_core.shell:Creating environment hook '/home/javierfr/Robotics_Cyber_Physical_LAB/install/gazebo_plugin_sim/share/gazebo_plugin_sim/hook/ld_library_path_lib.sh'
[48.955s] Level 1:colcon.colcon_core.environment:checking '/home/javierfr/Robotics_Cyber_Physical_LAB/install/gazebo_plugin_sim/bin'
[48.955s] Level 1:colcon.colcon_core.environment:checking '/home/javierfr/Robotics_Cyber_Physical_LAB/install/gazebo_plugin_sim/lib/pkgconfig/gazebo_plugin_sim.pc'
[48.956s] Level 1:colcon.colcon_core.environment:checking '/home/javierfr/Robotics_Cyber_Physical_LAB/install/gazebo_plugin_sim/lib/python3.8/site-packages'
[48.956s] Level 1:colcon.colcon_core.environment:checking '/home/javierfr/Robotics_Cyber_Physical_LAB/install/gazebo_plugin_sim/bin'
[48.958s] INFO:colcon.colcon_core.shell:Creating package script '/home/javierfr/Robotics_Cyber_Physical_LAB/install/gazebo_plugin_sim/share/gazebo_plugin_sim/package.ps1'
[48.958s] INFO:colcon.colcon_core.shell:Creating package descriptor '/home/javierfr/Robotics_Cyber_Physical_LAB/install/gazebo_plugin_sim/share/gazebo_plugin_sim/package.dsv'
[48.958s] INFO:colcon.colcon_core.shell:Creating package script '/home/javierfr/Robotics_Cyber_Physical_LAB/install/gazebo_plugin_sim/share/gazebo_plugin_sim/package.sh'
[48.959s] INFO:colcon.colcon_core.shell:Creating package script '/home/javierfr/Robotics_Cyber_Physical_LAB/install/gazebo_plugin_sim/share/gazebo_plugin_sim/package.bash'
[48.959s] INFO:colcon.colcon_core.shell:Creating package script '/home/javierfr/Robotics_Cyber_Physical_LAB/install/gazebo_plugin_sim/share/gazebo_plugin_sim/package.zsh'
[48.959s] Level 1:colcon.colcon_core.environment:create_file_with_runtime_dependencies(/home/javierfr/Robotics_Cyber_Physical_LAB/install/gazebo_plugin_sim/share/colcon-core/packages/gazebo_plugin_sim)
[48.959s] DEBUG:colcon.colcon_parallel_executor.executor.parallel:closing loop
[48.959s] DEBUG:colcon.colcon_parallel_executor.executor.parallel:loop closed
[48.959s] DEBUG:colcon.colcon_parallel_executor.executor.parallel:run_until_complete finished with '0'
[48.960s] DEBUG:colcon.colcon_core.event_reactor:joining thread
[48.966s] INFO:colcon.colcon_core.plugin_system:Skipping extension 'colcon_notification.desktop_notification.terminal_notifier': Not used on non-Darwin systems
[48.966s] INFO:colcon.colcon_core.plugin_system:Skipping extension 'colcon_notification.desktop_notification.win32': Not used on non-Windows systems
[48.966s] INFO:colcon.colcon_notification.desktop_notification:Sending desktop notification using 'notify2'
[48.977s] DEBUG:colcon.colcon_core.event_reactor:joined thread
[48.980s] INFO:colcon.colcon_core.shell:Creating prefix script '/home/javierfr/Robotics_Cyber_Physical_LAB/install/local_setup.ps1'
[48.980s] INFO:colcon.colcon_core.shell:Creating prefix util module '/home/javierfr/Robotics_Cyber_Physical_LAB/install/_local_setup_util_ps1.py'
[48.981s] INFO:colcon.colcon_core.shell:Creating prefix chain script '/home/javierfr/Robotics_Cyber_Physical_LAB/install/setup.ps1'
[48.983s] INFO:colcon.colcon_core.shell:Creating prefix script '/home/javierfr/Robotics_Cyber_Physical_LAB/install/local_setup.sh'
[48.983s] INFO:colcon.colcon_core.shell:Creating prefix util module '/home/javierfr/Robotics_Cyber_Physical_LAB/install/_local_setup_util_sh.py'
[48.984s] INFO:colcon.colcon_core.shell:Creating prefix chain script '/home/javierfr/Robotics_Cyber_Physical_LAB/install/setup.sh'
[48.985s] INFO:colcon.colcon_core.shell:Creating prefix script '/home/javierfr/Robotics_Cyber_Physical_LAB/install/local_setup.bash'
[48.985s] INFO:colcon.colcon_core.shell:Creating prefix chain script '/home/javierfr/Robotics_Cyber_Physical_LAB/install/setup.bash'
[48.986s] INFO:colcon.colcon_core.shell:Creating prefix script '/home/javierfr/Robotics_Cyber_Physical_LAB/install/local_setup.zsh'
[48.987s] INFO:colcon.colcon_core.shell:Creating prefix chain script '/home/javierfr/Robotics_Cyber_Physical_LAB/install/setup.zsh'
