[0.007s] Invoking command in '/home/javierfr/Tesis_ws/V1/build/inv_kinematics_pkg': CMAKE_PREFIX_PATH=/home/javierfr/Tesis_ws/V1/install/interfaces:/home/javierfr/Tesis_ws/V1/install/inv_kinematics_pkg:/home/javierfr/Tesis_ws/V1/install/img_proc_pkg:/home/javierfr/Tesis_ws/V1/install/gazebo_plugin_sim:/opt/ros/foxy LD_LIBRARY_PATH=/home/javierfr/Tesis_ws/V1/install/interfaces/lib:/home/javierfr/Tesis_ws/V1/install/gazebo_plugin_sim/lib:/opt/ros/foxy/opt/yaml_cpp_vendor/lib:/opt/ros/foxy/opt/rviz_ogre_vendor/lib:/opt/ros/foxy/lib/x86_64-linux-gnu:/opt/ros/foxy/lib:/usr/lib/x86_64-linux-gnu/gazebo-11/plugins:/usr/lib/x86_64-linux-gnu/gazebo-11/plugins /usr/bin/cmake --build /home/javierfr/Tesis_ws/V1/build/inv_kinematics_pkg -- -j12 -l12
[0.039s] [35m[1mScanning dependencies of target platform1_vel_server[0m
[0.060s] [ 50%] [32mBuilding CXX object CMakeFiles/platform1_vel_server.dir/src/platform1_vel_server.cpp.o[0m
[2.393s] /home/javierfr/Tesis_ws/V1/src/inv_kinematics_pkg/src/platform1_vel_server.cpp: In function ‘void send_vel(std::shared_ptr<interfaces::srv::PlatformVel_Request_<std::allocator<void> > >, std::shared_ptr<interfaces::srv::PlatformVel_Response_<std::allocator<void> > >)’:
[2.393s] /home/javierfr/Tesis_ws/V1/src/inv_kinematics_pkg/src/platform1_vel_server.cpp:38:8: warning: variable ‘sent’ set but not used [-Wunused-but-set-variable]
[2.393s]    38 |    int sent=0;
[2.393s]       |        ^~~~
[2.400s] [100%] [32m[1mLinking CXX executable platform1_vel_server[0m
[2.528s] [100%] Built target platform1_vel_server
[2.536s] Invoked command in '/home/javierfr/Tesis_ws/V1/build/inv_kinematics_pkg' returned '0': CMAKE_PREFIX_PATH=/home/javierfr/Tesis_ws/V1/install/interfaces:/home/javierfr/Tesis_ws/V1/install/inv_kinematics_pkg:/home/javierfr/Tesis_ws/V1/install/img_proc_pkg:/home/javierfr/Tesis_ws/V1/install/gazebo_plugin_sim:/opt/ros/foxy LD_LIBRARY_PATH=/home/javierfr/Tesis_ws/V1/install/interfaces/lib:/home/javierfr/Tesis_ws/V1/install/gazebo_plugin_sim/lib:/opt/ros/foxy/opt/yaml_cpp_vendor/lib:/opt/ros/foxy/opt/rviz_ogre_vendor/lib:/opt/ros/foxy/lib/x86_64-linux-gnu:/opt/ros/foxy/lib:/usr/lib/x86_64-linux-gnu/gazebo-11/plugins:/usr/lib/x86_64-linux-gnu/gazebo-11/plugins /usr/bin/cmake --build /home/javierfr/Tesis_ws/V1/build/inv_kinematics_pkg -- -j12 -l12
[2.559s] Invoking command in '/home/javierfr/Tesis_ws/V1/build/inv_kinematics_pkg': CMAKE_PREFIX_PATH=/home/javierfr/Tesis_ws/V1/install/interfaces:/home/javierfr/Tesis_ws/V1/install/inv_kinematics_pkg:/home/javierfr/Tesis_ws/V1/install/img_proc_pkg:/home/javierfr/Tesis_ws/V1/install/gazebo_plugin_sim:/opt/ros/foxy LD_LIBRARY_PATH=/home/javierfr/Tesis_ws/V1/install/interfaces/lib:/home/javierfr/Tesis_ws/V1/install/gazebo_plugin_sim/lib:/opt/ros/foxy/opt/yaml_cpp_vendor/lib:/opt/ros/foxy/opt/rviz_ogre_vendor/lib:/opt/ros/foxy/lib/x86_64-linux-gnu:/opt/ros/foxy/lib:/usr/lib/x86_64-linux-gnu/gazebo-11/plugins:/usr/lib/x86_64-linux-gnu/gazebo-11/plugins /usr/bin/cmake --install /home/javierfr/Tesis_ws/V1/build/inv_kinematics_pkg
[2.565s] -- Install configuration: ""
[2.566s] -- Installing: /home/javierfr/Tesis_ws/V1/install/inv_kinematics_pkg/lib/inv_kinematics_pkg/platform1_vel_server
[2.566s] -- Set runtime path of "/home/javierfr/Tesis_ws/V1/install/inv_kinematics_pkg/lib/inv_kinematics_pkg/platform1_vel_server" to ""
[2.567s] -- Up-to-date: /home/javierfr/Tesis_ws/V1/install/inv_kinematics_pkg/share/ament_index/resource_index/package_run_dependencies/inv_kinematics_pkg
[2.567s] -- Up-to-date: /home/javierfr/Tesis_ws/V1/install/inv_kinematics_pkg/share/ament_index/resource_index/parent_prefix_path/inv_kinematics_pkg
[2.567s] -- Up-to-date: /home/javierfr/Tesis_ws/V1/install/inv_kinematics_pkg/share/inv_kinematics_pkg/environment/ament_prefix_path.sh
[2.567s] -- Up-to-date: /home/javierfr/Tesis_ws/V1/install/inv_kinematics_pkg/share/inv_kinematics_pkg/environment/ament_prefix_path.dsv
[2.567s] -- Up-to-date: /home/javierfr/Tesis_ws/V1/install/inv_kinematics_pkg/share/inv_kinematics_pkg/environment/path.sh
[2.567s] -- Up-to-date: /home/javierfr/Tesis_ws/V1/install/inv_kinematics_pkg/share/inv_kinematics_pkg/environment/path.dsv
[2.567s] -- Up-to-date: /home/javierfr/Tesis_ws/V1/install/inv_kinematics_pkg/share/inv_kinematics_pkg/local_setup.bash
[2.567s] -- Up-to-date: /home/javierfr/Tesis_ws/V1/install/inv_kinematics_pkg/share/inv_kinematics_pkg/local_setup.sh
[2.567s] -- Up-to-date: /home/javierfr/Tesis_ws/V1/install/inv_kinematics_pkg/share/inv_kinematics_pkg/local_setup.zsh
[2.568s] -- Up-to-date: /home/javierfr/Tesis_ws/V1/install/inv_kinematics_pkg/share/inv_kinematics_pkg/local_setup.dsv
[2.568s] -- Installing: /home/javierfr/Tesis_ws/V1/install/inv_kinematics_pkg/share/inv_kinematics_pkg/package.dsv
[2.568s] -- Up-to-date: /home/javierfr/Tesis_ws/V1/install/inv_kinematics_pkg/share/ament_index/resource_index/packages/inv_kinematics_pkg
[2.569s] -- Up-to-date: /home/javierfr/Tesis_ws/V1/install/inv_kinematics_pkg/share/inv_kinematics_pkg/cmake/inv_kinematics_pkgConfig.cmake
[2.570s] -- Up-to-date: /home/javierfr/Tesis_ws/V1/install/inv_kinematics_pkg/share/inv_kinematics_pkg/cmake/inv_kinematics_pkgConfig-version.cmake
[2.570s] -- Up-to-date: /home/javierfr/Tesis_ws/V1/install/inv_kinematics_pkg/share/inv_kinematics_pkg/package.xml
[2.570s] Invoked command in '/home/javierfr/Tesis_ws/V1/build/inv_kinematics_pkg' returned '0': CMAKE_PREFIX_PATH=/home/javierfr/Tesis_ws/V1/install/interfaces:/home/javierfr/Tesis_ws/V1/install/inv_kinematics_pkg:/home/javierfr/Tesis_ws/V1/install/img_proc_pkg:/home/javierfr/Tesis_ws/V1/install/gazebo_plugin_sim:/opt/ros/foxy LD_LIBRARY_PATH=/home/javierfr/Tesis_ws/V1/install/interfaces/lib:/home/javierfr/Tesis_ws/V1/install/gazebo_plugin_sim/lib:/opt/ros/foxy/opt/yaml_cpp_vendor/lib:/opt/ros/foxy/opt/rviz_ogre_vendor/lib:/opt/ros/foxy/lib/x86_64-linux-gnu:/opt/ros/foxy/lib:/usr/lib/x86_64-linux-gnu/gazebo-11/plugins:/usr/lib/x86_64-linux-gnu/gazebo-11/plugins /usr/bin/cmake --install /home/javierfr/Tesis_ws/V1/build/inv_kinematics_pkg
