[0.170s] Invoking command in '/home/javierfr/microros_ws/uros_ws/build/micro_ros_msgs': CMAKE_PREFIX_PATH=${CMAKE_PREFIX_PATH}:/opt/ros/foxy /usr/bin/cmake /home/javierfr/microros_ws/uros_ws/src/uros/micro_ros_msgs -DUAGENT_BUILD_EXECUTABLE=OFF -DUAGENT_P2P_PROFILE=OFF --no-warn-unused-cli -DCMAKE_INSTALL_PREFIX=/home/javierfr/microros_ws/uros_ws/install/micro_ros_msgs
[0.177s] Not searching for unused variables given on the command line.
[0.181s] -- Found ament_cmake: 0.9.12 (/opt/ros/foxy/share/ament_cmake/cmake)
[0.194s] -- Found PythonInterp: /home/javierfr/.espressif/python_env/idf5.2_py3.8_env/bin/python3 (found suitable version "3.8.10", minimum required is "3") 
[0.194s] -- Using PYTHON_EXECUTABLE: /home/javierfr/.espressif/python_env/idf5.2_py3.8_env/bin/python3
[0.296s] -- Found rosidl_default_generators: 1.0.1 (/opt/ros/foxy/share/rosidl_default_generators/cmake)
[0.304s] -- Using all available rosidl_typesupport_c: rosidl_typesupport_fastrtps_c;rosidl_typesupport_introspection_c
[0.315s] -- Found rosidl_adapter: 1.3.1 (/opt/ros/foxy/share/rosidl_adapter/cmake)
[0.562s] -- Using all available rosidl_typesupport_cpp: rosidl_typesupport_fastrtps_cpp;rosidl_typesupport_introspection_cpp
[0.582s] -- Found ament_lint_auto: 0.9.8 (/opt/ros/foxy/share/ament_lint_auto/cmake)
[0.656s] -- Found PythonInterp: /home/javierfr/.espressif/python_env/idf5.2_py3.8_env/bin/python3 (found version "3.8.10") 
[0.712s] -- Found ament_cmake_ros: 0.9.2 (/opt/ros/foxy/share/ament_cmake_ros/cmake)
[0.805s] -- Using all available rosidl_typesupport_c: rosidl_typesupport_fastrtps_c;rosidl_typesupport_introspection_c
[0.811s] -- Using all available rosidl_typesupport_cpp: rosidl_typesupport_fastrtps_cpp;rosidl_typesupport_introspection_cpp
[0.824s] -- Found PythonInterp: /home/javierfr/.espressif/python_env/idf5.2_py3.8_env/bin/python3 (found suitable version "3.8.10", minimum required is "3.5") 
[0.827s] -- Found python_cmake_module: 0.8.1 (/opt/ros/foxy/share/python_cmake_module/cmake)
[0.853s] -- Found PythonLibs: /usr/lib/x86_64-linux-gnu/libpython3.8.so (found suitable version "3.8.10", minimum required is "3.5") 
[0.854s] -- Using PYTHON_EXECUTABLE: /home/javierfr/.espressif/python_env/idf5.2_py3.8_env/bin/python3
[0.854s] -- Using PYTHON_INCLUDE_DIRS: /usr/include/python3.8
[0.855s] -- Using PYTHON_LIBRARIES: /usr/lib/x86_64-linux-gnu/libpython3.8.so
[0.899s] -- Found PythonExtra: .so  
[1.005s] -- Added test 'copyright' to check source files copyright and LICENSE
[1.027s] -- Added test 'lint_cmake' to check CMake code style
[1.036s] -- Added test 'xmllint' to check XML markup files
[1.042s] -- Configuring done
[1.072s] -- Generating done
[1.074s] -- Build files have been written to: /home/javierfr/microros_ws/uros_ws/build/micro_ros_msgs
[1.079s] Invoked command in '/home/javierfr/microros_ws/uros_ws/build/micro_ros_msgs' returned '0': CMAKE_PREFIX_PATH=${CMAKE_PREFIX_PATH}:/opt/ros/foxy /usr/bin/cmake /home/javierfr/microros_ws/uros_ws/src/uros/micro_ros_msgs -DUAGENT_BUILD_EXECUTABLE=OFF -DUAGENT_P2P_PROFILE=OFF --no-warn-unused-cli -DCMAKE_INSTALL_PREFIX=/home/javierfr/microros_ws/uros_ws/install/micro_ros_msgs
[1.082s] Invoking command in '/home/javierfr/microros_ws/uros_ws/build/micro_ros_msgs': CMAKE_PREFIX_PATH=${CMAKE_PREFIX_PATH}:/opt/ros/foxy /usr/bin/cmake --build /home/javierfr/microros_ws/uros_ws/build/micro_ros_msgs -- -j12 -l12
[1.115s] [35m[1mScanning dependencies of target micro_ros_msgs__cpp[0m
[1.116s] [  2%] [34m[1mGenerating C code for ROS interfaces[0m
[1.126s] [  4%] [34m[1mGenerating C++ code for ROS interfaces[0m
[1.152s] Traceback (most recent call last):
[1.152s]   File "/opt/ros/foxy/share/rosidl_generator_c/cmake/../../../lib/rosidl_generator_c/rosidl_generator_c", line 8, in <module>
[1.152s]     from rosidl_generator_c import generate_c
[1.152s]   File "/opt/ros/foxy/lib/python3.8/site-packages/rosidl_generator_c/__init__.py", line 15, in <module>
[1.152s]     from rosidl_cmake import convert_camel_case_to_lower_case_underscore
[1.152s]   File "/opt/ros/foxy/lib/python3.8/site-packages/rosidl_cmake/__init__.py", line 24, in <module>
[1.152s]     from rosidl_parser.parser import parse_idl_file
[1.152s]   File "/opt/ros/foxy/lib/python3.8/site-packages/rosidl_parser/parser.py", line 20, in <module>
[1.153s]     from lark import Lark
[1.153s] ModuleNotFoundError: No module named 'lark'
[1.156s] make[2]: *** [CMakeFiles/micro_ros_msgs__rosidl_generator_c.dir/build.make:77: rosidl_generator_c/micro_ros_msgs/msg/graph.h] Error 1
[1.156s] make[1]: *** [CMakeFiles/Makefile2:498: CMakeFiles/micro_ros_msgs__rosidl_generator_c.dir/all] Error 2
[1.156s] make[1]: *** Waiting for unfinished jobs....
[1.162s] Traceback (most recent call last):
[1.162s]   File "/opt/ros/foxy/share/rosidl_generator_cpp/cmake/../../../lib/rosidl_generator_cpp/rosidl_generator_cpp", line 8, in <module>
[1.162s]     from rosidl_generator_cpp import generate_cpp
[1.162s]   File "/opt/ros/foxy/lib/python3.8/site-packages/rosidl_generator_cpp/__init__.py", line 17, in <module>
[1.162s]     from rosidl_cmake import generate_files
[1.162s]   File "/opt/ros/foxy/lib/python3.8/site-packages/rosidl_cmake/__init__.py", line 24, in <module>
[1.162s]     from rosidl_parser.parser import parse_idl_file
[1.162s]   File "/opt/ros/foxy/lib/python3.8/site-packages/rosidl_parser/parser.py", line 20, in <module>
[1.162s]     from lark import Lark
[1.162s] ModuleNotFoundError: No module named 'lark'
[1.165s] make[2]: *** [CMakeFiles/micro_ros_msgs__cpp.dir/build.make:97: rosidl_generator_cpp/micro_ros_msgs/msg/graph.hpp] Error 1
[1.165s] make[1]: *** [CMakeFiles/Makefile2:445: CMakeFiles/micro_ros_msgs__cpp.dir/all] Error 2
[1.166s] make: *** [Makefile:141: all] Error 2
[1.167s] Invoked command in '/home/javierfr/microros_ws/uros_ws/build/micro_ros_msgs' returned '2': CMAKE_PREFIX_PATH=${CMAKE_PREFIX_PATH}:/opt/ros/foxy /usr/bin/cmake --build /home/javierfr/microros_ws/uros_ws/build/micro_ros_msgs -- -j12 -l12
