[0.033s] Invoking command in '/home/javierfr/Robotics_Cyber_Physical_LAB/build/gazebo_plugin_sim': CMAKE_PREFIX_PATH=${CMAKE_PREFIX_PATH}:/opt/ros/foxy /usr/bin/cmake /home/javierfr/Robotics_Cyber_Physical_LAB/src/gazebo_plugin_sim -DCMAKE_INSTALL_PREFIX=/home/javierfr/Robotics_Cyber_Physical_LAB/install/gazebo_plugin_sim
[0.049s] -- Found ament_cmake: 0.9.9 (/opt/ros/foxy/share/ament_cmake/cmake)
[0.072s] -- Using PYTHON_EXECUTABLE: /usr/bin/python3
[0.282s] -- Found camera_info_manager: 2.3.0 (/opt/ros/foxy/share/camera_info_manager/cmake)
[0.327s] -- Using all available rosidl_typesupport_c: rosidl_typesupport_fastrtps_c;rosidl_typesupport_introspection_c
[0.331s] -- Found rosidl_adapter: 1.2.1 (/opt/ros/foxy/share/rosidl_adapter/cmake)
[0.463s] -- Using all available rosidl_typesupport_cpp: rosidl_typesupport_fastrtps_cpp;rosidl_typesupport_introspection_cpp
[0.525s] -- Found rmw_implementation_cmake: 1.0.3 (/opt/ros/foxy/share/rmw_implementation_cmake/cmake)
[0.526s] -- Using RMW implementation 'rmw_fastrtps_cpp' as default
[0.862s] -- Setting yaml-cpp_DIR to: '/opt/ros/foxy/share/yaml_cpp_vendor/cmake/../../../opt/yaml_cpp_vendor/lib/cmake/yaml-cpp'
[0.986s] -- Found gazebo_dev: 3.5.3 (/opt/ros/foxy/share/gazebo_dev/cmake)
[1.066s] -- Found DART: /usr/include (Required is at least version "6.6") found components: dart 
[1.128s] -- Found Protobuf: /usr/lib/x86_64-linux-gnu/libprotobuf.so;-lpthread (found version "3.6.1") 
[1.131s] -- Looking for ignition-math6 -- found version 6.12.0
[1.142s] -- Searching for dependencies of ignition-math6
[1.147s] -- Looking for OGRE...
[1.153s] -- Found Ogre Ghadamon (1.9.0)
[1.153s] -- Found OGRE: optimized;/usr/lib/x86_64-linux-gnu/libOgreMain.so;debug;/usr/lib/x86_64-linux-gnu/libOgreMain.so
[1.173s] -- Looking for OGRE_Paging...
[1.174s] -- Found OGRE_Paging: optimized;/usr/lib/x86_64-linux-gnu/libOgrePaging.so;debug;/usr/lib/x86_64-linux-gnu/libOgrePaging.so
[1.174s] -- Looking for OGRE_Terrain...
[1.175s] -- Found OGRE_Terrain: optimized;/usr/lib/x86_64-linux-gnu/libOgreTerrain.so;debug;/usr/lib/x86_64-linux-gnu/libOgreTerrain.so
[1.175s] -- Looking for OGRE_Property...
[1.176s] -- Found OGRE_Property: optimized;/usr/lib/x86_64-linux-gnu/libOgreProperty.so;debug;/usr/lib/x86_64-linux-gnu/libOgreProperty.so
[1.176s] -- Looking for OGRE_RTShaderSystem...
[1.179s] -- Found OGRE_RTShaderSystem: optimized;/usr/lib/x86_64-linux-gnu/libOgreRTShaderSystem.so;debug;/usr/lib/x86_64-linux-gnu/libOgreRTShaderSystem.so
[1.180s] -- Looking for OGRE_Volume...
[1.180s] -- Found OGRE_Volume: optimized;/usr/lib/x86_64-linux-gnu/libOgreVolume.so;debug;/usr/lib/x86_64-linux-gnu/libOgreVolume.so
[1.180s] -- Looking for OGRE_Overlay...
[1.181s] -- Found OGRE_Overlay: optimized;/usr/lib/x86_64-linux-gnu/libOgreOverlay.so;debug;/usr/lib/x86_64-linux-gnu/libOgreOverlay.so
[1.546s] -- Looking for ignition-math6 -- found version 6.12.0
[1.546s] -- Looking for ignition-transport8 -- found version 8.3.0
[1.547s] -- Searching for dependencies of ignition-transport8
[1.600s] -- Found Protobuf: /usr/lib/x86_64-linux-gnu/libprotobuf.so;-lpthread (found suitable version "3.6.1", minimum required is "3") 
[1.623s] -- Config-file not installed for ZeroMQ -- checking for pkg-config
[1.652s] -- Checking for module 'libzmq >= 4'
[1.746s] --   Found libzmq , version 4.3.2
[2.040s] -- Checking for module 'uuid'
[2.151s] --   Found uuid, version 2.34.0
[2.419s] -- Looking for ignition-msgs5 -- found version 5.10.0
[2.419s] -- Searching for dependencies of ignition-msgs5
[2.464s] -- Looking for ignition-math6 -- found version 6.12.0
[2.492s] -- Checking for module 'tinyxml2'
[2.586s] --   Found tinyxml2, version 6.2.0
[2.880s] -- Looking for ignition-msgs5 -- found version 5.10.0
[2.881s] -- Looking for ignition-common3 -- found version 3.14.1
[2.881s] -- Searching for dependencies of ignition-common3
[2.882s] -- Looking for dlfcn.h - found
[2.882s] -- Looking for libdl - found
[2.915s] -- Searching for <ignition-common3> component [graphics]
[2.915s] -- Looking for ignition-common3-graphics -- found version 3.14.1
[2.919s] -- Searching for dependencies of ignition-common3-graphics
[2.920s] -- Looking for ignition-math6 -- found version 6.12.0
[2.926s] -- Looking for ignition-fuel_tools4 -- found version 4.5.0
[2.927s] -- Searching for dependencies of ignition-fuel_tools4
[3.060s] -- Checking for module 'jsoncpp'
[3.146s] --   Found jsoncpp, version 1.7.4
[3.312s] -- Checking for module 'libzip'
[3.386s] --   Found libzip, version 1.5.1
[3.666s] -- Looking for ignition-common3 -- found version 3.14.1
[3.666s] -- Looking for ignition-math6 -- found version 6.12.0
[3.667s] -- Looking for ignition-msgs5 -- found version 5.10.0
[3.669s] -- Gazebo version: 11.11
[3.669s] -- Found gazebo_msgs: 3.5.3 (/opt/ros/foxy/share/gazebo_msgs/cmake)
[4.217s] -- Found gazebo_ros: 3.5.3 (/opt/ros/foxy/share/gazebo_ros/cmake)
[4.235s] -- Found image_transport: 2.3.0 (/opt/ros/foxy/share/image_transport/cmake)
[4.307s] -- Found cv_bridge: 2.2.1 (/opt/ros/foxy/share/cv_bridge/cmake)
[4.338s] -- Found nav_msgs: 2.0.5 (/opt/ros/foxy/share/nav_msgs/cmake)
[4.486s] -- Found std_srvs: 2.0.5 (/opt/ros/foxy/share/std_srvs/cmake)
[4.504s] -- Found tf2: 0.13.13 (/opt/ros/foxy/share/tf2/cmake)
[4.519s] -- Found tf2_geometry_msgs: 0.13.13 (/opt/ros/foxy/share/tf2_geometry_msgs/cmake)
[4.530s] -- Found eigen3_cmake_module: 0.1.1 (/opt/ros/foxy/share/eigen3_cmake_module/cmake)
[5.390s] -- Found interfaces: 0.0.0 (/home/javierfr/Robotics_Cyber_Physical_LAB/install/interfaces/share/interfaces/cmake)
[5.692s] -- Configuring done
[6.070s] -- Generating done
[6.078s] -- Build files have been written to: /home/javierfr/Robotics_Cyber_Physical_LAB/build/gazebo_plugin_sim
[6.102s] Invoked command in '/home/javierfr/Robotics_Cyber_Physical_LAB/build/gazebo_plugin_sim' returned '0': CMAKE_PREFIX_PATH=${CMAKE_PREFIX_PATH}:/opt/ros/foxy /usr/bin/cmake /home/javierfr/Robotics_Cyber_Physical_LAB/src/gazebo_plugin_sim -DCMAKE_INSTALL_PREFIX=/home/javierfr/Robotics_Cyber_Physical_LAB/install/gazebo_plugin_sim
[6.110s] Invoking command in '/home/javierfr/Robotics_Cyber_Physical_LAB/build/gazebo_plugin_sim': CMAKE_PREFIX_PATH=${CMAKE_PREFIX_PATH}:/opt/ros/foxy /usr/bin/cmake --build /home/javierfr/Robotics_Cyber_Physical_LAB/build/gazebo_plugin_sim -- -j8 -l8
[6.363s] [35m[1mScanning dependencies of target platform2_plugin[0m
[6.391s] [35m[1mScanning dependencies of target platform1_plugin[0m
[6.391s] [35m[1mScanning dependencies of target robot1_plugin[0m
[6.424s] [35m[1mScanning dependencies of target platform_plugin_test[0m
[6.442s] [35m[1mScanning dependencies of target robot2_plugin[0m
[6.961s] [ 10%] [32mBuilding CXX object CMakeFiles/robot1_plugin.dir/src/robot1_plugin.cpp.o[0m
[6.966s] [ 20%] [32mBuilding CXX object CMakeFiles/platform2_plugin.dir/src/platform2_plugin.cpp.o[0m
[6.994s] [ 30%] [32mBuilding CXX object CMakeFiles/platform_plugin_test.dir/src/platform_plugin_test.cpp.o[0m
[7.009s] [ 40%] [32mBuilding CXX object CMakeFiles/robot2_plugin.dir/src/robot2_plugin.cpp.o[0m
[7.068s] [ 50%] [32mBuilding CXX object CMakeFiles/platform1_plugin.dir/src/platform1_plugin.cpp.o[0m
[36.235s] [ 60%] [32m[1mLinking CXX shared library librobot1_plugin.so[0m
[36.650s] [ 70%] [32m[1mLinking CXX shared library libplatform1_plugin.so[0m
[37.746s] [ 80%] [32m[1mLinking CXX shared library librobot2_plugin.so[0m
[37.932s] [ 80%] Built target robot1_plugin
[38.194s] [ 80%] Built target platform1_plugin
[38.367s] [ 90%] [32m[1mLinking CXX shared library libplatform_plugin_test.so[0m
[38.426s] [100%] [32m[1mLinking CXX shared library libplatform2_plugin.so[0m
[39.020s] [100%] Built target robot2_plugin
[39.538s] [100%] Built target platform_plugin_test
[39.590s] [100%] Built target platform2_plugin
[39.602s] Invoked command in '/home/javierfr/Robotics_Cyber_Physical_LAB/build/gazebo_plugin_sim' returned '0': CMAKE_PREFIX_PATH=${CMAKE_PREFIX_PATH}:/opt/ros/foxy /usr/bin/cmake --build /home/javierfr/Robotics_Cyber_Physical_LAB/build/gazebo_plugin_sim -- -j8 -l8
[39.639s] Invoking command in '/home/javierfr/Robotics_Cyber_Physical_LAB/build/gazebo_plugin_sim': CMAKE_PREFIX_PATH=${CMAKE_PREFIX_PATH}:/opt/ros/foxy /usr/bin/cmake --install /home/javierfr/Robotics_Cyber_Physical_LAB/build/gazebo_plugin_sim
[39.647s] -- Install configuration: ""
[39.647s] -- Installing: /home/javierfr/Robotics_Cyber_Physical_LAB/install/gazebo_plugin_sim/share/gazebo_plugin_sim/environment/library_path.sh
[39.648s] -- Installing: /home/javierfr/Robotics_Cyber_Physical_LAB/install/gazebo_plugin_sim/share/gazebo_plugin_sim/environment/library_path.dsv
[39.648s] -- Installing: /home/javierfr/Robotics_Cyber_Physical_LAB/install/gazebo_plugin_sim/share/gazebo_plugin_sim/environment/gazebo_plugin_sim.sh
[39.648s] -- Installing: /home/javierfr/Robotics_Cyber_Physical_LAB/install/gazebo_plugin_sim/share/gazebo_plugin_sim/environment/gazebo_plugin_sim.dsv
[39.648s] -- Installing: /home/javierfr/Robotics_Cyber_Physical_LAB/install/gazebo_plugin_sim/share/ament_index/resource_index/package_run_dependencies/gazebo_plugin_sim
[39.648s] -- Installing: /home/javierfr/Robotics_Cyber_Physical_LAB/install/gazebo_plugin_sim/share/ament_index/resource_index/parent_prefix_path/gazebo_plugin_sim
[39.648s] -- Installing: /home/javierfr/Robotics_Cyber_Physical_LAB/install/gazebo_plugin_sim/share/gazebo_plugin_sim/environment/ament_prefix_path.sh
[39.648s] -- Installing: /home/javierfr/Robotics_Cyber_Physical_LAB/install/gazebo_plugin_sim/share/gazebo_plugin_sim/environment/ament_prefix_path.dsv
[39.648s] -- Installing: /home/javierfr/Robotics_Cyber_Physical_LAB/install/gazebo_plugin_sim/share/gazebo_plugin_sim/environment/path.sh
[39.649s] -- Installing: /home/javierfr/Robotics_Cyber_Physical_LAB/install/gazebo_plugin_sim/share/gazebo_plugin_sim/environment/path.dsv
[39.649s] -- Installing: /home/javierfr/Robotics_Cyber_Physical_LAB/install/gazebo_plugin_sim/share/gazebo_plugin_sim/local_setup.bash
[39.649s] -- Installing: /home/javierfr/Robotics_Cyber_Physical_LAB/install/gazebo_plugin_sim/share/gazebo_plugin_sim/local_setup.sh
[39.649s] -- Installing: /home/javierfr/Robotics_Cyber_Physical_LAB/install/gazebo_plugin_sim/share/gazebo_plugin_sim/local_setup.zsh
[39.649s] -- Installing: /home/javierfr/Robotics_Cyber_Physical_LAB/install/gazebo_plugin_sim/share/gazebo_plugin_sim/local_setup.dsv
[39.649s] -- Installing: /home/javierfr/Robotics_Cyber_Physical_LAB/install/gazebo_plugin_sim/share/gazebo_plugin_sim/package.dsv
[39.649s] -- Installing: /home/javierfr/Robotics_Cyber_Physical_LAB/install/gazebo_plugin_sim/share/ament_index/resource_index/packages/gazebo_plugin_sim
[39.650s] -- Installing: /home/javierfr/Robotics_Cyber_Physical_LAB/install/gazebo_plugin_sim/share/gazebo_plugin_sim/cmake/ament_cmake_export_libraries-extras.cmake
[39.650s] -- Installing: /home/javierfr/Robotics_Cyber_Physical_LAB/install/gazebo_plugin_sim/share/gazebo_plugin_sim/cmake/ament_cmake_export_include_directories-extras.cmake
[39.650s] -- Installing: /home/javierfr/Robotics_Cyber_Physical_LAB/install/gazebo_plugin_sim/share/gazebo_plugin_sim/cmake/ament_cmake_export_dependencies-extras.cmake
[39.650s] -- Installing: /home/javierfr/Robotics_Cyber_Physical_LAB/install/gazebo_plugin_sim/share/gazebo_plugin_sim/cmake/gazebo_plugin_simConfig.cmake
[39.650s] -- Installing: /home/javierfr/Robotics_Cyber_Physical_LAB/install/gazebo_plugin_sim/share/gazebo_plugin_sim/cmake/gazebo_plugin_simConfig-version.cmake
[39.650s] -- Installing: /home/javierfr/Robotics_Cyber_Physical_LAB/install/gazebo_plugin_sim/share/gazebo_plugin_sim/package.xml
[39.650s] -- Installing: /home/javierfr/Robotics_Cyber_Physical_LAB/install/gazebo_plugin_sim/include
[39.651s] -- Installing: /home/javierfr/Robotics_Cyber_Physical_LAB/install/gazebo_plugin_sim/include/gazebo_plugin_sim
[39.651s] -- Installing: /home/javierfr/Robotics_Cyber_Physical_LAB/install/gazebo_plugin_sim/include/gazebo_plugin_sim/robot2_plugin.hpp
[39.651s] -- Installing: /home/javierfr/Robotics_Cyber_Physical_LAB/install/gazebo_plugin_sim/include/gazebo_plugin_sim/platform_plugin_test.hpp
[39.651s] -- Installing: /home/javierfr/Robotics_Cyber_Physical_LAB/install/gazebo_plugin_sim/include/gazebo_plugin_sim/platform1_plugin.hpp
[39.651s] -- Installing: /home/javierfr/Robotics_Cyber_Physical_LAB/install/gazebo_plugin_sim/include/gazebo_plugin_sim/platform2_plugin.hpp
[39.651s] -- Installing: /home/javierfr/Robotics_Cyber_Physical_LAB/install/gazebo_plugin_sim/include/gazebo_plugin_sim/robot1_plugin.hpp
[39.651s] -- Installing: /home/javierfr/Robotics_Cyber_Physical_LAB/install/gazebo_plugin_sim/lib/libplatform_plugin_test.so
[39.656s] -- Set runtime path of "/home/javierfr/Robotics_Cyber_Physical_LAB/install/gazebo_plugin_sim/lib/libplatform_plugin_test.so" to ""
[39.656s] -- Installing: /home/javierfr/Robotics_Cyber_Physical_LAB/install/gazebo_plugin_sim/lib/libplatform1_plugin.so
[39.660s] -- Set runtime path of "/home/javierfr/Robotics_Cyber_Physical_LAB/install/gazebo_plugin_sim/lib/libplatform1_plugin.so" to ""
[39.661s] -- Installing: /home/javierfr/Robotics_Cyber_Physical_LAB/install/gazebo_plugin_sim/lib/libplatform2_plugin.so
[39.665s] -- Set runtime path of "/home/javierfr/Robotics_Cyber_Physical_LAB/install/gazebo_plugin_sim/lib/libplatform2_plugin.so" to ""
[39.665s] -- Installing: /home/javierfr/Robotics_Cyber_Physical_LAB/install/gazebo_plugin_sim/lib/librobot1_plugin.so
[39.670s] -- Set runtime path of "/home/javierfr/Robotics_Cyber_Physical_LAB/install/gazebo_plugin_sim/lib/librobot1_plugin.so" to ""
[39.670s] -- Installing: /home/javierfr/Robotics_Cyber_Physical_LAB/install/gazebo_plugin_sim/lib/librobot2_plugin.so
[39.675s] -- Set runtime path of "/home/javierfr/Robotics_Cyber_Physical_LAB/install/gazebo_plugin_sim/lib/librobot2_plugin.so" to ""
[39.675s] -- Installing: /home/javierfr/Robotics_Cyber_Physical_LAB/install/gazebo_plugin_sim/share/gazebo_plugin_sim//worlds
[39.675s] -- Installing: /home/javierfr/Robotics_Cyber_Physical_LAB/install/gazebo_plugin_sim/share/gazebo_plugin_sim//worlds/2platform_old.world
[39.676s] -- Installing: /home/javierfr/Robotics_Cyber_Physical_LAB/install/gazebo_plugin_sim/share/gazebo_plugin_sim//worlds/2robots_mod.world
[39.676s] -- Installing: /home/javierfr/Robotics_Cyber_Physical_LAB/install/gazebo_plugin_sim/share/gazebo_plugin_sim//worlds/2platform.world
[39.676s] -- Installing: /home/javierfr/Robotics_Cyber_Physical_LAB/install/gazebo_plugin_sim/share/gazebo_plugin_sim//worlds/test_mecanum_platform.world
[39.677s] -- Installing: /home/javierfr/Robotics_Cyber_Physical_LAB/install/gazebo_plugin_sim/share/gazebo_plugin_sim//worlds/2robots.world
[39.683s] Invoked command in '/home/javierfr/Robotics_Cyber_Physical_LAB/build/gazebo_plugin_sim' returned '0': CMAKE_PREFIX_PATH=${CMAKE_PREFIX_PATH}:/opt/ros/foxy /usr/bin/cmake --install /home/javierfr/Robotics_Cyber_Physical_LAB/build/gazebo_plugin_sim
