Not searching for unused variables given on the command line.
-- Found ament_cmake: 0.9.12 (/home/javierfr/microros_ws/uros_ws/firmware/dev_ws/install/ament_cmake/share/ament_cmake/cmake)
-- Found PythonInterp: /home/javierfr/microros_ws/uros_ws/firmware/toolchain/espressif/python_env/idf4.1_py3.8_env/bin/python3 (found suitable version "3.8.10", minimum required is "3") 
-- Using PYTHON_EXECUTABLE: /home/javierfr/microros_ws/uros_ws/firmware/toolchain/espressif/python_env/idf4.1_py3.8_env/bin/python3
-- Configuring done
-- Generating done
-- Build files have been written to: /home/javierfr/microros_ws/uros_ws/firmware/mcu_ws/build/rosidl_parser
make[4]: Entering directory '/home/javierfr/microros_ws/uros_ws/firmware/mcu_ws/build/rosidl_parser'
/usr/bin/cmake -S/home/javierfr/microros_ws/uros_ws/firmware/mcu_ws/ros2/rosidl/rosidl_parser -B/home/javierfr/microros_ws/uros_ws/firmware/mcu_ws/build/rosidl_parser --check-build-system CMakeFiles/Makefile.cmake 0
/usr/bin/cmake -E cmake_progress_start /home/javierfr/microros_ws/uros_ws/firmware/mcu_ws/build/rosidl_parser/CMakeFiles /home/javierfr/microros_ws/uros_ws/firmware/mcu_ws/build/rosidl_parser/CMakeFiles/progress.marks
/usr/bin/make -f CMakeFiles/Makefile2 all
make[5]: Entering directory '/home/javierfr/microros_ws/uros_ws/firmware/mcu_ws/build/rosidl_parser'
make[5]: Nothing to be done for 'all'.
make[5]: Leaving directory '/home/javierfr/microros_ws/uros_ws/firmware/mcu_ws/build/rosidl_parser'
/usr/bin/cmake -E cmake_progress_start /home/javierfr/microros_ws/uros_ws/firmware/mcu_ws/build/rosidl_parser/CMakeFiles 0
make[4]: Leaving directory '/home/javierfr/microros_ws/uros_ws/firmware/mcu_ws/build/rosidl_parser'
-- Install configuration: "Debug"
-- Installing: /home/javierfr/microros_ws/uros_ws/firmware/mcu_ws/install/share/rosidl_parser/environment/pythonpath.sh
-- Installing: /home/javierfr/microros_ws/uros_ws/firmware/mcu_ws/install/share/rosidl_parser/environment/pythonpath.dsv
-- Installing: /home/javierfr/microros_ws/uros_ws/firmware/mcu_ws/install/lib/python3.8/site-packages/rosidl_parser
-- Installing: /home/javierfr/microros_ws/uros_ws/firmware/mcu_ws/install/lib/python3.8/site-packages/rosidl_parser/__init__.py
-- Installing: /home/javierfr/microros_ws/uros_ws/firmware/mcu_ws/install/lib/python3.8/site-packages/rosidl_parser/grammar.lark
-- Installing: /home/javierfr/microros_ws/uros_ws/firmware/mcu_ws/install/lib/python3.8/site-packages/rosidl_parser/definition.py
-- Installing: /home/javierfr/microros_ws/uros_ws/firmware/mcu_ws/install/lib/python3.8/site-packages/rosidl_parser/parser.py
Listing '/home/javierfr/microros_ws/uros_ws/firmware/mcu_ws/install/lib/python3.8/site-packages/rosidl_parser'...
Compiling '/home/javierfr/microros_ws/uros_ws/firmware/mcu_ws/install/lib/python3.8/site-packages/rosidl_parser/__init__.py'...
Compiling '/home/javierfr/microros_ws/uros_ws/firmware/mcu_ws/install/lib/python3.8/site-packages/rosidl_parser/definition.py'...
Compiling '/home/javierfr/microros_ws/uros_ws/firmware/mcu_ws/install/lib/python3.8/site-packages/rosidl_parser/parser.py'...
-- Installing: /home/javierfr/microros_ws/uros_ws/firmware/mcu_ws/install/share/ament_index/resource_index/package_run_dependencies/rosidl_parser
-- Installing: /home/javierfr/microros_ws/uros_ws/firmware/mcu_ws/install/share/ament_index/resource_index/parent_prefix_path/rosidl_parser
-- Installing: /home/javierfr/microros_ws/uros_ws/firmware/mcu_ws/install/share/rosidl_parser/environment/ament_prefix_path.sh
-- Installing: /home/javierfr/microros_ws/uros_ws/firmware/mcu_ws/install/share/rosidl_parser/environment/ament_prefix_path.dsv
-- Installing: /home/javierfr/microros_ws/uros_ws/firmware/mcu_ws/install/share/rosidl_parser/environment/path.sh
-- Installing: /home/javierfr/microros_ws/uros_ws/firmware/mcu_ws/install/share/rosidl_parser/environment/path.dsv
-- Installing: /home/javierfr/microros_ws/uros_ws/firmware/mcu_ws/install/share/rosidl_parser/local_setup.bash
-- Installing: /home/javierfr/microros_ws/uros_ws/firmware/mcu_ws/install/share/rosidl_parser/local_setup.sh
-- Installing: /home/javierfr/microros_ws/uros_ws/firmware/mcu_ws/install/share/rosidl_parser/local_setup.zsh
-- Installing: /home/javierfr/microros_ws/uros_ws/firmware/mcu_ws/install/share/rosidl_parser/local_setup.dsv
-- Installing: /home/javierfr/microros_ws/uros_ws/firmware/mcu_ws/install/share/rosidl_parser/package.dsv
-- Installing: /home/javierfr/microros_ws/uros_ws/firmware/mcu_ws/install/share/ament_index/resource_index/packages/rosidl_parser
-- Installing: /home/javierfr/microros_ws/uros_ws/firmware/mcu_ws/install/share/rosidl_parser/cmake/rosidl_parserConfig.cmake
-- Installing: /home/javierfr/microros_ws/uros_ws/firmware/mcu_ws/install/share/rosidl_parser/cmake/rosidl_parserConfig-version.cmake
-- Installing: /home/javierfr/microros_ws/uros_ws/firmware/mcu_ws/install/share/rosidl_parser/package.xml
-- Installing: /home/javierfr/microros_ws/uros_ws/firmware/mcu_ws/install/lib/rosidl_parser/idl2png
