[0.023s] Invoking command in '/home/javierfr/Tesis_ws/V1/build/gazebo_plugin_sim': /usr/bin/cmake --build /home/javierfr/Tesis_ws/V1/build/gazebo_plugin_sim -- -j12 -l12
[0.045s] -- Found ament_cmake: 0.9.8 (/opt/ros/foxy/share/ament_cmake/cmake)
[0.063s] -- Using PYTHON_EXECUTABLE: /usr/bin/python3
[0.220s] -- Found gazebo_dev: 3.5.3 (/opt/ros/foxy/share/gazebo_dev/cmake)
[0.255s] -- Found DART: /usr/include (Required is at least version "6.6") found components: dart 
[0.282s] -- Found Protobuf: /usr/lib/x86_64-linux-gnu/libprotobuf.so;-lpthread (found version "3.6.1") 
[0.283s] -- Looking for ignition-math6 -- found version 6.8.0
[0.287s] -- Searching for dependencies of ignition-math6
[0.288s] -- Looking for OGRE...
[0.291s] -- Found Ogre Ghadamon (1.9.0)
[0.292s] -- Found OGRE: optimized;/usr/lib/x86_64-linux-gnu/libOgreMain.so;debug;/usr/lib/x86_64-linux-gnu/libOgreMain.so
[0.299s] -- Looking for OGRE_Paging...
[0.300s] -- Found OGRE_Paging: optimized;/usr/lib/x86_64-linux-gnu/libOgrePaging.so;debug;/usr/lib/x86_64-linux-gnu/libOgrePaging.so
[0.300s] -- Looking for OGRE_Terrain...
[0.300s] -- Found OGRE_Terrain: optimized;/usr/lib/x86_64-linux-gnu/libOgreTerrain.so;debug;/usr/lib/x86_64-linux-gnu/libOgreTerrain.so
[0.300s] -- Looking for OGRE_Property...
[0.300s] -- Found OGRE_Property: optimized;/usr/lib/x86_64-linux-gnu/libOgreProperty.so;debug;/usr/lib/x86_64-linux-gnu/libOgreProperty.so
[0.300s] -- Looking for OGRE_RTShaderSystem...
[0.300s] -- Found OGRE_RTShaderSystem: optimized;/usr/lib/x86_64-linux-gnu/libOgreRTShaderSystem.so;debug;/usr/lib/x86_64-linux-gnu/libOgreRTShaderSystem.so
[0.301s] -- Looking for OGRE_Volume...
[0.301s] -- Found OGRE_Volume: optimized;/usr/lib/x86_64-linux-gnu/libOgreVolume.so;debug;/usr/lib/x86_64-linux-gnu/libOgreVolume.so
[0.301s] -- Looking for OGRE_Overlay...
[0.301s] -- Found OGRE_Overlay: optimized;/usr/lib/x86_64-linux-gnu/libOgreOverlay.so;debug;/usr/lib/x86_64-linux-gnu/libOgreOverlay.so
[0.409s] -- Looking for ignition-math6 -- found version 6.8.0
[0.409s] -- Looking for ignition-transport8 -- found version 8.2.0
[0.410s] -- Searching for dependencies of ignition-transport8
[0.425s] -- Found Protobuf: /usr/lib/x86_64-linux-gnu/libprotobuf.so;-lpthread (found suitable version "3.6.1", minimum required is "3") 
[0.434s] -- Config-file not installed for ZeroMQ -- checking for pkg-config
[0.438s] -- Checking for module 'libzmq >= 4'
[0.449s] --   Found libzmq , version 4.3.2
[0.480s] -- Checking for module 'uuid'
[0.491s] --   Found uuid, version 2.34.0
[0.517s] -- Looking for ignition-msgs5 -- found version 5.7.0
[0.518s] -- Searching for dependencies of ignition-msgs5
[0.533s] -- Looking for ignition-math6 -- found version 6.8.0
[0.537s] -- Checking for module 'tinyxml2'
[0.547s] --   Found tinyxml2, version 6.2.0
[0.576s] -- Looking for ignition-msgs5 -- found version 5.7.0
[0.576s] -- Looking for ignition-common3 -- found version 3.13.1
[0.577s] -- Searching for dependencies of ignition-common3
[0.577s] -- Looking for dlfcn.h - found
[0.577s] -- Looking for libdl - found
[0.582s] -- Searching for <ignition-common3> component [graphics]
[0.583s] -- Looking for ignition-common3-graphics -- found version 3.13.1
[0.583s] -- Searching for dependencies of ignition-common3-graphics
[0.583s] -- Looking for ignition-math6 -- found version 6.8.0
[0.584s] -- Looking for ignition-fuel_tools4 -- found version 4.3.0
[0.585s] -- Searching for dependencies of ignition-fuel_tools4
[0.603s] -- Checking for module 'jsoncpp'
[0.614s] --   Found jsoncpp, version 1.7.4
[0.644s] -- Checking for module 'libzip'
[0.655s] --   Found libzip, version 1.5.1
[0.682s] -- Looking for ignition-common3 -- found version 3.13.1
[0.682s] -- Looking for ignition-msgs5 -- found version 5.7.0
[0.683s] -- Gazebo version: 11.5
[0.683s] -- Found gazebo_ros: 3.5.3 (/opt/ros/foxy/share/gazebo_ros/cmake)
[0.707s] -- Using all available rosidl_typesupport_c: rosidl_typesupport_fastrtps_c;rosidl_typesupport_introspection_c
[0.710s] -- Found rosidl_adapter: 1.2.1 (/opt/ros/foxy/share/rosidl_adapter/cmake)
[0.806s] -- Using all available rosidl_typesupport_cpp: rosidl_typesupport_fastrtps_cpp;rosidl_typesupport_introspection_cpp
[0.844s] -- Found rmw_implementation_cmake: 1.0.3 (/opt/ros/foxy/share/rmw_implementation_cmake/cmake)
[0.846s] -- Using RMW implementation 'rmw_fastrtps_cpp' as default
[1.019s] Error parsing '/home/javierfr/Tesis_ws/V1/src/gazebo_plugin_sim/package.xml':
[1.103s] Traceback (most recent call last):
[1.103s]   File "/opt/ros/foxy/share/ament_cmake_core/cmake/core/package_xml_2_cmake.py", line 143, in <module>
[1.103s]     main()
[1.104s]   File "/opt/ros/foxy/share/ament_cmake_core/cmake/core/package_xml_2_cmake.py", line 52, in main
[1.104s]     raise e
[1.104s]   File "/opt/ros/foxy/share/ament_cmake_core/cmake/core/package_xml_2_cmake.py", line 48, in main
[1.104s]     package = parse_package_string(
[1.104s]   File "/usr/lib/python3/dist-packages/catkin_pkg/package.py", line 773, in parse_package_string
[1.104s]     pkg.validate(warnings=warnings)
[1.104s]   File "/usr/lib/python3/dist-packages/catkin_pkg/package.py", line 316, in validate
[1.104s]     raise InvalidPackage('\n'.join(errors), self.filename)
[1.104s] catkin_pkg.package.InvalidPackage: Error(s) in package '/home/javierfr/Tesis_ws/V1/src/gazebo_plugin_sim/package.xml':
[1.104s] The package "gazebo_plugin_sim" must not "build_depend" on a package with the same name as this package
[1.104s] The package "gazebo_plugin_sim" must not "build_export_depend" on a package with the same name as this package
[1.104s] The package "gazebo_plugin_sim" must not "exec_depend" on a package with the same name as this package
[1.117s] CMake Error at /opt/ros/foxy/share/ament_cmake_core/cmake/core/ament_package_xml.cmake:94 (message):
[1.117s]   execute_process(/usr/bin/python3
[1.117s]   /opt/ros/foxy/share/ament_cmake_core/cmake/core/package_xml_2_cmake.py
[1.117s]   /home/javierfr/Tesis_ws/V1/src/gazebo_plugin_sim/package.xml
[1.118s]   /home/javierfr/Tesis_ws/V1/build/gazebo_plugin_sim/ament_cmake_core/package.cmake)
[1.118s]   returned error code 1
[1.118s] Call Stack (most recent call first):
[1.118s]   /opt/ros/foxy/share/ament_cmake_core/cmake/core/ament_package_xml.cmake:49 (_ament_package_xml)
[1.118s]   /opt/ros/foxy/share/ament_cmake_core/cmake/core/ament_package.cmake:63 (ament_package_xml)
[1.118s]   CMakeLists.txt:50 (ament_package)
[1.118s] 
[1.118s] 
[1.119s] -- Configuring incomplete, errors occurred!
[1.119s] See also "/home/javierfr/Tesis_ws/V1/build/gazebo_plugin_sim/CMakeFiles/CMakeOutput.log".
[1.119s] See also "/home/javierfr/Tesis_ws/V1/build/gazebo_plugin_sim/CMakeFiles/CMakeError.log".
[1.126s] make: *** [Makefile:266: cmake_check_build_system] Error 1
[1.128s] Invoked command in '/home/javierfr/Tesis_ws/V1/build/gazebo_plugin_sim' returned '2': /usr/bin/cmake --build /home/javierfr/Tesis_ws/V1/build/gazebo_plugin_sim -- -j12 -l12
