[0.166s] Invoking command in '/home/javierfr/microros_ws/uros_ws/build/micro_ros_msgs': CMAKE_PREFIX_PATH=${CMAKE_PREFIX_PATH}:/opt/ros/foxy /usr/bin/cmake --build /home/javierfr/microros_ws/uros_ws/build/micro_ros_msgs -- -j12 -l12
[0.199s] [  2%] [34m[1mGenerating C code for ROS interfaces[0m
[0.207s] [  4%] [34m[1mGenerating C++ code for ROS interfaces[0m
[0.497s] [  4%] Built target micro_ros_msgs__cpp
[0.508s] [  6%] [34m[1mGenerating C++ introspection for ROS interfaces[0m
[0.509s] [ 10%] [34m[1mGenerating C++ type support dispatch for ROS interfaces[0m
[0.509s] [ 10%] [34m[1mGenerating C++ type support for eProsima Fast-RTPS[0m
[0.513s] [35m[1mScanning dependencies of target micro_ros_msgs__rosidl_generator_c[0m
[0.527s] [ 14%] [32mBuilding C object CMakeFiles/micro_ros_msgs__rosidl_generator_c.dir/rosidl_generator_c/micro_ros_msgs/msg/detail/node__functions.c.o[0m
[0.527s] [ 14%] [32mBuilding C object CMakeFiles/micro_ros_msgs__rosidl_generator_c.dir/rosidl_generator_c/micro_ros_msgs/msg/detail/graph__functions.c.o[0m
[0.530s] [ 17%] [32mBuilding C object CMakeFiles/micro_ros_msgs__rosidl_generator_c.dir/rosidl_generator_c/micro_ros_msgs/msg/detail/entity__functions.c.o[0m
[0.571s] [ 19%] [32m[1mLinking C shared library libmicro_ros_msgs__rosidl_generator_c.so[0m
[0.600s] [ 19%] Built target micro_ros_msgs__rosidl_generator_c
[0.611s] [ 23%] [34m[1mGenerating C type support dispatch for ROS interfaces[0m
[0.611s] [ 23%] [34m[1mGenerating C introspection for ROS interfaces[0m
[0.743s] [35m[1mScanning dependencies of target micro_ros_msgs__rosidl_typesupport_cpp[0m
[0.761s] [ 27%] [32mBuilding CXX object CMakeFiles/micro_ros_msgs__rosidl_typesupport_cpp.dir/rosidl_typesupport_cpp/micro_ros_msgs/msg/node__type_support.cpp.o[0m
[0.761s] [ 29%] [32mBuilding CXX object CMakeFiles/micro_ros_msgs__rosidl_typesupport_cpp.dir/rosidl_typesupport_cpp/micro_ros_msgs/msg/entity__type_support.cpp.o[0m
[0.761s] [ 29%] [32mBuilding CXX object CMakeFiles/micro_ros_msgs__rosidl_typesupport_cpp.dir/rosidl_typesupport_cpp/micro_ros_msgs/msg/graph__type_support.cpp.o[0m
[0.769s] [35m[1mScanning dependencies of target micro_ros_msgs__rosidl_typesupport_introspection_cpp[0m
[0.785s] [ 31%] [32mBuilding CXX object CMakeFiles/micro_ros_msgs__rosidl_typesupport_introspection_cpp.dir/rosidl_typesupport_introspection_cpp/micro_ros_msgs/msg/detail/node__type_support.cpp.o[0m
[0.787s] [ 36%] [32mBuilding CXX object CMakeFiles/micro_ros_msgs__rosidl_typesupport_introspection_cpp.dir/rosidl_typesupport_introspection_cpp/micro_ros_msgs/msg/detail/graph__type_support.cpp.o[0m
[0.787s] [ 36%] [32mBuilding CXX object CMakeFiles/micro_ros_msgs__rosidl_typesupport_introspection_cpp.dir/rosidl_typesupport_introspection_cpp/micro_ros_msgs/msg/detail/entity__type_support.cpp.o[0m
[0.817s] [35m[1mScanning dependencies of target micro_ros_msgs__rosidl_typesupport_fastrtps_cpp[0m
[0.845s] [ 42%] [32mBuilding CXX object CMakeFiles/micro_ros_msgs__rosidl_typesupport_fastrtps_cpp.dir/rosidl_typesupport_fastrtps_cpp/micro_ros_msgs/msg/detail/dds_fastrtps/node__type_support.cpp.o[0m
[0.845s] [ 42%] [32mBuilding CXX object CMakeFiles/micro_ros_msgs__rosidl_typesupport_fastrtps_cpp.dir/rosidl_typesupport_fastrtps_cpp/micro_ros_msgs/msg/detail/dds_fastrtps/entity__type_support.cpp.o[0m
[0.845s] [ 42%] [32mBuilding CXX object CMakeFiles/micro_ros_msgs__rosidl_typesupport_fastrtps_cpp.dir/rosidl_typesupport_fastrtps_cpp/micro_ros_msgs/msg/detail/dds_fastrtps/graph__type_support.cpp.o[0m
[0.917s] [35m[1mScanning dependencies of target micro_ros_msgs__rosidl_typesupport_c[0m
[0.928s] [35m[1mScanning dependencies of target micro_ros_msgs__rosidl_typesupport_introspection_c[0m
[0.936s] [ 44%] [32mBuilding CXX object CMakeFiles/micro_ros_msgs__rosidl_typesupport_c.dir/rosidl_typesupport_c/micro_ros_msgs/msg/graph__type_support.cpp.o[0m
[0.938s] [ 46%] [32mBuilding CXX object CMakeFiles/micro_ros_msgs__rosidl_typesupport_c.dir/rosidl_typesupport_c/micro_ros_msgs/msg/node__type_support.cpp.o[0m
[0.947s] [ 48%] [32mBuilding C object CMakeFiles/micro_ros_msgs__rosidl_typesupport_introspection_c.dir/rosidl_typesupport_introspection_c/micro_ros_msgs/msg/detail/graph__type_support.c.o[0m
[0.980s] [ 51%] [32mBuilding CXX object CMakeFiles/micro_ros_msgs__rosidl_typesupport_c.dir/rosidl_typesupport_c/micro_ros_msgs/msg/entity__type_support.cpp.o[0m
[0.983s] [ 53%] [32mBuilding C object CMakeFiles/micro_ros_msgs__rosidl_typesupport_introspection_c.dir/rosidl_typesupport_introspection_c/micro_ros_msgs/msg/detail/node__type_support.c.o[0m
[0.998s] [ 55%] [32mBuilding C object CMakeFiles/micro_ros_msgs__rosidl_typesupport_introspection_c.dir/rosidl_typesupport_introspection_c/micro_ros_msgs/msg/detail/entity__type_support.c.o[0m
[1.031s] [ 57%] [32m[1mLinking CXX shared library libmicro_ros_msgs__rosidl_typesupport_c.so[0m
[1.043s] [ 59%] [32m[1mLinking C shared library libmicro_ros_msgs__rosidl_typesupport_introspection_c.so[0m
[1.075s] [ 59%] Built target micro_ros_msgs__rosidl_typesupport_introspection_c
[1.084s] [ 59%] Built target micro_ros_msgs__rosidl_typesupport_c
[1.124s] [ 61%] [32m[1mLinking CXX shared library libmicro_ros_msgs__rosidl_typesupport_cpp.so[0m
[1.160s] [ 61%] Built target micro_ros_msgs__rosidl_typesupport_cpp
[1.224s] [ 63%] [32m[1mLinking CXX shared library libmicro_ros_msgs__rosidl_typesupport_introspection_cpp.so[0m
[1.291s] [ 63%] Built target micro_ros_msgs__rosidl_typesupport_introspection_cpp
[1.380s] [ 65%] [32m[1mLinking CXX shared library libmicro_ros_msgs__rosidl_typesupport_fastrtps_cpp.so[0m
[1.452s] [ 65%] Built target micro_ros_msgs__rosidl_typesupport_fastrtps_cpp
[1.462s] [ 68%] [34m[1mGenerating C type support for eProsima Fast-RTPS[0m
[1.721s] [35m[1mScanning dependencies of target micro_ros_msgs__rosidl_typesupport_fastrtps_c[0m
[1.749s] [ 74%] [32mBuilding CXX object CMakeFiles/micro_ros_msgs__rosidl_typesupport_fastrtps_c.dir/rosidl_typesupport_fastrtps_c/micro_ros_msgs/msg/detail/entity__type_support_c.cpp.o[0m
[1.749s] [ 74%] [32mBuilding CXX object CMakeFiles/micro_ros_msgs__rosidl_typesupport_fastrtps_c.dir/rosidl_typesupport_fastrtps_c/micro_ros_msgs/msg/detail/node__type_support_c.cpp.o[0m
[1.749s] [ 74%] [32mBuilding CXX object CMakeFiles/micro_ros_msgs__rosidl_typesupport_fastrtps_c.dir/rosidl_typesupport_fastrtps_c/micro_ros_msgs/msg/detail/graph__type_support_c.cpp.o[0m
[2.028s] [ 76%] [32m[1mLinking CXX shared library libmicro_ros_msgs__rosidl_typesupport_fastrtps_c.so[0m
[2.095s] [ 76%] Built target micro_ros_msgs__rosidl_typesupport_fastrtps_c
[2.103s] [35m[1mScanning dependencies of target micro_ros_msgs[0m
[2.111s] [ 76%] Built target micro_ros_msgs
[2.119s] [35m[1mScanning dependencies of target micro_ros_msgs__py[0m
[2.129s] [ 78%] [34m[1mGenerating Python code for ROS interfaces[0m
[2.272s] ModuleNotFoundError in template '/opt/ros/foxy/share/rosidl_generator_py/cmake/../resource/_msg.py.em': No module named 'numpy'
[2.272s] ModuleNotFoundError when expanding '_idl.py.em' into '/home/javierfr/microros_ws/uros_ws/build/micro_ros_msgs/rosidl_generator_py/micro_ros_msgs/msg/_graph.py': No module named 'numpy'
[2.272s] Error processing idl file: /home/javierfr/microros_ws/uros_ws/build/micro_ros_msgs/rosidl_adapter/micro_ros_msgs/msg/Graph.idl
[2.273s] Traceback (most recent call last):
[2.273s]   File "/opt/ros/foxy/share/rosidl_generator_py/cmake/../../../lib/rosidl_generator_py/rosidl_generator_py", line 40, in <module>
[2.273s]     sys.exit(main())
[2.273s]   File "/opt/ros/foxy/share/rosidl_generator_py/cmake/../../../lib/rosidl_generator_py/rosidl_generator_py", line 36, in main
[2.273s]     return generate_py(args.generator_arguments_file, args.typesupport_impls.split(';'))
[2.273s]   File "/opt/ros/foxy/lib/python3.8/site-packages/rosidl_generator_py/generate_py_impl.py", line 61, in generate_py
[2.273s]     generate_files(generator_arguments_file, mapping)
[2.273s]   File "/opt/ros/foxy/lib/python3.8/site-packages/rosidl_cmake/__init__.py", line 96, in generate_files
[2.273s]     raise(e)
[2.273s]   File "/opt/ros/foxy/lib/python3.8/site-packages/rosidl_cmake/__init__.py", line 87, in generate_files
[2.273s]     expand_template(
[2.274s]   File "/opt/ros/foxy/lib/python3.8/site-packages/rosidl_cmake/__init__.py", line 149, in expand_template
[2.274s]     interpreter.string(template_content, template_path, locals=data)
[2.274s]   File "/home/javierfr/.espressif/python_env/idf5.2_py3.8_env/lib/python3.8/site-packages/em.py", line 2391, in string
[2.274s]     self.safe(scanner, True, locals)
[2.274s]   File "/home/javierfr/.espressif/python_env/idf5.2_py3.8_env/lib/python3.8/site-packages/em.py", line 2401, in safe
[2.274s]     self.parse(scanner, locals)
[2.274s]   File "/home/javierfr/.espressif/python_env/idf5.2_py3.8_env/lib/python3.8/site-packages/em.py", line 2421, in parse
[2.274s]     token.run(self, locals)
[2.274s]   File "/home/javierfr/.espressif/python_env/idf5.2_py3.8_env/lib/python3.8/site-packages/em.py", line 1547, in run
[2.274s]     self.subrun(info[0][1], interpreter, locals)
[2.274s]   File "/home/javierfr/.espressif/python_env/idf5.2_py3.8_env/lib/python3.8/site-packages/em.py", line 1631, in subrun
[2.274s]     token.run(interpreter, locals)
[2.275s]   File "/home/javierfr/.espressif/python_env/idf5.2_py3.8_env/lib/python3.8/site-packages/em.py", line 1425, in run
[2.275s]     interpreter.execute(self.code, locals)
[2.275s]   File "/home/javierfr/.espressif/python_env/idf5.2_py3.8_env/lib/python3.8/site-packages/em.py", line 2596, in execute
[2.275s]     _exec(statements, self.globals, locals)
[2.275s]   File "<string>", line 2, in <module>
[2.275s]   File "/opt/ros/foxy/lib/python3.8/site-packages/rosidl_cmake/__init__.py", line 198, in _expand_template
[2.275s]     interpreter.string(content, str(template_path), kwargs)
[2.275s]   File "/home/javierfr/.espressif/python_env/idf5.2_py3.8_env/lib/python3.8/site-packages/em.py", line 2391, in string
[2.275s]     self.safe(scanner, True, locals)
[2.275s]   File "/home/javierfr/.espressif/python_env/idf5.2_py3.8_env/lib/python3.8/site-packages/em.py", line 2401, in safe
[2.275s]     self.parse(scanner, locals)
[2.275s]   File "/home/javierfr/.espressif/python_env/idf5.2_py3.8_env/lib/python3.8/site-packages/em.py", line 2421, in parse
[2.275s]     token.run(self, locals)
[2.275s]   File "/home/javierfr/.espressif/python_env/idf5.2_py3.8_env/lib/python3.8/site-packages/em.py", line 1425, in run
[2.275s]     interpreter.execute(self.code, locals)
[2.276s]   File "/home/javierfr/.espressif/python_env/idf5.2_py3.8_env/lib/python3.8/site-packages/em.py", line 2596, in execute
[2.276s]     _exec(statements, self.globals, locals)
[2.276s]   File "<string>", line 3, in <module>
[2.276s] ModuleNotFoundError: No module named 'numpy'
[2.280s] Exception ignored in: <function Interpreter.__del__ at 0x7fce08dfcee0>
[2.280s] Traceback (most recent call last):
[2.280s]   File "/home/javierfr/.espressif/python_env/idf5.2_py3.8_env/lib/python3.8/site-packages/em.py", line 2094, in __del__
[2.280s]   File "/home/javierfr/.espressif/python_env/idf5.2_py3.8_env/lib/python3.8/site-packages/em.py", line 2157, in shutdown
[2.280s]   File "/home/javierfr/.espressif/python_env/idf5.2_py3.8_env/lib/python3.8/site-packages/em.py", line 2647, in finalize
[2.281s]   File "/home/javierfr/.espressif/python_env/idf5.2_py3.8_env/lib/python3.8/site-packages/em.py", line 2200, in push
[2.281s] AttributeError: '_io.TextIOWrapper' object has no attribute 'push'
[2.285s] make[2]: *** [micro_ros_msgs__py/CMakeFiles/micro_ros_msgs__py.dir/build.make:85: rosidl_generator_py/micro_ros_msgs/_micro_ros_msgs_s.ep.rosidl_typesupport_fastrtps_c.c] Error 1
[2.285s] make[1]: *** [CMakeFiles/Makefile2:553: micro_ros_msgs__py/CMakeFiles/micro_ros_msgs__py.dir/all] Error 2
[2.285s] make: *** [Makefile:141: all] Error 2
[2.287s] Invoked command in '/home/javierfr/microros_ws/uros_ws/build/micro_ros_msgs' returned '2': CMAKE_PREFIX_PATH=${CMAKE_PREFIX_PATH}:/opt/ros/foxy /usr/bin/cmake --build /home/javierfr/microros_ws/uros_ws/build/micro_ros_msgs -- -j12 -l12
