[1.107s] Invoking command in '/home/javierfr/microros_ws/uros_ws/firmware/mcu_ws/build/tinydir_vendor': CMAKE_PREFIX_PATH=${CMAKE_PREFIX_PATH}:/home/javierfr/microros_ws/uros_ws/firmware/dev_ws/install/ament_uncrustify:/home/javierfr/microros_ws/uros_ws/firmware/dev_ws/install/domain_coordinator:/home/javierfr/microros_ws/uros_ws/firmware/dev_ws/install/ament_xmllint:/home/javierfr/microros_ws/uros_ws/firmware/dev_ws/install/ament_pyflakes:/home/javierfr/microros_ws/uros_ws/firmware/dev_ws/install/ament_pycodestyle:/home/javierfr/microros_ws/uros_ws/firmware/dev_ws/install/ament_pep257:/home/javierfr/microros_ws/uros_ws/firmware/dev_ws/install/ament_pclint:/home/javierfr/microros_ws/uros_ws/firmware/dev_ws/install/ament_package:/home/javierfr/microros_ws/uros_ws/firmware/dev_ws/install/ament_mypy:/home/javierfr/microros_ws/uros_ws/firmware/dev_ws/install/ament_lint_cmake:/home/javierfr/microros_ws/uros_ws/firmware/dev_ws/install/ament_flake8:/home/javierfr/microros_ws/uros_ws/firmware/dev_ws/install/ament_copyright:/home/javierfr/microros_ws/uros_ws/firmware/dev_ws/install/ament_lint:/home/javierfr/microros_ws/uros_ws/firmware/dev_ws/install/ament_index_python:/home/javierfr/microros_ws/uros_ws/firmware/dev_ws/install/ament_cpplint:/home/javierfr/microros_ws/uros_ws/firmware/dev_ws/install/ament_cppcheck:/home/javierfr/microros_ws/uros_ws/firmware/dev_ws/install/ament_clang_tidy:/home/javierfr/microros_ws/uros_ws/firmware/dev_ws/install/ament_clang_format /usr/bin/cmake /home/javierfr/microros_ws/uros_ws/firmware/mcu_ws/ros2/tinydir_vendor --no-warn-unused-cli -DCMAKE_POSITION_INDEPENDENT_CODE:BOOL=OFF -DTHIRDPARTY=ON -DBUILD_SHARED_LIBS=OFF -DBUILD_TESTING=OFF -DCMAKE_BUILD_TYPE=Debug -DCMAKE_TOOLCHAIN_FILE=/home/javierfr/microros_ws/uros_ws/firmware/freertos_apps/microros_esp32_extensions/esp32_toolchain.cmake -DCMAKE_VERBOSE_MAKEFILE=ON -DCMAKE_INSTALL_PREFIX=/home/javierfr/microros_ws/uros_ws/firmware/mcu_ws/install
[1.865s] Not searching for unused variables given on the command line.
[1.865s] -- The C compiler identification is GNU 8.2.0
[1.866s] -- The CXX compiler identification is GNU 8.2.0
[1.867s] -- Check for working C compiler: /home/javierfr/microros_ws/uros_ws/firmware/toolchain/espressif/tools/xtensa-esp32-elf/esp-2020r2-8.2.0/xtensa-esp32-elf/bin/xtensa-esp32-elf-gcc
[1.869s] -- Check for working C compiler: /home/javierfr/microros_ws/uros_ws/firmware/toolchain/espressif/tools/xtensa-esp32-elf/esp-2020r2-8.2.0/xtensa-esp32-elf/bin/xtensa-esp32-elf-gcc -- works
[1.869s] -- Detecting C compiler ABI info
[1.869s] -- Detecting C compiler ABI info - done
[1.870s] -- Detecting C compile features
[1.870s] -- Detecting C compile features - done
[1.872s] -- Check for working CXX compiler: /home/javierfr/microros_ws/uros_ws/firmware/toolchain/espressif/tools/xtensa-esp32-elf/esp-2020r2-8.2.0/xtensa-esp32-elf/bin/xtensa-esp32-elf-g++
[1.873s] -- Check for working CXX compiler: /home/javierfr/microros_ws/uros_ws/firmware/toolchain/espressif/tools/xtensa-esp32-elf/esp-2020r2-8.2.0/xtensa-esp32-elf/bin/xtensa-esp32-elf-g++ -- works
[1.873s] -- Detecting CXX compiler ABI info
[1.873s] -- Detecting CXX compiler ABI info - done
[1.874s] -- Detecting CXX compile features
[1.874s] -- Detecting CXX compile features - done
[1.876s] -- Found PythonInterp: /home/javierfr/microros_ws/uros_ws/firmware/toolchain/espressif/python_env/idf4.1_py3.8_env/bin/python3 (found suitable version "3.8.10", minimum required is "3") 
[1.876s] -- Using PYTHON_EXECUTABLE: /home/javierfr/microros_ws/uros_ws/firmware/toolchain/espressif/python_env/idf4.1_py3.8_env/bin/python3
[1.877s] -- Configuring done
[1.877s] -- Generating done
[1.878s] -- Build files have been written to: /home/javierfr/microros_ws/uros_ws/firmware/mcu_ws/build/tinydir_vendor
[1.902s] Invoked command in '/home/javierfr/microros_ws/uros_ws/firmware/mcu_ws/build/tinydir_vendor' returned '0': CMAKE_PREFIX_PATH=${CMAKE_PREFIX_PATH}:/home/javierfr/microros_ws/uros_ws/firmware/dev_ws/install/ament_uncrustify:/home/javierfr/microros_ws/uros_ws/firmware/dev_ws/install/domain_coordinator:/home/javierfr/microros_ws/uros_ws/firmware/dev_ws/install/ament_xmllint:/home/javierfr/microros_ws/uros_ws/firmware/dev_ws/install/ament_pyflakes:/home/javierfr/microros_ws/uros_ws/firmware/dev_ws/install/ament_pycodestyle:/home/javierfr/microros_ws/uros_ws/firmware/dev_ws/install/ament_pep257:/home/javierfr/microros_ws/uros_ws/firmware/dev_ws/install/ament_pclint:/home/javierfr/microros_ws/uros_ws/firmware/dev_ws/install/ament_package:/home/javierfr/microros_ws/uros_ws/firmware/dev_ws/install/ament_mypy:/home/javierfr/microros_ws/uros_ws/firmware/dev_ws/install/ament_lint_cmake:/home/javierfr/microros_ws/uros_ws/firmware/dev_ws/install/ament_flake8:/home/javierfr/microros_ws/uros_ws/firmware/dev_ws/install/ament_copyright:/home/javierfr/microros_ws/uros_ws/firmware/dev_ws/install/ament_lint:/home/javierfr/microros_ws/uros_ws/firmware/dev_ws/install/ament_index_python:/home/javierfr/microros_ws/uros_ws/firmware/dev_ws/install/ament_cpplint:/home/javierfr/microros_ws/uros_ws/firmware/dev_ws/install/ament_cppcheck:/home/javierfr/microros_ws/uros_ws/firmware/dev_ws/install/ament_clang_tidy:/home/javierfr/microros_ws/uros_ws/firmware/dev_ws/install/ament_clang_format /usr/bin/cmake /home/javierfr/microros_ws/uros_ws/firmware/mcu_ws/ros2/tinydir_vendor --no-warn-unused-cli -DCMAKE_POSITION_INDEPENDENT_CODE:BOOL=OFF -DTHIRDPARTY=ON -DBUILD_SHARED_LIBS=OFF -DBUILD_TESTING=OFF -DCMAKE_BUILD_TYPE=Debug -DCMAKE_TOOLCHAIN_FILE=/home/javierfr/microros_ws/uros_ws/firmware/freertos_apps/microros_esp32_extensions/esp32_toolchain.cmake -DCMAKE_VERBOSE_MAKEFILE=ON -DCMAKE_INSTALL_PREFIX=/home/javierfr/microros_ws/uros_ws/firmware/mcu_ws/install
[1.903s] Invoking command in '/home/javierfr/microros_ws/uros_ws/firmware/mcu_ws/build/tinydir_vendor': CMAKE_PREFIX_PATH=${CMAKE_PREFIX_PATH}:/home/javierfr/microros_ws/uros_ws/firmware/dev_ws/install/ament_uncrustify:/home/javierfr/microros_ws/uros_ws/firmware/dev_ws/install/domain_coordinator:/home/javierfr/microros_ws/uros_ws/firmware/dev_ws/install/ament_xmllint:/home/javierfr/microros_ws/uros_ws/firmware/dev_ws/install/ament_pyflakes:/home/javierfr/microros_ws/uros_ws/firmware/dev_ws/install/ament_pycodestyle:/home/javierfr/microros_ws/uros_ws/firmware/dev_ws/install/ament_pep257:/home/javierfr/microros_ws/uros_ws/firmware/dev_ws/install/ament_pclint:/home/javierfr/microros_ws/uros_ws/firmware/dev_ws/install/ament_package:/home/javierfr/microros_ws/uros_ws/firmware/dev_ws/install/ament_mypy:/home/javierfr/microros_ws/uros_ws/firmware/dev_ws/install/ament_lint_cmake:/home/javierfr/microros_ws/uros_ws/firmware/dev_ws/install/ament_flake8:/home/javierfr/microros_ws/uros_ws/firmware/dev_ws/install/ament_copyright:/home/javierfr/microros_ws/uros_ws/firmware/dev_ws/install/ament_lint:/home/javierfr/microros_ws/uros_ws/firmware/dev_ws/install/ament_index_python:/home/javierfr/microros_ws/uros_ws/firmware/dev_ws/install/ament_cpplint:/home/javierfr/microros_ws/uros_ws/firmware/dev_ws/install/ament_cppcheck:/home/javierfr/microros_ws/uros_ws/firmware/dev_ws/install/ament_clang_tidy:/home/javierfr/microros_ws/uros_ws/firmware/dev_ws/install/ament_clang_format /usr/bin/cmake --build /home/javierfr/microros_ws/uros_ws/firmware/mcu_ws/build/tinydir_vendor -- -j12 -l12
[1.915s] make[4]: Entering directory '/home/javierfr/microros_ws/uros_ws/firmware/mcu_ws/build/tinydir_vendor'
[1.915s] /usr/bin/cmake -S/home/javierfr/microros_ws/uros_ws/firmware/mcu_ws/ros2/tinydir_vendor -B/home/javierfr/microros_ws/uros_ws/firmware/mcu_ws/build/tinydir_vendor --check-build-system CMakeFiles/Makefile.cmake 0
[1.915s] /usr/bin/cmake -E cmake_progress_start /home/javierfr/microros_ws/uros_ws/firmware/mcu_ws/build/tinydir_vendor/CMakeFiles /home/javierfr/microros_ws/uros_ws/firmware/mcu_ws/build/tinydir_vendor/CMakeFiles/progress.marks
[1.923s] /usr/bin/make -f CMakeFiles/Makefile2 all
[1.927s] make[5]: Entering directory '/home/javierfr/microros_ws/uros_ws/firmware/mcu_ws/build/tinydir_vendor'
[1.927s] /usr/bin/make -f CMakeFiles/tinydir-1.2.4.dir/build.make CMakeFiles/tinydir-1.2.4.dir/depend
[1.928s] make[6]: Entering directory '/home/javierfr/microros_ws/uros_ws/firmware/mcu_ws/build/tinydir_vendor'
[1.929s] cd /home/javierfr/microros_ws/uros_ws/firmware/mcu_ws/build/tinydir_vendor && /usr/bin/cmake -E cmake_depends "Unix Makefiles" /home/javierfr/microros_ws/uros_ws/firmware/mcu_ws/ros2/tinydir_vendor /home/javierfr/microros_ws/uros_ws/firmware/mcu_ws/ros2/tinydir_vendor /home/javierfr/microros_ws/uros_ws/firmware/mcu_ws/build/tinydir_vendor /home/javierfr/microros_ws/uros_ws/firmware/mcu_ws/build/tinydir_vendor /home/javierfr/microros_ws/uros_ws/firmware/mcu_ws/build/tinydir_vendor/CMakeFiles/tinydir-1.2.4.dir/DependInfo.cmake --color=
[1.938s] Dependee "/home/javierfr/microros_ws/uros_ws/firmware/mcu_ws/build/tinydir_vendor/CMakeFiles/tinydir-1.2.4.dir/DependInfo.cmake" is newer than depender "/home/javierfr/microros_ws/uros_ws/firmware/mcu_ws/build/tinydir_vendor/CMakeFiles/tinydir-1.2.4.dir/depend.internal".
[1.938s] Dependee "/home/javierfr/microros_ws/uros_ws/firmware/mcu_ws/build/tinydir_vendor/CMakeFiles/CMakeDirectoryInformation.cmake" is newer than depender "/home/javierfr/microros_ws/uros_ws/firmware/mcu_ws/build/tinydir_vendor/CMakeFiles/tinydir-1.2.4.dir/depend.internal".
[1.938s] [35m[1mScanning dependencies of target tinydir-1.2.4[0m
[1.940s] make[6]: Leaving directory '/home/javierfr/microros_ws/uros_ws/firmware/mcu_ws/build/tinydir_vendor'
[1.940s] /usr/bin/make -f CMakeFiles/tinydir-1.2.4.dir/build.make CMakeFiles/tinydir-1.2.4.dir/build
[1.943s] make[6]: Entering directory '/home/javierfr/microros_ws/uros_ws/firmware/mcu_ws/build/tinydir_vendor'
[1.944s] [ 12%] [34m[1mCreating directories for 'tinydir-1.2.4'[0m
[1.944s] /usr/bin/cmake -E make_directory /home/javierfr/microros_ws/uros_ws/firmware/mcu_ws/build/tinydir_vendor/tinydir-1.2.4/src/tinydir-1.2.4
[1.950s] /usr/bin/cmake -E make_directory /home/javierfr/microros_ws/uros_ws/firmware/mcu_ws/build/tinydir_vendor/tinydir-1.2.4/src/tinydir-1.2.4
[1.953s] /usr/bin/cmake -E make_directory /home/javierfr/microros_ws/uros_ws/firmware/mcu_ws/build/tinydir_vendor/tinydir-1.2.4
[1.954s] /usr/bin/cmake -E make_directory /home/javierfr/microros_ws/uros_ws/firmware/mcu_ws/build/tinydir_vendor/tinydir-1.2.4/tmp
[1.962s] /usr/bin/cmake -E make_directory /home/javierfr/microros_ws/uros_ws/firmware/mcu_ws/build/tinydir_vendor/tinydir-1.2.4/src/tinydir-1.2.4-stamp
[1.970s] /usr/bin/cmake -E make_directory /home/javierfr/microros_ws/uros_ws/firmware/mcu_ws/build/tinydir_vendor/tinydir-1.2.4/src
[1.979s] /usr/bin/cmake -E make_directory /home/javierfr/microros_ws/uros_ws/firmware/mcu_ws/build/tinydir_vendor/tinydir-1.2.4/src/tinydir-1.2.4-stamp
[1.987s] /usr/bin/cmake -E touch /home/javierfr/microros_ws/uros_ws/firmware/mcu_ws/build/tinydir_vendor/tinydir-1.2.4/src/tinydir-1.2.4-stamp/tinydir-1.2.4-mkdir
[2.014s] [ 25%] [34m[1mPerforming download step (download, verify and extract) for 'tinydir-1.2.4'[0m
[2.014s] cd /home/javierfr/microros_ws/uros_ws/firmware/mcu_ws/build/tinydir_vendor/tinydir-1.2.4/src && /usr/bin/cmake -P /home/javierfr/microros_ws/uros_ws/firmware/mcu_ws/build/tinydir_vendor/tinydir-1.2.4/src/tinydir-1.2.4-stamp/download-tinydir-1.2.4.cmake
[2.025s] -- Downloading...
[2.025s]    dst='/home/javierfr/microros_ws/uros_ws/firmware/mcu_ws/build/tinydir_vendor/tinydir-1.2.4/src/1.2.4.tar.gz'
[2.025s]    timeout='none'
[2.025s] -- Using src='https://github.com/cxong/tinydir/archive/1.2.4.tar.gz'
[2.863s] -- verifying file...
[2.863s]        file='/home/javierfr/microros_ws/uros_ws/firmware/mcu_ws/build/tinydir_vendor/tinydir-1.2.4/src/1.2.4.tar.gz'
[2.863s] -- Downloading... done
[2.863s] cd /home/javierfr/microros_ws/uros_ws/firmware/mcu_ws/build/tinydir_vendor/tinydir-1.2.4/src && /usr/bin/cmake -P /home/javierfr/microros_ws/uros_ws/firmware/mcu_ws/build/tinydir_vendor/tinydir-1.2.4/src/tinydir-1.2.4-stamp/verify-tinydir-1.2.4.cmake
[2.871s] cd /home/javierfr/microros_ws/uros_ws/firmware/mcu_ws/build/tinydir_vendor/tinydir-1.2.4/src && /usr/bin/cmake -P /home/javierfr/microros_ws/uros_ws/firmware/mcu_ws/build/tinydir_vendor/tinydir-1.2.4/src/tinydir-1.2.4-stamp/extract-tinydir-1.2.4.cmake
[2.877s] -- extracting...
[2.878s]      src='/home/javierfr/microros_ws/uros_ws/firmware/mcu_ws/build/tinydir_vendor/tinydir-1.2.4/src/1.2.4.tar.gz'
[2.878s]      dst='/home/javierfr/microros_ws/uros_ws/firmware/mcu_ws/build/tinydir_vendor/tinydir-1.2.4/src/tinydir-1.2.4'
[2.878s] -- extracting... [tar xfz]
[2.886s] -- extracting... [analysis]
[2.886s] -- extracting... [rename]
[2.886s] -- extracting... [clean up]
[2.886s] -- extracting... done
[2.887s] cd /home/javierfr/microros_ws/uros_ws/firmware/mcu_ws/build/tinydir_vendor/tinydir-1.2.4/src && /usr/bin/cmake -E touch /home/javierfr/microros_ws/uros_ws/firmware/mcu_ws/build/tinydir_vendor/tinydir-1.2.4/src/tinydir-1.2.4-stamp/tinydir-1.2.4-download
[2.901s] [ 50%] [34m[1mNo update step for 'tinydir-1.2.4'[0m
[2.902s] [ 50%] [34m[1mPerforming patch step for 'tinydir-1.2.4'[0m
[2.903s] cd /home/javierfr/microros_ws/uros_ws/firmware/mcu_ws/build/tinydir_vendor/tinydir-1.2.4/src/tinydir-1.2.4 && /usr/bin/cmake -E copy /home/javierfr/microros_ws/uros_ws/firmware/mcu_ws/ros2/tinydir_vendor/tinydir_cmakelists.txt /home/javierfr/microros_ws/uros_ws/firmware/mcu_ws/build/tinydir_vendor/tinydir-1.2.4/src/tinydir-1.2.4/CMakeLists.txt
[2.903s] /usr/bin/cmake -E echo_append
[2.909s] /usr/bin/cmake -E touch /home/javierfr/microros_ws/uros_ws/firmware/mcu_ws/build/tinydir_vendor/tinydir-1.2.4/src/tinydir-1.2.4-stamp/tinydir-1.2.4-update
[2.910s] cd /home/javierfr/microros_ws/uros_ws/firmware/mcu_ws/build/tinydir_vendor/tinydir-1.2.4/src/tinydir-1.2.4 && /usr/bin/cmake -E touch /home/javierfr/microros_ws/uros_ws/firmware/mcu_ws/build/tinydir_vendor/tinydir-1.2.4/src/tinydir-1.2.4-stamp/tinydir-1.2.4-patch
[2.922s] [ 62%] [34m[1mPerforming configure step for 'tinydir-1.2.4'[0m
[2.922s] cd /home/javierfr/microros_ws/uros_ws/firmware/mcu_ws/build/tinydir_vendor/tinydir-1.2.4/src/tinydir-1.2.4 && /usr/bin/cmake -DCMAKE_INSTALL_PREFIX=/home/javierfr/microros_ws/uros_ws/firmware/mcu_ws/build/tinydir_vendor/tinydir_vendor_install "-DCMAKE_CXX_FLAGS=-mlongcalls -Wno-frame-address -mlongcalls -Wno-frame-address" -DCMAKE_C_COMPILER=/home/javierfr/microros_ws/uros_ws/firmware/toolchain/espressif/tools/xtensa-esp32-elf/esp-2020r2-8.2.0/xtensa-esp32-elf/bin/xtensa-esp32-elf-gcc -DCMAKE_CXX_COMPILER=/home/javierfr/microros_ws/uros_ws/firmware/toolchain/espressif/tools/xtensa-esp32-elf/esp-2020r2-8.2.0/xtensa-esp32-elf/bin/xtensa-esp32-elf-g++ -DCMAKE_TOOLCHAIN_FILE=/home/javierfr/microros_ws/uros_ws/firmware/freertos_apps/microros_esp32_extensions/esp32_toolchain.cmake "-GUnix Makefiles" /home/javierfr/microros_ws/uros_ws/firmware/mcu_ws/build/tinydir_vendor/tinydir-1.2.4/src/tinydir-1.2.4
[2.929s] Re-run cmake no build system arguments
[2.961s] -- The C compiler identification is GNU 8.2.0
[2.996s] -- The CXX compiler identification is GNU 8.2.0
[3.004s] -- Check for working C compiler: /home/javierfr/microros_ws/uros_ws/firmware/toolchain/espressif/tools/xtensa-esp32-elf/esp-2020r2-8.2.0/xtensa-esp32-elf/bin/xtensa-esp32-elf-gcc
[3.055s] -- Check for working C compiler: /home/javierfr/microros_ws/uros_ws/firmware/toolchain/espressif/tools/xtensa-esp32-elf/esp-2020r2-8.2.0/xtensa-esp32-elf/bin/xtensa-esp32-elf-gcc -- works
[3.055s] -- Detecting C compiler ABI info
[3.102s] -- Detecting C compiler ABI info - done
[3.116s] -- Detecting C compile features
[3.117s] -- Detecting C compile features - done
[3.121s] -- Check for working CXX compiler: /home/javierfr/microros_ws/uros_ws/firmware/toolchain/espressif/tools/xtensa-esp32-elf/esp-2020r2-8.2.0/xtensa-esp32-elf/bin/xtensa-esp32-elf-g++
[3.176s] -- Check for working CXX compiler: /home/javierfr/microros_ws/uros_ws/firmware/toolchain/espressif/tools/xtensa-esp32-elf/esp-2020r2-8.2.0/xtensa-esp32-elf/bin/xtensa-esp32-elf-g++ -- works
[3.177s] -- Detecting CXX compiler ABI info
[3.233s] -- Detecting CXX compiler ABI info - done
[3.245s] -- Detecting CXX compile features
[3.246s] -- Detecting CXX compile features - done
[3.247s] -- Configuring done
[3.249s] -- Generating done
[3.249s] -- Build files have been written to: /home/javierfr/microros_ws/uros_ws/firmware/mcu_ws/build/tinydir_vendor/tinydir-1.2.4/src/tinydir-1.2.4
[3.252s] cd /home/javierfr/microros_ws/uros_ws/firmware/mcu_ws/build/tinydir_vendor/tinydir-1.2.4/src/tinydir-1.2.4 && /usr/bin/cmake -E touch /home/javierfr/microros_ws/uros_ws/firmware/mcu_ws/build/tinydir_vendor/tinydir-1.2.4/src/tinydir-1.2.4-stamp/tinydir-1.2.4-configure
[3.266s] [ 75%] [34m[1mPerforming build step for 'tinydir-1.2.4'[0m
[3.266s] cd /home/javierfr/microros_ws/uros_ws/firmware/mcu_ws/build/tinydir_vendor/tinydir-1.2.4/src/tinydir-1.2.4 && /usr/bin/make
[3.268s] make[7]: Entering directory '/home/javierfr/microros_ws/uros_ws/firmware/mcu_ws/build/tinydir_vendor/tinydir-1.2.4/src/tinydir-1.2.4'
[3.268s] /usr/bin/cmake -S/home/javierfr/microros_ws/uros_ws/firmware/mcu_ws/build/tinydir_vendor/tinydir-1.2.4/src/tinydir-1.2.4 -B/home/javierfr/microros_ws/uros_ws/firmware/mcu_ws/build/tinydir_vendor/tinydir-1.2.4/src/tinydir-1.2.4 --check-build-system CMakeFiles/Makefile.cmake 0
[3.276s] /usr/bin/cmake -E cmake_progress_start /home/javierfr/microros_ws/uros_ws/firmware/mcu_ws/build/tinydir_vendor/tinydir-1.2.4/src/tinydir-1.2.4/CMakeFiles /home/javierfr/microros_ws/uros_ws/firmware/mcu_ws/build/tinydir_vendor/tinydir-1.2.4/src/tinydir-1.2.4/CMakeFiles/progress.marks
[3.282s] /usr/bin/make -f CMakeFiles/Makefile2 all
[3.282s] make[8]: Entering directory '/home/javierfr/microros_ws/uros_ws/firmware/mcu_ws/build/tinydir_vendor/tinydir-1.2.4/src/tinydir-1.2.4'
[3.283s] make[8]: Nothing to be done for 'all'.
[3.283s] make[8]: Leaving directory '/home/javierfr/microros_ws/uros_ws/firmware/mcu_ws/build/tinydir_vendor/tinydir-1.2.4/src/tinydir-1.2.4'
[3.283s] /usr/bin/cmake -E cmake_progress_start /home/javierfr/microros_ws/uros_ws/firmware/mcu_ws/build/tinydir_vendor/tinydir-1.2.4/src/tinydir-1.2.4/CMakeFiles 0
[3.290s] make[7]: Leaving directory '/home/javierfr/microros_ws/uros_ws/firmware/mcu_ws/build/tinydir_vendor/tinydir-1.2.4/src/tinydir-1.2.4'
[3.290s] cd /home/javierfr/microros_ws/uros_ws/firmware/mcu_ws/build/tinydir_vendor/tinydir-1.2.4/src/tinydir-1.2.4 && /usr/bin/cmake -E touch /home/javierfr/microros_ws/uros_ws/firmware/mcu_ws/build/tinydir_vendor/tinydir-1.2.4/src/tinydir-1.2.4-stamp/tinydir-1.2.4-build
[3.304s] [ 87%] [34m[1mPerforming install step for 'tinydir-1.2.4'[0m
[3.304s] cd /home/javierfr/microros_ws/uros_ws/firmware/mcu_ws/build/tinydir_vendor/tinydir-1.2.4/src/tinydir-1.2.4 && /usr/bin/make install
[3.306s] make[7]: Entering directory '/home/javierfr/microros_ws/uros_ws/firmware/mcu_ws/build/tinydir_vendor/tinydir-1.2.4/src/tinydir-1.2.4'
[3.307s] /usr/bin/cmake -S/home/javierfr/microros_ws/uros_ws/firmware/mcu_ws/build/tinydir_vendor/tinydir-1.2.4/src/tinydir-1.2.4 -B/home/javierfr/microros_ws/uros_ws/firmware/mcu_ws/build/tinydir_vendor/tinydir-1.2.4/src/tinydir-1.2.4 --check-build-system CMakeFiles/Makefile.cmake 0
[3.312s] /usr/bin/cmake -E cmake_progress_start /home/javierfr/microros_ws/uros_ws/firmware/mcu_ws/build/tinydir_vendor/tinydir-1.2.4/src/tinydir-1.2.4/CMakeFiles /home/javierfr/microros_ws/uros_ws/firmware/mcu_ws/build/tinydir_vendor/tinydir-1.2.4/src/tinydir-1.2.4/CMakeFiles/progress.marks
[3.319s] /usr/bin/make -f CMakeFiles/Makefile2 all
[3.319s] make[8]: Entering directory '/home/javierfr/microros_ws/uros_ws/firmware/mcu_ws/build/tinydir_vendor/tinydir-1.2.4/src/tinydir-1.2.4'
[3.320s] make[8]: Nothing to be done for 'all'.
[3.320s] make[8]: Leaving directory '/home/javierfr/microros_ws/uros_ws/firmware/mcu_ws/build/tinydir_vendor/tinydir-1.2.4/src/tinydir-1.2.4'
[3.320s] /usr/bin/cmake -E cmake_progress_start /home/javierfr/microros_ws/uros_ws/firmware/mcu_ws/build/tinydir_vendor/tinydir-1.2.4/src/tinydir-1.2.4/CMakeFiles 0
[3.326s] /usr/bin/make -f CMakeFiles/Makefile2 preinstall
[3.327s] make[8]: Entering directory '/home/javierfr/microros_ws/uros_ws/firmware/mcu_ws/build/tinydir_vendor/tinydir-1.2.4/src/tinydir-1.2.4'
[3.327s] make[8]: Nothing to be done for 'preinstall'.
[3.327s] make[8]: Leaving directory '/home/javierfr/microros_ws/uros_ws/firmware/mcu_ws/build/tinydir_vendor/tinydir-1.2.4/src/tinydir-1.2.4'
[3.336s] [36mInstall the project...[0m
[3.337s] /usr/bin/cmake -P cmake_install.cmake
[3.347s] -- Install configuration: ""
[3.347s] -- Installing: /home/javierfr/microros_ws/uros_ws/firmware/mcu_ws/build/tinydir_vendor/tinydir_vendor_install/include/tinydir/tinydir.h
[3.347s] make[7]: Leaving directory '/home/javierfr/microros_ws/uros_ws/firmware/mcu_ws/build/tinydir_vendor/tinydir-1.2.4/src/tinydir-1.2.4'
[3.347s] cd /home/javierfr/microros_ws/uros_ws/firmware/mcu_ws/build/tinydir_vendor/tinydir-1.2.4/src/tinydir-1.2.4 && /usr/bin/cmake -E touch /home/javierfr/microros_ws/uros_ws/firmware/mcu_ws/build/tinydir_vendor/tinydir-1.2.4/src/tinydir-1.2.4-stamp/tinydir-1.2.4-install
[3.355s] [100%] [34m[1mCompleted 'tinydir-1.2.4'[0m
[3.356s] /usr/bin/cmake -E make_directory /home/javierfr/microros_ws/uros_ws/firmware/mcu_ws/build/tinydir_vendor/CMakeFiles
[3.361s] /usr/bin/cmake -E touch /home/javierfr/microros_ws/uros_ws/firmware/mcu_ws/build/tinydir_vendor/CMakeFiles/tinydir-1.2.4-complete
[3.368s] /usr/bin/cmake -E touch /home/javierfr/microros_ws/uros_ws/firmware/mcu_ws/build/tinydir_vendor/tinydir-1.2.4/src/tinydir-1.2.4-stamp/tinydir-1.2.4-done
[3.374s] make[6]: Leaving directory '/home/javierfr/microros_ws/uros_ws/firmware/mcu_ws/build/tinydir_vendor'
[3.380s] [100%] Built target tinydir-1.2.4
[3.381s] make[5]: Leaving directory '/home/javierfr/microros_ws/uros_ws/firmware/mcu_ws/build/tinydir_vendor'
[3.381s] /usr/bin/cmake -E cmake_progress_start /home/javierfr/microros_ws/uros_ws/firmware/mcu_ws/build/tinydir_vendor/CMakeFiles 0
[3.389s] make[4]: Leaving directory '/home/javierfr/microros_ws/uros_ws/firmware/mcu_ws/build/tinydir_vendor'
[4.205s] Invoked command in '/home/javierfr/microros_ws/uros_ws/firmware/mcu_ws/build/tinydir_vendor' returned '0': CMAKE_PREFIX_PATH=${CMAKE_PREFIX_PATH}:/home/javierfr/microros_ws/uros_ws/firmware/dev_ws/install/ament_uncrustify:/home/javierfr/microros_ws/uros_ws/firmware/dev_ws/install/domain_coordinator:/home/javierfr/microros_ws/uros_ws/firmware/dev_ws/install/ament_xmllint:/home/javierfr/microros_ws/uros_ws/firmware/dev_ws/install/ament_pyflakes:/home/javierfr/microros_ws/uros_ws/firmware/dev_ws/install/ament_pycodestyle:/home/javierfr/microros_ws/uros_ws/firmware/dev_ws/install/ament_pep257:/home/javierfr/microros_ws/uros_ws/firmware/dev_ws/install/ament_pclint:/home/javierfr/microros_ws/uros_ws/firmware/dev_ws/install/ament_package:/home/javierfr/microros_ws/uros_ws/firmware/dev_ws/install/ament_mypy:/home/javierfr/microros_ws/uros_ws/firmware/dev_ws/install/ament_lint_cmake:/home/javierfr/microros_ws/uros_ws/firmware/dev_ws/install/ament_flake8:/home/javierfr/microros_ws/uros_ws/firmware/dev_ws/install/ament_copyright:/home/javierfr/microros_ws/uros_ws/firmware/dev_ws/install/ament_lint:/home/javierfr/microros_ws/uros_ws/firmware/dev_ws/install/ament_index_python:/home/javierfr/microros_ws/uros_ws/firmware/dev_ws/install/ament_cpplint:/home/javierfr/microros_ws/uros_ws/firmware/dev_ws/install/ament_cppcheck:/home/javierfr/microros_ws/uros_ws/firmware/dev_ws/install/ament_clang_tidy:/home/javierfr/microros_ws/uros_ws/firmware/dev_ws/install/ament_clang_format /usr/bin/cmake --build /home/javierfr/microros_ws/uros_ws/firmware/mcu_ws/build/tinydir_vendor -- -j12 -l12
[5.244s] Invoking command in '/home/javierfr/microros_ws/uros_ws/firmware/mcu_ws/build/tinydir_vendor': CMAKE_PREFIX_PATH=${CMAKE_PREFIX_PATH}:/home/javierfr/microros_ws/uros_ws/firmware/dev_ws/install/ament_uncrustify:/home/javierfr/microros_ws/uros_ws/firmware/dev_ws/install/domain_coordinator:/home/javierfr/microros_ws/uros_ws/firmware/dev_ws/install/ament_xmllint:/home/javierfr/microros_ws/uros_ws/firmware/dev_ws/install/ament_pyflakes:/home/javierfr/microros_ws/uros_ws/firmware/dev_ws/install/ament_pycodestyle:/home/javierfr/microros_ws/uros_ws/firmware/dev_ws/install/ament_pep257:/home/javierfr/microros_ws/uros_ws/firmware/dev_ws/install/ament_pclint:/home/javierfr/microros_ws/uros_ws/firmware/dev_ws/install/ament_package:/home/javierfr/microros_ws/uros_ws/firmware/dev_ws/install/ament_mypy:/home/javierfr/microros_ws/uros_ws/firmware/dev_ws/install/ament_lint_cmake:/home/javierfr/microros_ws/uros_ws/firmware/dev_ws/install/ament_flake8:/home/javierfr/microros_ws/uros_ws/firmware/dev_ws/install/ament_copyright:/home/javierfr/microros_ws/uros_ws/firmware/dev_ws/install/ament_lint:/home/javierfr/microros_ws/uros_ws/firmware/dev_ws/install/ament_index_python:/home/javierfr/microros_ws/uros_ws/firmware/dev_ws/install/ament_cpplint:/home/javierfr/microros_ws/uros_ws/firmware/dev_ws/install/ament_cppcheck:/home/javierfr/microros_ws/uros_ws/firmware/dev_ws/install/ament_clang_tidy:/home/javierfr/microros_ws/uros_ws/firmware/dev_ws/install/ament_clang_format /usr/bin/cmake --install /home/javierfr/microros_ws/uros_ws/firmware/mcu_ws/build/tinydir_vendor
[5.420s] -- Install configuration: "Debug"
[5.421s] -- Up-to-date: /home/javierfr/microros_ws/uros_ws/firmware/mcu_ws/install
[5.421s] -- Up-to-date: /home/javierfr/microros_ws/uros_ws/firmware/mcu_ws/install/include
[5.421s] -- Installing: /home/javierfr/microros_ws/uros_ws/firmware/mcu_ws/install/include/tinydir
[5.422s] -- Installing: /home/javierfr/microros_ws/uros_ws/firmware/mcu_ws/install/include/tinydir/tinydir.h
[5.423s] -- Installing: /home/javierfr/microros_ws/uros_ws/firmware/mcu_ws/install/share/tinydir_vendor/package.xml
[5.423s] -- Installing: /home/javierfr/microros_ws/uros_ws/firmware/mcu_ws/install/share/tinydir_vendor/cmake/tinydir_vendorConfig.cmake
[5.423s] -- Installing: /home/javierfr/microros_ws/uros_ws/firmware/mcu_ws/install/share/tinydir_vendor/cmake/tinydir_vendorConfig-version.cmake
[5.427s] Invoked command in '/home/javierfr/microros_ws/uros_ws/firmware/mcu_ws/build/tinydir_vendor' returned '0': CMAKE_PREFIX_PATH=${CMAKE_PREFIX_PATH}:/home/javierfr/microros_ws/uros_ws/firmware/dev_ws/install/ament_uncrustify:/home/javierfr/microros_ws/uros_ws/firmware/dev_ws/install/domain_coordinator:/home/javierfr/microros_ws/uros_ws/firmware/dev_ws/install/ament_xmllint:/home/javierfr/microros_ws/uros_ws/firmware/dev_ws/install/ament_pyflakes:/home/javierfr/microros_ws/uros_ws/firmware/dev_ws/install/ament_pycodestyle:/home/javierfr/microros_ws/uros_ws/firmware/dev_ws/install/ament_pep257:/home/javierfr/microros_ws/uros_ws/firmware/dev_ws/install/ament_pclint:/home/javierfr/microros_ws/uros_ws/firmware/dev_ws/install/ament_package:/home/javierfr/microros_ws/uros_ws/firmware/dev_ws/install/ament_mypy:/home/javierfr/microros_ws/uros_ws/firmware/dev_ws/install/ament_lint_cmake:/home/javierfr/microros_ws/uros_ws/firmware/dev_ws/install/ament_flake8:/home/javierfr/microros_ws/uros_ws/firmware/dev_ws/install/ament_copyright:/home/javierfr/microros_ws/uros_ws/firmware/dev_ws/install/ament_lint:/home/javierfr/microros_ws/uros_ws/firmware/dev_ws/install/ament_index_python:/home/javierfr/microros_ws/uros_ws/firmware/dev_ws/install/ament_cpplint:/home/javierfr/microros_ws/uros_ws/firmware/dev_ws/install/ament_cppcheck:/home/javierfr/microros_ws/uros_ws/firmware/dev_ws/install/ament_clang_tidy:/home/javierfr/microros_ws/uros_ws/firmware/dev_ws/install/ament_clang_format /usr/bin/cmake --install /home/javierfr/microros_ws/uros_ws/firmware/mcu_ws/build/tinydir_vendor
