[0.028s] Invoking command in '/home/javierfr/Robotics_Cyber_Physical_LAB/build/img_proc_pkg': CMAKE_PREFIX_PATH=${CMAKE_PREFIX_PATH}:/opt/ros/foxy /usr/bin/cmake --build /home/javierfr/Robotics_Cyber_Physical_LAB/build/img_proc_pkg -- -j8 -l8
[0.135s] [ 25%] Built target img_proc_node
[0.145s] [ 50%] Built target img_proc_id_node
[0.147s] [ 75%] Built target img_publ_test_node
[0.151s] [100%] Built target img_subs_test_node
[0.172s] Invoked command in '/home/javierfr/Robotics_Cyber_Physical_LAB/build/img_proc_pkg' returned '0': CMAKE_PREFIX_PATH=${CMAKE_PREFIX_PATH}:/opt/ros/foxy /usr/bin/cmake --build /home/javierfr/Robotics_Cyber_Physical_LAB/build/img_proc_pkg -- -j8 -l8
[0.223s] Invoking command in '/home/javierfr/Robotics_Cyber_Physical_LAB/build/img_proc_pkg': CMAKE_PREFIX_PATH=${CMAKE_PREFIX_PATH}:/opt/ros/foxy /usr/bin/cmake --install /home/javierfr/Robotics_Cyber_Physical_LAB/build/img_proc_pkg
[0.234s] -- Install configuration: ""
[0.235s] -- Up-to-date: /home/javierfr/Robotics_Cyber_Physical_LAB/install/img_proc_pkg/lib/img_proc_pkg/img_proc_node
[0.235s] -- Up-to-date: /home/javierfr/Robotics_Cyber_Physical_LAB/install/img_proc_pkg/lib/img_proc_pkg/img_publ_test_node
[0.235s] -- Up-to-date: /home/javierfr/Robotics_Cyber_Physical_LAB/install/img_proc_pkg/lib/img_proc_pkg/img_subs_test_node
[0.235s] -- Up-to-date: /home/javierfr/Robotics_Cyber_Physical_LAB/install/img_proc_pkg/lib/img_proc_pkg/img_proc_id_node
[0.235s] -- Up-to-date: /home/javierfr/Robotics_Cyber_Physical_LAB/install/img_proc_pkg/share/img_proc_pkg/launch
[0.236s] -- Up-to-date: /home/javierfr/Robotics_Cyber_Physical_LAB/install/img_proc_pkg/share/img_proc_pkg/launch/demo_launch.py
[0.236s] -- Up-to-date: /home/javierfr/Robotics_Cyber_Physical_LAB/install/img_proc_pkg/share/img_proc_pkg/launch/__pycache__
[0.236s] -- Up-to-date: /home/javierfr/Robotics_Cyber_Physical_LAB/install/img_proc_pkg/share/img_proc_pkg/launch/__pycache__/demo_launch.cpython-38.pyc
[0.236s] -- Up-to-date: /home/javierfr/Robotics_Cyber_Physical_LAB/install/img_proc_pkg/share/img_proc_pkg/config
[0.236s] -- Installing: /home/javierfr/Robotics_Cyber_Physical_LAB/install/img_proc_pkg/share/img_proc_pkg/config/params.yaml
[0.237s] -- Up-to-date: /home/javierfr/Robotics_Cyber_Physical_LAB/install/img_proc_pkg/share/img_proc_pkg/config/camera_info.yaml
[0.237s] -- Up-to-date: /home/javierfr/Robotics_Cyber_Physical_LAB/install/img_proc_pkg/share/ament_index/resource_index/package_run_dependencies/img_proc_pkg
[0.237s] -- Up-to-date: /home/javierfr/Robotics_Cyber_Physical_LAB/install/img_proc_pkg/share/ament_index/resource_index/parent_prefix_path/img_proc_pkg
[0.237s] -- Up-to-date: /home/javierfr/Robotics_Cyber_Physical_LAB/install/img_proc_pkg/share/img_proc_pkg/environment/ament_prefix_path.sh
[0.237s] -- Up-to-date: /home/javierfr/Robotics_Cyber_Physical_LAB/install/img_proc_pkg/share/img_proc_pkg/environment/ament_prefix_path.dsv
[0.237s] -- Up-to-date: /home/javierfr/Robotics_Cyber_Physical_LAB/install/img_proc_pkg/share/img_proc_pkg/environment/path.sh
[0.237s] -- Up-to-date: /home/javierfr/Robotics_Cyber_Physical_LAB/install/img_proc_pkg/share/img_proc_pkg/environment/path.dsv
[0.238s] -- Up-to-date: /home/javierfr/Robotics_Cyber_Physical_LAB/install/img_proc_pkg/share/img_proc_pkg/local_setup.bash
[0.238s] -- Up-to-date: /home/javierfr/Robotics_Cyber_Physical_LAB/install/img_proc_pkg/share/img_proc_pkg/local_setup.sh
[0.238s] -- Up-to-date: /home/javierfr/Robotics_Cyber_Physical_LAB/install/img_proc_pkg/share/img_proc_pkg/local_setup.zsh
[0.238s] -- Up-to-date: /home/javierfr/Robotics_Cyber_Physical_LAB/install/img_proc_pkg/share/img_proc_pkg/local_setup.dsv
[0.239s] -- Installing: /home/javierfr/Robotics_Cyber_Physical_LAB/install/img_proc_pkg/share/img_proc_pkg/package.dsv
[0.240s] -- Up-to-date: /home/javierfr/Robotics_Cyber_Physical_LAB/install/img_proc_pkg/share/ament_index/resource_index/packages/img_proc_pkg
[0.241s] -- Up-to-date: /home/javierfr/Robotics_Cyber_Physical_LAB/install/img_proc_pkg/share/img_proc_pkg/cmake/img_proc_pkgConfig.cmake
[0.241s] -- Up-to-date: /home/javierfr/Robotics_Cyber_Physical_LAB/install/img_proc_pkg/share/img_proc_pkg/cmake/img_proc_pkgConfig-version.cmake
[0.242s] -- Up-to-date: /home/javierfr/Robotics_Cyber_Physical_LAB/install/img_proc_pkg/share/img_proc_pkg/package.xml
[0.242s] Invoked command in '/home/javierfr/Robotics_Cyber_Physical_LAB/build/img_proc_pkg' returned '0': CMAKE_PREFIX_PATH=${CMAKE_PREFIX_PATH}:/opt/ros/foxy /usr/bin/cmake --install /home/javierfr/Robotics_Cyber_Physical_LAB/build/img_proc_pkg
