[  0%] Built target interfaces__cpp
[ 12%] Built target interfaces__rosidl_generator_c
[ 24%] Built target interfaces__rosidl_typesupport_cpp
[ 36%] Built target interfaces__rosidl_typesupport_introspection_cpp
[ 47%] Built target interfaces__rosidl_typesupport_fastrtps_cpp
[ 59%] Built target interfaces__rosidl_typesupport_introspection_c
[ 70%] Built target interfaces__rosidl_typesupport_c
[ 82%] Built target interfaces__rosidl_typesupport_fastrtps_c
[ 82%] Built target interfaces
[ 83%] Built target interfaces__py
[ 94%] Built target interfaces__python
[ 96%] Built target interfaces__rosidl_typesupport_introspection_c__pyext
[ 98%] Built target interfaces__rosidl_typesupport_c__pyext
[100%] Built target interfaces__rosidl_typesupport_fastrtps_c__pyext
-- Install configuration: ""
-- Up-to-date: /home/javierfr/Robotics_Cyber_Physical_LAB/install/interfaces/share/ament_index/resource_index/rosidl_interfaces/interfaces
-- Up-to-date: /home/javierfr/Robotics_Cyber_Physical_LAB/install/interfaces/include/interfaces
-- Up-to-date: /home/javierfr/Robotics_Cyber_Physical_LAB/install/interfaces/include/interfaces/msg
-- Installing: /home/javierfr/Robotics_Cyber_Physical_LAB/install/interfaces/include/interfaces/msg/motor_vels_w_arm.h
-- Installing: /home/javierfr/Robotics_Cyber_Physical_LAB/install/interfaces/include/interfaces/msg/control_data.h
-- Installing: /home/javierfr/Robotics_Cyber_Physical_LAB/install/interfaces/include/interfaces/msg/robot_state.h
-- Up-to-date: /home/javierfr/Robotics_Cyber_Physical_LAB/install/interfaces/include/interfaces/msg/detail
-- Installing: /home/javierfr/Robotics_Cyber_Physical_LAB/install/interfaces/include/interfaces/msg/detail/control_data__struct.h
-- Installing: /home/javierfr/Robotics_Cyber_Physical_LAB/install/interfaces/include/interfaces/msg/detail/limit_switch__functions.c
-- Installing: /home/javierfr/Robotics_Cyber_Physical_LAB/install/interfaces/include/interfaces/msg/detail/motor_vels__functions.h
-- Installing: /home/javierfr/Robotics_Cyber_Physical_LAB/install/interfaces/include/interfaces/msg/detail/img_data__functions.c
-- Installing: /home/javierfr/Robotics_Cyber_Physical_LAB/install/interfaces/include/interfaces/msg/detail/motor_vels__type_support.h
-- Installing: /home/javierfr/Robotics_Cyber_Physical_LAB/install/interfaces/include/interfaces/msg/detail/control_data__type_support.h
-- Installing: /home/javierfr/Robotics_Cyber_Physical_LAB/install/interfaces/include/interfaces/msg/detail/img_data__type_support.h
-- Installing: /home/javierfr/Robotics_Cyber_Physical_LAB/install/interfaces/include/interfaces/msg/detail/robot_state__functions.h
-- Installing: /home/javierfr/Robotics_Cyber_Physical_LAB/install/interfaces/include/interfaces/msg/detail/motor_vels_w_arm__functions.h
-- Installing: /home/javierfr/Robotics_Cyber_Physical_LAB/install/interfaces/include/interfaces/msg/detail/plat_state__functions.c
-- Installing: /home/javierfr/Robotics_Cyber_Physical_LAB/install/interfaces/include/interfaces/msg/detail/plat_state__functions.h
-- Installing: /home/javierfr/Robotics_Cyber_Physical_LAB/install/interfaces/include/interfaces/msg/detail/plat_state__type_support.h
-- Installing: /home/javierfr/Robotics_Cyber_Physical_LAB/install/interfaces/include/interfaces/msg/detail/control_data__functions.c
-- Installing: /home/javierfr/Robotics_Cyber_Physical_LAB/install/interfaces/include/interfaces/msg/detail/robot_state__type_support.h
-- Installing: /home/javierfr/Robotics_Cyber_Physical_LAB/install/interfaces/include/interfaces/msg/detail/img_data__functions.h
-- Installing: /home/javierfr/Robotics_Cyber_Physical_LAB/install/interfaces/include/interfaces/msg/detail/img_data__struct.h
-- Installing: /home/javierfr/Robotics_Cyber_Physical_LAB/install/interfaces/include/interfaces/msg/detail/limit_switch__functions.h
-- Installing: /home/javierfr/Robotics_Cyber_Physical_LAB/install/interfaces/include/interfaces/msg/detail/motor_vels_w_arm__type_support.h
-- Installing: /home/javierfr/Robotics_Cyber_Physical_LAB/install/interfaces/include/interfaces/msg/detail/control_data__functions.h
-- Installing: /home/javierfr/Robotics_Cyber_Physical_LAB/install/interfaces/include/interfaces/msg/detail/motor_vels__functions.c
-- Installing: /home/javierfr/Robotics_Cyber_Physical_LAB/install/interfaces/include/interfaces/msg/detail/motor_vels__struct.h
-- Installing: /home/javierfr/Robotics_Cyber_Physical_LAB/install/interfaces/include/interfaces/msg/detail/plat_state__struct.h
-- Installing: /home/javierfr/Robotics_Cyber_Physical_LAB/install/interfaces/include/interfaces/msg/detail/robot_state__functions.c
-- Installing: /home/javierfr/Robotics_Cyber_Physical_LAB/install/interfaces/include/interfaces/msg/detail/motor_vels_w_arm__struct.h
-- Installing: /home/javierfr/Robotics_Cyber_Physical_LAB/install/interfaces/include/interfaces/msg/detail/limit_switch__struct.h
-- Installing: /home/javierfr/Robotics_Cyber_Physical_LAB/install/interfaces/include/interfaces/msg/detail/limit_switch__type_support.h
-- Installing: /home/javierfr/Robotics_Cyber_Physical_LAB/install/interfaces/include/interfaces/msg/detail/robot_state__struct.h
-- Installing: /home/javierfr/Robotics_Cyber_Physical_LAB/install/interfaces/include/interfaces/msg/detail/motor_vels_w_arm__functions.c
-- Installing: /home/javierfr/Robotics_Cyber_Physical_LAB/install/interfaces/include/interfaces/msg/plat_state.h
-- Installing: /home/javierfr/Robotics_Cyber_Physical_LAB/install/interfaces/include/interfaces/msg/img_data.h
-- Up-to-date: /home/javierfr/Robotics_Cyber_Physical_LAB/install/interfaces/include/interfaces/msg/rosidl_generator_c__visibility_control.h
-- Installing: /home/javierfr/Robotics_Cyber_Physical_LAB/install/interfaces/include/interfaces/msg/limit_switch.h
-- Installing: /home/javierfr/Robotics_Cyber_Physical_LAB/install/interfaces/include/interfaces/msg/motor_vels.h
-- Up-to-date: /home/javierfr/Robotics_Cyber_Physical_LAB/install/interfaces/include/interfaces/srv
-- Up-to-date: /home/javierfr/Robotics_Cyber_Physical_LAB/install/interfaces/include/interfaces/srv/detail
-- Installing: /home/javierfr/Robotics_Cyber_Physical_LAB/install/interfaces/include/interfaces/srv/detail/control_pid_start__struct.h
-- Installing: /home/javierfr/Robotics_Cyber_Physical_LAB/install/interfaces/include/interfaces/srv/detail/platform_vel__functions.c
-- Installing: /home/javierfr/Robotics_Cyber_Physical_LAB/install/interfaces/include/interfaces/srv/detail/control_pid_start__functions.c
-- Installing: /home/javierfr/Robotics_Cyber_Physical_LAB/install/interfaces/include/interfaces/srv/detail/platform_vel__struct.h
-- Installing: /home/javierfr/Robotics_Cyber_Physical_LAB/install/interfaces/include/interfaces/srv/detail/robot_vel__functions.h
-- Installing: /home/javierfr/Robotics_Cyber_Physical_LAB/install/interfaces/include/interfaces/srv/detail/control_pid_start__functions.h
-- Installing: /home/javierfr/Robotics_Cyber_Physical_LAB/install/interfaces/include/interfaces/srv/detail/robot_vel__type_support.h
-- Installing: /home/javierfr/Robotics_Cyber_Physical_LAB/install/interfaces/include/interfaces/srv/detail/platform_vel__type_support.h
-- Installing: /home/javierfr/Robotics_Cyber_Physical_LAB/install/interfaces/include/interfaces/srv/detail/robot_vel__struct.h
-- Installing: /home/javierfr/Robotics_Cyber_Physical_LAB/install/interfaces/include/interfaces/srv/detail/control_pid_start__type_support.h
-- Installing: /home/javierfr/Robotics_Cyber_Physical_LAB/install/interfaces/include/interfaces/srv/detail/platform_vel__functions.h
-- Installing: /home/javierfr/Robotics_Cyber_Physical_LAB/install/interfaces/include/interfaces/srv/detail/robot_vel__functions.c
-- Installing: /home/javierfr/Robotics_Cyber_Physical_LAB/install/interfaces/include/interfaces/srv/robot_vel.h
-- Installing: /home/javierfr/Robotics_Cyber_Physical_LAB/install/interfaces/include/interfaces/srv/control_pid_start.h
-- Installing: /home/javierfr/Robotics_Cyber_Physical_LAB/install/interfaces/include/interfaces/srv/platform_vel.h
-- Up-to-date: /home/javierfr/Robotics_Cyber_Physical_LAB/install/interfaces/share/interfaces/environment/library_path.sh
-- Installing: /home/javierfr/Robotics_Cyber_Physical_LAB/install/interfaces/share/interfaces/environment/library_path.dsv
-- Installing: /home/javierfr/Robotics_Cyber_Physical_LAB/install/interfaces/lib/libinterfaces__rosidl_generator_c.so
-- Set runtime path of "/home/javierfr/Robotics_Cyber_Physical_LAB/install/interfaces/lib/libinterfaces__rosidl_generator_c.so" to ""
-- Up-to-date: /home/javierfr/Robotics_Cyber_Physical_LAB/install/interfaces/include/interfaces
-- Up-to-date: /home/javierfr/Robotics_Cyber_Physical_LAB/install/interfaces/include/interfaces/msg
-- Up-to-date: /home/javierfr/Robotics_Cyber_Physical_LAB/install/interfaces/include/interfaces/msg/detail
-- Up-to-date: /home/javierfr/Robotics_Cyber_Physical_LAB/install/interfaces/include/interfaces/msg/detail/control_data__rosidl_typesupport_fastrtps_c.h
-- Up-to-date: /home/javierfr/Robotics_Cyber_Physical_LAB/install/interfaces/include/interfaces/msg/detail/motor_vels_w_arm__rosidl_typesupport_fastrtps_c.h
-- Up-to-date: /home/javierfr/Robotics_Cyber_Physical_LAB/install/interfaces/include/interfaces/msg/detail/robot_state__rosidl_typesupport_fastrtps_c.h
-- Up-to-date: /home/javierfr/Robotics_Cyber_Physical_LAB/install/interfaces/include/interfaces/msg/detail/plat_state__rosidl_typesupport_fastrtps_c.h
-- Up-to-date: /home/javierfr/Robotics_Cyber_Physical_LAB/install/interfaces/include/interfaces/msg/detail/motor_vels__rosidl_typesupport_fastrtps_c.h
-- Up-to-date: /home/javierfr/Robotics_Cyber_Physical_LAB/install/interfaces/include/interfaces/msg/detail/limit_switch__rosidl_typesupport_fastrtps_c.h
-- Up-to-date: /home/javierfr/Robotics_Cyber_Physical_LAB/install/interfaces/include/interfaces/msg/detail/img_data__rosidl_typesupport_fastrtps_c.h
-- Up-to-date: /home/javierfr/Robotics_Cyber_Physical_LAB/install/interfaces/include/interfaces/msg/rosidl_typesupport_fastrtps_c__visibility_control.h
-- Up-to-date: /home/javierfr/Robotics_Cyber_Physical_LAB/install/interfaces/include/interfaces/srv
-- Up-to-date: /home/javierfr/Robotics_Cyber_Physical_LAB/install/interfaces/include/interfaces/srv/detail
-- Up-to-date: /home/javierfr/Robotics_Cyber_Physical_LAB/install/interfaces/include/interfaces/srv/detail/robot_vel__rosidl_typesupport_fastrtps_c.h
-- Up-to-date: /home/javierfr/Robotics_Cyber_Physical_LAB/install/interfaces/include/interfaces/srv/detail/platform_vel__rosidl_typesupport_fastrtps_c.h
-- Up-to-date: /home/javierfr/Robotics_Cyber_Physical_LAB/install/interfaces/include/interfaces/srv/detail/control_pid_start__rosidl_typesupport_fastrtps_c.h
-- Installing: /home/javierfr/Robotics_Cyber_Physical_LAB/install/interfaces/lib/libinterfaces__rosidl_typesupport_fastrtps_c.so
-- Set runtime path of "/home/javierfr/Robotics_Cyber_Physical_LAB/install/interfaces/lib/libinterfaces__rosidl_typesupport_fastrtps_c.so" to ""
-- Up-to-date: /home/javierfr/Robotics_Cyber_Physical_LAB/install/interfaces/include/interfaces
-- Up-to-date: /home/javierfr/Robotics_Cyber_Physical_LAB/install/interfaces/include/interfaces/msg
-- Up-to-date: /home/javierfr/Robotics_Cyber_Physical_LAB/install/interfaces/include/interfaces/msg/rosidl_typesupport_fastrtps_cpp__visibility_control.h
-- Up-to-date: /home/javierfr/Robotics_Cyber_Physical_LAB/install/interfaces/include/interfaces/msg/detail
-- Up-to-date: /home/javierfr/Robotics_Cyber_Physical_LAB/install/interfaces/include/interfaces/msg/detail/img_data__rosidl_typesupport_fastrtps_cpp.hpp
-- Up-to-date: /home/javierfr/Robotics_Cyber_Physical_LAB/install/interfaces/include/interfaces/msg/detail/plat_state__rosidl_typesupport_fastrtps_cpp.hpp
-- Up-to-date: /home/javierfr/Robotics_Cyber_Physical_LAB/install/interfaces/include/interfaces/msg/detail/dds_fastrtps
-- Up-to-date: /home/javierfr/Robotics_Cyber_Physical_LAB/install/interfaces/include/interfaces/msg/detail/robot_state__rosidl_typesupport_fastrtps_cpp.hpp
-- Up-to-date: /home/javierfr/Robotics_Cyber_Physical_LAB/install/interfaces/include/interfaces/msg/detail/motor_vels__rosidl_typesupport_fastrtps_cpp.hpp
-- Up-to-date: /home/javierfr/Robotics_Cyber_Physical_LAB/install/interfaces/include/interfaces/msg/detail/motor_vels_w_arm__rosidl_typesupport_fastrtps_cpp.hpp
-- Up-to-date: /home/javierfr/Robotics_Cyber_Physical_LAB/install/interfaces/include/interfaces/msg/detail/limit_switch__rosidl_typesupport_fastrtps_cpp.hpp
-- Up-to-date: /home/javierfr/Robotics_Cyber_Physical_LAB/install/interfaces/include/interfaces/msg/detail/control_data__rosidl_typesupport_fastrtps_cpp.hpp
-- Up-to-date: /home/javierfr/Robotics_Cyber_Physical_LAB/install/interfaces/include/interfaces/srv
-- Up-to-date: /home/javierfr/Robotics_Cyber_Physical_LAB/install/interfaces/include/interfaces/srv/detail
-- Up-to-date: /home/javierfr/Robotics_Cyber_Physical_LAB/install/interfaces/include/interfaces/srv/detail/control_pid_start__rosidl_typesupport_fastrtps_cpp.hpp
-- Up-to-date: /home/javierfr/Robotics_Cyber_Physical_LAB/install/interfaces/include/interfaces/srv/detail/platform_vel__rosidl_typesupport_fastrtps_cpp.hpp
-- Up-to-date: /home/javierfr/Robotics_Cyber_Physical_LAB/install/interfaces/include/interfaces/srv/detail/dds_fastrtps
-- Up-to-date: /home/javierfr/Robotics_Cyber_Physical_LAB/install/interfaces/include/interfaces/srv/detail/robot_vel__rosidl_typesupport_fastrtps_cpp.hpp
-- Installing: /home/javierfr/Robotics_Cyber_Physical_LAB/install/interfaces/lib/libinterfaces__rosidl_typesupport_fastrtps_cpp.so
-- Set runtime path of "/home/javierfr/Robotics_Cyber_Physical_LAB/install/interfaces/lib/libinterfaces__rosidl_typesupport_fastrtps_cpp.so" to ""
-- Up-to-date: /home/javierfr/Robotics_Cyber_Physical_LAB/install/interfaces/include/interfaces
-- Up-to-date: /home/javierfr/Robotics_Cyber_Physical_LAB/install/interfaces/include/interfaces/msg
-- Up-to-date: /home/javierfr/Robotics_Cyber_Physical_LAB/install/interfaces/include/interfaces/msg/detail
-- Installing: /home/javierfr/Robotics_Cyber_Physical_LAB/install/interfaces/include/interfaces/msg/detail/motor_vels_w_arm__type_support.c
-- Installing: /home/javierfr/Robotics_Cyber_Physical_LAB/install/interfaces/include/interfaces/msg/detail/control_data__rosidl_typesupport_introspection_c.h
-- Installing: /home/javierfr/Robotics_Cyber_Physical_LAB/install/interfaces/include/interfaces/msg/detail/plat_state__rosidl_typesupport_introspection_c.h
-- Installing: /home/javierfr/Robotics_Cyber_Physical_LAB/install/interfaces/include/interfaces/msg/detail/plat_state__type_support.c
-- Installing: /home/javierfr/Robotics_Cyber_Physical_LAB/install/interfaces/include/interfaces/msg/detail/motor_vels__rosidl_typesupport_introspection_c.h
-- Installing: /home/javierfr/Robotics_Cyber_Physical_LAB/install/interfaces/include/interfaces/msg/detail/motor_vels_w_arm__rosidl_typesupport_introspection_c.h
-- Installing: /home/javierfr/Robotics_Cyber_Physical_LAB/install/interfaces/include/interfaces/msg/detail/robot_state__type_support.c
-- Installing: /home/javierfr/Robotics_Cyber_Physical_LAB/install/interfaces/include/interfaces/msg/detail/limit_switch__rosidl_typesupport_introspection_c.h
-- Installing: /home/javierfr/Robotics_Cyber_Physical_LAB/install/interfaces/include/interfaces/msg/detail/img_data__rosidl_typesupport_introspection_c.h
-- Installing: /home/javierfr/Robotics_Cyber_Physical_LAB/install/interfaces/include/interfaces/msg/detail/motor_vels__type_support.c
-- Installing: /home/javierfr/Robotics_Cyber_Physical_LAB/install/interfaces/include/interfaces/msg/detail/control_data__type_support.c
-- Installing: /home/javierfr/Robotics_Cyber_Physical_LAB/install/interfaces/include/interfaces/msg/detail/limit_switch__type_support.c
-- Installing: /home/javierfr/Robotics_Cyber_Physical_LAB/install/interfaces/include/interfaces/msg/detail/img_data__type_support.c
-- Installing: /home/javierfr/Robotics_Cyber_Physical_LAB/install/interfaces/include/interfaces/msg/detail/robot_state__rosidl_typesupport_introspection_c.h
-- Up-to-date: /home/javierfr/Robotics_Cyber_Physical_LAB/install/interfaces/include/interfaces/msg/rosidl_typesupport_introspection_c__visibility_control.h
-- Up-to-date: /home/javierfr/Robotics_Cyber_Physical_LAB/install/interfaces/include/interfaces/srv
-- Up-to-date: /home/javierfr/Robotics_Cyber_Physical_LAB/install/interfaces/include/interfaces/srv/detail
-- Installing: /home/javierfr/Robotics_Cyber_Physical_LAB/install/interfaces/include/interfaces/srv/detail/robot_vel__rosidl_typesupport_introspection_c.h
-- Installing: /home/javierfr/Robotics_Cyber_Physical_LAB/install/interfaces/include/interfaces/srv/detail/control_pid_start__rosidl_typesupport_introspection_c.h
-- Installing: /home/javierfr/Robotics_Cyber_Physical_LAB/install/interfaces/include/interfaces/srv/detail/platform_vel__rosidl_typesupport_introspection_c.h
-- Installing: /home/javierfr/Robotics_Cyber_Physical_LAB/install/interfaces/include/interfaces/srv/detail/control_pid_start__type_support.c
-- Installing: /home/javierfr/Robotics_Cyber_Physical_LAB/install/interfaces/include/interfaces/srv/detail/platform_vel__type_support.c
-- Installing: /home/javierfr/Robotics_Cyber_Physical_LAB/install/interfaces/include/interfaces/srv/detail/robot_vel__type_support.c
-- Installing: /home/javierfr/Robotics_Cyber_Physical_LAB/install/interfaces/lib/libinterfaces__rosidl_typesupport_introspection_c.so
-- Set runtime path of "/home/javierfr/Robotics_Cyber_Physical_LAB/install/interfaces/lib/libinterfaces__rosidl_typesupport_introspection_c.so" to ""
-- Installing: /home/javierfr/Robotics_Cyber_Physical_LAB/install/interfaces/lib/libinterfaces__rosidl_typesupport_c.so
-- Set runtime path of "/home/javierfr/Robotics_Cyber_Physical_LAB/install/interfaces/lib/libinterfaces__rosidl_typesupport_c.so" to ""
-- Up-to-date: /home/javierfr/Robotics_Cyber_Physical_LAB/install/interfaces/include/interfaces
-- Up-to-date: /home/javierfr/Robotics_Cyber_Physical_LAB/install/interfaces/include/interfaces/msg
-- Installing: /home/javierfr/Robotics_Cyber_Physical_LAB/install/interfaces/include/interfaces/msg/limit_switch.hpp
-- Installing: /home/javierfr/Robotics_Cyber_Physical_LAB/install/interfaces/include/interfaces/msg/control_data.hpp
-- Up-to-date: /home/javierfr/Robotics_Cyber_Physical_LAB/install/interfaces/include/interfaces/msg/detail
-- Installing: /home/javierfr/Robotics_Cyber_Physical_LAB/install/interfaces/include/interfaces/msg/detail/robot_state__builder.hpp
-- Installing: /home/javierfr/Robotics_Cyber_Physical_LAB/install/interfaces/include/interfaces/msg/detail/motor_vels_w_arm__builder.hpp
-- Installing: /home/javierfr/Robotics_Cyber_Physical_LAB/install/interfaces/include/interfaces/msg/detail/motor_vels__struct.hpp
-- Installing: /home/javierfr/Robotics_Cyber_Physical_LAB/install/interfaces/include/interfaces/msg/detail/img_data__struct.hpp
-- Installing: /home/javierfr/Robotics_Cyber_Physical_LAB/install/interfaces/include/interfaces/msg/detail/motor_vels_w_arm__traits.hpp
-- Installing: /home/javierfr/Robotics_Cyber_Physical_LAB/install/interfaces/include/interfaces/msg/detail/control_data__builder.hpp
-- Installing: /home/javierfr/Robotics_Cyber_Physical_LAB/install/interfaces/include/interfaces/msg/detail/limit_switch__struct.hpp
-- Installing: /home/javierfr/Robotics_Cyber_Physical_LAB/install/interfaces/include/interfaces/msg/detail/control_data__struct.hpp
-- Installing: /home/javierfr/Robotics_Cyber_Physical_LAB/install/interfaces/include/interfaces/msg/detail/motor_vels_w_arm__struct.hpp
-- Installing: /home/javierfr/Robotics_Cyber_Physical_LAB/install/interfaces/include/interfaces/msg/detail/limit_switch__traits.hpp
-- Installing: /home/javierfr/Robotics_Cyber_Physical_LAB/install/interfaces/include/interfaces/msg/detail/plat_state__traits.hpp
-- Installing: /home/javierfr/Robotics_Cyber_Physical_LAB/install/interfaces/include/interfaces/msg/detail/control_data__traits.hpp
-- Installing: /home/javierfr/Robotics_Cyber_Physical_LAB/install/interfaces/include/interfaces/msg/detail/img_data__traits.hpp
-- Installing: /home/javierfr/Robotics_Cyber_Physical_LAB/install/interfaces/include/interfaces/msg/detail/img_data__builder.hpp
-- Installing: /home/javierfr/Robotics_Cyber_Physical_LAB/install/interfaces/include/interfaces/msg/detail/plat_state__builder.hpp
-- Installing: /home/javierfr/Robotics_Cyber_Physical_LAB/install/interfaces/include/interfaces/msg/detail/plat_state__struct.hpp
-- Installing: /home/javierfr/Robotics_Cyber_Physical_LAB/install/interfaces/include/interfaces/msg/detail/robot_state__traits.hpp
-- Installing: /home/javierfr/Robotics_Cyber_Physical_LAB/install/interfaces/include/interfaces/msg/detail/robot_state__struct.hpp
-- Installing: /home/javierfr/Robotics_Cyber_Physical_LAB/install/interfaces/include/interfaces/msg/detail/motor_vels__builder.hpp
-- Installing: /home/javierfr/Robotics_Cyber_Physical_LAB/install/interfaces/include/interfaces/msg/detail/motor_vels__traits.hpp
-- Installing: /home/javierfr/Robotics_Cyber_Physical_LAB/install/interfaces/include/interfaces/msg/detail/limit_switch__builder.hpp
-- Installing: /home/javierfr/Robotics_Cyber_Physical_LAB/install/interfaces/include/interfaces/msg/robot_state.hpp
-- Installing: /home/javierfr/Robotics_Cyber_Physical_LAB/install/interfaces/include/interfaces/msg/motor_vels.hpp
-- Installing: /home/javierfr/Robotics_Cyber_Physical_LAB/install/interfaces/include/interfaces/msg/img_data.hpp
-- Installing: /home/javierfr/Robotics_Cyber_Physical_LAB/install/interfaces/include/interfaces/msg/plat_state.hpp
-- Installing: /home/javierfr/Robotics_Cyber_Physical_LAB/install/interfaces/include/interfaces/msg/motor_vels_w_arm.hpp
-- Up-to-date: /home/javierfr/Robotics_Cyber_Physical_LAB/install/interfaces/include/interfaces/srv
-- Installing: /home/javierfr/Robotics_Cyber_Physical_LAB/install/interfaces/include/interfaces/srv/platform_vel.hpp
-- Up-to-date: /home/javierfr/Robotics_Cyber_Physical_LAB/install/interfaces/include/interfaces/srv/detail
-- Installing: /home/javierfr/Robotics_Cyber_Physical_LAB/install/interfaces/include/interfaces/srv/detail/control_pid_start__builder.hpp
-- Installing: /home/javierfr/Robotics_Cyber_Physical_LAB/install/interfaces/include/interfaces/srv/detail/platform_vel__traits.hpp
-- Installing: /home/javierfr/Robotics_Cyber_Physical_LAB/install/interfaces/include/interfaces/srv/detail/platform_vel__struct.hpp
-- Installing: /home/javierfr/Robotics_Cyber_Physical_LAB/install/interfaces/include/interfaces/srv/detail/robot_vel__builder.hpp
-- Installing: /home/javierfr/Robotics_Cyber_Physical_LAB/install/interfaces/include/interfaces/srv/detail/robot_vel__traits.hpp
-- Installing: /home/javierfr/Robotics_Cyber_Physical_LAB/install/interfaces/include/interfaces/srv/detail/control_pid_start__traits.hpp
-- Installing: /home/javierfr/Robotics_Cyber_Physical_LAB/install/interfaces/include/interfaces/srv/detail/control_pid_start__struct.hpp
-- Installing: /home/javierfr/Robotics_Cyber_Physical_LAB/install/interfaces/include/interfaces/srv/detail/robot_vel__struct.hpp
-- Installing: /home/javierfr/Robotics_Cyber_Physical_LAB/install/interfaces/include/interfaces/srv/detail/platform_vel__builder.hpp
-- Installing: /home/javierfr/Robotics_Cyber_Physical_LAB/install/interfaces/include/interfaces/srv/robot_vel.hpp
-- Installing: /home/javierfr/Robotics_Cyber_Physical_LAB/install/interfaces/include/interfaces/srv/control_pid_start.hpp
-- Up-to-date: /home/javierfr/Robotics_Cyber_Physical_LAB/install/interfaces/include/interfaces
-- Up-to-date: /home/javierfr/Robotics_Cyber_Physical_LAB/install/interfaces/include/interfaces/msg
-- Up-to-date: /home/javierfr/Robotics_Cyber_Physical_LAB/install/interfaces/include/interfaces/msg/detail
-- Installing: /home/javierfr/Robotics_Cyber_Physical_LAB/install/interfaces/include/interfaces/msg/detail/img_data__rosidl_typesupport_introspection_cpp.hpp
-- Installing: /home/javierfr/Robotics_Cyber_Physical_LAB/install/interfaces/include/interfaces/msg/detail/robot_state__type_support.cpp
-- Installing: /home/javierfr/Robotics_Cyber_Physical_LAB/install/interfaces/include/interfaces/msg/detail/motor_vels__type_support.cpp
-- Installing: /home/javierfr/Robotics_Cyber_Physical_LAB/install/interfaces/include/interfaces/msg/detail/control_data__type_support.cpp
-- Installing: /home/javierfr/Robotics_Cyber_Physical_LAB/install/interfaces/include/interfaces/msg/detail/plat_state__rosidl_typesupport_introspection_cpp.hpp
-- Installing: /home/javierfr/Robotics_Cyber_Physical_LAB/install/interfaces/include/interfaces/msg/detail/motor_vels_w_arm__rosidl_typesupport_introspection_cpp.hpp
-- Installing: /home/javierfr/Robotics_Cyber_Physical_LAB/install/interfaces/include/interfaces/msg/detail/plat_state__type_support.cpp
-- Installing: /home/javierfr/Robotics_Cyber_Physical_LAB/install/interfaces/include/interfaces/msg/detail/img_data__type_support.cpp
-- Installing: /home/javierfr/Robotics_Cyber_Physical_LAB/install/interfaces/include/interfaces/msg/detail/motor_vels__rosidl_typesupport_introspection_cpp.hpp
-- Installing: /home/javierfr/Robotics_Cyber_Physical_LAB/install/interfaces/include/interfaces/msg/detail/robot_state__rosidl_typesupport_introspection_cpp.hpp
-- Installing: /home/javierfr/Robotics_Cyber_Physical_LAB/install/interfaces/include/interfaces/msg/detail/control_data__rosidl_typesupport_introspection_cpp.hpp
-- Installing: /home/javierfr/Robotics_Cyber_Physical_LAB/install/interfaces/include/interfaces/msg/detail/motor_vels_w_arm__type_support.cpp
-- Installing: /home/javierfr/Robotics_Cyber_Physical_LAB/install/interfaces/include/interfaces/msg/detail/limit_switch__rosidl_typesupport_introspection_cpp.hpp
-- Installing: /home/javierfr/Robotics_Cyber_Physical_LAB/install/interfaces/include/interfaces/msg/detail/limit_switch__type_support.cpp
-- Up-to-date: /home/javierfr/Robotics_Cyber_Physical_LAB/install/interfaces/include/interfaces/srv
-- Up-to-date: /home/javierfr/Robotics_Cyber_Physical_LAB/install/interfaces/include/interfaces/srv/detail
-- Installing: /home/javierfr/Robotics_Cyber_Physical_LAB/install/interfaces/include/interfaces/srv/detail/robot_vel__rosidl_typesupport_introspection_cpp.hpp
-- Installing: /home/javierfr/Robotics_Cyber_Physical_LAB/install/interfaces/include/interfaces/srv/detail/robot_vel__type_support.cpp
-- Installing: /home/javierfr/Robotics_Cyber_Physical_LAB/install/interfaces/include/interfaces/srv/detail/platform_vel__rosidl_typesupport_introspection_cpp.hpp
-- Installing: /home/javierfr/Robotics_Cyber_Physical_LAB/install/interfaces/include/interfaces/srv/detail/control_pid_start__rosidl_typesupport_introspection_cpp.hpp
-- Installing: /home/javierfr/Robotics_Cyber_Physical_LAB/install/interfaces/include/interfaces/srv/detail/control_pid_start__type_support.cpp
-- Installing: /home/javierfr/Robotics_Cyber_Physical_LAB/install/interfaces/include/interfaces/srv/detail/platform_vel__type_support.cpp
-- Installing: /home/javierfr/Robotics_Cyber_Physical_LAB/install/interfaces/lib/libinterfaces__rosidl_typesupport_introspection_cpp.so
-- Set runtime path of "/home/javierfr/Robotics_Cyber_Physical_LAB/install/interfaces/lib/libinterfaces__rosidl_typesupport_introspection_cpp.so" to ""
-- Installing: /home/javierfr/Robotics_Cyber_Physical_LAB/install/interfaces/lib/libinterfaces__rosidl_typesupport_cpp.so
-- Set runtime path of "/home/javierfr/Robotics_Cyber_Physical_LAB/install/interfaces/lib/libinterfaces__rosidl_typesupport_cpp.so" to ""
-- Up-to-date: /home/javierfr/Robotics_Cyber_Physical_LAB/install/interfaces/share/interfaces/environment/pythonpath.sh
-- Installing: /home/javierfr/Robotics_Cyber_Physical_LAB/install/interfaces/share/interfaces/environment/pythonpath.dsv
-- Installing: /home/javierfr/Robotics_Cyber_Physical_LAB/install/interfaces/lib/python3.8/site-packages/interfaces/__init__.py
Compiling '/home/javierfr/Robotics_Cyber_Physical_LAB/install/interfaces/lib/python3.8/site-packages/interfaces/__init__.py'...
-- Up-to-date: /home/javierfr/Robotics_Cyber_Physical_LAB/install/interfaces/lib/python3.8/site-packages/interfaces/srv
-- Up-to-date: /home/javierfr/Robotics_Cyber_Physical_LAB/install/interfaces/lib/python3.8/site-packages/interfaces/srv/_robot_vel_s.c
-- Up-to-date: /home/javierfr/Robotics_Cyber_Physical_LAB/install/interfaces/lib/python3.8/site-packages/interfaces/srv/_control_pid_start_s.c
-- Up-to-date: /home/javierfr/Robotics_Cyber_Physical_LAB/install/interfaces/lib/python3.8/site-packages/interfaces/srv/_platform_vel_s.c
-- Up-to-date: /home/javierfr/Robotics_Cyber_Physical_LAB/install/interfaces/lib/python3.8/site-packages/interfaces/srv/_platform_vel.py
-- Up-to-date: /home/javierfr/Robotics_Cyber_Physical_LAB/install/interfaces/lib/python3.8/site-packages/interfaces/srv/_robot_vel.py
-- Up-to-date: /home/javierfr/Robotics_Cyber_Physical_LAB/install/interfaces/lib/python3.8/site-packages/interfaces/srv/__init__.py
-- Up-to-date: /home/javierfr/Robotics_Cyber_Physical_LAB/install/interfaces/lib/python3.8/site-packages/interfaces/srv/_control_pid_start.py
-- Up-to-date: /home/javierfr/Robotics_Cyber_Physical_LAB/install/interfaces/lib/python3.8/site-packages/interfaces/msg
-- Up-to-date: /home/javierfr/Robotics_Cyber_Physical_LAB/install/interfaces/lib/python3.8/site-packages/interfaces/msg/_motor_vels.py
-- Up-to-date: /home/javierfr/Robotics_Cyber_Physical_LAB/install/interfaces/lib/python3.8/site-packages/interfaces/msg/_limit_switch.py
-- Up-to-date: /home/javierfr/Robotics_Cyber_Physical_LAB/install/interfaces/lib/python3.8/site-packages/interfaces/msg/_robot_state.py
-- Up-to-date: /home/javierfr/Robotics_Cyber_Physical_LAB/install/interfaces/lib/python3.8/site-packages/interfaces/msg/_motor_vels_w_arm.py
-- Up-to-date: /home/javierfr/Robotics_Cyber_Physical_LAB/install/interfaces/lib/python3.8/site-packages/interfaces/msg/_control_data.py
-- Up-to-date: /home/javierfr/Robotics_Cyber_Physical_LAB/install/interfaces/lib/python3.8/site-packages/interfaces/msg/_control_data_s.c
-- Up-to-date: /home/javierfr/Robotics_Cyber_Physical_LAB/install/interfaces/lib/python3.8/site-packages/interfaces/msg/_img_data_s.c
-- Up-to-date: /home/javierfr/Robotics_Cyber_Physical_LAB/install/interfaces/lib/python3.8/site-packages/interfaces/msg/_motor_vels_s.c
-- Up-to-date: /home/javierfr/Robotics_Cyber_Physical_LAB/install/interfaces/lib/python3.8/site-packages/interfaces/msg/_motor_vels_w_arm_s.c
-- Up-to-date: /home/javierfr/Robotics_Cyber_Physical_LAB/install/interfaces/lib/python3.8/site-packages/interfaces/msg/_plat_state.py
-- Up-to-date: /home/javierfr/Robotics_Cyber_Physical_LAB/install/interfaces/lib/python3.8/site-packages/interfaces/msg/_limit_switch_s.c
-- Up-to-date: /home/javierfr/Robotics_Cyber_Physical_LAB/install/interfaces/lib/python3.8/site-packages/interfaces/msg/__init__.py
-- Up-to-date: /home/javierfr/Robotics_Cyber_Physical_LAB/install/interfaces/lib/python3.8/site-packages/interfaces/msg/_robot_state_s.c
-- Up-to-date: /home/javierfr/Robotics_Cyber_Physical_LAB/install/interfaces/lib/python3.8/site-packages/interfaces/msg/_plat_state_s.c
-- Up-to-date: /home/javierfr/Robotics_Cyber_Physical_LAB/install/interfaces/lib/python3.8/site-packages/interfaces/msg/_img_data.py
-- Installing: /home/javierfr/Robotics_Cyber_Physical_LAB/install/interfaces/lib/python3.8/site-packages/interfaces/interfaces_s__rosidl_typesupport_fastrtps_c.cpython-38-x86_64-linux-gnu.so
-- Set runtime path of "/home/javierfr/Robotics_Cyber_Physical_LAB/install/interfaces/lib/python3.8/site-packages/interfaces/interfaces_s__rosidl_typesupport_fastrtps_c.cpython-38-x86_64-linux-gnu.so" to ""
-- Installing: /home/javierfr/Robotics_Cyber_Physical_LAB/install/interfaces/lib/python3.8/site-packages/interfaces/interfaces_s__rosidl_typesupport_introspection_c.cpython-38-x86_64-linux-gnu.so
-- Set runtime path of "/home/javierfr/Robotics_Cyber_Physical_LAB/install/interfaces/lib/python3.8/site-packages/interfaces/interfaces_s__rosidl_typesupport_introspection_c.cpython-38-x86_64-linux-gnu.so" to ""
-- Installing: /home/javierfr/Robotics_Cyber_Physical_LAB/install/interfaces/lib/python3.8/site-packages/interfaces/interfaces_s__rosidl_typesupport_c.cpython-38-x86_64-linux-gnu.so
-- Set runtime path of "/home/javierfr/Robotics_Cyber_Physical_LAB/install/interfaces/lib/python3.8/site-packages/interfaces/interfaces_s__rosidl_typesupport_c.cpython-38-x86_64-linux-gnu.so" to ""
-- Installing: /home/javierfr/Robotics_Cyber_Physical_LAB/install/interfaces/lib/libinterfaces__python.so
-- Set runtime path of "/home/javierfr/Robotics_Cyber_Physical_LAB/install/interfaces/lib/libinterfaces__python.so" to ""
-- Up-to-date: /home/javierfr/Robotics_Cyber_Physical_LAB/install/interfaces/share/interfaces/srv/PlatformVel.idl
-- Up-to-date: /home/javierfr/Robotics_Cyber_Physical_LAB/install/interfaces/share/interfaces/msg/MotorVels.idl
-- Up-to-date: /home/javierfr/Robotics_Cyber_Physical_LAB/install/interfaces/share/interfaces/msg/ImgData.idl
-- Up-to-date: /home/javierfr/Robotics_Cyber_Physical_LAB/install/interfaces/share/interfaces/srv/ControlPidStart.idl
-- Up-to-date: /home/javierfr/Robotics_Cyber_Physical_LAB/install/interfaces/share/interfaces/msg/PlatState.idl
-- Up-to-date: /home/javierfr/Robotics_Cyber_Physical_LAB/install/interfaces/share/interfaces/msg/ControlData.idl
-- Up-to-date: /home/javierfr/Robotics_Cyber_Physical_LAB/install/interfaces/share/interfaces/msg/MotorVelsWArm.idl
-- Up-to-date: /home/javierfr/Robotics_Cyber_Physical_LAB/install/interfaces/share/interfaces/msg/LimitSwitch.idl
-- Up-to-date: /home/javierfr/Robotics_Cyber_Physical_LAB/install/interfaces/share/interfaces/srv/RobotVel.idl
-- Up-to-date: /home/javierfr/Robotics_Cyber_Physical_LAB/install/interfaces/share/interfaces/msg/RobotState.idl
-- Up-to-date: /home/javierfr/Robotics_Cyber_Physical_LAB/install/interfaces/share/interfaces/srv/PlatformVel.srv
-- Up-to-date: /home/javierfr/Robotics_Cyber_Physical_LAB/install/interfaces/share/interfaces/srv/PlatformVel_Request.msg
-- Up-to-date: /home/javierfr/Robotics_Cyber_Physical_LAB/install/interfaces/share/interfaces/srv/PlatformVel_Response.msg
-- Up-to-date: /home/javierfr/Robotics_Cyber_Physical_LAB/install/interfaces/share/interfaces/msg/MotorVels.msg
-- Up-to-date: /home/javierfr/Robotics_Cyber_Physical_LAB/install/interfaces/share/interfaces/msg/ImgData.msg
-- Up-to-date: /home/javierfr/Robotics_Cyber_Physical_LAB/install/interfaces/share/interfaces/srv/ControlPidStart.srv
-- Up-to-date: /home/javierfr/Robotics_Cyber_Physical_LAB/install/interfaces/share/interfaces/srv/ControlPidStart_Request.msg
-- Up-to-date: /home/javierfr/Robotics_Cyber_Physical_LAB/install/interfaces/share/interfaces/srv/ControlPidStart_Response.msg
-- Up-to-date: /home/javierfr/Robotics_Cyber_Physical_LAB/install/interfaces/share/interfaces/msg/PlatState.msg
-- Up-to-date: /home/javierfr/Robotics_Cyber_Physical_LAB/install/interfaces/share/interfaces/msg/ControlData.msg
-- Up-to-date: /home/javierfr/Robotics_Cyber_Physical_LAB/install/interfaces/share/interfaces/msg/MotorVelsWArm.msg
-- Up-to-date: /home/javierfr/Robotics_Cyber_Physical_LAB/install/interfaces/share/interfaces/msg/LimitSwitch.msg
-- Installing: /home/javierfr/Robotics_Cyber_Physical_LAB/install/interfaces/share/interfaces/srv/RobotVel.srv
-- Up-to-date: /home/javierfr/Robotics_Cyber_Physical_LAB/install/interfaces/share/interfaces/srv/RobotVel_Request.msg
-- Up-to-date: /home/javierfr/Robotics_Cyber_Physical_LAB/install/interfaces/share/interfaces/srv/RobotVel_Response.msg
-- Up-to-date: /home/javierfr/Robotics_Cyber_Physical_LAB/install/interfaces/share/interfaces/msg/RobotState.msg
-- Up-to-date: /home/javierfr/Robotics_Cyber_Physical_LAB/install/interfaces/share/ament_index/resource_index/package_run_dependencies/interfaces
-- Up-to-date: /home/javierfr/Robotics_Cyber_Physical_LAB/install/interfaces/share/ament_index/resource_index/parent_prefix_path/interfaces
-- Installing: /home/javierfr/Robotics_Cyber_Physical_LAB/install/interfaces/share/interfaces/environment/ament_prefix_path.sh
-- Installing: /home/javierfr/Robotics_Cyber_Physical_LAB/install/interfaces/share/interfaces/environment/ament_prefix_path.dsv
-- Installing: /home/javierfr/Robotics_Cyber_Physical_LAB/install/interfaces/share/interfaces/environment/path.sh
-- Installing: /home/javierfr/Robotics_Cyber_Physical_LAB/install/interfaces/share/interfaces/environment/path.dsv
-- Up-to-date: /home/javierfr/Robotics_Cyber_Physical_LAB/install/interfaces/share/interfaces/local_setup.bash
-- Up-to-date: /home/javierfr/Robotics_Cyber_Physical_LAB/install/interfaces/share/interfaces/local_setup.sh
-- Up-to-date: /home/javierfr/Robotics_Cyber_Physical_LAB/install/interfaces/share/interfaces/local_setup.zsh
-- Installing: /home/javierfr/Robotics_Cyber_Physical_LAB/install/interfaces/share/interfaces/local_setup.dsv
-- Installing: /home/javierfr/Robotics_Cyber_Physical_LAB/install/interfaces/share/interfaces/package.dsv
-- Up-to-date: /home/javierfr/Robotics_Cyber_Physical_LAB/install/interfaces/share/ament_index/resource_index/packages/interfaces
-- Old export file "/home/javierfr/Robotics_Cyber_Physical_LAB/install/interfaces/share/interfaces/cmake/interfaces__rosidl_generator_cExport.cmake" will be replaced.  Removing files [/home/javierfr/Robotics_Cyber_Physical_LAB/install/interfaces/share/interfaces/cmake/interfaces__rosidl_generator_cExport-noconfig.cmake].
-- Installing: /home/javierfr/Robotics_Cyber_Physical_LAB/install/interfaces/share/interfaces/cmake/interfaces__rosidl_generator_cExport.cmake
-- Installing: /home/javierfr/Robotics_Cyber_Physical_LAB/install/interfaces/share/interfaces/cmake/interfaces__rosidl_generator_cExport-noconfig.cmake
-- Up-to-date: /home/javierfr/Robotics_Cyber_Physical_LAB/install/interfaces/share/interfaces/cmake/interfaces__rosidl_typesupport_introspection_cExport.cmake
-- Installing: /home/javierfr/Robotics_Cyber_Physical_LAB/install/interfaces/share/interfaces/cmake/interfaces__rosidl_typesupport_introspection_cExport-noconfig.cmake
-- Up-to-date: /home/javierfr/Robotics_Cyber_Physical_LAB/install/interfaces/share/interfaces/cmake/interfaces__rosidl_typesupport_cExport.cmake
-- Installing: /home/javierfr/Robotics_Cyber_Physical_LAB/install/interfaces/share/interfaces/cmake/interfaces__rosidl_typesupport_cExport-noconfig.cmake
-- Up-to-date: /home/javierfr/Robotics_Cyber_Physical_LAB/install/interfaces/share/interfaces/cmake/interfaces__rosidl_generator_cppExport.cmake
-- Up-to-date: /home/javierfr/Robotics_Cyber_Physical_LAB/install/interfaces/share/interfaces/cmake/interfaces__rosidl_typesupport_introspection_cppExport.cmake
-- Installing: /home/javierfr/Robotics_Cyber_Physical_LAB/install/interfaces/share/interfaces/cmake/interfaces__rosidl_typesupport_introspection_cppExport-noconfig.cmake
-- Up-to-date: /home/javierfr/Robotics_Cyber_Physical_LAB/install/interfaces/share/interfaces/cmake/interfaces__rosidl_typesupport_cppExport.cmake
-- Installing: /home/javierfr/Robotics_Cyber_Physical_LAB/install/interfaces/share/interfaces/cmake/interfaces__rosidl_typesupport_cppExport-noconfig.cmake
-- Up-to-date: /home/javierfr/Robotics_Cyber_Physical_LAB/install/interfaces/share/interfaces/cmake/rosidl_cmake-extras.cmake
-- Up-to-date: /home/javierfr/Robotics_Cyber_Physical_LAB/install/interfaces/share/interfaces/cmake/ament_cmake_export_dependencies-extras.cmake
-- Up-to-date: /home/javierfr/Robotics_Cyber_Physical_LAB/install/interfaces/share/interfaces/cmake/ament_cmake_export_libraries-extras.cmake
-- Installing: /home/javierfr/Robotics_Cyber_Physical_LAB/install/interfaces/share/interfaces/cmake/ament_cmake_export_targets-extras.cmake
-- Up-to-date: /home/javierfr/Robotics_Cyber_Physical_LAB/install/interfaces/share/interfaces/cmake/ament_cmake_export_include_directories-extras.cmake
-- Up-to-date: /home/javierfr/Robotics_Cyber_Physical_LAB/install/interfaces/share/interfaces/cmake/rosidl_cmake_export_typesupport_libraries-extras.cmake
-- Up-to-date: /home/javierfr/Robotics_Cyber_Physical_LAB/install/interfaces/share/interfaces/cmake/rosidl_cmake_export_typesupport_targets-extras.cmake
-- Up-to-date: /home/javierfr/Robotics_Cyber_Physical_LAB/install/interfaces/share/interfaces/cmake/interfacesConfig.cmake
-- Up-to-date: /home/javierfr/Robotics_Cyber_Physical_LAB/install/interfaces/share/interfaces/cmake/interfacesConfig-version.cmake
-- Up-to-date: /home/javierfr/Robotics_Cyber_Physical_LAB/install/interfaces/share/interfaces/package.xml
