[0.079s] Invoking command in '/home/duvanmarrugo/Robotics_Cyber_Physical_LAB/build/control_pkg': CMAKE_PREFIX_PATH=${CMAKE_PREFIX_PATH}:/home/duvanmarrugo/ros2_ws/install/my_py_pkg:/opt/ros/foxy /usr/bin/cmake /home/duvanmarrugo/Robotics_Cyber_Physical_LAB/src/control_pkg -DCMAKE_INSTALL_PREFIX=/home/duvanmarrugo/Robotics_Cyber_Physical_LAB/install/control_pkg
[0.193s] -- The C compiler identification is GNU 9.4.0
[0.302s] -- The CXX compiler identification is GNU 9.4.0
[0.312s] -- Check for working C compiler: /usr/bin/cc
[0.490s] -- Check for working C compiler: /usr/bin/cc -- works
[0.490s] -- Detecting C compiler ABI info
[0.605s] -- Detecting C compiler ABI info - done
[0.628s] -- Detecting C compile features
[0.629s] -- Detecting C compile features - done
[0.633s] -- Check for working CXX compiler: /usr/bin/c++
[0.738s] -- Check for working CXX compiler: /usr/bin/c++ -- works
[0.740s] -- Detecting CXX compiler ABI info
[0.849s] -- Detecting CXX compiler ABI info - done
[0.865s] -- Detecting CXX compile features
[0.866s] -- Detecting CXX compile features - done
[0.869s] -- Found ament_cmake: 0.9.9 (/opt/ros/foxy/share/ament_cmake/cmake)
[0.899s] -- Found PythonInterp: /usr/bin/python3 (found suitable version "3.8.10", minimum required is "3") 
[0.899s] -- Using PYTHON_EXECUTABLE: /usr/bin/python3
[1.144s] -- Found rclcpp: 2.4.1 (/opt/ros/foxy/share/rclcpp/cmake)
[1.200s] -- Using all available rosidl_typesupport_c: rosidl_typesupport_fastrtps_c;rosidl_typesupport_introspection_c
[1.208s] -- Found rosidl_adapter: 1.2.1 (/opt/ros/foxy/share/rosidl_adapter/cmake)
[1.313s] -- Found OpenSSL: /usr/lib/x86_64-linux-gnu/libcrypto.so (found version "1.1.1f")  
[1.349s] -- Found FastRTPS: /opt/ros/foxy/include  
[1.454s] -- Using all available rosidl_typesupport_cpp: rosidl_typesupport_fastrtps_cpp;rosidl_typesupport_introspection_cpp
[1.552s] -- Found rmw_implementation_cmake: 1.0.3 (/opt/ros/foxy/share/rmw_implementation_cmake/cmake)
[1.555s] -- Using RMW implementation 'rmw_fastrtps_cpp' as default
[1.556s] -- Looking for pthread.h
[1.649s] -- Looking for pthread.h - found
[1.649s] -- Performing Test CMAKE_HAVE_LIBC_PTHREAD
[1.745s] -- Performing Test CMAKE_HAVE_LIBC_PTHREAD - Failed
[1.746s] -- Looking for pthread_create in pthreads
[1.823s] -- Looking for pthread_create in pthreads - not found
[1.823s] -- Looking for pthread_create in pthread
[1.914s] -- Looking for pthread_create in pthread - found
[1.916s] -- Found Threads: TRUE  
[2.100s] -- Found interfaces: 0.0.0 (/home/duvanmarrugo/Robotics_Cyber_Physical_LAB/install/interfaces/share/interfaces/cmake)
[2.186s] -- Configuring done
[2.208s] -- Generating done
[2.210s] -- Build files have been written to: /home/duvanmarrugo/Robotics_Cyber_Physical_LAB/build/control_pkg
