[0.023s] Invoking command in '/home/javierfr/Robotics_Cyber_Physical_LAB/build/inv_kinematics_pkg': CMAKE_PREFIX_PATH=/home/javierfr/Robotics_Cyber_Physical_LAB/install/interfaces:/home/javierfr/Robotics_Cyber_Physical_LAB/install/inv_kinematics_pkg:/home/javierfr/Robotics_Cyber_Physical_LAB/install/control_pkg:/home/javierfr/Robotics_Cyber_Physical_LAB/install/img_proc_pkg:/home/javierfr/Robotics_Cyber_Physical_LAB/install/gazebo_plugin_sim:/opt/ros/foxy /usr/bin/cmake --build /home/javierfr/Robotics_Cyber_Physical_LAB/build/inv_kinematics_pkg -- -j8 -l8
[0.133s] [ 33%] Built target platform2_vel_server
[0.133s] [ 33%] Built target platform1_vel_test_client
[0.137s] [ 50%] Built target platform1_vel_server
[0.144s] [ 66%] Built target robot1_vel_server
[0.145s] [100%] Built target platform2_vel_test_client
[0.145s] [100%] Built target robot2_vel_server
[0.157s] Invoked command in '/home/javierfr/Robotics_Cyber_Physical_LAB/build/inv_kinematics_pkg' returned '0': CMAKE_PREFIX_PATH=/home/javierfr/Robotics_Cyber_Physical_LAB/install/interfaces:/home/javierfr/Robotics_Cyber_Physical_LAB/install/inv_kinematics_pkg:/home/javierfr/Robotics_Cyber_Physical_LAB/install/control_pkg:/home/javierfr/Robotics_Cyber_Physical_LAB/install/img_proc_pkg:/home/javierfr/Robotics_Cyber_Physical_LAB/install/gazebo_plugin_sim:/opt/ros/foxy /usr/bin/cmake --build /home/javierfr/Robotics_Cyber_Physical_LAB/build/inv_kinematics_pkg -- -j8 -l8
[0.206s] Invoking command in '/home/javierfr/Robotics_Cyber_Physical_LAB/build/inv_kinematics_pkg': CMAKE_PREFIX_PATH=/home/javierfr/Robotics_Cyber_Physical_LAB/install/interfaces:/home/javierfr/Robotics_Cyber_Physical_LAB/install/inv_kinematics_pkg:/home/javierfr/Robotics_Cyber_Physical_LAB/install/control_pkg:/home/javierfr/Robotics_Cyber_Physical_LAB/install/img_proc_pkg:/home/javierfr/Robotics_Cyber_Physical_LAB/install/gazebo_plugin_sim:/opt/ros/foxy /usr/bin/cmake --install /home/javierfr/Robotics_Cyber_Physical_LAB/build/inv_kinematics_pkg
[0.217s] -- Install configuration: ""
[0.217s] -- Up-to-date: /home/javierfr/Robotics_Cyber_Physical_LAB/install/inv_kinematics_pkg/lib/inv_kinematics_pkg/platform1_vel_server
[0.217s] -- Up-to-date: /home/javierfr/Robotics_Cyber_Physical_LAB/install/inv_kinematics_pkg/lib/inv_kinematics_pkg/platform1_vel_test_client
[0.217s] -- Up-to-date: /home/javierfr/Robotics_Cyber_Physical_LAB/install/inv_kinematics_pkg/lib/inv_kinematics_pkg/platform2_vel_server
[0.217s] -- Up-to-date: /home/javierfr/Robotics_Cyber_Physical_LAB/install/inv_kinematics_pkg/lib/inv_kinematics_pkg/platform2_vel_test_client
[0.218s] -- Up-to-date: /home/javierfr/Robotics_Cyber_Physical_LAB/install/inv_kinematics_pkg/lib/inv_kinematics_pkg/robot1_vel_server
[0.218s] -- Up-to-date: /home/javierfr/Robotics_Cyber_Physical_LAB/install/inv_kinematics_pkg/lib/inv_kinematics_pkg/robot2_vel_server
[0.218s] -- Up-to-date: /home/javierfr/Robotics_Cyber_Physical_LAB/install/inv_kinematics_pkg/share/ament_index/resource_index/package_run_dependencies/inv_kinematics_pkg
[0.218s] -- Up-to-date: /home/javierfr/Robotics_Cyber_Physical_LAB/install/inv_kinematics_pkg/share/ament_index/resource_index/parent_prefix_path/inv_kinematics_pkg
[0.218s] -- Up-to-date: /home/javierfr/Robotics_Cyber_Physical_LAB/install/inv_kinematics_pkg/share/inv_kinematics_pkg/environment/ament_prefix_path.sh
[0.219s] -- Up-to-date: /home/javierfr/Robotics_Cyber_Physical_LAB/install/inv_kinematics_pkg/share/inv_kinematics_pkg/environment/ament_prefix_path.dsv
[0.219s] -- Up-to-date: /home/javierfr/Robotics_Cyber_Physical_LAB/install/inv_kinematics_pkg/share/inv_kinematics_pkg/environment/path.sh
[0.219s] -- Up-to-date: /home/javierfr/Robotics_Cyber_Physical_LAB/install/inv_kinematics_pkg/share/inv_kinematics_pkg/environment/path.dsv
[0.219s] -- Up-to-date: /home/javierfr/Robotics_Cyber_Physical_LAB/install/inv_kinematics_pkg/share/inv_kinematics_pkg/local_setup.bash
[0.219s] -- Up-to-date: /home/javierfr/Robotics_Cyber_Physical_LAB/install/inv_kinematics_pkg/share/inv_kinematics_pkg/local_setup.sh
[0.219s] -- Up-to-date: /home/javierfr/Robotics_Cyber_Physical_LAB/install/inv_kinematics_pkg/share/inv_kinematics_pkg/local_setup.zsh
[0.220s] -- Up-to-date: /home/javierfr/Robotics_Cyber_Physical_LAB/install/inv_kinematics_pkg/share/inv_kinematics_pkg/local_setup.dsv
[0.220s] -- Installing: /home/javierfr/Robotics_Cyber_Physical_LAB/install/inv_kinematics_pkg/share/inv_kinematics_pkg/package.dsv
[0.220s] -- Up-to-date: /home/javierfr/Robotics_Cyber_Physical_LAB/install/inv_kinematics_pkg/share/ament_index/resource_index/packages/inv_kinematics_pkg
[0.220s] -- Up-to-date: /home/javierfr/Robotics_Cyber_Physical_LAB/install/inv_kinematics_pkg/share/inv_kinematics_pkg/cmake/inv_kinematics_pkgConfig.cmake
[0.220s] -- Up-to-date: /home/javierfr/Robotics_Cyber_Physical_LAB/install/inv_kinematics_pkg/share/inv_kinematics_pkg/cmake/inv_kinematics_pkgConfig-version.cmake
[0.220s] -- Up-to-date: /home/javierfr/Robotics_Cyber_Physical_LAB/install/inv_kinematics_pkg/share/inv_kinematics_pkg/package.xml
[0.225s] Invoked command in '/home/javierfr/Robotics_Cyber_Physical_LAB/build/inv_kinematics_pkg' returned '0': CMAKE_PREFIX_PATH=/home/javierfr/Robotics_Cyber_Physical_LAB/install/interfaces:/home/javierfr/Robotics_Cyber_Physical_LAB/install/inv_kinematics_pkg:/home/javierfr/Robotics_Cyber_Physical_LAB/install/control_pkg:/home/javierfr/Robotics_Cyber_Physical_LAB/install/img_proc_pkg:/home/javierfr/Robotics_Cyber_Physical_LAB/install/gazebo_plugin_sim:/opt/ros/foxy /usr/bin/cmake --install /home/javierfr/Robotics_Cyber_Physical_LAB/build/inv_kinematics_pkg
