[0.012s] Invoking command in '/home/javierfr/Tesis_ws/V1/build/control_pkg': CMAKE_PREFIX_PATH=/home/javierfr/Tesis_ws/V1/install/interfaces:/home/javierfr/Tesis_ws/V1/install/inv_kinematics_pkg:/home/javierfr/Tesis_ws/V1/install/control_pkg:/home/javierfr/Tesis_ws/V1/install/img_proc_pkg:/home/javierfr/Tesis_ws/V1/install/gazebo_plugin_sim:/opt/ros/foxy LD_LIBRARY_PATH=/home/javierfr/Tesis_ws/V1/install/interfaces/lib:/home/javierfr/Tesis_ws/V1/install/gazebo_plugin_sim/lib:/opt/ros/foxy/opt/yaml_cpp_vendor/lib:/opt/ros/foxy/opt/rviz_ogre_vendor/lib:/opt/ros/foxy/lib/x86_64-linux-gnu:/opt/ros/foxy/lib:/usr/lib/x86_64-linux-gnu/gazebo-11/plugins:/usr/lib/x86_64-linux-gnu/gazebo-11/plugins /usr/bin/cmake --build /home/javierfr/Tesis_ws/V1/build/control_pkg -- -j12 -l12
[0.060s] -- Found ament_cmake: 0.9.8 (/opt/ros/foxy/share/ament_cmake/cmake)
[0.078s] -- Using PYTHON_EXECUTABLE: /usr/bin/python3
[0.224s] -- Found rclcpp: 2.3.1 (/opt/ros/foxy/share/rclcpp/cmake)
[0.252s] -- Using all available rosidl_typesupport_c: rosidl_typesupport_fastrtps_c;rosidl_typesupport_introspection_c
[0.254s] -- Found rosidl_adapter: 1.2.1 (/opt/ros/foxy/share/rosidl_adapter/cmake)
[0.355s] -- Using all available rosidl_typesupport_cpp: rosidl_typesupport_fastrtps_cpp;rosidl_typesupport_introspection_cpp
[0.394s] -- Found rmw_implementation_cmake: 1.0.3 (/opt/ros/foxy/share/rmw_implementation_cmake/cmake)
[0.395s] -- Using RMW implementation 'rmw_fastrtps_cpp' as default
[0.507s] -- Found interfaces: 0.0.0 (/home/javierfr/Tesis_ws/V1/install/interfaces/share/interfaces/cmake)
[0.561s] -- Configuring done
[0.610s] -- Generating done
[0.611s] -- Build files have been written to: /home/javierfr/Tesis_ws/V1/build/control_pkg
[0.631s] [35m[1mScanning dependencies of target control_pid_r2_node[0m
[0.633s] [35m[1mScanning dependencies of target control_pid_r1_node[0m
[0.647s] [ 50%] Built target control_pid_p1_node
[0.647s] [ 50%] Built target control_pid_p2_node
[0.659s] [ 62%] [32mBuilding CXX object CMakeFiles/control_pid_r2_node.dir/src/control_pid_r2_node.cpp.o[0m
[0.659s] [ 75%] [32mBuilding CXX object CMakeFiles/control_pid_r1_node.dir/src/control_pid_r1_node.cpp.o[0m
[4.295s] /home/javierfr/Tesis_ws/V1/src/control_pkg/src/control_pid_r2_node.cpp:741:38: error: ‘PlatState’ is not a member of ‘interfaces::msg’
[4.295s]   741 |   rclcpp::Publisher<interfaces::msg::PlatState>::SharedPtr state_platform2_publisher;
[4.295s]       |                                      ^~~~~~~~~
[4.295s] /home/javierfr/Tesis_ws/V1/src/control_pkg/src/control_pid_r2_node.cpp:741:38: error: ‘PlatState’ is not a member of ‘interfaces::msg’
[4.295s] /home/javierfr/Tesis_ws/V1/src/control_pkg/src/control_pid_r2_node.cpp:741:47: error: template argument 1 is invalid
[4.295s]   741 |   rclcpp::Publisher<interfaces::msg::PlatState>::SharedPtr state_platform2_publisher;
[4.295s]       |                                               ^
[4.296s] /home/javierfr/Tesis_ws/V1/src/control_pkg/src/control_pid_r2_node.cpp:741:50: error: expected ‘;’ at end of member declaration
[4.296s]   741 |   rclcpp::Publisher<interfaces::msg::PlatState>::SharedPtr state_platform2_publisher;
[4.296s]       |                                                  ^~~~~~~~~
[4.296s]       |                                                           ;
[4.296s] /home/javierfr/Tesis_ws/V1/src/control_pkg/src/control_pid_r2_node.cpp:741:60: error: ‘state_platform2_publisher’ does not name a type
[4.296s]   741 |   rclcpp::Publisher<interfaces::msg::PlatState>::SharedPtr state_platform2_publisher;
[4.296s]       |                                                            ^~~~~~~~~~~~~~~~~~~~~~~~~
[4.296s] /home/javierfr/Tesis_ws/V1/src/control_pkg/src/control_pid_r2_node.cpp:742:41: error: ‘PlatState’ is not a member of ‘interfaces::msg’
[4.296s]   742 |   rclcpp::Subscription<interfaces::msg::PlatState>::SharedPtr state_platform1_subscriber;
[4.296s]       |                                         ^~~~~~~~~
[4.296s] /home/javierfr/Tesis_ws/V1/src/control_pkg/src/control_pid_r2_node.cpp:742:41: error: ‘PlatState’ is not a member of ‘interfaces::msg’
[4.296s] /home/javierfr/Tesis_ws/V1/src/control_pkg/src/control_pid_r2_node.cpp:742:50: error: template argument 1 is invalid
[4.296s]   742 |   rclcpp::Subscription<interfaces::msg::PlatState>::SharedPtr state_platform1_subscriber;
[4.296s]       |                                                  ^
[4.296s] /home/javierfr/Tesis_ws/V1/src/control_pkg/src/control_pid_r2_node.cpp:742:50: error: template argument 3 is invalid
[4.296s] /home/javierfr/Tesis_ws/V1/src/control_pkg/src/control_pid_r2_node.cpp:742:53: error: expected ‘;’ at end of member declaration
[4.296s]   742 |   rclcpp::Subscription<interfaces::msg::PlatState>::SharedPtr state_platform1_subscriber;
[4.296s]       |                                                     ^~~~~~~~~
[4.297s]       |                                                              ;
[4.297s] /home/javierfr/Tesis_ws/V1/src/control_pkg/src/control_pid_r2_node.cpp:742:53: error: redeclaration of ‘int Control_PID_R2_node::SharedPtr’
[4.297s] /home/javierfr/Tesis_ws/V1/src/control_pkg/src/control_pid_r2_node.cpp:741:50: note: previous declaration ‘int Control_PID_R2_node::SharedPtr’
[4.297s]   741 |   rclcpp::Publisher<interfaces::msg::PlatState>::SharedPtr state_platform2_publisher;
[4.297s]       |                                                  ^~~~~~~~~
[4.297s] /home/javierfr/Tesis_ws/V1/src/control_pkg/src/control_pid_r2_node.cpp:742:63: error: ‘state_platform1_subscriber’ does not name a type
[4.297s]   742 |   rclcpp::Subscription<interfaces::msg::PlatState>::SharedPtr state_platform1_subscriber;
[4.297s]       |                                                               ^~~~~~~~~~~~~~~~~~~~~~~~~~
[4.297s] /home/javierfr/Tesis_ws/V1/src/control_pkg/src/control_pid_r2_node.cpp:744:35: error: ‘PlatformVel’ is not a member of ‘interfaces::srv’
[4.297s]   744 |   rclcpp::Client<interfaces::srv::PlatformVel>::SharedPtr client;
[4.297s]       |                                   ^~~~~~~~~~~
[4.297s] /home/javierfr/Tesis_ws/V1/src/control_pkg/src/control_pid_r2_node.cpp:744:35: error: ‘PlatformVel’ is not a member of ‘interfaces::srv’
[4.297s] /home/javierfr/Tesis_ws/V1/src/control_pkg/src/control_pid_r2_node.cpp:744:46: error: template argument 1 is invalid
[4.297s]   744 |   rclcpp::Client<interfaces::srv::PlatformVel>::SharedPtr client;
[4.297s]       |                                              ^
[4.297s] /home/javierfr/Tesis_ws/V1/src/control_pkg/src/control_pid_r2_node.cpp:744:49: error: expected ‘;’ at end of member declaration
[4.297s]   744 |   rclcpp::Client<interfaces::srv::PlatformVel>::SharedPtr client;
[4.297s]       |                                                 ^~~~~~~~~
[4.298s]       |                                                          ;
[4.298s] /home/javierfr/Tesis_ws/V1/src/control_pkg/src/control_pid_r2_node.cpp:744:49: error: redeclaration of ‘int Control_PID_R2_node::SharedPtr’
[4.298s] /home/javierfr/Tesis_ws/V1/src/control_pkg/src/control_pid_r2_node.cpp:741:50: note: previous declaration ‘int Control_PID_R2_node::SharedPtr’
[4.298s]   741 |   rclcpp::Publisher<interfaces::msg::PlatState>::SharedPtr state_platform2_publisher;
[4.298s]       |                                                  ^~~~~~~~~
[4.298s] /home/javierfr/Tesis_ws/V1/src/control_pkg/src/control_pid_r2_node.cpp:744:59: error: ‘client’ does not name a type
[4.298s]   744 |   rclcpp::Client<interfaces::srv::PlatformVel>::SharedPtr client;
[4.298s]       |                                                           ^~~~~~
[4.298s] /home/javierfr/Tesis_ws/V1/src/control_pkg/src/control_pid_r2_node.cpp: In constructor ‘Control_PID_R2_node::Control_PID_R2_node()’:
[4.298s] /home/javierfr/Tesis_ws/V1/src/control_pkg/src/control_pid_r2_node.cpp:189:4: error: ‘client’ was not declared in this scope
[4.298s]   189 |    client = this->create_client<interfaces::srv::RobotVel>("robot2_vel");
[4.298s]       |    ^~~~~~
[4.298s] /home/javierfr/Tesis_ws/V1/src/control_pkg/src/control_pid_r2_node.cpp:197:9: error: ‘state_robot2_publisher’ was not declared in this scope
[4.298s]   197 |         state_robot2_publisher = create_publisher<interfaces::msg::RobotState>("robot2_state",1);
[4.298s]       |         ^~~~~~~~~~~~~~~~~~~~~~
[4.298s] /home/javierfr/Tesis_ws/V1/src/control_pkg/src/control_pid_r2_node.cpp:199:8: error: ‘state_robot1_subscriber’ was not declared in this scope
[4.298s]   199 |        state_robot1_subscriber= create_subscription<interfaces::msg::RobotState>(
[4.298s]       |        ^~~~~~~~~~~~~~~~~~~~~~~
[4.299s] /home/javierfr/Tesis_ws/V1/src/control_pkg/src/control_pid_r2_node.cpp:202:9: error: ‘data_robot_publisher’ was not declared in this scope; did you mean ‘data_platform_publisher’?
[4.299s]   202 |         data_robot_publisher = create_publisher<interfaces::msg::ControlData>("robot2_control_data",1);
[4.299s]       |         ^~~~~~~~~~~~~~~~~~~~
[4.299s]       |         data_platform_publisher
[4.299s] /home/javierfr/Tesis_ws/V1/src/control_pkg/src/control_pid_r2_node.cpp:204:6: error: ‘LmSw_subscriber’ was not declared in this scope; did you mean ‘count_subscribers’?
[4.299s]   204 |      LmSw_subscriber= create_subscription<interfaces::msg::LimitSwitch>(
[4.299s]       |      ^~~~~~~~~~~~~~~
[4.299s]       |      count_subscribers
[4.299s] /home/javierfr/Tesis_ws/V1/src/control_pkg/src/control_pid_r2_node.cpp:207:4: error: ‘velM_subscriber’ was not declared in this scope; did you mean ‘count_subscribers’?
[4.299s]   207 |    velM_subscriber= create_subscription<interfaces::msg::MotorVelsWArm>(
[4.299s]       |    ^~~~~~~~~~~~~~~
[4.299s]       |    count_subscribers
[4.299s] /home/javierfr/Tesis_ws/V1/src/control_pkg/src/control_pid_r2_node.cpp: In member function ‘void Control_PID_R2_node::timer_callback()’:
[4.299s] /home/javierfr/Tesis_ws/V1/src/control_pkg/src/control_pid_r2_node.cpp:310:8: error: ‘platform2_state’ was not declared in this scope
[4.299s]   310 |    if (platform2_state==-1)
[4.299s]       |        ^~~~~~~~~~~~~~~
[4.299s] /home/javierfr/Tesis_ws/V1/src/control_pkg/src/control_pid_r2_node.cpp:316:8: error: ‘platform2_state’ was not declared in this scope
[4.300s]   316 |    if (platform2_state==0)
[4.300s]       |        ^~~~~~~~~~~~~~~
[4.300s] /home/javierfr/Tesis_ws/V1/src/control_pkg/src/control_pid_r2_node.cpp:320:9: error: ‘platform1_state’ was not declared in this scope
[4.300s]   320 |     if (platform1_state==0 or platform1_state==1)
[4.300s]       |         ^~~~~~~~~~~~~~~
[4.300s] /home/javierfr/Tesis_ws/V1/src/control_pkg/src/control_pid_r2_node.cpp:329:9: error: ‘platform1_state’ was not declared in this scope
[4.300s]   329 |     if (platform1_state>=4)
[4.300s]       |         ^~~~~~~~~~~~~~~
[4.300s] /home/javierfr/Tesis_ws/V1/src/control_pkg/src/control_pid_r2_node.cpp:336:8: error: ‘platform2_state’ was not declared in this scope
[4.300s]   336 |    if (platform2_state==1)
[4.300s]       |        ^~~~~~~~~~~~~~~
[4.300s] /home/javierfr/Tesis_ws/V1/src/control_pkg/src/control_pid_r2_node.cpp:342:8: error: ‘platform2_state’ was not declared in this scope
[4.300s]   342 |    if (platform2_state==2)
[4.300s]       |        ^~~~~~~~~~~~~~~
[4.300s] /home/javierfr/Tesis_ws/V1/src/control_pkg/src/control_pid_r2_node.cpp:348:8: error: ‘platform2_state’ was not declared in this scope
[4.300s]   348 |    if (platform2_state==3)
[4.300s]       |        ^~~~~~~~~~~~~~~
[4.300s] /home/javierfr/Tesis_ws/V1/src/control_pkg/src/control_pid_r2_node.cpp:354:8: error: ‘platform2_state’ was not declared in this scope
[4.301s]   354 |    if (platform2_state==4)
[4.301s]       |        ^~~~~~~~~~~~~~~
[4.301s] /home/javierfr/Tesis_ws/V1/src/control_pkg/src/control_pid_r2_node.cpp:360:8: error: ‘platform2_state’ was not declared in this scope
[4.301s]   360 |    if (platform2_state==5)
[4.301s]       |        ^~~~~~~~~~~~~~~
[4.301s] /home/javierfr/Tesis_ws/V1/src/control_pkg/src/control_pid_r2_node.cpp:366:8: error: ‘platform2_state’ was not declared in this scope
[4.301s]   366 |    if (platform2_state==6)
[4.301s]       |        ^~~~~~~~~~~~~~~
[4.301s] /home/javierfr/Tesis_ws/V1/src/control_pkg/src/control_pid_r2_node.cpp:372:8: error: ‘platform2_state’ was not declared in this scope
[4.301s]   372 |    if (platform2_state==7)
[4.301s]       |        ^~~~~~~~~~~~~~~
[4.301s] /home/javierfr/Tesis_ws/V1/src/control_pkg/src/control_pid_r2_node.cpp:378:8: error: ‘platform2_state’ was not declared in this scope
[4.301s]   378 |    if (platform2_state==8)
[4.301s]       |        ^~~~~~~~~~~~~~~
[4.301s] /home/javierfr/Tesis_ws/V1/src/control_pkg/src/control_pid_r2_node.cpp:396:22: error: ‘PlatState’ is not a member of ‘interfaces::msg’
[4.301s]   396 |     interfaces::msg::PlatState msg_publ;
[4.301s]       |                      ^~~~~~~~~
[4.301s] /home/javierfr/Tesis_ws/V1/src/control_pkg/src/control_pid_r2_node.cpp:397:5: error: ‘msg_publ’ was not declared in this scope
[4.302s]   397 |     msg_publ.platform_state=platform2_state;
[4.302s]       |     ^~~~~~~~
[4.302s] /home/javierfr/Tesis_ws/V1/src/control_pkg/src/control_pid_r2_node.cpp:397:29: error: ‘platform2_state’ was not declared in this scope
[4.302s]   397 |     msg_publ.platform_state=platform2_state;
[4.302s]       |                             ^~~~~~~~~~~~~~~
[4.302s] /home/javierfr/Tesis_ws/V1/src/control_pkg/src/control_pid_r2_node.cpp:398:5: error: ‘state_platform2_publisher’ was not declared in this scope; did you mean ‘data_platform_publisher’?
[4.302s]   398 |     state_platform2_publisher->publish(msg_publ);
[4.302s]       |     ^~~~~~~~~~~~~~~~~~~~~~~~~
[4.302s]       |     data_platform_publisher
[4.302s] /home/javierfr/Tesis_ws/V1/src/control_pkg/src/control_pid_r2_node.cpp: In member function ‘void Control_PID_R2_node::control_F1()’:
[4.302s] /home/javierfr/Tesis_ws/V1/src/control_pkg/src/control_pid_r2_node.cpp:422:5: error: ‘platform2_state’ was not declared in this scope
[4.302s]   422 |     platform2_state=2;
[4.302s]       |     ^~~~~~~~~~~~~~~
[4.302s] /home/javierfr/Tesis_ws/V1/src/control_pkg/src/control_pid_r2_node.cpp: In member function ‘void Control_PID_R2_node::control_F2()’:
[4.302s] /home/javierfr/Tesis_ws/V1/src/control_pkg/src/control_pid_r2_node.cpp:445:5: error: ‘platform2_state’ was not declared in this scope
[4.302s]   445 |     platform2_state=3;
[4.302s]       |     ^~~~~~~~~~~~~~~
[4.302s] /home/javierfr/Tesis_ws/V1/src/control_pkg/src/control_pid_r2_node.cpp: In member function ‘void Control_PID_R2_node::control_F3()’:
[4.303s] /home/javierfr/Tesis_ws/V1/src/control_pkg/src/control_pid_r2_node.cpp:466:26: error: ‘platform1_state’ was not declared in this scope
[4.303s]   466 |    if (error_count>10 && platform1_state>=7){
[4.303s]       |                          ^~~~~~~~~~~~~~~
[4.303s] /home/javierfr/Tesis_ws/V1/src/control_pkg/src/control_pid_r2_node.cpp:467:5: error: ‘platform2_state’ was not declared in this scope
[4.303s]   467 |     platform2_state=4;
[4.303s]       |     ^~~~~~~~~~~~~~~
[4.303s] /home/javierfr/Tesis_ws/V1/src/control_pkg/src/control_pid_r2_node.cpp: In member function ‘void Control_PID_R2_node::control_F4()’:
[4.303s] /home/javierfr/Tesis_ws/V1/src/control_pkg/src/control_pid_r2_node.cpp:490:5: error: ‘platform2_state’ was not declared in this scope
[4.303s]   490 |     platform2_state=5;
[4.303s]       |     ^~~~~~~~~~~~~~~
[4.303s] /home/javierfr/Tesis_ws/V1/src/control_pkg/src/control_pid_r2_node.cpp: In member function ‘void Control_PID_R2_node::control_F5()’:
[4.303s] /home/javierfr/Tesis_ws/V1/src/control_pkg/src/control_pid_r2_node.cpp:512:5: error: ‘platform2_state’ was not declared in this scope
[4.303s]   512 |     platform2_state=6;
[4.303s]       |     ^~~~~~~~~~~~~~~
[4.303s] /home/javierfr/Tesis_ws/V1/src/control_pkg/src/control_pid_r2_node.cpp: In member function ‘void Control_PID_R2_node::control_F6()’:
[4.303s] /home/javierfr/Tesis_ws/V1/src/control_pkg/src/control_pid_r2_node.cpp:534:5: error: ‘platform2_state’ was not declared in this scope
[4.303s]   534 |     platform2_state=7;
[4.303s]       |     ^~~~~~~~~~~~~~~
[4.304s] /home/javierfr/Tesis_ws/V1/src/control_pkg/src/control_pid_r2_node.cpp: In member function ‘void Control_PID_R2_node::control_F7()’:
[4.304s] /home/javierfr/Tesis_ws/V1/src/control_pkg/src/control_pid_r2_node.cpp:556:5: error: ‘platform2_state’ was not declared in this scope
[4.304s]   556 |     platform2_state=8;
[4.304s]       |     ^~~~~~~~~~~~~~~
[4.304s] /home/javierfr/Tesis_ws/V1/src/control_pkg/src/control_pid_r2_node.cpp: In member function ‘void Control_PID_R2_node::send_vel()’:
[4.304s] /home/javierfr/Tesis_ws/V1/src/control_pkg/src/control_pid_r2_node.cpp:646:19: error: ‘client’ was not declared in this scope
[4.304s]   646 |     auto result = client->async_send_request(request);
[4.304s]       |                   ^~~~~~
[4.304s] /home/javierfr/Tesis_ws/V1/src/control_pkg/src/control_pid_r2_node.cpp: In member function ‘void Control_PID_R2_node::save_data()’:
[4.304s] /home/javierfr/Tesis_ws/V1/src/control_pkg/src/control_pid_r2_node.cpp:659:25: error: ‘platform2_state’ was not declared in this scope
[4.304s]   659 |    ctrl_data_msg.fase = platform2_state;
[4.304s]       |                         ^~~~~~~~~~~~~~~
[4.304s] /home/javierfr/Tesis_ws/V1/src/control_pkg/src/control_pid_r2_node.cpp: In function ‘int main(int, char**)’:
[4.304s] /home/javierfr/Tesis_ws/V1/src/control_pkg/src/control_pid_r2_node.cpp:759:33: error: ‘Control_PID_P2_node’ was not declared in this scope; did you mean ‘Control_PID_R2_node’?
[4.304s]   759 |   rclcpp::spin(std::make_shared<Control_PID_P2_node>());
[4.304s]       |                                 ^~~~~~~~~~~~~~~~~~~
[4.304s]       |                                 Control_PID_R2_node
[4.304s] /home/javierfr/Tesis_ws/V1/src/control_pkg/src/control_pid_r2_node.cpp:759:54: error: no matching function for call to ‘make_shared<<expression error> >()’
[4.305s]   759 |   rclcpp::spin(std::make_shared<Control_PID_P2_node>());
[4.305s]       |                                                      ^
[4.305s] In file included from /usr/include/c++/9/memory:81,
[4.305s]                  from /opt/ros/foxy/include/rclcpp/rclcpp.hpp:144,
[4.305s]                  from /home/javierfr/Tesis_ws/V1/src/control_pkg/src/control_pid_r2_node.cpp:1:
[4.305s] /usr/include/c++/9/bits/shared_ptr.h:714:5: note: candidate: ‘template<class _Tp, class ... _Args> std::shared_ptr<_Tp> std::make_shared(_Args&& ...)’
[4.305s]   714 |     make_shared(_Args&&... __args)
[4.305s]       |     ^~~~~~~~~~~
[4.305s] /usr/include/c++/9/bits/shared_ptr.h:714:5: note:   template argument deduction/substitution failed:
[4.305s] /home/javierfr/Tesis_ws/V1/src/control_pkg/src/control_pid_r2_node.cpp:759:54: error: template argument 1 is invalid
[4.305s]   759 |   rclcpp::spin(std::make_shared<Control_PID_P2_node>());
[4.305s]       |                                                      ^
[4.305s] make[2]: *** [CMakeFiles/control_pid_r2_node.dir/build.make:63: CMakeFiles/control_pid_r2_node.dir/src/control_pid_r2_node.cpp.o] Error 1
[4.305s] make[1]: *** [CMakeFiles/Makefile2:84: CMakeFiles/control_pid_r2_node.dir/all] Error 2
[4.305s] make[1]: *** Waiting for unfinished jobs....
[8.435s] [ 87%] [32m[1mLinking CXX executable control_pid_r1_node[0m
[8.774s] [ 87%] Built target control_pid_r1_node
[8.775s] make: *** [Makefile:141: all] Error 2
[8.777s] Invoked command in '/home/javierfr/Tesis_ws/V1/build/control_pkg' returned '2': CMAKE_PREFIX_PATH=/home/javierfr/Tesis_ws/V1/install/interfaces:/home/javierfr/Tesis_ws/V1/install/inv_kinematics_pkg:/home/javierfr/Tesis_ws/V1/install/control_pkg:/home/javierfr/Tesis_ws/V1/install/img_proc_pkg:/home/javierfr/Tesis_ws/V1/install/gazebo_plugin_sim:/opt/ros/foxy LD_LIBRARY_PATH=/home/javierfr/Tesis_ws/V1/install/interfaces/lib:/home/javierfr/Tesis_ws/V1/install/gazebo_plugin_sim/lib:/opt/ros/foxy/opt/yaml_cpp_vendor/lib:/opt/ros/foxy/opt/rviz_ogre_vendor/lib:/opt/ros/foxy/lib/x86_64-linux-gnu:/opt/ros/foxy/lib:/usr/lib/x86_64-linux-gnu/gazebo-11/plugins:/usr/lib/x86_64-linux-gnu/gazebo-11/plugins /usr/bin/cmake --build /home/javierfr/Tesis_ws/V1/build/control_pkg -- -j12 -l12
