-- Found ament_cmake: 0.9.8 (/opt/ros/foxy/share/ament_cmake/cmake)
-- Using PYTHON_EXECUTABLE: /usr/bin/python3
-- Found rclcpp: 2.3.1 (/opt/ros/foxy/share/rclcpp/cmake)
-- Using all available rosidl_typesupport_c: rosidl_typesupport_fastrtps_c;rosidl_typesupport_introspection_c
-- Found rosidl_adapter: 1.2.1 (/opt/ros/foxy/share/rosidl_adapter/cmake)
-- Using all available rosidl_typesupport_cpp: rosidl_typesupport_fastrtps_cpp;rosidl_typesupport_introspection_cpp
-- Found rmw_implementation_cmake: 1.0.3 (/opt/ros/foxy/share/rmw_implementation_cmake/cmake)
-- Using RMW implementation 'rmw_fastrtps_cpp' as default
-- Found interfaces: 0.0.0 (/home/javierfr/Tesis_ws/V1/install/interfaces/share/interfaces/cmake)
-- Found geometry_msgs: 2.0.4 (/opt/ros/foxy/share/geometry_msgs/cmake)
-- Configuring done
-- Generating done
-- Build files have been written to: /home/javierfr/Tesis_ws/V1/build/inv_kinematics_pkg
[35m[1mScanning dependencies of target platform1_vel_server[0m
[ 50%] Built target platform1_vel_test_client
[ 75%] [32mBuilding CXX object CMakeFiles/platform1_vel_server.dir/src/platform1_vel_server.cpp.o[0m
In file included from /opt/ros/foxy/include/rclcpp/client.hpp:40,
                 from /opt/ros/foxy/include/rclcpp/callback_group.hpp:23,
                 from /opt/ros/foxy/include/rclcpp/any_executable.hpp:20,
                 from /opt/ros/foxy/include/rclcpp/memory_strategy.hpp:24,
                 from /opt/ros/foxy/include/rclcpp/memory_strategies.hpp:18,
                 from /opt/ros/foxy/include/rclcpp/executor_options.hpp:20,
                 from /opt/ros/foxy/include/rclcpp/executor.hpp:33,
                 from /opt/ros/foxy/include/rclcpp/executors/multi_threaded_executor.hpp:25,
                 from /opt/ros/foxy/include/rclcpp/executors.hpp:21,
                 from /opt/ros/foxy/include/rclcpp/rclcpp.hpp:146,
                 from /home/javierfr/Tesis_ws/V1/src/inv_kinematics_pkg/src/platform1_vel_server.cpp:1:
/home/javierfr/Tesis_ws/V1/src/inv_kinematics_pkg/src/platform1_vel_server.cpp: In function ‘void send_vel(std::shared_ptr<interfaces::srv::PlatformVel_Request_<std::allocator<void> > >, std::shared_ptr<interfaces::srv::PlatformVel_Response_<std::allocator<void> > >)’:
/home/javierfr/Tesis_ws/V1/src/inv_kinematics_pkg/src/platform1_vel_server.cpp:41:7: error: ‘vel_M1’ was not declared in this scope; did you mean ‘vel_M’?
   41 |       vel_M1.x, vel_M2.x, vel_M3.x, vel_M4.x);
      |       ^~~~~~
/home/javierfr/Tesis_ws/V1/src/inv_kinematics_pkg/src/platform1_vel_server.cpp:41:17: error: ‘vel_M2’ was not declared in this scope; did you mean ‘vel_M’?
   41 |       vel_M1.x, vel_M2.x, vel_M3.x, vel_M4.x);
      |                 ^~~~~~
/home/javierfr/Tesis_ws/V1/src/inv_kinematics_pkg/src/platform1_vel_server.cpp:41:27: error: ‘vel_M3’ was not declared in this scope; did you mean ‘vel_M’?
   41 |       vel_M1.x, vel_M2.x, vel_M3.x, vel_M4.x);
      |                           ^~~~~~
/home/javierfr/Tesis_ws/V1/src/inv_kinematics_pkg/src/platform1_vel_server.cpp:41:37: error: ‘vel_M4’ was not declared in this scope; did you mean ‘vel_M’?
   41 |       vel_M1.x, vel_M2.x, vel_M3.x, vel_M4.x);
      |                                     ^~~~~~
make[2]: *** [CMakeFiles/platform1_vel_server.dir/build.make:63: CMakeFiles/platform1_vel_server.dir/src/platform1_vel_server.cpp.o] Error 1
make[1]: *** [CMakeFiles/Makefile2:107: CMakeFiles/platform1_vel_server.dir/all] Error 2
make: *** [Makefile:141: all] Error 2
