[0.006s] Invoking command in '/home/javierfr/Tesis_ws/V1/build/sim_pkg': AMENT_PREFIX_PATH=/home/javierfr/Tesis_ws/V1/install/interfaces:${AMENT_PREFIX_PATH} CMAKE_PREFIX_PATH=/home/javierfr/Tesis_ws/V1/install/interfaces:/opt/ros/foxy LD_LIBRARY_PATH=/home/javierfr/Tesis_ws/V1/install/interfaces/lib:/opt/ros/foxy/opt/yaml_cpp_vendor/lib:/opt/ros/foxy/opt/rviz_ogre_vendor/lib:/opt/ros/foxy/lib/x86_64-linux-gnu:/opt/ros/foxy/lib:/usr/lib/x86_64-linux-gnu/gazebo-11/plugins:/usr/lib/x86_64-linux-gnu/gazebo-11/plugins PYTHONPATH=/home/javierfr/Tesis_ws/V1/install/interfaces/lib/python3.8/site-packages:${PYTHONPATH} /usr/bin/cmake --build /home/javierfr/Tesis_ws/V1/build/sim_pkg -- -j12 -l12
[0.052s] [100%] Built target plat1_send_vel_node
[0.060s] Invoked command in '/home/javierfr/Tesis_ws/V1/build/sim_pkg' returned '0': AMENT_PREFIX_PATH=/home/javierfr/Tesis_ws/V1/install/interfaces:${AMENT_PREFIX_PATH} CMAKE_PREFIX_PATH=/home/javierfr/Tesis_ws/V1/install/interfaces:/opt/ros/foxy LD_LIBRARY_PATH=/home/javierfr/Tesis_ws/V1/install/interfaces/lib:/opt/ros/foxy/opt/yaml_cpp_vendor/lib:/opt/ros/foxy/opt/rviz_ogre_vendor/lib:/opt/ros/foxy/lib/x86_64-linux-gnu:/opt/ros/foxy/lib:/usr/lib/x86_64-linux-gnu/gazebo-11/plugins:/usr/lib/x86_64-linux-gnu/gazebo-11/plugins PYTHONPATH=/home/javierfr/Tesis_ws/V1/install/interfaces/lib/python3.8/site-packages:${PYTHONPATH} /usr/bin/cmake --build /home/javierfr/Tesis_ws/V1/build/sim_pkg -- -j12 -l12
[0.079s] Invoking command in '/home/javierfr/Tesis_ws/V1/build/sim_pkg': AMENT_PREFIX_PATH=/home/javierfr/Tesis_ws/V1/install/interfaces:${AMENT_PREFIX_PATH} CMAKE_PREFIX_PATH=/home/javierfr/Tesis_ws/V1/install/interfaces:/opt/ros/foxy LD_LIBRARY_PATH=/home/javierfr/Tesis_ws/V1/install/interfaces/lib:/opt/ros/foxy/opt/yaml_cpp_vendor/lib:/opt/ros/foxy/opt/rviz_ogre_vendor/lib:/opt/ros/foxy/lib/x86_64-linux-gnu:/opt/ros/foxy/lib:/usr/lib/x86_64-linux-gnu/gazebo-11/plugins:/usr/lib/x86_64-linux-gnu/gazebo-11/plugins PYTHONPATH=/home/javierfr/Tesis_ws/V1/install/interfaces/lib/python3.8/site-packages:${PYTHONPATH} /usr/bin/cmake --install /home/javierfr/Tesis_ws/V1/build/sim_pkg
[0.085s] -- Install configuration: ""
[0.085s] -- Up-to-date: /home/javierfr/Tesis_ws/V1/install/lib/sim_pkg/plat1_send_vel_node
[0.085s] -- Up-to-date: /home/javierfr/Tesis_ws/V1/install/share/ament_index/resource_index/package_run_dependencies/sim_pkg
[0.085s] -- Up-to-date: /home/javierfr/Tesis_ws/V1/install/share/ament_index/resource_index/parent_prefix_path/sim_pkg
[0.085s] -- Up-to-date: /home/javierfr/Tesis_ws/V1/install/share/sim_pkg/environment/ament_prefix_path.sh
[0.085s] -- Up-to-date: /home/javierfr/Tesis_ws/V1/install/share/sim_pkg/environment/ament_prefix_path.dsv
[0.085s] -- Up-to-date: /home/javierfr/Tesis_ws/V1/install/share/sim_pkg/environment/path.sh
[0.085s] -- Up-to-date: /home/javierfr/Tesis_ws/V1/install/share/sim_pkg/environment/path.dsv
[0.086s] -- Up-to-date: /home/javierfr/Tesis_ws/V1/install/share/sim_pkg/local_setup.bash
[0.086s] -- Up-to-date: /home/javierfr/Tesis_ws/V1/install/share/sim_pkg/local_setup.sh
[0.086s] -- Up-to-date: /home/javierfr/Tesis_ws/V1/install/share/sim_pkg/local_setup.zsh
[0.086s] -- Up-to-date: /home/javierfr/Tesis_ws/V1/install/share/sim_pkg/local_setup.dsv
[0.086s] -- Up-to-date: /home/javierfr/Tesis_ws/V1/install/share/sim_pkg/package.dsv
[0.086s] -- Up-to-date: /home/javierfr/Tesis_ws/V1/install/share/ament_index/resource_index/packages/sim_pkg
[0.086s] -- Up-to-date: /home/javierfr/Tesis_ws/V1/install/share/sim_pkg/cmake/sim_pkgConfig.cmake
[0.086s] -- Up-to-date: /home/javierfr/Tesis_ws/V1/install/share/sim_pkg/cmake/sim_pkgConfig-version.cmake
[0.086s] -- Up-to-date: /home/javierfr/Tesis_ws/V1/install/share/sim_pkg/package.xml
[0.088s] Invoked command in '/home/javierfr/Tesis_ws/V1/build/sim_pkg' returned '0': AMENT_PREFIX_PATH=/home/javierfr/Tesis_ws/V1/install/interfaces:${AMENT_PREFIX_PATH} CMAKE_PREFIX_PATH=/home/javierfr/Tesis_ws/V1/install/interfaces:/opt/ros/foxy LD_LIBRARY_PATH=/home/javierfr/Tesis_ws/V1/install/interfaces/lib:/opt/ros/foxy/opt/yaml_cpp_vendor/lib:/opt/ros/foxy/opt/rviz_ogre_vendor/lib:/opt/ros/foxy/lib/x86_64-linux-gnu:/opt/ros/foxy/lib:/usr/lib/x86_64-linux-gnu/gazebo-11/plugins:/usr/lib/x86_64-linux-gnu/gazebo-11/plugins PYTHONPATH=/home/javierfr/Tesis_ws/V1/install/interfaces/lib/python3.8/site-packages:${PYTHONPATH} /usr/bin/cmake --install /home/javierfr/Tesis_ws/V1/build/sim_pkg
