[0.026s] Invoking command in '/home/javierfr/Tesis_ws/V1/build/sim_pkg': CMAKE_PREFIX_PATH=/opt/ros/foxy /usr/bin/cmake --build /home/javierfr/Tesis_ws/V1/build/sim_pkg -- -j12 -l12
[0.055s] Invoked command in '/home/javierfr/Tesis_ws/V1/build/sim_pkg' returned '0': CMAKE_PREFIX_PATH=/opt/ros/foxy /usr/bin/cmake --build /home/javierfr/Tesis_ws/V1/build/sim_pkg -- -j12 -l12
[0.080s] Invoking command in '/home/javierfr/Tesis_ws/V1/build/sim_pkg': CMAKE_PREFIX_PATH=/opt/ros/foxy /usr/bin/cmake --install /home/javierfr/Tesis_ws/V1/build/sim_pkg
[0.088s] -- Install configuration: ""
[0.089s] -- Up-to-date: /home/javierfr/Tesis_ws/V1/install/share/ament_index/resource_index/package_run_dependencies/sim_pkg
[0.089s] -- Up-to-date: /home/javierfr/Tesis_ws/V1/install/share/ament_index/resource_index/parent_prefix_path/sim_pkg
[0.089s] -- Up-to-date: /home/javierfr/Tesis_ws/V1/install/share/sim_pkg/environment/ament_prefix_path.sh
[0.089s] -- Up-to-date: /home/javierfr/Tesis_ws/V1/install/share/sim_pkg/environment/ament_prefix_path.dsv
[0.090s] -- Up-to-date: /home/javierfr/Tesis_ws/V1/install/share/sim_pkg/environment/path.sh
[0.091s] -- Up-to-date: /home/javierfr/Tesis_ws/V1/install/share/sim_pkg/environment/path.dsv
[0.091s] -- Up-to-date: /home/javierfr/Tesis_ws/V1/install/share/sim_pkg/local_setup.bash
[0.091s] -- Up-to-date: /home/javierfr/Tesis_ws/V1/install/share/sim_pkg/local_setup.sh
[0.091s] -- Up-to-date: /home/javierfr/Tesis_ws/V1/install/share/sim_pkg/local_setup.zsh
[0.091s] -- Up-to-date: /home/javierfr/Tesis_ws/V1/install/share/sim_pkg/local_setup.dsv
[0.091s] -- Up-to-date: /home/javierfr/Tesis_ws/V1/install/share/sim_pkg/package.dsv
[0.091s] -- Up-to-date: /home/javierfr/Tesis_ws/V1/install/share/ament_index/resource_index/packages/sim_pkg
[0.091s] -- Up-to-date: /home/javierfr/Tesis_ws/V1/install/share/sim_pkg/cmake/sim_pkgConfig.cmake
[0.091s] -- Up-to-date: /home/javierfr/Tesis_ws/V1/install/share/sim_pkg/cmake/sim_pkgConfig-version.cmake
[0.091s] -- Up-to-date: /home/javierfr/Tesis_ws/V1/install/share/sim_pkg/package.xml
[0.092s] Invoked command in '/home/javierfr/Tesis_ws/V1/build/sim_pkg' returned '0': CMAKE_PREFIX_PATH=/opt/ros/foxy /usr/bin/cmake --install /home/javierfr/Tesis_ws/V1/build/sim_pkg
