[0.016s] Invoking command in '/home/javierfr/Tesis_ws/V1/build/gazebo_plugin_sim': CMAKE_PREFIX_PATH=${CMAKE_PREFIX_PATH}:/opt/ros/foxy /usr/bin/cmake --build /home/javierfr/Tesis_ws/V1/build/gazebo_plugin_sim -- -j12 -l12
[0.062s] [35m[1mScanning dependencies of target robot1_plugin[0m
[0.097s] [ 20%] Built target platform_plugin_test
[0.098s] [ 40%] Built target platform1_plugin
[0.100s] [ 60%] Built target platform2_plugin
[0.101s] [ 80%] Built target robot2_plugin
[0.148s] [ 90%] [32mBuilding CXX object CMakeFiles/robot1_plugin.dir/src/robot1_plugin.cpp.o[0m
[13.013s] [100%] [32m[1mLinking CXX shared library librobot1_plugin.so[0m
[13.521s] [100%] Built target robot1_plugin
[13.530s] Invoked command in '/home/javierfr/Tesis_ws/V1/build/gazebo_plugin_sim' returned '0': CMAKE_PREFIX_PATH=${CMAKE_PREFIX_PATH}:/opt/ros/foxy /usr/bin/cmake --build /home/javierfr/Tesis_ws/V1/build/gazebo_plugin_sim -- -j12 -l12
[13.557s] Invoking command in '/home/javierfr/Tesis_ws/V1/build/gazebo_plugin_sim': CMAKE_PREFIX_PATH=${CMAKE_PREFIX_PATH}:/opt/ros/foxy /usr/bin/cmake --install /home/javierfr/Tesis_ws/V1/build/gazebo_plugin_sim
[13.564s] -- Install configuration: ""
[13.564s] -- Up-to-date: /home/javierfr/Tesis_ws/V1/install/gazebo_plugin_sim/share/gazebo_plugin_sim/environment/library_path.sh
[13.565s] -- Up-to-date: /home/javierfr/Tesis_ws/V1/install/gazebo_plugin_sim/share/gazebo_plugin_sim/environment/library_path.dsv
[13.565s] -- Up-to-date: /home/javierfr/Tesis_ws/V1/install/gazebo_plugin_sim/share/gazebo_plugin_sim/environment/gazebo_plugin_sim.sh
[13.565s] -- Up-to-date: /home/javierfr/Tesis_ws/V1/install/gazebo_plugin_sim/share/gazebo_plugin_sim/environment/gazebo_plugin_sim.dsv
[13.565s] -- Up-to-date: /home/javierfr/Tesis_ws/V1/install/gazebo_plugin_sim/share/ament_index/resource_index/package_run_dependencies/gazebo_plugin_sim
[13.565s] -- Up-to-date: /home/javierfr/Tesis_ws/V1/install/gazebo_plugin_sim/share/ament_index/resource_index/parent_prefix_path/gazebo_plugin_sim
[13.565s] -- Up-to-date: /home/javierfr/Tesis_ws/V1/install/gazebo_plugin_sim/share/gazebo_plugin_sim/environment/ament_prefix_path.sh
[13.565s] -- Up-to-date: /home/javierfr/Tesis_ws/V1/install/gazebo_plugin_sim/share/gazebo_plugin_sim/environment/ament_prefix_path.dsv
[13.565s] -- Up-to-date: /home/javierfr/Tesis_ws/V1/install/gazebo_plugin_sim/share/gazebo_plugin_sim/environment/path.sh
[13.565s] -- Up-to-date: /home/javierfr/Tesis_ws/V1/install/gazebo_plugin_sim/share/gazebo_plugin_sim/environment/path.dsv
[13.565s] -- Up-to-date: /home/javierfr/Tesis_ws/V1/install/gazebo_plugin_sim/share/gazebo_plugin_sim/local_setup.bash
[13.565s] -- Up-to-date: /home/javierfr/Tesis_ws/V1/install/gazebo_plugin_sim/share/gazebo_plugin_sim/local_setup.sh
[13.565s] -- Up-to-date: /home/javierfr/Tesis_ws/V1/install/gazebo_plugin_sim/share/gazebo_plugin_sim/local_setup.zsh
[13.566s] -- Up-to-date: /home/javierfr/Tesis_ws/V1/install/gazebo_plugin_sim/share/gazebo_plugin_sim/local_setup.dsv
[13.566s] -- Installing: /home/javierfr/Tesis_ws/V1/install/gazebo_plugin_sim/share/gazebo_plugin_sim/package.dsv
[13.566s] -- Up-to-date: /home/javierfr/Tesis_ws/V1/install/gazebo_plugin_sim/share/ament_index/resource_index/packages/gazebo_plugin_sim
[13.566s] -- Up-to-date: /home/javierfr/Tesis_ws/V1/install/gazebo_plugin_sim/share/gazebo_plugin_sim/cmake/ament_cmake_export_libraries-extras.cmake
[13.566s] -- Up-to-date: /home/javierfr/Tesis_ws/V1/install/gazebo_plugin_sim/share/gazebo_plugin_sim/cmake/ament_cmake_export_include_directories-extras.cmake
[13.566s] -- Up-to-date: /home/javierfr/Tesis_ws/V1/install/gazebo_plugin_sim/share/gazebo_plugin_sim/cmake/ament_cmake_export_dependencies-extras.cmake
[13.566s] -- Up-to-date: /home/javierfr/Tesis_ws/V1/install/gazebo_plugin_sim/share/gazebo_plugin_sim/cmake/gazebo_plugin_simConfig.cmake
[13.566s] -- Up-to-date: /home/javierfr/Tesis_ws/V1/install/gazebo_plugin_sim/share/gazebo_plugin_sim/cmake/gazebo_plugin_simConfig-version.cmake
[13.566s] -- Up-to-date: /home/javierfr/Tesis_ws/V1/install/gazebo_plugin_sim/share/gazebo_plugin_sim/package.xml
[13.566s] -- Up-to-date: /home/javierfr/Tesis_ws/V1/install/gazebo_plugin_sim/include
[13.566s] -- Up-to-date: /home/javierfr/Tesis_ws/V1/install/gazebo_plugin_sim/include/gazebo_plugin_sim
[13.566s] -- Up-to-date: /home/javierfr/Tesis_ws/V1/install/gazebo_plugin_sim/include/gazebo_plugin_sim/robot2_plugin.hpp
[13.566s] -- Up-to-date: /home/javierfr/Tesis_ws/V1/install/gazebo_plugin_sim/include/gazebo_plugin_sim/platform2_plugin.hpp
[13.566s] -- Up-to-date: /home/javierfr/Tesis_ws/V1/install/gazebo_plugin_sim/include/gazebo_plugin_sim/platform_plugin_test.hpp
[13.566s] -- Up-to-date: /home/javierfr/Tesis_ws/V1/install/gazebo_plugin_sim/include/gazebo_plugin_sim/platform1_plugin.hpp
[13.566s] -- Up-to-date: /home/javierfr/Tesis_ws/V1/install/gazebo_plugin_sim/include/gazebo_plugin_sim/robot1_plugin.hpp
[13.566s] -- Up-to-date: /home/javierfr/Tesis_ws/V1/install/gazebo_plugin_sim/lib/libplatform_plugin_test.so
[13.566s] -- Up-to-date: /home/javierfr/Tesis_ws/V1/install/gazebo_plugin_sim/lib/libplatform1_plugin.so
[13.567s] -- Up-to-date: /home/javierfr/Tesis_ws/V1/install/gazebo_plugin_sim/lib/libplatform2_plugin.so
[13.567s] -- Installing: /home/javierfr/Tesis_ws/V1/install/gazebo_plugin_sim/lib/librobot1_plugin.so
[13.571s] -- Set runtime path of "/home/javierfr/Tesis_ws/V1/install/gazebo_plugin_sim/lib/librobot1_plugin.so" to ""
[13.572s] -- Up-to-date: /home/javierfr/Tesis_ws/V1/install/gazebo_plugin_sim/lib/librobot2_plugin.so
[13.572s] -- Up-to-date: /home/javierfr/Tesis_ws/V1/install/gazebo_plugin_sim/share/gazebo_plugin_sim//worlds
[13.572s] -- Up-to-date: /home/javierfr/Tesis_ws/V1/install/gazebo_plugin_sim/share/gazebo_plugin_sim//worlds/test_mecanum_platform.world
[13.572s] -- Up-to-date: /home/javierfr/Tesis_ws/V1/install/gazebo_plugin_sim/share/gazebo_plugin_sim//worlds/2platform_old.world
[13.572s] -- Up-to-date: /home/javierfr/Tesis_ws/V1/install/gazebo_plugin_sim/share/gazebo_plugin_sim//worlds/2platform.world
[13.572s] -- Up-to-date: /home/javierfr/Tesis_ws/V1/install/gazebo_plugin_sim/share/gazebo_plugin_sim//worlds/2robots.world
[13.573s] Invoked command in '/home/javierfr/Tesis_ws/V1/build/gazebo_plugin_sim' returned '0': CMAKE_PREFIX_PATH=${CMAKE_PREFIX_PATH}:/opt/ros/foxy /usr/bin/cmake --install /home/javierfr/Tesis_ws/V1/build/gazebo_plugin_sim
