[0.025s] Invoking command in '/home/javierfr/Robotics_Cyber_Physical_LAB/build/control_pkg': CMAKE_PREFIX_PATH=/home/javierfr/Robotics_Cyber_Physical_LAB/install/interfaces:/home/javierfr/Robotics_Cyber_Physical_LAB/install/inv_kinematics_pkg:/home/javierfr/Robotics_Cyber_Physical_LAB/install/control_pkg:/home/javierfr/Robotics_Cyber_Physical_LAB/install/img_proc_pkg:/home/javierfr/Robotics_Cyber_Physical_LAB/install/gazebo_plugin_sim:/opt/ros/foxy /usr/bin/cmake --build /home/javierfr/Robotics_Cyber_Physical_LAB/build/control_pkg -- -j8 -l8
[0.113s] [ 25%] Built target control_pid_p2_node
[0.125s] [ 50%] Built target control_pid_r2_node
[0.129s] [ 75%] Built target control_pid_p1_node
[0.138s] [100%] Built target control_pid_r1_node
[0.153s] Invoked command in '/home/javierfr/Robotics_Cyber_Physical_LAB/build/control_pkg' returned '0': CMAKE_PREFIX_PATH=/home/javierfr/Robotics_Cyber_Physical_LAB/install/interfaces:/home/javierfr/Robotics_Cyber_Physical_LAB/install/inv_kinematics_pkg:/home/javierfr/Robotics_Cyber_Physical_LAB/install/control_pkg:/home/javierfr/Robotics_Cyber_Physical_LAB/install/img_proc_pkg:/home/javierfr/Robotics_Cyber_Physical_LAB/install/gazebo_plugin_sim:/opt/ros/foxy /usr/bin/cmake --build /home/javierfr/Robotics_Cyber_Physical_LAB/build/control_pkg -- -j8 -l8
[0.189s] Invoking command in '/home/javierfr/Robotics_Cyber_Physical_LAB/build/control_pkg': CMAKE_PREFIX_PATH=/home/javierfr/Robotics_Cyber_Physical_LAB/install/interfaces:/home/javierfr/Robotics_Cyber_Physical_LAB/install/inv_kinematics_pkg:/home/javierfr/Robotics_Cyber_Physical_LAB/install/control_pkg:/home/javierfr/Robotics_Cyber_Physical_LAB/install/img_proc_pkg:/home/javierfr/Robotics_Cyber_Physical_LAB/install/gazebo_plugin_sim:/opt/ros/foxy /usr/bin/cmake --install /home/javierfr/Robotics_Cyber_Physical_LAB/build/control_pkg
[0.199s] -- Install configuration: ""
[0.199s] -- Up-to-date: /home/javierfr/Robotics_Cyber_Physical_LAB/install/control_pkg/lib/control_pkg/control_pid_p1_node
[0.201s] -- Up-to-date: /home/javierfr/Robotics_Cyber_Physical_LAB/install/control_pkg/lib/control_pkg/control_pid_p2_node
[0.201s] -- Up-to-date: /home/javierfr/Robotics_Cyber_Physical_LAB/install/control_pkg/lib/control_pkg/control_pid_r1_node
[0.201s] -- Up-to-date: /home/javierfr/Robotics_Cyber_Physical_LAB/install/control_pkg/lib/control_pkg/control_pid_r2_node
[0.201s] -- Up-to-date: /home/javierfr/Robotics_Cyber_Physical_LAB/install/control_pkg/share/ament_index/resource_index/package_run_dependencies/control_pkg
[0.202s] -- Up-to-date: /home/javierfr/Robotics_Cyber_Physical_LAB/install/control_pkg/share/ament_index/resource_index/parent_prefix_path/control_pkg
[0.202s] -- Up-to-date: /home/javierfr/Robotics_Cyber_Physical_LAB/install/control_pkg/share/control_pkg/environment/ament_prefix_path.sh
[0.206s] -- Up-to-date: /home/javierfr/Robotics_Cyber_Physical_LAB/install/control_pkg/share/control_pkg/environment/ament_prefix_path.dsv
[0.206s] -- Up-to-date: /home/javierfr/Robotics_Cyber_Physical_LAB/install/control_pkg/share/control_pkg/environment/path.sh
[0.207s] -- Up-to-date: /home/javierfr/Robotics_Cyber_Physical_LAB/install/control_pkg/share/control_pkg/environment/path.dsv
[0.207s] -- Up-to-date: /home/javierfr/Robotics_Cyber_Physical_LAB/install/control_pkg/share/control_pkg/local_setup.bash
[0.207s] -- Up-to-date: /home/javierfr/Robotics_Cyber_Physical_LAB/install/control_pkg/share/control_pkg/local_setup.sh
[0.207s] -- Up-to-date: /home/javierfr/Robotics_Cyber_Physical_LAB/install/control_pkg/share/control_pkg/local_setup.zsh
[0.207s] -- Up-to-date: /home/javierfr/Robotics_Cyber_Physical_LAB/install/control_pkg/share/control_pkg/local_setup.dsv
[0.207s] -- Installing: /home/javierfr/Robotics_Cyber_Physical_LAB/install/control_pkg/share/control_pkg/package.dsv
[0.208s] -- Up-to-date: /home/javierfr/Robotics_Cyber_Physical_LAB/install/control_pkg/share/ament_index/resource_index/packages/control_pkg
[0.208s] -- Up-to-date: /home/javierfr/Robotics_Cyber_Physical_LAB/install/control_pkg/share/control_pkg/cmake/control_pkgConfig.cmake
[0.208s] -- Up-to-date: /home/javierfr/Robotics_Cyber_Physical_LAB/install/control_pkg/share/control_pkg/cmake/control_pkgConfig-version.cmake
[0.208s] -- Up-to-date: /home/javierfr/Robotics_Cyber_Physical_LAB/install/control_pkg/share/control_pkg/package.xml
[0.209s] Invoked command in '/home/javierfr/Robotics_Cyber_Physical_LAB/build/control_pkg' returned '0': CMAKE_PREFIX_PATH=/home/javierfr/Robotics_Cyber_Physical_LAB/install/interfaces:/home/javierfr/Robotics_Cyber_Physical_LAB/install/inv_kinematics_pkg:/home/javierfr/Robotics_Cyber_Physical_LAB/install/control_pkg:/home/javierfr/Robotics_Cyber_Physical_LAB/install/img_proc_pkg:/home/javierfr/Robotics_Cyber_Physical_LAB/install/gazebo_plugin_sim:/opt/ros/foxy /usr/bin/cmake --install /home/javierfr/Robotics_Cyber_Physical_LAB/build/control_pkg
