[0.147s] DEBUG:colcon:Command line arguments: ['/usr/bin/colcon', 'build']
[0.147s] DEBUG:colcon:Parsed command line arguments: Namespace(allow_overriding=[], ament_cmake_args=None, base_paths=['.'], build_base='build', catkin_cmake_args=None, catkin_skip_building_tests=False, cmake_args=None, cmake_clean_cache=False, cmake_clean_first=False, cmake_force_configure=False, cmake_target=None, cmake_target_skip_unavailable=False, continue_on_error=False, event_handlers=None, executor='parallel', ignore_user_meta=False, install_base='install', log_base=None, log_level=None, main=<bound method BuildVerb.main of <colcon_core.verb.build.BuildVerb object at 0x7fb80e2f4d30>>, merge_install=False, metas=['./colcon.meta'], packages_above=None, packages_above_and_dependencies=None, packages_above_depth=None, packages_end=None, packages_ignore=None, packages_ignore_regex=None, packages_select=None, packages_select_build_failed=False, packages_select_by_dep=None, packages_select_regex=None, packages_select_test_failures=False, packages_skip=None, packages_skip_build_finished=False, packages_skip_by_dep=None, packages_skip_regex=None, packages_skip_test_passed=False, packages_skip_up_to=None, packages_start=None, packages_up_to=None, packages_up_to_regex=None, parallel_workers=8, paths=None, symlink_install=False, test_result_base=None, verb_extension=<colcon_core.verb.build.BuildVerb object at 0x7fb80e2f4d30>, verb_name='build', verb_parser=<colcon_defaults.argument_parser.defaults.DefaultArgumentsDecorator object at 0x7fb80e2852e0>)
[0.174s] Level 1:colcon.colcon_core.package_discovery:discover_packages(colcon_meta) check parameters
[0.174s] Level 1:colcon.colcon_core.package_discovery:discover_packages(recursive) check parameters
[0.174s] Level 1:colcon.colcon_core.package_discovery:discover_packages(ignore) check parameters
[0.174s] Level 1:colcon.colcon_core.package_discovery:discover_packages(path) check parameters
[0.174s] Level 1:colcon.colcon_core.package_discovery:discover_packages(colcon_meta) discover
[0.174s] Level 1:colcon.colcon_core.package_discovery:discover_packages(recursive) discover
[0.174s] INFO:colcon.colcon_core.package_discovery:Crawling recursively for packages in '/home/javierfr/Robotics_Cyber_Physical_LAB'
[0.174s] Level 1:colcon.colcon_core.package_identification:_identify(.) by extensions ['ignore', 'ignore_ament_install']
[0.174s] Level 1:colcon.colcon_core.package_identification:_identify(.) by extension 'ignore'
[0.174s] Level 1:colcon.colcon_core.package_identification:_identify(.) by extension 'ignore_ament_install'
[0.174s] Level 1:colcon.colcon_core.package_identification:_identify(.) by extensions ['colcon_pkg']
[0.174s] Level 1:colcon.colcon_core.package_identification:_identify(.) by extension 'colcon_pkg'
[0.174s] Level 1:colcon.colcon_core.package_identification:_identify(.) by extensions ['colcon_meta']
[0.174s] Level 1:colcon.colcon_core.package_identification:_identify(.) by extension 'colcon_meta'
[0.174s] Level 1:colcon.colcon_core.package_identification:_identify(.) by extensions ['ros']
[0.174s] Level 1:colcon.colcon_core.package_identification:_identify(.) by extension 'ros'
[0.185s] Level 1:colcon.colcon_core.package_identification:_identify(.) by extensions ['cmake', 'python']
[0.185s] Level 1:colcon.colcon_core.package_identification:_identify(.) by extension 'cmake'
[0.185s] Level 1:colcon.colcon_core.package_identification:_identify(.) by extension 'python'
[0.185s] Level 1:colcon.colcon_core.package_identification:_identify(.) by extensions ['python_setup_py']
[0.185s] Level 1:colcon.colcon_core.package_identification:_identify(.) by extension 'python_setup_py'
[0.185s] Level 1:colcon.colcon_core.package_identification:_identify(build) by extensions ['ignore', 'ignore_ament_install']
[0.186s] Level 1:colcon.colcon_core.package_identification:_identify(build) by extension 'ignore'
[0.186s] Level 1:colcon.colcon_core.package_identification:_identify(build) ignored
[0.186s] Level 1:colcon.colcon_core.package_identification:_identify(install) by extensions ['ignore', 'ignore_ament_install']
[0.186s] Level 1:colcon.colcon_core.package_identification:_identify(install) by extension 'ignore'
[0.186s] Level 1:colcon.colcon_core.package_identification:_identify(install) ignored
[0.186s] Level 1:colcon.colcon_core.package_identification:_identify(log) by extensions ['ignore', 'ignore_ament_install']
[0.186s] Level 1:colcon.colcon_core.package_identification:_identify(log) by extension 'ignore'
[0.186s] Level 1:colcon.colcon_core.package_identification:_identify(log) ignored
[0.186s] Level 1:colcon.colcon_core.package_identification:_identify(src) by extensions ['ignore', 'ignore_ament_install']
[0.186s] Level 1:colcon.colcon_core.package_identification:_identify(src) by extension 'ignore'
[0.186s] Level 1:colcon.colcon_core.package_identification:_identify(src) by extension 'ignore_ament_install'
[0.186s] Level 1:colcon.colcon_core.package_identification:_identify(src) by extensions ['colcon_pkg']
[0.187s] Level 1:colcon.colcon_core.package_identification:_identify(src) by extension 'colcon_pkg'
[0.187s] Level 1:colcon.colcon_core.package_identification:_identify(src) by extensions ['colcon_meta']
[0.187s] Level 1:colcon.colcon_core.package_identification:_identify(src) by extension 'colcon_meta'
[0.187s] Level 1:colcon.colcon_core.package_identification:_identify(src) by extensions ['ros']
[0.187s] Level 1:colcon.colcon_core.package_identification:_identify(src) by extension 'ros'
[0.187s] Level 1:colcon.colcon_core.package_identification:_identify(src) by extensions ['cmake', 'python']
[0.187s] Level 1:colcon.colcon_core.package_identification:_identify(src) by extension 'cmake'
[0.187s] Level 1:colcon.colcon_core.package_identification:_identify(src) by extension 'python'
[0.187s] Level 1:colcon.colcon_core.package_identification:_identify(src) by extensions ['python_setup_py']
[0.187s] Level 1:colcon.colcon_core.package_identification:_identify(src) by extension 'python_setup_py'
[0.187s] Level 1:colcon.colcon_core.package_identification:_identify(src/Aruco_Calibration) by extensions ['ignore', 'ignore_ament_install']
[0.187s] Level 1:colcon.colcon_core.package_identification:_identify(src/Aruco_Calibration) by extension 'ignore'
[0.187s] Level 1:colcon.colcon_core.package_identification:_identify(src/Aruco_Calibration) by extension 'ignore_ament_install'
[0.187s] Level 1:colcon.colcon_core.package_identification:_identify(src/Aruco_Calibration) by extensions ['colcon_pkg']
[0.187s] Level 1:colcon.colcon_core.package_identification:_identify(src/Aruco_Calibration) by extension 'colcon_pkg'
[0.187s] Level 1:colcon.colcon_core.package_identification:_identify(src/Aruco_Calibration) by extensions ['colcon_meta']
[0.187s] Level 1:colcon.colcon_core.package_identification:_identify(src/Aruco_Calibration) by extension 'colcon_meta'
[0.187s] Level 1:colcon.colcon_core.package_identification:_identify(src/Aruco_Calibration) by extensions ['ros']
[0.187s] Level 1:colcon.colcon_core.package_identification:_identify(src/Aruco_Calibration) by extension 'ros'
[0.187s] Level 1:colcon.colcon_core.package_identification:_identify(src/Aruco_Calibration) by extensions ['cmake', 'python']
[0.188s] Level 1:colcon.colcon_core.package_identification:_identify(src/Aruco_Calibration) by extension 'cmake'
[0.188s] Level 1:colcon.colcon_core.package_identification:_identify(src/Aruco_Calibration) by extension 'python'
[0.188s] Level 1:colcon.colcon_core.package_identification:_identify(src/Aruco_Calibration) by extensions ['python_setup_py']
[0.188s] Level 1:colcon.colcon_core.package_identification:_identify(src/Aruco_Calibration) by extension 'python_setup_py'
[0.188s] Level 1:colcon.colcon_core.package_identification:_identify(src/Aruco_Calibration/CMakeFiles) by extensions ['ignore', 'ignore_ament_install']
[0.188s] Level 1:colcon.colcon_core.package_identification:_identify(src/Aruco_Calibration/CMakeFiles) by extension 'ignore'
[0.188s] Level 1:colcon.colcon_core.package_identification:_identify(src/Aruco_Calibration/CMakeFiles) by extension 'ignore_ament_install'
[0.188s] Level 1:colcon.colcon_core.package_identification:_identify(src/Aruco_Calibration/CMakeFiles) by extensions ['colcon_pkg']
[0.188s] Level 1:colcon.colcon_core.package_identification:_identify(src/Aruco_Calibration/CMakeFiles) by extension 'colcon_pkg'
[0.188s] Level 1:colcon.colcon_core.package_identification:_identify(src/Aruco_Calibration/CMakeFiles) by extensions ['colcon_meta']
[0.188s] Level 1:colcon.colcon_core.package_identification:_identify(src/Aruco_Calibration/CMakeFiles) by extension 'colcon_meta'
[0.188s] Level 1:colcon.colcon_core.package_identification:_identify(src/Aruco_Calibration/CMakeFiles) by extensions ['ros']
[0.188s] Level 1:colcon.colcon_core.package_identification:_identify(src/Aruco_Calibration/CMakeFiles) by extension 'ros'
[0.188s] Level 1:colcon.colcon_core.package_identification:_identify(src/Aruco_Calibration/CMakeFiles) by extensions ['cmake', 'python']
[0.188s] Level 1:colcon.colcon_core.package_identification:_identify(src/Aruco_Calibration/CMakeFiles) by extension 'cmake'
[0.188s] Level 1:colcon.colcon_core.package_identification:_identify(src/Aruco_Calibration/CMakeFiles) by extension 'python'
[0.188s] Level 1:colcon.colcon_core.package_identification:_identify(src/Aruco_Calibration/CMakeFiles) by extensions ['python_setup_py']
[0.188s] Level 1:colcon.colcon_core.package_identification:_identify(src/Aruco_Calibration/CMakeFiles) by extension 'python_setup_py'
[0.188s] Level 1:colcon.colcon_core.package_identification:_identify(src/Aruco_Calibration/CMakeFiles/3.16.3) by extensions ['ignore', 'ignore_ament_install']
[0.189s] Level 1:colcon.colcon_core.package_identification:_identify(src/Aruco_Calibration/CMakeFiles/3.16.3) by extension 'ignore'
[0.189s] Level 1:colcon.colcon_core.package_identification:_identify(src/Aruco_Calibration/CMakeFiles/3.16.3) by extension 'ignore_ament_install'
[0.189s] Level 1:colcon.colcon_core.package_identification:_identify(src/Aruco_Calibration/CMakeFiles/3.16.3) by extensions ['colcon_pkg']
[0.189s] Level 1:colcon.colcon_core.package_identification:_identify(src/Aruco_Calibration/CMakeFiles/3.16.3) by extension 'colcon_pkg'
[0.189s] Level 1:colcon.colcon_core.package_identification:_identify(src/Aruco_Calibration/CMakeFiles/3.16.3) by extensions ['colcon_meta']
[0.189s] Level 1:colcon.colcon_core.package_identification:_identify(src/Aruco_Calibration/CMakeFiles/3.16.3) by extension 'colcon_meta'
[0.189s] Level 1:colcon.colcon_core.package_identification:_identify(src/Aruco_Calibration/CMakeFiles/3.16.3) by extensions ['ros']
[0.189s] Level 1:colcon.colcon_core.package_identification:_identify(src/Aruco_Calibration/CMakeFiles/3.16.3) by extension 'ros'
[0.189s] Level 1:colcon.colcon_core.package_identification:_identify(src/Aruco_Calibration/CMakeFiles/3.16.3) by extensions ['cmake', 'python']
[0.189s] Level 1:colcon.colcon_core.package_identification:_identify(src/Aruco_Calibration/CMakeFiles/3.16.3) by extension 'cmake'
[0.189s] Level 1:colcon.colcon_core.package_identification:_identify(src/Aruco_Calibration/CMakeFiles/3.16.3) by extension 'python'
[0.189s] Level 1:colcon.colcon_core.package_identification:_identify(src/Aruco_Calibration/CMakeFiles/3.16.3) by extensions ['python_setup_py']
[0.189s] Level 1:colcon.colcon_core.package_identification:_identify(src/Aruco_Calibration/CMakeFiles/3.16.3) by extension 'python_setup_py'
[0.189s] Level 1:colcon.colcon_core.package_identification:_identify(src/Aruco_Calibration/CMakeFiles/3.16.3/CompilerIdC) by extensions ['ignore', 'ignore_ament_install']
[0.189s] Level 1:colcon.colcon_core.package_identification:_identify(src/Aruco_Calibration/CMakeFiles/3.16.3/CompilerIdC) by extension 'ignore'
[0.189s] Level 1:colcon.colcon_core.package_identification:_identify(src/Aruco_Calibration/CMakeFiles/3.16.3/CompilerIdC) by extension 'ignore_ament_install'
[0.189s] Level 1:colcon.colcon_core.package_identification:_identify(src/Aruco_Calibration/CMakeFiles/3.16.3/CompilerIdC) by extensions ['colcon_pkg']
[0.190s] Level 1:colcon.colcon_core.package_identification:_identify(src/Aruco_Calibration/CMakeFiles/3.16.3/CompilerIdC) by extension 'colcon_pkg'
[0.190s] Level 1:colcon.colcon_core.package_identification:_identify(src/Aruco_Calibration/CMakeFiles/3.16.3/CompilerIdC) by extensions ['colcon_meta']
[0.190s] Level 1:colcon.colcon_core.package_identification:_identify(src/Aruco_Calibration/CMakeFiles/3.16.3/CompilerIdC) by extension 'colcon_meta'
[0.190s] Level 1:colcon.colcon_core.package_identification:_identify(src/Aruco_Calibration/CMakeFiles/3.16.3/CompilerIdC) by extensions ['ros']
[0.190s] Level 1:colcon.colcon_core.package_identification:_identify(src/Aruco_Calibration/CMakeFiles/3.16.3/CompilerIdC) by extension 'ros'
[0.190s] Level 1:colcon.colcon_core.package_identification:_identify(src/Aruco_Calibration/CMakeFiles/3.16.3/CompilerIdC) by extensions ['cmake', 'python']
[0.190s] Level 1:colcon.colcon_core.package_identification:_identify(src/Aruco_Calibration/CMakeFiles/3.16.3/CompilerIdC) by extension 'cmake'
[0.190s] Level 1:colcon.colcon_core.package_identification:_identify(src/Aruco_Calibration/CMakeFiles/3.16.3/CompilerIdC) by extension 'python'
[0.190s] Level 1:colcon.colcon_core.package_identification:_identify(src/Aruco_Calibration/CMakeFiles/3.16.3/CompilerIdC) by extensions ['python_setup_py']
[0.190s] Level 1:colcon.colcon_core.package_identification:_identify(src/Aruco_Calibration/CMakeFiles/3.16.3/CompilerIdC) by extension 'python_setup_py'
[0.190s] Level 1:colcon.colcon_core.package_identification:_identify(src/Aruco_Calibration/CMakeFiles/3.16.3/CompilerIdC/tmp) by extensions ['ignore', 'ignore_ament_install']
[0.190s] Level 1:colcon.colcon_core.package_identification:_identify(src/Aruco_Calibration/CMakeFiles/3.16.3/CompilerIdC/tmp) by extension 'ignore'
[0.190s] Level 1:colcon.colcon_core.package_identification:_identify(src/Aruco_Calibration/CMakeFiles/3.16.3/CompilerIdC/tmp) by extension 'ignore_ament_install'
[0.190s] Level 1:colcon.colcon_core.package_identification:_identify(src/Aruco_Calibration/CMakeFiles/3.16.3/CompilerIdC/tmp) by extensions ['colcon_pkg']
[0.190s] Level 1:colcon.colcon_core.package_identification:_identify(src/Aruco_Calibration/CMakeFiles/3.16.3/CompilerIdC/tmp) by extension 'colcon_pkg'
[0.190s] Level 1:colcon.colcon_core.package_identification:_identify(src/Aruco_Calibration/CMakeFiles/3.16.3/CompilerIdC/tmp) by extensions ['colcon_meta']
[0.190s] Level 1:colcon.colcon_core.package_identification:_identify(src/Aruco_Calibration/CMakeFiles/3.16.3/CompilerIdC/tmp) by extension 'colcon_meta'
[0.190s] Level 1:colcon.colcon_core.package_identification:_identify(src/Aruco_Calibration/CMakeFiles/3.16.3/CompilerIdC/tmp) by extensions ['ros']
[0.190s] Level 1:colcon.colcon_core.package_identification:_identify(src/Aruco_Calibration/CMakeFiles/3.16.3/CompilerIdC/tmp) by extension 'ros'
[0.191s] Level 1:colcon.colcon_core.package_identification:_identify(src/Aruco_Calibration/CMakeFiles/3.16.3/CompilerIdC/tmp) by extensions ['cmake', 'python']
[0.191s] Level 1:colcon.colcon_core.package_identification:_identify(src/Aruco_Calibration/CMakeFiles/3.16.3/CompilerIdC/tmp) by extension 'cmake'
[0.191s] Level 1:colcon.colcon_core.package_identification:_identify(src/Aruco_Calibration/CMakeFiles/3.16.3/CompilerIdC/tmp) by extension 'python'
[0.191s] Level 1:colcon.colcon_core.package_identification:_identify(src/Aruco_Calibration/CMakeFiles/3.16.3/CompilerIdC/tmp) by extensions ['python_setup_py']
[0.191s] Level 1:colcon.colcon_core.package_identification:_identify(src/Aruco_Calibration/CMakeFiles/3.16.3/CompilerIdC/tmp) by extension 'python_setup_py'
[0.191s] Level 1:colcon.colcon_core.package_identification:_identify(src/Aruco_Calibration/CMakeFiles/3.16.3/CompilerIdCXX) by extensions ['ignore', 'ignore_ament_install']
[0.191s] Level 1:colcon.colcon_core.package_identification:_identify(src/Aruco_Calibration/CMakeFiles/3.16.3/CompilerIdCXX) by extension 'ignore'
[0.191s] Level 1:colcon.colcon_core.package_identification:_identify(src/Aruco_Calibration/CMakeFiles/3.16.3/CompilerIdCXX) by extension 'ignore_ament_install'
[0.191s] Level 1:colcon.colcon_core.package_identification:_identify(src/Aruco_Calibration/CMakeFiles/3.16.3/CompilerIdCXX) by extensions ['colcon_pkg']
[0.191s] Level 1:colcon.colcon_core.package_identification:_identify(src/Aruco_Calibration/CMakeFiles/3.16.3/CompilerIdCXX) by extension 'colcon_pkg'
[0.191s] Level 1:colcon.colcon_core.package_identification:_identify(src/Aruco_Calibration/CMakeFiles/3.16.3/CompilerIdCXX) by extensions ['colcon_meta']
[0.191s] Level 1:colcon.colcon_core.package_identification:_identify(src/Aruco_Calibration/CMakeFiles/3.16.3/CompilerIdCXX) by extension 'colcon_meta'
[0.191s] Level 1:colcon.colcon_core.package_identification:_identify(src/Aruco_Calibration/CMakeFiles/3.16.3/CompilerIdCXX) by extensions ['ros']
[0.191s] Level 1:colcon.colcon_core.package_identification:_identify(src/Aruco_Calibration/CMakeFiles/3.16.3/CompilerIdCXX) by extension 'ros'
[0.191s] Level 1:colcon.colcon_core.package_identification:_identify(src/Aruco_Calibration/CMakeFiles/3.16.3/CompilerIdCXX) by extensions ['cmake', 'python']
[0.191s] Level 1:colcon.colcon_core.package_identification:_identify(src/Aruco_Calibration/CMakeFiles/3.16.3/CompilerIdCXX) by extension 'cmake'
[0.191s] Level 1:colcon.colcon_core.package_identification:_identify(src/Aruco_Calibration/CMakeFiles/3.16.3/CompilerIdCXX) by extension 'python'
[0.191s] Level 1:colcon.colcon_core.package_identification:_identify(src/Aruco_Calibration/CMakeFiles/3.16.3/CompilerIdCXX) by extensions ['python_setup_py']
[0.191s] Level 1:colcon.colcon_core.package_identification:_identify(src/Aruco_Calibration/CMakeFiles/3.16.3/CompilerIdCXX) by extension 'python_setup_py'
[0.192s] Level 1:colcon.colcon_core.package_identification:_identify(src/Aruco_Calibration/CMakeFiles/3.16.3/CompilerIdCXX/tmp) by extensions ['ignore', 'ignore_ament_install']
[0.192s] Level 1:colcon.colcon_core.package_identification:_identify(src/Aruco_Calibration/CMakeFiles/3.16.3/CompilerIdCXX/tmp) by extension 'ignore'
[0.192s] Level 1:colcon.colcon_core.package_identification:_identify(src/Aruco_Calibration/CMakeFiles/3.16.3/CompilerIdCXX/tmp) by extension 'ignore_ament_install'
[0.192s] Level 1:colcon.colcon_core.package_identification:_identify(src/Aruco_Calibration/CMakeFiles/3.16.3/CompilerIdCXX/tmp) by extensions ['colcon_pkg']
[0.192s] Level 1:colcon.colcon_core.package_identification:_identify(src/Aruco_Calibration/CMakeFiles/3.16.3/CompilerIdCXX/tmp) by extension 'colcon_pkg'
[0.192s] Level 1:colcon.colcon_core.package_identification:_identify(src/Aruco_Calibration/CMakeFiles/3.16.3/CompilerIdCXX/tmp) by extensions ['colcon_meta']
[0.192s] Level 1:colcon.colcon_core.package_identification:_identify(src/Aruco_Calibration/CMakeFiles/3.16.3/CompilerIdCXX/tmp) by extension 'colcon_meta'
[0.192s] Level 1:colcon.colcon_core.package_identification:_identify(src/Aruco_Calibration/CMakeFiles/3.16.3/CompilerIdCXX/tmp) by extensions ['ros']
[0.192s] Level 1:colcon.colcon_core.package_identification:_identify(src/Aruco_Calibration/CMakeFiles/3.16.3/CompilerIdCXX/tmp) by extension 'ros'
[0.192s] Level 1:colcon.colcon_core.package_identification:_identify(src/Aruco_Calibration/CMakeFiles/3.16.3/CompilerIdCXX/tmp) by extensions ['cmake', 'python']
[0.192s] Level 1:colcon.colcon_core.package_identification:_identify(src/Aruco_Calibration/CMakeFiles/3.16.3/CompilerIdCXX/tmp) by extension 'cmake'
[0.192s] Level 1:colcon.colcon_core.package_identification:_identify(src/Aruco_Calibration/CMakeFiles/3.16.3/CompilerIdCXX/tmp) by extension 'python'
[0.192s] Level 1:colcon.colcon_core.package_identification:_identify(src/Aruco_Calibration/CMakeFiles/3.16.3/CompilerIdCXX/tmp) by extensions ['python_setup_py']
[0.192s] Level 1:colcon.colcon_core.package_identification:_identify(src/Aruco_Calibration/CMakeFiles/3.16.3/CompilerIdCXX/tmp) by extension 'python_setup_py'
[0.192s] Level 1:colcon.colcon_core.package_identification:_identify(src/Aruco_Calibration/CMakeFiles/CMakeTmp) by extensions ['ignore', 'ignore_ament_install']
[0.192s] Level 1:colcon.colcon_core.package_identification:_identify(src/Aruco_Calibration/CMakeFiles/CMakeTmp) by extension 'ignore'
[0.192s] Level 1:colcon.colcon_core.package_identification:_identify(src/Aruco_Calibration/CMakeFiles/CMakeTmp) by extension 'ignore_ament_install'
[0.193s] Level 1:colcon.colcon_core.package_identification:_identify(src/Aruco_Calibration/CMakeFiles/CMakeTmp) by extensions ['colcon_pkg']
[0.193s] Level 1:colcon.colcon_core.package_identification:_identify(src/Aruco_Calibration/CMakeFiles/CMakeTmp) by extension 'colcon_pkg'
[0.193s] Level 1:colcon.colcon_core.package_identification:_identify(src/Aruco_Calibration/CMakeFiles/CMakeTmp) by extensions ['colcon_meta']
[0.193s] Level 1:colcon.colcon_core.package_identification:_identify(src/Aruco_Calibration/CMakeFiles/CMakeTmp) by extension 'colcon_meta'
[0.193s] Level 1:colcon.colcon_core.package_identification:_identify(src/Aruco_Calibration/CMakeFiles/CMakeTmp) by extensions ['ros']
[0.193s] Level 1:colcon.colcon_core.package_identification:_identify(src/Aruco_Calibration/CMakeFiles/CMakeTmp) by extension 'ros'
[0.193s] Level 1:colcon.colcon_core.package_identification:_identify(src/Aruco_Calibration/CMakeFiles/CMakeTmp) by extensions ['cmake', 'python']
[0.193s] Level 1:colcon.colcon_core.package_identification:_identify(src/Aruco_Calibration/CMakeFiles/CMakeTmp) by extension 'cmake'
[0.193s] Level 1:colcon.colcon_core.package_identification:_identify(src/Aruco_Calibration/CMakeFiles/CMakeTmp) by extension 'python'
[0.193s] Level 1:colcon.colcon_core.package_identification:_identify(src/Aruco_Calibration/CMakeFiles/CMakeTmp) by extensions ['python_setup_py']
[0.193s] Level 1:colcon.colcon_core.package_identification:_identify(src/Aruco_Calibration/CMakeFiles/CMakeTmp) by extension 'python_setup_py'
[0.193s] Level 1:colcon.colcon_core.package_identification:_identify(src/control_pkg) by extensions ['ignore', 'ignore_ament_install']
[0.193s] Level 1:colcon.colcon_core.package_identification:_identify(src/control_pkg) by extension 'ignore'
[0.193s] Level 1:colcon.colcon_core.package_identification:_identify(src/control_pkg) by extension 'ignore_ament_install'
[0.193s] Level 1:colcon.colcon_core.package_identification:_identify(src/control_pkg) by extensions ['colcon_pkg']
[0.193s] Level 1:colcon.colcon_core.package_identification:_identify(src/control_pkg) by extension 'colcon_pkg'
[0.193s] Level 1:colcon.colcon_core.package_identification:_identify(src/control_pkg) by extensions ['colcon_meta']
[0.193s] Level 1:colcon.colcon_core.package_identification:_identify(src/control_pkg) by extension 'colcon_meta'
[0.193s] Level 1:colcon.colcon_core.package_identification:_identify(src/control_pkg) by extensions ['ros']
[0.193s] Level 1:colcon.colcon_core.package_identification:_identify(src/control_pkg) by extension 'ros'
[0.196s] DEBUG:colcon.colcon_core.package_identification:Package 'src/control_pkg' with type 'ros.ament_cmake' and name 'control_pkg'
[0.196s] Level 1:colcon.colcon_core.package_identification:_identify(src/gazebo_plugin_sim) by extensions ['ignore', 'ignore_ament_install']
[0.196s] Level 1:colcon.colcon_core.package_identification:_identify(src/gazebo_plugin_sim) by extension 'ignore'
[0.196s] Level 1:colcon.colcon_core.package_identification:_identify(src/gazebo_plugin_sim) by extension 'ignore_ament_install'
[0.196s] Level 1:colcon.colcon_core.package_identification:_identify(src/gazebo_plugin_sim) by extensions ['colcon_pkg']
[0.196s] Level 1:colcon.colcon_core.package_identification:_identify(src/gazebo_plugin_sim) by extension 'colcon_pkg'
[0.197s] Level 1:colcon.colcon_core.package_identification:_identify(src/gazebo_plugin_sim) by extensions ['colcon_meta']
[0.197s] Level 1:colcon.colcon_core.package_identification:_identify(src/gazebo_plugin_sim) by extension 'colcon_meta'
[0.197s] Level 1:colcon.colcon_core.package_identification:_identify(src/gazebo_plugin_sim) by extensions ['ros']
[0.197s] Level 1:colcon.colcon_core.package_identification:_identify(src/gazebo_plugin_sim) by extension 'ros'
[0.199s] DEBUG:colcon.colcon_core.package_identification:Package 'src/gazebo_plugin_sim' with type 'ros.ament_cmake' and name 'gazebo_plugin_sim'
[0.199s] Level 1:colcon.colcon_core.package_identification:_identify(src/img_proc_pkg) by extensions ['ignore', 'ignore_ament_install']
[0.199s] Level 1:colcon.colcon_core.package_identification:_identify(src/img_proc_pkg) by extension 'ignore'
[0.199s] Level 1:colcon.colcon_core.package_identification:_identify(src/img_proc_pkg) by extension 'ignore_ament_install'
[0.199s] Level 1:colcon.colcon_core.package_identification:_identify(src/img_proc_pkg) by extensions ['colcon_pkg']
[0.199s] Level 1:colcon.colcon_core.package_identification:_identify(src/img_proc_pkg) by extension 'colcon_pkg'
[0.199s] Level 1:colcon.colcon_core.package_identification:_identify(src/img_proc_pkg) by extensions ['colcon_meta']
[0.199s] Level 1:colcon.colcon_core.package_identification:_identify(src/img_proc_pkg) by extension 'colcon_meta'
[0.199s] Level 1:colcon.colcon_core.package_identification:_identify(src/img_proc_pkg) by extensions ['ros']
[0.199s] Level 1:colcon.colcon_core.package_identification:_identify(src/img_proc_pkg) by extension 'ros'
[0.200s] DEBUG:colcon.colcon_core.package_identification:Package 'src/img_proc_pkg' with type 'ros.ament_cmake' and name 'img_proc_pkg'
[0.200s] Level 1:colcon.colcon_core.package_identification:_identify(src/interfaces) by extensions ['ignore', 'ignore_ament_install']
[0.200s] Level 1:colcon.colcon_core.package_identification:_identify(src/interfaces) by extension 'ignore'
[0.200s] Level 1:colcon.colcon_core.package_identification:_identify(src/interfaces) by extension 'ignore_ament_install'
[0.200s] Level 1:colcon.colcon_core.package_identification:_identify(src/interfaces) by extensions ['colcon_pkg']
[0.200s] Level 1:colcon.colcon_core.package_identification:_identify(src/interfaces) by extension 'colcon_pkg'
[0.200s] Level 1:colcon.colcon_core.package_identification:_identify(src/interfaces) by extensions ['colcon_meta']
[0.200s] Level 1:colcon.colcon_core.package_identification:_identify(src/interfaces) by extension 'colcon_meta'
[0.200s] Level 1:colcon.colcon_core.package_identification:_identify(src/interfaces) by extensions ['ros']
[0.200s] Level 1:colcon.colcon_core.package_identification:_identify(src/interfaces) by extension 'ros'
[0.200s] DEBUG:colcon.colcon_core.package_identification:Package 'src/interfaces' with type 'ros.ament_cmake' and name 'interfaces'
[0.201s] Level 1:colcon.colcon_core.package_identification:_identify(src/inv_kinematics_pkg) by extensions ['ignore', 'ignore_ament_install']
[0.201s] Level 1:colcon.colcon_core.package_identification:_identify(src/inv_kinematics_pkg) by extension 'ignore'
[0.201s] Level 1:colcon.colcon_core.package_identification:_identify(src/inv_kinematics_pkg) by extension 'ignore_ament_install'
[0.201s] Level 1:colcon.colcon_core.package_identification:_identify(src/inv_kinematics_pkg) by extensions ['colcon_pkg']
[0.201s] Level 1:colcon.colcon_core.package_identification:_identify(src/inv_kinematics_pkg) by extension 'colcon_pkg'
[0.201s] Level 1:colcon.colcon_core.package_identification:_identify(src/inv_kinematics_pkg) by extensions ['colcon_meta']
[0.201s] Level 1:colcon.colcon_core.package_identification:_identify(src/inv_kinematics_pkg) by extension 'colcon_meta'
[0.201s] Level 1:colcon.colcon_core.package_identification:_identify(src/inv_kinematics_pkg) by extensions ['ros']
[0.201s] Level 1:colcon.colcon_core.package_identification:_identify(src/inv_kinematics_pkg) by extension 'ros'
[0.202s] DEBUG:colcon.colcon_core.package_identification:Package 'src/inv_kinematics_pkg' with type 'ros.ament_cmake' and name 'inv_kinematics_pkg'
[0.202s] Level 1:colcon.colcon_core.package_discovery:discover_packages(recursive) using defaults
[0.202s] Level 1:colcon.colcon_core.package_discovery:discover_packages(ignore) discover
[0.202s] Level 1:colcon.colcon_core.package_discovery:discover_packages(ignore) using defaults
[0.202s] Level 1:colcon.colcon_core.package_discovery:discover_packages(path) discover
[0.202s] Level 1:colcon.colcon_core.package_discovery:discover_packages(path) using defaults
[0.231s] Level 1:colcon.colcon_core.package_discovery:discover_packages(prefix_path) check parameters
[0.231s] Level 1:colcon.colcon_core.package_discovery:discover_packages(prefix_path) discover
[0.234s] DEBUG:colcon.colcon_installed_package_information.package_discovery:Found 5 installed packages in /home/javierfr/Robotics_Cyber_Physical_LAB/install
[0.236s] DEBUG:colcon.colcon_installed_package_information.package_discovery:Found 268 installed packages in /opt/ros/foxy
[0.237s] Level 1:colcon.colcon_core.package_discovery:discover_packages(prefix_path) using defaults
[0.307s] Level 5:colcon.colcon_core.verb:set package 'gazebo_plugin_sim' build argument 'cmake_args' from command line to 'None'
[0.307s] Level 5:colcon.colcon_core.verb:set package 'gazebo_plugin_sim' build argument 'cmake_target' from command line to 'None'
[0.307s] Level 5:colcon.colcon_core.verb:set package 'gazebo_plugin_sim' build argument 'cmake_target_skip_unavailable' from command line to 'False'
[0.307s] Level 5:colcon.colcon_core.verb:set package 'gazebo_plugin_sim' build argument 'cmake_clean_cache' from command line to 'False'
[0.307s] Level 5:colcon.colcon_core.verb:set package 'gazebo_plugin_sim' build argument 'cmake_clean_first' from command line to 'False'
[0.307s] Level 5:colcon.colcon_core.verb:set package 'gazebo_plugin_sim' build argument 'cmake_force_configure' from command line to 'False'
[0.307s] Level 5:colcon.colcon_core.verb:set package 'gazebo_plugin_sim' build argument 'ament_cmake_args' from command line to 'None'
[0.307s] Level 5:colcon.colcon_core.verb:set package 'gazebo_plugin_sim' build argument 'catkin_cmake_args' from command line to 'None'
[0.307s] Level 5:colcon.colcon_core.verb:set package 'gazebo_plugin_sim' build argument 'catkin_skip_building_tests' from command line to 'False'
[0.307s] DEBUG:colcon.colcon_core.verb:Building package 'gazebo_plugin_sim' with the following arguments: {'ament_cmake_args': None, 'build_base': '/home/javierfr/Robotics_Cyber_Physical_LAB/build/gazebo_plugin_sim', 'catkin_cmake_args': None, 'catkin_skip_building_tests': False, 'cmake_args': None, 'cmake_clean_cache': False, 'cmake_clean_first': False, 'cmake_force_configure': False, 'cmake_target': None, 'cmake_target_skip_unavailable': False, 'install_base': '/home/javierfr/Robotics_Cyber_Physical_LAB/install/gazebo_plugin_sim', 'merge_install': False, 'path': '/home/javierfr/Robotics_Cyber_Physical_LAB/src/gazebo_plugin_sim', 'symlink_install': False, 'test_result_base': None}
[0.308s] Level 5:colcon.colcon_core.verb:set package 'img_proc_pkg' build argument 'cmake_args' from command line to 'None'
[0.308s] Level 5:colcon.colcon_core.verb:set package 'img_proc_pkg' build argument 'cmake_target' from command line to 'None'
[0.308s] Level 5:colcon.colcon_core.verb:set package 'img_proc_pkg' build argument 'cmake_target_skip_unavailable' from command line to 'False'
[0.308s] Level 5:colcon.colcon_core.verb:set package 'img_proc_pkg' build argument 'cmake_clean_cache' from command line to 'False'
[0.308s] Level 5:colcon.colcon_core.verb:set package 'img_proc_pkg' build argument 'cmake_clean_first' from command line to 'False'
[0.309s] Level 5:colcon.colcon_core.verb:set package 'img_proc_pkg' build argument 'cmake_force_configure' from command line to 'False'
[0.309s] Level 5:colcon.colcon_core.verb:set package 'img_proc_pkg' build argument 'ament_cmake_args' from command line to 'None'
[0.309s] Level 5:colcon.colcon_core.verb:set package 'img_proc_pkg' build argument 'catkin_cmake_args' from command line to 'None'
[0.309s] Level 5:colcon.colcon_core.verb:set package 'img_proc_pkg' build argument 'catkin_skip_building_tests' from command line to 'False'
[0.309s] DEBUG:colcon.colcon_core.verb:Building package 'img_proc_pkg' with the following arguments: {'ament_cmake_args': None, 'build_base': '/home/javierfr/Robotics_Cyber_Physical_LAB/build/img_proc_pkg', 'catkin_cmake_args': None, 'catkin_skip_building_tests': False, 'cmake_args': None, 'cmake_clean_cache': False, 'cmake_clean_first': False, 'cmake_force_configure': False, 'cmake_target': None, 'cmake_target_skip_unavailable': False, 'install_base': '/home/javierfr/Robotics_Cyber_Physical_LAB/install/img_proc_pkg', 'merge_install': False, 'path': '/home/javierfr/Robotics_Cyber_Physical_LAB/src/img_proc_pkg', 'symlink_install': False, 'test_result_base': None}
[0.310s] Level 5:colcon.colcon_core.verb:set package 'interfaces' build argument 'cmake_args' from command line to 'None'
[0.310s] Level 5:colcon.colcon_core.verb:set package 'interfaces' build argument 'cmake_target' from command line to 'None'
[0.310s] Level 5:colcon.colcon_core.verb:set package 'interfaces' build argument 'cmake_target_skip_unavailable' from command line to 'False'
[0.310s] Level 5:colcon.colcon_core.verb:set package 'interfaces' build argument 'cmake_clean_cache' from command line to 'False'
[0.310s] Level 5:colcon.colcon_core.verb:set package 'interfaces' build argument 'cmake_clean_first' from command line to 'False'
[0.310s] Level 5:colcon.colcon_core.verb:set package 'interfaces' build argument 'cmake_force_configure' from command line to 'False'
[0.310s] Level 5:colcon.colcon_core.verb:set package 'interfaces' build argument 'ament_cmake_args' from command line to 'None'
[0.310s] Level 5:colcon.colcon_core.verb:set package 'interfaces' build argument 'catkin_cmake_args' from command line to 'None'
[0.310s] Level 5:colcon.colcon_core.verb:set package 'interfaces' build argument 'catkin_skip_building_tests' from command line to 'False'
[0.310s] DEBUG:colcon.colcon_core.verb:Building package 'interfaces' with the following arguments: {'ament_cmake_args': None, 'build_base': '/home/javierfr/Robotics_Cyber_Physical_LAB/build/interfaces', 'catkin_cmake_args': None, 'catkin_skip_building_tests': False, 'cmake_args': None, 'cmake_clean_cache': False, 'cmake_clean_first': False, 'cmake_force_configure': False, 'cmake_target': None, 'cmake_target_skip_unavailable': False, 'install_base': '/home/javierfr/Robotics_Cyber_Physical_LAB/install/interfaces', 'merge_install': False, 'path': '/home/javierfr/Robotics_Cyber_Physical_LAB/src/interfaces', 'symlink_install': False, 'test_result_base': None}
[0.311s] Level 5:colcon.colcon_core.verb:set package 'control_pkg' build argument 'cmake_args' from command line to 'None'
[0.311s] Level 5:colcon.colcon_core.verb:set package 'control_pkg' build argument 'cmake_target' from command line to 'None'
[0.311s] Level 5:colcon.colcon_core.verb:set package 'control_pkg' build argument 'cmake_target_skip_unavailable' from command line to 'False'
[0.311s] Level 5:colcon.colcon_core.verb:set package 'control_pkg' build argument 'cmake_clean_cache' from command line to 'False'
[0.311s] Level 5:colcon.colcon_core.verb:set package 'control_pkg' build argument 'cmake_clean_first' from command line to 'False'
[0.311s] Level 5:colcon.colcon_core.verb:set package 'control_pkg' build argument 'cmake_force_configure' from command line to 'False'
[0.311s] Level 5:colcon.colcon_core.verb:set package 'control_pkg' build argument 'ament_cmake_args' from command line to 'None'
[0.311s] Level 5:colcon.colcon_core.verb:set package 'control_pkg' build argument 'catkin_cmake_args' from command line to 'None'
[0.311s] Level 5:colcon.colcon_core.verb:set package 'control_pkg' build argument 'catkin_skip_building_tests' from command line to 'False'
[0.311s] DEBUG:colcon.colcon_core.verb:Building package 'control_pkg' with the following arguments: {'ament_cmake_args': None, 'build_base': '/home/javierfr/Robotics_Cyber_Physical_LAB/build/control_pkg', 'catkin_cmake_args': None, 'catkin_skip_building_tests': False, 'cmake_args': None, 'cmake_clean_cache': False, 'cmake_clean_first': False, 'cmake_force_configure': False, 'cmake_target': None, 'cmake_target_skip_unavailable': False, 'install_base': '/home/javierfr/Robotics_Cyber_Physical_LAB/install/control_pkg', 'merge_install': False, 'path': '/home/javierfr/Robotics_Cyber_Physical_LAB/src/control_pkg', 'symlink_install': False, 'test_result_base': None}
[0.312s] Level 5:colcon.colcon_core.verb:set package 'inv_kinematics_pkg' build argument 'cmake_args' from command line to 'None'
[0.312s] Level 5:colcon.colcon_core.verb:set package 'inv_kinematics_pkg' build argument 'cmake_target' from command line to 'None'
[0.312s] Level 5:colcon.colcon_core.verb:set package 'inv_kinematics_pkg' build argument 'cmake_target_skip_unavailable' from command line to 'False'
[0.312s] Level 5:colcon.colcon_core.verb:set package 'inv_kinematics_pkg' build argument 'cmake_clean_cache' from command line to 'False'
[0.312s] Level 5:colcon.colcon_core.verb:set package 'inv_kinematics_pkg' build argument 'cmake_clean_first' from command line to 'False'
[0.312s] Level 5:colcon.colcon_core.verb:set package 'inv_kinematics_pkg' build argument 'cmake_force_configure' from command line to 'False'
[0.312s] Level 5:colcon.colcon_core.verb:set package 'inv_kinematics_pkg' build argument 'ament_cmake_args' from command line to 'None'
[0.312s] Level 5:colcon.colcon_core.verb:set package 'inv_kinematics_pkg' build argument 'catkin_cmake_args' from command line to 'None'
[0.312s] Level 5:colcon.colcon_core.verb:set package 'inv_kinematics_pkg' build argument 'catkin_skip_building_tests' from command line to 'False'
[0.313s] DEBUG:colcon.colcon_core.verb:Building package 'inv_kinematics_pkg' with the following arguments: {'ament_cmake_args': None, 'build_base': '/home/javierfr/Robotics_Cyber_Physical_LAB/build/inv_kinematics_pkg', 'catkin_cmake_args': None, 'catkin_skip_building_tests': False, 'cmake_args': None, 'cmake_clean_cache': False, 'cmake_clean_first': False, 'cmake_force_configure': False, 'cmake_target': None, 'cmake_target_skip_unavailable': False, 'install_base': '/home/javierfr/Robotics_Cyber_Physical_LAB/install/inv_kinematics_pkg', 'merge_install': False, 'path': '/home/javierfr/Robotics_Cyber_Physical_LAB/src/inv_kinematics_pkg', 'symlink_install': False, 'test_result_base': None}
[0.313s] INFO:colcon.colcon_core.executor:Executing jobs using 'parallel' executor
[0.317s] DEBUG:colcon.colcon_parallel_executor.executor.parallel:run_until_complete
[0.318s] INFO:colcon.colcon_ros.task.ament_cmake.build:Building ROS package in '/home/javierfr/Robotics_Cyber_Physical_LAB/src/interfaces' with build type 'ament_cmake'
[0.318s] INFO:colcon.colcon_cmake.task.cmake.build:Building CMake package in '/home/javierfr/Robotics_Cyber_Physical_LAB/src/interfaces'
[0.322s] INFO:colcon.colcon_core.plugin_system:Skipping extension 'colcon_core.shell.bat': Not used on non-Windows systems
[0.323s] INFO:colcon.colcon_core.shell:Skip shell extension 'powershell' for command environment: Not usable outside of PowerShell
[0.323s] DEBUG:colcon.colcon_core.shell:Skip shell extension 'dsv' for command environment
[0.329s] INFO:colcon.colcon_ros.task.ament_cmake.build:Building ROS package in '/home/javierfr/Robotics_Cyber_Physical_LAB/src/gazebo_plugin_sim' with build type 'ament_cmake'
[0.330s] INFO:colcon.colcon_cmake.task.cmake.build:Building CMake package in '/home/javierfr/Robotics_Cyber_Physical_LAB/src/gazebo_plugin_sim'
[0.332s] INFO:colcon.colcon_core.shell:Skip shell extension 'powershell' for command environment: Not usable outside of PowerShell
[0.332s] DEBUG:colcon.colcon_core.shell:Skip shell extension 'dsv' for command environment
[0.340s] INFO:colcon.colcon_ros.task.ament_cmake.build:Building ROS package in '/home/javierfr/Robotics_Cyber_Physical_LAB/src/img_proc_pkg' with build type 'ament_cmake'
[0.340s] INFO:colcon.colcon_cmake.task.cmake.build:Building CMake package in '/home/javierfr/Robotics_Cyber_Physical_LAB/src/img_proc_pkg'
[0.342s] INFO:colcon.colcon_core.shell:Skip shell extension 'powershell' for command environment: Not usable outside of PowerShell
[0.342s] DEBUG:colcon.colcon_core.shell:Skip shell extension 'dsv' for command environment
[0.356s] DEBUG:colcon.colcon_core.event_handler.log_command:Invoking command in '/home/javierfr/Robotics_Cyber_Physical_LAB/build/interfaces': CMAKE_PREFIX_PATH=${CMAKE_PREFIX_PATH}:/opt/ros/foxy /usr/bin/cmake --build /home/javierfr/Robotics_Cyber_Physical_LAB/build/interfaces -- -j8 -l8
[0.367s] DEBUG:colcon.colcon_core.event_handler.log_command:Invoking command in '/home/javierfr/Robotics_Cyber_Physical_LAB/build/gazebo_plugin_sim': CMAKE_PREFIX_PATH=${CMAKE_PREFIX_PATH}:/opt/ros/foxy /usr/bin/cmake --build /home/javierfr/Robotics_Cyber_Physical_LAB/build/gazebo_plugin_sim -- -j8 -l8
[0.372s] DEBUG:colcon.colcon_core.event_handler.log_command:Invoking command in '/home/javierfr/Robotics_Cyber_Physical_LAB/build/img_proc_pkg': CMAKE_PREFIX_PATH=${CMAKE_PREFIX_PATH}:/opt/ros/foxy /usr/bin/cmake --build /home/javierfr/Robotics_Cyber_Physical_LAB/build/img_proc_pkg -- -j8 -l8
[0.546s] DEBUG:colcon.colcon_core.event_handler.log_command:Invoked command in '/home/javierfr/Robotics_Cyber_Physical_LAB/build/img_proc_pkg' returned '0': CMAKE_PREFIX_PATH=${CMAKE_PREFIX_PATH}:/opt/ros/foxy /usr/bin/cmake --build /home/javierfr/Robotics_Cyber_Physical_LAB/build/img_proc_pkg -- -j8 -l8
[0.570s] DEBUG:colcon.colcon_core.event_handler.log_command:Invoked command in '/home/javierfr/Robotics_Cyber_Physical_LAB/build/gazebo_plugin_sim' returned '0': CMAKE_PREFIX_PATH=${CMAKE_PREFIX_PATH}:/opt/ros/foxy /usr/bin/cmake --build /home/javierfr/Robotics_Cyber_Physical_LAB/build/gazebo_plugin_sim -- -j8 -l8
[0.595s] DEBUG:colcon.colcon_core.event_handler.log_command:Invoking command in '/home/javierfr/Robotics_Cyber_Physical_LAB/build/img_proc_pkg': CMAKE_PREFIX_PATH=${CMAKE_PREFIX_PATH}:/opt/ros/foxy /usr/bin/cmake --install /home/javierfr/Robotics_Cyber_Physical_LAB/build/img_proc_pkg
[0.607s] DEBUG:colcon.colcon_core.event_handler.log_command:Invoking command in '/home/javierfr/Robotics_Cyber_Physical_LAB/build/gazebo_plugin_sim': CMAKE_PREFIX_PATH=${CMAKE_PREFIX_PATH}:/opt/ros/foxy /usr/bin/cmake --install /home/javierfr/Robotics_Cyber_Physical_LAB/build/gazebo_plugin_sim
[0.611s] Level 1:colcon.colcon_core.environment:create_environment_scripts_only(img_proc_pkg)
[0.615s] DEBUG:colcon.colcon_core.event_handler.log_command:Invoked command in '/home/javierfr/Robotics_Cyber_Physical_LAB/build/img_proc_pkg' returned '0': CMAKE_PREFIX_PATH=${CMAKE_PREFIX_PATH}:/opt/ros/foxy /usr/bin/cmake --install /home/javierfr/Robotics_Cyber_Physical_LAB/build/img_proc_pkg
[0.624s] Level 1:colcon.colcon_core.environment:checking '/home/javierfr/Robotics_Cyber_Physical_LAB/install/img_proc_pkg' for CMake module files
[0.626s] Level 1:colcon.colcon_core.environment:checking '/home/javierfr/Robotics_Cyber_Physical_LAB/install/img_proc_pkg' for CMake config files
[0.628s] Level 1:colcon.colcon_core.shell:create_environment_hook('img_proc_pkg', 'cmake_prefix_path')
[0.631s] INFO:colcon.colcon_core.shell:Creating environment hook '/home/javierfr/Robotics_Cyber_Physical_LAB/install/img_proc_pkg/share/img_proc_pkg/hook/cmake_prefix_path.ps1'
[0.646s] INFO:colcon.colcon_core.shell:Creating environment descriptor '/home/javierfr/Robotics_Cyber_Physical_LAB/install/img_proc_pkg/share/img_proc_pkg/hook/cmake_prefix_path.dsv'
[0.648s] INFO:colcon.colcon_core.shell:Creating environment hook '/home/javierfr/Robotics_Cyber_Physical_LAB/install/img_proc_pkg/share/img_proc_pkg/hook/cmake_prefix_path.sh'
[0.650s] Level 1:colcon.colcon_core.environment:checking '/home/javierfr/Robotics_Cyber_Physical_LAB/install/img_proc_pkg/lib'
[0.650s] Level 1:colcon.colcon_core.environment:checking '/home/javierfr/Robotics_Cyber_Physical_LAB/install/img_proc_pkg/bin'
[0.650s] Level 1:colcon.colcon_core.environment:checking '/home/javierfr/Robotics_Cyber_Physical_LAB/install/img_proc_pkg/lib/pkgconfig/img_proc_pkg.pc'
[0.650s] Level 1:colcon.colcon_core.environment:checking '/home/javierfr/Robotics_Cyber_Physical_LAB/install/img_proc_pkg/lib/python3.8/site-packages'
[0.651s] Level 1:colcon.colcon_core.environment:checking '/home/javierfr/Robotics_Cyber_Physical_LAB/install/img_proc_pkg/bin'
[0.653s] INFO:colcon.colcon_core.shell:Creating package script '/home/javierfr/Robotics_Cyber_Physical_LAB/install/img_proc_pkg/share/img_proc_pkg/package.ps1'
[0.655s] INFO:colcon.colcon_core.shell:Creating package descriptor '/home/javierfr/Robotics_Cyber_Physical_LAB/install/img_proc_pkg/share/img_proc_pkg/package.dsv'
[0.656s] INFO:colcon.colcon_core.shell:Creating package script '/home/javierfr/Robotics_Cyber_Physical_LAB/install/img_proc_pkg/share/img_proc_pkg/package.sh'
[0.657s] INFO:colcon.colcon_core.shell:Creating package script '/home/javierfr/Robotics_Cyber_Physical_LAB/install/img_proc_pkg/share/img_proc_pkg/package.bash'
[0.658s] INFO:colcon.colcon_core.shell:Creating package script '/home/javierfr/Robotics_Cyber_Physical_LAB/install/img_proc_pkg/share/img_proc_pkg/package.zsh'
[0.659s] Level 1:colcon.colcon_core.environment:create_file_with_runtime_dependencies(/home/javierfr/Robotics_Cyber_Physical_LAB/install/img_proc_pkg/share/colcon-core/packages/img_proc_pkg)
[0.664s] Level 1:colcon.colcon_core.environment:create_environment_scripts_only(gazebo_plugin_sim)
[0.669s] Level 1:colcon.colcon_core.environment:checking '/home/javierfr/Robotics_Cyber_Physical_LAB/install/gazebo_plugin_sim' for CMake module files
[0.670s] DEBUG:colcon.colcon_core.event_handler.log_command:Invoked command in '/home/javierfr/Robotics_Cyber_Physical_LAB/build/gazebo_plugin_sim' returned '0': CMAKE_PREFIX_PATH=${CMAKE_PREFIX_PATH}:/opt/ros/foxy /usr/bin/cmake --install /home/javierfr/Robotics_Cyber_Physical_LAB/build/gazebo_plugin_sim
[0.671s] Level 1:colcon.colcon_core.environment:checking '/home/javierfr/Robotics_Cyber_Physical_LAB/install/gazebo_plugin_sim' for CMake config files
[0.671s] Level 1:colcon.colcon_core.shell:create_environment_hook('gazebo_plugin_sim', 'cmake_prefix_path')
[0.674s] INFO:colcon.colcon_core.shell:Creating environment hook '/home/javierfr/Robotics_Cyber_Physical_LAB/install/gazebo_plugin_sim/share/gazebo_plugin_sim/hook/cmake_prefix_path.ps1'
[0.674s] INFO:colcon.colcon_core.shell:Creating environment descriptor '/home/javierfr/Robotics_Cyber_Physical_LAB/install/gazebo_plugin_sim/share/gazebo_plugin_sim/hook/cmake_prefix_path.dsv'
[0.675s] INFO:colcon.colcon_core.shell:Creating environment hook '/home/javierfr/Robotics_Cyber_Physical_LAB/install/gazebo_plugin_sim/share/gazebo_plugin_sim/hook/cmake_prefix_path.sh'
[0.676s] Level 1:colcon.colcon_core.environment:checking '/home/javierfr/Robotics_Cyber_Physical_LAB/install/gazebo_plugin_sim/lib'
[0.676s] Level 1:colcon.colcon_core.shell:create_environment_hook('gazebo_plugin_sim', 'ld_library_path_lib')
[0.678s] INFO:colcon.colcon_core.shell:Creating environment hook '/home/javierfr/Robotics_Cyber_Physical_LAB/install/gazebo_plugin_sim/share/gazebo_plugin_sim/hook/ld_library_path_lib.ps1'
[0.679s] INFO:colcon.colcon_core.shell:Creating environment descriptor '/home/javierfr/Robotics_Cyber_Physical_LAB/install/gazebo_plugin_sim/share/gazebo_plugin_sim/hook/ld_library_path_lib.dsv'
[0.679s] INFO:colcon.colcon_core.shell:Creating environment hook '/home/javierfr/Robotics_Cyber_Physical_LAB/install/gazebo_plugin_sim/share/gazebo_plugin_sim/hook/ld_library_path_lib.sh'
[0.680s] Level 1:colcon.colcon_core.environment:checking '/home/javierfr/Robotics_Cyber_Physical_LAB/install/gazebo_plugin_sim/bin'
[0.680s] Level 1:colcon.colcon_core.environment:checking '/home/javierfr/Robotics_Cyber_Physical_LAB/install/gazebo_plugin_sim/lib/pkgconfig/gazebo_plugin_sim.pc'
[0.680s] Level 1:colcon.colcon_core.environment:checking '/home/javierfr/Robotics_Cyber_Physical_LAB/install/gazebo_plugin_sim/lib/python3.8/site-packages'
[0.680s] Level 1:colcon.colcon_core.environment:checking '/home/javierfr/Robotics_Cyber_Physical_LAB/install/gazebo_plugin_sim/bin'
[0.682s] INFO:colcon.colcon_core.shell:Creating package script '/home/javierfr/Robotics_Cyber_Physical_LAB/install/gazebo_plugin_sim/share/gazebo_plugin_sim/package.ps1'
[0.682s] INFO:colcon.colcon_core.shell:Creating package descriptor '/home/javierfr/Robotics_Cyber_Physical_LAB/install/gazebo_plugin_sim/share/gazebo_plugin_sim/package.dsv'
[0.683s] INFO:colcon.colcon_core.shell:Creating package script '/home/javierfr/Robotics_Cyber_Physical_LAB/install/gazebo_plugin_sim/share/gazebo_plugin_sim/package.sh'
[0.683s] INFO:colcon.colcon_core.shell:Creating package script '/home/javierfr/Robotics_Cyber_Physical_LAB/install/gazebo_plugin_sim/share/gazebo_plugin_sim/package.bash'
[0.684s] INFO:colcon.colcon_core.shell:Creating package script '/home/javierfr/Robotics_Cyber_Physical_LAB/install/gazebo_plugin_sim/share/gazebo_plugin_sim/package.zsh'
[0.684s] Level 1:colcon.colcon_core.environment:create_file_with_runtime_dependencies(/home/javierfr/Robotics_Cyber_Physical_LAB/install/gazebo_plugin_sim/share/colcon-core/packages/gazebo_plugin_sim)
[0.697s] Level 1:colcon.colcon_core.environment:create_environment_scripts_only(img_proc_pkg)
[0.699s] Level 1:colcon.colcon_core.environment:checking '/home/javierfr/Robotics_Cyber_Physical_LAB/install/img_proc_pkg' for CMake module files
[0.699s] Level 1:colcon.colcon_core.environment:checking '/home/javierfr/Robotics_Cyber_Physical_LAB/install/img_proc_pkg' for CMake config files
[0.700s] Level 1:colcon.colcon_core.shell:create_environment_hook('img_proc_pkg', 'cmake_prefix_path')
[0.701s] INFO:colcon.colcon_core.shell:Creating environment hook '/home/javierfr/Robotics_Cyber_Physical_LAB/install/img_proc_pkg/share/img_proc_pkg/hook/cmake_prefix_path.ps1'
[0.702s] INFO:colcon.colcon_core.shell:Creating environment descriptor '/home/javierfr/Robotics_Cyber_Physical_LAB/install/img_proc_pkg/share/img_proc_pkg/hook/cmake_prefix_path.dsv'
[0.702s] INFO:colcon.colcon_core.shell:Creating environment hook '/home/javierfr/Robotics_Cyber_Physical_LAB/install/img_proc_pkg/share/img_proc_pkg/hook/cmake_prefix_path.sh'
[0.703s] Level 1:colcon.colcon_core.environment:checking '/home/javierfr/Robotics_Cyber_Physical_LAB/install/img_proc_pkg/lib'
[0.703s] Level 1:colcon.colcon_core.environment:checking '/home/javierfr/Robotics_Cyber_Physical_LAB/install/img_proc_pkg/bin'
[0.704s] Level 1:colcon.colcon_core.environment:checking '/home/javierfr/Robotics_Cyber_Physical_LAB/install/img_proc_pkg/lib/pkgconfig/img_proc_pkg.pc'
[0.704s] Level 1:colcon.colcon_core.environment:checking '/home/javierfr/Robotics_Cyber_Physical_LAB/install/img_proc_pkg/lib/python3.8/site-packages'
[0.704s] Level 1:colcon.colcon_core.environment:checking '/home/javierfr/Robotics_Cyber_Physical_LAB/install/img_proc_pkg/bin'
[0.706s] INFO:colcon.colcon_core.shell:Creating package script '/home/javierfr/Robotics_Cyber_Physical_LAB/install/img_proc_pkg/share/img_proc_pkg/package.ps1'
[0.707s] INFO:colcon.colcon_core.shell:Creating package descriptor '/home/javierfr/Robotics_Cyber_Physical_LAB/install/img_proc_pkg/share/img_proc_pkg/package.dsv'
[0.708s] INFO:colcon.colcon_core.shell:Creating package script '/home/javierfr/Robotics_Cyber_Physical_LAB/install/img_proc_pkg/share/img_proc_pkg/package.sh'
[0.708s] INFO:colcon.colcon_core.shell:Creating package script '/home/javierfr/Robotics_Cyber_Physical_LAB/install/img_proc_pkg/share/img_proc_pkg/package.bash'
[0.709s] INFO:colcon.colcon_core.shell:Creating package script '/home/javierfr/Robotics_Cyber_Physical_LAB/install/img_proc_pkg/share/img_proc_pkg/package.zsh'
[0.709s] Level 1:colcon.colcon_core.environment:create_file_with_runtime_dependencies(/home/javierfr/Robotics_Cyber_Physical_LAB/install/img_proc_pkg/share/colcon-core/packages/img_proc_pkg)
[0.714s] DEBUG:colcon.colcon_core.event_handler.log_command:Invoked command in '/home/javierfr/Robotics_Cyber_Physical_LAB/build/interfaces' returned '0': CMAKE_PREFIX_PATH=${CMAKE_PREFIX_PATH}:/opt/ros/foxy /usr/bin/cmake --build /home/javierfr/Robotics_Cyber_Physical_LAB/build/interfaces -- -j8 -l8
[0.719s] Level 1:colcon.colcon_core.environment:create_environment_scripts_only(gazebo_plugin_sim)
[0.721s] Level 1:colcon.colcon_core.environment:checking '/home/javierfr/Robotics_Cyber_Physical_LAB/install/gazebo_plugin_sim' for CMake module files
[0.722s] Level 1:colcon.colcon_core.environment:checking '/home/javierfr/Robotics_Cyber_Physical_LAB/install/gazebo_plugin_sim' for CMake config files
[0.722s] Level 1:colcon.colcon_core.shell:create_environment_hook('gazebo_plugin_sim', 'cmake_prefix_path')
[0.724s] INFO:colcon.colcon_core.shell:Creating environment hook '/home/javierfr/Robotics_Cyber_Physical_LAB/install/gazebo_plugin_sim/share/gazebo_plugin_sim/hook/cmake_prefix_path.ps1'
[0.724s] INFO:colcon.colcon_core.shell:Creating environment descriptor '/home/javierfr/Robotics_Cyber_Physical_LAB/install/gazebo_plugin_sim/share/gazebo_plugin_sim/hook/cmake_prefix_path.dsv'
[0.725s] INFO:colcon.colcon_core.shell:Creating environment hook '/home/javierfr/Robotics_Cyber_Physical_LAB/install/gazebo_plugin_sim/share/gazebo_plugin_sim/hook/cmake_prefix_path.sh'
[0.725s] Level 1:colcon.colcon_core.environment:checking '/home/javierfr/Robotics_Cyber_Physical_LAB/install/gazebo_plugin_sim/lib'
[0.725s] Level 1:colcon.colcon_core.shell:create_environment_hook('gazebo_plugin_sim', 'ld_library_path_lib')
[0.727s] INFO:colcon.colcon_core.shell:Creating environment hook '/home/javierfr/Robotics_Cyber_Physical_LAB/install/gazebo_plugin_sim/share/gazebo_plugin_sim/hook/ld_library_path_lib.ps1'
[0.727s] INFO:colcon.colcon_core.shell:Creating environment descriptor '/home/javierfr/Robotics_Cyber_Physical_LAB/install/gazebo_plugin_sim/share/gazebo_plugin_sim/hook/ld_library_path_lib.dsv'
[0.727s] INFO:colcon.colcon_core.shell:Creating environment hook '/home/javierfr/Robotics_Cyber_Physical_LAB/install/gazebo_plugin_sim/share/gazebo_plugin_sim/hook/ld_library_path_lib.sh'
[0.728s] Level 1:colcon.colcon_core.environment:checking '/home/javierfr/Robotics_Cyber_Physical_LAB/install/gazebo_plugin_sim/bin'
[0.728s] Level 1:colcon.colcon_core.environment:checking '/home/javierfr/Robotics_Cyber_Physical_LAB/install/gazebo_plugin_sim/lib/pkgconfig/gazebo_plugin_sim.pc'
[0.728s] Level 1:colcon.colcon_core.environment:checking '/home/javierfr/Robotics_Cyber_Physical_LAB/install/gazebo_plugin_sim/lib/python3.8/site-packages'
[0.728s] Level 1:colcon.colcon_core.environment:checking '/home/javierfr/Robotics_Cyber_Physical_LAB/install/gazebo_plugin_sim/bin'
[0.730s] INFO:colcon.colcon_core.shell:Creating package script '/home/javierfr/Robotics_Cyber_Physical_LAB/install/gazebo_plugin_sim/share/gazebo_plugin_sim/package.ps1'
[0.731s] INFO:colcon.colcon_core.shell:Creating package descriptor '/home/javierfr/Robotics_Cyber_Physical_LAB/install/gazebo_plugin_sim/share/gazebo_plugin_sim/package.dsv'
[0.732s] INFO:colcon.colcon_core.shell:Creating package script '/home/javierfr/Robotics_Cyber_Physical_LAB/install/gazebo_plugin_sim/share/gazebo_plugin_sim/package.sh'
[0.732s] INFO:colcon.colcon_core.shell:Creating package script '/home/javierfr/Robotics_Cyber_Physical_LAB/install/gazebo_plugin_sim/share/gazebo_plugin_sim/package.bash'
[0.733s] INFO:colcon.colcon_core.shell:Creating package script '/home/javierfr/Robotics_Cyber_Physical_LAB/install/gazebo_plugin_sim/share/gazebo_plugin_sim/package.zsh'
[0.733s] Level 1:colcon.colcon_core.environment:create_file_with_runtime_dependencies(/home/javierfr/Robotics_Cyber_Physical_LAB/install/gazebo_plugin_sim/share/colcon-core/packages/gazebo_plugin_sim)
[0.882s] DEBUG:colcon.colcon_core.event_handler.log_command:Invoking command in '/home/javierfr/Robotics_Cyber_Physical_LAB/build/interfaces': CMAKE_PREFIX_PATH=${CMAKE_PREFIX_PATH}:/opt/ros/foxy /usr/bin/cmake --install /home/javierfr/Robotics_Cyber_Physical_LAB/build/interfaces
[0.943s] Level 1:colcon.colcon_core.environment:create_environment_scripts_only(interfaces)
[0.945s] Level 1:colcon.colcon_core.environment:checking '/home/javierfr/Robotics_Cyber_Physical_LAB/install/interfaces' for CMake module files
[0.945s] DEBUG:colcon.colcon_core.event_handler.log_command:Invoked command in '/home/javierfr/Robotics_Cyber_Physical_LAB/build/interfaces' returned '0': CMAKE_PREFIX_PATH=${CMAKE_PREFIX_PATH}:/opt/ros/foxy /usr/bin/cmake --install /home/javierfr/Robotics_Cyber_Physical_LAB/build/interfaces
[0.946s] Level 1:colcon.colcon_core.environment:checking '/home/javierfr/Robotics_Cyber_Physical_LAB/install/interfaces' for CMake config files
[0.947s] Level 1:colcon.colcon_core.shell:create_environment_hook('interfaces', 'cmake_prefix_path')
[0.948s] INFO:colcon.colcon_core.shell:Creating environment hook '/home/javierfr/Robotics_Cyber_Physical_LAB/install/interfaces/share/interfaces/hook/cmake_prefix_path.ps1'
[0.948s] INFO:colcon.colcon_core.shell:Creating environment descriptor '/home/javierfr/Robotics_Cyber_Physical_LAB/install/interfaces/share/interfaces/hook/cmake_prefix_path.dsv'
[0.949s] INFO:colcon.colcon_core.shell:Creating environment hook '/home/javierfr/Robotics_Cyber_Physical_LAB/install/interfaces/share/interfaces/hook/cmake_prefix_path.sh'
[0.949s] Level 1:colcon.colcon_core.environment:checking '/home/javierfr/Robotics_Cyber_Physical_LAB/install/interfaces/lib'
[0.949s] Level 1:colcon.colcon_core.shell:create_environment_hook('interfaces', 'ld_library_path_lib')
[0.951s] INFO:colcon.colcon_core.shell:Creating environment hook '/home/javierfr/Robotics_Cyber_Physical_LAB/install/interfaces/share/interfaces/hook/ld_library_path_lib.ps1'
[0.951s] INFO:colcon.colcon_core.shell:Creating environment descriptor '/home/javierfr/Robotics_Cyber_Physical_LAB/install/interfaces/share/interfaces/hook/ld_library_path_lib.dsv'
[0.951s] INFO:colcon.colcon_core.shell:Creating environment hook '/home/javierfr/Robotics_Cyber_Physical_LAB/install/interfaces/share/interfaces/hook/ld_library_path_lib.sh'
[0.952s] Level 1:colcon.colcon_core.environment:checking '/home/javierfr/Robotics_Cyber_Physical_LAB/install/interfaces/bin'
[0.952s] Level 1:colcon.colcon_core.environment:checking '/home/javierfr/Robotics_Cyber_Physical_LAB/install/interfaces/lib/pkgconfig/interfaces.pc'
[0.952s] Level 1:colcon.colcon_core.environment:checking '/home/javierfr/Robotics_Cyber_Physical_LAB/install/interfaces/lib/python3.8/site-packages'
[0.952s] Level 1:colcon.colcon_core.shell:create_environment_hook('interfaces', 'pythonpath')
[0.954s] INFO:colcon.colcon_core.shell:Creating environment hook '/home/javierfr/Robotics_Cyber_Physical_LAB/install/interfaces/share/interfaces/hook/pythonpath.ps1'
[0.954s] INFO:colcon.colcon_core.shell:Creating environment descriptor '/home/javierfr/Robotics_Cyber_Physical_LAB/install/interfaces/share/interfaces/hook/pythonpath.dsv'
[0.954s] INFO:colcon.colcon_core.shell:Creating environment hook '/home/javierfr/Robotics_Cyber_Physical_LAB/install/interfaces/share/interfaces/hook/pythonpath.sh'
[0.955s] Level 1:colcon.colcon_core.environment:checking '/home/javierfr/Robotics_Cyber_Physical_LAB/install/interfaces/bin'
[0.957s] INFO:colcon.colcon_core.shell:Creating package script '/home/javierfr/Robotics_Cyber_Physical_LAB/install/interfaces/share/interfaces/package.ps1'
[0.957s] INFO:colcon.colcon_core.shell:Creating package descriptor '/home/javierfr/Robotics_Cyber_Physical_LAB/install/interfaces/share/interfaces/package.dsv'
[0.958s] INFO:colcon.colcon_core.shell:Creating package script '/home/javierfr/Robotics_Cyber_Physical_LAB/install/interfaces/share/interfaces/package.sh'
[0.958s] INFO:colcon.colcon_core.shell:Creating package script '/home/javierfr/Robotics_Cyber_Physical_LAB/install/interfaces/share/interfaces/package.bash'
[0.958s] INFO:colcon.colcon_core.shell:Creating package script '/home/javierfr/Robotics_Cyber_Physical_LAB/install/interfaces/share/interfaces/package.zsh'
[0.959s] Level 1:colcon.colcon_core.environment:create_file_with_runtime_dependencies(/home/javierfr/Robotics_Cyber_Physical_LAB/install/interfaces/share/colcon-core/packages/interfaces)
[1.125s] Level 1:colcon.colcon_core.environment:create_environment_scripts_only(interfaces)
[1.127s] Level 1:colcon.colcon_core.environment:checking '/home/javierfr/Robotics_Cyber_Physical_LAB/install/interfaces' for CMake module files
[1.128s] Level 1:colcon.colcon_core.environment:checking '/home/javierfr/Robotics_Cyber_Physical_LAB/install/interfaces' for CMake config files
[1.129s] Level 1:colcon.colcon_core.shell:create_environment_hook('interfaces', 'cmake_prefix_path')
[1.130s] INFO:colcon.colcon_core.shell:Creating environment hook '/home/javierfr/Robotics_Cyber_Physical_LAB/install/interfaces/share/interfaces/hook/cmake_prefix_path.ps1'
[1.131s] INFO:colcon.colcon_core.shell:Creating environment descriptor '/home/javierfr/Robotics_Cyber_Physical_LAB/install/interfaces/share/interfaces/hook/cmake_prefix_path.dsv'
[1.176s] INFO:colcon.colcon_core.shell:Creating environment hook '/home/javierfr/Robotics_Cyber_Physical_LAB/install/interfaces/share/interfaces/hook/cmake_prefix_path.sh'
[1.177s] Level 1:colcon.colcon_core.environment:checking '/home/javierfr/Robotics_Cyber_Physical_LAB/install/interfaces/lib'
[1.177s] Level 1:colcon.colcon_core.shell:create_environment_hook('interfaces', 'ld_library_path_lib')
[1.179s] INFO:colcon.colcon_core.shell:Creating environment hook '/home/javierfr/Robotics_Cyber_Physical_LAB/install/interfaces/share/interfaces/hook/ld_library_path_lib.ps1'
[1.179s] INFO:colcon.colcon_core.shell:Creating environment descriptor '/home/javierfr/Robotics_Cyber_Physical_LAB/install/interfaces/share/interfaces/hook/ld_library_path_lib.dsv'
[1.179s] INFO:colcon.colcon_core.shell:Creating environment hook '/home/javierfr/Robotics_Cyber_Physical_LAB/install/interfaces/share/interfaces/hook/ld_library_path_lib.sh'
[1.180s] Level 1:colcon.colcon_core.environment:checking '/home/javierfr/Robotics_Cyber_Physical_LAB/install/interfaces/bin'
[1.180s] Level 1:colcon.colcon_core.environment:checking '/home/javierfr/Robotics_Cyber_Physical_LAB/install/interfaces/lib/pkgconfig/interfaces.pc'
[1.180s] Level 1:colcon.colcon_core.environment:checking '/home/javierfr/Robotics_Cyber_Physical_LAB/install/interfaces/lib/python3.8/site-packages'
[1.180s] Level 1:colcon.colcon_core.shell:create_environment_hook('interfaces', 'pythonpath')
[1.182s] INFO:colcon.colcon_core.shell:Creating environment hook '/home/javierfr/Robotics_Cyber_Physical_LAB/install/interfaces/share/interfaces/hook/pythonpath.ps1'
[1.182s] INFO:colcon.colcon_core.shell:Creating environment descriptor '/home/javierfr/Robotics_Cyber_Physical_LAB/install/interfaces/share/interfaces/hook/pythonpath.dsv'
[1.182s] INFO:colcon.colcon_core.shell:Creating environment hook '/home/javierfr/Robotics_Cyber_Physical_LAB/install/interfaces/share/interfaces/hook/pythonpath.sh'
[1.183s] Level 1:colcon.colcon_core.environment:checking '/home/javierfr/Robotics_Cyber_Physical_LAB/install/interfaces/bin'
[1.184s] INFO:colcon.colcon_core.shell:Creating package script '/home/javierfr/Robotics_Cyber_Physical_LAB/install/interfaces/share/interfaces/package.ps1'
[1.185s] INFO:colcon.colcon_core.shell:Creating package descriptor '/home/javierfr/Robotics_Cyber_Physical_LAB/install/interfaces/share/interfaces/package.dsv'
[1.186s] INFO:colcon.colcon_core.shell:Creating package script '/home/javierfr/Robotics_Cyber_Physical_LAB/install/interfaces/share/interfaces/package.sh'
[1.186s] INFO:colcon.colcon_core.shell:Creating package script '/home/javierfr/Robotics_Cyber_Physical_LAB/install/interfaces/share/interfaces/package.bash'
[1.186s] INFO:colcon.colcon_core.shell:Creating package script '/home/javierfr/Robotics_Cyber_Physical_LAB/install/interfaces/share/interfaces/package.zsh'
[1.187s] Level 1:colcon.colcon_core.environment:create_file_with_runtime_dependencies(/home/javierfr/Robotics_Cyber_Physical_LAB/install/interfaces/share/colcon-core/packages/interfaces)
[1.187s] INFO:colcon.colcon_ros.task.ament_cmake.build:Building ROS package in '/home/javierfr/Robotics_Cyber_Physical_LAB/src/control_pkg' with build type 'ament_cmake'
[1.187s] INFO:colcon.colcon_cmake.task.cmake.build:Building CMake package in '/home/javierfr/Robotics_Cyber_Physical_LAB/src/control_pkg'
[1.189s] INFO:colcon.colcon_core.shell:Skip shell extension 'powershell' for command environment: Not usable outside of PowerShell
[1.189s] DEBUG:colcon.colcon_core.shell:Skip shell extension 'dsv' for command environment
[1.195s] INFO:colcon.colcon_ros.task.ament_cmake.build:Building ROS package in '/home/javierfr/Robotics_Cyber_Physical_LAB/src/inv_kinematics_pkg' with build type 'ament_cmake'
[1.196s] INFO:colcon.colcon_cmake.task.cmake.build:Building CMake package in '/home/javierfr/Robotics_Cyber_Physical_LAB/src/inv_kinematics_pkg'
[1.198s] INFO:colcon.colcon_core.shell:Skip shell extension 'powershell' for command environment: Not usable outside of PowerShell
[1.198s] DEBUG:colcon.colcon_core.shell:Skip shell extension 'dsv' for command environment
[1.216s] DEBUG:colcon.colcon_core.event_handler.log_command:Invoking command in '/home/javierfr/Robotics_Cyber_Physical_LAB/build/control_pkg': CMAKE_PREFIX_PATH=/home/javierfr/Robotics_Cyber_Physical_LAB/install/interfaces:/home/javierfr/Robotics_Cyber_Physical_LAB/install/inv_kinematics_pkg:/home/javierfr/Robotics_Cyber_Physical_LAB/install/control_pkg:/home/javierfr/Robotics_Cyber_Physical_LAB/install/img_proc_pkg:/home/javierfr/Robotics_Cyber_Physical_LAB/install/gazebo_plugin_sim:/opt/ros/foxy /usr/bin/cmake --build /home/javierfr/Robotics_Cyber_Physical_LAB/build/control_pkg -- -j8 -l8
[1.222s] DEBUG:colcon.colcon_core.event_handler.log_command:Invoking command in '/home/javierfr/Robotics_Cyber_Physical_LAB/build/inv_kinematics_pkg': CMAKE_PREFIX_PATH=/home/javierfr/Robotics_Cyber_Physical_LAB/install/interfaces:/home/javierfr/Robotics_Cyber_Physical_LAB/install/inv_kinematics_pkg:/home/javierfr/Robotics_Cyber_Physical_LAB/install/control_pkg:/home/javierfr/Robotics_Cyber_Physical_LAB/install/img_proc_pkg:/home/javierfr/Robotics_Cyber_Physical_LAB/install/gazebo_plugin_sim:/opt/ros/foxy /usr/bin/cmake --build /home/javierfr/Robotics_Cyber_Physical_LAB/build/inv_kinematics_pkg -- -j8 -l8
[1.324s] DEBUG:colcon.colcon_core.event_handler.log_command:Invoked command in '/home/javierfr/Robotics_Cyber_Physical_LAB/build/control_pkg' returned '0': CMAKE_PREFIX_PATH=/home/javierfr/Robotics_Cyber_Physical_LAB/install/interfaces:/home/javierfr/Robotics_Cyber_Physical_LAB/install/inv_kinematics_pkg:/home/javierfr/Robotics_Cyber_Physical_LAB/install/control_pkg:/home/javierfr/Robotics_Cyber_Physical_LAB/install/img_proc_pkg:/home/javierfr/Robotics_Cyber_Physical_LAB/install/gazebo_plugin_sim:/opt/ros/foxy /usr/bin/cmake --build /home/javierfr/Robotics_Cyber_Physical_LAB/build/control_pkg -- -j8 -l8
[1.336s] DEBUG:colcon.colcon_core.event_handler.log_command:Invoked command in '/home/javierfr/Robotics_Cyber_Physical_LAB/build/inv_kinematics_pkg' returned '0': CMAKE_PREFIX_PATH=/home/javierfr/Robotics_Cyber_Physical_LAB/install/interfaces:/home/javierfr/Robotics_Cyber_Physical_LAB/install/inv_kinematics_pkg:/home/javierfr/Robotics_Cyber_Physical_LAB/install/control_pkg:/home/javierfr/Robotics_Cyber_Physical_LAB/install/img_proc_pkg:/home/javierfr/Robotics_Cyber_Physical_LAB/install/gazebo_plugin_sim:/opt/ros/foxy /usr/bin/cmake --build /home/javierfr/Robotics_Cyber_Physical_LAB/build/inv_kinematics_pkg -- -j8 -l8
[1.361s] DEBUG:colcon.colcon_core.event_handler.log_command:Invoking command in '/home/javierfr/Robotics_Cyber_Physical_LAB/build/control_pkg': CMAKE_PREFIX_PATH=/home/javierfr/Robotics_Cyber_Physical_LAB/install/interfaces:/home/javierfr/Robotics_Cyber_Physical_LAB/install/inv_kinematics_pkg:/home/javierfr/Robotics_Cyber_Physical_LAB/install/control_pkg:/home/javierfr/Robotics_Cyber_Physical_LAB/install/img_proc_pkg:/home/javierfr/Robotics_Cyber_Physical_LAB/install/gazebo_plugin_sim:/opt/ros/foxy /usr/bin/cmake --install /home/javierfr/Robotics_Cyber_Physical_LAB/build/control_pkg
[1.379s] DEBUG:colcon.colcon_core.event_handler.log_command:Invoking command in '/home/javierfr/Robotics_Cyber_Physical_LAB/build/inv_kinematics_pkg': CMAKE_PREFIX_PATH=/home/javierfr/Robotics_Cyber_Physical_LAB/install/interfaces:/home/javierfr/Robotics_Cyber_Physical_LAB/install/inv_kinematics_pkg:/home/javierfr/Robotics_Cyber_Physical_LAB/install/control_pkg:/home/javierfr/Robotics_Cyber_Physical_LAB/install/img_proc_pkg:/home/javierfr/Robotics_Cyber_Physical_LAB/install/gazebo_plugin_sim:/opt/ros/foxy /usr/bin/cmake --install /home/javierfr/Robotics_Cyber_Physical_LAB/build/inv_kinematics_pkg
[1.379s] Level 1:colcon.colcon_core.environment:create_environment_scripts_only(control_pkg)
[1.381s] Level 1:colcon.colcon_core.environment:checking '/home/javierfr/Robotics_Cyber_Physical_LAB/install/control_pkg' for CMake module files
[1.383s] Level 1:colcon.colcon_core.environment:checking '/home/javierfr/Robotics_Cyber_Physical_LAB/install/control_pkg' for CMake config files
[1.384s] DEBUG:colcon.colcon_core.event_handler.log_command:Invoked command in '/home/javierfr/Robotics_Cyber_Physical_LAB/build/control_pkg' returned '0': CMAKE_PREFIX_PATH=/home/javierfr/Robotics_Cyber_Physical_LAB/install/interfaces:/home/javierfr/Robotics_Cyber_Physical_LAB/install/inv_kinematics_pkg:/home/javierfr/Robotics_Cyber_Physical_LAB/install/control_pkg:/home/javierfr/Robotics_Cyber_Physical_LAB/install/img_proc_pkg:/home/javierfr/Robotics_Cyber_Physical_LAB/install/gazebo_plugin_sim:/opt/ros/foxy /usr/bin/cmake --install /home/javierfr/Robotics_Cyber_Physical_LAB/build/control_pkg
[1.384s] Level 1:colcon.colcon_core.shell:create_environment_hook('control_pkg', 'cmake_prefix_path')
[1.385s] INFO:colcon.colcon_core.shell:Creating environment hook '/home/javierfr/Robotics_Cyber_Physical_LAB/install/control_pkg/share/control_pkg/hook/cmake_prefix_path.ps1'
[1.386s] INFO:colcon.colcon_core.shell:Creating environment descriptor '/home/javierfr/Robotics_Cyber_Physical_LAB/install/control_pkg/share/control_pkg/hook/cmake_prefix_path.dsv'
[1.387s] INFO:colcon.colcon_core.shell:Creating environment hook '/home/javierfr/Robotics_Cyber_Physical_LAB/install/control_pkg/share/control_pkg/hook/cmake_prefix_path.sh'
[1.387s] Level 1:colcon.colcon_core.environment:checking '/home/javierfr/Robotics_Cyber_Physical_LAB/install/control_pkg/lib'
[1.388s] Level 1:colcon.colcon_core.environment:checking '/home/javierfr/Robotics_Cyber_Physical_LAB/install/control_pkg/bin'
[1.388s] Level 1:colcon.colcon_core.environment:checking '/home/javierfr/Robotics_Cyber_Physical_LAB/install/control_pkg/lib/pkgconfig/control_pkg.pc'
[1.388s] Level 1:colcon.colcon_core.environment:checking '/home/javierfr/Robotics_Cyber_Physical_LAB/install/control_pkg/lib/python3.8/site-packages'
[1.388s] Level 1:colcon.colcon_core.environment:checking '/home/javierfr/Robotics_Cyber_Physical_LAB/install/control_pkg/bin'
[1.390s] INFO:colcon.colcon_core.shell:Creating package script '/home/javierfr/Robotics_Cyber_Physical_LAB/install/control_pkg/share/control_pkg/package.ps1'
[1.391s] INFO:colcon.colcon_core.shell:Creating package descriptor '/home/javierfr/Robotics_Cyber_Physical_LAB/install/control_pkg/share/control_pkg/package.dsv'
[1.392s] INFO:colcon.colcon_core.shell:Creating package script '/home/javierfr/Robotics_Cyber_Physical_LAB/install/control_pkg/share/control_pkg/package.sh'
[1.393s] INFO:colcon.colcon_core.shell:Creating package script '/home/javierfr/Robotics_Cyber_Physical_LAB/install/control_pkg/share/control_pkg/package.bash'
[1.394s] INFO:colcon.colcon_core.shell:Creating package script '/home/javierfr/Robotics_Cyber_Physical_LAB/install/control_pkg/share/control_pkg/package.zsh'
[1.394s] Level 1:colcon.colcon_core.environment:create_file_with_runtime_dependencies(/home/javierfr/Robotics_Cyber_Physical_LAB/install/control_pkg/share/colcon-core/packages/control_pkg)
[1.398s] Level 1:colcon.colcon_core.environment:create_environment_scripts_only(inv_kinematics_pkg)
[1.401s] Level 1:colcon.colcon_core.environment:checking '/home/javierfr/Robotics_Cyber_Physical_LAB/install/inv_kinematics_pkg' for CMake module files
[1.402s] DEBUG:colcon.colcon_core.event_handler.log_command:Invoked command in '/home/javierfr/Robotics_Cyber_Physical_LAB/build/inv_kinematics_pkg' returned '0': CMAKE_PREFIX_PATH=/home/javierfr/Robotics_Cyber_Physical_LAB/install/interfaces:/home/javierfr/Robotics_Cyber_Physical_LAB/install/inv_kinematics_pkg:/home/javierfr/Robotics_Cyber_Physical_LAB/install/control_pkg:/home/javierfr/Robotics_Cyber_Physical_LAB/install/img_proc_pkg:/home/javierfr/Robotics_Cyber_Physical_LAB/install/gazebo_plugin_sim:/opt/ros/foxy /usr/bin/cmake --install /home/javierfr/Robotics_Cyber_Physical_LAB/build/inv_kinematics_pkg
[1.402s] Level 1:colcon.colcon_core.environment:checking '/home/javierfr/Robotics_Cyber_Physical_LAB/install/inv_kinematics_pkg' for CMake config files
[1.403s] Level 1:colcon.colcon_core.shell:create_environment_hook('inv_kinematics_pkg', 'cmake_prefix_path')
[1.404s] INFO:colcon.colcon_core.shell:Creating environment hook '/home/javierfr/Robotics_Cyber_Physical_LAB/install/inv_kinematics_pkg/share/inv_kinematics_pkg/hook/cmake_prefix_path.ps1'
[1.405s] INFO:colcon.colcon_core.shell:Creating environment descriptor '/home/javierfr/Robotics_Cyber_Physical_LAB/install/inv_kinematics_pkg/share/inv_kinematics_pkg/hook/cmake_prefix_path.dsv'
[1.405s] INFO:colcon.colcon_core.shell:Creating environment hook '/home/javierfr/Robotics_Cyber_Physical_LAB/install/inv_kinematics_pkg/share/inv_kinematics_pkg/hook/cmake_prefix_path.sh'
[1.406s] Level 1:colcon.colcon_core.environment:checking '/home/javierfr/Robotics_Cyber_Physical_LAB/install/inv_kinematics_pkg/lib'
[1.406s] Level 1:colcon.colcon_core.environment:checking '/home/javierfr/Robotics_Cyber_Physical_LAB/install/inv_kinematics_pkg/bin'
[1.406s] Level 1:colcon.colcon_core.environment:checking '/home/javierfr/Robotics_Cyber_Physical_LAB/install/inv_kinematics_pkg/lib/pkgconfig/inv_kinematics_pkg.pc'
[1.406s] Level 1:colcon.colcon_core.environment:checking '/home/javierfr/Robotics_Cyber_Physical_LAB/install/inv_kinematics_pkg/lib/python3.8/site-packages'
[1.407s] Level 1:colcon.colcon_core.environment:checking '/home/javierfr/Robotics_Cyber_Physical_LAB/install/inv_kinematics_pkg/bin'
[1.408s] INFO:colcon.colcon_core.shell:Creating package script '/home/javierfr/Robotics_Cyber_Physical_LAB/install/inv_kinematics_pkg/share/inv_kinematics_pkg/package.ps1'
[1.423s] INFO:colcon.colcon_core.shell:Creating package descriptor '/home/javierfr/Robotics_Cyber_Physical_LAB/install/inv_kinematics_pkg/share/inv_kinematics_pkg/package.dsv'
[1.424s] INFO:colcon.colcon_core.shell:Creating package script '/home/javierfr/Robotics_Cyber_Physical_LAB/install/inv_kinematics_pkg/share/inv_kinematics_pkg/package.sh'
[1.424s] INFO:colcon.colcon_core.shell:Creating package script '/home/javierfr/Robotics_Cyber_Physical_LAB/install/inv_kinematics_pkg/share/inv_kinematics_pkg/package.bash'
[1.425s] INFO:colcon.colcon_core.shell:Creating package script '/home/javierfr/Robotics_Cyber_Physical_LAB/install/inv_kinematics_pkg/share/inv_kinematics_pkg/package.zsh'
[1.425s] Level 1:colcon.colcon_core.environment:create_file_with_runtime_dependencies(/home/javierfr/Robotics_Cyber_Physical_LAB/install/inv_kinematics_pkg/share/colcon-core/packages/inv_kinematics_pkg)
[1.431s] Level 1:colcon.colcon_core.environment:create_environment_scripts_only(control_pkg)
[1.434s] Level 1:colcon.colcon_core.environment:checking '/home/javierfr/Robotics_Cyber_Physical_LAB/install/control_pkg' for CMake module files
[1.434s] Level 1:colcon.colcon_core.environment:checking '/home/javierfr/Robotics_Cyber_Physical_LAB/install/control_pkg' for CMake config files
[1.434s] Level 1:colcon.colcon_core.shell:create_environment_hook('control_pkg', 'cmake_prefix_path')
[1.436s] INFO:colcon.colcon_core.shell:Creating environment hook '/home/javierfr/Robotics_Cyber_Physical_LAB/install/control_pkg/share/control_pkg/hook/cmake_prefix_path.ps1'
[1.436s] INFO:colcon.colcon_core.shell:Creating environment descriptor '/home/javierfr/Robotics_Cyber_Physical_LAB/install/control_pkg/share/control_pkg/hook/cmake_prefix_path.dsv'
[1.437s] INFO:colcon.colcon_core.shell:Creating environment hook '/home/javierfr/Robotics_Cyber_Physical_LAB/install/control_pkg/share/control_pkg/hook/cmake_prefix_path.sh'
[1.437s] Level 1:colcon.colcon_core.environment:checking '/home/javierfr/Robotics_Cyber_Physical_LAB/install/control_pkg/lib'
[1.438s] Level 1:colcon.colcon_core.environment:checking '/home/javierfr/Robotics_Cyber_Physical_LAB/install/control_pkg/bin'
[1.438s] Level 1:colcon.colcon_core.environment:checking '/home/javierfr/Robotics_Cyber_Physical_LAB/install/control_pkg/lib/pkgconfig/control_pkg.pc'
[1.438s] Level 1:colcon.colcon_core.environment:checking '/home/javierfr/Robotics_Cyber_Physical_LAB/install/control_pkg/lib/python3.8/site-packages'
[1.438s] Level 1:colcon.colcon_core.environment:checking '/home/javierfr/Robotics_Cyber_Physical_LAB/install/control_pkg/bin'
[1.440s] INFO:colcon.colcon_core.shell:Creating package script '/home/javierfr/Robotics_Cyber_Physical_LAB/install/control_pkg/share/control_pkg/package.ps1'
[1.440s] INFO:colcon.colcon_core.shell:Creating package descriptor '/home/javierfr/Robotics_Cyber_Physical_LAB/install/control_pkg/share/control_pkg/package.dsv'
[1.441s] INFO:colcon.colcon_core.shell:Creating package script '/home/javierfr/Robotics_Cyber_Physical_LAB/install/control_pkg/share/control_pkg/package.sh'
[1.441s] INFO:colcon.colcon_core.shell:Creating package script '/home/javierfr/Robotics_Cyber_Physical_LAB/install/control_pkg/share/control_pkg/package.bash'
[1.441s] INFO:colcon.colcon_core.shell:Creating package script '/home/javierfr/Robotics_Cyber_Physical_LAB/install/control_pkg/share/control_pkg/package.zsh'
[1.442s] Level 1:colcon.colcon_core.environment:create_file_with_runtime_dependencies(/home/javierfr/Robotics_Cyber_Physical_LAB/install/control_pkg/share/colcon-core/packages/control_pkg)
[1.463s] Level 1:colcon.colcon_core.environment:create_environment_scripts_only(inv_kinematics_pkg)
[1.465s] Level 1:colcon.colcon_core.environment:checking '/home/javierfr/Robotics_Cyber_Physical_LAB/install/inv_kinematics_pkg' for CMake module files
[1.466s] Level 1:colcon.colcon_core.environment:checking '/home/javierfr/Robotics_Cyber_Physical_LAB/install/inv_kinematics_pkg' for CMake config files
[1.466s] Level 1:colcon.colcon_core.shell:create_environment_hook('inv_kinematics_pkg', 'cmake_prefix_path')
[1.468s] INFO:colcon.colcon_core.shell:Creating environment hook '/home/javierfr/Robotics_Cyber_Physical_LAB/install/inv_kinematics_pkg/share/inv_kinematics_pkg/hook/cmake_prefix_path.ps1'
[1.468s] INFO:colcon.colcon_core.shell:Creating environment descriptor '/home/javierfr/Robotics_Cyber_Physical_LAB/install/inv_kinematics_pkg/share/inv_kinematics_pkg/hook/cmake_prefix_path.dsv'
[1.469s] INFO:colcon.colcon_core.shell:Creating environment hook '/home/javierfr/Robotics_Cyber_Physical_LAB/install/inv_kinematics_pkg/share/inv_kinematics_pkg/hook/cmake_prefix_path.sh'
[1.470s] Level 1:colcon.colcon_core.environment:checking '/home/javierfr/Robotics_Cyber_Physical_LAB/install/inv_kinematics_pkg/lib'
[1.470s] Level 1:colcon.colcon_core.environment:checking '/home/javierfr/Robotics_Cyber_Physical_LAB/install/inv_kinematics_pkg/bin'
[1.470s] Level 1:colcon.colcon_core.environment:checking '/home/javierfr/Robotics_Cyber_Physical_LAB/install/inv_kinematics_pkg/lib/pkgconfig/inv_kinematics_pkg.pc'
[1.470s] Level 1:colcon.colcon_core.environment:checking '/home/javierfr/Robotics_Cyber_Physical_LAB/install/inv_kinematics_pkg/lib/python3.8/site-packages'
[1.470s] Level 1:colcon.colcon_core.environment:checking '/home/javierfr/Robotics_Cyber_Physical_LAB/install/inv_kinematics_pkg/bin'
[1.472s] INFO:colcon.colcon_core.shell:Creating package script '/home/javierfr/Robotics_Cyber_Physical_LAB/install/inv_kinematics_pkg/share/inv_kinematics_pkg/package.ps1'
[1.472s] INFO:colcon.colcon_core.shell:Creating package descriptor '/home/javierfr/Robotics_Cyber_Physical_LAB/install/inv_kinematics_pkg/share/inv_kinematics_pkg/package.dsv'
[1.473s] INFO:colcon.colcon_core.shell:Creating package script '/home/javierfr/Robotics_Cyber_Physical_LAB/install/inv_kinematics_pkg/share/inv_kinematics_pkg/package.sh'
[1.473s] INFO:colcon.colcon_core.shell:Creating package script '/home/javierfr/Robotics_Cyber_Physical_LAB/install/inv_kinematics_pkg/share/inv_kinematics_pkg/package.bash'
[1.473s] INFO:colcon.colcon_core.shell:Creating package script '/home/javierfr/Robotics_Cyber_Physical_LAB/install/inv_kinematics_pkg/share/inv_kinematics_pkg/package.zsh'
[1.474s] Level 1:colcon.colcon_core.environment:create_file_with_runtime_dependencies(/home/javierfr/Robotics_Cyber_Physical_LAB/install/inv_kinematics_pkg/share/colcon-core/packages/inv_kinematics_pkg)
[1.474s] DEBUG:colcon.colcon_parallel_executor.executor.parallel:closing loop
[1.474s] DEBUG:colcon.colcon_parallel_executor.executor.parallel:loop closed
[1.475s] DEBUG:colcon.colcon_parallel_executor.executor.parallel:run_until_complete finished with '0'
[1.475s] DEBUG:colcon.colcon_core.event_reactor:joining thread
[1.483s] INFO:colcon.colcon_core.plugin_system:Skipping extension 'colcon_notification.desktop_notification.terminal_notifier': Not used on non-Darwin systems
[1.499s] INFO:colcon.colcon_core.plugin_system:Skipping extension 'colcon_notification.desktop_notification.win32': Not used on non-Windows systems
[1.499s] INFO:colcon.colcon_notification.desktop_notification:Sending desktop notification using 'notify2'
[1.513s] DEBUG:colcon.colcon_core.event_reactor:joined thread
[1.515s] INFO:colcon.colcon_core.shell:Creating prefix script '/home/javierfr/Robotics_Cyber_Physical_LAB/install/local_setup.ps1'
[1.520s] INFO:colcon.colcon_core.shell:Creating prefix util module '/home/javierfr/Robotics_Cyber_Physical_LAB/install/_local_setup_util_ps1.py'
[1.522s] INFO:colcon.colcon_core.shell:Creating prefix chain script '/home/javierfr/Robotics_Cyber_Physical_LAB/install/setup.ps1'
[1.523s] INFO:colcon.colcon_core.shell:Creating prefix script '/home/javierfr/Robotics_Cyber_Physical_LAB/install/local_setup.sh'
[1.524s] INFO:colcon.colcon_core.shell:Creating prefix util module '/home/javierfr/Robotics_Cyber_Physical_LAB/install/_local_setup_util_sh.py'
[1.557s] INFO:colcon.colcon_core.shell:Creating prefix chain script '/home/javierfr/Robotics_Cyber_Physical_LAB/install/setup.sh'
[1.559s] INFO:colcon.colcon_core.shell:Creating prefix script '/home/javierfr/Robotics_Cyber_Physical_LAB/install/local_setup.bash'
[1.560s] INFO:colcon.colcon_core.shell:Creating prefix chain script '/home/javierfr/Robotics_Cyber_Physical_LAB/install/setup.bash'
[1.561s] INFO:colcon.colcon_core.shell:Creating prefix script '/home/javierfr/Robotics_Cyber_Physical_LAB/install/local_setup.zsh'
[1.561s] INFO:colcon.colcon_core.shell:Creating prefix chain script '/home/javierfr/Robotics_Cyber_Physical_LAB/install/setup.zsh'
