[0.008s] Invoking command in '/home/javierfr/Tesis_ws/V1/build/inv_kinematics_pkg': CMAKE_PREFIX_PATH=/home/javierfr/Tesis_ws/V1/install/interfaces:/home/javierfr/Tesis_ws/V1/install/inv_kinematics_pkg:/home/javierfr/Tesis_ws/V1/install/img_proc_pkg:/home/javierfr/Tesis_ws/V1/install/gazebo_plugin_sim:/opt/ros/foxy LD_LIBRARY_PATH=/home/javierfr/Tesis_ws/V1/install/interfaces/lib:/home/javierfr/Tesis_ws/V1/install/gazebo_plugin_sim/lib:/opt/ros/foxy/opt/yaml_cpp_vendor/lib:/opt/ros/foxy/opt/rviz_ogre_vendor/lib:/opt/ros/foxy/lib/x86_64-linux-gnu:/opt/ros/foxy/lib:/usr/lib/x86_64-linux-gnu/gazebo-11/plugins:/usr/lib/x86_64-linux-gnu/gazebo-11/plugins /usr/bin/cmake --build /home/javierfr/Tesis_ws/V1/build/inv_kinematics_pkg -- -j12 -l12
[0.042s] [35m[1mScanning dependencies of target platform1_vel_server[0m
[0.062s] [ 50%] [32mBuilding CXX object CMakeFiles/platform1_vel_server.dir/src/platform1_vel_server.cpp.o[0m
[1.746s] In file included from /opt/ros/foxy/include/rclcpp/client.hpp:40,
[1.746s]                  from /opt/ros/foxy/include/rclcpp/callback_group.hpp:23,
[1.746s]                  from /opt/ros/foxy/include/rclcpp/any_executable.hpp:20,
[1.746s]                  from /opt/ros/foxy/include/rclcpp/memory_strategy.hpp:24,
[1.746s]                  from /opt/ros/foxy/include/rclcpp/memory_strategies.hpp:18,
[1.746s]                  from /opt/ros/foxy/include/rclcpp/executor_options.hpp:20,
[1.746s]                  from /opt/ros/foxy/include/rclcpp/executor.hpp:33,
[1.746s]                  from /opt/ros/foxy/include/rclcpp/executors/multi_threaded_executor.hpp:25,
[1.747s]                  from /opt/ros/foxy/include/rclcpp/executors.hpp:21,
[1.747s]                  from /opt/ros/foxy/include/rclcpp/rclcpp.hpp:146,
[1.747s]                  from /home/javierfr/Tesis_ws/V1/src/inv_kinematics_pkg/src/platform1_vel_server.cpp:1:
[1.747s] /home/javierfr/Tesis_ws/V1/src/inv_kinematics_pkg/src/platform1_vel_server.cpp: In function ‘void send_vel(std::shared_ptr<interfaces::srv::PlatformVel_Request_<std::allocator<void> > >, std::shared_ptr<interfaces::srv::PlatformVel_Response_<std::allocator<void> > >)’:
[1.747s] /home/javierfr/Tesis_ws/V1/src/inv_kinematics_pkg/src/platform1_vel_server.cpp:55:13: error: base operand of ‘->’ has non-pointer type ‘geometry_msgs::msg::Vector3’ {aka ‘geometry_msgs::msg::Vector3_<std::allocator<void> >’}
[1.747s]    55 |       vel_M1->x, vel_M2->x, vel_M3->x, vel_M4->x);
[1.747s]       |             ^~
[1.747s] /home/javierfr/Tesis_ws/V1/src/inv_kinematics_pkg/src/platform1_vel_server.cpp:55:24: error: base operand of ‘->’ has non-pointer type ‘geometry_msgs::msg::Vector3’ {aka ‘geometry_msgs::msg::Vector3_<std::allocator<void> >’}
[1.748s]    55 |       vel_M1->x, vel_M2->x, vel_M3->x, vel_M4->x);
[1.748s]       |                        ^~
[1.749s] /home/javierfr/Tesis_ws/V1/src/inv_kinematics_pkg/src/platform1_vel_server.cpp:55:35: error: base operand of ‘->’ has non-pointer type ‘geometry_msgs::msg::Vector3’ {aka ‘geometry_msgs::msg::Vector3_<std::allocator<void> >’}
[1.749s]    55 |       vel_M1->x, vel_M2->x, vel_M3->x, vel_M4->x);
[1.749s]       |                                   ^~
[1.749s] /home/javierfr/Tesis_ws/V1/src/inv_kinematics_pkg/src/platform1_vel_server.cpp:55:46: error: base operand of ‘->’ has non-pointer type ‘geometry_msgs::msg::Vector3’ {aka ‘geometry_msgs::msg::Vector3_<std::allocator<void> >’}
[1.750s]    55 |       vel_M1->x, vel_M2->x, vel_M3->x, vel_M4->x);
[1.750s]       |                                              ^~
[1.750s] make[2]: *** [CMakeFiles/platform1_vel_server.dir/build.make:63: CMakeFiles/platform1_vel_server.dir/src/platform1_vel_server.cpp.o] Error 1
[1.750s] make[1]: *** [CMakeFiles/Makefile2:78: CMakeFiles/platform1_vel_server.dir/all] Error 2
[1.750s] make: *** [Makefile:141: all] Error 2
[1.750s] Invoked command in '/home/javierfr/Tesis_ws/V1/build/inv_kinematics_pkg' returned '2': CMAKE_PREFIX_PATH=/home/javierfr/Tesis_ws/V1/install/interfaces:/home/javierfr/Tesis_ws/V1/install/inv_kinematics_pkg:/home/javierfr/Tesis_ws/V1/install/img_proc_pkg:/home/javierfr/Tesis_ws/V1/install/gazebo_plugin_sim:/opt/ros/foxy LD_LIBRARY_PATH=/home/javierfr/Tesis_ws/V1/install/interfaces/lib:/home/javierfr/Tesis_ws/V1/install/gazebo_plugin_sim/lib:/opt/ros/foxy/opt/yaml_cpp_vendor/lib:/opt/ros/foxy/opt/rviz_ogre_vendor/lib:/opt/ros/foxy/lib/x86_64-linux-gnu:/opt/ros/foxy/lib:/usr/lib/x86_64-linux-gnu/gazebo-11/plugins:/usr/lib/x86_64-linux-gnu/gazebo-11/plugins /usr/bin/cmake --build /home/javierfr/Tesis_ws/V1/build/inv_kinematics_pkg -- -j12 -l12
