[0.149s] Invoking command in '/home/duvanmarrugo/Robotics_Cyber_Physical_LAB/build/interfaces': CMAKE_PREFIX_PATH=${CMAKE_PREFIX_PATH}:/home/duvanmarrugo/ros2_ws/install/my_py_pkg:/opt/ros/foxy /usr/bin/cmake /home/duvanmarrugo/Robotics_Cyber_Physical_LAB/src/interfaces -DCMAKE_INSTALL_PREFIX=/home/duvanmarrugo/Robotics_Cyber_Physical_LAB/install/interfaces
[0.593s] -- The C compiler identification is GNU 9.4.0
[0.886s] -- The CXX compiler identification is GNU 9.4.0
[0.898s] -- Check for working C compiler: /usr/bin/cc
[1.015s] -- Check for working C compiler: /usr/bin/cc -- works
[1.020s] -- Detecting C compiler ABI info
[1.140s] -- Detecting C compiler ABI info - done
[1.164s] -- Detecting C compile features
[1.165s] -- Detecting C compile features - done
[1.170s] -- Check for working CXX compiler: /usr/bin/c++
[1.361s] -- Check for working CXX compiler: /usr/bin/c++ -- works
[1.363s] -- Detecting CXX compiler ABI info
[1.519s] -- Detecting CXX compiler ABI info - done
[1.543s] -- Detecting CXX compile features
[1.544s] -- Detecting CXX compile features - done
[1.547s] -- Found ament_cmake: 0.9.9 (/opt/ros/foxy/share/ament_cmake/cmake)
[1.588s] -- Found PythonInterp: /usr/bin/python3 (found suitable version "3.8.10", minimum required is "3") 
[1.589s] -- Using PYTHON_EXECUTABLE: /usr/bin/python3
[1.970s] -- Found rosidl_default_generators: 1.0.1 (/opt/ros/foxy/share/rosidl_default_generators/cmake)
[1.976s] -- Using all available rosidl_typesupport_c: rosidl_typesupport_fastrtps_c;rosidl_typesupport_introspection_c
[1.988s] -- Found rosidl_adapter: 1.2.1 (/opt/ros/foxy/share/rosidl_adapter/cmake)
[2.132s] -- Found OpenSSL: /usr/lib/x86_64-linux-gnu/libcrypto.so (found version "1.1.1f")  
[2.168s] -- Found FastRTPS: /opt/ros/foxy/include  
[2.274s] -- Using all available rosidl_typesupport_cpp: rosidl_typesupport_fastrtps_cpp;rosidl_typesupport_introspection_cpp
[2.342s] -- Found PythonInterp: /usr/bin/python3 (found version "3.8.10") 
[2.622s] -- Found ament_cmake_ros: 0.9.2 (/opt/ros/foxy/share/ament_cmake_ros/cmake)
[2.802s] -- Using all available rosidl_typesupport_c: rosidl_typesupport_fastrtps_c;rosidl_typesupport_introspection_c
[2.826s] -- Using all available rosidl_typesupport_cpp: rosidl_typesupport_fastrtps_cpp;rosidl_typesupport_introspection_cpp
[2.869s] -- Found PythonInterp: /usr/bin/python3 (found suitable version "3.8.10", minimum required is "3.5") 
[2.872s] -- Found python_cmake_module: 0.8.1 (/opt/ros/foxy/share/python_cmake_module/cmake)
[2.927s] -- Found PythonLibs: /usr/lib/x86_64-linux-gnu/libpython3.8.so (found suitable version "3.8.10", minimum required is "3.5") 
[2.928s] -- Using PYTHON_EXECUTABLE: /usr/bin/python3
[2.928s] -- Using PYTHON_INCLUDE_DIRS: /usr/include/python3.8
[2.928s] -- Using PYTHON_LIBRARIES: /usr/lib/x86_64-linux-gnu/libpython3.8.so
[2.970s] -- Found PythonExtra: .so  
[3.059s] -- Configuring done
[3.130s] -- Generating done
[3.134s] -- Build files have been written to: /home/duvanmarrugo/Robotics_Cyber_Physical_LAB/build/interfaces
