Not searching for unused variables given on the command line.
-- Found ament_cmake: 0.9.12 (/home/javierfr/microros_ws/uros_ws/firmware/dev_ws/install/ament_cmake/share/ament_cmake/cmake)
-- Found PythonInterp: /home/javierfr/microros_ws/uros_ws/firmware/toolchain/espressif/python_env/idf4.1_py3.8_env/bin/python3 (found suitable version "3.8.10", minimum required is "3") 
-- Using PYTHON_EXECUTABLE: /home/javierfr/microros_ws/uros_ws/firmware/toolchain/espressif/python_env/idf4.1_py3.8_env/bin/python3
-- Configuring done
-- Generating done
-- Build files have been written to: /home/javierfr/microros_ws/uros_ws/firmware/mcu_ws/build/rosidl_typesupport_interface
make[4]: Entering directory '/home/javierfr/microros_ws/uros_ws/firmware/mcu_ws/build/rosidl_typesupport_interface'
/usr/bin/cmake -S/home/javierfr/microros_ws/uros_ws/firmware/mcu_ws/ros2/rosidl/rosidl_typesupport_interface -B/home/javierfr/microros_ws/uros_ws/firmware/mcu_ws/build/rosidl_typesupport_interface --check-build-system CMakeFiles/Makefile.cmake 0
/usr/bin/cmake -E cmake_progress_start /home/javierfr/microros_ws/uros_ws/firmware/mcu_ws/build/rosidl_typesupport_interface/CMakeFiles /home/javierfr/microros_ws/uros_ws/firmware/mcu_ws/build/rosidl_typesupport_interface/CMakeFiles/progress.marks
/usr/bin/make -f CMakeFiles/Makefile2 all
make[5]: Entering directory '/home/javierfr/microros_ws/uros_ws/firmware/mcu_ws/build/rosidl_typesupport_interface'
make[5]: Nothing to be done for 'all'.
make[5]: Leaving directory '/home/javierfr/microros_ws/uros_ws/firmware/mcu_ws/build/rosidl_typesupport_interface'
/usr/bin/cmake -E cmake_progress_start /home/javierfr/microros_ws/uros_ws/firmware/mcu_ws/build/rosidl_typesupport_interface/CMakeFiles 0
make[4]: Leaving directory '/home/javierfr/microros_ws/uros_ws/firmware/mcu_ws/build/rosidl_typesupport_interface'
-- Install configuration: "Debug"
-- Installing: /home/javierfr/microros_ws/uros_ws/firmware/mcu_ws/install/share/ament_index/resource_index/package_run_dependencies/rosidl_typesupport_interface
-- Installing: /home/javierfr/microros_ws/uros_ws/firmware/mcu_ws/install/share/ament_index/resource_index/parent_prefix_path/rosidl_typesupport_interface
-- Installing: /home/javierfr/microros_ws/uros_ws/firmware/mcu_ws/install/share/rosidl_typesupport_interface/environment/ament_prefix_path.sh
-- Installing: /home/javierfr/microros_ws/uros_ws/firmware/mcu_ws/install/share/rosidl_typesupport_interface/environment/ament_prefix_path.dsv
-- Installing: /home/javierfr/microros_ws/uros_ws/firmware/mcu_ws/install/share/rosidl_typesupport_interface/environment/path.sh
-- Installing: /home/javierfr/microros_ws/uros_ws/firmware/mcu_ws/install/share/rosidl_typesupport_interface/environment/path.dsv
-- Installing: /home/javierfr/microros_ws/uros_ws/firmware/mcu_ws/install/share/rosidl_typesupport_interface/local_setup.bash
-- Installing: /home/javierfr/microros_ws/uros_ws/firmware/mcu_ws/install/share/rosidl_typesupport_interface/local_setup.sh
-- Installing: /home/javierfr/microros_ws/uros_ws/firmware/mcu_ws/install/share/rosidl_typesupport_interface/local_setup.zsh
-- Installing: /home/javierfr/microros_ws/uros_ws/firmware/mcu_ws/install/share/rosidl_typesupport_interface/local_setup.dsv
-- Installing: /home/javierfr/microros_ws/uros_ws/firmware/mcu_ws/install/share/rosidl_typesupport_interface/package.dsv
-- Installing: /home/javierfr/microros_ws/uros_ws/firmware/mcu_ws/install/share/ament_index/resource_index/packages/rosidl_typesupport_interface
-- Installing: /home/javierfr/microros_ws/uros_ws/firmware/mcu_ws/install/share/rosidl_typesupport_interface/cmake/rosidl_typesupport_interfaceExport.cmake
-- Installing: /home/javierfr/microros_ws/uros_ws/firmware/mcu_ws/install/share/rosidl_typesupport_interface/cmake/ament_cmake_export_include_directories-extras.cmake
-- Installing: /home/javierfr/microros_ws/uros_ws/firmware/mcu_ws/install/share/rosidl_typesupport_interface/cmake/ament_cmake_export_targets-extras.cmake
-- Installing: /home/javierfr/microros_ws/uros_ws/firmware/mcu_ws/install/share/rosidl_typesupport_interface/cmake/rosidl_typesupport_interfaceConfig.cmake
-- Installing: /home/javierfr/microros_ws/uros_ws/firmware/mcu_ws/install/share/rosidl_typesupport_interface/cmake/rosidl_typesupport_interfaceConfig-version.cmake
-- Installing: /home/javierfr/microros_ws/uros_ws/firmware/mcu_ws/install/share/rosidl_typesupport_interface/package.xml
-- Up-to-date: /home/javierfr/microros_ws/uros_ws/firmware/mcu_ws/install/include
-- Installing: /home/javierfr/microros_ws/uros_ws/firmware/mcu_ws/install/include/rosidl_typesupport_interface
-- Installing: /home/javierfr/microros_ws/uros_ws/firmware/mcu_ws/install/include/rosidl_typesupport_interface/macros.h
