[0.007s] Invoking command in '/home/javierfr/Tesis_ws/V1/build/sim_pkg': CMAKE_PREFIX_PATH=${CMAKE_PREFIX_PATH}:/opt/ros/foxy LD_LIBRARY_PATH=/home/javierfr/Tesis_ws/V1/install/interfaces/lib:/opt/ros/foxy/opt/yaml_cpp_vendor/lib:/opt/ros/foxy/opt/rviz_ogre_vendor/lib:/opt/ros/foxy/lib/x86_64-linux-gnu:/opt/ros/foxy/lib:/usr/lib/x86_64-linux-gnu/gazebo-11/plugins:/usr/lib/x86_64-linux-gnu/gazebo-11/plugins /usr/bin/cmake --build /home/javierfr/Tesis_ws/V1/build/sim_pkg -- -j12 -l12
[0.026s] -- Found ament_cmake: 0.9.8 (/opt/ros/foxy/share/ament_cmake/cmake)
[0.043s] -- Using PYTHON_EXECUTABLE: /usr/bin/python3
[0.182s] -- Found std_msgs: 2.0.4 (/opt/ros/foxy/share/std_msgs/cmake)
[0.198s] -- Using all available rosidl_typesupport_c: rosidl_typesupport_fastrtps_c;rosidl_typesupport_introspection_c
[0.201s] -- Found rosidl_adapter: 1.2.1 (/opt/ros/foxy/share/rosidl_adapter/cmake)
[0.297s] -- Using all available rosidl_typesupport_cpp: rosidl_typesupport_fastrtps_cpp;rosidl_typesupport_introspection_cpp
[0.330s] -- Found rclcpp: 2.3.1 (/opt/ros/foxy/share/rclcpp/cmake)
[0.358s] -- Found rmw_implementation_cmake: 1.0.3 (/opt/ros/foxy/share/rmw_implementation_cmake/cmake)
[0.359s] -- Using RMW implementation 'rmw_fastrtps_cpp' as default
[0.462s] -- Found interfaces: 0.0.0 (/home/javierfr/Tesis_ws/V1/install/interfaces/share/interfaces/cmake)
[0.510s] -- Configuring done
[0.516s] -- Generating done
[0.517s] -- Build files have been written to: /home/javierfr/Tesis_ws/V1/build/sim_pkg
[0.536s] [35m[1mScanning dependencies of target plat1_send_vel_node[0m
[0.555s] [ 50%] [32mBuilding CXX object CMakeFiles/plat1_send_vel_node.dir/src/plat1_send_vel_node.cpp.o[0m
[2.108s] /home/javierfr/Tesis_ws/V1/src/sim_pkg/src/plat1_send_vel_node.cpp: In function ‘void setvel(std::shared_ptr<interfaces::srv::Platform1Vel_Request_<std::allocator<void> > >, std::shared_ptr<interfaces::srv::Platform1Vel_Response_<std::allocator<void> > >)’:
[2.108s] /home/javierfr/Tesis_ws/V1/src/sim_pkg/src/plat1_send_vel_node.cpp:9:10: warning: unused variable ‘xvel’ [-Wunused-variable]
[2.108s]     9 |   double xvel = request->x_vel;
[2.108s]       |          ^~~~
[2.115s] [100%] [32m[1mLinking CXX executable plat1_send_vel_node[0m
[2.205s] [100%] Built target plat1_send_vel_node
[2.213s] Invoked command in '/home/javierfr/Tesis_ws/V1/build/sim_pkg' returned '0': CMAKE_PREFIX_PATH=${CMAKE_PREFIX_PATH}:/opt/ros/foxy LD_LIBRARY_PATH=/home/javierfr/Tesis_ws/V1/install/interfaces/lib:/opt/ros/foxy/opt/yaml_cpp_vendor/lib:/opt/ros/foxy/opt/rviz_ogre_vendor/lib:/opt/ros/foxy/lib/x86_64-linux-gnu:/opt/ros/foxy/lib:/usr/lib/x86_64-linux-gnu/gazebo-11/plugins:/usr/lib/x86_64-linux-gnu/gazebo-11/plugins /usr/bin/cmake --build /home/javierfr/Tesis_ws/V1/build/sim_pkg -- -j12 -l12
[2.232s] Invoking command in '/home/javierfr/Tesis_ws/V1/build/sim_pkg': CMAKE_PREFIX_PATH=${CMAKE_PREFIX_PATH}:/opt/ros/foxy LD_LIBRARY_PATH=/home/javierfr/Tesis_ws/V1/install/interfaces/lib:/opt/ros/foxy/opt/yaml_cpp_vendor/lib:/opt/ros/foxy/opt/rviz_ogre_vendor/lib:/opt/ros/foxy/lib/x86_64-linux-gnu:/opt/ros/foxy/lib:/usr/lib/x86_64-linux-gnu/gazebo-11/plugins:/usr/lib/x86_64-linux-gnu/gazebo-11/plugins /usr/bin/cmake --install /home/javierfr/Tesis_ws/V1/build/sim_pkg
[2.238s] -- Install configuration: ""
[2.238s] -- Installing: /home/javierfr/Tesis_ws/V1/install/lib/sim_pkg/plat1_send_vel_node
[2.239s] -- Set runtime path of "/home/javierfr/Tesis_ws/V1/install/lib/sim_pkg/plat1_send_vel_node" to ""
[2.239s] -- Up-to-date: /home/javierfr/Tesis_ws/V1/install/share/ament_index/resource_index/package_run_dependencies/sim_pkg
[2.240s] -- Up-to-date: /home/javierfr/Tesis_ws/V1/install/share/ament_index/resource_index/parent_prefix_path/sim_pkg
[2.240s] -- Up-to-date: /home/javierfr/Tesis_ws/V1/install/share/sim_pkg/environment/ament_prefix_path.sh
[2.240s] -- Installing: /home/javierfr/Tesis_ws/V1/install/share/sim_pkg/environment/ament_prefix_path.dsv
[2.240s] -- Up-to-date: /home/javierfr/Tesis_ws/V1/install/share/sim_pkg/environment/path.sh
[2.240s] -- Installing: /home/javierfr/Tesis_ws/V1/install/share/sim_pkg/environment/path.dsv
[2.240s] -- Up-to-date: /home/javierfr/Tesis_ws/V1/install/share/sim_pkg/local_setup.bash
[2.240s] -- Up-to-date: /home/javierfr/Tesis_ws/V1/install/share/sim_pkg/local_setup.sh
[2.240s] -- Up-to-date: /home/javierfr/Tesis_ws/V1/install/share/sim_pkg/local_setup.zsh
[2.240s] -- Installing: /home/javierfr/Tesis_ws/V1/install/share/sim_pkg/local_setup.dsv
[2.240s] -- Installing: /home/javierfr/Tesis_ws/V1/install/share/sim_pkg/package.dsv
[2.240s] -- Up-to-date: /home/javierfr/Tesis_ws/V1/install/share/ament_index/resource_index/packages/sim_pkg
[2.240s] -- Up-to-date: /home/javierfr/Tesis_ws/V1/install/share/sim_pkg/cmake/sim_pkgConfig.cmake
[2.240s] -- Up-to-date: /home/javierfr/Tesis_ws/V1/install/share/sim_pkg/cmake/sim_pkgConfig-version.cmake
[2.240s] -- Up-to-date: /home/javierfr/Tesis_ws/V1/install/share/sim_pkg/package.xml
[2.243s] Invoked command in '/home/javierfr/Tesis_ws/V1/build/sim_pkg' returned '0': CMAKE_PREFIX_PATH=${CMAKE_PREFIX_PATH}:/opt/ros/foxy LD_LIBRARY_PATH=/home/javierfr/Tesis_ws/V1/install/interfaces/lib:/opt/ros/foxy/opt/yaml_cpp_vendor/lib:/opt/ros/foxy/opt/rviz_ogre_vendor/lib:/opt/ros/foxy/lib/x86_64-linux-gnu:/opt/ros/foxy/lib:/usr/lib/x86_64-linux-gnu/gazebo-11/plugins:/usr/lib/x86_64-linux-gnu/gazebo-11/plugins /usr/bin/cmake --install /home/javierfr/Tesis_ws/V1/build/sim_pkg
