[35m[1mScanning dependencies of target img_proc_id_node[0m
[ 25%] Built target img_proc_node
[ 50%] Built target img_subs_test_node
[ 75%] Built target img_publ_test_node
[ 87%] [32mBuilding CXX object CMakeFiles/img_proc_id_node.dir/src/img_proc_id_node.cpp.o[0m
[01m[K/home/javierfr/Tesis_ws/V1/src/img_proc_pkg/src/img_proc_id_node.cpp:[m[K In member function ‘[01m[Kvoid Img_Proc_Id_Node::topic_callback(sensor_msgs::msg::Image_<std::allocator<void> >::SharedPtr) const[m[K’:
[01m[K/home/javierfr/Tesis_ws/V1/src/img_proc_pkg/src/img_proc_id_node.cpp:108:24:[m[K [01;35m[Kwarning: [m[Kcomparison of integer expressions of different signedness: ‘[01m[Kint[m[K’ and ‘[01m[Kstd::vector<std::vector<cv::Point_<int> > >::size_type[m[K’ {aka ‘[01m[Klong unsigned int[m[K’} [[01;35m[K-Wsign-compare[m[K]
  108 |       for (int ii=1; [01;35m[Kii<red_subcontours.size()[m[K; ii++)
      |                      [01;35m[K~~^~~~~~~~~~~~~~~~~~~~~~~[m[K
[01m[K/home/javierfr/Tesis_ws/V1/src/img_proc_pkg/src/img_proc_id_node.cpp:114:13:[m[K [01;35m[Kwarning: [m[Kvariable ‘[01m[KXsub[m[K’ set but not used [[01;35m[K-Wunused-but-set-variable[m[K]
  114 |         int [01;35m[KXsub[m[K, Ysub;
      |             [01;35m[K^~~~[m[K
[01m[K/home/javierfr/Tesis_ws/V1/src/img_proc_pkg/src/img_proc_id_node.cpp:114:19:[m[K [01;35m[Kwarning: [m[Kvariable ‘[01m[KYsub[m[K’ set but not used [[01;35m[K-Wunused-but-set-variable[m[K]
  114 |         int Xsub, [01;35m[KYsub[m[K;
      |                   [01;35m[K^~~~[m[K
[01m[K/home/javierfr/Tesis_ws/V1/src/img_proc_pkg/src/img_proc_id_node.cpp:103:11:[m[K [01;35m[Kwarning: [m[Kunused variable ‘[01m[KXc[m[K’ [[01;35m[K-Wunused-variable[m[K]
  103 |       int [01;35m[KXc[m[K,Yc,Xt,Yt;  //Coordenadas para triangulo y cuadrado
      |           [01;35m[K^~[m[K
[01m[K/home/javierfr/Tesis_ws/V1/src/img_proc_pkg/src/img_proc_id_node.cpp:103:14:[m[K [01;35m[Kwarning: [m[Kunused variable ‘[01m[KYc[m[K’ [[01;35m[K-Wunused-variable[m[K]
  103 |       int Xc,[01;35m[KYc[m[K,Xt,Yt;  //Coordenadas para triangulo y cuadrado
      |              [01;35m[K^~[m[K
[01m[K/home/javierfr/Tesis_ws/V1/src/img_proc_pkg/src/img_proc_id_node.cpp:103:17:[m[K [01;35m[Kwarning: [m[Kunused variable ‘[01m[KXt[m[K’ [[01;35m[K-Wunused-variable[m[K]
  103 |       int Xc,Yc,[01;35m[KXt[m[K,Yt;  //Coordenadas para triangulo y cuadrado
      |                 [01;35m[K^~[m[K
[01m[K/home/javierfr/Tesis_ws/V1/src/img_proc_pkg/src/img_proc_id_node.cpp:103:20:[m[K [01;35m[Kwarning: [m[Kunused variable ‘[01m[KYt[m[K’ [[01;35m[K-Wunused-variable[m[K]
  103 |       int Xc,Yc,Xt,[01;35m[KYt[m[K;  //Coordenadas para triangulo y cuadrado
      |                    [01;35m[K^~[m[K
[01m[K/home/javierfr/Tesis_ws/V1/src/img_proc_pkg/src/img_proc_id_node.cpp:104:11:[m[K [01;35m[Kwarning: [m[Kunused variable ‘[01m[KNcircles[m[K’ [[01;35m[K-Wunused-variable[m[K]
  104 |       int [01;35m[KNcircles[m[K=0;
      |           [01;35m[K^~~~~~~~[m[K
[01m[K/home/javierfr/Tesis_ws/V1/src/img_proc_pkg/src/img_proc_id_node.cpp:105:11:[m[K [01;35m[Kwarning: [m[Kunused variable ‘[01m[Kcuad[m[K’ [[01;35m[K-Wunused-variable[m[K]
  105 |       int [01;35m[Kcuad[m[K=0;
      |           [01;35m[K^~~~[m[K
[01m[K/home/javierfr/Tesis_ws/V1/src/img_proc_pkg/src/img_proc_id_node.cpp:106:11:[m[K [01;35m[Kwarning: [m[Kunused variable ‘[01m[Ktrian[m[K’ [[01;35m[K-Wunused-variable[m[K]
  106 |       int [01;35m[Ktrian[m[K=0;
      |           [01;35m[K^~~~~[m[K
[100%] [32m[1mLinking CXX executable img_proc_id_node[0m
/usr/bin/ld: warning: libopencv_imgproc.so.4.2, needed by /opt/ros/foxy/lib/libcv_bridge.so, may conflict with libopencv_imgproc.so.4.5
/usr/bin/ld: warning: libopencv_core.so.4.2, needed by /opt/ros/foxy/lib/libcv_bridge.so, may conflict with libopencv_core.so.4.5
[100%] Built target img_proc_id_node
-- Install configuration: ""
-- Up-to-date: /home/javierfr/Tesis_ws/V1/install/img_proc_pkg/lib/img_proc_pkg/img_proc_node
-- Up-to-date: /home/javierfr/Tesis_ws/V1/install/img_proc_pkg/lib/img_proc_pkg/img_publ_test_node
-- Up-to-date: /home/javierfr/Tesis_ws/V1/install/img_proc_pkg/lib/img_proc_pkg/img_subs_test_node
-- Installing: /home/javierfr/Tesis_ws/V1/install/img_proc_pkg/lib/img_proc_pkg/img_proc_id_node
-- Set runtime path of "/home/javierfr/Tesis_ws/V1/install/img_proc_pkg/lib/img_proc_pkg/img_proc_id_node" to ""
-- Up-to-date: /home/javierfr/Tesis_ws/V1/install/img_proc_pkg/share/ament_index/resource_index/package_run_dependencies/img_proc_pkg
-- Up-to-date: /home/javierfr/Tesis_ws/V1/install/img_proc_pkg/share/ament_index/resource_index/parent_prefix_path/img_proc_pkg
-- Up-to-date: /home/javierfr/Tesis_ws/V1/install/img_proc_pkg/share/img_proc_pkg/environment/ament_prefix_path.sh
-- Up-to-date: /home/javierfr/Tesis_ws/V1/install/img_proc_pkg/share/img_proc_pkg/environment/ament_prefix_path.dsv
-- Up-to-date: /home/javierfr/Tesis_ws/V1/install/img_proc_pkg/share/img_proc_pkg/environment/path.sh
-- Up-to-date: /home/javierfr/Tesis_ws/V1/install/img_proc_pkg/share/img_proc_pkg/environment/path.dsv
-- Up-to-date: /home/javierfr/Tesis_ws/V1/install/img_proc_pkg/share/img_proc_pkg/local_setup.bash
-- Up-to-date: /home/javierfr/Tesis_ws/V1/install/img_proc_pkg/share/img_proc_pkg/local_setup.sh
-- Up-to-date: /home/javierfr/Tesis_ws/V1/install/img_proc_pkg/share/img_proc_pkg/local_setup.zsh
-- Up-to-date: /home/javierfr/Tesis_ws/V1/install/img_proc_pkg/share/img_proc_pkg/local_setup.dsv
-- Installing: /home/javierfr/Tesis_ws/V1/install/img_proc_pkg/share/img_proc_pkg/package.dsv
-- Up-to-date: /home/javierfr/Tesis_ws/V1/install/img_proc_pkg/share/ament_index/resource_index/packages/img_proc_pkg
-- Up-to-date: /home/javierfr/Tesis_ws/V1/install/img_proc_pkg/share/img_proc_pkg/cmake/img_proc_pkgConfig.cmake
-- Up-to-date: /home/javierfr/Tesis_ws/V1/install/img_proc_pkg/share/img_proc_pkg/cmake/img_proc_pkgConfig-version.cmake
-- Up-to-date: /home/javierfr/Tesis_ws/V1/install/img_proc_pkg/share/img_proc_pkg/package.xml
