[0.205s] Invoking command in '/home/javierfr/Tesis_ws/V1/build/interfaces': CMAKE_PREFIX_PATH=${CMAKE_PREFIX_PATH}:/opt/ros/foxy /usr/bin/cmake --build /home/javierfr/Tesis_ws/V1/build/interfaces -- -j12 -l12
[1.932s] [ 10%] Built target interfaces__rosidl_generator_c
[1.932s] [ 12%] Built target interfaces__cpp
[2.295s] [ 23%] Built target interfaces__rosidl_typesupport_introspection_cpp
[2.300s] [ 33%] Built target interfaces__rosidl_typesupport_introspection_c
[2.304s] [ 43%] Built target interfaces__rosidl_typesupport_c
[2.769s] [ 53%] Built target interfaces__rosidl_typesupport_cpp
[2.814s] [ 64%] Built target interfaces__rosidl_typesupport_fastrtps_cpp
[3.330s] [ 74%] Built target interfaces__rosidl_typesupport_fastrtps_c
[3.541s] [ 74%] Built target interfaces
[3.930s] [ 76%] Built target interfaces__py
[4.414s] [ 84%] Built target interfaces__python
[4.597s] [ 89%] Built target interfaces__rosidl_typesupport_c__pyext
[4.610s] [ 94%] Built target interfaces__rosidl_typesupport_introspection_c__pyext
[4.695s] [100%] Built target interfaces__rosidl_typesupport_fastrtps_c__pyext
[4.708s] Invoked command in '/home/javierfr/Tesis_ws/V1/build/interfaces' returned '0': CMAKE_PREFIX_PATH=${CMAKE_PREFIX_PATH}:/opt/ros/foxy /usr/bin/cmake --build /home/javierfr/Tesis_ws/V1/build/interfaces -- -j12 -l12
[4.781s] Invoking command in '/home/javierfr/Tesis_ws/V1/build/interfaces': CMAKE_PREFIX_PATH=${CMAKE_PREFIX_PATH}:/opt/ros/foxy /usr/bin/cmake --install /home/javierfr/Tesis_ws/V1/build/interfaces
[4.872s] -- Install configuration: ""
[4.873s] -- Up-to-date: /home/javierfr/Tesis_ws/V1/install/interfaces/share/ament_index/resource_index/rosidl_interfaces/interfaces
[4.873s] -- Up-to-date: /home/javierfr/Tesis_ws/V1/install/interfaces/include/interfaces
[4.874s] -- Up-to-date: /home/javierfr/Tesis_ws/V1/install/interfaces/include/interfaces/srv
[4.874s] -- Up-to-date: /home/javierfr/Tesis_ws/V1/install/interfaces/include/interfaces/srv/detail
[4.875s] -- Up-to-date: /home/javierfr/Tesis_ws/V1/install/interfaces/include/interfaces/srv/detail/platform_vel__struct.h
[4.875s] -- Up-to-date: /home/javierfr/Tesis_ws/V1/install/interfaces/include/interfaces/srv/detail/platform_vel__functions.c
[4.875s] -- Up-to-date: /home/javierfr/Tesis_ws/V1/install/interfaces/include/interfaces/srv/detail/platform_vel__functions.h
[4.875s] -- Up-to-date: /home/javierfr/Tesis_ws/V1/install/interfaces/include/interfaces/srv/detail/platform_vel__type_support.h
[4.876s] -- Up-to-date: /home/javierfr/Tesis_ws/V1/install/interfaces/include/interfaces/srv/platform_vel.h
[4.876s] -- Up-to-date: /home/javierfr/Tesis_ws/V1/install/interfaces/include/interfaces/msg
[4.876s] -- Up-to-date: /home/javierfr/Tesis_ws/V1/install/interfaces/include/interfaces/msg/detail
[4.876s] -- Up-to-date: /home/javierfr/Tesis_ws/V1/install/interfaces/include/interfaces/msg/detail/motor_vels__type_support.h
[4.877s] -- Up-to-date: /home/javierfr/Tesis_ws/V1/install/interfaces/include/interfaces/msg/detail/motor_vels__functions.h
[4.877s] -- Up-to-date: /home/javierfr/Tesis_ws/V1/install/interfaces/include/interfaces/msg/detail/motor_vels__functions.c
[4.877s] -- Up-to-date: /home/javierfr/Tesis_ws/V1/install/interfaces/include/interfaces/msg/detail/motor_vels__struct.h
[4.877s] -- Up-to-date: /home/javierfr/Tesis_ws/V1/install/interfaces/include/interfaces/msg/motor_vels.h
[4.878s] -- Up-to-date: /home/javierfr/Tesis_ws/V1/install/interfaces/include/interfaces/msg/rosidl_generator_c__visibility_control.h
[4.878s] -- Up-to-date: /home/javierfr/Tesis_ws/V1/install/interfaces/share/interfaces/environment/library_path.sh
[4.878s] -- Up-to-date: /home/javierfr/Tesis_ws/V1/install/interfaces/share/interfaces/environment/library_path.dsv
[4.915s] -- Up-to-date: /home/javierfr/Tesis_ws/V1/install/interfaces/lib/libinterfaces__rosidl_generator_c.so
[4.916s] -- Up-to-date: /home/javierfr/Tesis_ws/V1/install/interfaces/include/interfaces
[4.916s] -- Up-to-date: /home/javierfr/Tesis_ws/V1/install/interfaces/include/interfaces/srv
[4.917s] -- Up-to-date: /home/javierfr/Tesis_ws/V1/install/interfaces/include/interfaces/srv/detail
[4.917s] -- Up-to-date: /home/javierfr/Tesis_ws/V1/install/interfaces/include/interfaces/srv/detail/platform_vel__rosidl_typesupport_fastrtps_c.h
[4.918s] -- Up-to-date: /home/javierfr/Tesis_ws/V1/install/interfaces/include/interfaces/msg
[4.918s] -- Up-to-date: /home/javierfr/Tesis_ws/V1/install/interfaces/include/interfaces/msg/detail
[4.918s] -- Up-to-date: /home/javierfr/Tesis_ws/V1/install/interfaces/include/interfaces/msg/detail/motor_vels__rosidl_typesupport_fastrtps_c.h
[4.918s] -- Up-to-date: /home/javierfr/Tesis_ws/V1/install/interfaces/include/interfaces/msg/rosidl_typesupport_fastrtps_c__visibility_control.h
[4.959s] -- Up-to-date: /home/javierfr/Tesis_ws/V1/install/interfaces/lib/libinterfaces__rosidl_typesupport_fastrtps_c.so
[4.960s] -- Up-to-date: /home/javierfr/Tesis_ws/V1/install/interfaces/include/interfaces
[4.960s] -- Up-to-date: /home/javierfr/Tesis_ws/V1/install/interfaces/include/interfaces/srv
[4.961s] -- Up-to-date: /home/javierfr/Tesis_ws/V1/install/interfaces/include/interfaces/srv/detail
[4.961s] -- Up-to-date: /home/javierfr/Tesis_ws/V1/install/interfaces/include/interfaces/srv/detail/platform_vel__rosidl_typesupport_fastrtps_cpp.hpp
[4.962s] -- Up-to-date: /home/javierfr/Tesis_ws/V1/install/interfaces/include/interfaces/srv/detail/dds_fastrtps
[4.962s] -- Up-to-date: /home/javierfr/Tesis_ws/V1/install/interfaces/include/interfaces/msg
[4.962s] -- Up-to-date: /home/javierfr/Tesis_ws/V1/install/interfaces/include/interfaces/msg/rosidl_typesupport_fastrtps_cpp__visibility_control.h
[4.963s] -- Up-to-date: /home/javierfr/Tesis_ws/V1/install/interfaces/include/interfaces/msg/detail
[4.964s] -- Up-to-date: /home/javierfr/Tesis_ws/V1/install/interfaces/include/interfaces/msg/detail/motor_vels__rosidl_typesupport_fastrtps_cpp.hpp
[4.964s] -- Up-to-date: /home/javierfr/Tesis_ws/V1/install/interfaces/include/interfaces/msg/detail/dds_fastrtps
[4.964s] -- Up-to-date: /home/javierfr/Tesis_ws/V1/install/interfaces/lib/libinterfaces__rosidl_typesupport_fastrtps_cpp.so
[4.965s] -- Up-to-date: /home/javierfr/Tesis_ws/V1/install/interfaces/include/interfaces
[4.965s] -- Up-to-date: /home/javierfr/Tesis_ws/V1/install/interfaces/include/interfaces/srv
[4.965s] -- Up-to-date: /home/javierfr/Tesis_ws/V1/install/interfaces/include/interfaces/srv/detail
[4.965s] -- Up-to-date: /home/javierfr/Tesis_ws/V1/install/interfaces/include/interfaces/srv/detail/platform_vel__type_support.c
[4.966s] -- Up-to-date: /home/javierfr/Tesis_ws/V1/install/interfaces/include/interfaces/srv/detail/platform_vel__rosidl_typesupport_introspection_c.h
[4.966s] -- Up-to-date: /home/javierfr/Tesis_ws/V1/install/interfaces/include/interfaces/msg
[4.966s] -- Up-to-date: /home/javierfr/Tesis_ws/V1/install/interfaces/include/interfaces/msg/detail
[4.966s] -- Up-to-date: /home/javierfr/Tesis_ws/V1/install/interfaces/include/interfaces/msg/detail/motor_vels__rosidl_typesupport_introspection_c.h
[4.967s] -- Up-to-date: /home/javierfr/Tesis_ws/V1/install/interfaces/include/interfaces/msg/detail/motor_vels__type_support.c
[4.967s] -- Up-to-date: /home/javierfr/Tesis_ws/V1/install/interfaces/include/interfaces/msg/rosidl_typesupport_introspection_c__visibility_control.h
[5.005s] -- Up-to-date: /home/javierfr/Tesis_ws/V1/install/interfaces/lib/libinterfaces__rosidl_typesupport_introspection_c.so
[5.050s] -- Up-to-date: /home/javierfr/Tesis_ws/V1/install/interfaces/lib/libinterfaces__rosidl_typesupport_c.so
[5.052s] -- Up-to-date: /home/javierfr/Tesis_ws/V1/install/interfaces/include/interfaces
[5.052s] -- Up-to-date: /home/javierfr/Tesis_ws/V1/install/interfaces/include/interfaces/srv
[5.053s] -- Up-to-date: /home/javierfr/Tesis_ws/V1/install/interfaces/include/interfaces/srv/detail
[5.053s] -- Up-to-date: /home/javierfr/Tesis_ws/V1/install/interfaces/include/interfaces/srv/detail/platform_vel__builder.hpp
[5.054s] -- Up-to-date: /home/javierfr/Tesis_ws/V1/install/interfaces/include/interfaces/srv/detail/platform_vel__struct.hpp
[5.054s] -- Up-to-date: /home/javierfr/Tesis_ws/V1/install/interfaces/include/interfaces/srv/detail/platform_vel__traits.hpp
[5.054s] -- Up-to-date: /home/javierfr/Tesis_ws/V1/install/interfaces/include/interfaces/srv/platform_vel.hpp
[5.054s] -- Up-to-date: /home/javierfr/Tesis_ws/V1/install/interfaces/include/interfaces/msg
[5.055s] -- Up-to-date: /home/javierfr/Tesis_ws/V1/install/interfaces/include/interfaces/msg/detail
[5.055s] -- Up-to-date: /home/javierfr/Tesis_ws/V1/install/interfaces/include/interfaces/msg/detail/motor_vels__traits.hpp
[5.055s] -- Up-to-date: /home/javierfr/Tesis_ws/V1/install/interfaces/include/interfaces/msg/detail/motor_vels__builder.hpp
[5.055s] -- Up-to-date: /home/javierfr/Tesis_ws/V1/install/interfaces/include/interfaces/msg/detail/motor_vels__struct.hpp
[5.056s] -- Up-to-date: /home/javierfr/Tesis_ws/V1/install/interfaces/include/interfaces/msg/motor_vels.hpp
[5.056s] -- Up-to-date: /home/javierfr/Tesis_ws/V1/install/interfaces/include/interfaces
[5.056s] -- Up-to-date: /home/javierfr/Tesis_ws/V1/install/interfaces/include/interfaces/srv
[5.056s] -- Up-to-date: /home/javierfr/Tesis_ws/V1/install/interfaces/include/interfaces/srv/detail
[5.057s] -- Up-to-date: /home/javierfr/Tesis_ws/V1/install/interfaces/include/interfaces/srv/detail/platform_vel__rosidl_typesupport_introspection_cpp.hpp
[5.057s] -- Up-to-date: /home/javierfr/Tesis_ws/V1/install/interfaces/include/interfaces/srv/detail/platform_vel__type_support.cpp
[5.057s] -- Up-to-date: /home/javierfr/Tesis_ws/V1/install/interfaces/include/interfaces/msg
[5.057s] -- Up-to-date: /home/javierfr/Tesis_ws/V1/install/interfaces/include/interfaces/msg/detail
[5.058s] -- Up-to-date: /home/javierfr/Tesis_ws/V1/install/interfaces/include/interfaces/msg/detail/motor_vels__type_support.cpp
[5.058s] -- Up-to-date: /home/javierfr/Tesis_ws/V1/install/interfaces/include/interfaces/msg/detail/motor_vels__rosidl_typesupport_introspection_cpp.hpp
[5.139s] -- Up-to-date: /home/javierfr/Tesis_ws/V1/install/interfaces/lib/libinterfaces__rosidl_typesupport_introspection_cpp.so
[5.141s] -- Up-to-date: /home/javierfr/Tesis_ws/V1/install/interfaces/lib/libinterfaces__rosidl_typesupport_cpp.so
[5.141s] -- Up-to-date: /home/javierfr/Tesis_ws/V1/install/interfaces/share/interfaces/environment/pythonpath.sh
[5.142s] -- Up-to-date: /home/javierfr/Tesis_ws/V1/install/interfaces/share/interfaces/environment/pythonpath.dsv
[5.142s] -- Up-to-date: /home/javierfr/Tesis_ws/V1/install/interfaces/lib/python3.8/site-packages/interfaces/__init__.py
[5.258s] -- Up-to-date: /home/javierfr/Tesis_ws/V1/install/interfaces/lib/python3.8/site-packages/interfaces/srv
[5.258s] -- Up-to-date: /home/javierfr/Tesis_ws/V1/install/interfaces/lib/python3.8/site-packages/interfaces/srv/__init__.py
[5.258s] -- Up-to-date: /home/javierfr/Tesis_ws/V1/install/interfaces/lib/python3.8/site-packages/interfaces/srv/_platform_vel_s.c
[5.258s] -- Up-to-date: /home/javierfr/Tesis_ws/V1/install/interfaces/lib/python3.8/site-packages/interfaces/srv/_platform_vel.py
[5.258s] -- Up-to-date: /home/javierfr/Tesis_ws/V1/install/interfaces/lib/python3.8/site-packages/interfaces/msg
[5.258s] -- Up-to-date: /home/javierfr/Tesis_ws/V1/install/interfaces/lib/python3.8/site-packages/interfaces/msg/__init__.py
[5.258s] -- Up-to-date: /home/javierfr/Tesis_ws/V1/install/interfaces/lib/python3.8/site-packages/interfaces/msg/_motor_vels.py
[5.258s] -- Up-to-date: /home/javierfr/Tesis_ws/V1/install/interfaces/lib/python3.8/site-packages/interfaces/msg/_motor_vels_s.c
[5.296s] -- Up-to-date: /home/javierfr/Tesis_ws/V1/install/interfaces/lib/python3.8/site-packages/interfaces/interfaces_s__rosidl_typesupport_fastrtps_c.cpython-38-x86_64-linux-gnu.so
[5.347s] -- Up-to-date: /home/javierfr/Tesis_ws/V1/install/interfaces/lib/python3.8/site-packages/interfaces/interfaces_s__rosidl_typesupport_introspection_c.cpython-38-x86_64-linux-gnu.so
[5.391s] -- Up-to-date: /home/javierfr/Tesis_ws/V1/install/interfaces/lib/python3.8/site-packages/interfaces/interfaces_s__rosidl_typesupport_c.cpython-38-x86_64-linux-gnu.so
[5.440s] -- Up-to-date: /home/javierfr/Tesis_ws/V1/install/interfaces/lib/libinterfaces__python.so
[5.441s] -- Up-to-date: /home/javierfr/Tesis_ws/V1/install/interfaces/share/interfaces/srv/PlatformVel.idl
[5.442s] -- Up-to-date: /home/javierfr/Tesis_ws/V1/install/interfaces/share/interfaces/msg/MotorVels.idl
[5.443s] -- Up-to-date: /home/javierfr/Tesis_ws/V1/install/interfaces/share/interfaces/srv/PlatformVel.srv
[5.443s] -- Up-to-date: /home/javierfr/Tesis_ws/V1/install/interfaces/share/interfaces/srv/PlatformVel_Request.msg
[5.444s] -- Up-to-date: /home/javierfr/Tesis_ws/V1/install/interfaces/share/interfaces/srv/PlatformVel_Response.msg
[5.444s] -- Up-to-date: /home/javierfr/Tesis_ws/V1/install/interfaces/share/interfaces/msg/MotorVels.msg
[5.444s] -- Up-to-date: /home/javierfr/Tesis_ws/V1/install/interfaces/share/ament_index/resource_index/package_run_dependencies/interfaces
[5.444s] -- Up-to-date: /home/javierfr/Tesis_ws/V1/install/interfaces/share/ament_index/resource_index/parent_prefix_path/interfaces
[5.444s] -- Up-to-date: /home/javierfr/Tesis_ws/V1/install/interfaces/share/interfaces/environment/ament_prefix_path.sh
[5.444s] -- Up-to-date: /home/javierfr/Tesis_ws/V1/install/interfaces/share/interfaces/environment/ament_prefix_path.dsv
[5.444s] -- Up-to-date: /home/javierfr/Tesis_ws/V1/install/interfaces/share/interfaces/environment/path.sh
[5.444s] -- Up-to-date: /home/javierfr/Tesis_ws/V1/install/interfaces/share/interfaces/environment/path.dsv
[5.445s] -- Up-to-date: /home/javierfr/Tesis_ws/V1/install/interfaces/share/interfaces/local_setup.bash
[5.445s] -- Up-to-date: /home/javierfr/Tesis_ws/V1/install/interfaces/share/interfaces/local_setup.sh
[5.445s] -- Up-to-date: /home/javierfr/Tesis_ws/V1/install/interfaces/share/interfaces/local_setup.zsh
[5.445s] -- Up-to-date: /home/javierfr/Tesis_ws/V1/install/interfaces/share/interfaces/local_setup.dsv
[5.445s] -- Installing: /home/javierfr/Tesis_ws/V1/install/interfaces/share/interfaces/package.dsv
[5.485s] -- Up-to-date: /home/javierfr/Tesis_ws/V1/install/interfaces/share/ament_index/resource_index/packages/interfaces
[5.576s] -- Up-to-date: /home/javierfr/Tesis_ws/V1/install/interfaces/share/interfaces/cmake/interfaces__rosidl_generator_cExport.cmake
[5.576s] -- Up-to-date: /home/javierfr/Tesis_ws/V1/install/interfaces/share/interfaces/cmake/interfaces__rosidl_generator_cExport-noconfig.cmake
[5.676s] -- Up-to-date: /home/javierfr/Tesis_ws/V1/install/interfaces/share/interfaces/cmake/interfaces__rosidl_typesupport_introspection_cExport.cmake
[5.676s] -- Up-to-date: /home/javierfr/Tesis_ws/V1/install/interfaces/share/interfaces/cmake/interfaces__rosidl_typesupport_introspection_cExport-noconfig.cmake
[5.677s] -- Up-to-date: /home/javierfr/Tesis_ws/V1/install/interfaces/share/interfaces/cmake/interfaces__rosidl_typesupport_cExport.cmake
[5.678s] -- Up-to-date: /home/javierfr/Tesis_ws/V1/install/interfaces/share/interfaces/cmake/interfaces__rosidl_typesupport_cExport-noconfig.cmake
[5.724s] -- Up-to-date: /home/javierfr/Tesis_ws/V1/install/interfaces/share/interfaces/cmake/interfaces__rosidl_generator_cppExport.cmake
[5.776s] -- Up-to-date: /home/javierfr/Tesis_ws/V1/install/interfaces/share/interfaces/cmake/interfaces__rosidl_typesupport_introspection_cppExport.cmake
[5.776s] -- Up-to-date: /home/javierfr/Tesis_ws/V1/install/interfaces/share/interfaces/cmake/interfaces__rosidl_typesupport_introspection_cppExport-noconfig.cmake
[5.777s] -- Up-to-date: /home/javierfr/Tesis_ws/V1/install/interfaces/share/interfaces/cmake/interfaces__rosidl_typesupport_cppExport.cmake
[5.778s] -- Up-to-date: /home/javierfr/Tesis_ws/V1/install/interfaces/share/interfaces/cmake/interfaces__rosidl_typesupport_cppExport-noconfig.cmake
[5.779s] -- Up-to-date: /home/javierfr/Tesis_ws/V1/install/interfaces/share/interfaces/cmake/rosidl_cmake-extras.cmake
[5.779s] -- Up-to-date: /home/javierfr/Tesis_ws/V1/install/interfaces/share/interfaces/cmake/ament_cmake_export_dependencies-extras.cmake
[5.779s] -- Up-to-date: /home/javierfr/Tesis_ws/V1/install/interfaces/share/interfaces/cmake/ament_cmake_export_libraries-extras.cmake
[5.780s] -- Up-to-date: /home/javierfr/Tesis_ws/V1/install/interfaces/share/interfaces/cmake/ament_cmake_export_targets-extras.cmake
[5.780s] -- Up-to-date: /home/javierfr/Tesis_ws/V1/install/interfaces/share/interfaces/cmake/ament_cmake_export_include_directories-extras.cmake
[5.781s] -- Up-to-date: /home/javierfr/Tesis_ws/V1/install/interfaces/share/interfaces/cmake/rosidl_cmake_export_typesupport_libraries-extras.cmake
[5.781s] -- Up-to-date: /home/javierfr/Tesis_ws/V1/install/interfaces/share/interfaces/cmake/rosidl_cmake_export_typesupport_targets-extras.cmake
[5.781s] -- Up-to-date: /home/javierfr/Tesis_ws/V1/install/interfaces/share/interfaces/cmake/interfacesConfig.cmake
[5.781s] -- Up-to-date: /home/javierfr/Tesis_ws/V1/install/interfaces/share/interfaces/cmake/interfacesConfig-version.cmake
[5.782s] -- Up-to-date: /home/javierfr/Tesis_ws/V1/install/interfaces/share/interfaces/package.xml
[5.888s] Invoked command in '/home/javierfr/Tesis_ws/V1/build/interfaces' returned '0': CMAKE_PREFIX_PATH=${CMAKE_PREFIX_PATH}:/opt/ros/foxy /usr/bin/cmake --install /home/javierfr/Tesis_ws/V1/build/interfaces
