[0.020s] Invoking command in '/home/javierfr/Tesis_ws/V1/build/interfaces': CMAKE_PREFIX_PATH=/opt/ros/foxy /usr/bin/cmake --build /home/javierfr/Tesis_ws/V1/build/interfaces -- -j12 -l12
[0.073s] -- Found ament_cmake: 0.9.8 (/opt/ros/foxy/share/ament_cmake/cmake)
[0.090s] -- Found PythonInterp: /usr/bin/python3 (found suitable version "3.8.5", minimum required is "3") 
[0.090s] -- Using PYTHON_EXECUTABLE: /usr/bin/python3
[0.279s] -- Found rosidl_default_generators: 1.0.1 (/opt/ros/foxy/share/rosidl_default_generators/cmake)
[0.306s] -- Using all available rosidl_typesupport_c: rosidl_typesupport_fastrtps_c;rosidl_typesupport_introspection_c
[0.313s] -- Found rosidl_adapter: 1.2.1 (/opt/ros/foxy/share/rosidl_adapter/cmake)
[0.449s] -- Using all available rosidl_typesupport_cpp: rosidl_typesupport_fastrtps_cpp;rosidl_typesupport_introspection_cpp
[0.616s] -- Found PythonInterp: /usr/bin/python3 (found version "3.8.5") 
[0.949s] -- Found ament_cmake_ros: 0.9.1 (/opt/ros/foxy/share/ament_cmake_ros/cmake)
[1.171s] -- Using all available rosidl_typesupport_c: rosidl_typesupport_fastrtps_c;rosidl_typesupport_introspection_c
[1.199s] -- Using all available rosidl_typesupport_cpp: rosidl_typesupport_fastrtps_cpp;rosidl_typesupport_introspection_cpp
[1.226s] -- Found PythonInterp: /usr/bin/python3 (found suitable version "3.8.5", minimum required is "3.5") 
[1.235s] -- Found python_cmake_module: 0.8.1 (/opt/ros/foxy/share/python_cmake_module/cmake)
[1.356s] -- Using PYTHON_EXECUTABLE: /usr/bin/python3
[1.356s] -- Using PYTHON_INCLUDE_DIRS: /usr/include/python3.8
[1.356s] -- Using PYTHON_LIBRARIES: /usr/lib/x86_64-linux-gnu/libpython3.8.so
[1.579s] -- Configuring done
[1.730s] -- Generating done
[1.743s] -- Build files have been written to: /home/javierfr/Tesis_ws/V1/build/interfaces
[1.776s] [  1%] [34m[1mGenerating C code for ROS interfaces[0m
[1.776s] [35m[1mScanning dependencies of target interfaces__cpp[0m
[1.979s] [  3%] [34m[1mGenerating C++ code for ROS interfaces[0m
[2.402s] [  3%] Built target interfaces__cpp
[2.410s] [  7%] [34m[1mGenerating C++ type support for eProsima Fast-RTPS[0m
[2.410s] [  7%] [34m[1mGenerating C++ type support dispatch for ROS interfaces[0m
[2.410s] [  7%] [34m[1mGenerating C++ introspection for ROS interfaces[0m
[2.457s] [35m[1mScanning dependencies of target interfaces__rosidl_generator_c[0m
[2.483s] [  9%] [32mBuilding C object CMakeFiles/interfaces__rosidl_generator_c.dir/rosidl_generator_c/interfaces/msg/detail/plat_state__functions.c.o[0m
[2.485s] [ 14%] [32mBuilding C object CMakeFiles/interfaces__rosidl_generator_c.dir/rosidl_generator_c/interfaces/msg/detail/img_data__functions.c.o[0m
[2.485s] [ 14%] [32mBuilding C object CMakeFiles/interfaces__rosidl_generator_c.dir/rosidl_generator_c/interfaces/srv/detail/control_pid_start__functions.c.o[0m
[2.486s] [ 14%] [32mBuilding C object CMakeFiles/interfaces__rosidl_generator_c.dir/rosidl_generator_c/interfaces/msg/detail/motor_vels__functions.c.o[0m
[2.486s] [ 15%] [32mBuilding C object CMakeFiles/interfaces__rosidl_generator_c.dir/rosidl_generator_c/interfaces/srv/detail/platform_vel__functions.c.o[0m
[2.694s] [35m[1mScanning dependencies of target interfaces__rosidl_typesupport_cpp[0m
[2.727s] [ 17%] [32mBuilding CXX object CMakeFiles/interfaces__rosidl_typesupport_cpp.dir/rosidl_typesupport_cpp/interfaces/msg/plat_state__type_support.cpp.o[0m
[2.728s] [ 20%] [32mBuilding CXX object CMakeFiles/interfaces__rosidl_typesupport_cpp.dir/rosidl_typesupport_cpp/interfaces/msg/motor_vels__type_support.cpp.o[0m
[2.728s] [ 20%] [32mBuilding CXX object CMakeFiles/interfaces__rosidl_typesupport_cpp.dir/rosidl_typesupport_cpp/interfaces/srv/platform_vel__type_support.cpp.o[0m
[2.728s] [ 22%] [32mBuilding CXX object CMakeFiles/interfaces__rosidl_typesupport_cpp.dir/rosidl_typesupport_cpp/interfaces/msg/img_data__type_support.cpp.o[0m
[2.729s] [ 23%] [32mBuilding CXX object CMakeFiles/interfaces__rosidl_typesupport_cpp.dir/rosidl_typesupport_cpp/interfaces/srv/control_pid_start__type_support.cpp.o[0m
[2.793s] [35m[1mScanning dependencies of target interfaces__rosidl_typesupport_fastrtps_cpp[0m
[2.878s] [35m[1mScanning dependencies of target interfaces__rosidl_typesupport_introspection_cpp[0m
[2.906s] [ 25%] [32mBuilding CXX object CMakeFiles/interfaces__rosidl_typesupport_fastrtps_cpp.dir/rosidl_typesupport_fastrtps_cpp/interfaces/srv/detail/dds_fastrtps/platform_vel__type_support.cpp.o[0m
[2.947s] [ 26%] [32mBuilding CXX object CMakeFiles/interfaces__rosidl_typesupport_introspection_cpp.dir/rosidl_typesupport_introspection_cpp/interfaces/srv/detail/platform_vel__type_support.cpp.o[0m
[2.993s] [ 28%] [32mBuilding CXX object CMakeFiles/interfaces__rosidl_typesupport_fastrtps_cpp.dir/rosidl_typesupport_fastrtps_cpp/interfaces/msg/detail/dds_fastrtps/motor_vels__type_support.cpp.o[0m
[2.993s] [ 30%] [32mBuilding CXX object CMakeFiles/interfaces__rosidl_typesupport_fastrtps_cpp.dir/rosidl_typesupport_fastrtps_cpp/interfaces/msg/detail/dds_fastrtps/img_data__type_support.cpp.o[0m
[2.993s] [ 31%] [32mBuilding CXX object CMakeFiles/interfaces__rosidl_typesupport_fastrtps_cpp.dir/rosidl_typesupport_fastrtps_cpp/interfaces/srv/detail/dds_fastrtps/control_pid_start__type_support.cpp.o[0m
[2.998s] [ 33%] [32mBuilding CXX object CMakeFiles/interfaces__rosidl_typesupport_introspection_cpp.dir/rosidl_typesupport_introspection_cpp/interfaces/msg/detail/motor_vels__type_support.cpp.o[0m
[3.020s] [ 34%] [32m[1mLinking CXX shared library libinterfaces__rosidl_typesupport_cpp.so[0m
[3.051s] [ 34%] Built target interfaces__rosidl_typesupport_cpp
[3.058s] [ 36%] [32mBuilding CXX object CMakeFiles/interfaces__rosidl_typesupport_introspection_cpp.dir/rosidl_typesupport_introspection_cpp/interfaces/msg/detail/img_data__type_support.cpp.o[0m
[3.207s] [ 38%] [32mBuilding CXX object CMakeFiles/interfaces__rosidl_typesupport_introspection_cpp.dir/rosidl_typesupport_introspection_cpp/interfaces/srv/detail/control_pid_start__type_support.cpp.o[0m
[3.249s] [ 39%] [32mBuilding CXX object CMakeFiles/interfaces__rosidl_typesupport_introspection_cpp.dir/rosidl_typesupport_introspection_cpp/interfaces/msg/detail/plat_state__type_support.cpp.o[0m
[3.274s] [ 41%] [32mBuilding CXX object CMakeFiles/interfaces__rosidl_typesupport_fastrtps_cpp.dir/rosidl_typesupport_fastrtps_cpp/interfaces/msg/detail/dds_fastrtps/plat_state__type_support.cpp.o[0m
[3.465s] [ 42%] [32m[1mLinking CXX shared library libinterfaces__rosidl_typesupport_introspection_cpp.so[0m
[3.497s] [ 42%] Built target interfaces__rosidl_typesupport_introspection_cpp
[3.590s] [ 44%] [32m[1mLinking CXX shared library libinterfaces__rosidl_typesupport_fastrtps_cpp.so[0m
[3.696s] [ 44%] Built target interfaces__rosidl_typesupport_fastrtps_cpp
[3.906s] [ 46%] [32m[1mLinking C shared library libinterfaces__rosidl_generator_c.so[0m
[3.933s] [ 46%] Built target interfaces__rosidl_generator_c
[3.941s] [ 50%] [34m[1mGenerating C type support dispatch for ROS interfaces[0m
[3.941s] [ 50%] [34m[1mGenerating C introspection for ROS interfaces[0m
[3.941s] [ 50%] [34m[1mGenerating C type support for eProsima Fast-RTPS[0m
[4.287s] [35m[1mScanning dependencies of target interfaces__rosidl_typesupport_c[0m
[4.305s] [35m[1mScanning dependencies of target interfaces__rosidl_typesupport_introspection_c[0m
[4.333s] [ 52%] [32mBuilding CXX object CMakeFiles/interfaces__rosidl_typesupport_c.dir/rosidl_typesupport_c/interfaces/msg/motor_vels__type_support.cpp.o[0m
[4.333s] [ 53%] [32mBuilding CXX object CMakeFiles/interfaces__rosidl_typesupport_c.dir/rosidl_typesupport_c/interfaces/msg/img_data__type_support.cpp.o[0m
[4.334s] [ 55%] [32mBuilding CXX object CMakeFiles/interfaces__rosidl_typesupport_c.dir/rosidl_typesupport_c/interfaces/srv/platform_vel__type_support.cpp.o[0m
[4.336s] [ 57%] [32mBuilding CXX object CMakeFiles/interfaces__rosidl_typesupport_c.dir/rosidl_typesupport_c/interfaces/srv/control_pid_start__type_support.cpp.o[0m
[4.336s] [ 58%] [32mBuilding CXX object CMakeFiles/interfaces__rosidl_typesupport_c.dir/rosidl_typesupport_c/interfaces/msg/plat_state__type_support.cpp.o[0m
[4.344s] [ 60%] [32mBuilding C object CMakeFiles/interfaces__rosidl_typesupport_introspection_c.dir/rosidl_typesupport_introspection_c/interfaces/srv/detail/control_pid_start__type_support.c.o[0m
[4.345s] [ 65%] [32mBuilding C object CMakeFiles/interfaces__rosidl_typesupport_introspection_c.dir/rosidl_typesupport_introspection_c/interfaces/msg/detail/img_data__type_support.c.o[0m
[4.345s] [ 65%] [32mBuilding C object CMakeFiles/interfaces__rosidl_typesupport_introspection_c.dir/rosidl_typesupport_introspection_c/interfaces/srv/detail/platform_vel__type_support.c.o[0m
[4.345s] [ 65%] [32mBuilding C object CMakeFiles/interfaces__rosidl_typesupport_introspection_c.dir/rosidl_typesupport_introspection_c/interfaces/msg/detail/motor_vels__type_support.c.o[0m
[4.346s] [ 66%] [32mBuilding C object CMakeFiles/interfaces__rosidl_typesupport_introspection_c.dir/rosidl_typesupport_introspection_c/interfaces/msg/detail/plat_state__type_support.c.o[0m
[4.366s] [ 68%] [32m[1mLinking CXX shared library libinterfaces__rosidl_typesupport_c.so[0m
[4.396s] [ 68%] Built target interfaces__rosidl_typesupport_c
[4.402s] [35m[1mScanning dependencies of target interfaces__rosidl_typesupport_fastrtps_c[0m
[4.423s] [ 69%] [32m[1mLinking C shared library libinterfaces__rosidl_typesupport_introspection_c.so[0m
[4.425s] [ 71%] [32mBuilding CXX object CMakeFiles/interfaces__rosidl_typesupport_fastrtps_c.dir/rosidl_typesupport_fastrtps_c/interfaces/srv/detail/platform_vel__type_support_c.cpp.o[0m
[4.426s] [ 73%] [32mBuilding CXX object CMakeFiles/interfaces__rosidl_typesupport_fastrtps_c.dir/rosidl_typesupport_fastrtps_c/interfaces/msg/detail/img_data__type_support_c.cpp.o[0m
[4.426s] [ 74%] [32mBuilding CXX object CMakeFiles/interfaces__rosidl_typesupport_fastrtps_c.dir/rosidl_typesupport_fastrtps_c/interfaces/msg/detail/plat_state__type_support_c.cpp.o[0m
[4.428s] [ 76%] [32mBuilding CXX object CMakeFiles/interfaces__rosidl_typesupport_fastrtps_c.dir/rosidl_typesupport_fastrtps_c/interfaces/msg/detail/motor_vels__type_support_c.cpp.o[0m
[4.429s] [ 77%] [32mBuilding CXX object CMakeFiles/interfaces__rosidl_typesupport_fastrtps_c.dir/rosidl_typesupport_fastrtps_c/interfaces/srv/detail/control_pid_start__type_support_c.cpp.o[0m
[4.446s] [ 77%] Built target interfaces__rosidl_typesupport_introspection_c
[4.758s] [ 79%] [32m[1mLinking CXX shared library libinterfaces__rosidl_typesupport_fastrtps_c.so[0m
[4.819s] [ 79%] Built target interfaces__rosidl_typesupport_fastrtps_c
[4.834s] [ 79%] Built target interfaces
[4.841s] [35m[1mScanning dependencies of target interfaces__py[0m
[4.868s] [ 80%] [34m[1mGenerating Python code for ROS interfaces[0m
[5.524s] [ 80%] Built target interfaces__py
[5.533s] [35m[1mScanning dependencies of target interfaces__python[0m
[5.550s] [ 84%] [32mBuilding C object CMakeFiles/interfaces__python.dir/rosidl_generator_py/interfaces/srv/_platform_vel_s.c.o[0m
[5.550s] [ 84%] [32mBuilding C object CMakeFiles/interfaces__python.dir/rosidl_generator_py/interfaces/msg/_img_data_s.c.o[0m
[5.550s] [ 85%] [32mBuilding C object CMakeFiles/interfaces__python.dir/rosidl_generator_py/interfaces/msg/_plat_state_s.c.o[0m
[5.552s] [ 87%] [32mBuilding C object CMakeFiles/interfaces__python.dir/rosidl_generator_py/interfaces/msg/_motor_vels_s.c.o[0m
[5.552s] [ 88%] [32mBuilding C object CMakeFiles/interfaces__python.dir/rosidl_generator_py/interfaces/srv/_control_pid_start_s.c.o[0m
[6.182s] [ 90%] [32m[1mLinking C shared library rosidl_generator_py/interfaces/libinterfaces__python.so[0m
[6.211s] [ 90%] Built target interfaces__python
[6.219s] [35m[1mScanning dependencies of target interfaces__rosidl_typesupport_introspection_c__pyext[0m
[6.219s] [35m[1mScanning dependencies of target interfaces__rosidl_typesupport_c__pyext[0m
[6.219s] [35m[1mScanning dependencies of target interfaces__rosidl_typesupport_fastrtps_c__pyext[0m
[6.290s] [ 92%] [32mBuilding C object CMakeFiles/interfaces__rosidl_typesupport_fastrtps_c__pyext.dir/rosidl_generator_py/interfaces/_interfaces_s.ep.rosidl_typesupport_fastrtps_c.c.o[0m
[6.299s] [ 95%] [32mBuilding C object CMakeFiles/interfaces__rosidl_typesupport_c__pyext.dir/rosidl_generator_py/interfaces/_interfaces_s.ep.rosidl_typesupport_c.c.o[0m
[6.299s] [ 95%] [32mBuilding C object CMakeFiles/interfaces__rosidl_typesupport_introspection_c__pyext.dir/rosidl_generator_py/interfaces/_interfaces_s.ep.rosidl_typesupport_introspection_c.c.o[0m
[6.398s] [100%] [32m[1mLinking C shared library rosidl_generator_py/interfaces/interfaces_s__rosidl_typesupport_c.cpython-38-x86_64-linux-gnu.so[0m
[6.398s] [100%] [32m[1mLinking C shared library rosidl_generator_py/interfaces/interfaces_s__rosidl_typesupport_introspection_c.cpython-38-x86_64-linux-gnu.so[0m
[6.398s] [100%] [32m[1mLinking CXX shared library rosidl_generator_py/interfaces/interfaces_s__rosidl_typesupport_fastrtps_c.cpython-38-x86_64-linux-gnu.so[0m
[6.424s] [100%] Built target interfaces__rosidl_typesupport_introspection_c__pyext
[6.424s] [100%] Built target interfaces__rosidl_typesupport_c__pyext
[6.446s] [100%] Built target interfaces__rosidl_typesupport_fastrtps_c__pyext
[6.454s] Invoked command in '/home/javierfr/Tesis_ws/V1/build/interfaces' returned '0': CMAKE_PREFIX_PATH=/opt/ros/foxy /usr/bin/cmake --build /home/javierfr/Tesis_ws/V1/build/interfaces -- -j12 -l12
[6.526s] Invoking command in '/home/javierfr/Tesis_ws/V1/build/interfaces': CMAKE_PREFIX_PATH=/opt/ros/foxy /usr/bin/cmake --install /home/javierfr/Tesis_ws/V1/build/interfaces
[6.532s] -- Install configuration: ""
[6.532s] -- Installing: /home/javierfr/Tesis_ws/V1/install/interfaces/share/ament_index/resource_index/rosidl_interfaces/interfaces
[6.533s] -- Up-to-date: /home/javierfr/Tesis_ws/V1/install/interfaces/include/interfaces
[6.533s] -- Up-to-date: /home/javierfr/Tesis_ws/V1/install/interfaces/include/interfaces/srv
[6.533s] -- Up-to-date: /home/javierfr/Tesis_ws/V1/install/interfaces/include/interfaces/srv/detail
[6.533s] -- Installing: /home/javierfr/Tesis_ws/V1/install/interfaces/include/interfaces/srv/detail/platform_vel__struct.h
[6.533s] -- Installing: /home/javierfr/Tesis_ws/V1/install/interfaces/include/interfaces/srv/detail/control_pid_start__struct.h
[6.533s] -- Installing: /home/javierfr/Tesis_ws/V1/install/interfaces/include/interfaces/srv/detail/control_pid_start__functions.c
[6.533s] -- Installing: /home/javierfr/Tesis_ws/V1/install/interfaces/include/interfaces/srv/detail/platform_vel__functions.c
[6.533s] -- Installing: /home/javierfr/Tesis_ws/V1/install/interfaces/include/interfaces/srv/detail/platform_vel__functions.h
[6.533s] -- Installing: /home/javierfr/Tesis_ws/V1/install/interfaces/include/interfaces/srv/detail/platform_vel__type_support.h
[6.533s] -- Installing: /home/javierfr/Tesis_ws/V1/install/interfaces/include/interfaces/srv/detail/control_pid_start__type_support.h
[6.533s] -- Installing: /home/javierfr/Tesis_ws/V1/install/interfaces/include/interfaces/srv/detail/control_pid_start__functions.h
[6.533s] -- Installing: /home/javierfr/Tesis_ws/V1/install/interfaces/include/interfaces/srv/platform_vel.h
[6.533s] -- Installing: /home/javierfr/Tesis_ws/V1/install/interfaces/include/interfaces/srv/control_pid_start.h
[6.533s] -- Up-to-date: /home/javierfr/Tesis_ws/V1/install/interfaces/include/interfaces/msg
[6.533s] -- Up-to-date: /home/javierfr/Tesis_ws/V1/install/interfaces/include/interfaces/msg/detail
[6.534s] -- Installing: /home/javierfr/Tesis_ws/V1/install/interfaces/include/interfaces/msg/detail/img_data__struct.h
[6.534s] -- Installing: /home/javierfr/Tesis_ws/V1/install/interfaces/include/interfaces/msg/detail/plat_state__struct.h
[6.534s] -- Installing: /home/javierfr/Tesis_ws/V1/install/interfaces/include/interfaces/msg/detail/motor_vels__type_support.h
[6.534s] -- Installing: /home/javierfr/Tesis_ws/V1/install/interfaces/include/interfaces/msg/detail/img_data__functions.c
[6.534s] -- Installing: /home/javierfr/Tesis_ws/V1/install/interfaces/include/interfaces/msg/detail/motor_vels__functions.h
[6.534s] -- Installing: /home/javierfr/Tesis_ws/V1/install/interfaces/include/interfaces/msg/detail/plat_state__functions.c
[6.534s] -- Installing: /home/javierfr/Tesis_ws/V1/install/interfaces/include/interfaces/msg/detail/img_data__type_support.h
[6.534s] -- Installing: /home/javierfr/Tesis_ws/V1/install/interfaces/include/interfaces/msg/detail/motor_vels__functions.c
[6.534s] -- Installing: /home/javierfr/Tesis_ws/V1/install/interfaces/include/interfaces/msg/detail/plat_state__functions.h
[6.534s] -- Installing: /home/javierfr/Tesis_ws/V1/install/interfaces/include/interfaces/msg/detail/img_data__functions.h
[6.534s] -- Installing: /home/javierfr/Tesis_ws/V1/install/interfaces/include/interfaces/msg/detail/plat_state__type_support.h
[6.534s] -- Installing: /home/javierfr/Tesis_ws/V1/install/interfaces/include/interfaces/msg/detail/motor_vels__struct.h
[6.534s] -- Installing: /home/javierfr/Tesis_ws/V1/install/interfaces/include/interfaces/msg/img_data.h
[6.534s] -- Installing: /home/javierfr/Tesis_ws/V1/install/interfaces/include/interfaces/msg/plat_state.h
[6.534s] -- Installing: /home/javierfr/Tesis_ws/V1/install/interfaces/include/interfaces/msg/motor_vels.h
[6.534s] -- Up-to-date: /home/javierfr/Tesis_ws/V1/install/interfaces/include/interfaces/msg/rosidl_generator_c__visibility_control.h
[6.535s] -- Up-to-date: /home/javierfr/Tesis_ws/V1/install/interfaces/share/interfaces/environment/library_path.sh
[6.535s] -- Installing: /home/javierfr/Tesis_ws/V1/install/interfaces/share/interfaces/environment/library_path.dsv
[6.535s] -- Installing: /home/javierfr/Tesis_ws/V1/install/interfaces/lib/libinterfaces__rosidl_generator_c.so
[6.535s] -- Set runtime path of "/home/javierfr/Tesis_ws/V1/install/interfaces/lib/libinterfaces__rosidl_generator_c.so" to ""
[6.535s] -- Up-to-date: /home/javierfr/Tesis_ws/V1/install/interfaces/include/interfaces
[6.535s] -- Up-to-date: /home/javierfr/Tesis_ws/V1/install/interfaces/include/interfaces/srv
[6.535s] -- Up-to-date: /home/javierfr/Tesis_ws/V1/install/interfaces/include/interfaces/srv/detail
[6.535s] -- Installing: /home/javierfr/Tesis_ws/V1/install/interfaces/include/interfaces/srv/detail/control_pid_start__rosidl_typesupport_fastrtps_c.h
[6.535s] -- Installing: /home/javierfr/Tesis_ws/V1/install/interfaces/include/interfaces/srv/detail/platform_vel__rosidl_typesupport_fastrtps_c.h
[6.535s] -- Up-to-date: /home/javierfr/Tesis_ws/V1/install/interfaces/include/interfaces/msg
[6.535s] -- Up-to-date: /home/javierfr/Tesis_ws/V1/install/interfaces/include/interfaces/msg/detail
[6.535s] -- Installing: /home/javierfr/Tesis_ws/V1/install/interfaces/include/interfaces/msg/detail/plat_state__rosidl_typesupport_fastrtps_c.h
[6.535s] -- Installing: /home/javierfr/Tesis_ws/V1/install/interfaces/include/interfaces/msg/detail/img_data__rosidl_typesupport_fastrtps_c.h
[6.535s] -- Installing: /home/javierfr/Tesis_ws/V1/install/interfaces/include/interfaces/msg/detail/motor_vels__rosidl_typesupport_fastrtps_c.h
[6.536s] -- Up-to-date: /home/javierfr/Tesis_ws/V1/install/interfaces/include/interfaces/msg/rosidl_typesupport_fastrtps_c__visibility_control.h
[6.536s] -- Installing: /home/javierfr/Tesis_ws/V1/install/interfaces/lib/libinterfaces__rosidl_typesupport_fastrtps_c.so
[6.536s] -- Set runtime path of "/home/javierfr/Tesis_ws/V1/install/interfaces/lib/libinterfaces__rosidl_typesupport_fastrtps_c.so" to ""
[6.536s] -- Up-to-date: /home/javierfr/Tesis_ws/V1/install/interfaces/include/interfaces
[6.536s] -- Up-to-date: /home/javierfr/Tesis_ws/V1/install/interfaces/include/interfaces/srv
[6.536s] -- Up-to-date: /home/javierfr/Tesis_ws/V1/install/interfaces/include/interfaces/srv/detail
[6.536s] -- Installing: /home/javierfr/Tesis_ws/V1/install/interfaces/include/interfaces/srv/detail/platform_vel__rosidl_typesupport_fastrtps_cpp.hpp
[6.536s] -- Up-to-date: /home/javierfr/Tesis_ws/V1/install/interfaces/include/interfaces/srv/detail/dds_fastrtps
[6.536s] -- Installing: /home/javierfr/Tesis_ws/V1/install/interfaces/include/interfaces/srv/detail/control_pid_start__rosidl_typesupport_fastrtps_cpp.hpp
[6.536s] -- Up-to-date: /home/javierfr/Tesis_ws/V1/install/interfaces/include/interfaces/msg
[6.536s] -- Up-to-date: /home/javierfr/Tesis_ws/V1/install/interfaces/include/interfaces/msg/rosidl_typesupport_fastrtps_cpp__visibility_control.h
[6.536s] -- Up-to-date: /home/javierfr/Tesis_ws/V1/install/interfaces/include/interfaces/msg/detail
[6.536s] -- Installing: /home/javierfr/Tesis_ws/V1/install/interfaces/include/interfaces/msg/detail/motor_vels__rosidl_typesupport_fastrtps_cpp.hpp
[6.537s] -- Installing: /home/javierfr/Tesis_ws/V1/install/interfaces/include/interfaces/msg/detail/plat_state__rosidl_typesupport_fastrtps_cpp.hpp
[6.537s] -- Up-to-date: /home/javierfr/Tesis_ws/V1/install/interfaces/include/interfaces/msg/detail/dds_fastrtps
[6.537s] -- Installing: /home/javierfr/Tesis_ws/V1/install/interfaces/include/interfaces/msg/detail/img_data__rosidl_typesupport_fastrtps_cpp.hpp
[6.537s] -- Installing: /home/javierfr/Tesis_ws/V1/install/interfaces/lib/libinterfaces__rosidl_typesupport_fastrtps_cpp.so
[6.537s] -- Set runtime path of "/home/javierfr/Tesis_ws/V1/install/interfaces/lib/libinterfaces__rosidl_typesupport_fastrtps_cpp.so" to ""
[6.537s] -- Up-to-date: /home/javierfr/Tesis_ws/V1/install/interfaces/include/interfaces
[6.537s] -- Up-to-date: /home/javierfr/Tesis_ws/V1/install/interfaces/include/interfaces/srv
[6.538s] -- Up-to-date: /home/javierfr/Tesis_ws/V1/install/interfaces/include/interfaces/srv/detail
[6.538s] -- Installing: /home/javierfr/Tesis_ws/V1/install/interfaces/include/interfaces/srv/detail/platform_vel__type_support.c
[6.538s] -- Installing: /home/javierfr/Tesis_ws/V1/install/interfaces/include/interfaces/srv/detail/platform_vel__rosidl_typesupport_introspection_c.h
[6.538s] -- Installing: /home/javierfr/Tesis_ws/V1/install/interfaces/include/interfaces/srv/detail/control_pid_start__type_support.c
[6.538s] -- Installing: /home/javierfr/Tesis_ws/V1/install/interfaces/include/interfaces/srv/detail/control_pid_start__rosidl_typesupport_introspection_c.h
[6.538s] -- Up-to-date: /home/javierfr/Tesis_ws/V1/install/interfaces/include/interfaces/msg
[6.538s] -- Up-to-date: /home/javierfr/Tesis_ws/V1/install/interfaces/include/interfaces/msg/detail
[6.538s] -- Installing: /home/javierfr/Tesis_ws/V1/install/interfaces/include/interfaces/msg/detail/motor_vels__rosidl_typesupport_introspection_c.h
[6.538s] -- Installing: /home/javierfr/Tesis_ws/V1/install/interfaces/include/interfaces/msg/detail/plat_state__type_support.c
[6.538s] -- Installing: /home/javierfr/Tesis_ws/V1/install/interfaces/include/interfaces/msg/detail/motor_vels__type_support.c
[6.538s] -- Installing: /home/javierfr/Tesis_ws/V1/install/interfaces/include/interfaces/msg/detail/plat_state__rosidl_typesupport_introspection_c.h
[6.538s] -- Installing: /home/javierfr/Tesis_ws/V1/install/interfaces/include/interfaces/msg/detail/img_data__rosidl_typesupport_introspection_c.h
[6.538s] -- Installing: /home/javierfr/Tesis_ws/V1/install/interfaces/include/interfaces/msg/detail/img_data__type_support.c
[6.538s] -- Up-to-date: /home/javierfr/Tesis_ws/V1/install/interfaces/include/interfaces/msg/rosidl_typesupport_introspection_c__visibility_control.h
[6.538s] -- Installing: /home/javierfr/Tesis_ws/V1/install/interfaces/lib/libinterfaces__rosidl_typesupport_introspection_c.so
[6.539s] -- Set runtime path of "/home/javierfr/Tesis_ws/V1/install/interfaces/lib/libinterfaces__rosidl_typesupport_introspection_c.so" to ""
[6.539s] -- Installing: /home/javierfr/Tesis_ws/V1/install/interfaces/lib/libinterfaces__rosidl_typesupport_c.so
[6.539s] -- Set runtime path of "/home/javierfr/Tesis_ws/V1/install/interfaces/lib/libinterfaces__rosidl_typesupport_c.so" to ""
[6.539s] -- Up-to-date: /home/javierfr/Tesis_ws/V1/install/interfaces/include/interfaces
[6.539s] -- Up-to-date: /home/javierfr/Tesis_ws/V1/install/interfaces/include/interfaces/srv
[6.539s] -- Up-to-date: /home/javierfr/Tesis_ws/V1/install/interfaces/include/interfaces/srv/detail
[6.539s] -- Installing: /home/javierfr/Tesis_ws/V1/install/interfaces/include/interfaces/srv/detail/platform_vel__builder.hpp
[6.539s] -- Installing: /home/javierfr/Tesis_ws/V1/install/interfaces/include/interfaces/srv/detail/platform_vel__struct.hpp
[6.539s] -- Installing: /home/javierfr/Tesis_ws/V1/install/interfaces/include/interfaces/srv/detail/control_pid_start__struct.hpp
[6.539s] -- Installing: /home/javierfr/Tesis_ws/V1/install/interfaces/include/interfaces/srv/detail/control_pid_start__builder.hpp
[6.539s] -- Installing: /home/javierfr/Tesis_ws/V1/install/interfaces/include/interfaces/srv/detail/control_pid_start__traits.hpp
[6.540s] -- Installing: /home/javierfr/Tesis_ws/V1/install/interfaces/include/interfaces/srv/detail/platform_vel__traits.hpp
[6.540s] -- Installing: /home/javierfr/Tesis_ws/V1/install/interfaces/include/interfaces/srv/control_pid_start.hpp
[6.540s] -- Installing: /home/javierfr/Tesis_ws/V1/install/interfaces/include/interfaces/srv/platform_vel.hpp
[6.540s] -- Up-to-date: /home/javierfr/Tesis_ws/V1/install/interfaces/include/interfaces/msg
[6.540s] -- Up-to-date: /home/javierfr/Tesis_ws/V1/install/interfaces/include/interfaces/msg/detail
[6.540s] -- Installing: /home/javierfr/Tesis_ws/V1/install/interfaces/include/interfaces/msg/detail/plat_state__traits.hpp
[6.540s] -- Installing: /home/javierfr/Tesis_ws/V1/install/interfaces/include/interfaces/msg/detail/img_data__builder.hpp
[6.540s] -- Installing: /home/javierfr/Tesis_ws/V1/install/interfaces/include/interfaces/msg/detail/plat_state__builder.hpp
[6.540s] -- Installing: /home/javierfr/Tesis_ws/V1/install/interfaces/include/interfaces/msg/detail/img_data__traits.hpp
[6.540s] -- Installing: /home/javierfr/Tesis_ws/V1/install/interfaces/include/interfaces/msg/detail/motor_vels__traits.hpp
[6.540s] -- Installing: /home/javierfr/Tesis_ws/V1/install/interfaces/include/interfaces/msg/detail/motor_vels__builder.hpp
[6.540s] -- Installing: /home/javierfr/Tesis_ws/V1/install/interfaces/include/interfaces/msg/detail/motor_vels__struct.hpp
[6.540s] -- Installing: /home/javierfr/Tesis_ws/V1/install/interfaces/include/interfaces/msg/detail/plat_state__struct.hpp
[6.540s] -- Installing: /home/javierfr/Tesis_ws/V1/install/interfaces/include/interfaces/msg/detail/img_data__struct.hpp
[6.540s] -- Installing: /home/javierfr/Tesis_ws/V1/install/interfaces/include/interfaces/msg/img_data.hpp
[6.540s] -- Installing: /home/javierfr/Tesis_ws/V1/install/interfaces/include/interfaces/msg/motor_vels.hpp
[6.541s] -- Installing: /home/javierfr/Tesis_ws/V1/install/interfaces/include/interfaces/msg/plat_state.hpp
[6.541s] -- Up-to-date: /home/javierfr/Tesis_ws/V1/install/interfaces/include/interfaces
[6.541s] -- Up-to-date: /home/javierfr/Tesis_ws/V1/install/interfaces/include/interfaces/srv
[6.541s] -- Up-to-date: /home/javierfr/Tesis_ws/V1/install/interfaces/include/interfaces/srv/detail
[6.541s] -- Installing: /home/javierfr/Tesis_ws/V1/install/interfaces/include/interfaces/srv/detail/platform_vel__rosidl_typesupport_introspection_cpp.hpp
[6.541s] -- Installing: /home/javierfr/Tesis_ws/V1/install/interfaces/include/interfaces/srv/detail/control_pid_start__type_support.cpp
[6.541s] -- Installing: /home/javierfr/Tesis_ws/V1/install/interfaces/include/interfaces/srv/detail/platform_vel__type_support.cpp
[6.541s] -- Installing: /home/javierfr/Tesis_ws/V1/install/interfaces/include/interfaces/srv/detail/control_pid_start__rosidl_typesupport_introspection_cpp.hpp
[6.541s] -- Up-to-date: /home/javierfr/Tesis_ws/V1/install/interfaces/include/interfaces/msg
[6.541s] -- Up-to-date: /home/javierfr/Tesis_ws/V1/install/interfaces/include/interfaces/msg/detail
[6.541s] -- Installing: /home/javierfr/Tesis_ws/V1/install/interfaces/include/interfaces/msg/detail/motor_vels__type_support.cpp
[6.541s] -- Installing: /home/javierfr/Tesis_ws/V1/install/interfaces/include/interfaces/msg/detail/motor_vels__rosidl_typesupport_introspection_cpp.hpp
[6.541s] -- Installing: /home/javierfr/Tesis_ws/V1/install/interfaces/include/interfaces/msg/detail/plat_state__type_support.cpp
[6.541s] -- Installing: /home/javierfr/Tesis_ws/V1/install/interfaces/include/interfaces/msg/detail/img_data__rosidl_typesupport_introspection_cpp.hpp
[6.541s] -- Installing: /home/javierfr/Tesis_ws/V1/install/interfaces/include/interfaces/msg/detail/plat_state__rosidl_typesupport_introspection_cpp.hpp
[6.542s] -- Installing: /home/javierfr/Tesis_ws/V1/install/interfaces/include/interfaces/msg/detail/img_data__type_support.cpp
[6.542s] -- Installing: /home/javierfr/Tesis_ws/V1/install/interfaces/lib/libinterfaces__rosidl_typesupport_introspection_cpp.so
[6.542s] -- Set runtime path of "/home/javierfr/Tesis_ws/V1/install/interfaces/lib/libinterfaces__rosidl_typesupport_introspection_cpp.so" to ""
[6.542s] -- Installing: /home/javierfr/Tesis_ws/V1/install/interfaces/lib/libinterfaces__rosidl_typesupport_cpp.so
[6.542s] -- Set runtime path of "/home/javierfr/Tesis_ws/V1/install/interfaces/lib/libinterfaces__rosidl_typesupport_cpp.so" to ""
[6.543s] -- Up-to-date: /home/javierfr/Tesis_ws/V1/install/interfaces/share/interfaces/environment/pythonpath.sh
[6.543s] -- Installing: /home/javierfr/Tesis_ws/V1/install/interfaces/share/interfaces/environment/pythonpath.dsv
[6.543s] -- Installing: /home/javierfr/Tesis_ws/V1/install/interfaces/lib/python3.8/site-packages/interfaces/__init__.py
[6.564s] Compiling '/home/javierfr/Tesis_ws/V1/install/interfaces/lib/python3.8/site-packages/interfaces/__init__.py'...
[6.567s] -- Up-to-date: /home/javierfr/Tesis_ws/V1/install/interfaces/lib/python3.8/site-packages/interfaces/srv
[6.567s] -- Installing: /home/javierfr/Tesis_ws/V1/install/interfaces/lib/python3.8/site-packages/interfaces/srv/__init__.py
[6.567s] -- Installing: /home/javierfr/Tesis_ws/V1/install/interfaces/lib/python3.8/site-packages/interfaces/srv/_platform_vel_s.c
[6.567s] -- Installing: /home/javierfr/Tesis_ws/V1/install/interfaces/lib/python3.8/site-packages/interfaces/srv/_control_pid_start_s.c
[6.567s] -- Installing: /home/javierfr/Tesis_ws/V1/install/interfaces/lib/python3.8/site-packages/interfaces/srv/_platform_vel.py
[6.567s] -- Installing: /home/javierfr/Tesis_ws/V1/install/interfaces/lib/python3.8/site-packages/interfaces/srv/_control_pid_start.py
[6.568s] -- Up-to-date: /home/javierfr/Tesis_ws/V1/install/interfaces/lib/python3.8/site-packages/interfaces/msg
[6.568s] -- Installing: /home/javierfr/Tesis_ws/V1/install/interfaces/lib/python3.8/site-packages/interfaces/msg/_img_data_s.c
[6.568s] -- Installing: /home/javierfr/Tesis_ws/V1/install/interfaces/lib/python3.8/site-packages/interfaces/msg/__init__.py
[6.568s] -- Installing: /home/javierfr/Tesis_ws/V1/install/interfaces/lib/python3.8/site-packages/interfaces/msg/_plat_state_s.c
[6.568s] -- Installing: /home/javierfr/Tesis_ws/V1/install/interfaces/lib/python3.8/site-packages/interfaces/msg/_img_data.py
[6.568s] -- Installing: /home/javierfr/Tesis_ws/V1/install/interfaces/lib/python3.8/site-packages/interfaces/msg/_motor_vels.py
[6.568s] -- Installing: /home/javierfr/Tesis_ws/V1/install/interfaces/lib/python3.8/site-packages/interfaces/msg/_motor_vels_s.c
[6.568s] -- Installing: /home/javierfr/Tesis_ws/V1/install/interfaces/lib/python3.8/site-packages/interfaces/msg/_plat_state.py
[6.568s] -- Installing: /home/javierfr/Tesis_ws/V1/install/interfaces/lib/python3.8/site-packages/interfaces/interfaces_s__rosidl_typesupport_fastrtps_c.cpython-38-x86_64-linux-gnu.so
[6.569s] -- Set runtime path of "/home/javierfr/Tesis_ws/V1/install/interfaces/lib/python3.8/site-packages/interfaces/interfaces_s__rosidl_typesupport_fastrtps_c.cpython-38-x86_64-linux-gnu.so" to ""
[6.569s] -- Installing: /home/javierfr/Tesis_ws/V1/install/interfaces/lib/python3.8/site-packages/interfaces/interfaces_s__rosidl_typesupport_introspection_c.cpython-38-x86_64-linux-gnu.so
[6.569s] -- Set runtime path of "/home/javierfr/Tesis_ws/V1/install/interfaces/lib/python3.8/site-packages/interfaces/interfaces_s__rosidl_typesupport_introspection_c.cpython-38-x86_64-linux-gnu.so" to ""
[6.570s] -- Installing: /home/javierfr/Tesis_ws/V1/install/interfaces/lib/python3.8/site-packages/interfaces/interfaces_s__rosidl_typesupport_c.cpython-38-x86_64-linux-gnu.so
[6.570s] -- Set runtime path of "/home/javierfr/Tesis_ws/V1/install/interfaces/lib/python3.8/site-packages/interfaces/interfaces_s__rosidl_typesupport_c.cpython-38-x86_64-linux-gnu.so" to ""
[6.570s] -- Installing: /home/javierfr/Tesis_ws/V1/install/interfaces/lib/libinterfaces__python.so
[6.571s] -- Set runtime path of "/home/javierfr/Tesis_ws/V1/install/interfaces/lib/libinterfaces__python.so" to ""
[6.571s] -- Up-to-date: /home/javierfr/Tesis_ws/V1/install/interfaces/share/interfaces/srv/PlatformVel.idl
[6.571s] -- Up-to-date: /home/javierfr/Tesis_ws/V1/install/interfaces/share/interfaces/msg/MotorVels.idl
[6.571s] -- Up-to-date: /home/javierfr/Tesis_ws/V1/install/interfaces/share/interfaces/msg/ImgData.idl
[6.571s] -- Up-to-date: /home/javierfr/Tesis_ws/V1/install/interfaces/share/interfaces/srv/ControlPidStart.idl
[6.571s] -- Installing: /home/javierfr/Tesis_ws/V1/install/interfaces/share/interfaces/msg/PlatState.idl
[6.571s] -- Up-to-date: /home/javierfr/Tesis_ws/V1/install/interfaces/share/interfaces/srv/PlatformVel.srv
[6.571s] -- Up-to-date: /home/javierfr/Tesis_ws/V1/install/interfaces/share/interfaces/srv/PlatformVel_Request.msg
[6.571s] -- Up-to-date: /home/javierfr/Tesis_ws/V1/install/interfaces/share/interfaces/srv/PlatformVel_Response.msg
[6.571s] -- Up-to-date: /home/javierfr/Tesis_ws/V1/install/interfaces/share/interfaces/msg/MotorVels.msg
[6.571s] -- Up-to-date: /home/javierfr/Tesis_ws/V1/install/interfaces/share/interfaces/msg/ImgData.msg
[6.572s] -- Up-to-date: /home/javierfr/Tesis_ws/V1/install/interfaces/share/interfaces/srv/ControlPidStart.srv
[6.572s] -- Up-to-date: /home/javierfr/Tesis_ws/V1/install/interfaces/share/interfaces/srv/ControlPidStart_Request.msg
[6.572s] -- Up-to-date: /home/javierfr/Tesis_ws/V1/install/interfaces/share/interfaces/srv/ControlPidStart_Response.msg
[6.572s] -- Installing: /home/javierfr/Tesis_ws/V1/install/interfaces/share/interfaces/msg/PlatState.msg
[6.572s] -- Up-to-date: /home/javierfr/Tesis_ws/V1/install/interfaces/share/ament_index/resource_index/package_run_dependencies/interfaces
[6.572s] -- Up-to-date: /home/javierfr/Tesis_ws/V1/install/interfaces/share/ament_index/resource_index/parent_prefix_path/interfaces
[6.572s] -- Up-to-date: /home/javierfr/Tesis_ws/V1/install/interfaces/share/interfaces/environment/ament_prefix_path.sh
[6.572s] -- Installing: /home/javierfr/Tesis_ws/V1/install/interfaces/share/interfaces/environment/ament_prefix_path.dsv
[6.572s] -- Up-to-date: /home/javierfr/Tesis_ws/V1/install/interfaces/share/interfaces/environment/path.sh
[6.572s] -- Installing: /home/javierfr/Tesis_ws/V1/install/interfaces/share/interfaces/environment/path.dsv
[6.572s] -- Up-to-date: /home/javierfr/Tesis_ws/V1/install/interfaces/share/interfaces/local_setup.bash
[6.572s] -- Up-to-date: /home/javierfr/Tesis_ws/V1/install/interfaces/share/interfaces/local_setup.sh
[6.572s] -- Up-to-date: /home/javierfr/Tesis_ws/V1/install/interfaces/share/interfaces/local_setup.zsh
[6.572s] -- Installing: /home/javierfr/Tesis_ws/V1/install/interfaces/share/interfaces/local_setup.dsv
[6.572s] -- Installing: /home/javierfr/Tesis_ws/V1/install/interfaces/share/interfaces/package.dsv
[6.572s] -- Up-to-date: /home/javierfr/Tesis_ws/V1/install/interfaces/share/ament_index/resource_index/packages/interfaces
[6.572s] -- Up-to-date: /home/javierfr/Tesis_ws/V1/install/interfaces/share/interfaces/cmake/interfaces__rosidl_generator_cExport.cmake
[6.573s] -- Installing: /home/javierfr/Tesis_ws/V1/install/interfaces/share/interfaces/cmake/interfaces__rosidl_generator_cExport-noconfig.cmake
[6.573s] -- Up-to-date: /home/javierfr/Tesis_ws/V1/install/interfaces/share/interfaces/cmake/interfaces__rosidl_typesupport_introspection_cExport.cmake
[6.573s] -- Installing: /home/javierfr/Tesis_ws/V1/install/interfaces/share/interfaces/cmake/interfaces__rosidl_typesupport_introspection_cExport-noconfig.cmake
[6.573s] -- Up-to-date: /home/javierfr/Tesis_ws/V1/install/interfaces/share/interfaces/cmake/interfaces__rosidl_typesupport_cExport.cmake
[6.573s] -- Installing: /home/javierfr/Tesis_ws/V1/install/interfaces/share/interfaces/cmake/interfaces__rosidl_typesupport_cExport-noconfig.cmake
[6.573s] -- Up-to-date: /home/javierfr/Tesis_ws/V1/install/interfaces/share/interfaces/cmake/interfaces__rosidl_generator_cppExport.cmake
[6.573s] -- Up-to-date: /home/javierfr/Tesis_ws/V1/install/interfaces/share/interfaces/cmake/interfaces__rosidl_typesupport_introspection_cppExport.cmake
[6.573s] -- Installing: /home/javierfr/Tesis_ws/V1/install/interfaces/share/interfaces/cmake/interfaces__rosidl_typesupport_introspection_cppExport-noconfig.cmake
[6.573s] -- Up-to-date: /home/javierfr/Tesis_ws/V1/install/interfaces/share/interfaces/cmake/interfaces__rosidl_typesupport_cppExport.cmake
[6.573s] -- Installing: /home/javierfr/Tesis_ws/V1/install/interfaces/share/interfaces/cmake/interfaces__rosidl_typesupport_cppExport-noconfig.cmake
[6.573s] -- Installing: /home/javierfr/Tesis_ws/V1/install/interfaces/share/interfaces/cmake/rosidl_cmake-extras.cmake
[6.573s] -- Up-to-date: /home/javierfr/Tesis_ws/V1/install/interfaces/share/interfaces/cmake/ament_cmake_export_dependencies-extras.cmake
[6.573s] -- Up-to-date: /home/javierfr/Tesis_ws/V1/install/interfaces/share/interfaces/cmake/ament_cmake_export_libraries-extras.cmake
[6.573s] -- Up-to-date: /home/javierfr/Tesis_ws/V1/install/interfaces/share/interfaces/cmake/ament_cmake_export_targets-extras.cmake
[6.574s] -- Up-to-date: /home/javierfr/Tesis_ws/V1/install/interfaces/share/interfaces/cmake/ament_cmake_export_include_directories-extras.cmake
[6.574s] -- Up-to-date: /home/javierfr/Tesis_ws/V1/install/interfaces/share/interfaces/cmake/rosidl_cmake_export_typesupport_libraries-extras.cmake
[6.574s] -- Up-to-date: /home/javierfr/Tesis_ws/V1/install/interfaces/share/interfaces/cmake/rosidl_cmake_export_typesupport_targets-extras.cmake
[6.574s] -- Up-to-date: /home/javierfr/Tesis_ws/V1/install/interfaces/share/interfaces/cmake/interfacesConfig.cmake
[6.574s] -- Up-to-date: /home/javierfr/Tesis_ws/V1/install/interfaces/share/interfaces/cmake/interfacesConfig-version.cmake
[6.574s] -- Up-to-date: /home/javierfr/Tesis_ws/V1/install/interfaces/share/interfaces/package.xml
[6.576s] Invoked command in '/home/javierfr/Tesis_ws/V1/build/interfaces' returned '0': CMAKE_PREFIX_PATH=/opt/ros/foxy /usr/bin/cmake --install /home/javierfr/Tesis_ws/V1/build/interfaces
