[0.053s] Invoking command in '/home/javierfr/Robotics_Cyber_Physical_LAB/build/inv_kinematics_pkg': CMAKE_PREFIX_PATH=/home/javierfr/Robotics_Cyber_Physical_LAB/install/interfaces:/home/javierfr/Robotics_Cyber_Physical_LAB/install/inv_kinematics_pkg:/home/javierfr/Robotics_Cyber_Physical_LAB/install/control_pkg:/home/javierfr/Robotics_Cyber_Physical_LAB/install/img_proc_pkg:/home/javierfr/Robotics_Cyber_Physical_LAB/install/gazebo_plugin_sim:/opt/ros/foxy /usr/bin/cmake --build /home/javierfr/Robotics_Cyber_Physical_LAB/build/inv_kinematics_pkg -- -j8 -l8
[0.230s] [ 16%] Built target platform1_vel_server
[0.247s] [ 33%] Built target robot2_vel_server
[0.250s] [ 50%] Built target robot1_vel_server
[0.257s] [ 66%] Built target platform2_vel_test_client
[0.263s] [ 83%] Built target platform2_vel_server
[0.292s] [100%] Built target platform1_vel_test_client
[0.314s] Invoked command in '/home/javierfr/Robotics_Cyber_Physical_LAB/build/inv_kinematics_pkg' returned '0': CMAKE_PREFIX_PATH=/home/javierfr/Robotics_Cyber_Physical_LAB/install/interfaces:/home/javierfr/Robotics_Cyber_Physical_LAB/install/inv_kinematics_pkg:/home/javierfr/Robotics_Cyber_Physical_LAB/install/control_pkg:/home/javierfr/Robotics_Cyber_Physical_LAB/install/img_proc_pkg:/home/javierfr/Robotics_Cyber_Physical_LAB/install/gazebo_plugin_sim:/opt/ros/foxy /usr/bin/cmake --build /home/javierfr/Robotics_Cyber_Physical_LAB/build/inv_kinematics_pkg -- -j8 -l8
[0.392s] Invoking command in '/home/javierfr/Robotics_Cyber_Physical_LAB/build/inv_kinematics_pkg': CMAKE_PREFIX_PATH=/home/javierfr/Robotics_Cyber_Physical_LAB/install/interfaces:/home/javierfr/Robotics_Cyber_Physical_LAB/install/inv_kinematics_pkg:/home/javierfr/Robotics_Cyber_Physical_LAB/install/control_pkg:/home/javierfr/Robotics_Cyber_Physical_LAB/install/img_proc_pkg:/home/javierfr/Robotics_Cyber_Physical_LAB/install/gazebo_plugin_sim:/opt/ros/foxy /usr/bin/cmake --install /home/javierfr/Robotics_Cyber_Physical_LAB/build/inv_kinematics_pkg
[0.397s] -- Install configuration: ""
[0.397s] -- Up-to-date: /home/javierfr/Robotics_Cyber_Physical_LAB/install/inv_kinematics_pkg/lib/inv_kinematics_pkg/platform1_vel_server
[0.398s] -- Up-to-date: /home/javierfr/Robotics_Cyber_Physical_LAB/install/inv_kinematics_pkg/lib/inv_kinematics_pkg/platform1_vel_test_client
[0.398s] -- Up-to-date: /home/javierfr/Robotics_Cyber_Physical_LAB/install/inv_kinematics_pkg/lib/inv_kinematics_pkg/platform2_vel_server
[0.398s] -- Up-to-date: /home/javierfr/Robotics_Cyber_Physical_LAB/install/inv_kinematics_pkg/lib/inv_kinematics_pkg/platform2_vel_test_client
[0.399s] -- Up-to-date: /home/javierfr/Robotics_Cyber_Physical_LAB/install/inv_kinematics_pkg/lib/inv_kinematics_pkg/robot1_vel_server
[0.400s] -- Up-to-date: /home/javierfr/Robotics_Cyber_Physical_LAB/install/inv_kinematics_pkg/lib/inv_kinematics_pkg/robot2_vel_server
[0.403s] -- Up-to-date: /home/javierfr/Robotics_Cyber_Physical_LAB/install/inv_kinematics_pkg/share/ament_index/resource_index/package_run_dependencies/inv_kinematics_pkg
[0.404s] -- Up-to-date: /home/javierfr/Robotics_Cyber_Physical_LAB/install/inv_kinematics_pkg/share/ament_index/resource_index/parent_prefix_path/inv_kinematics_pkg
[0.406s] -- Up-to-date: /home/javierfr/Robotics_Cyber_Physical_LAB/install/inv_kinematics_pkg/share/inv_kinematics_pkg/environment/ament_prefix_path.sh
[0.411s] -- Up-to-date: /home/javierfr/Robotics_Cyber_Physical_LAB/install/inv_kinematics_pkg/share/inv_kinematics_pkg/environment/ament_prefix_path.dsv
[0.412s] -- Up-to-date: /home/javierfr/Robotics_Cyber_Physical_LAB/install/inv_kinematics_pkg/share/inv_kinematics_pkg/environment/path.sh
[0.413s] -- Up-to-date: /home/javierfr/Robotics_Cyber_Physical_LAB/install/inv_kinematics_pkg/share/inv_kinematics_pkg/environment/path.dsv
[0.413s] -- Up-to-date: /home/javierfr/Robotics_Cyber_Physical_LAB/install/inv_kinematics_pkg/share/inv_kinematics_pkg/local_setup.bash
[0.413s] -- Up-to-date: /home/javierfr/Robotics_Cyber_Physical_LAB/install/inv_kinematics_pkg/share/inv_kinematics_pkg/local_setup.sh
[0.414s] -- Up-to-date: /home/javierfr/Robotics_Cyber_Physical_LAB/install/inv_kinematics_pkg/share/inv_kinematics_pkg/local_setup.zsh
[0.414s] -- Up-to-date: /home/javierfr/Robotics_Cyber_Physical_LAB/install/inv_kinematics_pkg/share/inv_kinematics_pkg/local_setup.dsv
[0.414s] -- Installing: /home/javierfr/Robotics_Cyber_Physical_LAB/install/inv_kinematics_pkg/share/inv_kinematics_pkg/package.dsv
[0.415s] -- Up-to-date: /home/javierfr/Robotics_Cyber_Physical_LAB/install/inv_kinematics_pkg/share/ament_index/resource_index/packages/inv_kinematics_pkg
[0.415s] -- Up-to-date: /home/javierfr/Robotics_Cyber_Physical_LAB/install/inv_kinematics_pkg/share/inv_kinematics_pkg/cmake/inv_kinematics_pkgConfig.cmake
[0.415s] -- Up-to-date: /home/javierfr/Robotics_Cyber_Physical_LAB/install/inv_kinematics_pkg/share/inv_kinematics_pkg/cmake/inv_kinematics_pkgConfig-version.cmake
[0.416s] -- Up-to-date: /home/javierfr/Robotics_Cyber_Physical_LAB/install/inv_kinematics_pkg/share/inv_kinematics_pkg/package.xml
[0.431s] Invoked command in '/home/javierfr/Robotics_Cyber_Physical_LAB/build/inv_kinematics_pkg' returned '0': CMAKE_PREFIX_PATH=/home/javierfr/Robotics_Cyber_Physical_LAB/install/interfaces:/home/javierfr/Robotics_Cyber_Physical_LAB/install/inv_kinematics_pkg:/home/javierfr/Robotics_Cyber_Physical_LAB/install/control_pkg:/home/javierfr/Robotics_Cyber_Physical_LAB/install/img_proc_pkg:/home/javierfr/Robotics_Cyber_Physical_LAB/install/gazebo_plugin_sim:/opt/ros/foxy /usr/bin/cmake --install /home/javierfr/Robotics_Cyber_Physical_LAB/build/inv_kinematics_pkg
