[0.029s] Invoking command in '/home/javierfr/Robotics_Cyber_Physical_LAB/build/img_proc_pkg': CMAKE_PREFIX_PATH=${CMAKE_PREFIX_PATH}:/opt/ros/foxy /usr/bin/cmake /home/javierfr/Robotics_Cyber_Physical_LAB/src/img_proc_pkg -DCMAKE_INSTALL_PREFIX=/home/javierfr/Robotics_Cyber_Physical_LAB/install/img_proc_pkg
[0.043s] -- Found ament_cmake: 0.9.9 (/opt/ros/foxy/share/ament_cmake/cmake)
[0.068s] -- Using PYTHON_EXECUTABLE: /usr/bin/python3
[0.327s] -- Found sensor_msgs: 2.0.5 (/opt/ros/foxy/share/sensor_msgs/cmake)
[0.350s] -- Using all available rosidl_typesupport_c: rosidl_typesupport_fastrtps_c;rosidl_typesupport_introspection_c
[0.354s] -- Found rosidl_adapter: 1.2.1 (/opt/ros/foxy/share/rosidl_adapter/cmake)
[0.499s] -- Using all available rosidl_typesupport_cpp: rosidl_typesupport_fastrtps_cpp;rosidl_typesupport_introspection_cpp
[0.680s] -- Found rclcpp: 2.4.1 (/opt/ros/foxy/share/rclcpp/cmake)
[0.722s] -- Found rmw_implementation_cmake: 1.0.3 (/opt/ros/foxy/share/rmw_implementation_cmake/cmake)
[0.728s] -- Using RMW implementation 'rmw_fastrtps_cpp' as default
[0.942s] -- Found image_transport: 2.3.0 (/opt/ros/foxy/share/image_transport/cmake)
[1.007s] -- Found cv_bridge: 2.2.1 (/opt/ros/foxy/share/cv_bridge/cmake)
[1.014s] -- Found interfaces: 0.0.0 (/home/javierfr/Robotics_Cyber_Physical_LAB/install/interfaces/share/interfaces/cmake)
[1.189s] -- Configuring done
[1.241s] -- Generating done
[1.243s] -- Build files have been written to: /home/javierfr/Robotics_Cyber_Physical_LAB/build/img_proc_pkg
[1.256s] Invoked command in '/home/javierfr/Robotics_Cyber_Physical_LAB/build/img_proc_pkg' returned '0': CMAKE_PREFIX_PATH=${CMAKE_PREFIX_PATH}:/opt/ros/foxy /usr/bin/cmake /home/javierfr/Robotics_Cyber_Physical_LAB/src/img_proc_pkg -DCMAKE_INSTALL_PREFIX=/home/javierfr/Robotics_Cyber_Physical_LAB/install/img_proc_pkg
[1.258s] Invoking command in '/home/javierfr/Robotics_Cyber_Physical_LAB/build/img_proc_pkg': CMAKE_PREFIX_PATH=${CMAKE_PREFIX_PATH}:/opt/ros/foxy /usr/bin/cmake --build /home/javierfr/Robotics_Cyber_Physical_LAB/build/img_proc_pkg -- -j8 -l8
[1.328s] [35m[1mScanning dependencies of target img_proc_id_node[0m
[1.328s] [35m[1mScanning dependencies of target img_proc_node[0m
[1.343s] [35m[1mScanning dependencies of target img_publ_test_node[0m
[1.344s] [35m[1mScanning dependencies of target img_subs_test_node[0m
[1.479s] [ 12%] [32mBuilding CXX object CMakeFiles/img_proc_node.dir/src/img_proc_node.cpp.o[0m
[1.529s] [ 25%] [32mBuilding CXX object CMakeFiles/img_publ_test_node.dir/src/img_publ_test_node.cpp.o[0m
[1.533s] [ 37%] [32mBuilding CXX object CMakeFiles/img_proc_id_node.dir/src/img_proc_id_node.cpp.o[0m
[1.558s] [ 50%] [32mBuilding CXX object CMakeFiles/img_subs_test_node.dir/src/img_subs_test_node.cpp.o[0m
[3.128s] [ 62%] [32m[1mLinking CXX executable img_proc_node[0m
[4.153s] [ 62%] Built target img_proc_node
[4.882s] [01m[K/home/javierfr/Robotics_Cyber_Physical_LAB/src/img_proc_pkg/src/img_proc_id_node.cpp:[m[K In member function ‘[01m[Kvoid Img_Proc_Id_Node::topic_callback(sensor_msgs::msg::Image_<std::allocator<void> >::SharedPtr) const[m[K’:
[4.882s] [01m[K/home/javierfr/Robotics_Cyber_Physical_LAB/src/img_proc_pkg/src/img_proc_id_node.cpp:130:22:[m[K [01;35m[Kwarning: [m[Kcomparison of integer expressions of different signedness: ‘[01m[Kint[m[K’ and ‘[01m[Kstd::vector<std::vector<cv::Point_<int> > >::size_type[m[K’ {aka ‘[01m[Klong unsigned int[m[K’} [[01;35m[K-Wsign-compare[m[K]
[4.882s]   130 |       for (int i=0; [01;35m[Ki<red_contours.size()[m[K; i++)
[4.883s]       |                     [01;35m[K~^~~~~~~~~~~~~~~~~~~~[m[K
[4.887s] [01m[K/home/javierfr/Robotics_Cyber_Physical_LAB/src/img_proc_pkg/src/img_proc_id_node.cpp:163:26:[m[K [01;35m[Kwarning: [m[Kcomparison of integer expressions of different signedness: ‘[01m[Kint[m[K’ and ‘[01m[Kstd::vector<std::vector<cv::Point_<int> > >::size_type[m[K’ {aka ‘[01m[Klong unsigned int[m[K’} [[01;35m[K-Wsign-compare[m[K]
[4.888s]   163 |         for (int ii=1; [01;35m[Kii<red_subcontours.size()[m[K; ii++)
[4.888s]       |                        [01;35m[K~~^~~~~~~~~~~~~~~~~~~~~~~[m[K
[4.892s] [01m[K/home/javierfr/Robotics_Cyber_Physical_LAB/src/img_proc_pkg/src/img_proc_id_node.cpp:257:22:[m[K [01;35m[Kwarning: [m[Kcomparison of integer expressions of different signedness: ‘[01m[Kint[m[K’ and ‘[01m[Kstd::vector<std::vector<cv::Point_<int> > >::size_type[m[K’ {aka ‘[01m[Klong unsigned int[m[K’} [[01;35m[K-Wsign-compare[m[K]
[4.892s]   257 |       for (int i=0; [01;35m[Ki<blue_contours.size()[m[K; i++)
[4.893s]       |                     [01;35m[K~^~~~~~~~~~~~~~~~~~~~~[m[K
[4.894s] [01m[K/home/javierfr/Robotics_Cyber_Physical_LAB/src/img_proc_pkg/src/img_proc_id_node.cpp:290:26:[m[K [01;35m[Kwarning: [m[Kcomparison of integer expressions of different signedness: ‘[01m[Kint[m[K’ and ‘[01m[Kstd::vector<std::vector<cv::Point_<int> > >::size_type[m[K’ {aka ‘[01m[Klong unsigned int[m[K’} [[01;35m[K-Wsign-compare[m[K]
[4.894s]   290 |         for (int ii=1; [01;35m[Kii<blue_subcontours.size()[m[K; ii++)
[4.894s]       |                        [01;35m[K~~^~~~~~~~~~~~~~~~~~~~~~~~[m[K
[4.899s] [01m[K/home/javierfr/Robotics_Cyber_Physical_LAB/src/img_proc_pkg/src/img_proc_id_node.cpp:385:22:[m[K [01;35m[Kwarning: [m[Kcomparison of integer expressions of different signedness: ‘[01m[Kint[m[K’ and ‘[01m[Kstd::vector<std::vector<cv::Point_<int> > >::size_type[m[K’ {aka ‘[01m[Klong unsigned int[m[K’} [[01;35m[K-Wsign-compare[m[K]
[4.899s]   385 |       for (int i=0; [01;35m[Ki<green_contours.size()[m[K; i++)
[4.899s]       |                     [01;35m[K~^~~~~~~~~~~~~~~~~~~~~~[m[K
[4.901s] [01m[K/home/javierfr/Robotics_Cyber_Physical_LAB/src/img_proc_pkg/src/img_proc_id_node.cpp:417:26:[m[K [01;35m[Kwarning: [m[Kcomparison of integer expressions of different signedness: ‘[01m[Kint[m[K’ and ‘[01m[Kstd::vector<std::vector<cv::Point_<int> > >::size_type[m[K’ {aka ‘[01m[Klong unsigned int[m[K’} [[01;35m[K-Wsign-compare[m[K]
[4.902s]   417 |         for (int ii=1; [01;35m[Kii<green_subcontours.size()[m[K; ii++)
[4.902s]       |                        [01;35m[K~~^~~~~~~~~~~~~~~~~~~~~~~~~[m[K
[10.660s] [ 75%] [32m[1mLinking CXX executable img_publ_test_node[0m
[12.015s] [ 75%] Built target img_publ_test_node
[14.726s] [ 87%] [32m[1mLinking CXX executable img_subs_test_node[0m
[16.830s] [ 87%] Built target img_subs_test_node
[18.970s] [100%] [32m[1mLinking CXX executable img_proc_id_node[0m
[20.618s] [100%] Built target img_proc_id_node
[20.666s] Invoked command in '/home/javierfr/Robotics_Cyber_Physical_LAB/build/img_proc_pkg' returned '0': CMAKE_PREFIX_PATH=${CMAKE_PREFIX_PATH}:/opt/ros/foxy /usr/bin/cmake --build /home/javierfr/Robotics_Cyber_Physical_LAB/build/img_proc_pkg -- -j8 -l8
[21.164s] Invoking command in '/home/javierfr/Robotics_Cyber_Physical_LAB/build/img_proc_pkg': CMAKE_PREFIX_PATH=${CMAKE_PREFIX_PATH}:/opt/ros/foxy /usr/bin/cmake --install /home/javierfr/Robotics_Cyber_Physical_LAB/build/img_proc_pkg
[21.200s] -- Install configuration: ""
[21.200s] -- Installing: /home/javierfr/Robotics_Cyber_Physical_LAB/install/img_proc_pkg/lib/img_proc_pkg/img_proc_node
[21.200s] -- Set runtime path of "/home/javierfr/Robotics_Cyber_Physical_LAB/install/img_proc_pkg/lib/img_proc_pkg/img_proc_node" to ""
[21.201s] -- Installing: /home/javierfr/Robotics_Cyber_Physical_LAB/install/img_proc_pkg/lib/img_proc_pkg/img_publ_test_node
[21.202s] -- Set runtime path of "/home/javierfr/Robotics_Cyber_Physical_LAB/install/img_proc_pkg/lib/img_proc_pkg/img_publ_test_node" to ""
[21.202s] -- Installing: /home/javierfr/Robotics_Cyber_Physical_LAB/install/img_proc_pkg/lib/img_proc_pkg/img_subs_test_node
[21.213s] -- Set runtime path of "/home/javierfr/Robotics_Cyber_Physical_LAB/install/img_proc_pkg/lib/img_proc_pkg/img_subs_test_node" to ""
[21.214s] -- Installing: /home/javierfr/Robotics_Cyber_Physical_LAB/install/img_proc_pkg/lib/img_proc_pkg/img_proc_id_node
[21.216s] -- Set runtime path of "/home/javierfr/Robotics_Cyber_Physical_LAB/install/img_proc_pkg/lib/img_proc_pkg/img_proc_id_node" to ""
[21.221s] -- Installing: /home/javierfr/Robotics_Cyber_Physical_LAB/install/img_proc_pkg/share/ament_index/resource_index/package_run_dependencies/img_proc_pkg
[21.221s] -- Installing: /home/javierfr/Robotics_Cyber_Physical_LAB/install/img_proc_pkg/share/ament_index/resource_index/parent_prefix_path/img_proc_pkg
[21.225s] -- Installing: /home/javierfr/Robotics_Cyber_Physical_LAB/install/img_proc_pkg/share/img_proc_pkg/environment/ament_prefix_path.sh
[21.225s] -- Installing: /home/javierfr/Robotics_Cyber_Physical_LAB/install/img_proc_pkg/share/img_proc_pkg/environment/ament_prefix_path.dsv
[21.225s] -- Installing: /home/javierfr/Robotics_Cyber_Physical_LAB/install/img_proc_pkg/share/img_proc_pkg/environment/path.sh
[21.226s] -- Installing: /home/javierfr/Robotics_Cyber_Physical_LAB/install/img_proc_pkg/share/img_proc_pkg/environment/path.dsv
[21.226s] -- Installing: /home/javierfr/Robotics_Cyber_Physical_LAB/install/img_proc_pkg/share/img_proc_pkg/local_setup.bash
[21.226s] -- Installing: /home/javierfr/Robotics_Cyber_Physical_LAB/install/img_proc_pkg/share/img_proc_pkg/local_setup.sh
[21.227s] -- Installing: /home/javierfr/Robotics_Cyber_Physical_LAB/install/img_proc_pkg/share/img_proc_pkg/local_setup.zsh
[21.227s] -- Installing: /home/javierfr/Robotics_Cyber_Physical_LAB/install/img_proc_pkg/share/img_proc_pkg/local_setup.dsv
[21.228s] -- Installing: /home/javierfr/Robotics_Cyber_Physical_LAB/install/img_proc_pkg/share/img_proc_pkg/package.dsv
[21.228s] -- Installing: /home/javierfr/Robotics_Cyber_Physical_LAB/install/img_proc_pkg/share/ament_index/resource_index/packages/img_proc_pkg
[21.233s] -- Installing: /home/javierfr/Robotics_Cyber_Physical_LAB/install/img_proc_pkg/share/img_proc_pkg/cmake/img_proc_pkgConfig.cmake
[21.233s] -- Installing: /home/javierfr/Robotics_Cyber_Physical_LAB/install/img_proc_pkg/share/img_proc_pkg/cmake/img_proc_pkgConfig-version.cmake
[21.234s] -- Installing: /home/javierfr/Robotics_Cyber_Physical_LAB/install/img_proc_pkg/share/img_proc_pkg/package.xml
[21.241s] Invoked command in '/home/javierfr/Robotics_Cyber_Physical_LAB/build/img_proc_pkg' returned '0': CMAKE_PREFIX_PATH=${CMAKE_PREFIX_PATH}:/opt/ros/foxy /usr/bin/cmake --install /home/javierfr/Robotics_Cyber_Physical_LAB/build/img_proc_pkg
