[01m[K/home/javierfr/Tesis_ws/V1/src/img_proc_pkg/src/img_proc_qr_detector.cpp:[m[K In member function ‘[01m[Kvoid Img_Proc_Qr_Detector::topic_callback(sensor_msgs::msg::Image_<std::allocator<void> >::SharedPtr) const[m[K’:
[01m[K/home/javierfr/Tesis_ws/V1/src/img_proc_pkg/src/img_proc_qr_detector.cpp:61:27:[m[K [01;31m[Kerror: [m[K‘[01m[KVHmin[m[K’ was not declared in this scope
   61 |         int VLower[3] = { [01;31m[KVHmin[m[K, VSmin, VVmin };
      |                           [01;31m[K^~~~~[m[K
[01m[K/home/javierfr/Tesis_ws/V1/src/img_proc_pkg/src/img_proc_qr_detector.cpp:61:34:[m[K [01;31m[Kerror: [m[K‘[01m[KVSmin[m[K’ was not declared in this scope
   61 |         int VLower[3] = { VHmin, [01;31m[KVSmin[m[K, VVmin };
      |                                  [01;31m[K^~~~~[m[K
[01m[K/home/javierfr/Tesis_ws/V1/src/img_proc_pkg/src/img_proc_qr_detector.cpp:61:41:[m[K [01;31m[Kerror: [m[K‘[01m[KVVmin[m[K’ was not declared in this scope
   61 |         int VLower[3] = { VHmin, VSmin, [01;31m[KVVmin[m[K };
      |                                         [01;31m[K^~~~~[m[K
[01m[K/home/javierfr/Tesis_ws/V1/src/img_proc_pkg/src/img_proc_qr_detector.cpp:62:27:[m[K [01;31m[Kerror: [m[K‘[01m[KVHmax[m[K’ was not declared in this scope
   62 |         int VUpper[3] = { [01;31m[KVHmax[m[K, VSmax, VVmax };
      |                           [01;31m[K^~~~~[m[K
[01m[K/home/javierfr/Tesis_ws/V1/src/img_proc_pkg/src/img_proc_qr_detector.cpp:62:34:[m[K [01;31m[Kerror: [m[K‘[01m[KVSmax[m[K’ was not declared in this scope
   62 |         int VUpper[3] = { VHmax, [01;31m[KVSmax[m[K, VVmax };
      |                                  [01;31m[K^~~~~[m[K
[01m[K/home/javierfr/Tesis_ws/V1/src/img_proc_pkg/src/img_proc_qr_detector.cpp:62:41:[m[K [01;31m[Kerror: [m[K‘[01m[KVVmax[m[K’ was not declared in this scope
   62 |         int VUpper[3] = { VHmax, VSmax, [01;31m[KVVmax[m[K };
      |                                         [01;31m[K^~~~~[m[K
[01m[K/home/javierfr/Tesis_ws/V1/src/img_proc_pkg/src/img_proc_qr_detector.cpp:75:27:[m[K [01;31m[Kerror: [m[K‘[01m[KNHmin[m[K’ was not declared in this scope
   75 |         int NLower[3] = { [01;31m[KNHmin[m[K, NSmin, NVmin };
      |                           [01;31m[K^~~~~[m[K
[01m[K/home/javierfr/Tesis_ws/V1/src/img_proc_pkg/src/img_proc_qr_detector.cpp:75:34:[m[K [01;31m[Kerror: [m[K‘[01m[KNSmin[m[K’ was not declared in this scope
   75 |         int NLower[3] = { NHmin, [01;31m[KNSmin[m[K, NVmin };
      |                                  [01;31m[K^~~~~[m[K
[01m[K/home/javierfr/Tesis_ws/V1/src/img_proc_pkg/src/img_proc_qr_detector.cpp:75:41:[m[K [01;31m[Kerror: [m[K‘[01m[KNVmin[m[K’ was not declared in this scope
   75 |         int NLower[3] = { NHmin, NSmin, [01;31m[KNVmin[m[K };
      |                                         [01;31m[K^~~~~[m[K
[01m[K/home/javierfr/Tesis_ws/V1/src/img_proc_pkg/src/img_proc_qr_detector.cpp:76:27:[m[K [01;31m[Kerror: [m[K‘[01m[KNHmax[m[K’ was not declared in this scope
   76 |         int NUpper[3] = { [01;31m[KNHmax[m[K, NSmax, NVmax };
      |                           [01;31m[K^~~~~[m[K
[01m[K/home/javierfr/Tesis_ws/V1/src/img_proc_pkg/src/img_proc_qr_detector.cpp:76:34:[m[K [01;31m[Kerror: [m[K‘[01m[KNSmax[m[K’ was not declared in this scope
   76 |         int NUpper[3] = { NHmax, [01;31m[KNSmax[m[K, NVmax };
      |                                  [01;31m[K^~~~~[m[K
[01m[K/home/javierfr/Tesis_ws/V1/src/img_proc_pkg/src/img_proc_qr_detector.cpp:76:41:[m[K [01;31m[Kerror: [m[K‘[01m[KNVmax[m[K’ was not declared in this scope
   76 |         int NUpper[3] = { NHmax, NSmax, [01;31m[KNVmax[m[K };
      |                                         [01;31m[K^~~~~[m[K
[01m[K/home/javierfr/Tesis_ws/V1/src/img_proc_pkg/src/img_proc_qr_detector.cpp:89:27:[m[K [01;31m[Kerror: [m[K‘[01m[KAHmin[m[K’ was not declared in this scope
   89 |         int ALower[3] = { [01;31m[KAHmin[m[K, ASmin, AVmin };
      |                           [01;31m[K^~~~~[m[K
[01m[K/home/javierfr/Tesis_ws/V1/src/img_proc_pkg/src/img_proc_qr_detector.cpp:89:34:[m[K [01;31m[Kerror: [m[K‘[01m[KASmin[m[K’ was not declared in this scope
   89 |         int ALower[3] = { AHmin, [01;31m[KASmin[m[K, AVmin };
      |                                  [01;31m[K^~~~~[m[K
[01m[K/home/javierfr/Tesis_ws/V1/src/img_proc_pkg/src/img_proc_qr_detector.cpp:89:41:[m[K [01;31m[Kerror: [m[K‘[01m[KAVmin[m[K’ was not declared in this scope
   89 |         int ALower[3] = { AHmin, ASmin, [01;31m[KAVmin[m[K };
      |                                         [01;31m[K^~~~~[m[K
[01m[K/home/javierfr/Tesis_ws/V1/src/img_proc_pkg/src/img_proc_qr_detector.cpp:90:27:[m[K [01;31m[Kerror: [m[K‘[01m[KAHmax[m[K’ was not declared in this scope
   90 |         int AUpper[3] = { [01;31m[KAHmax[m[K, ASmax, AVmax };
      |                           [01;31m[K^~~~~[m[K
[01m[K/home/javierfr/Tesis_ws/V1/src/img_proc_pkg/src/img_proc_qr_detector.cpp:90:34:[m[K [01;31m[Kerror: [m[K‘[01m[KASmax[m[K’ was not declared in this scope
   90 |         int AUpper[3] = { AHmax, [01;31m[KASmax[m[K, AVmax };
      |                                  [01;31m[K^~~~~[m[K
[01m[K/home/javierfr/Tesis_ws/V1/src/img_proc_pkg/src/img_proc_qr_detector.cpp:90:41:[m[K [01;31m[Kerror: [m[K‘[01m[KAVmax[m[K’ was not declared in this scope
   90 |         int AUpper[3] = { AHmax, ASmax, [01;31m[KAVmax[m[K };
      |                                         [01;31m[K^~~~~[m[K
[01m[K/home/javierfr/Tesis_ws/V1/src/img_proc_pkg/src/img_proc_qr_detector.cpp:106:32:[m[K [01;31m[Kerror: [m[K‘[01m[Kimage1[m[K’ was not declared in this scope
  106 |    cv::imshow("Display Image", [01;31m[Kimage1[m[K);
      |                                [01;31m[K^~~~~~[m[K
[01m[K/home/javierfr/Tesis_ws/V1/src/img_proc_pkg/src/img_proc_qr_detector.cpp:61:13:[m[K [01;35m[Kwarning: [m[Kunused variable ‘[01m[KVLower[m[K’ [[01;35m[K-Wunused-variable[m[K]
   61 |         int [01;35m[KVLower[m[K[3] = { VHmin, VSmin, VVmin };
      |             [01;35m[K^~~~~~[m[K
[01m[K/home/javierfr/Tesis_ws/V1/src/img_proc_pkg/src/img_proc_qr_detector.cpp:62:13:[m[K [01;35m[Kwarning: [m[Kunused variable ‘[01m[KVUpper[m[K’ [[01;35m[K-Wunused-variable[m[K]
   62 |         int [01;35m[KVUpper[m[K[3] = { VHmax, VSmax, VVmax };
      |             [01;35m[K^~~~~~[m[K
[01m[K/home/javierfr/Tesis_ws/V1/src/img_proc_pkg/src/img_proc_qr_detector.cpp:75:13:[m[K [01;35m[Kwarning: [m[Kunused variable ‘[01m[KNLower[m[K’ [[01;35m[K-Wunused-variable[m[K]
   75 |         int [01;35m[KNLower[m[K[3] = { NHmin, NSmin, NVmin };
      |             [01;35m[K^~~~~~[m[K
[01m[K/home/javierfr/Tesis_ws/V1/src/img_proc_pkg/src/img_proc_qr_detector.cpp:76:13:[m[K [01;35m[Kwarning: [m[Kunused variable ‘[01m[KNUpper[m[K’ [[01;35m[K-Wunused-variable[m[K]
   76 |         int [01;35m[KNUpper[m[K[3] = { NHmax, NSmax, NVmax };
      |             [01;35m[K^~~~~~[m[K
[01m[K/home/javierfr/Tesis_ws/V1/src/img_proc_pkg/src/img_proc_qr_detector.cpp:89:13:[m[K [01;35m[Kwarning: [m[Kunused variable ‘[01m[KALower[m[K’ [[01;35m[K-Wunused-variable[m[K]
   89 |         int [01;35m[KALower[m[K[3] = { AHmin, ASmin, AVmin };
      |             [01;35m[K^~~~~~[m[K
[01m[K/home/javierfr/Tesis_ws/V1/src/img_proc_pkg/src/img_proc_qr_detector.cpp:90:13:[m[K [01;35m[Kwarning: [m[Kunused variable ‘[01m[KAUpper[m[K’ [[01;35m[K-Wunused-variable[m[K]
   90 |         int [01;35m[KAUpper[m[K[3] = { AHmax, ASmax, AVmax };
      |             [01;35m[K^~~~~~[m[K
make[2]: *** [CMakeFiles/img_proc_qr_detector.dir/build.make:63: CMakeFiles/img_proc_qr_detector.dir/src/img_proc_qr_detector.cpp.o] Error 1
make[1]: *** [CMakeFiles/Makefile2:84: CMakeFiles/img_proc_qr_detector.dir/all] Error 2
make: *** [Makefile:141: all] Error 2
