[0.019s] Invoking command in '/home/javierfr/Tesis_ws/V1/build/interfaces': CMAKE_PREFIX_PATH=${CMAKE_PREFIX_PATH}:/opt/ros/foxy /usr/bin/cmake --build /home/javierfr/Tesis_ws/V1/build/interfaces -- -j12 -l12
[0.043s] -- Found ament_cmake: 0.9.8 (/opt/ros/foxy/share/ament_cmake/cmake)
[0.064s] -- Found PythonInterp: /usr/bin/python3 (found suitable version "3.8.5", minimum required is "3") 
[0.064s] -- Using PYTHON_EXECUTABLE: /usr/bin/python3
[0.215s] -- Found rosidl_default_generators: 1.0.1 (/opt/ros/foxy/share/rosidl_default_generators/cmake)
[0.217s] -- Using all available rosidl_typesupport_c: rosidl_typesupport_fastrtps_c;rosidl_typesupport_introspection_c
[0.220s] -- Found rosidl_adapter: 1.2.1 (/opt/ros/foxy/share/rosidl_adapter/cmake)
[0.336s] -- Using all available rosidl_typesupport_cpp: rosidl_typesupport_fastrtps_cpp;rosidl_typesupport_introspection_cpp
[0.371s] -- Found PythonInterp: /usr/bin/python3 (found version "3.8.5") 
[0.495s] -- Found ament_cmake_ros: 0.9.1 (/opt/ros/foxy/share/ament_cmake_ros/cmake)
[0.577s] -- Using all available rosidl_typesupport_c: rosidl_typesupport_fastrtps_c;rosidl_typesupport_introspection_c
[0.584s] -- Using all available rosidl_typesupport_cpp: rosidl_typesupport_fastrtps_cpp;rosidl_typesupport_introspection_cpp
[0.601s] -- Found PythonInterp: /usr/bin/python3 (found suitable version "3.8.5", minimum required is "3.5") 
[0.602s] -- Found python_cmake_module: 0.8.1 (/opt/ros/foxy/share/python_cmake_module/cmake)
[0.620s] -- Using PYTHON_EXECUTABLE: /usr/bin/python3
[0.621s] -- Using PYTHON_INCLUDE_DIRS: /usr/include/python3.8
[0.621s] -- Using PYTHON_LIBRARIES: /usr/lib/x86_64-linux-gnu/libpython3.8.so
[0.650s] -- Configuring done
[0.688s] -- Generating done
[0.690s] -- Build files have been written to: /home/javierfr/Tesis_ws/V1/build/interfaces
[0.711s] [  1%] [34m[1mGenerating C code for ROS interfaces[0m
[0.711s] [35m[1mScanning dependencies of target interfaces__cpp[0m
[0.719s] [  2%] [34m[1mGenerating C++ code for ROS interfaces[0m
[1.238s] [35m[1mScanning dependencies of target interfaces__rosidl_generator_c[0m
[1.254s] [  3%] [32mBuilding C object CMakeFiles/interfaces__rosidl_generator_c.dir/rosidl_generator_c/interfaces/srv/detail/platform_vel__functions.c.o[0m
[1.254s] [  4%] [32mBuilding C object CMakeFiles/interfaces__rosidl_generator_c.dir/rosidl_generator_c/interfaces/msg/detail/img_data__functions.c.o[0m
[1.255s] [  5%] [32mBuilding C object CMakeFiles/interfaces__rosidl_generator_c.dir/rosidl_generator_c/interfaces/srv/detail/control_pid_start__functions.c.o[0m
[1.255s] [  6%] [32mBuilding C object CMakeFiles/interfaces__rosidl_generator_c.dir/rosidl_generator_c/interfaces/msg/detail/motor_vels__functions.c.o[0m
[1.262s] [ 10%] [32mBuilding C object CMakeFiles/interfaces__rosidl_generator_c.dir/rosidl_generator_c/interfaces/msg/detail/plat_state__functions.c.o[0m
[1.263s] [ 10%] [32mBuilding C object CMakeFiles/interfaces__rosidl_generator_c.dir/rosidl_generator_c/interfaces/msg/detail/motor_vels_w_arm__functions.c.o[0m
[1.263s] [ 10%] [32mBuilding C object CMakeFiles/interfaces__rosidl_generator_c.dir/rosidl_generator_c/interfaces/msg/detail/control_data__functions.c.o[0m
[1.263s] [ 11%] [32mBuilding C object CMakeFiles/interfaces__rosidl_generator_c.dir/rosidl_generator_c/interfaces/srv/detail/robot_vel__functions.c.o[0m
[1.264s] [ 10%] [32mBuilding C object CMakeFiles/interfaces__rosidl_generator_c.dir/rosidl_generator_c/interfaces/msg/detail/limit_switch__functions.c.o[0m
[1.266s] [ 11%] Built target interfaces__cpp
[1.280s] [ 12%] [34m[1mGenerating C++ type support for eProsima Fast-RTPS[0m
[1.280s] [ 14%] [34m[1mGenerating C++ introspection for ROS interfaces[0m
[1.281s] [ 14%] [34m[1mGenerating C++ type support dispatch for ROS interfaces[0m
[1.311s] [ 15%] [32m[1mLinking C shared library libinterfaces__rosidl_generator_c.so[0m
[1.340s] [ 15%] Built target interfaces__rosidl_generator_c
[1.349s] [ 17%] [34m[1mGenerating C introspection for ROS interfaces[0m
[1.349s] [ 17%] [34m[1mGenerating C type support dispatch for ROS interfaces[0m
[1.617s] [35m[1mScanning dependencies of target interfaces__rosidl_typesupport_cpp[0m
[1.631s] [ 21%] [32mBuilding CXX object CMakeFiles/interfaces__rosidl_typesupport_cpp.dir/rosidl_typesupport_cpp/interfaces/srv/control_pid_start__type_support.cpp.o[0m
[1.632s] [ 21%] [32mBuilding CXX object CMakeFiles/interfaces__rosidl_typesupport_cpp.dir/rosidl_typesupport_cpp/interfaces/msg/motor_vels__type_support.cpp.o[0m
[1.632s] [ 22%] [32mBuilding CXX object CMakeFiles/interfaces__rosidl_typesupport_cpp.dir/rosidl_typesupport_cpp/interfaces/msg/img_data__type_support.cpp.o[0m
[1.632s] [ 23%] [32mBuilding CXX object CMakeFiles/interfaces__rosidl_typesupport_cpp.dir/rosidl_typesupport_cpp/interfaces/msg/motor_vels_w_arm__type_support.cpp.o[0m
[1.632s] [ 21%] [32mBuilding CXX object CMakeFiles/interfaces__rosidl_typesupport_cpp.dir/rosidl_typesupport_cpp/interfaces/srv/platform_vel__type_support.cpp.o[0m
[1.632s] [ 24%] [32mBuilding CXX object CMakeFiles/interfaces__rosidl_typesupport_cpp.dir/rosidl_typesupport_cpp/interfaces/msg/limit_switch__type_support.cpp.o[0m
[1.641s] [ 26%] [32mBuilding CXX object CMakeFiles/interfaces__rosidl_typesupport_cpp.dir/rosidl_typesupport_cpp/interfaces/msg/control_data__type_support.cpp.o[0m
[1.641s] [ 26%] [32mBuilding CXX object CMakeFiles/interfaces__rosidl_typesupport_cpp.dir/rosidl_typesupport_cpp/interfaces/msg/plat_state__type_support.cpp.o[0m
[1.770s] [35m[1mScanning dependencies of target interfaces__rosidl_typesupport_c[0m
[1.790s] [ 27%] [32mBuilding CXX object CMakeFiles/interfaces__rosidl_typesupport_c.dir/rosidl_typesupport_c/interfaces/srv/platform_vel__type_support.cpp.o[0m
[1.838s] [ 28%] [32mBuilding CXX object CMakeFiles/interfaces__rosidl_typesupport_c.dir/rosidl_typesupport_c/interfaces/msg/motor_vels__type_support.cpp.o[0m
[1.887s] [ 29%] [32mBuilding CXX object CMakeFiles/interfaces__rosidl_typesupport_c.dir/rosidl_typesupport_c/interfaces/msg/img_data__type_support.cpp.o[0m
[1.932s] [ 30%] [32mBuilding CXX object CMakeFiles/interfaces__rosidl_typesupport_c.dir/rosidl_typesupport_c/interfaces/srv/control_pid_start__type_support.cpp.o[0m
[1.945s] [35m[1mScanning dependencies of target interfaces__rosidl_typesupport_introspection_cpp[0m
[1.975s] [ 31%] [32mBuilding CXX object CMakeFiles/interfaces__rosidl_typesupport_c.dir/rosidl_typesupport_c/interfaces/msg/plat_state__type_support.cpp.o[0m
[1.977s] [ 32%] [32mBuilding CXX object CMakeFiles/interfaces__rosidl_typesupport_introspection_cpp.dir/rosidl_typesupport_introspection_cpp/interfaces/srv/detail/platform_vel__type_support.cpp.o[0m
[2.001s] [ 33%] [32mBuilding CXX object CMakeFiles/interfaces__rosidl_typesupport_cpp.dir/rosidl_typesupport_cpp/interfaces/srv/robot_vel__type_support.cpp.o[0m
[2.019s] [ 34%] [32mBuilding CXX object CMakeFiles/interfaces__rosidl_typesupport_introspection_cpp.dir/rosidl_typesupport_introspection_cpp/interfaces/msg/detail/motor_vels__type_support.cpp.o[0m
[2.022s] [ 36%] [32mBuilding CXX object CMakeFiles/interfaces__rosidl_typesupport_c.dir/rosidl_typesupport_c/interfaces/msg/motor_vels_w_arm__type_support.cpp.o[0m
[2.022s] [ 36%] [32mBuilding CXX object CMakeFiles/interfaces__rosidl_typesupport_c.dir/rosidl_typesupport_c/interfaces/msg/control_data__type_support.cpp.o[0m
[2.030s] [ 38%] [32mBuilding CXX object CMakeFiles/interfaces__rosidl_typesupport_introspection_cpp.dir/rosidl_typesupport_introspection_cpp/interfaces/msg/detail/img_data__type_support.cpp.o[0m
[2.040s] [ 40%] [32mBuilding CXX object CMakeFiles/interfaces__rosidl_typesupport_introspection_cpp.dir/rosidl_typesupport_introspection_cpp/interfaces/srv/detail/control_pid_start__type_support.cpp.o[0m
[2.040s] [ 41%] [32mBuilding CXX object CMakeFiles/interfaces__rosidl_typesupport_c.dir/rosidl_typesupport_c/interfaces/srv/robot_vel__type_support.cpp.o[0m
[2.040s] [ 38%] [32mBuilding CXX object CMakeFiles/interfaces__rosidl_typesupport_c.dir/rosidl_typesupport_c/interfaces/msg/limit_switch__type_support.cpp.o[0m
[2.051s] [ 42%] [32mBuilding CXX object CMakeFiles/interfaces__rosidl_typesupport_introspection_cpp.dir/rosidl_typesupport_introspection_cpp/interfaces/msg/detail/plat_state__type_support.cpp.o[0m
[2.051s] [35m[1mScanning dependencies of target interfaces__rosidl_typesupport_fastrtps_cpp[0m
[2.059s] [ 43%] [32mBuilding CXX object CMakeFiles/interfaces__rosidl_typesupport_introspection_cpp.dir/rosidl_typesupport_introspection_cpp/interfaces/msg/detail/motor_vels_w_arm__type_support.cpp.o[0m
[2.061s] [ 44%] [32mBuilding CXX object CMakeFiles/interfaces__rosidl_typesupport_introspection_cpp.dir/rosidl_typesupport_introspection_cpp/interfaces/msg/detail/control_data__type_support.cpp.o[0m
[2.078s] [ 45%] [32mBuilding CXX object CMakeFiles/interfaces__rosidl_typesupport_fastrtps_cpp.dir/rosidl_typesupport_fastrtps_cpp/interfaces/srv/detail/dds_fastrtps/platform_vel__type_support.cpp.o[0m
[2.081s] [ 46%] [32mBuilding CXX object CMakeFiles/interfaces__rosidl_typesupport_fastrtps_cpp.dir/rosidl_typesupport_fastrtps_cpp/interfaces/msg/detail/dds_fastrtps/motor_vels__type_support.cpp.o[0m
[2.087s] [35m[1mScanning dependencies of target interfaces__rosidl_typesupport_introspection_c[0m
[2.101s] [ 47%] [32mBuilding C object CMakeFiles/interfaces__rosidl_typesupport_introspection_c.dir/rosidl_typesupport_introspection_c/interfaces/srv/detail/platform_vel__type_support.c.o[0m
[2.120s] [ 48%] [32m[1mLinking CXX shared library libinterfaces__rosidl_typesupport_c.so[0m
[2.137s] [ 49%] [32mBuilding C object CMakeFiles/interfaces__rosidl_typesupport_introspection_c.dir/rosidl_typesupport_introspection_c/interfaces/msg/detail/motor_vels__type_support.c.o[0m
[2.181s] [ 49%] Built target interfaces__rosidl_typesupport_c
[2.186s] [ 50%] [32mBuilding C object CMakeFiles/interfaces__rosidl_typesupport_introspection_c.dir/rosidl_typesupport_introspection_c/interfaces/msg/detail/img_data__type_support.c.o[0m
[2.192s] [ 51%] [32mBuilding CXX object CMakeFiles/interfaces__rosidl_typesupport_fastrtps_cpp.dir/rosidl_typesupport_fastrtps_cpp/interfaces/msg/detail/dds_fastrtps/img_data__type_support.cpp.o[0m
[2.315s] [ 52%] [32mBuilding C object CMakeFiles/interfaces__rosidl_typesupport_introspection_c.dir/rosidl_typesupport_introspection_c/interfaces/srv/detail/control_pid_start__type_support.c.o[0m
[2.362s] [ 53%] [32mBuilding CXX object CMakeFiles/interfaces__rosidl_typesupport_introspection_cpp.dir/rosidl_typesupport_introspection_cpp/interfaces/msg/detail/limit_switch__type_support.cpp.o[0m
[2.364s] [ 54%] [32mBuilding C object CMakeFiles/interfaces__rosidl_typesupport_introspection_c.dir/rosidl_typesupport_introspection_c/interfaces/msg/detail/plat_state__type_support.c.o[0m
[2.384s] [ 55%] [32m[1mLinking CXX shared library libinterfaces__rosidl_typesupport_cpp.so[0m
[2.410s] [ 56%] [32mBuilding C object CMakeFiles/interfaces__rosidl_typesupport_introspection_c.dir/rosidl_typesupport_introspection_c/interfaces/msg/detail/control_data__type_support.c.o[0m
[2.419s] [ 57%] [32mBuilding CXX object CMakeFiles/interfaces__rosidl_typesupport_introspection_cpp.dir/rosidl_typesupport_introspection_cpp/interfaces/srv/detail/robot_vel__type_support.cpp.o[0m
[2.436s] [ 58%] [32mBuilding C object CMakeFiles/interfaces__rosidl_typesupport_introspection_c.dir/rosidl_typesupport_introspection_c/interfaces/msg/detail/motor_vels_w_arm__type_support.c.o[0m
[2.443s] [ 60%] [32mBuilding C object CMakeFiles/interfaces__rosidl_typesupport_introspection_c.dir/rosidl_typesupport_introspection_c/interfaces/srv/detail/robot_vel__type_support.c.o[0m
[2.444s] [ 61%] [32mBuilding CXX object CMakeFiles/interfaces__rosidl_typesupport_fastrtps_cpp.dir/rosidl_typesupport_fastrtps_cpp/interfaces/srv/detail/dds_fastrtps/control_pid_start__type_support.cpp.o[0m
[2.451s] [ 62%] [32mBuilding CXX object CMakeFiles/interfaces__rosidl_typesupport_fastrtps_cpp.dir/rosidl_typesupport_fastrtps_cpp/interfaces/msg/detail/dds_fastrtps/plat_state__type_support.cpp.o[0m
[2.452s] [ 62%] Built target interfaces__rosidl_typesupport_cpp
[2.463s] [ 63%] [32mBuilding C object CMakeFiles/interfaces__rosidl_typesupport_introspection_c.dir/rosidl_typesupport_introspection_c/interfaces/msg/detail/limit_switch__type_support.c.o[0m
[2.467s] [ 64%] [32mBuilding CXX object CMakeFiles/interfaces__rosidl_typesupport_fastrtps_cpp.dir/rosidl_typesupport_fastrtps_cpp/interfaces/msg/detail/dds_fastrtps/control_data__type_support.cpp.o[0m
[2.486s] [ 65%] [32mBuilding CXX object CMakeFiles/interfaces__rosidl_typesupport_fastrtps_cpp.dir/rosidl_typesupport_fastrtps_cpp/interfaces/msg/detail/dds_fastrtps/motor_vels_w_arm__type_support.cpp.o[0m
[2.494s] [ 66%] [32mBuilding CXX object CMakeFiles/interfaces__rosidl_typesupport_fastrtps_cpp.dir/rosidl_typesupport_fastrtps_cpp/interfaces/msg/detail/dds_fastrtps/limit_switch__type_support.cpp.o[0m
[2.497s] [ 67%] [32mBuilding CXX object CMakeFiles/interfaces__rosidl_typesupport_fastrtps_cpp.dir/rosidl_typesupport_fastrtps_cpp/interfaces/srv/detail/dds_fastrtps/robot_vel__type_support.cpp.o[0m
[2.508s] [ 68%] [32m[1mLinking C shared library libinterfaces__rosidl_typesupport_introspection_c.so[0m
[2.591s] [ 68%] Built target interfaces__rosidl_typesupport_introspection_c
[2.782s] [ 69%] [32m[1mLinking CXX shared library libinterfaces__rosidl_typesupport_introspection_cpp.so[0m
[2.818s] [ 69%] Built target interfaces__rosidl_typesupport_introspection_cpp
[2.993s] [ 70%] [32m[1mLinking CXX shared library libinterfaces__rosidl_typesupport_fastrtps_cpp.so[0m
[3.056s] [ 70%] Built target interfaces__rosidl_typesupport_fastrtps_cpp
[3.064s] [ 71%] [34m[1mGenerating C type support for eProsima Fast-RTPS[0m
[3.517s] [35m[1mScanning dependencies of target interfaces__rosidl_typesupport_fastrtps_c[0m
[3.534s] [ 72%] [32mBuilding CXX object CMakeFiles/interfaces__rosidl_typesupport_fastrtps_c.dir/rosidl_typesupport_fastrtps_c/interfaces/srv/detail/platform_vel__type_support_c.cpp.o[0m
[3.536s] [ 73%] [32mBuilding CXX object CMakeFiles/interfaces__rosidl_typesupport_fastrtps_c.dir/rosidl_typesupport_fastrtps_c/interfaces/msg/detail/motor_vels__type_support_c.cpp.o[0m
[3.536s] [ 74%] [32mBuilding CXX object CMakeFiles/interfaces__rosidl_typesupport_fastrtps_c.dir/rosidl_typesupport_fastrtps_c/interfaces/srv/detail/robot_vel__type_support_c.cpp.o[0m
[3.537s] [ 75%] [32mBuilding CXX object CMakeFiles/interfaces__rosidl_typesupport_fastrtps_c.dir/rosidl_typesupport_fastrtps_c/interfaces/msg/detail/img_data__type_support_c.cpp.o[0m
[3.537s] [ 76%] [32mBuilding CXX object CMakeFiles/interfaces__rosidl_typesupport_fastrtps_c.dir/rosidl_typesupport_fastrtps_c/interfaces/srv/detail/control_pid_start__type_support_c.cpp.o[0m
[3.538s] [ 77%] [32mBuilding CXX object CMakeFiles/interfaces__rosidl_typesupport_fastrtps_c.dir/rosidl_typesupport_fastrtps_c/interfaces/msg/detail/control_data__type_support_c.cpp.o[0m
[3.538s] [ 78%] [32mBuilding CXX object CMakeFiles/interfaces__rosidl_typesupport_fastrtps_c.dir/rosidl_typesupport_fastrtps_c/interfaces/msg/detail/plat_state__type_support_c.cpp.o[0m
[3.538s] [ 81%] [32mBuilding CXX object CMakeFiles/interfaces__rosidl_typesupport_fastrtps_c.dir/rosidl_typesupport_fastrtps_c/interfaces/msg/detail/motor_vels_w_arm__type_support_c.cpp.o[0m
[3.538s] [ 81%] [32mBuilding CXX object CMakeFiles/interfaces__rosidl_typesupport_fastrtps_c.dir/rosidl_typesupport_fastrtps_c/interfaces/msg/detail/limit_switch__type_support_c.cpp.o[0m
[3.992s] [ 82%] [32m[1mLinking CXX shared library libinterfaces__rosidl_typesupport_fastrtps_c.so[0m
[4.055s] [ 82%] Built target interfaces__rosidl_typesupport_fastrtps_c
[4.071s] [ 82%] Built target interfaces
[4.079s] [35m[1mScanning dependencies of target interfaces__py[0m
[4.088s] [ 83%] [34m[1mGenerating Python code for ROS interfaces[0m
[5.113s] [ 83%] Built target interfaces__py
[5.124s] [35m[1mScanning dependencies of target interfaces__python[0m
[5.148s] [ 84%] [32mBuilding C object CMakeFiles/interfaces__python.dir/rosidl_generator_py/interfaces/srv/_control_pid_start_s.c.o[0m
[5.149s] [ 85%] [32mBuilding C object CMakeFiles/interfaces__python.dir/rosidl_generator_py/interfaces/msg/_motor_vels_s.c.o[0m
[5.150s] [ 87%] [32mBuilding C object CMakeFiles/interfaces__python.dir/rosidl_generator_py/interfaces/srv/_robot_vel_s.c.o[0m
[5.150s] [ 87%] [32mBuilding C object CMakeFiles/interfaces__python.dir/rosidl_generator_py/interfaces/srv/_platform_vel_s.c.o[0m
[5.150s] [ 88%] [32mBuilding C object CMakeFiles/interfaces__python.dir/rosidl_generator_py/interfaces/msg/_limit_switch_s.c.o[0m
[5.150s] [ 89%] [32mBuilding C object CMakeFiles/interfaces__python.dir/rosidl_generator_py/interfaces/msg/_img_data_s.c.o[0m
[5.150s] [ 90%] [32mBuilding C object CMakeFiles/interfaces__python.dir/rosidl_generator_py/interfaces/msg/_plat_state_s.c.o[0m
[5.150s] [ 91%] [32mBuilding C object CMakeFiles/interfaces__python.dir/rosidl_generator_py/interfaces/msg/_motor_vels_w_arm_s.c.o[0m
[5.151s] [ 92%] [32mBuilding C object CMakeFiles/interfaces__python.dir/rosidl_generator_py/interfaces/msg/_control_data_s.c.o[0m
[5.270s] [ 93%] [32m[1mLinking C shared library rosidl_generator_py/interfaces/libinterfaces__python.so[0m
[5.301s] [ 93%] Built target interfaces__python
[5.309s] [35m[1mScanning dependencies of target interfaces__rosidl_typesupport_introspection_c__pyext[0m
[5.309s] [35m[1mScanning dependencies of target interfaces__rosidl_typesupport_fastrtps_c__pyext[0m
[5.310s] [35m[1mScanning dependencies of target interfaces__rosidl_typesupport_c__pyext[0m
[5.323s] [ 94%] [32mBuilding C object CMakeFiles/interfaces__rosidl_typesupport_introspection_c__pyext.dir/rosidl_generator_py/interfaces/_interfaces_s.ep.rosidl_typesupport_introspection_c.c.o[0m
[5.325s] [ 95%] [32mBuilding C object CMakeFiles/interfaces__rosidl_typesupport_c__pyext.dir/rosidl_generator_py/interfaces/_interfaces_s.ep.rosidl_typesupport_c.c.o[0m
[5.325s] [ 96%] [32mBuilding C object CMakeFiles/interfaces__rosidl_typesupport_fastrtps_c__pyext.dir/rosidl_generator_py/interfaces/_interfaces_s.ep.rosidl_typesupport_fastrtps_c.c.o[0m
[5.408s] [ 97%] [32m[1mLinking C shared library rosidl_generator_py/interfaces/interfaces_s__rosidl_typesupport_introspection_c.cpython-38-x86_64-linux-gnu.so[0m
[5.411s] [ 98%] [32m[1mLinking C shared library rosidl_generator_py/interfaces/interfaces_s__rosidl_typesupport_c.cpython-38-x86_64-linux-gnu.so[0m
[5.412s] [100%] [32m[1mLinking CXX shared library rosidl_generator_py/interfaces/interfaces_s__rosidl_typesupport_fastrtps_c.cpython-38-x86_64-linux-gnu.so[0m
[5.435s] [100%] Built target interfaces__rosidl_typesupport_introspection_c__pyext
[5.438s] [100%] Built target interfaces__rosidl_typesupport_c__pyext
[5.462s] [100%] Built target interfaces__rosidl_typesupport_fastrtps_c__pyext
[5.471s] Invoked command in '/home/javierfr/Tesis_ws/V1/build/interfaces' returned '0': CMAKE_PREFIX_PATH=${CMAKE_PREFIX_PATH}:/opt/ros/foxy /usr/bin/cmake --build /home/javierfr/Tesis_ws/V1/build/interfaces -- -j12 -l12
[5.591s] Invoking command in '/home/javierfr/Tesis_ws/V1/build/interfaces': CMAKE_PREFIX_PATH=${CMAKE_PREFIX_PATH}:/opt/ros/foxy /usr/bin/cmake --install /home/javierfr/Tesis_ws/V1/build/interfaces
[5.600s] -- Install configuration: ""
[5.600s] -- Installing: /home/javierfr/Tesis_ws/V1/install/interfaces/share/ament_index/resource_index/rosidl_interfaces/interfaces
[5.600s] -- Up-to-date: /home/javierfr/Tesis_ws/V1/install/interfaces/include/interfaces
[5.600s] -- Up-to-date: /home/javierfr/Tesis_ws/V1/install/interfaces/include/interfaces/srv
[5.600s] -- Up-to-date: /home/javierfr/Tesis_ws/V1/install/interfaces/include/interfaces/srv/detail
[5.600s] -- Installing: /home/javierfr/Tesis_ws/V1/install/interfaces/include/interfaces/srv/detail/platform_vel__struct.h
[5.600s] -- Installing: /home/javierfr/Tesis_ws/V1/install/interfaces/include/interfaces/srv/detail/control_pid_start__struct.h
[5.600s] -- Installing: /home/javierfr/Tesis_ws/V1/install/interfaces/include/interfaces/srv/detail/control_pid_start__functions.c
[5.600s] -- Installing: /home/javierfr/Tesis_ws/V1/install/interfaces/include/interfaces/srv/detail/platform_vel__functions.c
[5.600s] -- Installing: /home/javierfr/Tesis_ws/V1/install/interfaces/include/interfaces/srv/detail/robot_vel__type_support.h
[5.601s] -- Installing: /home/javierfr/Tesis_ws/V1/install/interfaces/include/interfaces/srv/detail/platform_vel__functions.h
[5.601s] -- Installing: /home/javierfr/Tesis_ws/V1/install/interfaces/include/interfaces/srv/detail/platform_vel__type_support.h
[5.601s] -- Installing: /home/javierfr/Tesis_ws/V1/install/interfaces/include/interfaces/srv/detail/robot_vel__functions.h
[5.601s] -- Installing: /home/javierfr/Tesis_ws/V1/install/interfaces/include/interfaces/srv/detail/control_pid_start__type_support.h
[5.601s] -- Installing: /home/javierfr/Tesis_ws/V1/install/interfaces/include/interfaces/srv/detail/robot_vel__functions.c
[5.601s] -- Installing: /home/javierfr/Tesis_ws/V1/install/interfaces/include/interfaces/srv/detail/control_pid_start__functions.h
[5.601s] -- Installing: /home/javierfr/Tesis_ws/V1/install/interfaces/include/interfaces/srv/detail/robot_vel__struct.h
[5.601s] -- Installing: /home/javierfr/Tesis_ws/V1/install/interfaces/include/interfaces/srv/platform_vel.h
[5.601s] -- Installing: /home/javierfr/Tesis_ws/V1/install/interfaces/include/interfaces/srv/robot_vel.h
[5.601s] -- Installing: /home/javierfr/Tesis_ws/V1/install/interfaces/include/interfaces/srv/control_pid_start.h
[5.601s] -- Up-to-date: /home/javierfr/Tesis_ws/V1/install/interfaces/include/interfaces/msg
[5.601s] -- Up-to-date: /home/javierfr/Tesis_ws/V1/install/interfaces/include/interfaces/msg/detail
[5.601s] -- Installing: /home/javierfr/Tesis_ws/V1/install/interfaces/include/interfaces/msg/detail/img_data__struct.h
[5.601s] -- Installing: /home/javierfr/Tesis_ws/V1/install/interfaces/include/interfaces/msg/detail/limit_switch__functions.c
[5.602s] -- Installing: /home/javierfr/Tesis_ws/V1/install/interfaces/include/interfaces/msg/detail/control_data__type_support.h
[5.602s] -- Installing: /home/javierfr/Tesis_ws/V1/install/interfaces/include/interfaces/msg/detail/limit_switch__type_support.h
[5.602s] -- Installing: /home/javierfr/Tesis_ws/V1/install/interfaces/include/interfaces/msg/detail/plat_state__struct.h
[5.602s] -- Installing: /home/javierfr/Tesis_ws/V1/install/interfaces/include/interfaces/msg/detail/motor_vels__type_support.h
[5.602s] -- Installing: /home/javierfr/Tesis_ws/V1/install/interfaces/include/interfaces/msg/detail/img_data__functions.c
[5.602s] -- Installing: /home/javierfr/Tesis_ws/V1/install/interfaces/include/interfaces/msg/detail/motor_vels_w_arm__functions.h
[5.602s] -- Installing: /home/javierfr/Tesis_ws/V1/install/interfaces/include/interfaces/msg/detail/motor_vels__functions.h
[5.602s] -- Installing: /home/javierfr/Tesis_ws/V1/install/interfaces/include/interfaces/msg/detail/plat_state__functions.c
[5.602s] -- Installing: /home/javierfr/Tesis_ws/V1/install/interfaces/include/interfaces/msg/detail/motor_vels_w_arm__type_support.h
[5.602s] -- Installing: /home/javierfr/Tesis_ws/V1/install/interfaces/include/interfaces/msg/detail/img_data__type_support.h
[5.602s] -- Installing: /home/javierfr/Tesis_ws/V1/install/interfaces/include/interfaces/msg/detail/control_data__struct.h
[5.602s] -- Installing: /home/javierfr/Tesis_ws/V1/install/interfaces/include/interfaces/msg/detail/motor_vels_w_arm__struct.h
[5.602s] -- Installing: /home/javierfr/Tesis_ws/V1/install/interfaces/include/interfaces/msg/detail/motor_vels__functions.c
[5.602s] -- Installing: /home/javierfr/Tesis_ws/V1/install/interfaces/include/interfaces/msg/detail/limit_switch__functions.h
[5.602s] -- Installing: /home/javierfr/Tesis_ws/V1/install/interfaces/include/interfaces/msg/detail/limit_switch__struct.h
[5.603s] -- Installing: /home/javierfr/Tesis_ws/V1/install/interfaces/include/interfaces/msg/detail/plat_state__functions.h
[5.603s] -- Installing: /home/javierfr/Tesis_ws/V1/install/interfaces/include/interfaces/msg/detail/control_data__functions.c
[5.603s] -- Installing: /home/javierfr/Tesis_ws/V1/install/interfaces/include/interfaces/msg/detail/img_data__functions.h
[5.603s] -- Installing: /home/javierfr/Tesis_ws/V1/install/interfaces/include/interfaces/msg/detail/plat_state__type_support.h
[5.603s] -- Installing: /home/javierfr/Tesis_ws/V1/install/interfaces/include/interfaces/msg/detail/motor_vels_w_arm__functions.c
[5.603s] -- Installing: /home/javierfr/Tesis_ws/V1/install/interfaces/include/interfaces/msg/detail/motor_vels__struct.h
[5.603s] -- Installing: /home/javierfr/Tesis_ws/V1/install/interfaces/include/interfaces/msg/detail/control_data__functions.h
[5.603s] -- Installing: /home/javierfr/Tesis_ws/V1/install/interfaces/include/interfaces/msg/img_data.h
[5.603s] -- Installing: /home/javierfr/Tesis_ws/V1/install/interfaces/include/interfaces/msg/plat_state.h
[5.603s] -- Installing: /home/javierfr/Tesis_ws/V1/install/interfaces/include/interfaces/msg/limit_switch.h
[5.603s] -- Installing: /home/javierfr/Tesis_ws/V1/install/interfaces/include/interfaces/msg/motor_vels_w_arm.h
[5.603s] -- Installing: /home/javierfr/Tesis_ws/V1/install/interfaces/include/interfaces/msg/control_data.h
[5.603s] -- Installing: /home/javierfr/Tesis_ws/V1/install/interfaces/include/interfaces/msg/motor_vels.h
[5.603s] -- Up-to-date: /home/javierfr/Tesis_ws/V1/install/interfaces/include/interfaces/msg/rosidl_generator_c__visibility_control.h
[5.603s] -- Up-to-date: /home/javierfr/Tesis_ws/V1/install/interfaces/share/interfaces/environment/library_path.sh
[5.604s] -- Installing: /home/javierfr/Tesis_ws/V1/install/interfaces/share/interfaces/environment/library_path.dsv
[5.604s] -- Installing: /home/javierfr/Tesis_ws/V1/install/interfaces/lib/libinterfaces__rosidl_generator_c.so
[5.604s] -- Set runtime path of "/home/javierfr/Tesis_ws/V1/install/interfaces/lib/libinterfaces__rosidl_generator_c.so" to ""
[5.604s] -- Up-to-date: /home/javierfr/Tesis_ws/V1/install/interfaces/include/interfaces
[5.604s] -- Up-to-date: /home/javierfr/Tesis_ws/V1/install/interfaces/include/interfaces/srv
[5.604s] -- Up-to-date: /home/javierfr/Tesis_ws/V1/install/interfaces/include/interfaces/srv/detail
[5.604s] -- Installing: /home/javierfr/Tesis_ws/V1/install/interfaces/include/interfaces/srv/detail/control_pid_start__rosidl_typesupport_fastrtps_c.h
[5.604s] -- Installing: /home/javierfr/Tesis_ws/V1/install/interfaces/include/interfaces/srv/detail/robot_vel__rosidl_typesupport_fastrtps_c.h
[5.604s] -- Installing: /home/javierfr/Tesis_ws/V1/install/interfaces/include/interfaces/srv/detail/platform_vel__rosidl_typesupport_fastrtps_c.h
[5.604s] -- Up-to-date: /home/javierfr/Tesis_ws/V1/install/interfaces/include/interfaces/msg
[5.604s] -- Up-to-date: /home/javierfr/Tesis_ws/V1/install/interfaces/include/interfaces/msg/detail
[5.604s] -- Installing: /home/javierfr/Tesis_ws/V1/install/interfaces/include/interfaces/msg/detail/motor_vels_w_arm__rosidl_typesupport_fastrtps_c.h
[5.604s] -- Installing: /home/javierfr/Tesis_ws/V1/install/interfaces/include/interfaces/msg/detail/plat_state__rosidl_typesupport_fastrtps_c.h
[5.604s] -- Installing: /home/javierfr/Tesis_ws/V1/install/interfaces/include/interfaces/msg/detail/img_data__rosidl_typesupport_fastrtps_c.h
[5.605s] -- Installing: /home/javierfr/Tesis_ws/V1/install/interfaces/include/interfaces/msg/detail/limit_switch__rosidl_typesupport_fastrtps_c.h
[5.605s] -- Installing: /home/javierfr/Tesis_ws/V1/install/interfaces/include/interfaces/msg/detail/control_data__rosidl_typesupport_fastrtps_c.h
[5.605s] -- Installing: /home/javierfr/Tesis_ws/V1/install/interfaces/include/interfaces/msg/detail/motor_vels__rosidl_typesupport_fastrtps_c.h
[5.605s] -- Up-to-date: /home/javierfr/Tesis_ws/V1/install/interfaces/include/interfaces/msg/rosidl_typesupport_fastrtps_c__visibility_control.h
[5.605s] -- Installing: /home/javierfr/Tesis_ws/V1/install/interfaces/lib/libinterfaces__rosidl_typesupport_fastrtps_c.so
[5.605s] -- Set runtime path of "/home/javierfr/Tesis_ws/V1/install/interfaces/lib/libinterfaces__rosidl_typesupport_fastrtps_c.so" to ""
[5.605s] -- Up-to-date: /home/javierfr/Tesis_ws/V1/install/interfaces/include/interfaces
[5.605s] -- Up-to-date: /home/javierfr/Tesis_ws/V1/install/interfaces/include/interfaces/srv
[5.605s] -- Up-to-date: /home/javierfr/Tesis_ws/V1/install/interfaces/include/interfaces/srv/detail
[5.605s] -- Installing: /home/javierfr/Tesis_ws/V1/install/interfaces/include/interfaces/srv/detail/robot_vel__rosidl_typesupport_fastrtps_cpp.hpp
[5.605s] -- Installing: /home/javierfr/Tesis_ws/V1/install/interfaces/include/interfaces/srv/detail/platform_vel__rosidl_typesupport_fastrtps_cpp.hpp
[5.605s] -- Up-to-date: /home/javierfr/Tesis_ws/V1/install/interfaces/include/interfaces/srv/detail/dds_fastrtps
[5.605s] -- Installing: /home/javierfr/Tesis_ws/V1/install/interfaces/include/interfaces/srv/detail/control_pid_start__rosidl_typesupport_fastrtps_cpp.hpp
[5.605s] -- Up-to-date: /home/javierfr/Tesis_ws/V1/install/interfaces/include/interfaces/msg
[5.606s] -- Up-to-date: /home/javierfr/Tesis_ws/V1/install/interfaces/include/interfaces/msg/rosidl_typesupport_fastrtps_cpp__visibility_control.h
[5.606s] -- Up-to-date: /home/javierfr/Tesis_ws/V1/install/interfaces/include/interfaces/msg/detail
[5.606s] -- Installing: /home/javierfr/Tesis_ws/V1/install/interfaces/include/interfaces/msg/detail/motor_vels_w_arm__rosidl_typesupport_fastrtps_cpp.hpp
[5.606s] -- Installing: /home/javierfr/Tesis_ws/V1/install/interfaces/include/interfaces/msg/detail/control_data__rosidl_typesupport_fastrtps_cpp.hpp
[5.606s] -- Installing: /home/javierfr/Tesis_ws/V1/install/interfaces/include/interfaces/msg/detail/limit_switch__rosidl_typesupport_fastrtps_cpp.hpp
[5.606s] -- Installing: /home/javierfr/Tesis_ws/V1/install/interfaces/include/interfaces/msg/detail/motor_vels__rosidl_typesupport_fastrtps_cpp.hpp
[5.606s] -- Installing: /home/javierfr/Tesis_ws/V1/install/interfaces/include/interfaces/msg/detail/plat_state__rosidl_typesupport_fastrtps_cpp.hpp
[5.606s] -- Up-to-date: /home/javierfr/Tesis_ws/V1/install/interfaces/include/interfaces/msg/detail/dds_fastrtps
[5.606s] -- Installing: /home/javierfr/Tesis_ws/V1/install/interfaces/include/interfaces/msg/detail/img_data__rosidl_typesupport_fastrtps_cpp.hpp
[5.606s] -- Installing: /home/javierfr/Tesis_ws/V1/install/interfaces/lib/libinterfaces__rosidl_typesupport_fastrtps_cpp.so
[5.606s] -- Set runtime path of "/home/javierfr/Tesis_ws/V1/install/interfaces/lib/libinterfaces__rosidl_typesupport_fastrtps_cpp.so" to ""
[5.606s] -- Up-to-date: /home/javierfr/Tesis_ws/V1/install/interfaces/include/interfaces
[5.607s] -- Up-to-date: /home/javierfr/Tesis_ws/V1/install/interfaces/include/interfaces/srv
[5.607s] -- Up-to-date: /home/javierfr/Tesis_ws/V1/install/interfaces/include/interfaces/srv/detail
[5.607s] -- Installing: /home/javierfr/Tesis_ws/V1/install/interfaces/include/interfaces/srv/detail/platform_vel__type_support.c
[5.607s] -- Installing: /home/javierfr/Tesis_ws/V1/install/interfaces/include/interfaces/srv/detail/platform_vel__rosidl_typesupport_introspection_c.h
[5.607s] -- Installing: /home/javierfr/Tesis_ws/V1/install/interfaces/include/interfaces/srv/detail/control_pid_start__type_support.c
[5.607s] -- Installing: /home/javierfr/Tesis_ws/V1/install/interfaces/include/interfaces/srv/detail/control_pid_start__rosidl_typesupport_introspection_c.h
[5.607s] -- Installing: /home/javierfr/Tesis_ws/V1/install/interfaces/include/interfaces/srv/detail/robot_vel__type_support.c
[5.607s] -- Installing: /home/javierfr/Tesis_ws/V1/install/interfaces/include/interfaces/srv/detail/robot_vel__rosidl_typesupport_introspection_c.h
[5.607s] -- Up-to-date: /home/javierfr/Tesis_ws/V1/install/interfaces/include/interfaces/msg
[5.607s] -- Up-to-date: /home/javierfr/Tesis_ws/V1/install/interfaces/include/interfaces/msg/detail
[5.607s] -- Installing: /home/javierfr/Tesis_ws/V1/install/interfaces/include/interfaces/msg/detail/motor_vels__rosidl_typesupport_introspection_c.h
[5.607s] -- Installing: /home/javierfr/Tesis_ws/V1/install/interfaces/include/interfaces/msg/detail/limit_switch__rosidl_typesupport_introspection_c.h
[5.607s] -- Installing: /home/javierfr/Tesis_ws/V1/install/interfaces/include/interfaces/msg/detail/limit_switch__type_support.c
[5.607s] -- Installing: /home/javierfr/Tesis_ws/V1/install/interfaces/include/interfaces/msg/detail/plat_state__type_support.c
[5.607s] -- Installing: /home/javierfr/Tesis_ws/V1/install/interfaces/include/interfaces/msg/detail/motor_vels_w_arm__type_support.c
[5.608s] -- Installing: /home/javierfr/Tesis_ws/V1/install/interfaces/include/interfaces/msg/detail/motor_vels__type_support.c
[5.608s] -- Installing: /home/javierfr/Tesis_ws/V1/install/interfaces/include/interfaces/msg/detail/control_data__type_support.c
[5.608s] -- Installing: /home/javierfr/Tesis_ws/V1/install/interfaces/include/interfaces/msg/detail/plat_state__rosidl_typesupport_introspection_c.h
[5.608s] -- Installing: /home/javierfr/Tesis_ws/V1/install/interfaces/include/interfaces/msg/detail/img_data__rosidl_typesupport_introspection_c.h
[5.608s] -- Installing: /home/javierfr/Tesis_ws/V1/install/interfaces/include/interfaces/msg/detail/control_data__rosidl_typesupport_introspection_c.h
[5.608s] -- Installing: /home/javierfr/Tesis_ws/V1/install/interfaces/include/interfaces/msg/detail/img_data__type_support.c
[5.608s] -- Installing: /home/javierfr/Tesis_ws/V1/install/interfaces/include/interfaces/msg/detail/motor_vels_w_arm__rosidl_typesupport_introspection_c.h
[5.608s] -- Up-to-date: /home/javierfr/Tesis_ws/V1/install/interfaces/include/interfaces/msg/rosidl_typesupport_introspection_c__visibility_control.h
[5.608s] -- Installing: /home/javierfr/Tesis_ws/V1/install/interfaces/lib/libinterfaces__rosidl_typesupport_introspection_c.so
[5.608s] -- Set runtime path of "/home/javierfr/Tesis_ws/V1/install/interfaces/lib/libinterfaces__rosidl_typesupport_introspection_c.so" to ""
[5.609s] -- Installing: /home/javierfr/Tesis_ws/V1/install/interfaces/lib/libinterfaces__rosidl_typesupport_c.so
[5.609s] -- Set runtime path of "/home/javierfr/Tesis_ws/V1/install/interfaces/lib/libinterfaces__rosidl_typesupport_c.so" to ""
[5.609s] -- Up-to-date: /home/javierfr/Tesis_ws/V1/install/interfaces/include/interfaces
[5.609s] -- Up-to-date: /home/javierfr/Tesis_ws/V1/install/interfaces/include/interfaces/srv
[5.609s] -- Installing: /home/javierfr/Tesis_ws/V1/install/interfaces/include/interfaces/srv/robot_vel.hpp
[5.609s] -- Up-to-date: /home/javierfr/Tesis_ws/V1/install/interfaces/include/interfaces/srv/detail
[5.609s] -- Installing: /home/javierfr/Tesis_ws/V1/install/interfaces/include/interfaces/srv/detail/robot_vel__traits.hpp
[5.609s] -- Installing: /home/javierfr/Tesis_ws/V1/install/interfaces/include/interfaces/srv/detail/platform_vel__builder.hpp
[5.610s] -- Installing: /home/javierfr/Tesis_ws/V1/install/interfaces/include/interfaces/srv/detail/robot_vel__builder.hpp
[5.610s] -- Installing: /home/javierfr/Tesis_ws/V1/install/interfaces/include/interfaces/srv/detail/platform_vel__struct.hpp
[5.610s] -- Installing: /home/javierfr/Tesis_ws/V1/install/interfaces/include/interfaces/srv/detail/robot_vel__struct.hpp
[5.610s] -- Installing: /home/javierfr/Tesis_ws/V1/install/interfaces/include/interfaces/srv/detail/control_pid_start__struct.hpp
[5.610s] -- Installing: /home/javierfr/Tesis_ws/V1/install/interfaces/include/interfaces/srv/detail/control_pid_start__builder.hpp
[5.610s] -- Installing: /home/javierfr/Tesis_ws/V1/install/interfaces/include/interfaces/srv/detail/control_pid_start__traits.hpp
[5.610s] -- Installing: /home/javierfr/Tesis_ws/V1/install/interfaces/include/interfaces/srv/detail/platform_vel__traits.hpp
[5.610s] -- Installing: /home/javierfr/Tesis_ws/V1/install/interfaces/include/interfaces/srv/control_pid_start.hpp
[5.610s] -- Installing: /home/javierfr/Tesis_ws/V1/install/interfaces/include/interfaces/srv/platform_vel.hpp
[5.610s] -- Up-to-date: /home/javierfr/Tesis_ws/V1/install/interfaces/include/interfaces/msg
[5.610s] -- Up-to-date: /home/javierfr/Tesis_ws/V1/install/interfaces/include/interfaces/msg/detail
[5.610s] -- Installing: /home/javierfr/Tesis_ws/V1/install/interfaces/include/interfaces/msg/detail/limit_switch__builder.hpp
[5.610s] -- Installing: /home/javierfr/Tesis_ws/V1/install/interfaces/include/interfaces/msg/detail/plat_state__traits.hpp
[5.610s] -- Installing: /home/javierfr/Tesis_ws/V1/install/interfaces/include/interfaces/msg/detail/motor_vels_w_arm__struct.hpp
[5.611s] -- Installing: /home/javierfr/Tesis_ws/V1/install/interfaces/include/interfaces/msg/detail/img_data__builder.hpp
[5.611s] -- Installing: /home/javierfr/Tesis_ws/V1/install/interfaces/include/interfaces/msg/detail/limit_switch__traits.hpp
[5.611s] -- Installing: /home/javierfr/Tesis_ws/V1/install/interfaces/include/interfaces/msg/detail/plat_state__builder.hpp
[5.611s] -- Installing: /home/javierfr/Tesis_ws/V1/install/interfaces/include/interfaces/msg/detail/img_data__traits.hpp
[5.611s] -- Installing: /home/javierfr/Tesis_ws/V1/install/interfaces/include/interfaces/msg/detail/control_data__builder.hpp
[5.611s] -- Installing: /home/javierfr/Tesis_ws/V1/install/interfaces/include/interfaces/msg/detail/motor_vels__traits.hpp
[5.611s] -- Installing: /home/javierfr/Tesis_ws/V1/install/interfaces/include/interfaces/msg/detail/motor_vels__builder.hpp
[5.611s] -- Installing: /home/javierfr/Tesis_ws/V1/install/interfaces/include/interfaces/msg/detail/control_data__struct.hpp
[5.611s] -- Installing: /home/javierfr/Tesis_ws/V1/install/interfaces/include/interfaces/msg/detail/motor_vels__struct.hpp
[5.611s] -- Installing: /home/javierfr/Tesis_ws/V1/install/interfaces/include/interfaces/msg/detail/control_data__traits.hpp
[5.611s] -- Installing: /home/javierfr/Tesis_ws/V1/install/interfaces/include/interfaces/msg/detail/limit_switch__struct.hpp
[5.611s] -- Installing: /home/javierfr/Tesis_ws/V1/install/interfaces/include/interfaces/msg/detail/plat_state__struct.hpp
[5.611s] -- Installing: /home/javierfr/Tesis_ws/V1/install/interfaces/include/interfaces/msg/detail/img_data__struct.hpp
[5.611s] -- Installing: /home/javierfr/Tesis_ws/V1/install/interfaces/include/interfaces/msg/detail/motor_vels_w_arm__builder.hpp
[5.611s] -- Installing: /home/javierfr/Tesis_ws/V1/install/interfaces/include/interfaces/msg/detail/motor_vels_w_arm__traits.hpp
[5.612s] -- Installing: /home/javierfr/Tesis_ws/V1/install/interfaces/include/interfaces/msg/img_data.hpp
[5.612s] -- Installing: /home/javierfr/Tesis_ws/V1/install/interfaces/include/interfaces/msg/motor_vels.hpp
[5.612s] -- Installing: /home/javierfr/Tesis_ws/V1/install/interfaces/include/interfaces/msg/control_data.hpp
[5.612s] -- Installing: /home/javierfr/Tesis_ws/V1/install/interfaces/include/interfaces/msg/plat_state.hpp
[5.612s] -- Installing: /home/javierfr/Tesis_ws/V1/install/interfaces/include/interfaces/msg/motor_vels_w_arm.hpp
[5.612s] -- Installing: /home/javierfr/Tesis_ws/V1/install/interfaces/include/interfaces/msg/limit_switch.hpp
[5.612s] -- Up-to-date: /home/javierfr/Tesis_ws/V1/install/interfaces/include/interfaces
[5.612s] -- Up-to-date: /home/javierfr/Tesis_ws/V1/install/interfaces/include/interfaces/srv
[5.612s] -- Up-to-date: /home/javierfr/Tesis_ws/V1/install/interfaces/include/interfaces/srv/detail
[5.612s] -- Installing: /home/javierfr/Tesis_ws/V1/install/interfaces/include/interfaces/srv/detail/platform_vel__rosidl_typesupport_introspection_cpp.hpp
[5.612s] -- Installing: /home/javierfr/Tesis_ws/V1/install/interfaces/include/interfaces/srv/detail/control_pid_start__type_support.cpp
[5.612s] -- Installing: /home/javierfr/Tesis_ws/V1/install/interfaces/include/interfaces/srv/detail/robot_vel__type_support.cpp
[5.612s] -- Installing: /home/javierfr/Tesis_ws/V1/install/interfaces/include/interfaces/srv/detail/platform_vel__type_support.cpp
[5.612s] -- Installing: /home/javierfr/Tesis_ws/V1/install/interfaces/include/interfaces/srv/detail/robot_vel__rosidl_typesupport_introspection_cpp.hpp
[5.613s] -- Installing: /home/javierfr/Tesis_ws/V1/install/interfaces/include/interfaces/srv/detail/control_pid_start__rosidl_typesupport_introspection_cpp.hpp
[5.613s] -- Up-to-date: /home/javierfr/Tesis_ws/V1/install/interfaces/include/interfaces/msg
[5.613s] -- Up-to-date: /home/javierfr/Tesis_ws/V1/install/interfaces/include/interfaces/msg/detail
[5.613s] -- Installing: /home/javierfr/Tesis_ws/V1/install/interfaces/include/interfaces/msg/detail/motor_vels_w_arm__type_support.cpp
[5.613s] -- Installing: /home/javierfr/Tesis_ws/V1/install/interfaces/include/interfaces/msg/detail/motor_vels__type_support.cpp
[5.613s] -- Installing: /home/javierfr/Tesis_ws/V1/install/interfaces/include/interfaces/msg/detail/limit_switch__rosidl_typesupport_introspection_cpp.hpp
[5.613s] -- Installing: /home/javierfr/Tesis_ws/V1/install/interfaces/include/interfaces/msg/detail/motor_vels__rosidl_typesupport_introspection_cpp.hpp
[5.613s] -- Installing: /home/javierfr/Tesis_ws/V1/install/interfaces/include/interfaces/msg/detail/plat_state__type_support.cpp
[5.613s] -- Installing: /home/javierfr/Tesis_ws/V1/install/interfaces/include/interfaces/msg/detail/control_data__rosidl_typesupport_introspection_cpp.hpp
[5.613s] -- Installing: /home/javierfr/Tesis_ws/V1/install/interfaces/include/interfaces/msg/detail/img_data__rosidl_typesupport_introspection_cpp.hpp
[5.613s] -- Installing: /home/javierfr/Tesis_ws/V1/install/interfaces/include/interfaces/msg/detail/limit_switch__type_support.cpp
[5.613s] -- Installing: /home/javierfr/Tesis_ws/V1/install/interfaces/include/interfaces/msg/detail/motor_vels_w_arm__rosidl_typesupport_introspection_cpp.hpp
[5.613s] -- Installing: /home/javierfr/Tesis_ws/V1/install/interfaces/include/interfaces/msg/detail/plat_state__rosidl_typesupport_introspection_cpp.hpp
[5.613s] -- Installing: /home/javierfr/Tesis_ws/V1/install/interfaces/include/interfaces/msg/detail/img_data__type_support.cpp
[5.613s] -- Installing: /home/javierfr/Tesis_ws/V1/install/interfaces/include/interfaces/msg/detail/control_data__type_support.cpp
[5.613s] -- Installing: /home/javierfr/Tesis_ws/V1/install/interfaces/lib/libinterfaces__rosidl_typesupport_introspection_cpp.so
[5.614s] -- Set runtime path of "/home/javierfr/Tesis_ws/V1/install/interfaces/lib/libinterfaces__rosidl_typesupport_introspection_cpp.so" to ""
[5.614s] -- Installing: /home/javierfr/Tesis_ws/V1/install/interfaces/lib/libinterfaces__rosidl_typesupport_cpp.so
[5.614s] -- Set runtime path of "/home/javierfr/Tesis_ws/V1/install/interfaces/lib/libinterfaces__rosidl_typesupport_cpp.so" to ""
[5.614s] -- Up-to-date: /home/javierfr/Tesis_ws/V1/install/interfaces/share/interfaces/environment/pythonpath.sh
[5.614s] -- Installing: /home/javierfr/Tesis_ws/V1/install/interfaces/share/interfaces/environment/pythonpath.dsv
[5.614s] -- Installing: /home/javierfr/Tesis_ws/V1/install/interfaces/lib/python3.8/site-packages/interfaces/__init__.py
[5.637s] Compiling '/home/javierfr/Tesis_ws/V1/install/interfaces/lib/python3.8/site-packages/interfaces/__init__.py'...
[5.639s] -- Up-to-date: /home/javierfr/Tesis_ws/V1/install/interfaces/lib/python3.8/site-packages/interfaces/srv
[5.640s] -- Installing: /home/javierfr/Tesis_ws/V1/install/interfaces/lib/python3.8/site-packages/interfaces/srv/__init__.py
[5.640s] -- Installing: /home/javierfr/Tesis_ws/V1/install/interfaces/lib/python3.8/site-packages/interfaces/srv/_platform_vel_s.c
[5.640s] -- Installing: /home/javierfr/Tesis_ws/V1/install/interfaces/lib/python3.8/site-packages/interfaces/srv/_control_pid_start_s.c
[5.640s] -- Installing: /home/javierfr/Tesis_ws/V1/install/interfaces/lib/python3.8/site-packages/interfaces/srv/_robot_vel.py
[5.640s] -- Installing: /home/javierfr/Tesis_ws/V1/install/interfaces/lib/python3.8/site-packages/interfaces/srv/_platform_vel.py
[5.640s] -- Installing: /home/javierfr/Tesis_ws/V1/install/interfaces/lib/python3.8/site-packages/interfaces/srv/_robot_vel_s.c
[5.640s] -- Installing: /home/javierfr/Tesis_ws/V1/install/interfaces/lib/python3.8/site-packages/interfaces/srv/_control_pid_start.py
[5.640s] -- Up-to-date: /home/javierfr/Tesis_ws/V1/install/interfaces/lib/python3.8/site-packages/interfaces/msg
[5.641s] -- Installing: /home/javierfr/Tesis_ws/V1/install/interfaces/lib/python3.8/site-packages/interfaces/msg/_img_data_s.c
[5.641s] -- Installing: /home/javierfr/Tesis_ws/V1/install/interfaces/lib/python3.8/site-packages/interfaces/msg/__init__.py
[5.641s] -- Installing: /home/javierfr/Tesis_ws/V1/install/interfaces/lib/python3.8/site-packages/interfaces/msg/_plat_state_s.c
[5.641s] -- Installing: /home/javierfr/Tesis_ws/V1/install/interfaces/lib/python3.8/site-packages/interfaces/msg/_motor_vels_w_arm_s.c
[5.641s] -- Installing: /home/javierfr/Tesis_ws/V1/install/interfaces/lib/python3.8/site-packages/interfaces/msg/_control_data.py
[5.641s] -- Installing: /home/javierfr/Tesis_ws/V1/install/interfaces/lib/python3.8/site-packages/interfaces/msg/_limit_switch_s.c
[5.641s] -- Installing: /home/javierfr/Tesis_ws/V1/install/interfaces/lib/python3.8/site-packages/interfaces/msg/_img_data.py
[5.641s] -- Installing: /home/javierfr/Tesis_ws/V1/install/interfaces/lib/python3.8/site-packages/interfaces/msg/_control_data_s.c
[5.641s] -- Installing: /home/javierfr/Tesis_ws/V1/install/interfaces/lib/python3.8/site-packages/interfaces/msg/_motor_vels.py
[5.641s] -- Installing: /home/javierfr/Tesis_ws/V1/install/interfaces/lib/python3.8/site-packages/interfaces/msg/_motor_vels_s.c
[5.642s] -- Installing: /home/javierfr/Tesis_ws/V1/install/interfaces/lib/python3.8/site-packages/interfaces/msg/_plat_state.py
[5.642s] -- Installing: /home/javierfr/Tesis_ws/V1/install/interfaces/lib/python3.8/site-packages/interfaces/msg/_limit_switch.py
[5.642s] -- Installing: /home/javierfr/Tesis_ws/V1/install/interfaces/lib/python3.8/site-packages/interfaces/msg/_motor_vels_w_arm.py
[5.642s] -- Installing: /home/javierfr/Tesis_ws/V1/install/interfaces/lib/python3.8/site-packages/interfaces/interfaces_s__rosidl_typesupport_fastrtps_c.cpython-38-x86_64-linux-gnu.so
[5.642s] -- Set runtime path of "/home/javierfr/Tesis_ws/V1/install/interfaces/lib/python3.8/site-packages/interfaces/interfaces_s__rosidl_typesupport_fastrtps_c.cpython-38-x86_64-linux-gnu.so" to ""
[5.642s] -- Installing: /home/javierfr/Tesis_ws/V1/install/interfaces/lib/python3.8/site-packages/interfaces/interfaces_s__rosidl_typesupport_introspection_c.cpython-38-x86_64-linux-gnu.so
[5.643s] -- Set runtime path of "/home/javierfr/Tesis_ws/V1/install/interfaces/lib/python3.8/site-packages/interfaces/interfaces_s__rosidl_typesupport_introspection_c.cpython-38-x86_64-linux-gnu.so" to ""
[5.643s] -- Installing: /home/javierfr/Tesis_ws/V1/install/interfaces/lib/python3.8/site-packages/interfaces/interfaces_s__rosidl_typesupport_c.cpython-38-x86_64-linux-gnu.so
[5.643s] -- Set runtime path of "/home/javierfr/Tesis_ws/V1/install/interfaces/lib/python3.8/site-packages/interfaces/interfaces_s__rosidl_typesupport_c.cpython-38-x86_64-linux-gnu.so" to ""
[5.643s] -- Installing: /home/javierfr/Tesis_ws/V1/install/interfaces/lib/libinterfaces__python.so
[5.644s] -- Set runtime path of "/home/javierfr/Tesis_ws/V1/install/interfaces/lib/libinterfaces__python.so" to ""
[5.644s] -- Up-to-date: /home/javierfr/Tesis_ws/V1/install/interfaces/share/interfaces/srv/PlatformVel.idl
[5.644s] -- Up-to-date: /home/javierfr/Tesis_ws/V1/install/interfaces/share/interfaces/msg/MotorVels.idl
[5.644s] -- Up-to-date: /home/javierfr/Tesis_ws/V1/install/interfaces/share/interfaces/msg/ImgData.idl
[5.644s] -- Up-to-date: /home/javierfr/Tesis_ws/V1/install/interfaces/share/interfaces/srv/ControlPidStart.idl
[5.644s] -- Up-to-date: /home/javierfr/Tesis_ws/V1/install/interfaces/share/interfaces/msg/PlatState.idl
[5.644s] -- Up-to-date: /home/javierfr/Tesis_ws/V1/install/interfaces/share/interfaces/msg/ControlData.idl
[5.645s] -- Up-to-date: /home/javierfr/Tesis_ws/V1/install/interfaces/share/interfaces/msg/MotorVelsWArm.idl
[5.645s] -- Up-to-date: /home/javierfr/Tesis_ws/V1/install/interfaces/share/interfaces/msg/LimitSwitch.idl
[5.645s] -- Installing: /home/javierfr/Tesis_ws/V1/install/interfaces/share/interfaces/srv/RobotVel.idl
[5.645s] -- Up-to-date: /home/javierfr/Tesis_ws/V1/install/interfaces/share/interfaces/srv/PlatformVel.srv
[5.645s] -- Up-to-date: /home/javierfr/Tesis_ws/V1/install/interfaces/share/interfaces/srv/PlatformVel_Request.msg
[5.645s] -- Up-to-date: /home/javierfr/Tesis_ws/V1/install/interfaces/share/interfaces/srv/PlatformVel_Response.msg
[5.645s] -- Up-to-date: /home/javierfr/Tesis_ws/V1/install/interfaces/share/interfaces/msg/MotorVels.msg
[5.645s] -- Up-to-date: /home/javierfr/Tesis_ws/V1/install/interfaces/share/interfaces/msg/ImgData.msg
[5.645s] -- Up-to-date: /home/javierfr/Tesis_ws/V1/install/interfaces/share/interfaces/srv/ControlPidStart.srv
[5.646s] -- Up-to-date: /home/javierfr/Tesis_ws/V1/install/interfaces/share/interfaces/srv/ControlPidStart_Request.msg
[5.646s] -- Up-to-date: /home/javierfr/Tesis_ws/V1/install/interfaces/share/interfaces/srv/ControlPidStart_Response.msg
[5.646s] -- Up-to-date: /home/javierfr/Tesis_ws/V1/install/interfaces/share/interfaces/msg/PlatState.msg
[5.646s] -- Up-to-date: /home/javierfr/Tesis_ws/V1/install/interfaces/share/interfaces/msg/ControlData.msg
[5.646s] -- Up-to-date: /home/javierfr/Tesis_ws/V1/install/interfaces/share/interfaces/msg/MotorVelsWArm.msg
[5.646s] -- Up-to-date: /home/javierfr/Tesis_ws/V1/install/interfaces/share/interfaces/msg/LimitSwitch.msg
[5.646s] -- Installing: /home/javierfr/Tesis_ws/V1/install/interfaces/share/interfaces/srv/RobotVel.srv
[5.646s] -- Installing: /home/javierfr/Tesis_ws/V1/install/interfaces/share/interfaces/srv/RobotVel_Request.msg
[5.646s] -- Installing: /home/javierfr/Tesis_ws/V1/install/interfaces/share/interfaces/srv/RobotVel_Response.msg
[5.646s] -- Up-to-date: /home/javierfr/Tesis_ws/V1/install/interfaces/share/ament_index/resource_index/package_run_dependencies/interfaces
[5.646s] -- Up-to-date: /home/javierfr/Tesis_ws/V1/install/interfaces/share/ament_index/resource_index/parent_prefix_path/interfaces
[5.647s] -- Up-to-date: /home/javierfr/Tesis_ws/V1/install/interfaces/share/interfaces/environment/ament_prefix_path.sh
[5.647s] -- Installing: /home/javierfr/Tesis_ws/V1/install/interfaces/share/interfaces/environment/ament_prefix_path.dsv
[5.647s] -- Up-to-date: /home/javierfr/Tesis_ws/V1/install/interfaces/share/interfaces/environment/path.sh
[5.647s] -- Installing: /home/javierfr/Tesis_ws/V1/install/interfaces/share/interfaces/environment/path.dsv
[5.647s] -- Up-to-date: /home/javierfr/Tesis_ws/V1/install/interfaces/share/interfaces/local_setup.bash
[5.647s] -- Up-to-date: /home/javierfr/Tesis_ws/V1/install/interfaces/share/interfaces/local_setup.sh
[5.647s] -- Up-to-date: /home/javierfr/Tesis_ws/V1/install/interfaces/share/interfaces/local_setup.zsh
[5.647s] -- Installing: /home/javierfr/Tesis_ws/V1/install/interfaces/share/interfaces/local_setup.dsv
[5.647s] -- Installing: /home/javierfr/Tesis_ws/V1/install/interfaces/share/interfaces/package.dsv
[5.647s] -- Up-to-date: /home/javierfr/Tesis_ws/V1/install/interfaces/share/ament_index/resource_index/packages/interfaces
[5.648s] -- Up-to-date: /home/javierfr/Tesis_ws/V1/install/interfaces/share/interfaces/cmake/interfaces__rosidl_generator_cExport.cmake
[5.648s] -- Installing: /home/javierfr/Tesis_ws/V1/install/interfaces/share/interfaces/cmake/interfaces__rosidl_generator_cExport-noconfig.cmake
[5.648s] -- Up-to-date: /home/javierfr/Tesis_ws/V1/install/interfaces/share/interfaces/cmake/interfaces__rosidl_typesupport_introspection_cExport.cmake
[5.648s] -- Installing: /home/javierfr/Tesis_ws/V1/install/interfaces/share/interfaces/cmake/interfaces__rosidl_typesupport_introspection_cExport-noconfig.cmake
[5.648s] -- Up-to-date: /home/javierfr/Tesis_ws/V1/install/interfaces/share/interfaces/cmake/interfaces__rosidl_typesupport_cExport.cmake
[5.648s] -- Installing: /home/javierfr/Tesis_ws/V1/install/interfaces/share/interfaces/cmake/interfaces__rosidl_typesupport_cExport-noconfig.cmake
[5.648s] -- Up-to-date: /home/javierfr/Tesis_ws/V1/install/interfaces/share/interfaces/cmake/interfaces__rosidl_generator_cppExport.cmake
[5.648s] -- Up-to-date: /home/javierfr/Tesis_ws/V1/install/interfaces/share/interfaces/cmake/interfaces__rosidl_typesupport_introspection_cppExport.cmake
[5.648s] -- Installing: /home/javierfr/Tesis_ws/V1/install/interfaces/share/interfaces/cmake/interfaces__rosidl_typesupport_introspection_cppExport-noconfig.cmake
[5.648s] -- Up-to-date: /home/javierfr/Tesis_ws/V1/install/interfaces/share/interfaces/cmake/interfaces__rosidl_typesupport_cppExport.cmake
[5.648s] -- Installing: /home/javierfr/Tesis_ws/V1/install/interfaces/share/interfaces/cmake/interfaces__rosidl_typesupport_cppExport-noconfig.cmake
[5.648s] -- Installing: /home/javierfr/Tesis_ws/V1/install/interfaces/share/interfaces/cmake/rosidl_cmake-extras.cmake
[5.649s] -- Up-to-date: /home/javierfr/Tesis_ws/V1/install/interfaces/share/interfaces/cmake/ament_cmake_export_dependencies-extras.cmake
[5.650s] -- Up-to-date: /home/javierfr/Tesis_ws/V1/install/interfaces/share/interfaces/cmake/ament_cmake_export_libraries-extras.cmake
[5.650s] -- Up-to-date: /home/javierfr/Tesis_ws/V1/install/interfaces/share/interfaces/cmake/ament_cmake_export_targets-extras.cmake
[5.651s] -- Up-to-date: /home/javierfr/Tesis_ws/V1/install/interfaces/share/interfaces/cmake/ament_cmake_export_include_directories-extras.cmake
[5.651s] -- Up-to-date: /home/javierfr/Tesis_ws/V1/install/interfaces/share/interfaces/cmake/rosidl_cmake_export_typesupport_libraries-extras.cmake
[5.651s] -- Up-to-date: /home/javierfr/Tesis_ws/V1/install/interfaces/share/interfaces/cmake/rosidl_cmake_export_typesupport_targets-extras.cmake
[5.651s] -- Up-to-date: /home/javierfr/Tesis_ws/V1/install/interfaces/share/interfaces/cmake/interfacesConfig.cmake
[5.651s] -- Up-to-date: /home/javierfr/Tesis_ws/V1/install/interfaces/share/interfaces/cmake/interfacesConfig-version.cmake
[5.651s] -- Up-to-date: /home/javierfr/Tesis_ws/V1/install/interfaces/share/interfaces/package.xml
[5.651s] Invoked command in '/home/javierfr/Tesis_ws/V1/build/interfaces' returned '0': CMAKE_PREFIX_PATH=${CMAKE_PREFIX_PATH}:/opt/ros/foxy /usr/bin/cmake --install /home/javierfr/Tesis_ws/V1/build/interfaces
