[0.015s] Invoking command in '/home/javierfr/Robotics_Cyber_Physical_LAB/build/inv_kinematics_pkg': CMAKE_PREFIX_PATH=/home/javierfr/Robotics_Cyber_Physical_LAB/install/interfaces:/opt/ros/foxy /usr/bin/cmake /home/javierfr/Robotics_Cyber_Physical_LAB/src/inv_kinematics_pkg -DCMAKE_INSTALL_PREFIX=/home/javierfr/Robotics_Cyber_Physical_LAB/install/inv_kinematics_pkg
[0.075s] -- The C compiler identification is GNU 9.4.0
[0.128s] -- The CXX compiler identification is GNU 9.4.0
[0.132s] -- Check for working C compiler: /usr/lib/ccache/cc
[0.213s] -- Check for working C compiler: /usr/lib/ccache/cc -- works
[0.214s] -- Detecting C compiler ABI info
[0.274s] -- Detecting C compiler ABI info - done
[0.283s] -- Detecting C compile features
[0.283s] -- Detecting C compile features - done
[0.285s] -- Check for working CXX compiler: /usr/lib/ccache/c++
[0.495s] -- Check for working CXX compiler: /usr/lib/ccache/c++ -- works
[0.496s] -- Detecting CXX compiler ABI info
[0.564s] -- Detecting CXX compiler ABI info - done
[0.574s] -- Detecting CXX compile features
[0.575s] -- Detecting CXX compile features - done
[0.577s] -- Found ament_cmake: 0.9.9 (/opt/ros/foxy/share/ament_cmake/cmake)
[0.599s] -- Found PythonInterp: /usr/bin/python3 (found suitable version "3.8.10", minimum required is "3") 
[0.599s] -- Using PYTHON_EXECUTABLE: /usr/bin/python3
[0.800s] -- Found rclcpp: 2.4.1 (/opt/ros/foxy/share/rclcpp/cmake)
[0.838s] -- Using all available rosidl_typesupport_c: rosidl_typesupport_fastrtps_c;rosidl_typesupport_introspection_c
[0.843s] -- Found rosidl_adapter: 1.2.1 (/opt/ros/foxy/share/rosidl_adapter/cmake)
[0.940s] -- Found OpenSSL: /usr/lib/x86_64-linux-gnu/libcrypto.so (found version "1.1.1f")  
[0.969s] -- Found FastRTPS: /opt/ros/foxy/include  
[1.040s] -- Using all available rosidl_typesupport_cpp: rosidl_typesupport_fastrtps_cpp;rosidl_typesupport_introspection_cpp
[1.087s] -- Found rmw_implementation_cmake: 1.0.3 (/opt/ros/foxy/share/rmw_implementation_cmake/cmake)
[1.088s] -- Using RMW implementation 'rmw_fastrtps_cpp' as default
[1.089s] -- Looking for pthread.h
[1.176s] -- Looking for pthread.h - found
[1.176s] -- Performing Test CMAKE_HAVE_LIBC_PTHREAD
[1.267s] -- Performing Test CMAKE_HAVE_LIBC_PTHREAD - Failed
[1.268s] -- Looking for pthread_create in pthreads
[1.318s] -- Looking for pthread_create in pthreads - not found
[1.318s] -- Looking for pthread_create in pthread
[1.377s] -- Looking for pthread_create in pthread - found
[1.378s] -- Found Threads: TRUE  
[1.502s] -- Found interfaces: 0.0.0 (/home/javierfr/Robotics_Cyber_Physical_LAB/install/interfaces/share/interfaces/cmake)
[1.508s] -- Found geometry_msgs: 2.0.5 (/opt/ros/foxy/share/geometry_msgs/cmake)
[1.588s] -- Configuring done
[1.609s] -- Generating done
[1.610s] -- Build files have been written to: /home/javierfr/Robotics_Cyber_Physical_LAB/build/inv_kinematics_pkg
[1.617s] Invoked command in '/home/javierfr/Robotics_Cyber_Physical_LAB/build/inv_kinematics_pkg' returned '0': CMAKE_PREFIX_PATH=/home/javierfr/Robotics_Cyber_Physical_LAB/install/interfaces:/opt/ros/foxy /usr/bin/cmake /home/javierfr/Robotics_Cyber_Physical_LAB/src/inv_kinematics_pkg -DCMAKE_INSTALL_PREFIX=/home/javierfr/Robotics_Cyber_Physical_LAB/install/inv_kinematics_pkg
[1.619s] Invoking command in '/home/javierfr/Robotics_Cyber_Physical_LAB/build/inv_kinematics_pkg': CMAKE_PREFIX_PATH=/home/javierfr/Robotics_Cyber_Physical_LAB/install/interfaces:/opt/ros/foxy /usr/bin/cmake --build /home/javierfr/Robotics_Cyber_Physical_LAB/build/inv_kinematics_pkg -- -j12 -l12
[1.662s] [35m[1mScanning dependencies of target platform1_vel_test_client[0m
[1.662s] [35m[1mScanning dependencies of target platform1_vel_server[0m
[1.662s] [35m[1mScanning dependencies of target robot1_vel_server[0m
[1.663s] [35m[1mScanning dependencies of target robot2_vel_server[0m
[1.664s] [35m[1mScanning dependencies of target platform2_vel_server[0m
[1.667s] [35m[1mScanning dependencies of target platform2_vel_test_client[0m
[9.155s] [ 25%] [32mBuilding CXX object CMakeFiles/platform2_vel_server.dir/src/platform2_vel_server.cpp.o[0m
[9.155s] [ 25%] [32mBuilding CXX object CMakeFiles/platform1_vel_server.dir/src/platform1_vel_server.cpp.o[0m
[9.155s] [ 25%] [32mBuilding CXX object CMakeFiles/platform1_vel_test_client.dir/src/platform1_vel_test_client.cpp.o[0m
[9.155s] [ 33%] [32mBuilding CXX object CMakeFiles/robot1_vel_server.dir/src/robot1_vel_server.cpp.o[0m
[9.156s] [ 41%] [32mBuilding CXX object CMakeFiles/platform2_vel_test_client.dir/src/platform2_vel_test_client.cpp.o[0m
[9.156s] [ 50%] [32mBuilding CXX object CMakeFiles/robot2_vel_server.dir/src/robot2_vel_server.cpp.o[0m
[13.304s] [ 58%] [32m[1mLinking CXX executable platform1_vel_test_client[0m
[13.421s] [ 66%] [32m[1mLinking CXX executable platform2_vel_test_client[0m
[13.652s] [ 66%] Built target platform1_vel_test_client
[13.760s] [ 66%] Built target platform2_vel_test_client
[14.431s] [ 75%] [32m[1mLinking CXX executable robot1_vel_server[0m
[14.708s] [ 75%] Built target robot1_vel_server
[14.893s] [ 83%] [32m[1mLinking CXX executable platform1_vel_server[0m
[15.124s] [ 91%] [32m[1mLinking CXX executable platform2_vel_server[0m
[15.147s] [ 91%] Built target platform1_vel_server
[15.204s] [100%] [32m[1mLinking CXX executable robot2_vel_server[0m
[15.340s] [100%] Built target platform2_vel_server
[15.409s] [100%] Built target robot2_vel_server
[15.423s] Invoked command in '/home/javierfr/Robotics_Cyber_Physical_LAB/build/inv_kinematics_pkg' returned '0': CMAKE_PREFIX_PATH=/home/javierfr/Robotics_Cyber_Physical_LAB/install/interfaces:/opt/ros/foxy /usr/bin/cmake --build /home/javierfr/Robotics_Cyber_Physical_LAB/build/inv_kinematics_pkg -- -j12 -l12
[15.535s] Invoking command in '/home/javierfr/Robotics_Cyber_Physical_LAB/build/inv_kinematics_pkg': CMAKE_PREFIX_PATH=/home/javierfr/Robotics_Cyber_Physical_LAB/install/interfaces:/opt/ros/foxy /usr/bin/cmake --install /home/javierfr/Robotics_Cyber_Physical_LAB/build/inv_kinematics_pkg
[15.547s] -- Install configuration: ""
[15.547s] -- Installing: /home/javierfr/Robotics_Cyber_Physical_LAB/install/inv_kinematics_pkg/lib/inv_kinematics_pkg/platform1_vel_server
[15.549s] -- Set runtime path of "/home/javierfr/Robotics_Cyber_Physical_LAB/install/inv_kinematics_pkg/lib/inv_kinematics_pkg/platform1_vel_server" to ""
[15.549s] -- Installing: /home/javierfr/Robotics_Cyber_Physical_LAB/install/inv_kinematics_pkg/lib/inv_kinematics_pkg/platform1_vel_test_client
[15.550s] -- Set runtime path of "/home/javierfr/Robotics_Cyber_Physical_LAB/install/inv_kinematics_pkg/lib/inv_kinematics_pkg/platform1_vel_test_client" to ""
[15.550s] -- Installing: /home/javierfr/Robotics_Cyber_Physical_LAB/install/inv_kinematics_pkg/lib/inv_kinematics_pkg/platform2_vel_server
[15.551s] -- Set runtime path of "/home/javierfr/Robotics_Cyber_Physical_LAB/install/inv_kinematics_pkg/lib/inv_kinematics_pkg/platform2_vel_server" to ""
[15.551s] -- Installing: /home/javierfr/Robotics_Cyber_Physical_LAB/install/inv_kinematics_pkg/lib/inv_kinematics_pkg/platform2_vel_test_client
[15.552s] -- Set runtime path of "/home/javierfr/Robotics_Cyber_Physical_LAB/install/inv_kinematics_pkg/lib/inv_kinematics_pkg/platform2_vel_test_client" to ""
[15.552s] -- Installing: /home/javierfr/Robotics_Cyber_Physical_LAB/install/inv_kinematics_pkg/lib/inv_kinematics_pkg/robot1_vel_server
[15.553s] -- Set runtime path of "/home/javierfr/Robotics_Cyber_Physical_LAB/install/inv_kinematics_pkg/lib/inv_kinematics_pkg/robot1_vel_server" to ""
[15.553s] -- Installing: /home/javierfr/Robotics_Cyber_Physical_LAB/install/inv_kinematics_pkg/lib/inv_kinematics_pkg/robot2_vel_server
[15.554s] -- Set runtime path of "/home/javierfr/Robotics_Cyber_Physical_LAB/install/inv_kinematics_pkg/lib/inv_kinematics_pkg/robot2_vel_server" to ""
[15.554s] -- Installing: /home/javierfr/Robotics_Cyber_Physical_LAB/install/inv_kinematics_pkg/share/ament_index/resource_index/package_run_dependencies/inv_kinematics_pkg
[15.555s] -- Installing: /home/javierfr/Robotics_Cyber_Physical_LAB/install/inv_kinematics_pkg/share/ament_index/resource_index/parent_prefix_path/inv_kinematics_pkg
[15.555s] -- Installing: /home/javierfr/Robotics_Cyber_Physical_LAB/install/inv_kinematics_pkg/share/inv_kinematics_pkg/environment/ament_prefix_path.sh
[15.555s] -- Installing: /home/javierfr/Robotics_Cyber_Physical_LAB/install/inv_kinematics_pkg/share/inv_kinematics_pkg/environment/ament_prefix_path.dsv
[15.555s] -- Installing: /home/javierfr/Robotics_Cyber_Physical_LAB/install/inv_kinematics_pkg/share/inv_kinematics_pkg/environment/path.sh
[15.555s] -- Installing: /home/javierfr/Robotics_Cyber_Physical_LAB/install/inv_kinematics_pkg/share/inv_kinematics_pkg/environment/path.dsv
[15.555s] -- Installing: /home/javierfr/Robotics_Cyber_Physical_LAB/install/inv_kinematics_pkg/share/inv_kinematics_pkg/local_setup.bash
[15.555s] -- Installing: /home/javierfr/Robotics_Cyber_Physical_LAB/install/inv_kinematics_pkg/share/inv_kinematics_pkg/local_setup.sh
[15.556s] -- Installing: /home/javierfr/Robotics_Cyber_Physical_LAB/install/inv_kinematics_pkg/share/inv_kinematics_pkg/local_setup.zsh
[15.556s] -- Installing: /home/javierfr/Robotics_Cyber_Physical_LAB/install/inv_kinematics_pkg/share/inv_kinematics_pkg/local_setup.dsv
[15.556s] -- Installing: /home/javierfr/Robotics_Cyber_Physical_LAB/install/inv_kinematics_pkg/share/inv_kinematics_pkg/package.dsv
[15.557s] -- Installing: /home/javierfr/Robotics_Cyber_Physical_LAB/install/inv_kinematics_pkg/share/ament_index/resource_index/packages/inv_kinematics_pkg
[15.557s] -- Installing: /home/javierfr/Robotics_Cyber_Physical_LAB/install/inv_kinematics_pkg/share/inv_kinematics_pkg/cmake/inv_kinematics_pkgConfig.cmake
[15.557s] -- Installing: /home/javierfr/Robotics_Cyber_Physical_LAB/install/inv_kinematics_pkg/share/inv_kinematics_pkg/cmake/inv_kinematics_pkgConfig-version.cmake
[15.557s] -- Installing: /home/javierfr/Robotics_Cyber_Physical_LAB/install/inv_kinematics_pkg/share/inv_kinematics_pkg/package.xml
[15.565s] Invoked command in '/home/javierfr/Robotics_Cyber_Physical_LAB/build/inv_kinematics_pkg' returned '0': CMAKE_PREFIX_PATH=/home/javierfr/Robotics_Cyber_Physical_LAB/install/interfaces:/opt/ros/foxy /usr/bin/cmake --install /home/javierfr/Robotics_Cyber_Physical_LAB/build/inv_kinematics_pkg
