/home/javierfr/Tesis_ws/V1/src/control_pkg/src/control_pid_p1_server.cpp:16:72: error: non-member function ‘void subs_callback(interfaces::msg::ImgData_<std::allocator<void> >::SharedPtr)’ cannot have cv-qualifier
   16 | void subs_callback(const interfaces::msg::ImgData::SharedPtr data_msg) const
      |                                                                        ^~~~~
/home/javierfr/Tesis_ws/V1/src/control_pkg/src/control_pid_p1_server.cpp: In function ‘void subs_callback(interfaces::msg::ImgData_<std::allocator<void> >::SharedPtr)’:
/home/javierfr/Tesis_ws/V1/src/control_pkg/src/control_pid_p1_server.cpp:16:62: warning: unused parameter ‘data_msg’ [-Wunused-parameter]
   16 | void subs_callback(const interfaces::msg::ImgData::SharedPtr data_msg) const
      |                    ~~~~~~~~~~~~~~~~~~~~~~~~~~~~~~~~~~~~~~~~~~^~~~~~~~
In file included from /opt/ros/foxy/include/rclcpp/context.hpp:19,
                 from /opt/ros/foxy/include/rclcpp/contexts/default_context.hpp:18,
                 from /opt/ros/foxy/include/rclcpp/executor.hpp:32,
                 from /opt/ros/foxy/include/rclcpp/executors/multi_threaded_executor.hpp:25,
                 from /opt/ros/foxy/include/rclcpp/executors.hpp:21,
                 from /opt/ros/foxy/include/rclcpp/rclcpp.hpp:146,
                 from /home/javierfr/Tesis_ws/V1/src/control_pkg/src/control_pid_p1_server.cpp:1:
/usr/include/c++/9/functional: In instantiation of ‘struct std::_Bind_check_arity<void (*)(std::shared_ptr<interfaces::msg::ImgData_<std::allocator<void> > >), std::shared_ptr<rclcpp::Node>&, const std::_Placeholder<1>&>’:
/usr/include/c++/9/functional:787:12:   required from ‘struct std::_Bind_helper<false, void (*)(std::shared_ptr<interfaces::msg::ImgData_<std::allocator<void> > >), std::shared_ptr<rclcpp::Node>&, const std::_Placeholder<1>&>’
/usr/include/c++/9/functional:808:5:   required by substitution of ‘template<class _Func, class ... _BoundArgs> typename std::_Bind_helper<std::__is_socketlike<_Func>::value, _Func, _BoundArgs ...>::type std::bind(_Func&&, _BoundArgs&& ...) [with _Func = void (*)(std::shared_ptr<interfaces::msg::ImgData_<std::allocator<void> > >); _BoundArgs = {std::shared_ptr<rclcpp::Node>&, const std::_Placeholder<1>&}]’
/home/javierfr/Tesis_ws/V1/src/control_pkg/src/control_pid_p1_server.cpp:27:70:   required from here
/usr/include/c++/9/functional:758:43: error: static assertion failed: Wrong number of arguments for function
  758 |       static_assert(sizeof...(_BoundArgs) == sizeof...(_Args),
      |                     ~~~~~~~~~~~~~~~~~~~~~~^~~~~~~~~~~~~~~~~~~
/home/javierfr/Tesis_ws/V1/src/control_pkg/src/control_pid_p1_server.cpp: In function ‘void pid_serv(std::shared_ptr<interfaces::srv::ControlPidStart_Request_<std::allocator<void> > >, std::shared_ptr<interfaces::srv::ControlPidStart_Response_<std::allocator<void> > >)’:
/home/javierfr/Tesis_ws/V1/src/control_pkg/src/control_pid_p1_server.cpp:23:80: warning: unused parameter ‘request’ [-Wunused-parameter]
   23 | void pid_serv(const std::shared_ptr<interfaces::srv::ControlPidStart::Request> request,
      |               ~~~~~~~~~~~~~~~~~~~~~~~~~~~~~~~~~~~~~~~~~~~~~~~~~~~~~~~~~~~~~~~~~^~~~~~~
/home/javierfr/Tesis_ws/V1/src/control_pkg/src/control_pid_p1_server.cpp:24:63: warning: unused parameter ‘response’ [-Wunused-parameter]
   24 |   std::shared_ptr<interfaces::srv::ControlPidStart::Response> response)
      |   ~~~~~~~~~~~~~~~~~~~~~~~~~~~~~~~~~~~~~~~~~~~~~~~~~~~~~~~~~~~~^~~~~~~~
In file included from /opt/ros/foxy/include/rclcpp/subscription_base.hpp:29,
                 from /opt/ros/foxy/include/rclcpp/callback_group.hpp:26,
                 from /opt/ros/foxy/include/rclcpp/any_executable.hpp:20,
                 from /opt/ros/foxy/include/rclcpp/memory_strategy.hpp:24,
                 from /opt/ros/foxy/include/rclcpp/memory_strategies.hpp:18,
                 from /opt/ros/foxy/include/rclcpp/executor_options.hpp:20,
                 from /opt/ros/foxy/include/rclcpp/executor.hpp:33,
                 from /opt/ros/foxy/include/rclcpp/executors/multi_threaded_executor.hpp:25,
                 from /opt/ros/foxy/include/rclcpp/executors.hpp:21,
                 from /opt/ros/foxy/include/rclcpp/rclcpp.hpp:146,
                 from /home/javierfr/Tesis_ws/V1/src/control_pkg/src/control_pid_p1_server.cpp:1:
/opt/ros/foxy/include/rclcpp/any_subscription_callback.hpp: In instantiation of ‘void rclcpp::AnySubscriptionCallback<MessageT, Alloc>::set(CallbackT) [with CallbackT = std::_Bind<void (*(std::shared_ptr<rclcpp::Node>, std::_Placeholder<1>))(std::shared_ptr<interfaces::msg::ImgData_<std::allocator<void> > >)>; typename std::enable_if<rclcpp::function_traits::same_arguments<CallbackT, std::function<void(std::shared_ptr<_Tp>)> >::value>::type* <anonymous> = 0; MessageT = interfaces::msg::ImgData_<std::allocator<void> >; Alloc = std::allocator<void>]’:
/opt/ros/foxy/include/rclcpp/subscription_factory.hpp:97:3:   required from ‘rclcpp::SubscriptionFactory rclcpp::create_subscription_factory(CallbackT&&, const rclcpp::SubscriptionOptionsWithAllocator<AllocatorT>&, typename MessageMemoryStrategyT::SharedPtr, std::shared_ptr<rclcpp::topic_statistics::SubscriptionTopicStatistics<CallbackMessageT> >) [with MessageT = interfaces::msg::ImgData_<std::allocator<void> >; CallbackT = std::_Bind<void (*(std::shared_ptr<rclcpp::Node>, std::_Placeholder<1>))(std::shared_ptr<interfaces::msg::ImgData_<std::allocator<void> > >)>; AllocatorT = std::allocator<void>; CallbackMessageT = interfaces::msg::ImgData_<std::allocator<void> >; SubscriptionT = rclcpp::Subscription<interfaces::msg::ImgData_<std::allocator<void> > >; MessageMemoryStrategyT = rclcpp::message_memory_strategy::MessageMemoryStrategy<interfaces::msg::ImgData_<std::allocator<void> >, std::allocator<void> >; typename MessageMemoryStrategyT::SharedPtr = std::shared_ptr<rclcpp::message_memory_strategy::MessageMemoryStrategy<interfaces::msg::ImgData_<std::allocator<void> >, std::allocator<void> > >]’
/opt/ros/foxy/include/rclcpp/create_subscription.hpp:144:63:   required from ‘std::shared_ptr<SubscriptionT> rclcpp::create_subscription(NodeT&&, const string&, const rclcpp::QoS&, CallbackT&&, const rclcpp::SubscriptionOptionsWithAllocator<AllocatorT>&, typename MessageMemoryStrategyT::SharedPtr) [with MessageT = interfaces::msg::ImgData_<std::allocator<void> >; CallbackT = std::_Bind<void (*(std::shared_ptr<rclcpp::Node>, std::_Placeholder<1>))(std::shared_ptr<interfaces::msg::ImgData_<std::allocator<void> > >)>; AllocatorT = std::allocator<void>; CallbackMessageT = interfaces::msg::ImgData_<std::allocator<void> >; SubscriptionT = rclcpp::Subscription<interfaces::msg::ImgData_<std::allocator<void> > >; MessageMemoryStrategyT = rclcpp::message_memory_strategy::MessageMemoryStrategy<interfaces::msg::ImgData_<std::allocator<void> >, std::allocator<void> >; NodeT = rclcpp::Node&; std::string = std::__cxx11::basic_string<char>; typename MessageMemoryStrategyT::SharedPtr = std::shared_ptr<rclcpp::message_memory_strategy::MessageMemoryStrategy<interfaces::msg::ImgData_<std::allocator<void> >, std::allocator<void> > >]’
/opt/ros/foxy/include/rclcpp/node_impl.hpp:98:47:   required from ‘std::shared_ptr<SubscriptionT> rclcpp::Node::create_subscription(const string&, const rclcpp::QoS&, CallbackT&&, const rclcpp::SubscriptionOptionsWithAllocator<AllocatorT>&, typename MessageMemoryStrategyT::SharedPtr) [with MessageT = interfaces::msg::ImgData_<std::allocator<void> >; CallbackT = std::_Bind<void (*(std::shared_ptr<rclcpp::Node>, std::_Placeholder<1>))(std::shared_ptr<interfaces::msg::ImgData_<std::allocator<void> > >)>; AllocatorT = std::allocator<void>; CallbackMessageT = interfaces::msg::ImgData_<std::allocator<void> >; SubscriptionT = rclcpp::Subscription<interfaces::msg::ImgData_<std::allocator<void> > >; MessageMemoryStrategyT = rclcpp::message_memory_strategy::MessageMemoryStrategy<interfaces::msg::ImgData_<std::allocator<void> >, std::allocator<void> >; std::string = std::__cxx11::basic_string<char>; typename MessageMemoryStrategyT::SharedPtr = std::shared_ptr<rclcpp::message_memory_strategy::MessageMemoryStrategy<interfaces::msg::ImgData_<std::allocator<void> >, std::allocator<void> > >]’
/home/javierfr/Tesis_ws/V1/src/control_pkg/src/control_pid_p1_server.cpp:27:71:   required from here
/opt/ros/foxy/include/rclcpp/any_subscription_callback.hpp:85:26: error: no match for ‘operator=’ (operand types are ‘rclcpp::AnySubscriptionCallback<interfaces::msg::ImgData_<std::allocator<void> >, std::allocator<void> >::SharedPtrCallback’ {aka ‘std::function<void(std::shared_ptr<interfaces::msg::ImgData_<std::allocator<void> > >)>’} and ‘std::_Bind<void (*(std::shared_ptr<rclcpp::Node>, std::_Placeholder<1>))(std::shared_ptr<interfaces::msg::ImgData_<std::allocator<void> > >)>’)
   85 |     shared_ptr_callback_ = callback;
      |     ~~~~~~~~~~~~~~~~~~~~~^~~~~~~~~~
In file included from /usr/include/c++/9/future:48,
                 from /opt/ros/foxy/include/rclcpp/executors.hpp:18,
                 from /opt/ros/foxy/include/rclcpp/rclcpp.hpp:146,
                 from /home/javierfr/Tesis_ws/V1/src/control_pkg/src/control_pid_p1_server.cpp:1:
/usr/include/c++/9/bits/std_function.h:462:7: note: candidate: ‘std::function<_Res(_ArgTypes ...)>& std::function<_Res(_ArgTypes ...)>::operator=(const std::function<_Res(_ArgTypes ...)>&) [with _Res = void; _ArgTypes = {std::shared_ptr<interfaces::msg::ImgData_<std::allocator<void> > >}]’
  462 |       operator=(const function& __x)
      |       ^~~~~~~~
/usr/include/c++/9/bits/std_function.h:462:33: note:   no known conversion for argument 1 from ‘std::_Bind<void (*(std::shared_ptr<rclcpp::Node>, std::_Placeholder<1>))(std::shared_ptr<interfaces::msg::ImgData_<std::allocator<void> > >)>’ to ‘const std::function<void(std::shared_ptr<interfaces::msg::ImgData_<std::allocator<void> > >)>&’
  462 |       operator=(const function& __x)
      |                 ~~~~~~~~~~~~~~~~^~~
/usr/include/c++/9/bits/std_function.h:480:7: note: candidate: ‘std::function<_Res(_ArgTypes ...)>& std::function<_Res(_ArgTypes ...)>::operator=(std::function<_Res(_ArgTypes ...)>&&) [with _Res = void; _ArgTypes = {std::shared_ptr<interfaces::msg::ImgData_<std::allocator<void> > >}]’
  480 |       operator=(function&& __x) noexcept
      |       ^~~~~~~~
/usr/include/c++/9/bits/std_function.h:480:28: note:   no known conversion for argument 1 from ‘std::_Bind<void (*(std::shared_ptr<rclcpp::Node>, std::_Placeholder<1>))(std::shared_ptr<interfaces::msg::ImgData_<std::allocator<void> > >)>’ to ‘std::function<void(std::shared_ptr<interfaces::msg::ImgData_<std::allocator<void> > >)>&&’
  480 |       operator=(function&& __x) noexcept
      |                 ~~~~~~~~~~~^~~
/usr/include/c++/9/bits/std_function.h:494:7: note: candidate: ‘std::function<_Res(_ArgTypes ...)>& std::function<_Res(_ArgTypes ...)>::operator=(std::nullptr_t) [with _Res = void; _ArgTypes = {std::shared_ptr<interfaces::msg::ImgData_<std::allocator<void> > >}; std::nullptr_t = std::nullptr_t]’
  494 |       operator=(nullptr_t) noexcept
      |       ^~~~~~~~
/usr/include/c++/9/bits/std_function.h:494:17: note:   no known conversion for argument 1 from ‘std::_Bind<void (*(std::shared_ptr<rclcpp::Node>, std::_Placeholder<1>))(std::shared_ptr<interfaces::msg::ImgData_<std::allocator<void> > >)>’ to ‘std::nullptr_t’
  494 |       operator=(nullptr_t) noexcept
      |                 ^~~~~~~~~
/usr/include/c++/9/bits/std_function.h:523:2: note: candidate: ‘template<class _Functor> std::function<_Res(_ArgTypes ...)>::_Requires<std::function<_Res(_ArgTypes ...)>::_Callable<typename std::decay<_Functor>::type>, std::function<_Res(_ArgTypes ...)>&> std::function<_Res(_ArgTypes ...)>::operator=(_Functor&&) [with _Functor = _Functor; _Res = void; _ArgTypes = {std::shared_ptr<interfaces::msg::ImgData_<std::allocator<void> > >}]’
  523 |  operator=(_Functor&& __f)
      |  ^~~~~~~~
/usr/include/c++/9/bits/std_function.h:523:2: note:   template argument deduction/substitution failed:
/usr/include/c++/9/bits/std_function.h: In substitution of ‘template<class _Res, class ... _ArgTypes> template<class _Cond, class _Tp> using _Requires = typename std::enable_if<_Cond::value, _Tp>::type [with _Cond = std::function<void(std::shared_ptr<interfaces::msg::ImgData_<std::allocator<void> > >)>::_Callable<std::_Bind<void (*(std::shared_ptr<rclcpp::Node>, std::_Placeholder<1>))(std::shared_ptr<interfaces::msg::ImgData_<std::allocator<void> > >)>, std::__invoke_result<std::_Bind<void (*(std::shared_ptr<rclcpp::Node>, std::_Placeholder<1>))(std::shared_ptr<interfaces::msg::ImgData_<std::allocator<void> > >)>&, std::shared_ptr<interfaces::msg::ImgData_<std::allocator<void> > > > >; _Tp = std::function<void(std::shared_ptr<interfaces::msg::ImgData_<std::allocator<void> > >)>&; _Res = void; _ArgTypes = {std::shared_ptr<interfaces::msg::ImgData_<std::allocator<void> > >}]’:
/usr/include/c++/9/bits/std_function.h:523:2:   required by substitution of ‘template<class _Functor> std::function<void(std::shared_ptr<interfaces::msg::ImgData_<std::allocator<void> > >)>::_Requires<std::function<void(std::shared_ptr<interfaces::msg::ImgData_<std::allocator<void> > >)>::_Callable<typename std::decay<_Tp>::type, std::__invoke_result<typename std::decay<_Tp>::type&, std::shared_ptr<interfaces::msg::ImgData_<std::allocator<void> > > > >, std::function<void(std::shared_ptr<interfaces::msg::ImgData_<std::allocator<void> > >)>&> std::function<void(std::shared_ptr<interfaces::msg::ImgData_<std::allocator<void> > >)>::operator=<_Functor>(_Functor&&) [with _Functor = std::_Bind<void (*(std::shared_ptr<rclcpp::Node>, std::_Placeholder<1>))(std::shared_ptr<interfaces::msg::ImgData_<std::allocator<void> > >)>&]’
/opt/ros/foxy/include/rclcpp/any_subscription_callback.hpp:85:26:   required from ‘void rclcpp::AnySubscriptionCallback<MessageT, Alloc>::set(CallbackT) [with CallbackT = std::_Bind<void (*(std::shared_ptr<rclcpp::Node>, std::_Placeholder<1>))(std::shared_ptr<interfaces::msg::ImgData_<std::allocator<void> > >)>; typename std::enable_if<rclcpp::function_traits::same_arguments<CallbackT, std::function<void(std::shared_ptr<_Tp>)> >::value>::type* <anonymous> = 0; MessageT = interfaces::msg::ImgData_<std::allocator<void> >; Alloc = std::allocator<void>]’
/opt/ros/foxy/include/rclcpp/subscription_factory.hpp:97:3:   required from ‘rclcpp::SubscriptionFactory rclcpp::create_subscription_factory(CallbackT&&, const rclcpp::SubscriptionOptionsWithAllocator<AllocatorT>&, typename MessageMemoryStrategyT::SharedPtr, std::shared_ptr<rclcpp::topic_statistics::SubscriptionTopicStatistics<CallbackMessageT> >) [with MessageT = interfaces::msg::ImgData_<std::allocator<void> >; CallbackT = std::_Bind<void (*(std::shared_ptr<rclcpp::Node>, std::_Placeholder<1>))(std::shared_ptr<interfaces::msg::ImgData_<std::allocator<void> > >)>; AllocatorT = std::allocator<void>; CallbackMessageT = interfaces::msg::ImgData_<std::allocator<void> >; SubscriptionT = rclcpp::Subscription<interfaces::msg::ImgData_<std::allocator<void> > >; MessageMemoryStrategyT = rclcpp::message_memory_strategy::MessageMemoryStrategy<interfaces::msg::ImgData_<std::allocator<void> >, std::allocator<void> >; typename MessageMemoryStrategyT::SharedPtr = std::shared_ptr<rclcpp::message_memory_strategy::MessageMemoryStrategy<interfaces::msg::ImgData_<std::allocator<void> >, std::allocator<void> > >]’
/opt/ros/foxy/include/rclcpp/create_subscription.hpp:144:63:   required from ‘std::shared_ptr<SubscriptionT> rclcpp::create_subscription(NodeT&&, const string&, const rclcpp::QoS&, CallbackT&&, const rclcpp::SubscriptionOptionsWithAllocator<AllocatorT>&, typename MessageMemoryStrategyT::SharedPtr) [with MessageT = interfaces::msg::ImgData_<std::allocator<void> >; CallbackT = std::_Bind<void (*(std::shared_ptr<rclcpp::Node>, std::_Placeholder<1>))(std::shared_ptr<interfaces::msg::ImgData_<std::allocator<void> > >)>; AllocatorT = std::allocator<void>; CallbackMessageT = interfaces::msg::ImgData_<std::allocator<void> >; SubscriptionT = rclcpp::Subscription<interfaces::msg::ImgData_<std::allocator<void> > >; MessageMemoryStrategyT = rclcpp::message_memory_strategy::MessageMemoryStrategy<interfaces::msg::ImgData_<std::allocator<void> >, std::allocator<void> >; NodeT = rclcpp::Node&; std::string = std::__cxx11::basic_string<char>; typename MessageMemoryStrategyT::SharedPtr = std::shared_ptr<rclcpp::message_memory_strategy::MessageMemoryStrategy<interfaces::msg::ImgData_<std::allocator<void> >, std::allocator<void> > >]’
/opt/ros/foxy/include/rclcpp/node_impl.hpp:98:47:   required from ‘std::shared_ptr<SubscriptionT> rclcpp::Node::create_subscription(const string&, const rclcpp::QoS&, CallbackT&&, const rclcpp::SubscriptionOptionsWithAllocator<AllocatorT>&, typename MessageMemoryStrategyT::SharedPtr) [with MessageT = interfaces::msg::ImgData_<std::allocator<void> >; CallbackT = std::_Bind<void (*(std::shared_ptr<rclcpp::Node>, std::_Placeholder<1>))(std::shared_ptr<interfaces::msg::ImgData_<std::allocator<void> > >)>; AllocatorT = std::allocator<void>; CallbackMessageT = interfaces::msg::ImgData_<std::allocator<void> >; SubscriptionT = rclcpp::Subscription<interfaces::msg::ImgData_<std::allocator<void> > >; MessageMemoryStrategyT = rclcpp::message_memory_strategy::MessageMemoryStrategy<interfaces::msg::ImgData_<std::allocator<void> >, std::allocator<void> >; std::string = std::__cxx11::basic_string<char>; typename MessageMemoryStrategyT::SharedPtr = std::shared_ptr<rclcpp::message_memory_strategy::MessageMemoryStrategy<interfaces::msg::ImgData_<std::allocator<void> >, std::allocator<void> > >]’
/home/javierfr/Tesis_ws/V1/src/control_pkg/src/control_pid_p1_server.cpp:27:71:   required from here
/usr/include/c++/9/bits/std_function.h:385:8: error: no type named ‘type’ in ‘struct std::enable_if<false, std::function<void(std::shared_ptr<interfaces::msg::ImgData_<std::allocator<void> > >)>&>’
  385 |  using _Requires = typename enable_if<_Cond::value, _Tp>::type;
      |        ^~~~~~~~~
/opt/ros/foxy/include/rclcpp/any_subscription_callback.hpp: In instantiation of ‘void rclcpp::AnySubscriptionCallback<MessageT, Alloc>::set(CallbackT) [with CallbackT = std::_Bind<void (*(std::shared_ptr<rclcpp::Node>, std::_Placeholder<1>))(std::shared_ptr<interfaces::msg::ImgData_<std::allocator<void> > >)>; typename std::enable_if<rclcpp::function_traits::same_arguments<CallbackT, std::function<void(std::shared_ptr<_Tp>)> >::value>::type* <anonymous> = 0; MessageT = interfaces::msg::ImgData_<std::allocator<void> >; Alloc = std::allocator<void>]’:
/opt/ros/foxy/include/rclcpp/subscription_factory.hpp:97:3:   required from ‘rclcpp::SubscriptionFactory rclcpp::create_subscription_factory(CallbackT&&, const rclcpp::SubscriptionOptionsWithAllocator<AllocatorT>&, typename MessageMemoryStrategyT::SharedPtr, std::shared_ptr<rclcpp::topic_statistics::SubscriptionTopicStatistics<CallbackMessageT> >) [with MessageT = interfaces::msg::ImgData_<std::allocator<void> >; CallbackT = std::_Bind<void (*(std::shared_ptr<rclcpp::Node>, std::_Placeholder<1>))(std::shared_ptr<interfaces::msg::ImgData_<std::allocator<void> > >)>; AllocatorT = std::allocator<void>; CallbackMessageT = interfaces::msg::ImgData_<std::allocator<void> >; SubscriptionT = rclcpp::Subscription<interfaces::msg::ImgData_<std::allocator<void> > >; MessageMemoryStrategyT = rclcpp::message_memory_strategy::MessageMemoryStrategy<interfaces::msg::ImgData_<std::allocator<void> >, std::allocator<void> >; typename MessageMemoryStrategyT::SharedPtr = std::shared_ptr<rclcpp::message_memory_strategy::MessageMemoryStrategy<interfaces::msg::ImgData_<std::allocator<void> >, std::allocator<void> > >]’
/opt/ros/foxy/include/rclcpp/create_subscription.hpp:144:63:   required from ‘std::shared_ptr<SubscriptionT> rclcpp::create_subscription(NodeT&&, const string&, const rclcpp::QoS&, CallbackT&&, const rclcpp::SubscriptionOptionsWithAllocator<AllocatorT>&, typename MessageMemoryStrategyT::SharedPtr) [with MessageT = interfaces::msg::ImgData_<std::allocator<void> >; CallbackT = std::_Bind<void (*(std::shared_ptr<rclcpp::Node>, std::_Placeholder<1>))(std::shared_ptr<interfaces::msg::ImgData_<std::allocator<void> > >)>; AllocatorT = std::allocator<void>; CallbackMessageT = interfaces::msg::ImgData_<std::allocator<void> >; SubscriptionT = rclcpp::Subscription<interfaces::msg::ImgData_<std::allocator<void> > >; MessageMemoryStrategyT = rclcpp::message_memory_strategy::MessageMemoryStrategy<interfaces::msg::ImgData_<std::allocator<void> >, std::allocator<void> >; NodeT = rclcpp::Node&; std::string = std::__cxx11::basic_string<char>; typename MessageMemoryStrategyT::SharedPtr = std::shared_ptr<rclcpp::message_memory_strategy::MessageMemoryStrategy<interfaces::msg::ImgData_<std::allocator<void> >, std::allocator<void> > >]’
/opt/ros/foxy/include/rclcpp/node_impl.hpp:98:47:   required from ‘std::shared_ptr<SubscriptionT> rclcpp::Node::create_subscription(const string&, const rclcpp::QoS&, CallbackT&&, const rclcpp::SubscriptionOptionsWithAllocator<AllocatorT>&, typename MessageMemoryStrategyT::SharedPtr) [with MessageT = interfaces::msg::ImgData_<std::allocator<void> >; CallbackT = std::_Bind<void (*(std::shared_ptr<rclcpp::Node>, std::_Placeholder<1>))(std::shared_ptr<interfaces::msg::ImgData_<std::allocator<void> > >)>; AllocatorT = std::allocator<void>; CallbackMessageT = interfaces::msg::ImgData_<std::allocator<void> >; SubscriptionT = rclcpp::Subscription<interfaces::msg::ImgData_<std::allocator<void> > >; MessageMemoryStrategyT = rclcpp::message_memory_strategy::MessageMemoryStrategy<interfaces::msg::ImgData_<std::allocator<void> >, std::allocator<void> >; std::string = std::__cxx11::basic_string<char>; typename MessageMemoryStrategyT::SharedPtr = std::shared_ptr<rclcpp::message_memory_strategy::MessageMemoryStrategy<interfaces::msg::ImgData_<std::allocator<void> >, std::allocator<void> > >]’
/home/javierfr/Tesis_ws/V1/src/control_pkg/src/control_pid_p1_server.cpp:27:71:   required from here
/usr/include/c++/9/bits/std_function.h:532:2: note: candidate: ‘template<class _Functor> std::function<_Res(_ArgTypes ...)>& std::function<_Res(_ArgTypes ...)>::operator=(std::reference_wrapper<_Functor>) [with _Functor = _Functor; _Res = void; _ArgTypes = {std::shared_ptr<interfaces::msg::ImgData_<std::allocator<void> > >}]’
  532 |  operator=(reference_wrapper<_Functor> __f) noexcept
      |  ^~~~~~~~
/usr/include/c++/9/bits/std_function.h:532:2: note:   template argument deduction/substitution failed:
In file included from /opt/ros/foxy/include/rclcpp/subscription_base.hpp:29,
                 from /opt/ros/foxy/include/rclcpp/callback_group.hpp:26,
                 from /opt/ros/foxy/include/rclcpp/any_executable.hpp:20,
                 from /opt/ros/foxy/include/rclcpp/memory_strategy.hpp:24,
                 from /opt/ros/foxy/include/rclcpp/memory_strategies.hpp:18,
                 from /opt/ros/foxy/include/rclcpp/executor_options.hpp:20,
                 from /opt/ros/foxy/include/rclcpp/executor.hpp:33,
                 from /opt/ros/foxy/include/rclcpp/executors/multi_threaded_executor.hpp:25,
                 from /opt/ros/foxy/include/rclcpp/executors.hpp:21,
                 from /opt/ros/foxy/include/rclcpp/rclcpp.hpp:146,
                 from /home/javierfr/Tesis_ws/V1/src/control_pkg/src/control_pid_p1_server.cpp:1:
/opt/ros/foxy/include/rclcpp/any_subscription_callback.hpp:85:26: note:   ‘std::_Bind<void (*(std::shared_ptr<rclcpp::Node>, std::_Placeholder<1>))(std::shared_ptr<interfaces::msg::ImgData_<std::allocator<void> > >)>’ is not derived from ‘std::reference_wrapper<_Tp>’
   85 |     shared_ptr_callback_ = callback;
      |     ~~~~~~~~~~~~~~~~~~~~~^~~~~~~~~~
make[2]: *** [CMakeFiles/control_pid_p1_server.dir/build.make:63: CMakeFiles/control_pid_p1_server.dir/src/control_pid_p1_server.cpp.o] Error 1
make[1]: *** [CMakeFiles/Makefile2:78: CMakeFiles/control_pid_p1_server.dir/all] Error 2
make: *** [Makefile:141: all] Error 2
