[4.289s] DEBUG:colcon:Command line arguments: ['/usr/bin/colcon', 'build']
[4.289s] DEBUG:colcon:Parsed command line arguments: Namespace(ament_cmake_args=None, base_paths=['.'], build_base='build', catkin_cmake_args=None, catkin_skip_building_tests=False, cmake_args=None, cmake_clean_cache=False, cmake_clean_first=False, cmake_force_configure=False, cmake_target=None, cmake_target_skip_unavailable=False, continue_on_error=False, event_handlers=None, executor='parallel', ignore_user_meta=False, install_base='install', log_base=None, log_level=None, main=<bound method BuildVerb.main of <colcon_core.verb.build.BuildVerb object at 0x7f6f0967bac0>>, merge_install=False, metas=['./colcon.meta'], packages_above=None, packages_above_and_dependencies=None, packages_above_depth=None, packages_end=None, packages_ignore=None, packages_ignore_regex=None, packages_select=None, packages_select_build_failed=False, packages_select_by_dep=None, packages_select_regex=None, packages_select_test_failures=False, packages_skip=None, packages_skip_build_finished=False, packages_skip_by_dep=None, packages_skip_regex=None, packages_skip_test_passed=False, packages_skip_up_to=None, packages_start=None, packages_up_to=None, packages_up_to_regex=None, parallel_workers=12, paths=None, symlink_install=False, test_result_base=None, verb_extension=<colcon_core.verb.build.BuildVerb object at 0x7f6f0967bac0>, verb_name='build', verb_parser=<colcon_defaults.argument_parser.defaults.DefaultArgumentsDecorator object at 0x7f6f0968c070>)
[4.440s] Level 1:colcon.colcon_core.package_discovery:discover_packages(colcon_meta) check parameters
[4.440s] Level 1:colcon.colcon_core.package_discovery:discover_packages(recursive) check parameters
[4.440s] Level 1:colcon.colcon_core.package_discovery:discover_packages(ignore) check parameters
[4.441s] Level 1:colcon.colcon_core.package_discovery:discover_packages(path) check parameters
[4.441s] Level 1:colcon.colcon_core.package_discovery:discover_packages(colcon_meta) discover
[4.441s] Level 1:colcon.colcon_core.package_discovery:discover_packages(recursive) discover
[4.441s] INFO:colcon.colcon_core.package_discovery:Crawling recursively for packages in '/home/javierfr/Tesis_ws/V1'
[4.441s] Level 1:colcon.colcon_core.package_identification:_identify(.) by extensions ['ignore', 'ignore_ament_install']
[4.441s] Level 1:colcon.colcon_core.package_identification:_identify(.) by extension 'ignore'
[4.441s] Level 1:colcon.colcon_core.package_identification:_identify(.) by extension 'ignore_ament_install'
[4.441s] Level 1:colcon.colcon_core.package_identification:_identify(.) by extensions ['colcon_pkg']
[4.441s] Level 1:colcon.colcon_core.package_identification:_identify(.) by extension 'colcon_pkg'
[4.441s] Level 1:colcon.colcon_core.package_identification:_identify(.) by extensions ['colcon_meta']
[4.441s] Level 1:colcon.colcon_core.package_identification:_identify(.) by extension 'colcon_meta'
[4.441s] Level 1:colcon.colcon_core.package_identification:_identify(.) by extensions ['ros']
[4.441s] Level 1:colcon.colcon_core.package_identification:_identify(.) by extension 'ros'
[4.494s] Level 1:colcon.colcon_core.package_identification:_identify(.) by extensions ['cmake', 'python']
[4.494s] Level 1:colcon.colcon_core.package_identification:_identify(.) by extension 'cmake'
[4.495s] Level 1:colcon.colcon_core.package_identification:_identify(.) by extension 'python'
[4.495s] Level 1:colcon.colcon_core.package_identification:_identify(.) by extensions ['python_setup_py']
[4.495s] Level 1:colcon.colcon_core.package_identification:_identify(.) by extension 'python_setup_py'
[4.495s] Level 1:colcon.colcon_core.package_identification:_identify(build) by extensions ['ignore', 'ignore_ament_install']
[4.495s] Level 1:colcon.colcon_core.package_identification:_identify(build) by extension 'ignore'
[4.495s] Level 1:colcon.colcon_core.package_identification:_identify(build) ignored
[4.495s] Level 1:colcon.colcon_core.package_identification:_identify(install) by extensions ['ignore', 'ignore_ament_install']
[4.495s] Level 1:colcon.colcon_core.package_identification:_identify(install) by extension 'ignore'
[4.495s] Level 1:colcon.colcon_core.package_identification:_identify(install) ignored
[4.496s] Level 1:colcon.colcon_core.package_identification:_identify(log) by extensions ['ignore', 'ignore_ament_install']
[4.496s] Level 1:colcon.colcon_core.package_identification:_identify(log) by extension 'ignore'
[4.496s] Level 1:colcon.colcon_core.package_identification:_identify(log) ignored
[4.496s] Level 1:colcon.colcon_core.package_identification:_identify(src) by extensions ['ignore', 'ignore_ament_install']
[4.496s] Level 1:colcon.colcon_core.package_identification:_identify(src) by extension 'ignore'
[4.496s] Level 1:colcon.colcon_core.package_identification:_identify(src) by extension 'ignore_ament_install'
[4.496s] Level 1:colcon.colcon_core.package_identification:_identify(src) by extensions ['colcon_pkg']
[4.496s] Level 1:colcon.colcon_core.package_identification:_identify(src) by extension 'colcon_pkg'
[4.496s] Level 1:colcon.colcon_core.package_identification:_identify(src) by extensions ['colcon_meta']
[4.496s] Level 1:colcon.colcon_core.package_identification:_identify(src) by extension 'colcon_meta'
[4.496s] Level 1:colcon.colcon_core.package_identification:_identify(src) by extensions ['ros']
[4.496s] Level 1:colcon.colcon_core.package_identification:_identify(src) by extension 'ros'
[4.496s] Level 1:colcon.colcon_core.package_identification:_identify(src) by extensions ['cmake', 'python']
[4.496s] Level 1:colcon.colcon_core.package_identification:_identify(src) by extension 'cmake'
[4.496s] Level 1:colcon.colcon_core.package_identification:_identify(src) by extension 'python'
[4.496s] Level 1:colcon.colcon_core.package_identification:_identify(src) by extensions ['python_setup_py']
[4.496s] Level 1:colcon.colcon_core.package_identification:_identify(src) by extension 'python_setup_py'
[4.496s] Level 1:colcon.colcon_core.package_identification:_identify(src/control_pkg) by extensions ['ignore', 'ignore_ament_install']
[4.497s] Level 1:colcon.colcon_core.package_identification:_identify(src/control_pkg) by extension 'ignore'
[4.497s] Level 1:colcon.colcon_core.package_identification:_identify(src/control_pkg) by extension 'ignore_ament_install'
[4.497s] Level 1:colcon.colcon_core.package_identification:_identify(src/control_pkg) by extensions ['colcon_pkg']
[4.497s] Level 1:colcon.colcon_core.package_identification:_identify(src/control_pkg) by extension 'colcon_pkg'
[4.497s] Level 1:colcon.colcon_core.package_identification:_identify(src/control_pkg) by extensions ['colcon_meta']
[4.497s] Level 1:colcon.colcon_core.package_identification:_identify(src/control_pkg) by extension 'colcon_meta'
[4.497s] Level 1:colcon.colcon_core.package_identification:_identify(src/control_pkg) by extensions ['ros']
[4.497s] Level 1:colcon.colcon_core.package_identification:_identify(src/control_pkg) by extension 'ros'
[4.556s] DEBUG:colcon.colcon_core.package_identification:Package 'src/control_pkg' with type 'ros.ament_cmake' and name 'control_pkg'
[4.556s] Level 1:colcon.colcon_core.package_identification:_identify(src/gazebo_plugin_sim) by extensions ['ignore', 'ignore_ament_install']
[4.556s] Level 1:colcon.colcon_core.package_identification:_identify(src/gazebo_plugin_sim) by extension 'ignore'
[4.556s] Level 1:colcon.colcon_core.package_identification:_identify(src/gazebo_plugin_sim) by extension 'ignore_ament_install'
[4.557s] Level 1:colcon.colcon_core.package_identification:_identify(src/gazebo_plugin_sim) by extensions ['colcon_pkg']
[4.557s] Level 1:colcon.colcon_core.package_identification:_identify(src/gazebo_plugin_sim) by extension 'colcon_pkg'
[4.557s] Level 1:colcon.colcon_core.package_identification:_identify(src/gazebo_plugin_sim) by extensions ['colcon_meta']
[4.557s] Level 1:colcon.colcon_core.package_identification:_identify(src/gazebo_plugin_sim) by extension 'colcon_meta'
[4.557s] Level 1:colcon.colcon_core.package_identification:_identify(src/gazebo_plugin_sim) by extensions ['ros']
[4.557s] Level 1:colcon.colcon_core.package_identification:_identify(src/gazebo_plugin_sim) by extension 'ros'
[4.586s] DEBUG:colcon.colcon_core.package_identification:Package 'src/gazebo_plugin_sim' with type 'ros.ament_cmake' and name 'gazebo_plugin_sim'
[4.586s] Level 1:colcon.colcon_core.package_identification:_identify(src/img_proc_pkg) by extensions ['ignore', 'ignore_ament_install']
[4.586s] Level 1:colcon.colcon_core.package_identification:_identify(src/img_proc_pkg) by extension 'ignore'
[4.586s] Level 1:colcon.colcon_core.package_identification:_identify(src/img_proc_pkg) by extension 'ignore_ament_install'
[4.586s] Level 1:colcon.colcon_core.package_identification:_identify(src/img_proc_pkg) by extensions ['colcon_pkg']
[4.586s] Level 1:colcon.colcon_core.package_identification:_identify(src/img_proc_pkg) by extension 'colcon_pkg'
[4.586s] Level 1:colcon.colcon_core.package_identification:_identify(src/img_proc_pkg) by extensions ['colcon_meta']
[4.586s] Level 1:colcon.colcon_core.package_identification:_identify(src/img_proc_pkg) by extension 'colcon_meta'
[4.586s] Level 1:colcon.colcon_core.package_identification:_identify(src/img_proc_pkg) by extensions ['ros']
[4.586s] Level 1:colcon.colcon_core.package_identification:_identify(src/img_proc_pkg) by extension 'ros'
[4.591s] DEBUG:colcon.colcon_core.package_identification:Package 'src/img_proc_pkg' with type 'ros.ament_cmake' and name 'img_proc_pkg'
[4.591s] Level 1:colcon.colcon_core.package_identification:_identify(src/interfaces) by extensions ['ignore', 'ignore_ament_install']
[4.591s] Level 1:colcon.colcon_core.package_identification:_identify(src/interfaces) by extension 'ignore'
[4.591s] Level 1:colcon.colcon_core.package_identification:_identify(src/interfaces) by extension 'ignore_ament_install'
[4.591s] Level 1:colcon.colcon_core.package_identification:_identify(src/interfaces) by extensions ['colcon_pkg']
[4.591s] Level 1:colcon.colcon_core.package_identification:_identify(src/interfaces) by extension 'colcon_pkg'
[4.591s] Level 1:colcon.colcon_core.package_identification:_identify(src/interfaces) by extensions ['colcon_meta']
[4.591s] Level 1:colcon.colcon_core.package_identification:_identify(src/interfaces) by extension 'colcon_meta'
[4.591s] Level 1:colcon.colcon_core.package_identification:_identify(src/interfaces) by extensions ['ros']
[4.591s] Level 1:colcon.colcon_core.package_identification:_identify(src/interfaces) by extension 'ros'
[4.620s] DEBUG:colcon.colcon_core.package_identification:Package 'src/interfaces' with type 'ros.ament_cmake' and name 'interfaces'
[4.620s] Level 1:colcon.colcon_core.package_identification:_identify(src/inv_kinematics_pkg) by extensions ['ignore', 'ignore_ament_install']
[4.620s] Level 1:colcon.colcon_core.package_identification:_identify(src/inv_kinematics_pkg) by extension 'ignore'
[4.620s] Level 1:colcon.colcon_core.package_identification:_identify(src/inv_kinematics_pkg) by extension 'ignore_ament_install'
[4.620s] Level 1:colcon.colcon_core.package_identification:_identify(src/inv_kinematics_pkg) by extensions ['colcon_pkg']
[4.620s] Level 1:colcon.colcon_core.package_identification:_identify(src/inv_kinematics_pkg) by extension 'colcon_pkg'
[4.620s] Level 1:colcon.colcon_core.package_identification:_identify(src/inv_kinematics_pkg) by extensions ['colcon_meta']
[4.620s] Level 1:colcon.colcon_core.package_identification:_identify(src/inv_kinematics_pkg) by extension 'colcon_meta'
[4.620s] Level 1:colcon.colcon_core.package_identification:_identify(src/inv_kinematics_pkg) by extensions ['ros']
[4.620s] Level 1:colcon.colcon_core.package_identification:_identify(src/inv_kinematics_pkg) by extension 'ros'
[4.651s] DEBUG:colcon.colcon_core.package_identification:Package 'src/inv_kinematics_pkg' with type 'ros.ament_cmake' and name 'inv_kinematics_pkg'
[4.651s] Level 1:colcon.colcon_core.package_discovery:discover_packages(recursive) using defaults
[4.651s] Level 1:colcon.colcon_core.package_discovery:discover_packages(ignore) discover
[4.651s] Level 1:colcon.colcon_core.package_discovery:discover_packages(ignore) using defaults
[4.651s] Level 1:colcon.colcon_core.package_discovery:discover_packages(path) discover
[4.651s] Level 1:colcon.colcon_core.package_discovery:discover_packages(path) using defaults
[4.796s] Level 5:colcon.colcon_core.verb:set package 'gazebo_plugin_sim' build argument 'cmake_args' from command line to 'None'
[4.796s] Level 5:colcon.colcon_core.verb:set package 'gazebo_plugin_sim' build argument 'cmake_target' from command line to 'None'
[4.796s] Level 5:colcon.colcon_core.verb:set package 'gazebo_plugin_sim' build argument 'cmake_target_skip_unavailable' from command line to 'False'
[4.796s] Level 5:colcon.colcon_core.verb:set package 'gazebo_plugin_sim' build argument 'cmake_clean_cache' from command line to 'False'
[4.796s] Level 5:colcon.colcon_core.verb:set package 'gazebo_plugin_sim' build argument 'cmake_clean_first' from command line to 'False'
[4.796s] Level 5:colcon.colcon_core.verb:set package 'gazebo_plugin_sim' build argument 'cmake_force_configure' from command line to 'False'
[4.796s] Level 5:colcon.colcon_core.verb:set package 'gazebo_plugin_sim' build argument 'ament_cmake_args' from command line to 'None'
[4.796s] Level 5:colcon.colcon_core.verb:set package 'gazebo_plugin_sim' build argument 'catkin_cmake_args' from command line to 'None'
[4.796s] Level 5:colcon.colcon_core.verb:set package 'gazebo_plugin_sim' build argument 'catkin_skip_building_tests' from command line to 'False'
[4.797s] DEBUG:colcon.colcon_core.verb:Building package 'gazebo_plugin_sim' with the following arguments: {'ament_cmake_args': None, 'build_base': '/home/javierfr/Tesis_ws/V1/build/gazebo_plugin_sim', 'catkin_cmake_args': None, 'catkin_skip_building_tests': False, 'cmake_args': None, 'cmake_clean_cache': False, 'cmake_clean_first': False, 'cmake_force_configure': False, 'cmake_target': None, 'cmake_target_skip_unavailable': False, 'install_base': '/home/javierfr/Tesis_ws/V1/install/gazebo_plugin_sim', 'merge_install': False, 'path': '/home/javierfr/Tesis_ws/V1/src/gazebo_plugin_sim', 'symlink_install': False, 'test_result_base': None}
[4.798s] Level 5:colcon.colcon_core.verb:set package 'img_proc_pkg' build argument 'cmake_args' from command line to 'None'
[4.798s] Level 5:colcon.colcon_core.verb:set package 'img_proc_pkg' build argument 'cmake_target' from command line to 'None'
[4.798s] Level 5:colcon.colcon_core.verb:set package 'img_proc_pkg' build argument 'cmake_target_skip_unavailable' from command line to 'False'
[4.798s] Level 5:colcon.colcon_core.verb:set package 'img_proc_pkg' build argument 'cmake_clean_cache' from command line to 'False'
[4.798s] Level 5:colcon.colcon_core.verb:set package 'img_proc_pkg' build argument 'cmake_clean_first' from command line to 'False'
[4.798s] Level 5:colcon.colcon_core.verb:set package 'img_proc_pkg' build argument 'cmake_force_configure' from command line to 'False'
[4.798s] Level 5:colcon.colcon_core.verb:set package 'img_proc_pkg' build argument 'ament_cmake_args' from command line to 'None'
[4.798s] Level 5:colcon.colcon_core.verb:set package 'img_proc_pkg' build argument 'catkin_cmake_args' from command line to 'None'
[4.799s] Level 5:colcon.colcon_core.verb:set package 'img_proc_pkg' build argument 'catkin_skip_building_tests' from command line to 'False'
[4.799s] DEBUG:colcon.colcon_core.verb:Building package 'img_proc_pkg' with the following arguments: {'ament_cmake_args': None, 'build_base': '/home/javierfr/Tesis_ws/V1/build/img_proc_pkg', 'catkin_cmake_args': None, 'catkin_skip_building_tests': False, 'cmake_args': None, 'cmake_clean_cache': False, 'cmake_clean_first': False, 'cmake_force_configure': False, 'cmake_target': None, 'cmake_target_skip_unavailable': False, 'install_base': '/home/javierfr/Tesis_ws/V1/install/img_proc_pkg', 'merge_install': False, 'path': '/home/javierfr/Tesis_ws/V1/src/img_proc_pkg', 'symlink_install': False, 'test_result_base': None}
[4.800s] Level 5:colcon.colcon_core.verb:set package 'interfaces' build argument 'cmake_args' from command line to 'None'
[4.800s] Level 5:colcon.colcon_core.verb:set package 'interfaces' build argument 'cmake_target' from command line to 'None'
[4.800s] Level 5:colcon.colcon_core.verb:set package 'interfaces' build argument 'cmake_target_skip_unavailable' from command line to 'False'
[4.800s] Level 5:colcon.colcon_core.verb:set package 'interfaces' build argument 'cmake_clean_cache' from command line to 'False'
[4.800s] Level 5:colcon.colcon_core.verb:set package 'interfaces' build argument 'cmake_clean_first' from command line to 'False'
[4.800s] Level 5:colcon.colcon_core.verb:set package 'interfaces' build argument 'cmake_force_configure' from command line to 'False'
[4.800s] Level 5:colcon.colcon_core.verb:set package 'interfaces' build argument 'ament_cmake_args' from command line to 'None'
[4.800s] Level 5:colcon.colcon_core.verb:set package 'interfaces' build argument 'catkin_cmake_args' from command line to 'None'
[4.800s] Level 5:colcon.colcon_core.verb:set package 'interfaces' build argument 'catkin_skip_building_tests' from command line to 'False'
[4.801s] DEBUG:colcon.colcon_core.verb:Building package 'interfaces' with the following arguments: {'ament_cmake_args': None, 'build_base': '/home/javierfr/Tesis_ws/V1/build/interfaces', 'catkin_cmake_args': None, 'catkin_skip_building_tests': False, 'cmake_args': None, 'cmake_clean_cache': False, 'cmake_clean_first': False, 'cmake_force_configure': False, 'cmake_target': None, 'cmake_target_skip_unavailable': False, 'install_base': '/home/javierfr/Tesis_ws/V1/install/interfaces', 'merge_install': False, 'path': '/home/javierfr/Tesis_ws/V1/src/interfaces', 'symlink_install': False, 'test_result_base': None}
[4.802s] Level 5:colcon.colcon_core.verb:set package 'control_pkg' build argument 'cmake_args' from command line to 'None'
[4.802s] Level 5:colcon.colcon_core.verb:set package 'control_pkg' build argument 'cmake_target' from command line to 'None'
[4.802s] Level 5:colcon.colcon_core.verb:set package 'control_pkg' build argument 'cmake_target_skip_unavailable' from command line to 'False'
[4.802s] Level 5:colcon.colcon_core.verb:set package 'control_pkg' build argument 'cmake_clean_cache' from command line to 'False'
[4.802s] Level 5:colcon.colcon_core.verb:set package 'control_pkg' build argument 'cmake_clean_first' from command line to 'False'
[4.802s] Level 5:colcon.colcon_core.verb:set package 'control_pkg' build argument 'cmake_force_configure' from command line to 'False'
[4.802s] Level 5:colcon.colcon_core.verb:set package 'control_pkg' build argument 'ament_cmake_args' from command line to 'None'
[4.802s] Level 5:colcon.colcon_core.verb:set package 'control_pkg' build argument 'catkin_cmake_args' from command line to 'None'
[4.802s] Level 5:colcon.colcon_core.verb:set package 'control_pkg' build argument 'catkin_skip_building_tests' from command line to 'False'
[4.803s] DEBUG:colcon.colcon_core.verb:Building package 'control_pkg' with the following arguments: {'ament_cmake_args': None, 'build_base': '/home/javierfr/Tesis_ws/V1/build/control_pkg', 'catkin_cmake_args': None, 'catkin_skip_building_tests': False, 'cmake_args': None, 'cmake_clean_cache': False, 'cmake_clean_first': False, 'cmake_force_configure': False, 'cmake_target': None, 'cmake_target_skip_unavailable': False, 'install_base': '/home/javierfr/Tesis_ws/V1/install/control_pkg', 'merge_install': False, 'path': '/home/javierfr/Tesis_ws/V1/src/control_pkg', 'symlink_install': False, 'test_result_base': None}
[4.805s] Level 5:colcon.colcon_core.verb:set package 'inv_kinematics_pkg' build argument 'cmake_args' from command line to 'None'
[4.805s] Level 5:colcon.colcon_core.verb:set package 'inv_kinematics_pkg' build argument 'cmake_target' from command line to 'None'
[4.805s] Level 5:colcon.colcon_core.verb:set package 'inv_kinematics_pkg' build argument 'cmake_target_skip_unavailable' from command line to 'False'
[4.805s] Level 5:colcon.colcon_core.verb:set package 'inv_kinematics_pkg' build argument 'cmake_clean_cache' from command line to 'False'
[4.805s] Level 5:colcon.colcon_core.verb:set package 'inv_kinematics_pkg' build argument 'cmake_clean_first' from command line to 'False'
[4.805s] Level 5:colcon.colcon_core.verb:set package 'inv_kinematics_pkg' build argument 'cmake_force_configure' from command line to 'False'
[4.805s] Level 5:colcon.colcon_core.verb:set package 'inv_kinematics_pkg' build argument 'ament_cmake_args' from command line to 'None'
[4.805s] Level 5:colcon.colcon_core.verb:set package 'inv_kinematics_pkg' build argument 'catkin_cmake_args' from command line to 'None'
[4.805s] Level 5:colcon.colcon_core.verb:set package 'inv_kinematics_pkg' build argument 'catkin_skip_building_tests' from command line to 'False'
[4.806s] DEBUG:colcon.colcon_core.verb:Building package 'inv_kinematics_pkg' with the following arguments: {'ament_cmake_args': None, 'build_base': '/home/javierfr/Tesis_ws/V1/build/inv_kinematics_pkg', 'catkin_cmake_args': None, 'catkin_skip_building_tests': False, 'cmake_args': None, 'cmake_clean_cache': False, 'cmake_clean_first': False, 'cmake_force_configure': False, 'cmake_target': None, 'cmake_target_skip_unavailable': False, 'install_base': '/home/javierfr/Tesis_ws/V1/install/inv_kinematics_pkg', 'merge_install': False, 'path': '/home/javierfr/Tesis_ws/V1/src/inv_kinematics_pkg', 'symlink_install': False, 'test_result_base': None}
[4.806s] INFO:colcon.colcon_core.executor:Executing jobs using 'parallel' executor
[4.808s] DEBUG:colcon.colcon_parallel_executor.executor.parallel:run_until_complete
[4.808s] INFO:colcon.colcon_ros.task.ament_cmake.build:Building ROS package in '/home/javierfr/Tesis_ws/V1/src/interfaces' with build type 'ament_cmake'
[4.809s] INFO:colcon.colcon_cmake.task.cmake.build:Building CMake package in '/home/javierfr/Tesis_ws/V1/src/interfaces'
[4.876s] INFO:colcon.colcon_core.plugin_system:Skipping extension 'colcon_core.shell.bat': Not used on non-Windows systems
[4.876s] INFO:colcon.colcon_core.shell:Skip shell extension 'powershell' for command environment: Not usable outside of PowerShell
[4.876s] DEBUG:colcon.colcon_core.shell:Skip shell extension 'dsv' for command environment
[4.905s] DEBUG:colcon.colcon_core.shell:Ignoring prefix path '/opt/ros/foxy'
[4.915s] INFO:colcon.colcon_ros.task.ament_cmake.build:Building ROS package in '/home/javierfr/Tesis_ws/V1/src/gazebo_plugin_sim' with build type 'ament_cmake'
[4.915s] INFO:colcon.colcon_cmake.task.cmake.build:Building CMake package in '/home/javierfr/Tesis_ws/V1/src/gazebo_plugin_sim'
[4.916s] INFO:colcon.colcon_core.shell:Skip shell extension 'powershell' for command environment: Not usable outside of PowerShell
[4.916s] DEBUG:colcon.colcon_core.shell:Skip shell extension 'dsv' for command environment
[4.919s] DEBUG:colcon.colcon_core.shell:Ignoring prefix path '/opt/ros/foxy'
[4.921s] INFO:colcon.colcon_ros.task.ament_cmake.build:Building ROS package in '/home/javierfr/Tesis_ws/V1/src/img_proc_pkg' with build type 'ament_cmake'
[4.921s] INFO:colcon.colcon_cmake.task.cmake.build:Building CMake package in '/home/javierfr/Tesis_ws/V1/src/img_proc_pkg'
[4.922s] INFO:colcon.colcon_core.shell:Skip shell extension 'powershell' for command environment: Not usable outside of PowerShell
[4.922s] DEBUG:colcon.colcon_core.shell:Skip shell extension 'dsv' for command environment
[4.925s] DEBUG:colcon.colcon_core.shell:Ignoring prefix path '/opt/ros/foxy'
[4.955s] DEBUG:colcon.colcon_core.event_handler.log_command:Invoking command in '/home/javierfr/Tesis_ws/V1/build/interfaces': CMAKE_PREFIX_PATH=${CMAKE_PREFIX_PATH}:/opt/ros/foxy /usr/bin/cmake --build /home/javierfr/Tesis_ws/V1/build/interfaces -- -j12 -l12
[5.029s] DEBUG:colcon.colcon_core.event_handler.log_command:Invoking command in '/home/javierfr/Tesis_ws/V1/build/gazebo_plugin_sim': CMAKE_PREFIX_PATH=${CMAKE_PREFIX_PATH}:/opt/ros/foxy /usr/bin/cmake --build /home/javierfr/Tesis_ws/V1/build/gazebo_plugin_sim -- -j12 -l12
[5.090s] DEBUG:colcon.colcon_core.event_handler.log_command:Invoking command in '/home/javierfr/Tesis_ws/V1/build/img_proc_pkg': CMAKE_PREFIX_PATH=${CMAKE_PREFIX_PATH}:/opt/ros/foxy /usr/bin/cmake --build /home/javierfr/Tesis_ws/V1/build/img_proc_pkg -- -j12 -l12
[7.817s] DEBUG:colcon.colcon_core.event_handler.log_command:Invoked command in '/home/javierfr/Tesis_ws/V1/build/img_proc_pkg' returned '0': CMAKE_PREFIX_PATH=${CMAKE_PREFIX_PATH}:/opt/ros/foxy /usr/bin/cmake --build /home/javierfr/Tesis_ws/V1/build/img_proc_pkg -- -j12 -l12
[7.851s] DEBUG:colcon.colcon_core.event_handler.log_command:Invoking command in '/home/javierfr/Tesis_ws/V1/build/img_proc_pkg': CMAKE_PREFIX_PATH=${CMAKE_PREFIX_PATH}:/opt/ros/foxy /usr/bin/cmake --install /home/javierfr/Tesis_ws/V1/build/img_proc_pkg
[8.038s] Level 1:colcon.colcon_core.environment:create_environment_scripts_only(img_proc_pkg)
[8.039s] DEBUG:colcon.colcon_core.event_handler.log_command:Invoked command in '/home/javierfr/Tesis_ws/V1/build/img_proc_pkg' returned '0': CMAKE_PREFIX_PATH=${CMAKE_PREFIX_PATH}:/opt/ros/foxy /usr/bin/cmake --install /home/javierfr/Tesis_ws/V1/build/img_proc_pkg
[8.420s] Level 1:colcon.colcon_core.environment:checking '/home/javierfr/Tesis_ws/V1/install/img_proc_pkg' for CMake module files
[8.420s] Level 1:colcon.colcon_core.environment:checking '/home/javierfr/Tesis_ws/V1/install/img_proc_pkg' for CMake config files
[8.420s] Level 1:colcon.colcon_core.shell:create_environment_hook('img_proc_pkg', 'cmake_prefix_path')
[8.421s] INFO:colcon.colcon_core.shell:Creating environment hook '/home/javierfr/Tesis_ws/V1/install/img_proc_pkg/share/img_proc_pkg/hook/cmake_prefix_path.ps1'
[8.464s] INFO:colcon.colcon_core.shell:Creating environment descriptor '/home/javierfr/Tesis_ws/V1/install/img_proc_pkg/share/img_proc_pkg/hook/cmake_prefix_path.dsv'
[8.511s] INFO:colcon.colcon_core.shell:Creating environment hook '/home/javierfr/Tesis_ws/V1/install/img_proc_pkg/share/img_proc_pkg/hook/cmake_prefix_path.sh'
[8.512s] Level 1:colcon.colcon_core.environment:checking '/home/javierfr/Tesis_ws/V1/install/img_proc_pkg/lib'
[8.512s] Level 1:colcon.colcon_core.environment:checking '/home/javierfr/Tesis_ws/V1/install/img_proc_pkg/bin'
[8.512s] Level 1:colcon.colcon_core.environment:checking '/home/javierfr/Tesis_ws/V1/install/img_proc_pkg/lib/pkgconfig/img_proc_pkg.pc'
[8.512s] Level 1:colcon.colcon_core.environment:checking '/home/javierfr/Tesis_ws/V1/install/img_proc_pkg/lib/python3.8/site-packages'
[8.513s] INFO:colcon.colcon_core.shell:Creating package script '/home/javierfr/Tesis_ws/V1/install/img_proc_pkg/share/img_proc_pkg/package.ps1'
[8.513s] INFO:colcon.colcon_core.shell:Creating package descriptor '/home/javierfr/Tesis_ws/V1/install/img_proc_pkg/share/img_proc_pkg/package.dsv'
[8.514s] INFO:colcon.colcon_core.shell:Creating package script '/home/javierfr/Tesis_ws/V1/install/img_proc_pkg/share/img_proc_pkg/package.sh'
[8.514s] INFO:colcon.colcon_core.shell:Creating package script '/home/javierfr/Tesis_ws/V1/install/img_proc_pkg/share/img_proc_pkg/package.bash'
[8.593s] INFO:colcon.colcon_core.shell:Creating package script '/home/javierfr/Tesis_ws/V1/install/img_proc_pkg/share/img_proc_pkg/package.zsh'
[8.668s] Level 1:colcon.colcon_core.environment:create_file_with_runtime_dependencies(/home/javierfr/Tesis_ws/V1/install/img_proc_pkg/share/colcon-core/packages/img_proc_pkg)
[8.692s] Level 1:colcon.colcon_core.environment:create_environment_scripts_only(img_proc_pkg)
[8.693s] Level 1:colcon.colcon_core.environment:checking '/home/javierfr/Tesis_ws/V1/install/img_proc_pkg' for CMake module files
[8.693s] Level 1:colcon.colcon_core.environment:checking '/home/javierfr/Tesis_ws/V1/install/img_proc_pkg' for CMake config files
[8.693s] Level 1:colcon.colcon_core.shell:create_environment_hook('img_proc_pkg', 'cmake_prefix_path')
[8.694s] INFO:colcon.colcon_core.shell:Creating environment hook '/home/javierfr/Tesis_ws/V1/install/img_proc_pkg/share/img_proc_pkg/hook/cmake_prefix_path.ps1'
[8.694s] INFO:colcon.colcon_core.shell:Creating environment descriptor '/home/javierfr/Tesis_ws/V1/install/img_proc_pkg/share/img_proc_pkg/hook/cmake_prefix_path.dsv'
[8.694s] INFO:colcon.colcon_core.shell:Creating environment hook '/home/javierfr/Tesis_ws/V1/install/img_proc_pkg/share/img_proc_pkg/hook/cmake_prefix_path.sh'
[8.695s] Level 1:colcon.colcon_core.environment:checking '/home/javierfr/Tesis_ws/V1/install/img_proc_pkg/lib'
[8.695s] Level 1:colcon.colcon_core.environment:checking '/home/javierfr/Tesis_ws/V1/install/img_proc_pkg/bin'
[8.695s] Level 1:colcon.colcon_core.environment:checking '/home/javierfr/Tesis_ws/V1/install/img_proc_pkg/lib/pkgconfig/img_proc_pkg.pc'
[8.695s] Level 1:colcon.colcon_core.environment:checking '/home/javierfr/Tesis_ws/V1/install/img_proc_pkg/lib/python3.8/site-packages'
[8.695s] INFO:colcon.colcon_core.shell:Creating package script '/home/javierfr/Tesis_ws/V1/install/img_proc_pkg/share/img_proc_pkg/package.ps1'
[8.696s] INFO:colcon.colcon_core.shell:Creating package descriptor '/home/javierfr/Tesis_ws/V1/install/img_proc_pkg/share/img_proc_pkg/package.dsv'
[8.696s] INFO:colcon.colcon_core.shell:Creating package script '/home/javierfr/Tesis_ws/V1/install/img_proc_pkg/share/img_proc_pkg/package.sh'
[8.696s] INFO:colcon.colcon_core.shell:Creating package script '/home/javierfr/Tesis_ws/V1/install/img_proc_pkg/share/img_proc_pkg/package.bash'
[8.697s] INFO:colcon.colcon_core.shell:Creating package script '/home/javierfr/Tesis_ws/V1/install/img_proc_pkg/share/img_proc_pkg/package.zsh'
[8.697s] Level 1:colcon.colcon_core.environment:create_file_with_runtime_dependencies(/home/javierfr/Tesis_ws/V1/install/img_proc_pkg/share/colcon-core/packages/img_proc_pkg)
[9.605s] DEBUG:colcon.colcon_core.event_handler.log_command:Invoked command in '/home/javierfr/Tesis_ws/V1/build/interfaces' returned '0': CMAKE_PREFIX_PATH=${CMAKE_PREFIX_PATH}:/opt/ros/foxy /usr/bin/cmake --build /home/javierfr/Tesis_ws/V1/build/interfaces -- -j12 -l12
[9.739s] DEBUG:colcon.colcon_core.event_handler.log_command:Invoking command in '/home/javierfr/Tesis_ws/V1/build/interfaces': CMAKE_PREFIX_PATH=${CMAKE_PREFIX_PATH}:/opt/ros/foxy /usr/bin/cmake --install /home/javierfr/Tesis_ws/V1/build/interfaces
[10.080s] Level 1:colcon.colcon_core.environment:create_environment_scripts_only(interfaces)
[10.081s] Level 1:colcon.colcon_core.environment:checking '/home/javierfr/Tesis_ws/V1/install/interfaces' for CMake module files
[10.081s] DEBUG:colcon.colcon_core.event_handler.log_command:Invoked command in '/home/javierfr/Tesis_ws/V1/build/interfaces' returned '0': CMAKE_PREFIX_PATH=${CMAKE_PREFIX_PATH}:/opt/ros/foxy /usr/bin/cmake --install /home/javierfr/Tesis_ws/V1/build/interfaces
[10.082s] Level 1:colcon.colcon_core.environment:checking '/home/javierfr/Tesis_ws/V1/install/interfaces' for CMake config files
[10.082s] Level 1:colcon.colcon_core.shell:create_environment_hook('interfaces', 'cmake_prefix_path')
[10.082s] INFO:colcon.colcon_core.shell:Creating environment hook '/home/javierfr/Tesis_ws/V1/install/interfaces/share/interfaces/hook/cmake_prefix_path.ps1'
[10.083s] INFO:colcon.colcon_core.shell:Creating environment descriptor '/home/javierfr/Tesis_ws/V1/install/interfaces/share/interfaces/hook/cmake_prefix_path.dsv'
[10.083s] INFO:colcon.colcon_core.shell:Creating environment hook '/home/javierfr/Tesis_ws/V1/install/interfaces/share/interfaces/hook/cmake_prefix_path.sh'
[10.083s] Level 1:colcon.colcon_core.environment:checking '/home/javierfr/Tesis_ws/V1/install/interfaces/lib'
[10.083s] Level 1:colcon.colcon_core.shell:create_environment_hook('interfaces', 'ld_library_path_lib')
[10.084s] INFO:colcon.colcon_core.shell:Creating environment hook '/home/javierfr/Tesis_ws/V1/install/interfaces/share/interfaces/hook/ld_library_path_lib.ps1'
[10.084s] INFO:colcon.colcon_core.shell:Creating environment descriptor '/home/javierfr/Tesis_ws/V1/install/interfaces/share/interfaces/hook/ld_library_path_lib.dsv'
[10.084s] INFO:colcon.colcon_core.shell:Creating environment hook '/home/javierfr/Tesis_ws/V1/install/interfaces/share/interfaces/hook/ld_library_path_lib.sh'
[10.084s] Level 1:colcon.colcon_core.environment:checking '/home/javierfr/Tesis_ws/V1/install/interfaces/bin'
[10.085s] Level 1:colcon.colcon_core.environment:checking '/home/javierfr/Tesis_ws/V1/install/interfaces/lib/pkgconfig/interfaces.pc'
[10.085s] Level 1:colcon.colcon_core.environment:checking '/home/javierfr/Tesis_ws/V1/install/interfaces/lib/python3.8/site-packages'
[10.085s] Level 1:colcon.colcon_core.shell:create_environment_hook('interfaces', 'pythonpath')
[10.085s] INFO:colcon.colcon_core.shell:Creating environment hook '/home/javierfr/Tesis_ws/V1/install/interfaces/share/interfaces/hook/pythonpath.ps1'
[10.085s] INFO:colcon.colcon_core.shell:Creating environment descriptor '/home/javierfr/Tesis_ws/V1/install/interfaces/share/interfaces/hook/pythonpath.dsv'
[10.086s] INFO:colcon.colcon_core.shell:Creating environment hook '/home/javierfr/Tesis_ws/V1/install/interfaces/share/interfaces/hook/pythonpath.sh'
[10.086s] INFO:colcon.colcon_core.shell:Creating package script '/home/javierfr/Tesis_ws/V1/install/interfaces/share/interfaces/package.ps1'
[10.087s] INFO:colcon.colcon_core.shell:Creating package descriptor '/home/javierfr/Tesis_ws/V1/install/interfaces/share/interfaces/package.dsv'
[10.087s] INFO:colcon.colcon_core.shell:Creating package script '/home/javierfr/Tesis_ws/V1/install/interfaces/share/interfaces/package.sh'
[10.087s] INFO:colcon.colcon_core.shell:Creating package script '/home/javierfr/Tesis_ws/V1/install/interfaces/share/interfaces/package.bash'
[10.088s] INFO:colcon.colcon_core.shell:Creating package script '/home/javierfr/Tesis_ws/V1/install/interfaces/share/interfaces/package.zsh'
[10.088s] Level 1:colcon.colcon_core.environment:create_file_with_runtime_dependencies(/home/javierfr/Tesis_ws/V1/install/interfaces/share/colcon-core/packages/interfaces)
[10.222s] Level 1:colcon.colcon_core.environment:create_environment_scripts_only(interfaces)
[10.223s] Level 1:colcon.colcon_core.environment:checking '/home/javierfr/Tesis_ws/V1/install/interfaces' for CMake module files
[10.223s] Level 1:colcon.colcon_core.environment:checking '/home/javierfr/Tesis_ws/V1/install/interfaces' for CMake config files
[10.223s] Level 1:colcon.colcon_core.shell:create_environment_hook('interfaces', 'cmake_prefix_path')
[10.224s] INFO:colcon.colcon_core.shell:Creating environment hook '/home/javierfr/Tesis_ws/V1/install/interfaces/share/interfaces/hook/cmake_prefix_path.ps1'
[10.224s] INFO:colcon.colcon_core.shell:Creating environment descriptor '/home/javierfr/Tesis_ws/V1/install/interfaces/share/interfaces/hook/cmake_prefix_path.dsv'
[10.224s] INFO:colcon.colcon_core.shell:Creating environment hook '/home/javierfr/Tesis_ws/V1/install/interfaces/share/interfaces/hook/cmake_prefix_path.sh'
[10.225s] Level 1:colcon.colcon_core.environment:checking '/home/javierfr/Tesis_ws/V1/install/interfaces/lib'
[10.225s] Level 1:colcon.colcon_core.shell:create_environment_hook('interfaces', 'ld_library_path_lib')
[10.225s] INFO:colcon.colcon_core.shell:Creating environment hook '/home/javierfr/Tesis_ws/V1/install/interfaces/share/interfaces/hook/ld_library_path_lib.ps1'
[10.226s] INFO:colcon.colcon_core.shell:Creating environment descriptor '/home/javierfr/Tesis_ws/V1/install/interfaces/share/interfaces/hook/ld_library_path_lib.dsv'
[10.226s] INFO:colcon.colcon_core.shell:Creating environment hook '/home/javierfr/Tesis_ws/V1/install/interfaces/share/interfaces/hook/ld_library_path_lib.sh'
[10.226s] Level 1:colcon.colcon_core.environment:checking '/home/javierfr/Tesis_ws/V1/install/interfaces/bin'
[10.226s] Level 1:colcon.colcon_core.environment:checking '/home/javierfr/Tesis_ws/V1/install/interfaces/lib/pkgconfig/interfaces.pc'
[10.226s] Level 1:colcon.colcon_core.environment:checking '/home/javierfr/Tesis_ws/V1/install/interfaces/lib/python3.8/site-packages'
[10.226s] Level 1:colcon.colcon_core.shell:create_environment_hook('interfaces', 'pythonpath')
[10.227s] INFO:colcon.colcon_core.shell:Creating environment hook '/home/javierfr/Tesis_ws/V1/install/interfaces/share/interfaces/hook/pythonpath.ps1'
[10.227s] INFO:colcon.colcon_core.shell:Creating environment descriptor '/home/javierfr/Tesis_ws/V1/install/interfaces/share/interfaces/hook/pythonpath.dsv'
[10.227s] INFO:colcon.colcon_core.shell:Creating environment hook '/home/javierfr/Tesis_ws/V1/install/interfaces/share/interfaces/hook/pythonpath.sh'
[10.228s] INFO:colcon.colcon_core.shell:Creating package script '/home/javierfr/Tesis_ws/V1/install/interfaces/share/interfaces/package.ps1'
[10.228s] INFO:colcon.colcon_core.shell:Creating package descriptor '/home/javierfr/Tesis_ws/V1/install/interfaces/share/interfaces/package.dsv'
[10.229s] INFO:colcon.colcon_core.shell:Creating package script '/home/javierfr/Tesis_ws/V1/install/interfaces/share/interfaces/package.sh'
[10.229s] INFO:colcon.colcon_core.shell:Creating package script '/home/javierfr/Tesis_ws/V1/install/interfaces/share/interfaces/package.bash'
[10.229s] INFO:colcon.colcon_core.shell:Creating package script '/home/javierfr/Tesis_ws/V1/install/interfaces/share/interfaces/package.zsh'
[10.229s] Level 1:colcon.colcon_core.environment:create_file_with_runtime_dependencies(/home/javierfr/Tesis_ws/V1/install/interfaces/share/colcon-core/packages/interfaces)
[10.230s] INFO:colcon.colcon_ros.task.ament_cmake.build:Building ROS package in '/home/javierfr/Tesis_ws/V1/src/control_pkg' with build type 'ament_cmake'
[10.230s] INFO:colcon.colcon_cmake.task.cmake.build:Building CMake package in '/home/javierfr/Tesis_ws/V1/src/control_pkg'
[10.230s] INFO:colcon.colcon_core.shell:Skip shell extension 'powershell' for command environment: Not usable outside of PowerShell
[10.231s] DEBUG:colcon.colcon_core.shell:Skip shell extension 'dsv' for command environment
[10.232s] DEBUG:colcon.colcon_core.shell:Ignoring prefix path '/opt/ros/foxy'
[10.234s] INFO:colcon.colcon_ros.task.ament_cmake.build:Building ROS package in '/home/javierfr/Tesis_ws/V1/src/inv_kinematics_pkg' with build type 'ament_cmake'
[10.234s] INFO:colcon.colcon_cmake.task.cmake.build:Building CMake package in '/home/javierfr/Tesis_ws/V1/src/inv_kinematics_pkg'
[10.235s] INFO:colcon.colcon_core.shell:Skip shell extension 'powershell' for command environment: Not usable outside of PowerShell
[10.235s] DEBUG:colcon.colcon_core.shell:Skip shell extension 'dsv' for command environment
[10.237s] DEBUG:colcon.colcon_core.shell:Ignoring prefix path '/opt/ros/foxy'
[10.270s] DEBUG:colcon.colcon_core.event_handler.log_command:Invoking command in '/home/javierfr/Tesis_ws/V1/build/control_pkg': CMAKE_PREFIX_PATH=/home/javierfr/Tesis_ws/V1/install/interfaces:/home/javierfr/Tesis_ws/V1/install/inv_kinematics_pkg:/home/javierfr/Tesis_ws/V1/install/control_pkg:/home/javierfr/Tesis_ws/V1/install/img_proc_pkg:/home/javierfr/Tesis_ws/V1/install/gazebo_plugin_sim:/opt/ros/foxy LD_LIBRARY_PATH=/home/javierfr/Tesis_ws/V1/install/interfaces/lib:/home/javierfr/Tesis_ws/V1/install/gazebo_plugin_sim/lib:/opt/ros/foxy/opt/yaml_cpp_vendor/lib:/opt/ros/foxy/opt/rviz_ogre_vendor/lib:/opt/ros/foxy/lib/x86_64-linux-gnu:/opt/ros/foxy/lib:/usr/lib/x86_64-linux-gnu/gazebo-11/plugins:/usr/lib/x86_64-linux-gnu/gazebo-11/plugins /usr/bin/cmake --build /home/javierfr/Tesis_ws/V1/build/control_pkg -- -j12 -l12
[10.312s] DEBUG:colcon.colcon_core.event_handler.log_command:Invoking command in '/home/javierfr/Tesis_ws/V1/build/inv_kinematics_pkg': CMAKE_PREFIX_PATH=/home/javierfr/Tesis_ws/V1/install/interfaces:/home/javierfr/Tesis_ws/V1/install/inv_kinematics_pkg:/home/javierfr/Tesis_ws/V1/install/control_pkg:/home/javierfr/Tesis_ws/V1/install/img_proc_pkg:/home/javierfr/Tesis_ws/V1/install/gazebo_plugin_sim:/opt/ros/foxy LD_LIBRARY_PATH=/home/javierfr/Tesis_ws/V1/install/interfaces/lib:/home/javierfr/Tesis_ws/V1/install/gazebo_plugin_sim/lib:/opt/ros/foxy/opt/yaml_cpp_vendor/lib:/opt/ros/foxy/opt/rviz_ogre_vendor/lib:/opt/ros/foxy/lib/x86_64-linux-gnu:/opt/ros/foxy/lib:/usr/lib/x86_64-linux-gnu/gazebo-11/plugins:/usr/lib/x86_64-linux-gnu/gazebo-11/plugins /usr/bin/cmake --build /home/javierfr/Tesis_ws/V1/build/inv_kinematics_pkg -- -j12 -l12
[10.320s] DEBUG:colcon.colcon_core.event_handler.log_command:Invoked command in '/home/javierfr/Tesis_ws/V1/build/gazebo_plugin_sim' returned '0': CMAKE_PREFIX_PATH=${CMAKE_PREFIX_PATH}:/opt/ros/foxy /usr/bin/cmake --build /home/javierfr/Tesis_ws/V1/build/gazebo_plugin_sim -- -j12 -l12
[10.348s] DEBUG:colcon.colcon_core.event_handler.log_command:Invoking command in '/home/javierfr/Tesis_ws/V1/build/gazebo_plugin_sim': CMAKE_PREFIX_PATH=${CMAKE_PREFIX_PATH}:/opt/ros/foxy /usr/bin/cmake --install /home/javierfr/Tesis_ws/V1/build/gazebo_plugin_sim
[10.375s] Level 1:colcon.colcon_core.environment:create_environment_scripts_only(gazebo_plugin_sim)
[10.377s] Level 1:colcon.colcon_core.environment:checking '/home/javierfr/Tesis_ws/V1/install/gazebo_plugin_sim' for CMake module files
[10.377s] DEBUG:colcon.colcon_core.event_handler.log_command:Invoked command in '/home/javierfr/Tesis_ws/V1/build/gazebo_plugin_sim' returned '0': CMAKE_PREFIX_PATH=${CMAKE_PREFIX_PATH}:/opt/ros/foxy /usr/bin/cmake --install /home/javierfr/Tesis_ws/V1/build/gazebo_plugin_sim
[10.377s] Level 1:colcon.colcon_core.environment:checking '/home/javierfr/Tesis_ws/V1/install/gazebo_plugin_sim' for CMake config files
[10.378s] Level 1:colcon.colcon_core.shell:create_environment_hook('gazebo_plugin_sim', 'cmake_prefix_path')
[10.378s] INFO:colcon.colcon_core.shell:Creating environment hook '/home/javierfr/Tesis_ws/V1/install/gazebo_plugin_sim/share/gazebo_plugin_sim/hook/cmake_prefix_path.ps1'
[10.379s] INFO:colcon.colcon_core.shell:Creating environment descriptor '/home/javierfr/Tesis_ws/V1/install/gazebo_plugin_sim/share/gazebo_plugin_sim/hook/cmake_prefix_path.dsv'
[10.379s] INFO:colcon.colcon_core.shell:Creating environment hook '/home/javierfr/Tesis_ws/V1/install/gazebo_plugin_sim/share/gazebo_plugin_sim/hook/cmake_prefix_path.sh'
[10.380s] Level 1:colcon.colcon_core.environment:checking '/home/javierfr/Tesis_ws/V1/install/gazebo_plugin_sim/lib'
[10.380s] Level 1:colcon.colcon_core.shell:create_environment_hook('gazebo_plugin_sim', 'ld_library_path_lib')
[10.380s] INFO:colcon.colcon_core.shell:Creating environment hook '/home/javierfr/Tesis_ws/V1/install/gazebo_plugin_sim/share/gazebo_plugin_sim/hook/ld_library_path_lib.ps1'
[10.381s] INFO:colcon.colcon_core.shell:Creating environment descriptor '/home/javierfr/Tesis_ws/V1/install/gazebo_plugin_sim/share/gazebo_plugin_sim/hook/ld_library_path_lib.dsv'
[10.381s] INFO:colcon.colcon_core.shell:Creating environment hook '/home/javierfr/Tesis_ws/V1/install/gazebo_plugin_sim/share/gazebo_plugin_sim/hook/ld_library_path_lib.sh'
[10.381s] Level 1:colcon.colcon_core.environment:checking '/home/javierfr/Tesis_ws/V1/install/gazebo_plugin_sim/bin'
[10.381s] Level 1:colcon.colcon_core.environment:checking '/home/javierfr/Tesis_ws/V1/install/gazebo_plugin_sim/lib/pkgconfig/gazebo_plugin_sim.pc'
[10.381s] Level 1:colcon.colcon_core.environment:checking '/home/javierfr/Tesis_ws/V1/install/gazebo_plugin_sim/lib/python3.8/site-packages'
[10.382s] INFO:colcon.colcon_core.shell:Creating package script '/home/javierfr/Tesis_ws/V1/install/gazebo_plugin_sim/share/gazebo_plugin_sim/package.ps1'
[10.383s] INFO:colcon.colcon_core.shell:Creating package descriptor '/home/javierfr/Tesis_ws/V1/install/gazebo_plugin_sim/share/gazebo_plugin_sim/package.dsv'
[10.383s] INFO:colcon.colcon_core.shell:Creating package script '/home/javierfr/Tesis_ws/V1/install/gazebo_plugin_sim/share/gazebo_plugin_sim/package.sh'
[10.384s] INFO:colcon.colcon_core.shell:Creating package script '/home/javierfr/Tesis_ws/V1/install/gazebo_plugin_sim/share/gazebo_plugin_sim/package.bash'
[10.384s] INFO:colcon.colcon_core.shell:Creating package script '/home/javierfr/Tesis_ws/V1/install/gazebo_plugin_sim/share/gazebo_plugin_sim/package.zsh'
[10.384s] Level 1:colcon.colcon_core.environment:create_file_with_runtime_dependencies(/home/javierfr/Tesis_ws/V1/install/gazebo_plugin_sim/share/colcon-core/packages/gazebo_plugin_sim)
[10.412s] Level 1:colcon.colcon_core.environment:create_environment_scripts_only(gazebo_plugin_sim)
[10.414s] Level 1:colcon.colcon_core.environment:checking '/home/javierfr/Tesis_ws/V1/install/gazebo_plugin_sim' for CMake module files
[10.414s] Level 1:colcon.colcon_core.environment:checking '/home/javierfr/Tesis_ws/V1/install/gazebo_plugin_sim' for CMake config files
[10.415s] Level 1:colcon.colcon_core.shell:create_environment_hook('gazebo_plugin_sim', 'cmake_prefix_path')
[10.415s] INFO:colcon.colcon_core.shell:Creating environment hook '/home/javierfr/Tesis_ws/V1/install/gazebo_plugin_sim/share/gazebo_plugin_sim/hook/cmake_prefix_path.ps1'
[10.416s] INFO:colcon.colcon_core.shell:Creating environment descriptor '/home/javierfr/Tesis_ws/V1/install/gazebo_plugin_sim/share/gazebo_plugin_sim/hook/cmake_prefix_path.dsv'
[10.416s] INFO:colcon.colcon_core.shell:Creating environment hook '/home/javierfr/Tesis_ws/V1/install/gazebo_plugin_sim/share/gazebo_plugin_sim/hook/cmake_prefix_path.sh'
[10.416s] Level 1:colcon.colcon_core.environment:checking '/home/javierfr/Tesis_ws/V1/install/gazebo_plugin_sim/lib'
[10.416s] Level 1:colcon.colcon_core.shell:create_environment_hook('gazebo_plugin_sim', 'ld_library_path_lib')
[10.417s] INFO:colcon.colcon_core.shell:Creating environment hook '/home/javierfr/Tesis_ws/V1/install/gazebo_plugin_sim/share/gazebo_plugin_sim/hook/ld_library_path_lib.ps1'
[10.417s] INFO:colcon.colcon_core.shell:Creating environment descriptor '/home/javierfr/Tesis_ws/V1/install/gazebo_plugin_sim/share/gazebo_plugin_sim/hook/ld_library_path_lib.dsv'
[10.417s] INFO:colcon.colcon_core.shell:Creating environment hook '/home/javierfr/Tesis_ws/V1/install/gazebo_plugin_sim/share/gazebo_plugin_sim/hook/ld_library_path_lib.sh'
[10.418s] Level 1:colcon.colcon_core.environment:checking '/home/javierfr/Tesis_ws/V1/install/gazebo_plugin_sim/bin'
[10.418s] Level 1:colcon.colcon_core.environment:checking '/home/javierfr/Tesis_ws/V1/install/gazebo_plugin_sim/lib/pkgconfig/gazebo_plugin_sim.pc'
[10.418s] Level 1:colcon.colcon_core.environment:checking '/home/javierfr/Tesis_ws/V1/install/gazebo_plugin_sim/lib/python3.8/site-packages'
[10.418s] INFO:colcon.colcon_core.shell:Creating package script '/home/javierfr/Tesis_ws/V1/install/gazebo_plugin_sim/share/gazebo_plugin_sim/package.ps1'
[10.419s] INFO:colcon.colcon_core.shell:Creating package descriptor '/home/javierfr/Tesis_ws/V1/install/gazebo_plugin_sim/share/gazebo_plugin_sim/package.dsv'
[10.419s] INFO:colcon.colcon_core.shell:Creating package script '/home/javierfr/Tesis_ws/V1/install/gazebo_plugin_sim/share/gazebo_plugin_sim/package.sh'
[10.419s] INFO:colcon.colcon_core.shell:Creating package script '/home/javierfr/Tesis_ws/V1/install/gazebo_plugin_sim/share/gazebo_plugin_sim/package.bash'
[10.420s] INFO:colcon.colcon_core.shell:Creating package script '/home/javierfr/Tesis_ws/V1/install/gazebo_plugin_sim/share/gazebo_plugin_sim/package.zsh'
[10.420s] Level 1:colcon.colcon_core.environment:create_file_with_runtime_dependencies(/home/javierfr/Tesis_ws/V1/install/gazebo_plugin_sim/share/colcon-core/packages/gazebo_plugin_sim)
[10.456s] DEBUG:colcon.colcon_core.event_handler.log_command:Invoked command in '/home/javierfr/Tesis_ws/V1/build/inv_kinematics_pkg' returned '0': CMAKE_PREFIX_PATH=/home/javierfr/Tesis_ws/V1/install/interfaces:/home/javierfr/Tesis_ws/V1/install/inv_kinematics_pkg:/home/javierfr/Tesis_ws/V1/install/control_pkg:/home/javierfr/Tesis_ws/V1/install/img_proc_pkg:/home/javierfr/Tesis_ws/V1/install/gazebo_plugin_sim:/opt/ros/foxy LD_LIBRARY_PATH=/home/javierfr/Tesis_ws/V1/install/interfaces/lib:/home/javierfr/Tesis_ws/V1/install/gazebo_plugin_sim/lib:/opt/ros/foxy/opt/yaml_cpp_vendor/lib:/opt/ros/foxy/opt/rviz_ogre_vendor/lib:/opt/ros/foxy/lib/x86_64-linux-gnu:/opt/ros/foxy/lib:/usr/lib/x86_64-linux-gnu/gazebo-11/plugins:/usr/lib/x86_64-linux-gnu/gazebo-11/plugins /usr/bin/cmake --build /home/javierfr/Tesis_ws/V1/build/inv_kinematics_pkg -- -j12 -l12
[10.484s] DEBUG:colcon.colcon_core.event_handler.log_command:Invoking command in '/home/javierfr/Tesis_ws/V1/build/inv_kinematics_pkg': CMAKE_PREFIX_PATH=/home/javierfr/Tesis_ws/V1/install/interfaces:/home/javierfr/Tesis_ws/V1/install/inv_kinematics_pkg:/home/javierfr/Tesis_ws/V1/install/control_pkg:/home/javierfr/Tesis_ws/V1/install/img_proc_pkg:/home/javierfr/Tesis_ws/V1/install/gazebo_plugin_sim:/opt/ros/foxy LD_LIBRARY_PATH=/home/javierfr/Tesis_ws/V1/install/interfaces/lib:/home/javierfr/Tesis_ws/V1/install/gazebo_plugin_sim/lib:/opt/ros/foxy/opt/yaml_cpp_vendor/lib:/opt/ros/foxy/opt/rviz_ogre_vendor/lib:/opt/ros/foxy/lib/x86_64-linux-gnu:/opt/ros/foxy/lib:/usr/lib/x86_64-linux-gnu/gazebo-11/plugins:/usr/lib/x86_64-linux-gnu/gazebo-11/plugins /usr/bin/cmake --install /home/javierfr/Tesis_ws/V1/build/inv_kinematics_pkg
[10.555s] Level 1:colcon.colcon_core.environment:create_environment_scripts_only(inv_kinematics_pkg)
[10.556s] Level 1:colcon.colcon_core.environment:checking '/home/javierfr/Tesis_ws/V1/install/inv_kinematics_pkg' for CMake module files
[10.556s] DEBUG:colcon.colcon_core.event_handler.log_command:Invoked command in '/home/javierfr/Tesis_ws/V1/build/inv_kinematics_pkg' returned '0': CMAKE_PREFIX_PATH=/home/javierfr/Tesis_ws/V1/install/interfaces:/home/javierfr/Tesis_ws/V1/install/inv_kinematics_pkg:/home/javierfr/Tesis_ws/V1/install/control_pkg:/home/javierfr/Tesis_ws/V1/install/img_proc_pkg:/home/javierfr/Tesis_ws/V1/install/gazebo_plugin_sim:/opt/ros/foxy LD_LIBRARY_PATH=/home/javierfr/Tesis_ws/V1/install/interfaces/lib:/home/javierfr/Tesis_ws/V1/install/gazebo_plugin_sim/lib:/opt/ros/foxy/opt/yaml_cpp_vendor/lib:/opt/ros/foxy/opt/rviz_ogre_vendor/lib:/opt/ros/foxy/lib/x86_64-linux-gnu:/opt/ros/foxy/lib:/usr/lib/x86_64-linux-gnu/gazebo-11/plugins:/usr/lib/x86_64-linux-gnu/gazebo-11/plugins /usr/bin/cmake --install /home/javierfr/Tesis_ws/V1/build/inv_kinematics_pkg
[10.557s] Level 1:colcon.colcon_core.environment:checking '/home/javierfr/Tesis_ws/V1/install/inv_kinematics_pkg' for CMake config files
[10.557s] Level 1:colcon.colcon_core.shell:create_environment_hook('inv_kinematics_pkg', 'cmake_prefix_path')
[10.557s] INFO:colcon.colcon_core.shell:Creating environment hook '/home/javierfr/Tesis_ws/V1/install/inv_kinematics_pkg/share/inv_kinematics_pkg/hook/cmake_prefix_path.ps1'
[10.558s] INFO:colcon.colcon_core.shell:Creating environment descriptor '/home/javierfr/Tesis_ws/V1/install/inv_kinematics_pkg/share/inv_kinematics_pkg/hook/cmake_prefix_path.dsv'
[10.558s] INFO:colcon.colcon_core.shell:Creating environment hook '/home/javierfr/Tesis_ws/V1/install/inv_kinematics_pkg/share/inv_kinematics_pkg/hook/cmake_prefix_path.sh'
[10.558s] Level 1:colcon.colcon_core.environment:checking '/home/javierfr/Tesis_ws/V1/install/inv_kinematics_pkg/lib'
[10.558s] Level 1:colcon.colcon_core.environment:checking '/home/javierfr/Tesis_ws/V1/install/inv_kinematics_pkg/bin'
[10.558s] Level 1:colcon.colcon_core.environment:checking '/home/javierfr/Tesis_ws/V1/install/inv_kinematics_pkg/lib/pkgconfig/inv_kinematics_pkg.pc'
[10.558s] Level 1:colcon.colcon_core.environment:checking '/home/javierfr/Tesis_ws/V1/install/inv_kinematics_pkg/lib/python3.8/site-packages'
[10.559s] INFO:colcon.colcon_core.shell:Creating package script '/home/javierfr/Tesis_ws/V1/install/inv_kinematics_pkg/share/inv_kinematics_pkg/package.ps1'
[10.559s] INFO:colcon.colcon_core.shell:Creating package descriptor '/home/javierfr/Tesis_ws/V1/install/inv_kinematics_pkg/share/inv_kinematics_pkg/package.dsv'
[10.559s] INFO:colcon.colcon_core.shell:Creating package script '/home/javierfr/Tesis_ws/V1/install/inv_kinematics_pkg/share/inv_kinematics_pkg/package.sh'
[10.560s] INFO:colcon.colcon_core.shell:Creating package script '/home/javierfr/Tesis_ws/V1/install/inv_kinematics_pkg/share/inv_kinematics_pkg/package.bash'
[10.560s] INFO:colcon.colcon_core.shell:Creating package script '/home/javierfr/Tesis_ws/V1/install/inv_kinematics_pkg/share/inv_kinematics_pkg/package.zsh'
[10.560s] Level 1:colcon.colcon_core.environment:create_file_with_runtime_dependencies(/home/javierfr/Tesis_ws/V1/install/inv_kinematics_pkg/share/colcon-core/packages/inv_kinematics_pkg)
[10.586s] Level 1:colcon.colcon_core.environment:create_environment_scripts_only(inv_kinematics_pkg)
[10.587s] Level 1:colcon.colcon_core.environment:checking '/home/javierfr/Tesis_ws/V1/install/inv_kinematics_pkg' for CMake module files
[10.587s] Level 1:colcon.colcon_core.environment:checking '/home/javierfr/Tesis_ws/V1/install/inv_kinematics_pkg' for CMake config files
[10.587s] Level 1:colcon.colcon_core.shell:create_environment_hook('inv_kinematics_pkg', 'cmake_prefix_path')
[10.587s] INFO:colcon.colcon_core.shell:Creating environment hook '/home/javierfr/Tesis_ws/V1/install/inv_kinematics_pkg/share/inv_kinematics_pkg/hook/cmake_prefix_path.ps1'
[10.588s] INFO:colcon.colcon_core.shell:Creating environment descriptor '/home/javierfr/Tesis_ws/V1/install/inv_kinematics_pkg/share/inv_kinematics_pkg/hook/cmake_prefix_path.dsv'
[10.588s] INFO:colcon.colcon_core.shell:Creating environment hook '/home/javierfr/Tesis_ws/V1/install/inv_kinematics_pkg/share/inv_kinematics_pkg/hook/cmake_prefix_path.sh'
[10.589s] Level 1:colcon.colcon_core.environment:checking '/home/javierfr/Tesis_ws/V1/install/inv_kinematics_pkg/lib'
[10.589s] Level 1:colcon.colcon_core.environment:checking '/home/javierfr/Tesis_ws/V1/install/inv_kinematics_pkg/bin'
[10.589s] Level 1:colcon.colcon_core.environment:checking '/home/javierfr/Tesis_ws/V1/install/inv_kinematics_pkg/lib/pkgconfig/inv_kinematics_pkg.pc'
[10.589s] Level 1:colcon.colcon_core.environment:checking '/home/javierfr/Tesis_ws/V1/install/inv_kinematics_pkg/lib/python3.8/site-packages'
[10.589s] INFO:colcon.colcon_core.shell:Creating package script '/home/javierfr/Tesis_ws/V1/install/inv_kinematics_pkg/share/inv_kinematics_pkg/package.ps1'
[10.589s] INFO:colcon.colcon_core.shell:Creating package descriptor '/home/javierfr/Tesis_ws/V1/install/inv_kinematics_pkg/share/inv_kinematics_pkg/package.dsv'
[10.590s] INFO:colcon.colcon_core.shell:Creating package script '/home/javierfr/Tesis_ws/V1/install/inv_kinematics_pkg/share/inv_kinematics_pkg/package.sh'
[10.590s] INFO:colcon.colcon_core.shell:Creating package script '/home/javierfr/Tesis_ws/V1/install/inv_kinematics_pkg/share/inv_kinematics_pkg/package.bash'
[10.590s] INFO:colcon.colcon_core.shell:Creating package script '/home/javierfr/Tesis_ws/V1/install/inv_kinematics_pkg/share/inv_kinematics_pkg/package.zsh'
[10.591s] Level 1:colcon.colcon_core.environment:create_file_with_runtime_dependencies(/home/javierfr/Tesis_ws/V1/install/inv_kinematics_pkg/share/colcon-core/packages/inv_kinematics_pkg)
[24.611s] DEBUG:colcon.colcon_core.event_handler.log_command:Invoked command in '/home/javierfr/Tesis_ws/V1/build/control_pkg' returned '0': CMAKE_PREFIX_PATH=/home/javierfr/Tesis_ws/V1/install/interfaces:/home/javierfr/Tesis_ws/V1/install/inv_kinematics_pkg:/home/javierfr/Tesis_ws/V1/install/control_pkg:/home/javierfr/Tesis_ws/V1/install/img_proc_pkg:/home/javierfr/Tesis_ws/V1/install/gazebo_plugin_sim:/opt/ros/foxy LD_LIBRARY_PATH=/home/javierfr/Tesis_ws/V1/install/interfaces/lib:/home/javierfr/Tesis_ws/V1/install/gazebo_plugin_sim/lib:/opt/ros/foxy/opt/yaml_cpp_vendor/lib:/opt/ros/foxy/opt/rviz_ogre_vendor/lib:/opt/ros/foxy/lib/x86_64-linux-gnu:/opt/ros/foxy/lib:/usr/lib/x86_64-linux-gnu/gazebo-11/plugins:/usr/lib/x86_64-linux-gnu/gazebo-11/plugins /usr/bin/cmake --build /home/javierfr/Tesis_ws/V1/build/control_pkg -- -j12 -l12
[24.636s] DEBUG:colcon.colcon_core.event_handler.log_command:Invoking command in '/home/javierfr/Tesis_ws/V1/build/control_pkg': CMAKE_PREFIX_PATH=/home/javierfr/Tesis_ws/V1/install/interfaces:/home/javierfr/Tesis_ws/V1/install/inv_kinematics_pkg:/home/javierfr/Tesis_ws/V1/install/control_pkg:/home/javierfr/Tesis_ws/V1/install/img_proc_pkg:/home/javierfr/Tesis_ws/V1/install/gazebo_plugin_sim:/opt/ros/foxy LD_LIBRARY_PATH=/home/javierfr/Tesis_ws/V1/install/interfaces/lib:/home/javierfr/Tesis_ws/V1/install/gazebo_plugin_sim/lib:/opt/ros/foxy/opt/yaml_cpp_vendor/lib:/opt/ros/foxy/opt/rviz_ogre_vendor/lib:/opt/ros/foxy/lib/x86_64-linux-gnu:/opt/ros/foxy/lib:/usr/lib/x86_64-linux-gnu/gazebo-11/plugins:/usr/lib/x86_64-linux-gnu/gazebo-11/plugins /usr/bin/cmake --install /home/javierfr/Tesis_ws/V1/build/control_pkg
[24.676s] Level 1:colcon.colcon_core.environment:create_environment_scripts_only(control_pkg)
[24.677s] Level 1:colcon.colcon_core.environment:checking '/home/javierfr/Tesis_ws/V1/install/control_pkg' for CMake module files
[24.677s] DEBUG:colcon.colcon_core.event_handler.log_command:Invoked command in '/home/javierfr/Tesis_ws/V1/build/control_pkg' returned '0': CMAKE_PREFIX_PATH=/home/javierfr/Tesis_ws/V1/install/interfaces:/home/javierfr/Tesis_ws/V1/install/inv_kinematics_pkg:/home/javierfr/Tesis_ws/V1/install/control_pkg:/home/javierfr/Tesis_ws/V1/install/img_proc_pkg:/home/javierfr/Tesis_ws/V1/install/gazebo_plugin_sim:/opt/ros/foxy LD_LIBRARY_PATH=/home/javierfr/Tesis_ws/V1/install/interfaces/lib:/home/javierfr/Tesis_ws/V1/install/gazebo_plugin_sim/lib:/opt/ros/foxy/opt/yaml_cpp_vendor/lib:/opt/ros/foxy/opt/rviz_ogre_vendor/lib:/opt/ros/foxy/lib/x86_64-linux-gnu:/opt/ros/foxy/lib:/usr/lib/x86_64-linux-gnu/gazebo-11/plugins:/usr/lib/x86_64-linux-gnu/gazebo-11/plugins /usr/bin/cmake --install /home/javierfr/Tesis_ws/V1/build/control_pkg
[24.677s] Level 1:colcon.colcon_core.environment:checking '/home/javierfr/Tesis_ws/V1/install/control_pkg' for CMake config files
[24.677s] Level 1:colcon.colcon_core.shell:create_environment_hook('control_pkg', 'cmake_prefix_path')
[24.678s] INFO:colcon.colcon_core.shell:Creating environment hook '/home/javierfr/Tesis_ws/V1/install/control_pkg/share/control_pkg/hook/cmake_prefix_path.ps1'
[24.678s] INFO:colcon.colcon_core.shell:Creating environment descriptor '/home/javierfr/Tesis_ws/V1/install/control_pkg/share/control_pkg/hook/cmake_prefix_path.dsv'
[24.678s] INFO:colcon.colcon_core.shell:Creating environment hook '/home/javierfr/Tesis_ws/V1/install/control_pkg/share/control_pkg/hook/cmake_prefix_path.sh'
[24.679s] Level 1:colcon.colcon_core.environment:checking '/home/javierfr/Tesis_ws/V1/install/control_pkg/lib'
[24.679s] Level 1:colcon.colcon_core.environment:checking '/home/javierfr/Tesis_ws/V1/install/control_pkg/bin'
[24.679s] Level 1:colcon.colcon_core.environment:checking '/home/javierfr/Tesis_ws/V1/install/control_pkg/lib/pkgconfig/control_pkg.pc'
[24.679s] Level 1:colcon.colcon_core.environment:checking '/home/javierfr/Tesis_ws/V1/install/control_pkg/lib/python3.8/site-packages'
[24.680s] INFO:colcon.colcon_core.shell:Creating package script '/home/javierfr/Tesis_ws/V1/install/control_pkg/share/control_pkg/package.ps1'
[24.680s] INFO:colcon.colcon_core.shell:Creating package descriptor '/home/javierfr/Tesis_ws/V1/install/control_pkg/share/control_pkg/package.dsv'
[24.681s] INFO:colcon.colcon_core.shell:Creating package script '/home/javierfr/Tesis_ws/V1/install/control_pkg/share/control_pkg/package.sh'
[24.681s] INFO:colcon.colcon_core.shell:Creating package script '/home/javierfr/Tesis_ws/V1/install/control_pkg/share/control_pkg/package.bash'
[24.681s] INFO:colcon.colcon_core.shell:Creating package script '/home/javierfr/Tesis_ws/V1/install/control_pkg/share/control_pkg/package.zsh'
[24.682s] Level 1:colcon.colcon_core.environment:create_file_with_runtime_dependencies(/home/javierfr/Tesis_ws/V1/install/control_pkg/share/colcon-core/packages/control_pkg)
[24.705s] Level 1:colcon.colcon_core.environment:create_environment_scripts_only(control_pkg)
[24.706s] Level 1:colcon.colcon_core.environment:checking '/home/javierfr/Tesis_ws/V1/install/control_pkg' for CMake module files
[24.706s] Level 1:colcon.colcon_core.environment:checking '/home/javierfr/Tesis_ws/V1/install/control_pkg' for CMake config files
[24.706s] Level 1:colcon.colcon_core.shell:create_environment_hook('control_pkg', 'cmake_prefix_path')
[24.707s] INFO:colcon.colcon_core.shell:Creating environment hook '/home/javierfr/Tesis_ws/V1/install/control_pkg/share/control_pkg/hook/cmake_prefix_path.ps1'
[24.707s] INFO:colcon.colcon_core.shell:Creating environment descriptor '/home/javierfr/Tesis_ws/V1/install/control_pkg/share/control_pkg/hook/cmake_prefix_path.dsv'
[24.707s] INFO:colcon.colcon_core.shell:Creating environment hook '/home/javierfr/Tesis_ws/V1/install/control_pkg/share/control_pkg/hook/cmake_prefix_path.sh'
[24.708s] Level 1:colcon.colcon_core.environment:checking '/home/javierfr/Tesis_ws/V1/install/control_pkg/lib'
[24.708s] Level 1:colcon.colcon_core.environment:checking '/home/javierfr/Tesis_ws/V1/install/control_pkg/bin'
[24.708s] Level 1:colcon.colcon_core.environment:checking '/home/javierfr/Tesis_ws/V1/install/control_pkg/lib/pkgconfig/control_pkg.pc'
[24.708s] Level 1:colcon.colcon_core.environment:checking '/home/javierfr/Tesis_ws/V1/install/control_pkg/lib/python3.8/site-packages'
[24.708s] INFO:colcon.colcon_core.shell:Creating package script '/home/javierfr/Tesis_ws/V1/install/control_pkg/share/control_pkg/package.ps1'
[24.709s] INFO:colcon.colcon_core.shell:Creating package descriptor '/home/javierfr/Tesis_ws/V1/install/control_pkg/share/control_pkg/package.dsv'
[24.709s] INFO:colcon.colcon_core.shell:Creating package script '/home/javierfr/Tesis_ws/V1/install/control_pkg/share/control_pkg/package.sh'
[24.709s] INFO:colcon.colcon_core.shell:Creating package script '/home/javierfr/Tesis_ws/V1/install/control_pkg/share/control_pkg/package.bash'
[24.710s] INFO:colcon.colcon_core.shell:Creating package script '/home/javierfr/Tesis_ws/V1/install/control_pkg/share/control_pkg/package.zsh'
[24.710s] Level 1:colcon.colcon_core.environment:create_file_with_runtime_dependencies(/home/javierfr/Tesis_ws/V1/install/control_pkg/share/colcon-core/packages/control_pkg)
[24.710s] DEBUG:colcon.colcon_parallel_executor.executor.parallel:closing loop
[24.710s] DEBUG:colcon.colcon_parallel_executor.executor.parallel:loop closed
[24.711s] DEBUG:colcon.colcon_parallel_executor.executor.parallel:run_until_complete finished with '0'
[24.711s] DEBUG:colcon.colcon_core.event_reactor:joining thread
[24.740s] INFO:colcon.colcon_core.plugin_system:Skipping extension 'colcon_notification.desktop_notification.terminal_notifier': Not used on non-Darwin systems
[24.741s] INFO:colcon.colcon_core.plugin_system:Skipping extension 'colcon_notification.desktop_notification.win32': Not used on non-Windows systems
[24.741s] INFO:colcon.colcon_notification.desktop_notification:Sending desktop notification using 'notify2'
[24.758s] DEBUG:colcon.colcon_core.event_reactor:joined thread
[24.758s] INFO:colcon.colcon_core.shell:Creating prefix script '/home/javierfr/Tesis_ws/V1/install/local_setup.ps1'
[24.804s] INFO:colcon.colcon_core.shell:Creating prefix util module '/home/javierfr/Tesis_ws/V1/install/_local_setup_util_ps1.py'
[24.840s] INFO:colcon.colcon_core.shell:Creating prefix chain script '/home/javierfr/Tesis_ws/V1/install/setup.ps1'
[24.843s] INFO:colcon.colcon_core.shell:Creating prefix script '/home/javierfr/Tesis_ws/V1/install/local_setup.sh'
[24.861s] INFO:colcon.colcon_core.shell:Creating prefix util module '/home/javierfr/Tesis_ws/V1/install/_local_setup_util_sh.py'
[24.862s] INFO:colcon.colcon_core.shell:Creating prefix chain script '/home/javierfr/Tesis_ws/V1/install/setup.sh'
[24.864s] INFO:colcon.colcon_core.shell:Creating prefix script '/home/javierfr/Tesis_ws/V1/install/local_setup.bash'
[24.876s] INFO:colcon.colcon_core.shell:Creating prefix chain script '/home/javierfr/Tesis_ws/V1/install/setup.bash'
[24.879s] INFO:colcon.colcon_core.shell:Creating prefix script '/home/javierfr/Tesis_ws/V1/install/local_setup.zsh'
[24.897s] INFO:colcon.colcon_core.shell:Creating prefix chain script '/home/javierfr/Tesis_ws/V1/install/setup.zsh'
