[0.012s] Invoking command in '/home/javierfr/Tesis_ws/V1/build/control_pkg': CMAKE_PREFIX_PATH=/home/javierfr/Tesis_ws/V1/install/interfaces:/home/javierfr/Tesis_ws/V1/install/inv_kinematics_pkg:/home/javierfr/Tesis_ws/V1/install/control_pkg:/home/javierfr/Tesis_ws/V1/install/img_proc_pkg:/home/javierfr/Tesis_ws/V1/install/gazebo_plugin_sim:/opt/ros/foxy LD_LIBRARY_PATH=/home/javierfr/Tesis_ws/V1/install/interfaces/lib:/home/javierfr/Tesis_ws/V1/install/gazebo_plugin_sim/lib:/opt/ros/foxy/opt/yaml_cpp_vendor/lib:/opt/ros/foxy/opt/rviz_ogre_vendor/lib:/opt/ros/foxy/lib/x86_64-linux-gnu:/opt/ros/foxy/lib:/usr/lib/x86_64-linux-gnu/gazebo-11/plugins:/usr/lib/x86_64-linux-gnu/gazebo-11/plugins /usr/bin/cmake --build /home/javierfr/Tesis_ws/V1/build/control_pkg -- -j12 -l12
[0.041s] [35m[1mScanning dependencies of target control_pid_p1_node[0m
[0.057s] [ 50%] Built target control_pid_p2_node
[0.067s] [ 75%] [32mBuilding CXX object CMakeFiles/control_pid_p1_node.dir/src/control_pid_p1_node.cpp.o[0m
[5.987s] [100%] [32m[1mLinking CXX executable control_pid_p1_node[0m
[6.240s] [100%] Built target control_pid_p1_node
[6.249s] Invoked command in '/home/javierfr/Tesis_ws/V1/build/control_pkg' returned '0': CMAKE_PREFIX_PATH=/home/javierfr/Tesis_ws/V1/install/interfaces:/home/javierfr/Tesis_ws/V1/install/inv_kinematics_pkg:/home/javierfr/Tesis_ws/V1/install/control_pkg:/home/javierfr/Tesis_ws/V1/install/img_proc_pkg:/home/javierfr/Tesis_ws/V1/install/gazebo_plugin_sim:/opt/ros/foxy LD_LIBRARY_PATH=/home/javierfr/Tesis_ws/V1/install/interfaces/lib:/home/javierfr/Tesis_ws/V1/install/gazebo_plugin_sim/lib:/opt/ros/foxy/opt/yaml_cpp_vendor/lib:/opt/ros/foxy/opt/rviz_ogre_vendor/lib:/opt/ros/foxy/lib/x86_64-linux-gnu:/opt/ros/foxy/lib:/usr/lib/x86_64-linux-gnu/gazebo-11/plugins:/usr/lib/x86_64-linux-gnu/gazebo-11/plugins /usr/bin/cmake --build /home/javierfr/Tesis_ws/V1/build/control_pkg -- -j12 -l12
[6.268s] Invoking command in '/home/javierfr/Tesis_ws/V1/build/control_pkg': CMAKE_PREFIX_PATH=/home/javierfr/Tesis_ws/V1/install/interfaces:/home/javierfr/Tesis_ws/V1/install/inv_kinematics_pkg:/home/javierfr/Tesis_ws/V1/install/control_pkg:/home/javierfr/Tesis_ws/V1/install/img_proc_pkg:/home/javierfr/Tesis_ws/V1/install/gazebo_plugin_sim:/opt/ros/foxy LD_LIBRARY_PATH=/home/javierfr/Tesis_ws/V1/install/interfaces/lib:/home/javierfr/Tesis_ws/V1/install/gazebo_plugin_sim/lib:/opt/ros/foxy/opt/yaml_cpp_vendor/lib:/opt/ros/foxy/opt/rviz_ogre_vendor/lib:/opt/ros/foxy/lib/x86_64-linux-gnu:/opt/ros/foxy/lib:/usr/lib/x86_64-linux-gnu/gazebo-11/plugins:/usr/lib/x86_64-linux-gnu/gazebo-11/plugins /usr/bin/cmake --install /home/javierfr/Tesis_ws/V1/build/control_pkg
[6.274s] -- Install configuration: ""
[6.274s] -- Installing: /home/javierfr/Tesis_ws/V1/install/control_pkg/lib/control_pkg/control_pid_p1_node
[6.276s] -- Set runtime path of "/home/javierfr/Tesis_ws/V1/install/control_pkg/lib/control_pkg/control_pid_p1_node" to ""
[6.277s] -- Up-to-date: /home/javierfr/Tesis_ws/V1/install/control_pkg/lib/control_pkg/control_pid_p2_node
[6.277s] -- Up-to-date: /home/javierfr/Tesis_ws/V1/install/control_pkg/share/ament_index/resource_index/package_run_dependencies/control_pkg
[6.277s] -- Up-to-date: /home/javierfr/Tesis_ws/V1/install/control_pkg/share/ament_index/resource_index/parent_prefix_path/control_pkg
[6.277s] -- Up-to-date: /home/javierfr/Tesis_ws/V1/install/control_pkg/share/control_pkg/environment/ament_prefix_path.sh
[6.277s] -- Up-to-date: /home/javierfr/Tesis_ws/V1/install/control_pkg/share/control_pkg/environment/ament_prefix_path.dsv
[6.277s] -- Up-to-date: /home/javierfr/Tesis_ws/V1/install/control_pkg/share/control_pkg/environment/path.sh
[6.277s] -- Up-to-date: /home/javierfr/Tesis_ws/V1/install/control_pkg/share/control_pkg/environment/path.dsv
[6.277s] -- Up-to-date: /home/javierfr/Tesis_ws/V1/install/control_pkg/share/control_pkg/local_setup.bash
[6.277s] -- Up-to-date: /home/javierfr/Tesis_ws/V1/install/control_pkg/share/control_pkg/local_setup.sh
[6.277s] -- Up-to-date: /home/javierfr/Tesis_ws/V1/install/control_pkg/share/control_pkg/local_setup.zsh
[6.277s] -- Up-to-date: /home/javierfr/Tesis_ws/V1/install/control_pkg/share/control_pkg/local_setup.dsv
[6.278s] -- Installing: /home/javierfr/Tesis_ws/V1/install/control_pkg/share/control_pkg/package.dsv
[6.278s] -- Up-to-date: /home/javierfr/Tesis_ws/V1/install/control_pkg/share/ament_index/resource_index/packages/control_pkg
[6.278s] -- Up-to-date: /home/javierfr/Tesis_ws/V1/install/control_pkg/share/control_pkg/cmake/control_pkgConfig.cmake
[6.278s] -- Up-to-date: /home/javierfr/Tesis_ws/V1/install/control_pkg/share/control_pkg/cmake/control_pkgConfig-version.cmake
[6.278s] -- Up-to-date: /home/javierfr/Tesis_ws/V1/install/control_pkg/share/control_pkg/package.xml
[6.279s] Invoked command in '/home/javierfr/Tesis_ws/V1/build/control_pkg' returned '0': CMAKE_PREFIX_PATH=/home/javierfr/Tesis_ws/V1/install/interfaces:/home/javierfr/Tesis_ws/V1/install/inv_kinematics_pkg:/home/javierfr/Tesis_ws/V1/install/control_pkg:/home/javierfr/Tesis_ws/V1/install/img_proc_pkg:/home/javierfr/Tesis_ws/V1/install/gazebo_plugin_sim:/opt/ros/foxy LD_LIBRARY_PATH=/home/javierfr/Tesis_ws/V1/install/interfaces/lib:/home/javierfr/Tesis_ws/V1/install/gazebo_plugin_sim/lib:/opt/ros/foxy/opt/yaml_cpp_vendor/lib:/opt/ros/foxy/opt/rviz_ogre_vendor/lib:/opt/ros/foxy/lib/x86_64-linux-gnu:/opt/ros/foxy/lib:/usr/lib/x86_64-linux-gnu/gazebo-11/plugins:/usr/lib/x86_64-linux-gnu/gazebo-11/plugins /usr/bin/cmake --install /home/javierfr/Tesis_ws/V1/build/control_pkg
