[0.036s] Invoking command in '/home/javierfr/Robotics_Cyber_Physical_LAB/build/gazebo_plugin_sim': CMAKE_PREFIX_PATH=${CMAKE_PREFIX_PATH}:/opt/ros/foxy /usr/bin/cmake --build /home/javierfr/Robotics_Cyber_Physical_LAB/build/gazebo_plugin_sim -- -j8 -l8
[0.166s] [ 20%] Built target platform2_plugin
[0.177s] [ 40%] Built target platform1_plugin
[0.182s] [ 60%] Built target robot2_plugin
[0.190s] [ 80%] Built target robot1_plugin
[0.195s] [100%] Built target platform_plugin_test
[0.212s] Invoked command in '/home/javierfr/Robotics_Cyber_Physical_LAB/build/gazebo_plugin_sim' returned '0': CMAKE_PREFIX_PATH=${CMAKE_PREFIX_PATH}:/opt/ros/foxy /usr/bin/cmake --build /home/javierfr/Robotics_Cyber_Physical_LAB/build/gazebo_plugin_sim -- -j8 -l8
[0.252s] Invoking command in '/home/javierfr/Robotics_Cyber_Physical_LAB/build/gazebo_plugin_sim': CMAKE_PREFIX_PATH=${CMAKE_PREFIX_PATH}:/opt/ros/foxy /usr/bin/cmake --install /home/javierfr/Robotics_Cyber_Physical_LAB/build/gazebo_plugin_sim
[0.263s] -- Install configuration: ""
[0.264s] -- Up-to-date: /home/javierfr/Robotics_Cyber_Physical_LAB/install/gazebo_plugin_sim/share/gazebo_plugin_sim/environment/library_path.sh
[0.266s] -- Up-to-date: /home/javierfr/Robotics_Cyber_Physical_LAB/install/gazebo_plugin_sim/share/gazebo_plugin_sim/environment/library_path.dsv
[0.266s] -- Up-to-date: /home/javierfr/Robotics_Cyber_Physical_LAB/install/gazebo_plugin_sim/share/gazebo_plugin_sim/environment/gazebo_plugin_sim.sh
[0.266s] -- Up-to-date: /home/javierfr/Robotics_Cyber_Physical_LAB/install/gazebo_plugin_sim/share/gazebo_plugin_sim/environment/gazebo_plugin_sim.dsv
[0.267s] -- Up-to-date: /home/javierfr/Robotics_Cyber_Physical_LAB/install/gazebo_plugin_sim/share/ament_index/resource_index/package_run_dependencies/gazebo_plugin_sim
[0.267s] -- Up-to-date: /home/javierfr/Robotics_Cyber_Physical_LAB/install/gazebo_plugin_sim/share/ament_index/resource_index/parent_prefix_path/gazebo_plugin_sim
[0.268s] -- Up-to-date: /home/javierfr/Robotics_Cyber_Physical_LAB/install/gazebo_plugin_sim/share/gazebo_plugin_sim/environment/ament_prefix_path.sh
[0.268s] -- Up-to-date: /home/javierfr/Robotics_Cyber_Physical_LAB/install/gazebo_plugin_sim/share/gazebo_plugin_sim/environment/ament_prefix_path.dsv
[0.268s] -- Up-to-date: /home/javierfr/Robotics_Cyber_Physical_LAB/install/gazebo_plugin_sim/share/gazebo_plugin_sim/environment/path.sh
[0.268s] -- Up-to-date: /home/javierfr/Robotics_Cyber_Physical_LAB/install/gazebo_plugin_sim/share/gazebo_plugin_sim/environment/path.dsv
[0.269s] -- Up-to-date: /home/javierfr/Robotics_Cyber_Physical_LAB/install/gazebo_plugin_sim/share/gazebo_plugin_sim/local_setup.bash
[0.269s] -- Up-to-date: /home/javierfr/Robotics_Cyber_Physical_LAB/install/gazebo_plugin_sim/share/gazebo_plugin_sim/local_setup.sh
[0.269s] -- Up-to-date: /home/javierfr/Robotics_Cyber_Physical_LAB/install/gazebo_plugin_sim/share/gazebo_plugin_sim/local_setup.zsh
[0.269s] -- Up-to-date: /home/javierfr/Robotics_Cyber_Physical_LAB/install/gazebo_plugin_sim/share/gazebo_plugin_sim/local_setup.dsv
[0.270s] -- Installing: /home/javierfr/Robotics_Cyber_Physical_LAB/install/gazebo_plugin_sim/share/gazebo_plugin_sim/package.dsv
[0.270s] -- Up-to-date: /home/javierfr/Robotics_Cyber_Physical_LAB/install/gazebo_plugin_sim/share/ament_index/resource_index/packages/gazebo_plugin_sim
[0.271s] -- Up-to-date: /home/javierfr/Robotics_Cyber_Physical_LAB/install/gazebo_plugin_sim/share/gazebo_plugin_sim/cmake/ament_cmake_export_libraries-extras.cmake
[0.271s] -- Up-to-date: /home/javierfr/Robotics_Cyber_Physical_LAB/install/gazebo_plugin_sim/share/gazebo_plugin_sim/cmake/ament_cmake_export_include_directories-extras.cmake
[0.271s] -- Up-to-date: /home/javierfr/Robotics_Cyber_Physical_LAB/install/gazebo_plugin_sim/share/gazebo_plugin_sim/cmake/ament_cmake_export_dependencies-extras.cmake
[0.271s] -- Up-to-date: /home/javierfr/Robotics_Cyber_Physical_LAB/install/gazebo_plugin_sim/share/gazebo_plugin_sim/cmake/gazebo_plugin_simConfig.cmake
[0.271s] -- Up-to-date: /home/javierfr/Robotics_Cyber_Physical_LAB/install/gazebo_plugin_sim/share/gazebo_plugin_sim/cmake/gazebo_plugin_simConfig-version.cmake
[0.272s] -- Up-to-date: /home/javierfr/Robotics_Cyber_Physical_LAB/install/gazebo_plugin_sim/share/gazebo_plugin_sim/package.xml
[0.272s] -- Up-to-date: /home/javierfr/Robotics_Cyber_Physical_LAB/install/gazebo_plugin_sim/include
[0.273s] -- Up-to-date: /home/javierfr/Robotics_Cyber_Physical_LAB/install/gazebo_plugin_sim/include/gazebo_plugin_sim
[0.273s] -- Up-to-date: /home/javierfr/Robotics_Cyber_Physical_LAB/install/gazebo_plugin_sim/include/gazebo_plugin_sim/robot2_plugin.hpp
[0.273s] -- Up-to-date: /home/javierfr/Robotics_Cyber_Physical_LAB/install/gazebo_plugin_sim/include/gazebo_plugin_sim/platform_plugin_test.hpp
[0.273s] -- Up-to-date: /home/javierfr/Robotics_Cyber_Physical_LAB/install/gazebo_plugin_sim/include/gazebo_plugin_sim/platform1_plugin.hpp
[0.273s] -- Up-to-date: /home/javierfr/Robotics_Cyber_Physical_LAB/install/gazebo_plugin_sim/include/gazebo_plugin_sim/platform2_plugin.hpp
[0.274s] -- Up-to-date: /home/javierfr/Robotics_Cyber_Physical_LAB/install/gazebo_plugin_sim/include/gazebo_plugin_sim/robot1_plugin.hpp
[0.274s] -- Up-to-date: /home/javierfr/Robotics_Cyber_Physical_LAB/install/gazebo_plugin_sim/lib/libplatform_plugin_test.so
[0.274s] -- Up-to-date: /home/javierfr/Robotics_Cyber_Physical_LAB/install/gazebo_plugin_sim/lib/libplatform1_plugin.so
[0.275s] -- Up-to-date: /home/javierfr/Robotics_Cyber_Physical_LAB/install/gazebo_plugin_sim/lib/libplatform2_plugin.so
[0.275s] -- Up-to-date: /home/javierfr/Robotics_Cyber_Physical_LAB/install/gazebo_plugin_sim/lib/librobot1_plugin.so
[0.275s] -- Up-to-date: /home/javierfr/Robotics_Cyber_Physical_LAB/install/gazebo_plugin_sim/lib/librobot2_plugin.so
[0.275s] -- Up-to-date: /home/javierfr/Robotics_Cyber_Physical_LAB/install/gazebo_plugin_sim/share/gazebo_plugin_sim//worlds
[0.275s] -- Up-to-date: /home/javierfr/Robotics_Cyber_Physical_LAB/install/gazebo_plugin_sim/share/gazebo_plugin_sim//worlds/2platform_old.world
[0.275s] -- Up-to-date: /home/javierfr/Robotics_Cyber_Physical_LAB/install/gazebo_plugin_sim/share/gazebo_plugin_sim//worlds/2robots_mod.world
[0.275s] -- Up-to-date: /home/javierfr/Robotics_Cyber_Physical_LAB/install/gazebo_plugin_sim/share/gazebo_plugin_sim//worlds/2platform.world
[0.275s] -- Up-to-date: /home/javierfr/Robotics_Cyber_Physical_LAB/install/gazebo_plugin_sim/share/gazebo_plugin_sim//worlds/test_mecanum_platform.world
[0.276s] -- Up-to-date: /home/javierfr/Robotics_Cyber_Physical_LAB/install/gazebo_plugin_sim/share/gazebo_plugin_sim//worlds/2robots.world
[0.292s] Invoked command in '/home/javierfr/Robotics_Cyber_Physical_LAB/build/gazebo_plugin_sim' returned '0': CMAKE_PREFIX_PATH=${CMAKE_PREFIX_PATH}:/opt/ros/foxy /usr/bin/cmake --install /home/javierfr/Robotics_Cyber_Physical_LAB/build/gazebo_plugin_sim
