-- Found ament_cmake: 0.9.9 (/opt/ros/foxy/share/ament_cmake/cmake)
-- Using PYTHON_EXECUTABLE: /usr/bin/python3
-- Found rclcpp: 2.4.1 (/opt/ros/foxy/share/rclcpp/cmake)
-- Using all available rosidl_typesupport_c: rosidl_typesupport_fastrtps_c;rosidl_typesupport_introspection_c
-- Found rosidl_adapter: 1.2.1 (/opt/ros/foxy/share/rosidl_adapter/cmake)
-- Using all available rosidl_typesupport_cpp: rosidl_typesupport_fastrtps_cpp;rosidl_typesupport_introspection_cpp
-- Found rmw_implementation_cmake: 1.0.3 (/opt/ros/foxy/share/rmw_implementation_cmake/cmake)
-- Using RMW implementation 'rmw_fastrtps_cpp' as default
-- Found interfaces: 0.0.0 (/home/javierfr/Robotics_Cyber_Physical_LAB/install/interfaces/share/interfaces/cmake)
-- Configuring done
-- Generating done
-- Build files have been written to: /home/javierfr/Robotics_Cyber_Physical_LAB/build/control_pkg
[ 12%] [32m[1mLinking CXX executable control_pid_p1_node[0m
[ 25%] [32m[1mLinking CXX executable control_pid_r1_node[0m
[ 50%] [32m[1mLinking CXX executable control_pid_r2_node[0m
[ 50%] [32m[1mLinking CXX executable control_pid_p2_node[0m
[ 62%] Built target control_pid_p1_node
[ 75%] Built target control_pid_p2_node
[ 87%] Built target control_pid_r2_node
[100%] Built target control_pid_r1_node
-- Install configuration: ""
-- Installing: /home/javierfr/Robotics_Cyber_Physical_LAB/install/control_pkg/lib/control_pkg/control_pid_p1_node
-- Set runtime path of "/home/javierfr/Robotics_Cyber_Physical_LAB/install/control_pkg/lib/control_pkg/control_pid_p1_node" to ""
-- Installing: /home/javierfr/Robotics_Cyber_Physical_LAB/install/control_pkg/lib/control_pkg/control_pid_p2_node
-- Set runtime path of "/home/javierfr/Robotics_Cyber_Physical_LAB/install/control_pkg/lib/control_pkg/control_pid_p2_node" to ""
-- Installing: /home/javierfr/Robotics_Cyber_Physical_LAB/install/control_pkg/lib/control_pkg/control_pid_r1_node
-- Set runtime path of "/home/javierfr/Robotics_Cyber_Physical_LAB/install/control_pkg/lib/control_pkg/control_pid_r1_node" to ""
-- Installing: /home/javierfr/Robotics_Cyber_Physical_LAB/install/control_pkg/lib/control_pkg/control_pid_r2_node
-- Set runtime path of "/home/javierfr/Robotics_Cyber_Physical_LAB/install/control_pkg/lib/control_pkg/control_pid_r2_node" to ""
-- Up-to-date: /home/javierfr/Robotics_Cyber_Physical_LAB/install/control_pkg/share/ament_index/resource_index/package_run_dependencies/control_pkg
-- Up-to-date: /home/javierfr/Robotics_Cyber_Physical_LAB/install/control_pkg/share/ament_index/resource_index/parent_prefix_path/control_pkg
-- Up-to-date: /home/javierfr/Robotics_Cyber_Physical_LAB/install/control_pkg/share/control_pkg/environment/ament_prefix_path.sh
-- Installing: /home/javierfr/Robotics_Cyber_Physical_LAB/install/control_pkg/share/control_pkg/environment/ament_prefix_path.dsv
-- Up-to-date: /home/javierfr/Robotics_Cyber_Physical_LAB/install/control_pkg/share/control_pkg/environment/path.sh
-- Installing: /home/javierfr/Robotics_Cyber_Physical_LAB/install/control_pkg/share/control_pkg/environment/path.dsv
-- Up-to-date: /home/javierfr/Robotics_Cyber_Physical_LAB/install/control_pkg/share/control_pkg/local_setup.bash
-- Up-to-date: /home/javierfr/Robotics_Cyber_Physical_LAB/install/control_pkg/share/control_pkg/local_setup.sh
-- Up-to-date: /home/javierfr/Robotics_Cyber_Physical_LAB/install/control_pkg/share/control_pkg/local_setup.zsh
-- Installing: /home/javierfr/Robotics_Cyber_Physical_LAB/install/control_pkg/share/control_pkg/local_setup.dsv
-- Installing: /home/javierfr/Robotics_Cyber_Physical_LAB/install/control_pkg/share/control_pkg/package.dsv
-- Up-to-date: /home/javierfr/Robotics_Cyber_Physical_LAB/install/control_pkg/share/ament_index/resource_index/packages/control_pkg
-- Up-to-date: /home/javierfr/Robotics_Cyber_Physical_LAB/install/control_pkg/share/control_pkg/cmake/control_pkgConfig.cmake
-- Up-to-date: /home/javierfr/Robotics_Cyber_Physical_LAB/install/control_pkg/share/control_pkg/cmake/control_pkgConfig-version.cmake
-- Up-to-date: /home/javierfr/Robotics_Cyber_Physical_LAB/install/control_pkg/share/control_pkg/package.xml
