[0.032s] Invoking command in '/home/javierfr/Robotics_Cyber_Physical_LAB/build/control_pkg': CMAKE_PREFIX_PATH=/home/javierfr/Robotics_Cyber_Physical_LAB/install/interfaces:/home/javierfr/Robotics_Cyber_Physical_LAB/install/inv_kinematics_pkg:/home/javierfr/Robotics_Cyber_Physical_LAB/install/control_pkg:/home/javierfr/Robotics_Cyber_Physical_LAB/install/img_proc_pkg:/home/javierfr/Robotics_Cyber_Physical_LAB/install/gazebo_plugin_sim:/opt/ros/foxy /usr/bin/cmake --build /home/javierfr/Robotics_Cyber_Physical_LAB/build/control_pkg -- -j8 -l8
[0.062s] -- Found ament_cmake: 0.9.9 (/opt/ros/foxy/share/ament_cmake/cmake)
[0.087s] -- Using PYTHON_EXECUTABLE: /usr/bin/python3
[0.300s] -- Found rclcpp: 2.4.1 (/opt/ros/foxy/share/rclcpp/cmake)
[0.337s] -- Using all available rosidl_typesupport_c: rosidl_typesupport_fastrtps_c;rosidl_typesupport_introspection_c
[0.341s] -- Found rosidl_adapter: 1.2.1 (/opt/ros/foxy/share/rosidl_adapter/cmake)
[0.469s] -- Using all available rosidl_typesupport_cpp: rosidl_typesupport_fastrtps_cpp;rosidl_typesupport_introspection_cpp
[0.522s] -- Found rmw_implementation_cmake: 1.0.3 (/opt/ros/foxy/share/rmw_implementation_cmake/cmake)
[0.523s] -- Using RMW implementation 'rmw_fastrtps_cpp' as default
[0.671s] -- Found interfaces: 0.0.0 (/home/javierfr/Robotics_Cyber_Physical_LAB/install/interfaces/share/interfaces/cmake)
[0.750s] -- Configuring done
[0.784s] -- Generating done
[0.787s] -- Build files have been written to: /home/javierfr/Robotics_Cyber_Physical_LAB/build/control_pkg
[0.849s] [ 12%] [32m[1mLinking CXX executable control_pid_p1_node[0m
[0.854s] [ 25%] [32m[1mLinking CXX executable control_pid_r1_node[0m
[0.857s] [ 50%] [32m[1mLinking CXX executable control_pid_r2_node[0m
[0.857s] [ 50%] [32m[1mLinking CXX executable control_pid_p2_node[0m
[2.243s] [ 62%] Built target control_pid_p1_node
[2.249s] [ 75%] Built target control_pid_p2_node
[2.486s] [ 87%] Built target control_pid_r2_node
[2.549s] [100%] Built target control_pid_r1_node
[2.569s] Invoked command in '/home/javierfr/Robotics_Cyber_Physical_LAB/build/control_pkg' returned '0': CMAKE_PREFIX_PATH=/home/javierfr/Robotics_Cyber_Physical_LAB/install/interfaces:/home/javierfr/Robotics_Cyber_Physical_LAB/install/inv_kinematics_pkg:/home/javierfr/Robotics_Cyber_Physical_LAB/install/control_pkg:/home/javierfr/Robotics_Cyber_Physical_LAB/install/img_proc_pkg:/home/javierfr/Robotics_Cyber_Physical_LAB/install/gazebo_plugin_sim:/opt/ros/foxy /usr/bin/cmake --build /home/javierfr/Robotics_Cyber_Physical_LAB/build/control_pkg -- -j8 -l8
[2.607s] Invoking command in '/home/javierfr/Robotics_Cyber_Physical_LAB/build/control_pkg': CMAKE_PREFIX_PATH=/home/javierfr/Robotics_Cyber_Physical_LAB/install/interfaces:/home/javierfr/Robotics_Cyber_Physical_LAB/install/inv_kinematics_pkg:/home/javierfr/Robotics_Cyber_Physical_LAB/install/control_pkg:/home/javierfr/Robotics_Cyber_Physical_LAB/install/img_proc_pkg:/home/javierfr/Robotics_Cyber_Physical_LAB/install/gazebo_plugin_sim:/opt/ros/foxy /usr/bin/cmake --install /home/javierfr/Robotics_Cyber_Physical_LAB/build/control_pkg
[2.620s] -- Install configuration: ""
[2.621s] -- Installing: /home/javierfr/Robotics_Cyber_Physical_LAB/install/control_pkg/lib/control_pkg/control_pid_p1_node
[2.625s] -- Set runtime path of "/home/javierfr/Robotics_Cyber_Physical_LAB/install/control_pkg/lib/control_pkg/control_pid_p1_node" to ""
[2.625s] -- Installing: /home/javierfr/Robotics_Cyber_Physical_LAB/install/control_pkg/lib/control_pkg/control_pid_p2_node
[2.629s] -- Set runtime path of "/home/javierfr/Robotics_Cyber_Physical_LAB/install/control_pkg/lib/control_pkg/control_pid_p2_node" to ""
[2.629s] -- Installing: /home/javierfr/Robotics_Cyber_Physical_LAB/install/control_pkg/lib/control_pkg/control_pid_r1_node
[2.638s] -- Set runtime path of "/home/javierfr/Robotics_Cyber_Physical_LAB/install/control_pkg/lib/control_pkg/control_pid_r1_node" to ""
[2.638s] -- Installing: /home/javierfr/Robotics_Cyber_Physical_LAB/install/control_pkg/lib/control_pkg/control_pid_r2_node
[2.643s] -- Set runtime path of "/home/javierfr/Robotics_Cyber_Physical_LAB/install/control_pkg/lib/control_pkg/control_pid_r2_node" to ""
[2.644s] -- Up-to-date: /home/javierfr/Robotics_Cyber_Physical_LAB/install/control_pkg/share/ament_index/resource_index/package_run_dependencies/control_pkg
[2.644s] -- Up-to-date: /home/javierfr/Robotics_Cyber_Physical_LAB/install/control_pkg/share/ament_index/resource_index/parent_prefix_path/control_pkg
[2.644s] -- Up-to-date: /home/javierfr/Robotics_Cyber_Physical_LAB/install/control_pkg/share/control_pkg/environment/ament_prefix_path.sh
[2.644s] -- Installing: /home/javierfr/Robotics_Cyber_Physical_LAB/install/control_pkg/share/control_pkg/environment/ament_prefix_path.dsv
[2.644s] -- Up-to-date: /home/javierfr/Robotics_Cyber_Physical_LAB/install/control_pkg/share/control_pkg/environment/path.sh
[2.645s] -- Installing: /home/javierfr/Robotics_Cyber_Physical_LAB/install/control_pkg/share/control_pkg/environment/path.dsv
[2.645s] -- Up-to-date: /home/javierfr/Robotics_Cyber_Physical_LAB/install/control_pkg/share/control_pkg/local_setup.bash
[2.645s] -- Up-to-date: /home/javierfr/Robotics_Cyber_Physical_LAB/install/control_pkg/share/control_pkg/local_setup.sh
[2.645s] -- Up-to-date: /home/javierfr/Robotics_Cyber_Physical_LAB/install/control_pkg/share/control_pkg/local_setup.zsh
[2.645s] -- Installing: /home/javierfr/Robotics_Cyber_Physical_LAB/install/control_pkg/share/control_pkg/local_setup.dsv
[2.645s] -- Installing: /home/javierfr/Robotics_Cyber_Physical_LAB/install/control_pkg/share/control_pkg/package.dsv
[2.646s] -- Up-to-date: /home/javierfr/Robotics_Cyber_Physical_LAB/install/control_pkg/share/ament_index/resource_index/packages/control_pkg
[2.646s] -- Up-to-date: /home/javierfr/Robotics_Cyber_Physical_LAB/install/control_pkg/share/control_pkg/cmake/control_pkgConfig.cmake
[2.646s] -- Up-to-date: /home/javierfr/Robotics_Cyber_Physical_LAB/install/control_pkg/share/control_pkg/cmake/control_pkgConfig-version.cmake
[2.646s] -- Up-to-date: /home/javierfr/Robotics_Cyber_Physical_LAB/install/control_pkg/share/control_pkg/package.xml
[2.650s] Invoked command in '/home/javierfr/Robotics_Cyber_Physical_LAB/build/control_pkg' returned '0': CMAKE_PREFIX_PATH=/home/javierfr/Robotics_Cyber_Physical_LAB/install/interfaces:/home/javierfr/Robotics_Cyber_Physical_LAB/install/inv_kinematics_pkg:/home/javierfr/Robotics_Cyber_Physical_LAB/install/control_pkg:/home/javierfr/Robotics_Cyber_Physical_LAB/install/img_proc_pkg:/home/javierfr/Robotics_Cyber_Physical_LAB/install/gazebo_plugin_sim:/opt/ros/foxy /usr/bin/cmake --install /home/javierfr/Robotics_Cyber_Physical_LAB/build/control_pkg
