-- Found ament_cmake: 0.9.9 (/opt/ros/foxy/share/ament_cmake/cmake)
-- Found PythonInterp: /usr/bin/python3 (found suitable version "3.8.10", minimum required is "3") 
-- Using PYTHON_EXECUTABLE: /usr/bin/python3
-- Found rosidl_default_generators: 1.0.1 (/opt/ros/foxy/share/rosidl_default_generators/cmake)
-- Using all available rosidl_typesupport_c: rosidl_typesupport_fastrtps_c;rosidl_typesupport_introspection_c
-- Found rosidl_adapter: 1.2.1 (/opt/ros/foxy/share/rosidl_adapter/cmake)
-- Using all available rosidl_typesupport_cpp: rosidl_typesupport_fastrtps_cpp;rosidl_typesupport_introspection_cpp
-- Found PythonInterp: /usr/bin/python3 (found version "3.8.10") 
-- Found ament_cmake_ros: 0.9.2 (/opt/ros/foxy/share/ament_cmake_ros/cmake)
-- Using all available rosidl_typesupport_c: rosidl_typesupport_fastrtps_c;rosidl_typesupport_introspection_c
-- Using all available rosidl_typesupport_cpp: rosidl_typesupport_fastrtps_cpp;rosidl_typesupport_introspection_cpp
-- Found PythonInterp: /usr/bin/python3 (found suitable version "3.8.10", minimum required is "3.5") 
-- Found python_cmake_module: 0.8.1 (/opt/ros/foxy/share/python_cmake_module/cmake)
-- Using PYTHON_EXECUTABLE: /usr/bin/python3
-- Using PYTHON_INCLUDE_DIRS: /usr/include/python3.8
-- Using PYTHON_LIBRARIES: /usr/lib/x86_64-linux-gnu/libpython3.8.so
-- Configuring done
-- Generating done
-- Build files have been written to: /home/javierfr/Tesis_ws/V1/build/interfaces
[  0%] Built target interfaces__cpp
[  1%] [32m[1mLinking CXX shared library libinterfaces__rosidl_typesupport_introspection_cpp.so[0m
[  2%] [34m[1mGenerating C++ type support for eProsima Fast-RTPS[0m
[  3%] [32m[1mLinking C shared library libinterfaces__rosidl_generator_c.so[0m
[  4%] [32m[1mLinking CXX shared library libinterfaces__rosidl_typesupport_cpp.so[0m
[35m[1mScanning dependencies of target interfaces__rosidl_typesupport_fastrtps_cpp[0m
[  5%] [32mBuilding CXX object CMakeFiles/interfaces__rosidl_typesupport_fastrtps_cpp.dir/rosidl_typesupport_fastrtps_cpp/interfaces/msg/detail/dds_fastrtps/motor_vels_w_arm__type_support.cpp.o[0m
[  5%] [32mBuilding CXX object CMakeFiles/interfaces__rosidl_typesupport_fastrtps_cpp.dir/rosidl_typesupport_fastrtps_cpp/interfaces/msg/detail/dds_fastrtps/img_data__type_support.cpp.o[0m
[  6%] [32mBuilding CXX object CMakeFiles/interfaces__rosidl_typesupport_fastrtps_cpp.dir/rosidl_typesupport_fastrtps_cpp/interfaces/msg/detail/dds_fastrtps/control_data__type_support.cpp.o[0m
[  7%] [32mBuilding CXX object CMakeFiles/interfaces__rosidl_typesupport_fastrtps_cpp.dir/rosidl_typesupport_fastrtps_cpp/interfaces/srv/detail/dds_fastrtps/platform_vel__type_support.cpp.o[0m
[  8%] [32mBuilding CXX object CMakeFiles/interfaces__rosidl_typesupport_fastrtps_cpp.dir/rosidl_typesupport_fastrtps_cpp/interfaces/srv/detail/dds_fastrtps/control_pid_start__type_support.cpp.o[0m
[  9%] [32mBuilding CXX object CMakeFiles/interfaces__rosidl_typesupport_fastrtps_cpp.dir/rosidl_typesupport_fastrtps_cpp/interfaces/msg/detail/dds_fastrtps/motor_vels__type_support.cpp.o[0m
[ 10%] [32mBuilding CXX object CMakeFiles/interfaces__rosidl_typesupport_fastrtps_cpp.dir/rosidl_typesupport_fastrtps_cpp/interfaces/msg/detail/dds_fastrtps/limit_switch__type_support.cpp.o[0m
[ 11%] [32mBuilding CXX object CMakeFiles/interfaces__rosidl_typesupport_fastrtps_cpp.dir/rosidl_typesupport_fastrtps_cpp/interfaces/msg/detail/dds_fastrtps/plat_state__type_support.cpp.o[0m
[ 12%] [32mBuilding CXX object CMakeFiles/interfaces__rosidl_typesupport_fastrtps_cpp.dir/rosidl_typesupport_fastrtps_cpp/interfaces/srv/detail/dds_fastrtps/robot_vel__type_support.cpp.o[0m
[ 34%] Built target interfaces__rosidl_typesupport_cpp
[ 34%] Built target interfaces__rosidl_typesupport_introspection_cpp
[ 45%] Built target interfaces__rosidl_generator_c
[ 46%] [32mBuilding CXX object CMakeFiles/interfaces__rosidl_typesupport_fastrtps_cpp.dir/rosidl_typesupport_fastrtps_cpp/interfaces/msg/detail/dds_fastrtps/robot_state__type_support.cpp.o[0m
[ 47%] [32m[1mLinking CXX shared library libinterfaces__rosidl_typesupport_c.so[0m
[ 48%] [32m[1mLinking C shared library libinterfaces__rosidl_typesupport_introspection_c.so[0m
[ 59%] Built target interfaces__rosidl_typesupport_introspection_c
[ 69%] Built target interfaces__rosidl_typesupport_c
[ 70%] [32m[1mLinking CXX shared library libinterfaces__rosidl_typesupport_fastrtps_cpp.so[0m
[ 70%] Built target interfaces__rosidl_typesupport_fastrtps_cpp
[ 71%] [34m[1mGenerating C type support for eProsima Fast-RTPS[0m
[35m[1mScanning dependencies of target interfaces__rosidl_typesupport_fastrtps_c[0m
[ 73%] [32mBuilding CXX object CMakeFiles/interfaces__rosidl_typesupport_fastrtps_c.dir/rosidl_typesupport_fastrtps_c/interfaces/srv/detail/platform_vel__type_support_c.cpp.o[0m
[ 73%] [32mBuilding CXX object CMakeFiles/interfaces__rosidl_typesupport_fastrtps_c.dir/rosidl_typesupport_fastrtps_c/interfaces/msg/detail/motor_vels__type_support_c.cpp.o[0m
[ 74%] [32mBuilding CXX object CMakeFiles/interfaces__rosidl_typesupport_fastrtps_c.dir/rosidl_typesupport_fastrtps_c/interfaces/srv/detail/control_pid_start__type_support_c.cpp.o[0m
[ 76%] [32mBuilding CXX object CMakeFiles/interfaces__rosidl_typesupport_fastrtps_c.dir/rosidl_typesupport_fastrtps_c/interfaces/msg/detail/img_data__type_support_c.cpp.o[0m
[ 76%] [32mBuilding CXX object CMakeFiles/interfaces__rosidl_typesupport_fastrtps_c.dir/rosidl_typesupport_fastrtps_c/interfaces/msg/detail/plat_state__type_support_c.cpp.o[0m
[ 78%] [32mBuilding CXX object CMakeFiles/interfaces__rosidl_typesupport_fastrtps_c.dir/rosidl_typesupport_fastrtps_c/interfaces/srv/detail/robot_vel__type_support_c.cpp.o[0m
[ 78%] [32mBuilding CXX object CMakeFiles/interfaces__rosidl_typesupport_fastrtps_c.dir/rosidl_typesupport_fastrtps_c/interfaces/msg/detail/control_data__type_support_c.cpp.o[0m
[ 79%] [32mBuilding CXX object CMakeFiles/interfaces__rosidl_typesupport_fastrtps_c.dir/rosidl_typesupport_fastrtps_c/interfaces/msg/detail/motor_vels_w_arm__type_support_c.cpp.o[0m
[ 80%] [32mBuilding CXX object CMakeFiles/interfaces__rosidl_typesupport_fastrtps_c.dir/rosidl_typesupport_fastrtps_c/interfaces/msg/detail/robot_state__type_support_c.cpp.o[0m
[ 81%] [32mBuilding CXX object CMakeFiles/interfaces__rosidl_typesupport_fastrtps_c.dir/rosidl_typesupport_fastrtps_c/interfaces/msg/detail/limit_switch__type_support_c.cpp.o[0m
[ 82%] [32m[1mLinking CXX shared library libinterfaces__rosidl_typesupport_fastrtps_c.so[0m
[ 82%] Built target interfaces__rosidl_typesupport_fastrtps_c
[ 82%] Built target interfaces
[ 83%] Built target interfaces__py
[ 84%] [32m[1mLinking C shared library rosidl_generator_py/interfaces/libinterfaces__python.so[0m
[ 94%] Built target interfaces__python
[ 95%] [32m[1mLinking C shared library rosidl_generator_py/interfaces/interfaces_s__rosidl_typesupport_introspection_c.cpython-38-x86_64-linux-gnu.so[0m
[ 96%] [32m[1mLinking C shared library rosidl_generator_py/interfaces/interfaces_s__rosidl_typesupport_c.cpython-38-x86_64-linux-gnu.so[0m
[ 97%] [32m[1mLinking CXX shared library rosidl_generator_py/interfaces/interfaces_s__rosidl_typesupport_fastrtps_c.cpython-38-x86_64-linux-gnu.so[0m
[ 98%] Built target interfaces__rosidl_typesupport_introspection_c__pyext
[ 99%] Built target interfaces__rosidl_typesupport_c__pyext
[100%] Built target interfaces__rosidl_typesupport_fastrtps_c__pyext
-- Install configuration: ""
-- Up-to-date: /home/javierfr/Tesis_ws/V1/install/interfaces/share/ament_index/resource_index/rosidl_interfaces/interfaces
-- Up-to-date: /home/javierfr/Tesis_ws/V1/install/interfaces/include/interfaces
-- Up-to-date: /home/javierfr/Tesis_ws/V1/install/interfaces/include/interfaces/srv
-- Up-to-date: /home/javierfr/Tesis_ws/V1/install/interfaces/include/interfaces/srv/detail
-- Up-to-date: /home/javierfr/Tesis_ws/V1/install/interfaces/include/interfaces/srv/detail/platform_vel__struct.h
-- Up-to-date: /home/javierfr/Tesis_ws/V1/install/interfaces/include/interfaces/srv/detail/control_pid_start__struct.h
-- Up-to-date: /home/javierfr/Tesis_ws/V1/install/interfaces/include/interfaces/srv/detail/control_pid_start__functions.c
-- Up-to-date: /home/javierfr/Tesis_ws/V1/install/interfaces/include/interfaces/srv/detail/platform_vel__functions.c
-- Up-to-date: /home/javierfr/Tesis_ws/V1/install/interfaces/include/interfaces/srv/detail/robot_vel__type_support.h
-- Up-to-date: /home/javierfr/Tesis_ws/V1/install/interfaces/include/interfaces/srv/detail/platform_vel__functions.h
-- Up-to-date: /home/javierfr/Tesis_ws/V1/install/interfaces/include/interfaces/srv/detail/platform_vel__type_support.h
-- Up-to-date: /home/javierfr/Tesis_ws/V1/install/interfaces/include/interfaces/srv/detail/robot_vel__functions.h
-- Up-to-date: /home/javierfr/Tesis_ws/V1/install/interfaces/include/interfaces/srv/detail/control_pid_start__type_support.h
-- Up-to-date: /home/javierfr/Tesis_ws/V1/install/interfaces/include/interfaces/srv/detail/robot_vel__functions.c
-- Up-to-date: /home/javierfr/Tesis_ws/V1/install/interfaces/include/interfaces/srv/detail/control_pid_start__functions.h
-- Up-to-date: /home/javierfr/Tesis_ws/V1/install/interfaces/include/interfaces/srv/detail/robot_vel__struct.h
-- Up-to-date: /home/javierfr/Tesis_ws/V1/install/interfaces/include/interfaces/srv/platform_vel.h
-- Up-to-date: /home/javierfr/Tesis_ws/V1/install/interfaces/include/interfaces/srv/robot_vel.h
-- Up-to-date: /home/javierfr/Tesis_ws/V1/install/interfaces/include/interfaces/srv/control_pid_start.h
-- Up-to-date: /home/javierfr/Tesis_ws/V1/install/interfaces/include/interfaces/msg
-- Up-to-date: /home/javierfr/Tesis_ws/V1/install/interfaces/include/interfaces/msg/detail
-- Up-to-date: /home/javierfr/Tesis_ws/V1/install/interfaces/include/interfaces/msg/detail/robot_state__type_support.h
-- Up-to-date: /home/javierfr/Tesis_ws/V1/install/interfaces/include/interfaces/msg/detail/img_data__struct.h
-- Up-to-date: /home/javierfr/Tesis_ws/V1/install/interfaces/include/interfaces/msg/detail/robot_state__struct.h
-- Up-to-date: /home/javierfr/Tesis_ws/V1/install/interfaces/include/interfaces/msg/detail/limit_switch__functions.c
-- Up-to-date: /home/javierfr/Tesis_ws/V1/install/interfaces/include/interfaces/msg/detail/control_data__type_support.h
-- Up-to-date: /home/javierfr/Tesis_ws/V1/install/interfaces/include/interfaces/msg/detail/limit_switch__type_support.h
-- Up-to-date: /home/javierfr/Tesis_ws/V1/install/interfaces/include/interfaces/msg/detail/plat_state__struct.h
-- Up-to-date: /home/javierfr/Tesis_ws/V1/install/interfaces/include/interfaces/msg/detail/motor_vels__type_support.h
-- Up-to-date: /home/javierfr/Tesis_ws/V1/install/interfaces/include/interfaces/msg/detail/img_data__functions.c
-- Up-to-date: /home/javierfr/Tesis_ws/V1/install/interfaces/include/interfaces/msg/detail/motor_vels_w_arm__functions.h
-- Up-to-date: /home/javierfr/Tesis_ws/V1/install/interfaces/include/interfaces/msg/detail/robot_state__functions.c
-- Up-to-date: /home/javierfr/Tesis_ws/V1/install/interfaces/include/interfaces/msg/detail/motor_vels__functions.h
-- Up-to-date: /home/javierfr/Tesis_ws/V1/install/interfaces/include/interfaces/msg/detail/plat_state__functions.c
-- Up-to-date: /home/javierfr/Tesis_ws/V1/install/interfaces/include/interfaces/msg/detail/motor_vels_w_arm__type_support.h
-- Up-to-date: /home/javierfr/Tesis_ws/V1/install/interfaces/include/interfaces/msg/detail/img_data__type_support.h
-- Up-to-date: /home/javierfr/Tesis_ws/V1/install/interfaces/include/interfaces/msg/detail/robot_state__functions.h
-- Up-to-date: /home/javierfr/Tesis_ws/V1/install/interfaces/include/interfaces/msg/detail/control_data__struct.h
-- Up-to-date: /home/javierfr/Tesis_ws/V1/install/interfaces/include/interfaces/msg/detail/motor_vels_w_arm__struct.h
-- Up-to-date: /home/javierfr/Tesis_ws/V1/install/interfaces/include/interfaces/msg/detail/motor_vels__functions.c
-- Up-to-date: /home/javierfr/Tesis_ws/V1/install/interfaces/include/interfaces/msg/detail/limit_switch__functions.h
-- Up-to-date: /home/javierfr/Tesis_ws/V1/install/interfaces/include/interfaces/msg/detail/limit_switch__struct.h
-- Up-to-date: /home/javierfr/Tesis_ws/V1/install/interfaces/include/interfaces/msg/detail/plat_state__functions.h
-- Up-to-date: /home/javierfr/Tesis_ws/V1/install/interfaces/include/interfaces/msg/detail/control_data__functions.c
-- Up-to-date: /home/javierfr/Tesis_ws/V1/install/interfaces/include/interfaces/msg/detail/img_data__functions.h
-- Up-to-date: /home/javierfr/Tesis_ws/V1/install/interfaces/include/interfaces/msg/detail/plat_state__type_support.h
-- Up-to-date: /home/javierfr/Tesis_ws/V1/install/interfaces/include/interfaces/msg/detail/motor_vels_w_arm__functions.c
-- Up-to-date: /home/javierfr/Tesis_ws/V1/install/interfaces/include/interfaces/msg/detail/motor_vels__struct.h
-- Up-to-date: /home/javierfr/Tesis_ws/V1/install/interfaces/include/interfaces/msg/detail/control_data__functions.h
-- Up-to-date: /home/javierfr/Tesis_ws/V1/install/interfaces/include/interfaces/msg/img_data.h
-- Up-to-date: /home/javierfr/Tesis_ws/V1/install/interfaces/include/interfaces/msg/plat_state.h
-- Up-to-date: /home/javierfr/Tesis_ws/V1/install/interfaces/include/interfaces/msg/limit_switch.h
-- Up-to-date: /home/javierfr/Tesis_ws/V1/install/interfaces/include/interfaces/msg/motor_vels_w_arm.h
-- Up-to-date: /home/javierfr/Tesis_ws/V1/install/interfaces/include/interfaces/msg/robot_state.h
-- Up-to-date: /home/javierfr/Tesis_ws/V1/install/interfaces/include/interfaces/msg/control_data.h
-- Up-to-date: /home/javierfr/Tesis_ws/V1/install/interfaces/include/interfaces/msg/motor_vels.h
-- Up-to-date: /home/javierfr/Tesis_ws/V1/install/interfaces/include/interfaces/msg/rosidl_generator_c__visibility_control.h
-- Up-to-date: /home/javierfr/Tesis_ws/V1/install/interfaces/share/interfaces/environment/library_path.sh
-- Installing: /home/javierfr/Tesis_ws/V1/install/interfaces/share/interfaces/environment/library_path.dsv
-- Installing: /home/javierfr/Tesis_ws/V1/install/interfaces/lib/libinterfaces__rosidl_generator_c.so
-- Set runtime path of "/home/javierfr/Tesis_ws/V1/install/interfaces/lib/libinterfaces__rosidl_generator_c.so" to ""
-- Up-to-date: /home/javierfr/Tesis_ws/V1/install/interfaces/include/interfaces
-- Up-to-date: /home/javierfr/Tesis_ws/V1/install/interfaces/include/interfaces/srv
-- Up-to-date: /home/javierfr/Tesis_ws/V1/install/interfaces/include/interfaces/srv/detail
-- Installing: /home/javierfr/Tesis_ws/V1/install/interfaces/include/interfaces/srv/detail/control_pid_start__rosidl_typesupport_fastrtps_c.h
-- Installing: /home/javierfr/Tesis_ws/V1/install/interfaces/include/interfaces/srv/detail/robot_vel__rosidl_typesupport_fastrtps_c.h
-- Installing: /home/javierfr/Tesis_ws/V1/install/interfaces/include/interfaces/srv/detail/platform_vel__rosidl_typesupport_fastrtps_c.h
-- Up-to-date: /home/javierfr/Tesis_ws/V1/install/interfaces/include/interfaces/msg
-- Up-to-date: /home/javierfr/Tesis_ws/V1/install/interfaces/include/interfaces/msg/detail
-- Installing: /home/javierfr/Tesis_ws/V1/install/interfaces/include/interfaces/msg/detail/motor_vels_w_arm__rosidl_typesupport_fastrtps_c.h
-- Installing: /home/javierfr/Tesis_ws/V1/install/interfaces/include/interfaces/msg/detail/plat_state__rosidl_typesupport_fastrtps_c.h
-- Installing: /home/javierfr/Tesis_ws/V1/install/interfaces/include/interfaces/msg/detail/robot_state__rosidl_typesupport_fastrtps_c.h
-- Installing: /home/javierfr/Tesis_ws/V1/install/interfaces/include/interfaces/msg/detail/img_data__rosidl_typesupport_fastrtps_c.h
-- Installing: /home/javierfr/Tesis_ws/V1/install/interfaces/include/interfaces/msg/detail/limit_switch__rosidl_typesupport_fastrtps_c.h
-- Installing: /home/javierfr/Tesis_ws/V1/install/interfaces/include/interfaces/msg/detail/control_data__rosidl_typesupport_fastrtps_c.h
-- Installing: /home/javierfr/Tesis_ws/V1/install/interfaces/include/interfaces/msg/detail/motor_vels__rosidl_typesupport_fastrtps_c.h
-- Up-to-date: /home/javierfr/Tesis_ws/V1/install/interfaces/include/interfaces/msg/rosidl_typesupport_fastrtps_c__visibility_control.h
-- Installing: /home/javierfr/Tesis_ws/V1/install/interfaces/lib/libinterfaces__rosidl_typesupport_fastrtps_c.so
-- Set runtime path of "/home/javierfr/Tesis_ws/V1/install/interfaces/lib/libinterfaces__rosidl_typesupport_fastrtps_c.so" to ""
-- Up-to-date: /home/javierfr/Tesis_ws/V1/install/interfaces/include/interfaces
-- Up-to-date: /home/javierfr/Tesis_ws/V1/install/interfaces/include/interfaces/srv
-- Up-to-date: /home/javierfr/Tesis_ws/V1/install/interfaces/include/interfaces/srv/detail
-- Installing: /home/javierfr/Tesis_ws/V1/install/interfaces/include/interfaces/srv/detail/robot_vel__rosidl_typesupport_fastrtps_cpp.hpp
-- Installing: /home/javierfr/Tesis_ws/V1/install/interfaces/include/interfaces/srv/detail/platform_vel__rosidl_typesupport_fastrtps_cpp.hpp
-- Up-to-date: /home/javierfr/Tesis_ws/V1/install/interfaces/include/interfaces/srv/detail/dds_fastrtps
-- Installing: /home/javierfr/Tesis_ws/V1/install/interfaces/include/interfaces/srv/detail/control_pid_start__rosidl_typesupport_fastrtps_cpp.hpp
-- Up-to-date: /home/javierfr/Tesis_ws/V1/install/interfaces/include/interfaces/msg
-- Up-to-date: /home/javierfr/Tesis_ws/V1/install/interfaces/include/interfaces/msg/rosidl_typesupport_fastrtps_cpp__visibility_control.h
-- Up-to-date: /home/javierfr/Tesis_ws/V1/install/interfaces/include/interfaces/msg/detail
-- Installing: /home/javierfr/Tesis_ws/V1/install/interfaces/include/interfaces/msg/detail/motor_vels_w_arm__rosidl_typesupport_fastrtps_cpp.hpp
-- Installing: /home/javierfr/Tesis_ws/V1/install/interfaces/include/interfaces/msg/detail/robot_state__rosidl_typesupport_fastrtps_cpp.hpp
-- Installing: /home/javierfr/Tesis_ws/V1/install/interfaces/include/interfaces/msg/detail/control_data__rosidl_typesupport_fastrtps_cpp.hpp
-- Installing: /home/javierfr/Tesis_ws/V1/install/interfaces/include/interfaces/msg/detail/limit_switch__rosidl_typesupport_fastrtps_cpp.hpp
-- Installing: /home/javierfr/Tesis_ws/V1/install/interfaces/include/interfaces/msg/detail/motor_vels__rosidl_typesupport_fastrtps_cpp.hpp
-- Installing: /home/javierfr/Tesis_ws/V1/install/interfaces/include/interfaces/msg/detail/plat_state__rosidl_typesupport_fastrtps_cpp.hpp
-- Up-to-date: /home/javierfr/Tesis_ws/V1/install/interfaces/include/interfaces/msg/detail/dds_fastrtps
-- Installing: /home/javierfr/Tesis_ws/V1/install/interfaces/include/interfaces/msg/detail/img_data__rosidl_typesupport_fastrtps_cpp.hpp
-- Installing: /home/javierfr/Tesis_ws/V1/install/interfaces/lib/libinterfaces__rosidl_typesupport_fastrtps_cpp.so
-- Set runtime path of "/home/javierfr/Tesis_ws/V1/install/interfaces/lib/libinterfaces__rosidl_typesupport_fastrtps_cpp.so" to ""
-- Up-to-date: /home/javierfr/Tesis_ws/V1/install/interfaces/include/interfaces
-- Up-to-date: /home/javierfr/Tesis_ws/V1/install/interfaces/include/interfaces/srv
-- Up-to-date: /home/javierfr/Tesis_ws/V1/install/interfaces/include/interfaces/srv/detail
-- Up-to-date: /home/javierfr/Tesis_ws/V1/install/interfaces/include/interfaces/srv/detail/platform_vel__type_support.c
-- Up-to-date: /home/javierfr/Tesis_ws/V1/install/interfaces/include/interfaces/srv/detail/platform_vel__rosidl_typesupport_introspection_c.h
-- Up-to-date: /home/javierfr/Tesis_ws/V1/install/interfaces/include/interfaces/srv/detail/control_pid_start__type_support.c
-- Up-to-date: /home/javierfr/Tesis_ws/V1/install/interfaces/include/interfaces/srv/detail/control_pid_start__rosidl_typesupport_introspection_c.h
-- Up-to-date: /home/javierfr/Tesis_ws/V1/install/interfaces/include/interfaces/srv/detail/robot_vel__type_support.c
-- Up-to-date: /home/javierfr/Tesis_ws/V1/install/interfaces/include/interfaces/srv/detail/robot_vel__rosidl_typesupport_introspection_c.h
-- Up-to-date: /home/javierfr/Tesis_ws/V1/install/interfaces/include/interfaces/msg
-- Up-to-date: /home/javierfr/Tesis_ws/V1/install/interfaces/include/interfaces/msg/detail
-- Up-to-date: /home/javierfr/Tesis_ws/V1/install/interfaces/include/interfaces/msg/detail/motor_vels__rosidl_typesupport_introspection_c.h
-- Up-to-date: /home/javierfr/Tesis_ws/V1/install/interfaces/include/interfaces/msg/detail/robot_state__type_support.c
-- Up-to-date: /home/javierfr/Tesis_ws/V1/install/interfaces/include/interfaces/msg/detail/limit_switch__rosidl_typesupport_introspection_c.h
-- Up-to-date: /home/javierfr/Tesis_ws/V1/install/interfaces/include/interfaces/msg/detail/limit_switch__type_support.c
-- Up-to-date: /home/javierfr/Tesis_ws/V1/install/interfaces/include/interfaces/msg/detail/plat_state__type_support.c
-- Up-to-date: /home/javierfr/Tesis_ws/V1/install/interfaces/include/interfaces/msg/detail/motor_vels_w_arm__type_support.c
-- Up-to-date: /home/javierfr/Tesis_ws/V1/install/interfaces/include/interfaces/msg/detail/motor_vels__type_support.c
-- Up-to-date: /home/javierfr/Tesis_ws/V1/install/interfaces/include/interfaces/msg/detail/control_data__type_support.c
-- Up-to-date: /home/javierfr/Tesis_ws/V1/install/interfaces/include/interfaces/msg/detail/plat_state__rosidl_typesupport_introspection_c.h
-- Up-to-date: /home/javierfr/Tesis_ws/V1/install/interfaces/include/interfaces/msg/detail/img_data__rosidl_typesupport_introspection_c.h
-- Up-to-date: /home/javierfr/Tesis_ws/V1/install/interfaces/include/interfaces/msg/detail/control_data__rosidl_typesupport_introspection_c.h
-- Up-to-date: /home/javierfr/Tesis_ws/V1/install/interfaces/include/interfaces/msg/detail/img_data__type_support.c
-- Up-to-date: /home/javierfr/Tesis_ws/V1/install/interfaces/include/interfaces/msg/detail/motor_vels_w_arm__rosidl_typesupport_introspection_c.h
-- Up-to-date: /home/javierfr/Tesis_ws/V1/install/interfaces/include/interfaces/msg/detail/robot_state__rosidl_typesupport_introspection_c.h
-- Up-to-date: /home/javierfr/Tesis_ws/V1/install/interfaces/include/interfaces/msg/rosidl_typesupport_introspection_c__visibility_control.h
-- Installing: /home/javierfr/Tesis_ws/V1/install/interfaces/lib/libinterfaces__rosidl_typesupport_introspection_c.so
-- Set runtime path of "/home/javierfr/Tesis_ws/V1/install/interfaces/lib/libinterfaces__rosidl_typesupport_introspection_c.so" to ""
-- Installing: /home/javierfr/Tesis_ws/V1/install/interfaces/lib/libinterfaces__rosidl_typesupport_c.so
-- Set runtime path of "/home/javierfr/Tesis_ws/V1/install/interfaces/lib/libinterfaces__rosidl_typesupport_c.so" to ""
-- Up-to-date: /home/javierfr/Tesis_ws/V1/install/interfaces/include/interfaces
-- Up-to-date: /home/javierfr/Tesis_ws/V1/install/interfaces/include/interfaces/srv
-- Up-to-date: /home/javierfr/Tesis_ws/V1/install/interfaces/include/interfaces/srv/robot_vel.hpp
-- Up-to-date: /home/javierfr/Tesis_ws/V1/install/interfaces/include/interfaces/srv/detail
-- Up-to-date: /home/javierfr/Tesis_ws/V1/install/interfaces/include/interfaces/srv/detail/robot_vel__traits.hpp
-- Up-to-date: /home/javierfr/Tesis_ws/V1/install/interfaces/include/interfaces/srv/detail/platform_vel__builder.hpp
-- Up-to-date: /home/javierfr/Tesis_ws/V1/install/interfaces/include/interfaces/srv/detail/robot_vel__builder.hpp
-- Up-to-date: /home/javierfr/Tesis_ws/V1/install/interfaces/include/interfaces/srv/detail/platform_vel__struct.hpp
-- Up-to-date: /home/javierfr/Tesis_ws/V1/install/interfaces/include/interfaces/srv/detail/robot_vel__struct.hpp
-- Up-to-date: /home/javierfr/Tesis_ws/V1/install/interfaces/include/interfaces/srv/detail/control_pid_start__struct.hpp
-- Up-to-date: /home/javierfr/Tesis_ws/V1/install/interfaces/include/interfaces/srv/detail/control_pid_start__builder.hpp
-- Up-to-date: /home/javierfr/Tesis_ws/V1/install/interfaces/include/interfaces/srv/detail/control_pid_start__traits.hpp
-- Up-to-date: /home/javierfr/Tesis_ws/V1/install/interfaces/include/interfaces/srv/detail/platform_vel__traits.hpp
-- Up-to-date: /home/javierfr/Tesis_ws/V1/install/interfaces/include/interfaces/srv/control_pid_start.hpp
-- Up-to-date: /home/javierfr/Tesis_ws/V1/install/interfaces/include/interfaces/srv/platform_vel.hpp
-- Up-to-date: /home/javierfr/Tesis_ws/V1/install/interfaces/include/interfaces/msg
-- Up-to-date: /home/javierfr/Tesis_ws/V1/install/interfaces/include/interfaces/msg/detail
-- Up-to-date: /home/javierfr/Tesis_ws/V1/install/interfaces/include/interfaces/msg/detail/limit_switch__builder.hpp
-- Up-to-date: /home/javierfr/Tesis_ws/V1/install/interfaces/include/interfaces/msg/detail/plat_state__traits.hpp
-- Up-to-date: /home/javierfr/Tesis_ws/V1/install/interfaces/include/interfaces/msg/detail/motor_vels_w_arm__struct.hpp
-- Up-to-date: /home/javierfr/Tesis_ws/V1/install/interfaces/include/interfaces/msg/detail/robot_state__builder.hpp
-- Up-to-date: /home/javierfr/Tesis_ws/V1/install/interfaces/include/interfaces/msg/detail/img_data__builder.hpp
-- Up-to-date: /home/javierfr/Tesis_ws/V1/install/interfaces/include/interfaces/msg/detail/limit_switch__traits.hpp
-- Up-to-date: /home/javierfr/Tesis_ws/V1/install/interfaces/include/interfaces/msg/detail/plat_state__builder.hpp
-- Up-to-date: /home/javierfr/Tesis_ws/V1/install/interfaces/include/interfaces/msg/detail/img_data__traits.hpp
-- Up-to-date: /home/javierfr/Tesis_ws/V1/install/interfaces/include/interfaces/msg/detail/control_data__builder.hpp
-- Up-to-date: /home/javierfr/Tesis_ws/V1/install/interfaces/include/interfaces/msg/detail/motor_vels__traits.hpp
-- Up-to-date: /home/javierfr/Tesis_ws/V1/install/interfaces/include/interfaces/msg/detail/motor_vels__builder.hpp
-- Up-to-date: /home/javierfr/Tesis_ws/V1/install/interfaces/include/interfaces/msg/detail/control_data__struct.hpp
-- Up-to-date: /home/javierfr/Tesis_ws/V1/install/interfaces/include/interfaces/msg/detail/motor_vels__struct.hpp
-- Up-to-date: /home/javierfr/Tesis_ws/V1/install/interfaces/include/interfaces/msg/detail/control_data__traits.hpp
-- Up-to-date: /home/javierfr/Tesis_ws/V1/install/interfaces/include/interfaces/msg/detail/robot_state__struct.hpp
-- Up-to-date: /home/javierfr/Tesis_ws/V1/install/interfaces/include/interfaces/msg/detail/limit_switch__struct.hpp
-- Up-to-date: /home/javierfr/Tesis_ws/V1/install/interfaces/include/interfaces/msg/detail/plat_state__struct.hpp
-- Up-to-date: /home/javierfr/Tesis_ws/V1/install/interfaces/include/interfaces/msg/detail/img_data__struct.hpp
-- Up-to-date: /home/javierfr/Tesis_ws/V1/install/interfaces/include/interfaces/msg/detail/motor_vels_w_arm__builder.hpp
-- Up-to-date: /home/javierfr/Tesis_ws/V1/install/interfaces/include/interfaces/msg/detail/motor_vels_w_arm__traits.hpp
-- Up-to-date: /home/javierfr/Tesis_ws/V1/install/interfaces/include/interfaces/msg/detail/robot_state__traits.hpp
-- Up-to-date: /home/javierfr/Tesis_ws/V1/install/interfaces/include/interfaces/msg/img_data.hpp
-- Up-to-date: /home/javierfr/Tesis_ws/V1/install/interfaces/include/interfaces/msg/motor_vels.hpp
-- Up-to-date: /home/javierfr/Tesis_ws/V1/install/interfaces/include/interfaces/msg/control_data.hpp
-- Up-to-date: /home/javierfr/Tesis_ws/V1/install/interfaces/include/interfaces/msg/plat_state.hpp
-- Up-to-date: /home/javierfr/Tesis_ws/V1/install/interfaces/include/interfaces/msg/motor_vels_w_arm.hpp
-- Up-to-date: /home/javierfr/Tesis_ws/V1/install/interfaces/include/interfaces/msg/robot_state.hpp
-- Up-to-date: /home/javierfr/Tesis_ws/V1/install/interfaces/include/interfaces/msg/limit_switch.hpp
-- Up-to-date: /home/javierfr/Tesis_ws/V1/install/interfaces/include/interfaces
-- Up-to-date: /home/javierfr/Tesis_ws/V1/install/interfaces/include/interfaces/srv
-- Up-to-date: /home/javierfr/Tesis_ws/V1/install/interfaces/include/interfaces/srv/detail
-- Up-to-date: /home/javierfr/Tesis_ws/V1/install/interfaces/include/interfaces/srv/detail/platform_vel__rosidl_typesupport_introspection_cpp.hpp
-- Up-to-date: /home/javierfr/Tesis_ws/V1/install/interfaces/include/interfaces/srv/detail/control_pid_start__type_support.cpp
-- Up-to-date: /home/javierfr/Tesis_ws/V1/install/interfaces/include/interfaces/srv/detail/robot_vel__type_support.cpp
-- Up-to-date: /home/javierfr/Tesis_ws/V1/install/interfaces/include/interfaces/srv/detail/platform_vel__type_support.cpp
-- Up-to-date: /home/javierfr/Tesis_ws/V1/install/interfaces/include/interfaces/srv/detail/robot_vel__rosidl_typesupport_introspection_cpp.hpp
-- Up-to-date: /home/javierfr/Tesis_ws/V1/install/interfaces/include/interfaces/srv/detail/control_pid_start__rosidl_typesupport_introspection_cpp.hpp
-- Up-to-date: /home/javierfr/Tesis_ws/V1/install/interfaces/include/interfaces/msg
-- Up-to-date: /home/javierfr/Tesis_ws/V1/install/interfaces/include/interfaces/msg/detail
-- Up-to-date: /home/javierfr/Tesis_ws/V1/install/interfaces/include/interfaces/msg/detail/motor_vels_w_arm__type_support.cpp
-- Up-to-date: /home/javierfr/Tesis_ws/V1/install/interfaces/include/interfaces/msg/detail/robot_state__rosidl_typesupport_introspection_cpp.hpp
-- Up-to-date: /home/javierfr/Tesis_ws/V1/install/interfaces/include/interfaces/msg/detail/motor_vels__type_support.cpp
-- Up-to-date: /home/javierfr/Tesis_ws/V1/install/interfaces/include/interfaces/msg/detail/limit_switch__rosidl_typesupport_introspection_cpp.hpp
-- Up-to-date: /home/javierfr/Tesis_ws/V1/install/interfaces/include/interfaces/msg/detail/motor_vels__rosidl_typesupport_introspection_cpp.hpp
-- Up-to-date: /home/javierfr/Tesis_ws/V1/install/interfaces/include/interfaces/msg/detail/plat_state__type_support.cpp
-- Up-to-date: /home/javierfr/Tesis_ws/V1/install/interfaces/include/interfaces/msg/detail/control_data__rosidl_typesupport_introspection_cpp.hpp
-- Up-to-date: /home/javierfr/Tesis_ws/V1/install/interfaces/include/interfaces/msg/detail/img_data__rosidl_typesupport_introspection_cpp.hpp
-- Up-to-date: /home/javierfr/Tesis_ws/V1/install/interfaces/include/interfaces/msg/detail/robot_state__type_support.cpp
-- Up-to-date: /home/javierfr/Tesis_ws/V1/install/interfaces/include/interfaces/msg/detail/limit_switch__type_support.cpp
-- Up-to-date: /home/javierfr/Tesis_ws/V1/install/interfaces/include/interfaces/msg/detail/motor_vels_w_arm__rosidl_typesupport_introspection_cpp.hpp
-- Up-to-date: /home/javierfr/Tesis_ws/V1/install/interfaces/include/interfaces/msg/detail/plat_state__rosidl_typesupport_introspection_cpp.hpp
-- Up-to-date: /home/javierfr/Tesis_ws/V1/install/interfaces/include/interfaces/msg/detail/img_data__type_support.cpp
-- Up-to-date: /home/javierfr/Tesis_ws/V1/install/interfaces/include/interfaces/msg/detail/control_data__type_support.cpp
-- Installing: /home/javierfr/Tesis_ws/V1/install/interfaces/lib/libinterfaces__rosidl_typesupport_introspection_cpp.so
-- Set runtime path of "/home/javierfr/Tesis_ws/V1/install/interfaces/lib/libinterfaces__rosidl_typesupport_introspection_cpp.so" to ""
-- Installing: /home/javierfr/Tesis_ws/V1/install/interfaces/lib/libinterfaces__rosidl_typesupport_cpp.so
-- Set runtime path of "/home/javierfr/Tesis_ws/V1/install/interfaces/lib/libinterfaces__rosidl_typesupport_cpp.so" to ""
-- Up-to-date: /home/javierfr/Tesis_ws/V1/install/interfaces/share/interfaces/environment/pythonpath.sh
-- Installing: /home/javierfr/Tesis_ws/V1/install/interfaces/share/interfaces/environment/pythonpath.dsv
-- Installing: /home/javierfr/Tesis_ws/V1/install/interfaces/lib/python3.8/site-packages/interfaces/__init__.py
Compiling '/home/javierfr/Tesis_ws/V1/install/interfaces/lib/python3.8/site-packages/interfaces/__init__.py'...
-- Up-to-date: /home/javierfr/Tesis_ws/V1/install/interfaces/lib/python3.8/site-packages/interfaces/srv
-- Up-to-date: /home/javierfr/Tesis_ws/V1/install/interfaces/lib/python3.8/site-packages/interfaces/srv/__init__.py
-- Up-to-date: /home/javierfr/Tesis_ws/V1/install/interfaces/lib/python3.8/site-packages/interfaces/srv/_platform_vel_s.c
-- Up-to-date: /home/javierfr/Tesis_ws/V1/install/interfaces/lib/python3.8/site-packages/interfaces/srv/_control_pid_start_s.c
-- Up-to-date: /home/javierfr/Tesis_ws/V1/install/interfaces/lib/python3.8/site-packages/interfaces/srv/_robot_vel.py
-- Up-to-date: /home/javierfr/Tesis_ws/V1/install/interfaces/lib/python3.8/site-packages/interfaces/srv/_platform_vel.py
-- Up-to-date: /home/javierfr/Tesis_ws/V1/install/interfaces/lib/python3.8/site-packages/interfaces/srv/_robot_vel_s.c
-- Up-to-date: /home/javierfr/Tesis_ws/V1/install/interfaces/lib/python3.8/site-packages/interfaces/srv/_control_pid_start.py
-- Up-to-date: /home/javierfr/Tesis_ws/V1/install/interfaces/lib/python3.8/site-packages/interfaces/msg
-- Up-to-date: /home/javierfr/Tesis_ws/V1/install/interfaces/lib/python3.8/site-packages/interfaces/msg/_img_data_s.c
-- Up-to-date: /home/javierfr/Tesis_ws/V1/install/interfaces/lib/python3.8/site-packages/interfaces/msg/__init__.py
-- Up-to-date: /home/javierfr/Tesis_ws/V1/install/interfaces/lib/python3.8/site-packages/interfaces/msg/_robot_state_s.c
-- Up-to-date: /home/javierfr/Tesis_ws/V1/install/interfaces/lib/python3.8/site-packages/interfaces/msg/_plat_state_s.c
-- Up-to-date: /home/javierfr/Tesis_ws/V1/install/interfaces/lib/python3.8/site-packages/interfaces/msg/_motor_vels_w_arm_s.c
-- Up-to-date: /home/javierfr/Tesis_ws/V1/install/interfaces/lib/python3.8/site-packages/interfaces/msg/_control_data.py
-- Up-to-date: /home/javierfr/Tesis_ws/V1/install/interfaces/lib/python3.8/site-packages/interfaces/msg/_limit_switch_s.c
-- Up-to-date: /home/javierfr/Tesis_ws/V1/install/interfaces/lib/python3.8/site-packages/interfaces/msg/_img_data.py
-- Up-to-date: /home/javierfr/Tesis_ws/V1/install/interfaces/lib/python3.8/site-packages/interfaces/msg/_control_data_s.c
-- Up-to-date: /home/javierfr/Tesis_ws/V1/install/interfaces/lib/python3.8/site-packages/interfaces/msg/_motor_vels.py
-- Up-to-date: /home/javierfr/Tesis_ws/V1/install/interfaces/lib/python3.8/site-packages/interfaces/msg/_motor_vels_s.c
-- Up-to-date: /home/javierfr/Tesis_ws/V1/install/interfaces/lib/python3.8/site-packages/interfaces/msg/_plat_state.py
-- Up-to-date: /home/javierfr/Tesis_ws/V1/install/interfaces/lib/python3.8/site-packages/interfaces/msg/_limit_switch.py
-- Up-to-date: /home/javierfr/Tesis_ws/V1/install/interfaces/lib/python3.8/site-packages/interfaces/msg/_motor_vels_w_arm.py
-- Up-to-date: /home/javierfr/Tesis_ws/V1/install/interfaces/lib/python3.8/site-packages/interfaces/msg/_robot_state.py
-- Installing: /home/javierfr/Tesis_ws/V1/install/interfaces/lib/python3.8/site-packages/interfaces/interfaces_s__rosidl_typesupport_fastrtps_c.cpython-38-x86_64-linux-gnu.so
-- Set runtime path of "/home/javierfr/Tesis_ws/V1/install/interfaces/lib/python3.8/site-packages/interfaces/interfaces_s__rosidl_typesupport_fastrtps_c.cpython-38-x86_64-linux-gnu.so" to ""
-- Installing: /home/javierfr/Tesis_ws/V1/install/interfaces/lib/python3.8/site-packages/interfaces/interfaces_s__rosidl_typesupport_introspection_c.cpython-38-x86_64-linux-gnu.so
-- Set runtime path of "/home/javierfr/Tesis_ws/V1/install/interfaces/lib/python3.8/site-packages/interfaces/interfaces_s__rosidl_typesupport_introspection_c.cpython-38-x86_64-linux-gnu.so" to ""
-- Installing: /home/javierfr/Tesis_ws/V1/install/interfaces/lib/python3.8/site-packages/interfaces/interfaces_s__rosidl_typesupport_c.cpython-38-x86_64-linux-gnu.so
-- Set runtime path of "/home/javierfr/Tesis_ws/V1/install/interfaces/lib/python3.8/site-packages/interfaces/interfaces_s__rosidl_typesupport_c.cpython-38-x86_64-linux-gnu.so" to ""
-- Installing: /home/javierfr/Tesis_ws/V1/install/interfaces/lib/libinterfaces__python.so
-- Set runtime path of "/home/javierfr/Tesis_ws/V1/install/interfaces/lib/libinterfaces__python.so" to ""
-- Up-to-date: /home/javierfr/Tesis_ws/V1/install/interfaces/share/interfaces/srv/PlatformVel.idl
-- Up-to-date: /home/javierfr/Tesis_ws/V1/install/interfaces/share/interfaces/msg/MotorVels.idl
-- Up-to-date: /home/javierfr/Tesis_ws/V1/install/interfaces/share/interfaces/msg/ImgData.idl
-- Up-to-date: /home/javierfr/Tesis_ws/V1/install/interfaces/share/interfaces/srv/ControlPidStart.idl
-- Up-to-date: /home/javierfr/Tesis_ws/V1/install/interfaces/share/interfaces/msg/PlatState.idl
-- Up-to-date: /home/javierfr/Tesis_ws/V1/install/interfaces/share/interfaces/msg/ControlData.idl
-- Up-to-date: /home/javierfr/Tesis_ws/V1/install/interfaces/share/interfaces/msg/MotorVelsWArm.idl
-- Up-to-date: /home/javierfr/Tesis_ws/V1/install/interfaces/share/interfaces/msg/LimitSwitch.idl
-- Up-to-date: /home/javierfr/Tesis_ws/V1/install/interfaces/share/interfaces/srv/RobotVel.idl
-- Up-to-date: /home/javierfr/Tesis_ws/V1/install/interfaces/share/interfaces/msg/RobotState.idl
-- Up-to-date: /home/javierfr/Tesis_ws/V1/install/interfaces/share/interfaces/srv/PlatformVel.srv
-- Up-to-date: /home/javierfr/Tesis_ws/V1/install/interfaces/share/interfaces/srv/PlatformVel_Request.msg
-- Up-to-date: /home/javierfr/Tesis_ws/V1/install/interfaces/share/interfaces/srv/PlatformVel_Response.msg
-- Up-to-date: /home/javierfr/Tesis_ws/V1/install/interfaces/share/interfaces/msg/MotorVels.msg
-- Up-to-date: /home/javierfr/Tesis_ws/V1/install/interfaces/share/interfaces/msg/ImgData.msg
-- Up-to-date: /home/javierfr/Tesis_ws/V1/install/interfaces/share/interfaces/srv/ControlPidStart.srv
-- Up-to-date: /home/javierfr/Tesis_ws/V1/install/interfaces/share/interfaces/srv/ControlPidStart_Request.msg
-- Up-to-date: /home/javierfr/Tesis_ws/V1/install/interfaces/share/interfaces/srv/ControlPidStart_Response.msg
-- Up-to-date: /home/javierfr/Tesis_ws/V1/install/interfaces/share/interfaces/msg/PlatState.msg
-- Up-to-date: /home/javierfr/Tesis_ws/V1/install/interfaces/share/interfaces/msg/ControlData.msg
-- Up-to-date: /home/javierfr/Tesis_ws/V1/install/interfaces/share/interfaces/msg/MotorVelsWArm.msg
-- Up-to-date: /home/javierfr/Tesis_ws/V1/install/interfaces/share/interfaces/msg/LimitSwitch.msg
-- Up-to-date: /home/javierfr/Tesis_ws/V1/install/interfaces/share/interfaces/srv/RobotVel.srv
-- Up-to-date: /home/javierfr/Tesis_ws/V1/install/interfaces/share/interfaces/srv/RobotVel_Request.msg
-- Up-to-date: /home/javierfr/Tesis_ws/V1/install/interfaces/share/interfaces/srv/RobotVel_Response.msg
-- Up-to-date: /home/javierfr/Tesis_ws/V1/install/interfaces/share/interfaces/msg/RobotState.msg
-- Up-to-date: /home/javierfr/Tesis_ws/V1/install/interfaces/share/ament_index/resource_index/package_run_dependencies/interfaces
-- Up-to-date: /home/javierfr/Tesis_ws/V1/install/interfaces/share/ament_index/resource_index/parent_prefix_path/interfaces
-- Installing: /home/javierfr/Tesis_ws/V1/install/interfaces/share/interfaces/environment/ament_prefix_path.sh
-- Installing: /home/javierfr/Tesis_ws/V1/install/interfaces/share/interfaces/environment/ament_prefix_path.dsv
-- Installing: /home/javierfr/Tesis_ws/V1/install/interfaces/share/interfaces/environment/path.sh
-- Installing: /home/javierfr/Tesis_ws/V1/install/interfaces/share/interfaces/environment/path.dsv
-- Up-to-date: /home/javierfr/Tesis_ws/V1/install/interfaces/share/interfaces/local_setup.bash
-- Up-to-date: /home/javierfr/Tesis_ws/V1/install/interfaces/share/interfaces/local_setup.sh
-- Up-to-date: /home/javierfr/Tesis_ws/V1/install/interfaces/share/interfaces/local_setup.zsh
-- Installing: /home/javierfr/Tesis_ws/V1/install/interfaces/share/interfaces/local_setup.dsv
-- Installing: /home/javierfr/Tesis_ws/V1/install/interfaces/share/interfaces/package.dsv
-- Up-to-date: /home/javierfr/Tesis_ws/V1/install/interfaces/share/ament_index/resource_index/packages/interfaces
-- Up-to-date: /home/javierfr/Tesis_ws/V1/install/interfaces/share/interfaces/cmake/interfaces__rosidl_generator_cExport.cmake
-- Installing: /home/javierfr/Tesis_ws/V1/install/interfaces/share/interfaces/cmake/interfaces__rosidl_generator_cExport-noconfig.cmake
-- Up-to-date: /home/javierfr/Tesis_ws/V1/install/interfaces/share/interfaces/cmake/interfaces__rosidl_typesupport_introspection_cExport.cmake
-- Installing: /home/javierfr/Tesis_ws/V1/install/interfaces/share/interfaces/cmake/interfaces__rosidl_typesupport_introspection_cExport-noconfig.cmake
-- Up-to-date: /home/javierfr/Tesis_ws/V1/install/interfaces/share/interfaces/cmake/interfaces__rosidl_typesupport_cExport.cmake
-- Installing: /home/javierfr/Tesis_ws/V1/install/interfaces/share/interfaces/cmake/interfaces__rosidl_typesupport_cExport-noconfig.cmake
-- Up-to-date: /home/javierfr/Tesis_ws/V1/install/interfaces/share/interfaces/cmake/interfaces__rosidl_generator_cppExport.cmake
-- Up-to-date: /home/javierfr/Tesis_ws/V1/install/interfaces/share/interfaces/cmake/interfaces__rosidl_typesupport_introspection_cppExport.cmake
-- Installing: /home/javierfr/Tesis_ws/V1/install/interfaces/share/interfaces/cmake/interfaces__rosidl_typesupport_introspection_cppExport-noconfig.cmake
-- Up-to-date: /home/javierfr/Tesis_ws/V1/install/interfaces/share/interfaces/cmake/interfaces__rosidl_typesupport_cppExport.cmake
-- Installing: /home/javierfr/Tesis_ws/V1/install/interfaces/share/interfaces/cmake/interfaces__rosidl_typesupport_cppExport-noconfig.cmake
-- Up-to-date: /home/javierfr/Tesis_ws/V1/install/interfaces/share/interfaces/cmake/rosidl_cmake-extras.cmake
-- Installing: /home/javierfr/Tesis_ws/V1/install/interfaces/share/interfaces/cmake/ament_cmake_export_dependencies-extras.cmake
-- Up-to-date: /home/javierfr/Tesis_ws/V1/install/interfaces/share/interfaces/cmake/ament_cmake_export_libraries-extras.cmake
-- Up-to-date: /home/javierfr/Tesis_ws/V1/install/interfaces/share/interfaces/cmake/ament_cmake_export_targets-extras.cmake
-- Up-to-date: /home/javierfr/Tesis_ws/V1/install/interfaces/share/interfaces/cmake/ament_cmake_export_include_directories-extras.cmake
-- Up-to-date: /home/javierfr/Tesis_ws/V1/install/interfaces/share/interfaces/cmake/rosidl_cmake_export_typesupport_libraries-extras.cmake
-- Up-to-date: /home/javierfr/Tesis_ws/V1/install/interfaces/share/interfaces/cmake/rosidl_cmake_export_typesupport_targets-extras.cmake
-- Up-to-date: /home/javierfr/Tesis_ws/V1/install/interfaces/share/interfaces/cmake/interfacesConfig.cmake
-- Up-to-date: /home/javierfr/Tesis_ws/V1/install/interfaces/share/interfaces/cmake/interfacesConfig-version.cmake
-- Up-to-date: /home/javierfr/Tesis_ws/V1/install/interfaces/share/interfaces/package.xml
