[0.061s] Invoking command in '/home/javierfr/Robotics_Cyber_Physical_LAB/build/img_proc_pkg': CMAKE_PREFIX_PATH=${CMAKE_PREFIX_PATH}:/opt/ros/foxy /usr/bin/cmake --build /home/javierfr/Robotics_Cyber_Physical_LAB/build/img_proc_pkg -- -j8 -l8
[0.196s] [35m[1mScanning dependencies of target calibrate_camera_charuco_node[0m
[0.284s] [ 14%] Built target img_proc_node
[0.290s] [ 21%] [32mBuilding CXX object CMakeFiles/calibrate_camera_charuco_node.dir/src/calibrate_camera_charuco_node.cpp.o[0m
[0.294s] [ 35%] Built target img_proc_id_node
[0.298s] [ 64%] Built target calibrate_camera_charuco
[0.298s] [ 64%] Built target img_subs_test_node
[0.308s] [ 78%] Built target aruco_detector
[0.308s] [ 92%] Built target img_publ_test_node
[4.171s] [01m[K/home/javierfr/Robotics_Cyber_Physical_LAB/src/img_proc_pkg/src/calibrate_camera_charuco_node.cpp:[m[K In member function ‘[01m[Kvoid Calibrate_Camera_Charuco_Node::topic_callback(sensor_msgs::msg::Image_<std::allocator<void> >::SharedPtr)[m[K’:
[4.172s] [01m[K/home/javierfr/Robotics_Cyber_Physical_LAB/src/img_proc_pkg/src/calibrate_camera_charuco_node.cpp:146:16:[m[K [01;35m[Kwarning: [m[Kunused variable ‘[01m[KrepError[m[K’ [[01;35m[K-Wunused-variable[m[K]
[4.172s]   146 |         double [01;35m[KrepError[m[K;
[4.172s]       |                [01;35m[K^~~~~~~~[m[K
[4.172s] [01m[K/home/javierfr/Robotics_Cyber_Physical_LAB/src/img_proc_pkg/src/calibrate_camera_charuco_node.cpp:104:11:[m[K [01;35m[Kwarning: [m[Kunused variable ‘[01m[Kn_cols[m[K’ [[01;35m[K-Wunused-variable[m[K]
[4.173s]   104 |       int [01;35m[Kn_cols[m[K = img_original.cols;
[4.173s]       |           [01;35m[K^~~~~~[m[K
[4.173s] [01m[K/home/javierfr/Robotics_Cyber_Physical_LAB/src/img_proc_pkg/src/calibrate_camera_charuco_node.cpp:105:11:[m[K [01;35m[Kwarning: [m[Kunused variable ‘[01m[Kn_rows[m[K’ [[01;35m[K-Wunused-variable[m[K]
[4.173s]   105 |       int [01;35m[Kn_rows[m[K = img_original.rows;
[4.174s]       |           [01;35m[K^~~~~~[m[K
[11.182s] [100%] [32m[1mLinking CXX executable calibrate_camera_charuco_node[0m
[12.345s] /usr/bin/ld: warning: libopencv_imgproc.so.4.2, needed by /opt/ros/foxy/lib/libcv_bridge.so, may conflict with libopencv_imgproc.so.406
[12.345s] /usr/bin/ld: warning: libopencv_core.so.4.2, needed by /opt/ros/foxy/lib/libcv_bridge.so, may conflict with libopencv_core.so.406
[12.365s] [100%] Built target calibrate_camera_charuco_node
[12.384s] Invoked command in '/home/javierfr/Robotics_Cyber_Physical_LAB/build/img_proc_pkg' returned '0': CMAKE_PREFIX_PATH=${CMAKE_PREFIX_PATH}:/opt/ros/foxy /usr/bin/cmake --build /home/javierfr/Robotics_Cyber_Physical_LAB/build/img_proc_pkg -- -j8 -l8
[12.446s] Invoking command in '/home/javierfr/Robotics_Cyber_Physical_LAB/build/img_proc_pkg': CMAKE_PREFIX_PATH=${CMAKE_PREFIX_PATH}:/opt/ros/foxy /usr/bin/cmake --install /home/javierfr/Robotics_Cyber_Physical_LAB/build/img_proc_pkg
[12.461s] -- Install configuration: ""
[12.461s] -- Up-to-date: /home/javierfr/Robotics_Cyber_Physical_LAB/install/img_proc_pkg/lib/img_proc_pkg/img_proc_node
[12.461s] -- Up-to-date: /home/javierfr/Robotics_Cyber_Physical_LAB/install/img_proc_pkg/lib/img_proc_pkg/img_publ_test_node
[12.462s] -- Up-to-date: /home/javierfr/Robotics_Cyber_Physical_LAB/install/img_proc_pkg/lib/img_proc_pkg/img_subs_test_node
[12.463s] -- Up-to-date: /home/javierfr/Robotics_Cyber_Physical_LAB/install/img_proc_pkg/lib/img_proc_pkg/img_proc_id_node
[12.463s] -- Up-to-date: /home/javierfr/Robotics_Cyber_Physical_LAB/install/img_proc_pkg/lib/img_proc_pkg/aruco_detector
[12.464s] -- Up-to-date: /home/javierfr/Robotics_Cyber_Physical_LAB/install/img_proc_pkg/lib/img_proc_pkg/calibrate_camera_charuco
[12.465s] -- Installing: /home/javierfr/Robotics_Cyber_Physical_LAB/install/img_proc_pkg/lib/img_proc_pkg/calibrate_camera_charuco_node
[12.469s] -- Set runtime path of "/home/javierfr/Robotics_Cyber_Physical_LAB/install/img_proc_pkg/lib/img_proc_pkg/calibrate_camera_charuco_node" to ""
[12.470s] -- Up-to-date: /home/javierfr/Robotics_Cyber_Physical_LAB/install/img_proc_pkg/share/img_proc_pkg/launch
[12.470s] -- Up-to-date: /home/javierfr/Robotics_Cyber_Physical_LAB/install/img_proc_pkg/share/img_proc_pkg/launch/demo_cam_launch.py
[12.470s] -- Up-to-date: /home/javierfr/Robotics_Cyber_Physical_LAB/install/img_proc_pkg/share/img_proc_pkg/launch/__pycache__
[12.470s] -- Up-to-date: /home/javierfr/Robotics_Cyber_Physical_LAB/install/img_proc_pkg/share/img_proc_pkg/launch/__pycache__/demo_launch.cpython-38.pyc
[12.470s] -- Up-to-date: /home/javierfr/Robotics_Cyber_Physical_LAB/install/img_proc_pkg/share/img_proc_pkg/config
[12.470s] -- Up-to-date: /home/javierfr/Robotics_Cyber_Physical_LAB/install/img_proc_pkg/share/img_proc_pkg/config/camera_info_old.yaml
[12.471s] -- Up-to-date: /home/javierfr/Robotics_Cyber_Physical_LAB/install/img_proc_pkg/share/img_proc_pkg/config/params.yaml
[12.471s] -- Up-to-date: /home/javierfr/Robotics_Cyber_Physical_LAB/install/img_proc_pkg/share/img_proc_pkg/config/camera_info.yaml
[12.471s] -- Up-to-date: /home/javierfr/Robotics_Cyber_Physical_LAB/install/img_proc_pkg/share/img_proc_pkg/config/camera_calib_charuco.yaml
[12.471s] -- Up-to-date: /home/javierfr/Robotics_Cyber_Physical_LAB/install/img_proc_pkg/share/ament_index/resource_index/package_run_dependencies/img_proc_pkg
[12.471s] -- Up-to-date: /home/javierfr/Robotics_Cyber_Physical_LAB/install/img_proc_pkg/share/ament_index/resource_index/parent_prefix_path/img_proc_pkg
[12.471s] -- Up-to-date: /home/javierfr/Robotics_Cyber_Physical_LAB/install/img_proc_pkg/share/img_proc_pkg/environment/ament_prefix_path.sh
[12.471s] -- Up-to-date: /home/javierfr/Robotics_Cyber_Physical_LAB/install/img_proc_pkg/share/img_proc_pkg/environment/ament_prefix_path.dsv
[12.471s] -- Up-to-date: /home/javierfr/Robotics_Cyber_Physical_LAB/install/img_proc_pkg/share/img_proc_pkg/environment/path.sh
[12.471s] -- Up-to-date: /home/javierfr/Robotics_Cyber_Physical_LAB/install/img_proc_pkg/share/img_proc_pkg/environment/path.dsv
[12.471s] -- Up-to-date: /home/javierfr/Robotics_Cyber_Physical_LAB/install/img_proc_pkg/share/img_proc_pkg/local_setup.bash
[12.471s] -- Up-to-date: /home/javierfr/Robotics_Cyber_Physical_LAB/install/img_proc_pkg/share/img_proc_pkg/local_setup.sh
[12.472s] -- Up-to-date: /home/javierfr/Robotics_Cyber_Physical_LAB/install/img_proc_pkg/share/img_proc_pkg/local_setup.zsh
[12.472s] -- Up-to-date: /home/javierfr/Robotics_Cyber_Physical_LAB/install/img_proc_pkg/share/img_proc_pkg/local_setup.dsv
[12.472s] -- Installing: /home/javierfr/Robotics_Cyber_Physical_LAB/install/img_proc_pkg/share/img_proc_pkg/package.dsv
[12.472s] -- Up-to-date: /home/javierfr/Robotics_Cyber_Physical_LAB/install/img_proc_pkg/share/ament_index/resource_index/packages/img_proc_pkg
[12.472s] -- Up-to-date: /home/javierfr/Robotics_Cyber_Physical_LAB/install/img_proc_pkg/share/img_proc_pkg/cmake/img_proc_pkgConfig.cmake
[12.472s] -- Up-to-date: /home/javierfr/Robotics_Cyber_Physical_LAB/install/img_proc_pkg/share/img_proc_pkg/cmake/img_proc_pkgConfig-version.cmake
[12.472s] -- Up-to-date: /home/javierfr/Robotics_Cyber_Physical_LAB/install/img_proc_pkg/share/img_proc_pkg/package.xml
[12.478s] Invoked command in '/home/javierfr/Robotics_Cyber_Physical_LAB/build/img_proc_pkg' returned '0': CMAKE_PREFIX_PATH=${CMAKE_PREFIX_PATH}:/opt/ros/foxy /usr/bin/cmake --install /home/javierfr/Robotics_Cyber_Physical_LAB/build/img_proc_pkg
