-- Found ament_cmake: 0.9.9 (/opt/ros/foxy/share/ament_cmake/cmake)
-- Using PYTHON_EXECUTABLE: /usr/bin/python3
-- Found sensor_msgs: 2.0.5 (/opt/ros/foxy/share/sensor_msgs/cmake)
-- Using all available rosidl_typesupport_c: rosidl_typesupport_fastrtps_c;rosidl_typesupport_introspection_c
-- Found rosidl_adapter: 1.2.1 (/opt/ros/foxy/share/rosidl_adapter/cmake)
-- Using all available rosidl_typesupport_cpp: rosidl_typesupport_fastrtps_cpp;rosidl_typesupport_introspection_cpp
-- Found rclcpp: 2.4.1 (/opt/ros/foxy/share/rclcpp/cmake)
-- Found rmw_implementation_cmake: 1.0.3 (/opt/ros/foxy/share/rmw_implementation_cmake/cmake)
-- Using RMW implementation 'rmw_fastrtps_cpp' as default
-- Found image_transport: 2.3.0 (/opt/ros/foxy/share/image_transport/cmake)
-- Found cv_bridge: 2.2.1 (/opt/ros/foxy/share/cv_bridge/cmake)
-- Found interfaces: 0.0.0 (/home/javierfr/Robotics_Cyber_Physical_LAB/install/interfaces/share/interfaces/cmake)
-- Configuring done
-- Generating done
-- Build files have been written to: /home/javierfr/Robotics_Cyber_Physical_LAB/build/img_proc_pkg
[35m[1mScanning dependencies of target img_subs_test_node[0m
[35m[1mScanning dependencies of target img_publ_test_node[0m
[35m[1mScanning dependencies of target img_proc_id_node[0m
[35m[1mScanning dependencies of target img_proc_node[0m
[ 12%] [32mBuilding CXX object CMakeFiles/img_proc_node.dir/src/img_proc_node.cpp.o[0m
[ 37%] [32mBuilding CXX object CMakeFiles/img_proc_id_node.dir/src/img_proc_id_node.cpp.o[0m
[ 37%] [32mBuilding CXX object CMakeFiles/img_subs_test_node.dir/src/img_subs_test_node.cpp.o[0m
[ 50%] [32mBuilding CXX object CMakeFiles/img_publ_test_node.dir/src/img_publ_test_node.cpp.o[0m
[ 62%] [32m[1mLinking CXX executable img_proc_node[0m
[ 62%] Built target img_proc_node
[ 75%] [32m[1mLinking CXX executable img_publ_test_node[0m
[ 75%] Built target img_publ_test_node
[ 87%] [32m[1mLinking CXX executable img_proc_id_node[0m
[ 87%] Built target img_proc_id_node
[100%] [32m[1mLinking CXX executable img_subs_test_node[0m
[100%] Built target img_subs_test_node
-- Install configuration: ""
-- Installing: /home/javierfr/Robotics_Cyber_Physical_LAB/install/img_proc_pkg/lib/img_proc_pkg/img_proc_node
-- Set runtime path of "/home/javierfr/Robotics_Cyber_Physical_LAB/install/img_proc_pkg/lib/img_proc_pkg/img_proc_node" to ""
-- Installing: /home/javierfr/Robotics_Cyber_Physical_LAB/install/img_proc_pkg/lib/img_proc_pkg/img_publ_test_node
-- Set runtime path of "/home/javierfr/Robotics_Cyber_Physical_LAB/install/img_proc_pkg/lib/img_proc_pkg/img_publ_test_node" to ""
-- Installing: /home/javierfr/Robotics_Cyber_Physical_LAB/install/img_proc_pkg/lib/img_proc_pkg/img_subs_test_node
-- Set runtime path of "/home/javierfr/Robotics_Cyber_Physical_LAB/install/img_proc_pkg/lib/img_proc_pkg/img_subs_test_node" to ""
-- Installing: /home/javierfr/Robotics_Cyber_Physical_LAB/install/img_proc_pkg/lib/img_proc_pkg/img_proc_id_node
-- Set runtime path of "/home/javierfr/Robotics_Cyber_Physical_LAB/install/img_proc_pkg/lib/img_proc_pkg/img_proc_id_node" to ""
-- Installing: /home/javierfr/Robotics_Cyber_Physical_LAB/install/img_proc_pkg/share/img_proc_pkg/launch
-- Installing: /home/javierfr/Robotics_Cyber_Physical_LAB/install/img_proc_pkg/share/img_proc_pkg/launch/demo_cam_launch.py
-- Installing: /home/javierfr/Robotics_Cyber_Physical_LAB/install/img_proc_pkg/share/img_proc_pkg/launch/__pycache__
-- Installing: /home/javierfr/Robotics_Cyber_Physical_LAB/install/img_proc_pkg/share/img_proc_pkg/launch/__pycache__/demo_launch.cpython-38.pyc
-- Installing: /home/javierfr/Robotics_Cyber_Physical_LAB/install/img_proc_pkg/share/img_proc_pkg/config
-- Installing: /home/javierfr/Robotics_Cyber_Physical_LAB/install/img_proc_pkg/share/img_proc_pkg/config/params.yaml
-- Installing: /home/javierfr/Robotics_Cyber_Physical_LAB/install/img_proc_pkg/share/img_proc_pkg/config/camera_info.yaml
-- Installing: /home/javierfr/Robotics_Cyber_Physical_LAB/install/img_proc_pkg/share/ament_index/resource_index/package_run_dependencies/img_proc_pkg
-- Installing: /home/javierfr/Robotics_Cyber_Physical_LAB/install/img_proc_pkg/share/ament_index/resource_index/parent_prefix_path/img_proc_pkg
-- Installing: /home/javierfr/Robotics_Cyber_Physical_LAB/install/img_proc_pkg/share/img_proc_pkg/environment/ament_prefix_path.sh
-- Installing: /home/javierfr/Robotics_Cyber_Physical_LAB/install/img_proc_pkg/share/img_proc_pkg/environment/ament_prefix_path.dsv
-- Installing: /home/javierfr/Robotics_Cyber_Physical_LAB/install/img_proc_pkg/share/img_proc_pkg/environment/path.sh
-- Installing: /home/javierfr/Robotics_Cyber_Physical_LAB/install/img_proc_pkg/share/img_proc_pkg/environment/path.dsv
-- Installing: /home/javierfr/Robotics_Cyber_Physical_LAB/install/img_proc_pkg/share/img_proc_pkg/local_setup.bash
-- Installing: /home/javierfr/Robotics_Cyber_Physical_LAB/install/img_proc_pkg/share/img_proc_pkg/local_setup.sh
-- Installing: /home/javierfr/Robotics_Cyber_Physical_LAB/install/img_proc_pkg/share/img_proc_pkg/local_setup.zsh
-- Installing: /home/javierfr/Robotics_Cyber_Physical_LAB/install/img_proc_pkg/share/img_proc_pkg/local_setup.dsv
-- Installing: /home/javierfr/Robotics_Cyber_Physical_LAB/install/img_proc_pkg/share/img_proc_pkg/package.dsv
-- Installing: /home/javierfr/Robotics_Cyber_Physical_LAB/install/img_proc_pkg/share/ament_index/resource_index/packages/img_proc_pkg
-- Installing: /home/javierfr/Robotics_Cyber_Physical_LAB/install/img_proc_pkg/share/img_proc_pkg/cmake/img_proc_pkgConfig.cmake
-- Installing: /home/javierfr/Robotics_Cyber_Physical_LAB/install/img_proc_pkg/share/img_proc_pkg/cmake/img_proc_pkgConfig-version.cmake
-- Installing: /home/javierfr/Robotics_Cyber_Physical_LAB/install/img_proc_pkg/share/img_proc_pkg/package.xml
