[0.170s] Invoking command in '/home/javierfr/microros_ws/uros_ws/build/micro_ros_msgs': CMAKE_PREFIX_PATH=${CMAKE_PREFIX_PATH}:/opt/ros/foxy /usr/bin/cmake --build /home/javierfr/microros_ws/uros_ws/build/micro_ros_msgs -- -j12 -l12
[0.213s] [  2%] Built target micro_ros_msgs__cpp
[0.213s] [ 12%] Built target micro_ros_msgs__rosidl_generator_c
[0.232s] [ 55%] Built target micro_ros_msgs__rosidl_typesupport_introspection_c
[0.232s] [ 55%] Built target micro_ros_msgs__rosidl_typesupport_c
[0.232s] [ 55%] Built target micro_ros_msgs__rosidl_typesupport_cpp
[0.232s] [ 55%] Built target micro_ros_msgs__rosidl_typesupport_introspection_cpp
[0.235s] [ 65%] Built target micro_ros_msgs__rosidl_typesupport_fastrtps_cpp
[0.256s] [ 76%] Built target micro_ros_msgs__rosidl_typesupport_fastrtps_c
[0.272s] [ 76%] Built target micro_ros_msgs
[0.288s] [ 78%] [34m[1mGenerating Python code for ROS interfaces[0m
[0.787s] [ 78%] Built target micro_ros_msgs__py
[0.795s] [35m[1mScanning dependencies of target micro_ros_msgs__python[0m
[0.923s] [ 82%] [32mBuilding C object CMakeFiles/micro_ros_msgs__python.dir/rosidl_generator_py/micro_ros_msgs/msg/_graph_s.c.o[0m
[0.924s] [ 82%] [32mBuilding C object CMakeFiles/micro_ros_msgs__python.dir/rosidl_generator_py/micro_ros_msgs/msg/_node_s.c.o[0m
[0.924s] [ 85%] [32mBuilding C object CMakeFiles/micro_ros_msgs__python.dir/rosidl_generator_py/micro_ros_msgs/msg/_entity_s.c.o[0m
[1.024s] [ 87%] [32m[1mLinking C shared library rosidl_generator_py/micro_ros_msgs/libmicro_ros_msgs__python.so[0m
[1.057s] [ 87%] Built target micro_ros_msgs__python
[1.066s] [35m[1mScanning dependencies of target micro_ros_msgs__rosidl_typesupport_c__pyext[0m
[1.066s] [35m[1mScanning dependencies of target micro_ros_msgs__rosidl_typesupport_introspection_c__pyext[0m
[1.066s] [35m[1mScanning dependencies of target micro_ros_msgs__rosidl_typesupport_fastrtps_c__pyext[0m
[1.081s] [ 93%] [32mBuilding C object CMakeFiles/micro_ros_msgs__rosidl_typesupport_fastrtps_c__pyext.dir/rosidl_generator_py/micro_ros_msgs/_micro_ros_msgs_s.ep.rosidl_typesupport_fastrtps_c.c.o[0m
[1.081s] [ 93%] [32mBuilding C object CMakeFiles/micro_ros_msgs__rosidl_typesupport_c__pyext.dir/rosidl_generator_py/micro_ros_msgs/_micro_ros_msgs_s.ep.rosidl_typesupport_c.c.o[0m
[1.081s] [ 93%] [32mBuilding C object CMakeFiles/micro_ros_msgs__rosidl_typesupport_introspection_c__pyext.dir/rosidl_generator_py/micro_ros_msgs/_micro_ros_msgs_s.ep.rosidl_typesupport_introspection_c.c.o[0m
[1.149s] [ 97%] [32m[1mLinking C shared library rosidl_generator_py/micro_ros_msgs/micro_ros_msgs_s__rosidl_typesupport_c.cpython-38-x86_64-linux-gnu.so[0m
[1.150s] [ 97%] [32m[1mLinking C shared library rosidl_generator_py/micro_ros_msgs/micro_ros_msgs_s__rosidl_typesupport_introspection_c.cpython-38-x86_64-linux-gnu.so[0m
[1.150s] [100%] [32m[1mLinking CXX shared library rosidl_generator_py/micro_ros_msgs/micro_ros_msgs_s__rosidl_typesupport_fastrtps_c.cpython-38-x86_64-linux-gnu.so[0m
[1.178s] [100%] Built target micro_ros_msgs__rosidl_typesupport_introspection_c__pyext
[1.178s] [100%] Built target micro_ros_msgs__rosidl_typesupport_c__pyext
[1.202s] [100%] Built target micro_ros_msgs__rosidl_typesupport_fastrtps_c__pyext
[1.211s] Invoked command in '/home/javierfr/microros_ws/uros_ws/build/micro_ros_msgs' returned '0': CMAKE_PREFIX_PATH=${CMAKE_PREFIX_PATH}:/opt/ros/foxy /usr/bin/cmake --build /home/javierfr/microros_ws/uros_ws/build/micro_ros_msgs -- -j12 -l12
[1.285s] Invoking command in '/home/javierfr/microros_ws/uros_ws/build/micro_ros_msgs': CMAKE_PREFIX_PATH=${CMAKE_PREFIX_PATH}:/opt/ros/foxy /usr/bin/cmake --install /home/javierfr/microros_ws/uros_ws/build/micro_ros_msgs
[1.291s] -- Install configuration: ""
[1.292s] -- Installing: /home/javierfr/microros_ws/uros_ws/install/micro_ros_msgs/share/ament_index/resource_index/rosidl_interfaces/micro_ros_msgs
[1.292s] -- Installing: /home/javierfr/microros_ws/uros_ws/install/micro_ros_msgs/include/micro_ros_msgs
[1.292s] -- Installing: /home/javierfr/microros_ws/uros_ws/install/micro_ros_msgs/include/micro_ros_msgs/msg
[1.292s] -- Installing: /home/javierfr/microros_ws/uros_ws/install/micro_ros_msgs/include/micro_ros_msgs/msg/node.h
[1.292s] -- Installing: /home/javierfr/microros_ws/uros_ws/install/micro_ros_msgs/include/micro_ros_msgs/msg/detail
[1.292s] -- Installing: /home/javierfr/microros_ws/uros_ws/install/micro_ros_msgs/include/micro_ros_msgs/msg/detail/graph__functions.h
[1.292s] -- Installing: /home/javierfr/microros_ws/uros_ws/install/micro_ros_msgs/include/micro_ros_msgs/msg/detail/node__functions.h
[1.292s] -- Installing: /home/javierfr/microros_ws/uros_ws/install/micro_ros_msgs/include/micro_ros_msgs/msg/detail/node__struct.h
[1.292s] -- Installing: /home/javierfr/microros_ws/uros_ws/install/micro_ros_msgs/include/micro_ros_msgs/msg/detail/node__type_support.h
[1.292s] -- Installing: /home/javierfr/microros_ws/uros_ws/install/micro_ros_msgs/include/micro_ros_msgs/msg/detail/graph__type_support.h
[1.292s] -- Installing: /home/javierfr/microros_ws/uros_ws/install/micro_ros_msgs/include/micro_ros_msgs/msg/detail/entity__functions.h
[1.292s] -- Installing: /home/javierfr/microros_ws/uros_ws/install/micro_ros_msgs/include/micro_ros_msgs/msg/detail/entity__type_support.h
[1.292s] -- Installing: /home/javierfr/microros_ws/uros_ws/install/micro_ros_msgs/include/micro_ros_msgs/msg/detail/graph__functions.c
[1.293s] -- Installing: /home/javierfr/microros_ws/uros_ws/install/micro_ros_msgs/include/micro_ros_msgs/msg/detail/entity__functions.c
[1.293s] -- Installing: /home/javierfr/microros_ws/uros_ws/install/micro_ros_msgs/include/micro_ros_msgs/msg/detail/graph__struct.h
[1.293s] -- Installing: /home/javierfr/microros_ws/uros_ws/install/micro_ros_msgs/include/micro_ros_msgs/msg/detail/entity__struct.h
[1.293s] -- Installing: /home/javierfr/microros_ws/uros_ws/install/micro_ros_msgs/include/micro_ros_msgs/msg/detail/node__functions.c
[1.293s] -- Installing: /home/javierfr/microros_ws/uros_ws/install/micro_ros_msgs/include/micro_ros_msgs/msg/rosidl_generator_c__visibility_control.h
[1.293s] -- Installing: /home/javierfr/microros_ws/uros_ws/install/micro_ros_msgs/include/micro_ros_msgs/msg/graph.h
[1.293s] -- Installing: /home/javierfr/microros_ws/uros_ws/install/micro_ros_msgs/include/micro_ros_msgs/msg/entity.h
[1.293s] -- Installing: /home/javierfr/microros_ws/uros_ws/install/micro_ros_msgs/share/micro_ros_msgs/environment/library_path.sh
[1.293s] -- Installing: /home/javierfr/microros_ws/uros_ws/install/micro_ros_msgs/share/micro_ros_msgs/environment/library_path.dsv
[1.293s] -- Installing: /home/javierfr/microros_ws/uros_ws/install/micro_ros_msgs/lib/libmicro_ros_msgs__rosidl_generator_c.so
[1.294s] -- Set runtime path of "/home/javierfr/microros_ws/uros_ws/install/micro_ros_msgs/lib/libmicro_ros_msgs__rosidl_generator_c.so" to ""
[1.294s] -- Up-to-date: /home/javierfr/microros_ws/uros_ws/install/micro_ros_msgs/include/micro_ros_msgs
[1.294s] -- Up-to-date: /home/javierfr/microros_ws/uros_ws/install/micro_ros_msgs/include/micro_ros_msgs/msg
[1.294s] -- Up-to-date: /home/javierfr/microros_ws/uros_ws/install/micro_ros_msgs/include/micro_ros_msgs/msg/detail
[1.294s] -- Installing: /home/javierfr/microros_ws/uros_ws/install/micro_ros_msgs/include/micro_ros_msgs/msg/detail/entity__rosidl_typesupport_fastrtps_c.h
[1.294s] -- Installing: /home/javierfr/microros_ws/uros_ws/install/micro_ros_msgs/include/micro_ros_msgs/msg/detail/node__rosidl_typesupport_fastrtps_c.h
[1.294s] -- Installing: /home/javierfr/microros_ws/uros_ws/install/micro_ros_msgs/include/micro_ros_msgs/msg/detail/graph__rosidl_typesupport_fastrtps_c.h
[1.294s] -- Installing: /home/javierfr/microros_ws/uros_ws/install/micro_ros_msgs/include/micro_ros_msgs/msg/rosidl_typesupport_fastrtps_c__visibility_control.h
[1.294s] -- Installing: /home/javierfr/microros_ws/uros_ws/install/micro_ros_msgs/lib/libmicro_ros_msgs__rosidl_typesupport_fastrtps_c.so
[1.295s] -- Set runtime path of "/home/javierfr/microros_ws/uros_ws/install/micro_ros_msgs/lib/libmicro_ros_msgs__rosidl_typesupport_fastrtps_c.so" to ""
[1.295s] -- Up-to-date: /home/javierfr/microros_ws/uros_ws/install/micro_ros_msgs/include/micro_ros_msgs
[1.295s] -- Up-to-date: /home/javierfr/microros_ws/uros_ws/install/micro_ros_msgs/include/micro_ros_msgs/msg
[1.295s] -- Up-to-date: /home/javierfr/microros_ws/uros_ws/install/micro_ros_msgs/include/micro_ros_msgs/msg/detail
[1.295s] -- Installing: /home/javierfr/microros_ws/uros_ws/install/micro_ros_msgs/include/micro_ros_msgs/msg/detail/graph__rosidl_typesupport_fastrtps_cpp.hpp
[1.295s] -- Installing: /home/javierfr/microros_ws/uros_ws/install/micro_ros_msgs/include/micro_ros_msgs/msg/detail/entity__rosidl_typesupport_fastrtps_cpp.hpp
[1.295s] -- Installing: /home/javierfr/microros_ws/uros_ws/install/micro_ros_msgs/include/micro_ros_msgs/msg/detail/dds_fastrtps
[1.295s] -- Installing: /home/javierfr/microros_ws/uros_ws/install/micro_ros_msgs/include/micro_ros_msgs/msg/detail/node__rosidl_typesupport_fastrtps_cpp.hpp
[1.295s] -- Installing: /home/javierfr/microros_ws/uros_ws/install/micro_ros_msgs/include/micro_ros_msgs/msg/rosidl_typesupport_fastrtps_cpp__visibility_control.h
[1.295s] -- Installing: /home/javierfr/microros_ws/uros_ws/install/micro_ros_msgs/lib/libmicro_ros_msgs__rosidl_typesupport_fastrtps_cpp.so
[1.296s] -- Set runtime path of "/home/javierfr/microros_ws/uros_ws/install/micro_ros_msgs/lib/libmicro_ros_msgs__rosidl_typesupport_fastrtps_cpp.so" to ""
[1.296s] -- Up-to-date: /home/javierfr/microros_ws/uros_ws/install/micro_ros_msgs/include/micro_ros_msgs
[1.296s] -- Up-to-date: /home/javierfr/microros_ws/uros_ws/install/micro_ros_msgs/include/micro_ros_msgs/msg
[1.296s] -- Installing: /home/javierfr/microros_ws/uros_ws/install/micro_ros_msgs/include/micro_ros_msgs/msg/rosidl_typesupport_introspection_c__visibility_control.h
[1.296s] -- Up-to-date: /home/javierfr/microros_ws/uros_ws/install/micro_ros_msgs/include/micro_ros_msgs/msg/detail
[1.296s] -- Installing: /home/javierfr/microros_ws/uros_ws/install/micro_ros_msgs/include/micro_ros_msgs/msg/detail/node__rosidl_typesupport_introspection_c.h
[1.296s] -- Installing: /home/javierfr/microros_ws/uros_ws/install/micro_ros_msgs/include/micro_ros_msgs/msg/detail/node__type_support.c
[1.296s] -- Installing: /home/javierfr/microros_ws/uros_ws/install/micro_ros_msgs/include/micro_ros_msgs/msg/detail/entity__type_support.c
[1.296s] -- Installing: /home/javierfr/microros_ws/uros_ws/install/micro_ros_msgs/include/micro_ros_msgs/msg/detail/graph__rosidl_typesupport_introspection_c.h
[1.296s] -- Installing: /home/javierfr/microros_ws/uros_ws/install/micro_ros_msgs/include/micro_ros_msgs/msg/detail/entity__rosidl_typesupport_introspection_c.h
[1.296s] -- Installing: /home/javierfr/microros_ws/uros_ws/install/micro_ros_msgs/include/micro_ros_msgs/msg/detail/graph__type_support.c
[1.296s] -- Installing: /home/javierfr/microros_ws/uros_ws/install/micro_ros_msgs/lib/libmicro_ros_msgs__rosidl_typesupport_introspection_c.so
[1.297s] -- Set runtime path of "/home/javierfr/microros_ws/uros_ws/install/micro_ros_msgs/lib/libmicro_ros_msgs__rosidl_typesupport_introspection_c.so" to ""
[1.297s] -- Installing: /home/javierfr/microros_ws/uros_ws/install/micro_ros_msgs/lib/libmicro_ros_msgs__rosidl_typesupport_c.so
[1.297s] -- Set runtime path of "/home/javierfr/microros_ws/uros_ws/install/micro_ros_msgs/lib/libmicro_ros_msgs__rosidl_typesupport_c.so" to ""
[1.297s] -- Up-to-date: /home/javierfr/microros_ws/uros_ws/install/micro_ros_msgs/include/micro_ros_msgs
[1.297s] -- Up-to-date: /home/javierfr/microros_ws/uros_ws/install/micro_ros_msgs/include/micro_ros_msgs/msg
[1.297s] -- Installing: /home/javierfr/microros_ws/uros_ws/install/micro_ros_msgs/include/micro_ros_msgs/msg/entity.hpp
[1.297s] -- Installing: /home/javierfr/microros_ws/uros_ws/install/micro_ros_msgs/include/micro_ros_msgs/msg/rosidl_generator_cpp__visibility_control.hpp
[1.298s] -- Up-to-date: /home/javierfr/microros_ws/uros_ws/install/micro_ros_msgs/include/micro_ros_msgs/msg/detail
[1.298s] -- Installing: /home/javierfr/microros_ws/uros_ws/install/micro_ros_msgs/include/micro_ros_msgs/msg/detail/entity__struct.hpp
[1.298s] -- Installing: /home/javierfr/microros_ws/uros_ws/install/micro_ros_msgs/include/micro_ros_msgs/msg/detail/node__builder.hpp
[1.298s] -- Installing: /home/javierfr/microros_ws/uros_ws/install/micro_ros_msgs/include/micro_ros_msgs/msg/detail/graph__builder.hpp
[1.298s] -- Installing: /home/javierfr/microros_ws/uros_ws/install/micro_ros_msgs/include/micro_ros_msgs/msg/detail/entity__builder.hpp
[1.298s] -- Installing: /home/javierfr/microros_ws/uros_ws/install/micro_ros_msgs/include/micro_ros_msgs/msg/detail/entity__type_support.hpp
[1.298s] -- Installing: /home/javierfr/microros_ws/uros_ws/install/micro_ros_msgs/include/micro_ros_msgs/msg/detail/node__struct.hpp
[1.298s] -- Installing: /home/javierfr/microros_ws/uros_ws/install/micro_ros_msgs/include/micro_ros_msgs/msg/detail/entity__traits.hpp
[1.298s] -- Installing: /home/javierfr/microros_ws/uros_ws/install/micro_ros_msgs/include/micro_ros_msgs/msg/detail/node__type_support.hpp
[1.298s] -- Installing: /home/javierfr/microros_ws/uros_ws/install/micro_ros_msgs/include/micro_ros_msgs/msg/detail/graph__struct.hpp
[1.298s] -- Installing: /home/javierfr/microros_ws/uros_ws/install/micro_ros_msgs/include/micro_ros_msgs/msg/detail/node__traits.hpp
[1.298s] -- Installing: /home/javierfr/microros_ws/uros_ws/install/micro_ros_msgs/include/micro_ros_msgs/msg/detail/graph__type_support.hpp
[1.298s] -- Installing: /home/javierfr/microros_ws/uros_ws/install/micro_ros_msgs/include/micro_ros_msgs/msg/detail/graph__traits.hpp
[1.298s] -- Installing: /home/javierfr/microros_ws/uros_ws/install/micro_ros_msgs/include/micro_ros_msgs/msg/graph.hpp
[1.299s] -- Installing: /home/javierfr/microros_ws/uros_ws/install/micro_ros_msgs/include/micro_ros_msgs/msg/node.hpp
[1.299s] -- Up-to-date: /home/javierfr/microros_ws/uros_ws/install/micro_ros_msgs/include/micro_ros_msgs
[1.299s] -- Up-to-date: /home/javierfr/microros_ws/uros_ws/install/micro_ros_msgs/include/micro_ros_msgs/msg
[1.299s] -- Up-to-date: /home/javierfr/microros_ws/uros_ws/install/micro_ros_msgs/include/micro_ros_msgs/msg/detail
[1.299s] -- Installing: /home/javierfr/microros_ws/uros_ws/install/micro_ros_msgs/include/micro_ros_msgs/msg/detail/graph__rosidl_typesupport_introspection_cpp.hpp
[1.299s] -- Installing: /home/javierfr/microros_ws/uros_ws/install/micro_ros_msgs/include/micro_ros_msgs/msg/detail/entity__rosidl_typesupport_introspection_cpp.hpp
[1.299s] -- Installing: /home/javierfr/microros_ws/uros_ws/install/micro_ros_msgs/include/micro_ros_msgs/msg/detail/entity__type_support.cpp
[1.299s] -- Installing: /home/javierfr/microros_ws/uros_ws/install/micro_ros_msgs/include/micro_ros_msgs/msg/detail/graph__type_support.cpp
[1.299s] -- Installing: /home/javierfr/microros_ws/uros_ws/install/micro_ros_msgs/include/micro_ros_msgs/msg/detail/node__type_support.cpp
[1.299s] -- Installing: /home/javierfr/microros_ws/uros_ws/install/micro_ros_msgs/include/micro_ros_msgs/msg/detail/node__rosidl_typesupport_introspection_cpp.hpp
[1.299s] -- Installing: /home/javierfr/microros_ws/uros_ws/install/micro_ros_msgs/lib/libmicro_ros_msgs__rosidl_typesupport_introspection_cpp.so
[1.300s] -- Set runtime path of "/home/javierfr/microros_ws/uros_ws/install/micro_ros_msgs/lib/libmicro_ros_msgs__rosidl_typesupport_introspection_cpp.so" to ""
[1.300s] -- Installing: /home/javierfr/microros_ws/uros_ws/install/micro_ros_msgs/lib/libmicro_ros_msgs__rosidl_typesupport_cpp.so
[1.300s] -- Set runtime path of "/home/javierfr/microros_ws/uros_ws/install/micro_ros_msgs/lib/libmicro_ros_msgs__rosidl_typesupport_cpp.so" to ""
[1.300s] -- Installing: /home/javierfr/microros_ws/uros_ws/install/micro_ros_msgs/share/micro_ros_msgs/environment/pythonpath.sh
[1.300s] -- Installing: /home/javierfr/microros_ws/uros_ws/install/micro_ros_msgs/share/micro_ros_msgs/environment/pythonpath.dsv
[1.301s] -- Installing: /home/javierfr/microros_ws/uros_ws/install/micro_ros_msgs/lib/python3.8/site-packages/micro_ros_msgs/__init__.py
[1.324s] Compiling '/home/javierfr/microros_ws/uros_ws/install/micro_ros_msgs/lib/python3.8/site-packages/micro_ros_msgs/__init__.py'...
[1.327s] -- Installing: /home/javierfr/microros_ws/uros_ws/install/micro_ros_msgs/lib/python3.8/site-packages/micro_ros_msgs/msg
[1.327s] -- Installing: /home/javierfr/microros_ws/uros_ws/install/micro_ros_msgs/lib/python3.8/site-packages/micro_ros_msgs/msg/__init__.py
[1.327s] -- Installing: /home/javierfr/microros_ws/uros_ws/install/micro_ros_msgs/lib/python3.8/site-packages/micro_ros_msgs/msg/_entity_s.c
[1.327s] -- Installing: /home/javierfr/microros_ws/uros_ws/install/micro_ros_msgs/lib/python3.8/site-packages/micro_ros_msgs/msg/_graph.py
[1.327s] -- Installing: /home/javierfr/microros_ws/uros_ws/install/micro_ros_msgs/lib/python3.8/site-packages/micro_ros_msgs/msg/_graph_s.c
[1.327s] -- Installing: /home/javierfr/microros_ws/uros_ws/install/micro_ros_msgs/lib/python3.8/site-packages/micro_ros_msgs/msg/_node_s.c
[1.327s] -- Installing: /home/javierfr/microros_ws/uros_ws/install/micro_ros_msgs/lib/python3.8/site-packages/micro_ros_msgs/msg/_entity.py
[1.327s] -- Installing: /home/javierfr/microros_ws/uros_ws/install/micro_ros_msgs/lib/python3.8/site-packages/micro_ros_msgs/msg/_node.py
[1.328s] -- Installing: /home/javierfr/microros_ws/uros_ws/install/micro_ros_msgs/lib/python3.8/site-packages/micro_ros_msgs/micro_ros_msgs_s__rosidl_typesupport_fastrtps_c.cpython-38-x86_64-linux-gnu.so
[1.328s] -- Set runtime path of "/home/javierfr/microros_ws/uros_ws/install/micro_ros_msgs/lib/python3.8/site-packages/micro_ros_msgs/micro_ros_msgs_s__rosidl_typesupport_fastrtps_c.cpython-38-x86_64-linux-gnu.so" to ""
[1.328s] -- Installing: /home/javierfr/microros_ws/uros_ws/install/micro_ros_msgs/lib/python3.8/site-packages/micro_ros_msgs/micro_ros_msgs_s__rosidl_typesupport_introspection_c.cpython-38-x86_64-linux-gnu.so
[1.329s] -- Set runtime path of "/home/javierfr/microros_ws/uros_ws/install/micro_ros_msgs/lib/python3.8/site-packages/micro_ros_msgs/micro_ros_msgs_s__rosidl_typesupport_introspection_c.cpython-38-x86_64-linux-gnu.so" to ""
[1.329s] -- Installing: /home/javierfr/microros_ws/uros_ws/install/micro_ros_msgs/lib/python3.8/site-packages/micro_ros_msgs/micro_ros_msgs_s__rosidl_typesupport_c.cpython-38-x86_64-linux-gnu.so
[1.329s] -- Set runtime path of "/home/javierfr/microros_ws/uros_ws/install/micro_ros_msgs/lib/python3.8/site-packages/micro_ros_msgs/micro_ros_msgs_s__rosidl_typesupport_c.cpython-38-x86_64-linux-gnu.so" to ""
[1.329s] -- Installing: /home/javierfr/microros_ws/uros_ws/install/micro_ros_msgs/lib/libmicro_ros_msgs__python.so
[1.330s] -- Set runtime path of "/home/javierfr/microros_ws/uros_ws/install/micro_ros_msgs/lib/libmicro_ros_msgs__python.so" to ""
[1.330s] -- Installing: /home/javierfr/microros_ws/uros_ws/install/micro_ros_msgs/share/micro_ros_msgs/msg/Graph.idl
[1.330s] -- Installing: /home/javierfr/microros_ws/uros_ws/install/micro_ros_msgs/share/micro_ros_msgs/msg/Node.idl
[1.330s] -- Installing: /home/javierfr/microros_ws/uros_ws/install/micro_ros_msgs/share/micro_ros_msgs/msg/Entity.idl
[1.330s] -- Installing: /home/javierfr/microros_ws/uros_ws/install/micro_ros_msgs/share/micro_ros_msgs/msg/Graph.msg
[1.330s] -- Installing: /home/javierfr/microros_ws/uros_ws/install/micro_ros_msgs/share/micro_ros_msgs/msg/Node.msg
[1.330s] -- Installing: /home/javierfr/microros_ws/uros_ws/install/micro_ros_msgs/share/micro_ros_msgs/msg/Entity.msg
[1.330s] -- Installing: /home/javierfr/microros_ws/uros_ws/install/micro_ros_msgs/share/ament_index/resource_index/package_run_dependencies/micro_ros_msgs
[1.331s] -- Installing: /home/javierfr/microros_ws/uros_ws/install/micro_ros_msgs/share/ament_index/resource_index/parent_prefix_path/micro_ros_msgs
[1.331s] -- Installing: /home/javierfr/microros_ws/uros_ws/install/micro_ros_msgs/share/micro_ros_msgs/environment/ament_prefix_path.sh
[1.331s] -- Installing: /home/javierfr/microros_ws/uros_ws/install/micro_ros_msgs/share/micro_ros_msgs/environment/ament_prefix_path.dsv
[1.331s] -- Installing: /home/javierfr/microros_ws/uros_ws/install/micro_ros_msgs/share/micro_ros_msgs/environment/path.sh
[1.331s] -- Installing: /home/javierfr/microros_ws/uros_ws/install/micro_ros_msgs/share/micro_ros_msgs/environment/path.dsv
[1.331s] -- Installing: /home/javierfr/microros_ws/uros_ws/install/micro_ros_msgs/share/micro_ros_msgs/local_setup.bash
[1.331s] -- Installing: /home/javierfr/microros_ws/uros_ws/install/micro_ros_msgs/share/micro_ros_msgs/local_setup.sh
[1.331s] -- Installing: /home/javierfr/microros_ws/uros_ws/install/micro_ros_msgs/share/micro_ros_msgs/local_setup.zsh
[1.332s] -- Installing: /home/javierfr/microros_ws/uros_ws/install/micro_ros_msgs/share/micro_ros_msgs/local_setup.dsv
[1.332s] -- Installing: /home/javierfr/microros_ws/uros_ws/install/micro_ros_msgs/share/micro_ros_msgs/package.dsv
[1.332s] -- Installing: /home/javierfr/microros_ws/uros_ws/install/micro_ros_msgs/share/ament_index/resource_index/packages/micro_ros_msgs
[1.332s] -- Installing: /home/javierfr/microros_ws/uros_ws/install/micro_ros_msgs/share/micro_ros_msgs/cmake/micro_ros_msgs__rosidl_generator_cExport.cmake
[1.332s] -- Installing: /home/javierfr/microros_ws/uros_ws/install/micro_ros_msgs/share/micro_ros_msgs/cmake/micro_ros_msgs__rosidl_generator_cExport-noconfig.cmake
[1.332s] -- Installing: /home/javierfr/microros_ws/uros_ws/install/micro_ros_msgs/share/micro_ros_msgs/cmake/micro_ros_msgs__rosidl_typesupport_introspection_cExport.cmake
[1.332s] -- Installing: /home/javierfr/microros_ws/uros_ws/install/micro_ros_msgs/share/micro_ros_msgs/cmake/micro_ros_msgs__rosidl_typesupport_introspection_cExport-noconfig.cmake
[1.332s] -- Installing: /home/javierfr/microros_ws/uros_ws/install/micro_ros_msgs/share/micro_ros_msgs/cmake/micro_ros_msgs__rosidl_typesupport_cExport.cmake
[1.333s] -- Installing: /home/javierfr/microros_ws/uros_ws/install/micro_ros_msgs/share/micro_ros_msgs/cmake/micro_ros_msgs__rosidl_typesupport_cExport-noconfig.cmake
[1.333s] -- Installing: /home/javierfr/microros_ws/uros_ws/install/micro_ros_msgs/share/micro_ros_msgs/cmake/micro_ros_msgs__rosidl_generator_cppExport.cmake
[1.333s] -- Installing: /home/javierfr/microros_ws/uros_ws/install/micro_ros_msgs/share/micro_ros_msgs/cmake/micro_ros_msgs__rosidl_typesupport_introspection_cppExport.cmake
[1.333s] -- Installing: /home/javierfr/microros_ws/uros_ws/install/micro_ros_msgs/share/micro_ros_msgs/cmake/micro_ros_msgs__rosidl_typesupport_introspection_cppExport-noconfig.cmake
[1.333s] -- Installing: /home/javierfr/microros_ws/uros_ws/install/micro_ros_msgs/share/micro_ros_msgs/cmake/micro_ros_msgs__rosidl_typesupport_cppExport.cmake
[1.333s] -- Installing: /home/javierfr/microros_ws/uros_ws/install/micro_ros_msgs/share/micro_ros_msgs/cmake/micro_ros_msgs__rosidl_typesupport_cppExport-noconfig.cmake
[1.333s] -- Installing: /home/javierfr/microros_ws/uros_ws/install/micro_ros_msgs/share/micro_ros_msgs/cmake/rosidl_cmake-extras.cmake
[1.334s] -- Installing: /home/javierfr/microros_ws/uros_ws/install/micro_ros_msgs/share/micro_ros_msgs/cmake/ament_cmake_export_dependencies-extras.cmake
[1.334s] -- Installing: /home/javierfr/microros_ws/uros_ws/install/micro_ros_msgs/share/micro_ros_msgs/cmake/ament_cmake_export_libraries-extras.cmake
[1.334s] -- Installing: /home/javierfr/microros_ws/uros_ws/install/micro_ros_msgs/share/micro_ros_msgs/cmake/ament_cmake_export_targets-extras.cmake
[1.334s] -- Installing: /home/javierfr/microros_ws/uros_ws/install/micro_ros_msgs/share/micro_ros_msgs/cmake/ament_cmake_export_include_directories-extras.cmake
[1.334s] -- Installing: /home/javierfr/microros_ws/uros_ws/install/micro_ros_msgs/share/micro_ros_msgs/cmake/rosidl_cmake_export_typesupport_libraries-extras.cmake
[1.334s] -- Installing: /home/javierfr/microros_ws/uros_ws/install/micro_ros_msgs/share/micro_ros_msgs/cmake/rosidl_cmake_export_typesupport_targets-extras.cmake
[1.334s] -- Installing: /home/javierfr/microros_ws/uros_ws/install/micro_ros_msgs/share/micro_ros_msgs/cmake/micro_ros_msgsConfig.cmake
[1.334s] -- Installing: /home/javierfr/microros_ws/uros_ws/install/micro_ros_msgs/share/micro_ros_msgs/cmake/micro_ros_msgsConfig-version.cmake
[1.334s] -- Installing: /home/javierfr/microros_ws/uros_ws/install/micro_ros_msgs/share/micro_ros_msgs/package.xml
[1.336s] Invoked command in '/home/javierfr/microros_ws/uros_ws/build/micro_ros_msgs' returned '0': CMAKE_PREFIX_PATH=${CMAKE_PREFIX_PATH}:/opt/ros/foxy /usr/bin/cmake --install /home/javierfr/microros_ws/uros_ws/build/micro_ros_msgs
