[01m[K/home/javierfr/Tesis_ws/V1/src/img_proc_pkg/src/img_proc_qr_detector.cpp:[m[K In member function ‘[01m[Kvoid Img_Proc_Qr_Detector::topic_callback(sensor_msgs::msg::Image_<std::allocator<void> >::SharedPtr) const[m[K’:
[01m[K/home/javierfr/Tesis_ws/V1/src/img_proc_pkg/src/img_proc_qr_detector.cpp:75:62:[m[K [01;35m[Kwarning: [m[Kleft operand of comma operator has no effect [[01;35m[K-Wunused-value[m[K]
   75 |             cv::Point2i(bbox.at<float>(i,2), bbox.at<float>(([01;35m[K1[m[K,3)),
      |                                                              [01;35m[K^[m[K
[01m[K/home/javierfr/Tesis_ws/V1/src/img_proc_pkg/src/img_proc_qr_detector.cpp:76:34:[m[K [01;31m[Kerror: [m[Kno matching function for call to ‘[01m[Kcv::Point_<int>::Point_(float&, float&, cv::Scalar, int)[m[K’
   76 |             cv::Scalar(255,0,0),3[01;31m[K)[m[K;
      |                                  [01;31m[K^[m[K
In file included from [01m[K/usr/local/include/opencv4/opencv2/core.hpp:58[m[K,
                 from [01m[K/home/javierfr/Tesis_ws/V1/src/img_proc_pkg/src/img_proc_qr_detector.cpp:10[m[K:
[01m[K/usr/local/include/opencv4/opencv2/core/types.hpp:1180:1:[m[K [01;36m[Knote: [m[Kcandidate: ‘[01m[Kcv::Point_<_Tp>::Point_(const cv::Vec<_Tp, 2>&) [with _Tp = int][m[K’
 1180 | [01;36m[KPoint_<_Tp>[m[K::Point_(const Vec<_Tp,2>& v)
      | [01;36m[K^~~~~~~~~~~[m[K
[01m[K/usr/local/include/opencv4/opencv2/core/types.hpp:1180:1:[m[K [01;36m[Knote: [m[K  candidate expects 1 argument, 4 provided
[01m[K/usr/local/include/opencv4/opencv2/core/types.hpp:1176:1:[m[K [01;36m[Knote: [m[Kcandidate: ‘[01m[Kcv::Point_<_Tp>::Point_(const cv::Size_<_Tp>&) [with _Tp = int][m[K’
 1176 | [01;36m[KPoint_<_Tp>[m[K::Point_(const Size_<_Tp>& sz)
      | [01;36m[K^~~~~~~~~~~[m[K
[01m[K/usr/local/include/opencv4/opencv2/core/types.hpp:1176:1:[m[K [01;36m[Knote: [m[K  candidate expects 1 argument, 4 provided
[01m[K/usr/local/include/opencv4/opencv2/core/types.hpp:1172:1:[m[K [01;36m[Knote: [m[Kcandidate: ‘[01m[Kcv::Point_<_Tp>::Point_(cv::Point_<_Tp>&&) [with _Tp = int][m[K’
 1172 | [01;36m[KPoint_<_Tp>[m[K::Point_(Point_&& pt) CV_NOEXCEPT
      | [01;36m[K^~~~~~~~~~~[m[K
[01m[K/usr/local/include/opencv4/opencv2/core/types.hpp:1172:1:[m[K [01;36m[Knote: [m[K  candidate expects 1 argument, 4 provided
[01m[K/usr/local/include/opencv4/opencv2/core/types.hpp:1168:1:[m[K [01;36m[Knote: [m[Kcandidate: ‘[01m[Kcv::Point_<_Tp>::Point_(const cv::Point_<_Tp>&) [with _Tp = int][m[K’
 1168 | [01;36m[KPoint_<_Tp>[m[K::Point_(const Point_& pt)
      | [01;36m[K^~~~~~~~~~~[m[K
[01m[K/usr/local/include/opencv4/opencv2/core/types.hpp:1168:1:[m[K [01;36m[Knote: [m[K  candidate expects 1 argument, 4 provided
[01m[K/usr/local/include/opencv4/opencv2/core/types.hpp:1164:1:[m[K [01;36m[Knote: [m[Kcandidate: ‘[01m[Kcv::Point_<_Tp>::Point_(_Tp, _Tp) [with _Tp = int][m[K’
 1164 | [01;36m[KPoint_<_Tp>[m[K::Point_(_Tp _x, _Tp _y)
      | [01;36m[K^~~~~~~~~~~[m[K
[01m[K/usr/local/include/opencv4/opencv2/core/types.hpp:1164:1:[m[K [01;36m[Knote: [m[K  candidate expects 2 arguments, 4 provided
[01m[K/usr/local/include/opencv4/opencv2/core/types.hpp:1160:1:[m[K [01;36m[Knote: [m[Kcandidate: ‘[01m[Kcv::Point_<_Tp>::Point_() [with _Tp = int][m[K’
 1160 | [01;36m[KPoint_<_Tp>[m[K::Point_()
      | [01;36m[K^~~~~~~~~~~[m[K
[01m[K/usr/local/include/opencv4/opencv2/core/types.hpp:1160:1:[m[K [01;36m[Knote: [m[K  candidate expects 0 arguments, 4 provided
make[2]: *** [CMakeFiles/img_proc_qr_detector.dir/build.make:63: CMakeFiles/img_proc_qr_detector.dir/src/img_proc_qr_detector.cpp.o] Error 1
make[1]: *** [CMakeFiles/Makefile2:84: CMakeFiles/img_proc_qr_detector.dir/all] Error 2
make: *** [Makefile:141: all] Error 2
