[0.087s] Invoking command in '/home/duvanmarrugo/Robotics_Cyber_Physical_LAB/build/gazebo_plugin_sim': CMAKE_PREFIX_PATH=${CMAKE_PREFIX_PATH}:/home/duvanmarrugo/ros2_ws/install/my_py_pkg:/opt/ros/foxy /usr/bin/cmake /home/duvanmarrugo/Robotics_Cyber_Physical_LAB/src/gazebo_plugin_sim -DCMAKE_INSTALL_PREFIX=/home/duvanmarrugo/Robotics_Cyber_Physical_LAB/install/gazebo_plugin_sim
[0.111s] -- Found ament_cmake: 0.9.9 (/opt/ros/foxy/share/ament_cmake/cmake)
[0.142s] -- Using PYTHON_EXECUTABLE: /usr/bin/python3
[0.614s] -- Found camera_info_manager: 2.3.0 (/opt/ros/foxy/share/camera_info_manager/cmake)
[0.707s] -- Using all available rosidl_typesupport_c: rosidl_typesupport_fastrtps_c;rosidl_typesupport_introspection_c
[0.718s] -- Found rosidl_adapter: 1.2.1 (/opt/ros/foxy/share/rosidl_adapter/cmake)
[0.888s] -- Using all available rosidl_typesupport_cpp: rosidl_typesupport_fastrtps_cpp;rosidl_typesupport_introspection_cpp
[0.957s] -- Found rmw_implementation_cmake: 1.0.3 (/opt/ros/foxy/share/rmw_implementation_cmake/cmake)
[0.959s] -- Using RMW implementation 'rmw_fastrtps_cpp' as default
[1.426s] -- Setting yaml-cpp_DIR to: '/opt/ros/foxy/share/yaml_cpp_vendor/cmake/../../../opt/yaml_cpp_vendor/lib/cmake/yaml-cpp'
[1.514s] -- Found gazebo_dev: 3.5.3 (/opt/ros/foxy/share/gazebo_dev/cmake)
[1.519s] -- Found PkgConfig: /usr/bin/pkg-config (found version "0.29.1") 
[1.520s] -- Checking for module 'bullet>=2.82'
[1.550s] --   Found bullet, version 2.88
[1.855s] -- Found ccd: /usr/include (found suitable version "2.0", minimum required is "2.0") 
[1.959s] -- Found fcl: /usr/include (found suitable version "0.5.0", minimum required is "0.3.2") 
[2.064s] -- Found assimp: /usr/include (found version "5.0.0") 
[2.122s] -- Found DART: /usr/include (Required is at least version "6.6") found components: dart 
[2.165s] -- Found Boost: /usr/lib/x86_64-linux-gnu/cmake/Boost-1.71.0/BoostConfig.cmake (found suitable version "1.71.0", minimum required is "1.40.0") found components: thread system filesystem program_options regex iostreams date_time 
[2.191s] -- Found Protobuf: /usr/lib/x86_64-linux-gnu/libprotobuf.so;-lpthread (found version "3.6.1") 
[2.198s] -- Looking for ignition-math6 -- found version 6.12.0
[2.207s] -- Searching for dependencies of ignition-math6
[2.210s] -- Looking for OGRE...
[2.211s] -- OGRE_PREFIX_WATCH changed.
[2.217s] -- Checking for module 'OGRE'
[2.239s] --   Found OGRE, version 1.9.0
[2.295s] -- Found Ogre Ghadamon (1.9.0)
[2.305s] -- Found OGRE: optimized;/usr/lib/x86_64-linux-gnu/libOgreMain.so;debug;/usr/lib/x86_64-linux-gnu/libOgreMain.so
[2.317s] -- Looking for OGRE_Paging...
[2.326s] -- Found OGRE_Paging: optimized;/usr/lib/x86_64-linux-gnu/libOgrePaging.so;debug;/usr/lib/x86_64-linux-gnu/libOgrePaging.so
[2.326s] -- Looking for OGRE_Terrain...
[2.333s] -- Found OGRE_Terrain: optimized;/usr/lib/x86_64-linux-gnu/libOgreTerrain.so;debug;/usr/lib/x86_64-linux-gnu/libOgreTerrain.so
[2.334s] -- Looking for OGRE_Property...
[2.341s] -- Found OGRE_Property: optimized;/usr/lib/x86_64-linux-gnu/libOgreProperty.so;debug;/usr/lib/x86_64-linux-gnu/libOgreProperty.so
[2.341s] -- Looking for OGRE_RTShaderSystem...
[2.348s] -- Found OGRE_RTShaderSystem: optimized;/usr/lib/x86_64-linux-gnu/libOgreRTShaderSystem.so;debug;/usr/lib/x86_64-linux-gnu/libOgreRTShaderSystem.so
[2.348s] -- Looking for OGRE_Volume...
[2.355s] -- Found OGRE_Volume: optimized;/usr/lib/x86_64-linux-gnu/libOgreVolume.so;debug;/usr/lib/x86_64-linux-gnu/libOgreVolume.so
[2.355s] -- Looking for OGRE_Overlay...
[2.362s] -- Found OGRE_Overlay: optimized;/usr/lib/x86_64-linux-gnu/libOgreOverlay.so;debug;/usr/lib/x86_64-linux-gnu/libOgreOverlay.so
[2.523s] -- Looking for ignition-math6 -- found version 6.12.0
[2.526s] -- Looking for ignition-transport8 -- found version 8.3.0
[2.526s] -- Searching for dependencies of ignition-transport8
[2.549s] -- Found Protobuf: /usr/lib/x86_64-linux-gnu/libprotobuf.so;-lpthread (found suitable version "3.6.1", minimum required is "3") 
[2.563s] -- Config-file not installed for ZeroMQ -- checking for pkg-config
[2.569s] -- Checking for module 'libzmq >= 4'
[2.590s] --   Found libzmq , version 4.3.2
[2.648s] -- Found ZeroMQ: TRUE (Required is at least version "4") 
[2.655s] -- Checking for module 'uuid'
[2.680s] --   Found uuid, version 2.34.0
[2.736s] -- Found UUID: TRUE  
[2.739s] -- Looking for ignition-msgs5 -- found version 5.10.0
[2.740s] -- Searching for dependencies of ignition-msgs5
[2.763s] -- Looking for ignition-math6 -- found version 6.12.0
[2.770s] -- Checking for module 'tinyxml2'
[2.794s] --   Found tinyxml2, version 6.2.0
[2.861s] -- Looking for ignition-msgs5 -- found version 5.10.0
[2.864s] -- Looking for ignition-common3 -- found version 3.14.2
[2.865s] -- Searching for dependencies of ignition-common3
[2.865s] -- Looking for dlfcn.h - found
[2.866s] -- Looking for libdl - found
[2.868s] -- Found DL: TRUE  
[2.880s] -- Searching for <ignition-common3> component [graphics]
[2.883s] -- Looking for ignition-common3-graphics -- found version 3.14.2
[2.883s] -- Searching for dependencies of ignition-common3-graphics
[2.884s] -- Looking for ignition-math6 -- found version 6.12.0
[2.888s] -- Looking for ignition-fuel_tools4 -- found version 4.6.0
[2.888s] -- Searching for dependencies of ignition-fuel_tools4
[2.998s] -- Found CURL: /usr/lib/x86_64-linux-gnu/libcurl.so (found version "7.68.0")  
[3.011s] -- Checking for module 'jsoncpp'
[3.034s] --   Found jsoncpp, version 1.7.4
[3.090s] -- Found JSONCPP: TRUE  
[3.097s] -- Checking for module 'libzip'
[3.119s] --   Found libzip, version 1.5.1
[3.175s] -- Found ZIP: TRUE  
[3.176s] -- Looking for ignition-common3 -- found version 3.14.2
[3.176s] -- Looking for ignition-math6 -- found version 6.12.0
[3.177s] -- Looking for ignition-msgs5 -- found version 5.10.0
[3.178s] -- Gazebo version: 11.11
[3.180s] -- Found gazebo_msgs: 3.5.3 (/opt/ros/foxy/share/gazebo_msgs/cmake)
[3.459s] -- Found gazebo_ros: 3.5.3 (/opt/ros/foxy/share/gazebo_ros/cmake)
[3.471s] -- Found image_transport: 2.3.0 (/opt/ros/foxy/share/image_transport/cmake)
[3.532s] -- Found cv_bridge: 2.2.1 (/opt/ros/foxy/share/cv_bridge/cmake)
[3.557s] -- Found nav_msgs: 2.0.5 (/opt/ros/foxy/share/nav_msgs/cmake)
[3.653s] -- Found std_srvs: 2.0.5 (/opt/ros/foxy/share/std_srvs/cmake)
[3.671s] -- Found tf2: 0.13.13 (/opt/ros/foxy/share/tf2/cmake)
[3.685s] -- Found tf2_geometry_msgs: 0.13.13 (/opt/ros/foxy/share/tf2_geometry_msgs/cmake)
[3.697s] -- Found eigen3_cmake_module: 0.1.1 (/opt/ros/foxy/share/eigen3_cmake_module/cmake)
[3.700s] -- Found Eigen3: TRUE (found version "3.3.7") 
[4.184s] -- Found interfaces: 0.0.0 (/home/duvanmarrugo/Robotics_Cyber_Physical_LAB/install/interfaces/share/interfaces/cmake)
[4.369s] -- Configuring done
[4.550s] -- Generating done
[4.553s] -- Build files have been written to: /home/duvanmarrugo/Robotics_Cyber_Physical_LAB/build/gazebo_plugin_sim
[4.567s] Invoked command in '/home/duvanmarrugo/Robotics_Cyber_Physical_LAB/build/gazebo_plugin_sim' returned '0': CMAKE_PREFIX_PATH=${CMAKE_PREFIX_PATH}:/home/duvanmarrugo/ros2_ws/install/my_py_pkg:/opt/ros/foxy /usr/bin/cmake /home/duvanmarrugo/Robotics_Cyber_Physical_LAB/src/gazebo_plugin_sim -DCMAKE_INSTALL_PREFIX=/home/duvanmarrugo/Robotics_Cyber_Physical_LAB/install/gazebo_plugin_sim
[4.570s] Invoking command in '/home/duvanmarrugo/Robotics_Cyber_Physical_LAB/build/gazebo_plugin_sim': CMAKE_PREFIX_PATH=${CMAKE_PREFIX_PATH}:/home/duvanmarrugo/ros2_ws/install/my_py_pkg:/opt/ros/foxy /usr/bin/cmake --build /home/duvanmarrugo/Robotics_Cyber_Physical_LAB/build/gazebo_plugin_sim -- -j4 -l4
[4.637s] [35m[1mScanning dependencies of target robot2_plugin[0m
[4.638s] [35m[1mScanning dependencies of target robot1_plugin[0m
[4.638s] [35m[1mScanning dependencies of target platform2_plugin[0m
[4.638s] [35m[1mScanning dependencies of target platform1_plugin[0m
[4.975s] [ 30%] [32mBuilding CXX object CMakeFiles/robot1_plugin.dir/src/robot1_plugin.cpp.o[0m
[4.975s] [ 30%] [32mBuilding CXX object CMakeFiles/platform2_plugin.dir/src/platform2_plugin.cpp.o[0m
[4.975s] [ 30%] [32mBuilding CXX object CMakeFiles/robot2_plugin.dir/src/robot2_plugin.cpp.o[0m
[4.980s] [ 40%] [32mBuilding CXX object CMakeFiles/platform1_plugin.dir/src/platform1_plugin.cpp.o[0m
[33.712s] [ 50%] [32m[1mLinking CXX shared library libplatform1_plugin.so[0m
[34.356s] [ 60%] [32m[1mLinking CXX shared library libplatform2_plugin.so[0m
[34.579s] [ 70%] [32m[1mLinking CXX shared library librobot1_plugin.so[0m
[34.945s] [ 80%] [32m[1mLinking CXX shared library librobot2_plugin.so[0m
[36.216s] [ 80%] Built target platform1_plugin
[36.261s] [35m[1mScanning dependencies of target platform_plugin_test[0m
[36.686s] [ 90%] [32mBuilding CXX object CMakeFiles/platform_plugin_test.dir/src/platform_plugin_test.cpp.o[0m
[37.024s] [ 90%] Built target platform2_plugin
[37.260s] [ 90%] Built target robot1_plugin
[37.313s] [ 90%] Built target robot2_plugin
[53.475s] [100%] [32m[1mLinking CXX shared library libplatform_plugin_test.so[0m
[54.527s] [100%] Built target platform_plugin_test
[54.542s] Invoked command in '/home/duvanmarrugo/Robotics_Cyber_Physical_LAB/build/gazebo_plugin_sim' returned '0': CMAKE_PREFIX_PATH=${CMAKE_PREFIX_PATH}:/home/duvanmarrugo/ros2_ws/install/my_py_pkg:/opt/ros/foxy /usr/bin/cmake --build /home/duvanmarrugo/Robotics_Cyber_Physical_LAB/build/gazebo_plugin_sim -- -j4 -l4
[54.592s] Invoking command in '/home/duvanmarrugo/Robotics_Cyber_Physical_LAB/build/gazebo_plugin_sim': CMAKE_PREFIX_PATH=${CMAKE_PREFIX_PATH}:/home/duvanmarrugo/ros2_ws/install/my_py_pkg:/opt/ros/foxy /usr/bin/cmake --install /home/duvanmarrugo/Robotics_Cyber_Physical_LAB/build/gazebo_plugin_sim
[54.603s] -- Install configuration: ""
[54.603s] -- Installing: /home/duvanmarrugo/Robotics_Cyber_Physical_LAB/install/gazebo_plugin_sim/share/gazebo_plugin_sim/environment/library_path.sh
[54.604s] -- Installing: /home/duvanmarrugo/Robotics_Cyber_Physical_LAB/install/gazebo_plugin_sim/share/gazebo_plugin_sim/environment/library_path.dsv
[54.604s] -- Installing: /home/duvanmarrugo/Robotics_Cyber_Physical_LAB/install/gazebo_plugin_sim/share/gazebo_plugin_sim/environment/gazebo_plugin_sim.sh
[54.604s] -- Installing: /home/duvanmarrugo/Robotics_Cyber_Physical_LAB/install/gazebo_plugin_sim/share/gazebo_plugin_sim/environment/gazebo_plugin_sim.dsv
[54.604s] -- Installing: /home/duvanmarrugo/Robotics_Cyber_Physical_LAB/install/gazebo_plugin_sim/share/ament_index/resource_index/package_run_dependencies/gazebo_plugin_sim
[54.605s] -- Installing: /home/duvanmarrugo/Robotics_Cyber_Physical_LAB/install/gazebo_plugin_sim/share/ament_index/resource_index/parent_prefix_path/gazebo_plugin_sim
[54.605s] -- Installing: /home/duvanmarrugo/Robotics_Cyber_Physical_LAB/install/gazebo_plugin_sim/share/gazebo_plugin_sim/environment/ament_prefix_path.sh
[54.605s] -- Installing: /home/duvanmarrugo/Robotics_Cyber_Physical_LAB/install/gazebo_plugin_sim/share/gazebo_plugin_sim/environment/ament_prefix_path.dsv
[54.605s] -- Installing: /home/duvanmarrugo/Robotics_Cyber_Physical_LAB/install/gazebo_plugin_sim/share/gazebo_plugin_sim/environment/path.sh
[54.606s] -- Installing: /home/duvanmarrugo/Robotics_Cyber_Physical_LAB/install/gazebo_plugin_sim/share/gazebo_plugin_sim/environment/path.dsv
[54.606s] -- Installing: /home/duvanmarrugo/Robotics_Cyber_Physical_LAB/install/gazebo_plugin_sim/share/gazebo_plugin_sim/local_setup.bash
[54.606s] -- Installing: /home/duvanmarrugo/Robotics_Cyber_Physical_LAB/install/gazebo_plugin_sim/share/gazebo_plugin_sim/local_setup.sh
[54.606s] -- Installing: /home/duvanmarrugo/Robotics_Cyber_Physical_LAB/install/gazebo_plugin_sim/share/gazebo_plugin_sim/local_setup.zsh
[54.606s] -- Installing: /home/duvanmarrugo/Robotics_Cyber_Physical_LAB/install/gazebo_plugin_sim/share/gazebo_plugin_sim/local_setup.dsv
[54.607s] -- Installing: /home/duvanmarrugo/Robotics_Cyber_Physical_LAB/install/gazebo_plugin_sim/share/gazebo_plugin_sim/package.dsv
[54.607s] -- Installing: /home/duvanmarrugo/Robotics_Cyber_Physical_LAB/install/gazebo_plugin_sim/share/ament_index/resource_index/packages/gazebo_plugin_sim
[54.607s] -- Installing: /home/duvanmarrugo/Robotics_Cyber_Physical_LAB/install/gazebo_plugin_sim/share/gazebo_plugin_sim/cmake/ament_cmake_export_libraries-extras.cmake
[54.607s] -- Installing: /home/duvanmarrugo/Robotics_Cyber_Physical_LAB/install/gazebo_plugin_sim/share/gazebo_plugin_sim/cmake/ament_cmake_export_include_directories-extras.cmake
[54.608s] -- Installing: /home/duvanmarrugo/Robotics_Cyber_Physical_LAB/install/gazebo_plugin_sim/share/gazebo_plugin_sim/cmake/ament_cmake_export_dependencies-extras.cmake
[54.608s] -- Installing: /home/duvanmarrugo/Robotics_Cyber_Physical_LAB/install/gazebo_plugin_sim/share/gazebo_plugin_sim/cmake/gazebo_plugin_simConfig.cmake
[54.608s] -- Installing: /home/duvanmarrugo/Robotics_Cyber_Physical_LAB/install/gazebo_plugin_sim/share/gazebo_plugin_sim/cmake/gazebo_plugin_simConfig-version.cmake
[54.608s] -- Installing: /home/duvanmarrugo/Robotics_Cyber_Physical_LAB/install/gazebo_plugin_sim/share/gazebo_plugin_sim/package.xml
[54.608s] -- Installing: /home/duvanmarrugo/Robotics_Cyber_Physical_LAB/install/gazebo_plugin_sim/include
[54.609s] -- Installing: /home/duvanmarrugo/Robotics_Cyber_Physical_LAB/install/gazebo_plugin_sim/include/gazebo_plugin_sim
[54.609s] -- Installing: /home/duvanmarrugo/Robotics_Cyber_Physical_LAB/install/gazebo_plugin_sim/include/gazebo_plugin_sim/robot1_plugin.hpp
[54.609s] -- Installing: /home/duvanmarrugo/Robotics_Cyber_Physical_LAB/install/gazebo_plugin_sim/include/gazebo_plugin_sim/platform2_plugin.hpp
[54.609s] -- Installing: /home/duvanmarrugo/Robotics_Cyber_Physical_LAB/install/gazebo_plugin_sim/include/gazebo_plugin_sim/robot2_plugin.hpp
[54.609s] -- Installing: /home/duvanmarrugo/Robotics_Cyber_Physical_LAB/install/gazebo_plugin_sim/include/gazebo_plugin_sim/platform_plugin_test.hpp
[54.609s] -- Installing: /home/duvanmarrugo/Robotics_Cyber_Physical_LAB/install/gazebo_plugin_sim/include/gazebo_plugin_sim/platform1_plugin.hpp
[54.610s] -- Installing: /home/duvanmarrugo/Robotics_Cyber_Physical_LAB/install/gazebo_plugin_sim/lib/libplatform_plugin_test.so
[54.617s] -- Set runtime path of "/home/duvanmarrugo/Robotics_Cyber_Physical_LAB/install/gazebo_plugin_sim/lib/libplatform_plugin_test.so" to ""
[54.617s] -- Installing: /home/duvanmarrugo/Robotics_Cyber_Physical_LAB/install/gazebo_plugin_sim/lib/libplatform1_plugin.so
[54.624s] -- Set runtime path of "/home/duvanmarrugo/Robotics_Cyber_Physical_LAB/install/gazebo_plugin_sim/lib/libplatform1_plugin.so" to ""
[54.624s] -- Installing: /home/duvanmarrugo/Robotics_Cyber_Physical_LAB/install/gazebo_plugin_sim/lib/libplatform2_plugin.so
[54.631s] -- Set runtime path of "/home/duvanmarrugo/Robotics_Cyber_Physical_LAB/install/gazebo_plugin_sim/lib/libplatform2_plugin.so" to ""
[54.631s] -- Installing: /home/duvanmarrugo/Robotics_Cyber_Physical_LAB/install/gazebo_plugin_sim/lib/librobot1_plugin.so
[54.638s] -- Set runtime path of "/home/duvanmarrugo/Robotics_Cyber_Physical_LAB/install/gazebo_plugin_sim/lib/librobot1_plugin.so" to ""
[54.638s] -- Installing: /home/duvanmarrugo/Robotics_Cyber_Physical_LAB/install/gazebo_plugin_sim/lib/librobot2_plugin.so
[54.646s] -- Set runtime path of "/home/duvanmarrugo/Robotics_Cyber_Physical_LAB/install/gazebo_plugin_sim/lib/librobot2_plugin.so" to ""
[54.646s] -- Installing: /home/duvanmarrugo/Robotics_Cyber_Physical_LAB/install/gazebo_plugin_sim/share/gazebo_plugin_sim//worlds
[54.646s] -- Installing: /home/duvanmarrugo/Robotics_Cyber_Physical_LAB/install/gazebo_plugin_sim/share/gazebo_plugin_sim//worlds/2platform_old.world
[54.646s] -- Installing: /home/duvanmarrugo/Robotics_Cyber_Physical_LAB/install/gazebo_plugin_sim/share/gazebo_plugin_sim//worlds/test_mecanum_platform.world
[54.647s] -- Installing: /home/duvanmarrugo/Robotics_Cyber_Physical_LAB/install/gazebo_plugin_sim/share/gazebo_plugin_sim//worlds/2robots_mod.world
[54.647s] -- Installing: /home/duvanmarrugo/Robotics_Cyber_Physical_LAB/install/gazebo_plugin_sim/share/gazebo_plugin_sim//worlds/2robots.world
[54.648s] -- Installing: /home/duvanmarrugo/Robotics_Cyber_Physical_LAB/install/gazebo_plugin_sim/share/gazebo_plugin_sim//worlds/2platform.world
[54.660s] Invoked command in '/home/duvanmarrugo/Robotics_Cyber_Physical_LAB/build/gazebo_plugin_sim' returned '0': CMAKE_PREFIX_PATH=${CMAKE_PREFIX_PATH}:/home/duvanmarrugo/ros2_ws/install/my_py_pkg:/opt/ros/foxy /usr/bin/cmake --install /home/duvanmarrugo/Robotics_Cyber_Physical_LAB/build/gazebo_plugin_sim
