[0.214s] DEBUG:colcon:Command line arguments: ['/usr/bin/colcon', 'build']
[0.214s] DEBUG:colcon:Parsed command line arguments: Namespace(ament_cmake_args=None, base_paths=['.'], build_base='build', catkin_cmake_args=None, catkin_skip_building_tests=False, cmake_args=None, cmake_clean_cache=False, cmake_clean_first=False, cmake_force_configure=False, cmake_target=None, cmake_target_skip_unavailable=False, continue_on_error=False, event_handlers=None, executor='parallel', ignore_user_meta=False, install_base='install', log_base=None, log_level=None, main=<bound method BuildVerb.main of <colcon_core.verb.build.BuildVerb object at 0x7ff4d1f177f0>>, merge_install=False, metas=['./colcon.meta'], packages_above=None, packages_above_and_dependencies=None, packages_above_depth=None, packages_end=None, packages_ignore=None, packages_ignore_regex=None, packages_select=None, packages_select_build_failed=False, packages_select_by_dep=None, packages_select_regex=None, packages_select_test_failures=False, packages_skip=None, packages_skip_build_finished=False, packages_skip_by_dep=None, packages_skip_regex=None, packages_skip_test_passed=False, packages_skip_up_to=None, packages_start=None, packages_up_to=None, packages_up_to_regex=None, parallel_workers=12, paths=None, symlink_install=False, test_result_base=None, verb_extension=<colcon_core.verb.build.BuildVerb object at 0x7ff4d1f177f0>, verb_name='build', verb_parser=<colcon_defaults.argument_parser.defaults.DefaultArgumentsDecorator object at 0x7ff4d1f17cd0>)
[0.218s] Level 1:colcon.colcon_core.package_discovery:discover_packages(colcon_meta) check parameters
[0.218s] Level 1:colcon.colcon_core.package_discovery:discover_packages(recursive) check parameters
[0.218s] Level 1:colcon.colcon_core.package_discovery:discover_packages(ignore) check parameters
[0.218s] Level 1:colcon.colcon_core.package_discovery:discover_packages(path) check parameters
[0.218s] Level 1:colcon.colcon_core.package_discovery:discover_packages(colcon_meta) discover
[0.218s] Level 1:colcon.colcon_core.package_discovery:discover_packages(recursive) discover
[0.218s] INFO:colcon.colcon_core.package_discovery:Crawling recursively for packages in '/home/javierfr/Tesis_ws/V1'
[0.218s] Level 1:colcon.colcon_core.package_identification:_identify(.) by extensions ['ignore', 'ignore_ament_install']
[0.218s] Level 1:colcon.colcon_core.package_identification:_identify(.) by extension 'ignore'
[0.218s] Level 1:colcon.colcon_core.package_identification:_identify(.) by extension 'ignore_ament_install'
[0.218s] Level 1:colcon.colcon_core.package_identification:_identify(.) by extensions ['colcon_pkg']
[0.218s] Level 1:colcon.colcon_core.package_identification:_identify(.) by extension 'colcon_pkg'
[0.218s] Level 1:colcon.colcon_core.package_identification:_identify(.) by extensions ['colcon_meta']
[0.218s] Level 1:colcon.colcon_core.package_identification:_identify(.) by extension 'colcon_meta'
[0.218s] Level 1:colcon.colcon_core.package_identification:_identify(.) by extensions ['ros']
[0.218s] Level 1:colcon.colcon_core.package_identification:_identify(.) by extension 'ros'
[0.226s] Level 1:colcon.colcon_core.package_identification:_identify(.) by extensions ['cmake', 'python']
[0.226s] Level 1:colcon.colcon_core.package_identification:_identify(.) by extension 'cmake'
[0.226s] Level 1:colcon.colcon_core.package_identification:_identify(.) by extension 'python'
[0.226s] Level 1:colcon.colcon_core.package_identification:_identify(.) by extensions ['python_setup_py']
[0.226s] Level 1:colcon.colcon_core.package_identification:_identify(.) by extension 'python_setup_py'
[0.227s] Level 1:colcon.colcon_core.package_identification:_identify(build) by extensions ['ignore', 'ignore_ament_install']
[0.227s] Level 1:colcon.colcon_core.package_identification:_identify(build) by extension 'ignore'
[0.227s] Level 1:colcon.colcon_core.package_identification:_identify(build) ignored
[0.227s] Level 1:colcon.colcon_core.package_identification:_identify(install) by extensions ['ignore', 'ignore_ament_install']
[0.227s] Level 1:colcon.colcon_core.package_identification:_identify(install) by extension 'ignore'
[0.227s] Level 1:colcon.colcon_core.package_identification:_identify(install) ignored
[0.227s] Level 1:colcon.colcon_core.package_identification:_identify(log) by extensions ['ignore', 'ignore_ament_install']
[0.227s] Level 1:colcon.colcon_core.package_identification:_identify(log) by extension 'ignore'
[0.227s] Level 1:colcon.colcon_core.package_identification:_identify(log) ignored
[0.227s] Level 1:colcon.colcon_core.package_identification:_identify(src) by extensions ['ignore', 'ignore_ament_install']
[0.227s] Level 1:colcon.colcon_core.package_identification:_identify(src) by extension 'ignore'
[0.227s] Level 1:colcon.colcon_core.package_identification:_identify(src) by extension 'ignore_ament_install'
[0.227s] Level 1:colcon.colcon_core.package_identification:_identify(src) by extensions ['colcon_pkg']
[0.227s] Level 1:colcon.colcon_core.package_identification:_identify(src) by extension 'colcon_pkg'
[0.227s] Level 1:colcon.colcon_core.package_identification:_identify(src) by extensions ['colcon_meta']
[0.227s] Level 1:colcon.colcon_core.package_identification:_identify(src) by extension 'colcon_meta'
[0.227s] Level 1:colcon.colcon_core.package_identification:_identify(src) by extensions ['ros']
[0.227s] Level 1:colcon.colcon_core.package_identification:_identify(src) by extension 'ros'
[0.228s] Level 1:colcon.colcon_core.package_identification:_identify(src) by extensions ['cmake', 'python']
[0.228s] Level 1:colcon.colcon_core.package_identification:_identify(src) by extension 'cmake'
[0.228s] Level 1:colcon.colcon_core.package_identification:_identify(src) by extension 'python'
[0.228s] Level 1:colcon.colcon_core.package_identification:_identify(src) by extensions ['python_setup_py']
[0.228s] Level 1:colcon.colcon_core.package_identification:_identify(src) by extension 'python_setup_py'
[0.228s] Level 1:colcon.colcon_core.package_identification:_identify(src/gazebo_plugin_sim) by extensions ['ignore', 'ignore_ament_install']
[0.228s] Level 1:colcon.colcon_core.package_identification:_identify(src/gazebo_plugin_sim) by extension 'ignore'
[0.228s] Level 1:colcon.colcon_core.package_identification:_identify(src/gazebo_plugin_sim) by extension 'ignore_ament_install'
[0.228s] Level 1:colcon.colcon_core.package_identification:_identify(src/gazebo_plugin_sim) by extensions ['colcon_pkg']
[0.228s] Level 1:colcon.colcon_core.package_identification:_identify(src/gazebo_plugin_sim) by extension 'colcon_pkg'
[0.228s] Level 1:colcon.colcon_core.package_identification:_identify(src/gazebo_plugin_sim) by extensions ['colcon_meta']
[0.228s] Level 1:colcon.colcon_core.package_identification:_identify(src/gazebo_plugin_sim) by extension 'colcon_meta'
[0.228s] Level 1:colcon.colcon_core.package_identification:_identify(src/gazebo_plugin_sim) by extensions ['ros']
[0.228s] Level 1:colcon.colcon_core.package_identification:_identify(src/gazebo_plugin_sim) by extension 'ros'
[0.230s] DEBUG:colcon.colcon_core.package_identification:Package 'src/gazebo_plugin_sim' with type 'ros.ament_cmake' and name 'gazebo_plugin_sim'
[0.230s] Level 1:colcon.colcon_core.package_identification:_identify(src/img_proc_pkg) by extensions ['ignore', 'ignore_ament_install']
[0.230s] Level 1:colcon.colcon_core.package_identification:_identify(src/img_proc_pkg) by extension 'ignore'
[0.230s] Level 1:colcon.colcon_core.package_identification:_identify(src/img_proc_pkg) by extension 'ignore_ament_install'
[0.230s] Level 1:colcon.colcon_core.package_identification:_identify(src/img_proc_pkg) by extensions ['colcon_pkg']
[0.230s] Level 1:colcon.colcon_core.package_identification:_identify(src/img_proc_pkg) by extension 'colcon_pkg'
[0.230s] Level 1:colcon.colcon_core.package_identification:_identify(src/img_proc_pkg) by extensions ['colcon_meta']
[0.230s] Level 1:colcon.colcon_core.package_identification:_identify(src/img_proc_pkg) by extension 'colcon_meta'
[0.230s] Level 1:colcon.colcon_core.package_identification:_identify(src/img_proc_pkg) by extensions ['ros']
[0.230s] Level 1:colcon.colcon_core.package_identification:_identify(src/img_proc_pkg) by extension 'ros'
[0.230s] DEBUG:colcon.colcon_core.package_identification:Package 'src/img_proc_pkg' with type 'ros.ament_cmake' and name 'img_proc_pkg'
[0.231s] Level 1:colcon.colcon_core.package_identification:_identify(src/interfaces) by extensions ['ignore', 'ignore_ament_install']
[0.231s] Level 1:colcon.colcon_core.package_identification:_identify(src/interfaces) by extension 'ignore'
[0.231s] Level 1:colcon.colcon_core.package_identification:_identify(src/interfaces) by extension 'ignore_ament_install'
[0.231s] Level 1:colcon.colcon_core.package_identification:_identify(src/interfaces) by extensions ['colcon_pkg']
[0.231s] Level 1:colcon.colcon_core.package_identification:_identify(src/interfaces) by extension 'colcon_pkg'
[0.231s] Level 1:colcon.colcon_core.package_identification:_identify(src/interfaces) by extensions ['colcon_meta']
[0.231s] Level 1:colcon.colcon_core.package_identification:_identify(src/interfaces) by extension 'colcon_meta'
[0.231s] Level 1:colcon.colcon_core.package_identification:_identify(src/interfaces) by extensions ['ros']
[0.231s] Level 1:colcon.colcon_core.package_identification:_identify(src/interfaces) by extension 'ros'
[0.231s] DEBUG:colcon.colcon_core.package_identification:Package 'src/interfaces' with type 'ros.ament_cmake' and name 'interfaces'
[0.231s] Level 1:colcon.colcon_core.package_identification:_identify(src/sim_pkg) by extensions ['ignore', 'ignore_ament_install']
[0.231s] Level 1:colcon.colcon_core.package_identification:_identify(src/sim_pkg) by extension 'ignore'
[0.231s] Level 1:colcon.colcon_core.package_identification:_identify(src/sim_pkg) ignored
[0.231s] Level 1:colcon.colcon_core.package_discovery:discover_packages(recursive) using defaults
[0.231s] Level 1:colcon.colcon_core.package_discovery:discover_packages(ignore) discover
[0.231s] Level 1:colcon.colcon_core.package_discovery:discover_packages(ignore) using defaults
[0.231s] Level 1:colcon.colcon_core.package_discovery:discover_packages(path) discover
[0.231s] Level 1:colcon.colcon_core.package_discovery:discover_packages(path) using defaults
[0.245s] Level 5:colcon.colcon_core.verb:set package 'gazebo_plugin_sim' build argument 'cmake_args' from command line to 'None'
[0.245s] Level 5:colcon.colcon_core.verb:set package 'gazebo_plugin_sim' build argument 'cmake_target' from command line to 'None'
[0.245s] Level 5:colcon.colcon_core.verb:set package 'gazebo_plugin_sim' build argument 'cmake_target_skip_unavailable' from command line to 'False'
[0.245s] Level 5:colcon.colcon_core.verb:set package 'gazebo_plugin_sim' build argument 'cmake_clean_cache' from command line to 'False'
[0.245s] Level 5:colcon.colcon_core.verb:set package 'gazebo_plugin_sim' build argument 'cmake_clean_first' from command line to 'False'
[0.245s] Level 5:colcon.colcon_core.verb:set package 'gazebo_plugin_sim' build argument 'cmake_force_configure' from command line to 'False'
[0.245s] Level 5:colcon.colcon_core.verb:set package 'gazebo_plugin_sim' build argument 'ament_cmake_args' from command line to 'None'
[0.245s] Level 5:colcon.colcon_core.verb:set package 'gazebo_plugin_sim' build argument 'catkin_cmake_args' from command line to 'None'
[0.245s] Level 5:colcon.colcon_core.verb:set package 'gazebo_plugin_sim' build argument 'catkin_skip_building_tests' from command line to 'False'
[0.245s] DEBUG:colcon.colcon_core.verb:Building package 'gazebo_plugin_sim' with the following arguments: {'ament_cmake_args': None, 'build_base': '/home/javierfr/Tesis_ws/V1/build/gazebo_plugin_sim', 'catkin_cmake_args': None, 'catkin_skip_building_tests': False, 'cmake_args': None, 'cmake_clean_cache': False, 'cmake_clean_first': False, 'cmake_force_configure': False, 'cmake_target': None, 'cmake_target_skip_unavailable': False, 'install_base': '/home/javierfr/Tesis_ws/V1/install/gazebo_plugin_sim', 'merge_install': False, 'path': '/home/javierfr/Tesis_ws/V1/src/gazebo_plugin_sim', 'symlink_install': False, 'test_result_base': None}
[0.247s] Level 5:colcon.colcon_core.verb:set package 'img_proc_pkg' build argument 'cmake_args' from command line to 'None'
[0.247s] Level 5:colcon.colcon_core.verb:set package 'img_proc_pkg' build argument 'cmake_target' from command line to 'None'
[0.247s] Level 5:colcon.colcon_core.verb:set package 'img_proc_pkg' build argument 'cmake_target_skip_unavailable' from command line to 'False'
[0.247s] Level 5:colcon.colcon_core.verb:set package 'img_proc_pkg' build argument 'cmake_clean_cache' from command line to 'False'
[0.247s] Level 5:colcon.colcon_core.verb:set package 'img_proc_pkg' build argument 'cmake_clean_first' from command line to 'False'
[0.247s] Level 5:colcon.colcon_core.verb:set package 'img_proc_pkg' build argument 'cmake_force_configure' from command line to 'False'
[0.247s] Level 5:colcon.colcon_core.verb:set package 'img_proc_pkg' build argument 'ament_cmake_args' from command line to 'None'
[0.247s] Level 5:colcon.colcon_core.verb:set package 'img_proc_pkg' build argument 'catkin_cmake_args' from command line to 'None'
[0.247s] Level 5:colcon.colcon_core.verb:set package 'img_proc_pkg' build argument 'catkin_skip_building_tests' from command line to 'False'
[0.247s] DEBUG:colcon.colcon_core.verb:Building package 'img_proc_pkg' with the following arguments: {'ament_cmake_args': None, 'build_base': '/home/javierfr/Tesis_ws/V1/build/img_proc_pkg', 'catkin_cmake_args': None, 'catkin_skip_building_tests': False, 'cmake_args': None, 'cmake_clean_cache': False, 'cmake_clean_first': False, 'cmake_force_configure': False, 'cmake_target': None, 'cmake_target_skip_unavailable': False, 'install_base': '/home/javierfr/Tesis_ws/V1/install/img_proc_pkg', 'merge_install': False, 'path': '/home/javierfr/Tesis_ws/V1/src/img_proc_pkg', 'symlink_install': False, 'test_result_base': None}
[0.249s] Level 5:colcon.colcon_core.verb:set package 'interfaces' build argument 'cmake_args' from command line to 'None'
[0.249s] Level 5:colcon.colcon_core.verb:set package 'interfaces' build argument 'cmake_target' from command line to 'None'
[0.249s] Level 5:colcon.colcon_core.verb:set package 'interfaces' build argument 'cmake_target_skip_unavailable' from command line to 'False'
[0.249s] Level 5:colcon.colcon_core.verb:set package 'interfaces' build argument 'cmake_clean_cache' from command line to 'False'
[0.249s] Level 5:colcon.colcon_core.verb:set package 'interfaces' build argument 'cmake_clean_first' from command line to 'False'
[0.249s] Level 5:colcon.colcon_core.verb:set package 'interfaces' build argument 'cmake_force_configure' from command line to 'False'
[0.249s] Level 5:colcon.colcon_core.verb:set package 'interfaces' build argument 'ament_cmake_args' from command line to 'None'
[0.249s] Level 5:colcon.colcon_core.verb:set package 'interfaces' build argument 'catkin_cmake_args' from command line to 'None'
[0.249s] Level 5:colcon.colcon_core.verb:set package 'interfaces' build argument 'catkin_skip_building_tests' from command line to 'False'
[0.249s] DEBUG:colcon.colcon_core.verb:Building package 'interfaces' with the following arguments: {'ament_cmake_args': None, 'build_base': '/home/javierfr/Tesis_ws/V1/build/interfaces', 'catkin_cmake_args': None, 'catkin_skip_building_tests': False, 'cmake_args': None, 'cmake_clean_cache': False, 'cmake_clean_first': False, 'cmake_force_configure': False, 'cmake_target': None, 'cmake_target_skip_unavailable': False, 'install_base': '/home/javierfr/Tesis_ws/V1/install/interfaces', 'merge_install': False, 'path': '/home/javierfr/Tesis_ws/V1/src/interfaces', 'symlink_install': False, 'test_result_base': None}
[0.249s] INFO:colcon.colcon_core.executor:Executing jobs using 'parallel' executor
[0.251s] DEBUG:colcon.colcon_parallel_executor.executor.parallel:run_until_complete
[0.251s] INFO:colcon.colcon_ros.task.ament_cmake.build:Building ROS package in '/home/javierfr/Tesis_ws/V1/src/gazebo_plugin_sim' with build type 'ament_cmake'
[0.251s] INFO:colcon.colcon_cmake.task.cmake.build:Building CMake package in '/home/javierfr/Tesis_ws/V1/src/gazebo_plugin_sim'
[0.253s] INFO:colcon.colcon_core.plugin_system:Skipping extension 'colcon_core.shell.bat': Not used on non-Windows systems
[0.253s] INFO:colcon.colcon_core.shell:Skip shell extension 'powershell' for command environment: Not usable outside of PowerShell
[0.253s] DEBUG:colcon.colcon_core.shell:Skip shell extension 'dsv' for command environment
[0.255s] WARNING:colcon.colcon_ros.prefix_path.ament:The path '/home/javierfr/Tesis_ws/V1/install/gazebo_plugins' in the environment variable AMENT_PREFIX_PATH doesn't exist
[0.255s] WARNING:colcon.colcon_ros.prefix_path.catkin:The path '/home/javierfr/Tesis_ws/V1/install/gazebo_plugins' in the environment variable CMAKE_PREFIX_PATH doesn't exist
[0.255s] DEBUG:colcon.colcon_core.shell:Ignoring prefix path '/opt/ros/foxy'
[0.257s] INFO:colcon.colcon_ros.task.ament_cmake.build:Building ROS package in '/home/javierfr/Tesis_ws/V1/src/img_proc_pkg' with build type 'ament_cmake'
[0.258s] INFO:colcon.colcon_cmake.task.cmake.build:Building CMake package in '/home/javierfr/Tesis_ws/V1/src/img_proc_pkg'
[0.258s] INFO:colcon.colcon_core.shell:Skip shell extension 'powershell' for command environment: Not usable outside of PowerShell
[0.258s] DEBUG:colcon.colcon_core.shell:Skip shell extension 'dsv' for command environment
[0.260s] DEBUG:colcon.colcon_core.shell:Ignoring prefix path '/opt/ros/foxy'
[0.261s] INFO:colcon.colcon_ros.task.ament_cmake.build:Building ROS package in '/home/javierfr/Tesis_ws/V1/src/interfaces' with build type 'ament_cmake'
[0.261s] INFO:colcon.colcon_cmake.task.cmake.build:Building CMake package in '/home/javierfr/Tesis_ws/V1/src/interfaces'
[0.262s] INFO:colcon.colcon_core.shell:Skip shell extension 'powershell' for command environment: Not usable outside of PowerShell
[0.262s] DEBUG:colcon.colcon_core.shell:Skip shell extension 'dsv' for command environment
[0.264s] DEBUG:colcon.colcon_core.shell:Ignoring prefix path '/opt/ros/foxy'
[0.272s] DEBUG:colcon.colcon_core.event_handler.log_command:Invoking command in '/home/javierfr/Tesis_ws/V1/build/gazebo_plugin_sim': CMAKE_PREFIX_PATH=${CMAKE_PREFIX_PATH}:/opt/ros/foxy /usr/bin/cmake --build /home/javierfr/Tesis_ws/V1/build/gazebo_plugin_sim -- -j12 -l12
[0.277s] DEBUG:colcon.colcon_core.event_handler.log_command:Invoking command in '/home/javierfr/Tesis_ws/V1/build/img_proc_pkg': CMAKE_PREFIX_PATH=${CMAKE_PREFIX_PATH}:/opt/ros/foxy /usr/bin/cmake --build /home/javierfr/Tesis_ws/V1/build/img_proc_pkg -- -j12 -l12
[0.281s] DEBUG:colcon.colcon_core.event_handler.log_command:Invoking command in '/home/javierfr/Tesis_ws/V1/build/interfaces': CMAKE_PREFIX_PATH=${CMAKE_PREFIX_PATH}:/opt/ros/foxy /usr/bin/cmake --build /home/javierfr/Tesis_ws/V1/build/interfaces -- -j12 -l12
[0.331s] DEBUG:colcon.colcon_core.event_handler.log_command:Invoked command in '/home/javierfr/Tesis_ws/V1/build/img_proc_pkg' returned '0': CMAKE_PREFIX_PATH=${CMAKE_PREFIX_PATH}:/opt/ros/foxy /usr/bin/cmake --build /home/javierfr/Tesis_ws/V1/build/img_proc_pkg -- -j12 -l12
[0.362s] DEBUG:colcon.colcon_core.event_handler.log_command:Invoking command in '/home/javierfr/Tesis_ws/V1/build/img_proc_pkg': CMAKE_PREFIX_PATH=${CMAKE_PREFIX_PATH}:/opt/ros/foxy /usr/bin/cmake --install /home/javierfr/Tesis_ws/V1/build/img_proc_pkg
[0.388s] Level 1:colcon.colcon_core.environment:create_environment_scripts_only(img_proc_pkg)
[0.388s] DEBUG:colcon.colcon_core.event_handler.log_command:Invoked command in '/home/javierfr/Tesis_ws/V1/build/img_proc_pkg' returned '0': CMAKE_PREFIX_PATH=${CMAKE_PREFIX_PATH}:/opt/ros/foxy /usr/bin/cmake --install /home/javierfr/Tesis_ws/V1/build/img_proc_pkg
[0.391s] Level 1:colcon.colcon_core.environment:checking '/home/javierfr/Tesis_ws/V1/install/img_proc_pkg' for CMake module files
[0.392s] Level 1:colcon.colcon_core.environment:checking '/home/javierfr/Tesis_ws/V1/install/img_proc_pkg' for CMake config files
[0.392s] Level 1:colcon.colcon_core.shell:create_environment_hook('img_proc_pkg', 'cmake_prefix_path')
[0.392s] INFO:colcon.colcon_core.shell:Creating environment hook '/home/javierfr/Tesis_ws/V1/install/img_proc_pkg/share/img_proc_pkg/hook/cmake_prefix_path.ps1'
[0.393s] INFO:colcon.colcon_core.shell:Creating environment descriptor '/home/javierfr/Tesis_ws/V1/install/img_proc_pkg/share/img_proc_pkg/hook/cmake_prefix_path.dsv'
[0.393s] INFO:colcon.colcon_core.shell:Creating environment hook '/home/javierfr/Tesis_ws/V1/install/img_proc_pkg/share/img_proc_pkg/hook/cmake_prefix_path.sh'
[0.394s] Level 1:colcon.colcon_core.environment:checking '/home/javierfr/Tesis_ws/V1/install/img_proc_pkg/lib'
[0.394s] Level 1:colcon.colcon_core.environment:checking '/home/javierfr/Tesis_ws/V1/install/img_proc_pkg/bin'
[0.394s] Level 1:colcon.colcon_core.environment:checking '/home/javierfr/Tesis_ws/V1/install/img_proc_pkg/lib/pkgconfig/img_proc_pkg.pc'
[0.394s] Level 1:colcon.colcon_core.environment:checking '/home/javierfr/Tesis_ws/V1/install/img_proc_pkg/lib/python3.8/site-packages'
[0.395s] INFO:colcon.colcon_core.shell:Creating package script '/home/javierfr/Tesis_ws/V1/install/img_proc_pkg/share/img_proc_pkg/package.ps1'
[0.395s] INFO:colcon.colcon_core.shell:Creating package descriptor '/home/javierfr/Tesis_ws/V1/install/img_proc_pkg/share/img_proc_pkg/package.dsv'
[0.396s] INFO:colcon.colcon_core.shell:Creating package script '/home/javierfr/Tesis_ws/V1/install/img_proc_pkg/share/img_proc_pkg/package.sh'
[0.396s] INFO:colcon.colcon_core.shell:Creating package script '/home/javierfr/Tesis_ws/V1/install/img_proc_pkg/share/img_proc_pkg/package.bash'
[0.397s] INFO:colcon.colcon_core.shell:Creating package script '/home/javierfr/Tesis_ws/V1/install/img_proc_pkg/share/img_proc_pkg/package.zsh'
[0.397s] Level 1:colcon.colcon_core.environment:create_file_with_runtime_dependencies(/home/javierfr/Tesis_ws/V1/install/img_proc_pkg/share/colcon-core/packages/img_proc_pkg)
[0.419s] Level 1:colcon.colcon_core.environment:create_environment_scripts_only(img_proc_pkg)
[0.420s] Level 1:colcon.colcon_core.environment:checking '/home/javierfr/Tesis_ws/V1/install/img_proc_pkg' for CMake module files
[0.421s] Level 1:colcon.colcon_core.environment:checking '/home/javierfr/Tesis_ws/V1/install/img_proc_pkg' for CMake config files
[0.421s] Level 1:colcon.colcon_core.shell:create_environment_hook('img_proc_pkg', 'cmake_prefix_path')
[0.421s] INFO:colcon.colcon_core.shell:Creating environment hook '/home/javierfr/Tesis_ws/V1/install/img_proc_pkg/share/img_proc_pkg/hook/cmake_prefix_path.ps1'
[0.421s] INFO:colcon.colcon_core.shell:Creating environment descriptor '/home/javierfr/Tesis_ws/V1/install/img_proc_pkg/share/img_proc_pkg/hook/cmake_prefix_path.dsv'
[0.422s] INFO:colcon.colcon_core.shell:Creating environment hook '/home/javierfr/Tesis_ws/V1/install/img_proc_pkg/share/img_proc_pkg/hook/cmake_prefix_path.sh'
[0.422s] Level 1:colcon.colcon_core.environment:checking '/home/javierfr/Tesis_ws/V1/install/img_proc_pkg/lib'
[0.422s] Level 1:colcon.colcon_core.environment:checking '/home/javierfr/Tesis_ws/V1/install/img_proc_pkg/bin'
[0.422s] Level 1:colcon.colcon_core.environment:checking '/home/javierfr/Tesis_ws/V1/install/img_proc_pkg/lib/pkgconfig/img_proc_pkg.pc'
[0.422s] Level 1:colcon.colcon_core.environment:checking '/home/javierfr/Tesis_ws/V1/install/img_proc_pkg/lib/python3.8/site-packages'
[0.423s] INFO:colcon.colcon_core.shell:Creating package script '/home/javierfr/Tesis_ws/V1/install/img_proc_pkg/share/img_proc_pkg/package.ps1'
[0.423s] INFO:colcon.colcon_core.shell:Creating package descriptor '/home/javierfr/Tesis_ws/V1/install/img_proc_pkg/share/img_proc_pkg/package.dsv'
[0.423s] INFO:colcon.colcon_core.shell:Creating package script '/home/javierfr/Tesis_ws/V1/install/img_proc_pkg/share/img_proc_pkg/package.sh'
[0.424s] INFO:colcon.colcon_core.shell:Creating package script '/home/javierfr/Tesis_ws/V1/install/img_proc_pkg/share/img_proc_pkg/package.bash'
[0.424s] INFO:colcon.colcon_core.shell:Creating package script '/home/javierfr/Tesis_ws/V1/install/img_proc_pkg/share/img_proc_pkg/package.zsh'
[0.424s] Level 1:colcon.colcon_core.environment:create_file_with_runtime_dependencies(/home/javierfr/Tesis_ws/V1/install/img_proc_pkg/share/colcon-core/packages/img_proc_pkg)
[0.447s] DEBUG:colcon.colcon_core.event_handler.log_command:Invoked command in '/home/javierfr/Tesis_ws/V1/build/interfaces' returned '0': CMAKE_PREFIX_PATH=${CMAKE_PREFIX_PATH}:/opt/ros/foxy /usr/bin/cmake --build /home/javierfr/Tesis_ws/V1/build/interfaces -- -j12 -l12
[0.486s] DEBUG:colcon.colcon_core.event_handler.log_command:Invoking command in '/home/javierfr/Tesis_ws/V1/build/interfaces': CMAKE_PREFIX_PATH=${CMAKE_PREFIX_PATH}:/opt/ros/foxy /usr/bin/cmake --install /home/javierfr/Tesis_ws/V1/build/interfaces
[0.526s] Level 1:colcon.colcon_core.environment:create_environment_scripts_only(interfaces)
[0.527s] Level 1:colcon.colcon_core.environment:checking '/home/javierfr/Tesis_ws/V1/install/interfaces' for CMake module files
[0.528s] DEBUG:colcon.colcon_core.event_handler.log_command:Invoked command in '/home/javierfr/Tesis_ws/V1/build/interfaces' returned '0': CMAKE_PREFIX_PATH=${CMAKE_PREFIX_PATH}:/opt/ros/foxy /usr/bin/cmake --install /home/javierfr/Tesis_ws/V1/build/interfaces
[0.528s] Level 1:colcon.colcon_core.environment:checking '/home/javierfr/Tesis_ws/V1/install/interfaces' for CMake config files
[0.529s] Level 1:colcon.colcon_core.shell:create_environment_hook('interfaces', 'cmake_prefix_path')
[0.529s] INFO:colcon.colcon_core.shell:Creating environment hook '/home/javierfr/Tesis_ws/V1/install/interfaces/share/interfaces/hook/cmake_prefix_path.ps1'
[0.529s] INFO:colcon.colcon_core.shell:Creating environment descriptor '/home/javierfr/Tesis_ws/V1/install/interfaces/share/interfaces/hook/cmake_prefix_path.dsv'
[0.530s] INFO:colcon.colcon_core.shell:Creating environment hook '/home/javierfr/Tesis_ws/V1/install/interfaces/share/interfaces/hook/cmake_prefix_path.sh'
[0.530s] Level 1:colcon.colcon_core.environment:checking '/home/javierfr/Tesis_ws/V1/install/interfaces/lib'
[0.530s] Level 1:colcon.colcon_core.shell:create_environment_hook('interfaces', 'ld_library_path_lib')
[0.530s] INFO:colcon.colcon_core.shell:Creating environment hook '/home/javierfr/Tesis_ws/V1/install/interfaces/share/interfaces/hook/ld_library_path_lib.ps1'
[0.531s] INFO:colcon.colcon_core.shell:Creating environment descriptor '/home/javierfr/Tesis_ws/V1/install/interfaces/share/interfaces/hook/ld_library_path_lib.dsv'
[0.531s] INFO:colcon.colcon_core.shell:Creating environment hook '/home/javierfr/Tesis_ws/V1/install/interfaces/share/interfaces/hook/ld_library_path_lib.sh'
[0.531s] Level 1:colcon.colcon_core.environment:checking '/home/javierfr/Tesis_ws/V1/install/interfaces/bin'
[0.531s] Level 1:colcon.colcon_core.environment:checking '/home/javierfr/Tesis_ws/V1/install/interfaces/lib/pkgconfig/interfaces.pc'
[0.531s] Level 1:colcon.colcon_core.environment:checking '/home/javierfr/Tesis_ws/V1/install/interfaces/lib/python3.8/site-packages'
[0.531s] Level 1:colcon.colcon_core.shell:create_environment_hook('interfaces', 'pythonpath')
[0.532s] INFO:colcon.colcon_core.shell:Creating environment hook '/home/javierfr/Tesis_ws/V1/install/interfaces/share/interfaces/hook/pythonpath.ps1'
[0.532s] INFO:colcon.colcon_core.shell:Creating environment descriptor '/home/javierfr/Tesis_ws/V1/install/interfaces/share/interfaces/hook/pythonpath.dsv'
[0.532s] INFO:colcon.colcon_core.shell:Creating environment hook '/home/javierfr/Tesis_ws/V1/install/interfaces/share/interfaces/hook/pythonpath.sh'
[0.533s] INFO:colcon.colcon_core.shell:Creating package script '/home/javierfr/Tesis_ws/V1/install/interfaces/share/interfaces/package.ps1'
[0.533s] INFO:colcon.colcon_core.shell:Creating package descriptor '/home/javierfr/Tesis_ws/V1/install/interfaces/share/interfaces/package.dsv'
[0.534s] INFO:colcon.colcon_core.shell:Creating package script '/home/javierfr/Tesis_ws/V1/install/interfaces/share/interfaces/package.sh'
[0.534s] INFO:colcon.colcon_core.shell:Creating package script '/home/javierfr/Tesis_ws/V1/install/interfaces/share/interfaces/package.bash'
[0.534s] INFO:colcon.colcon_core.shell:Creating package script '/home/javierfr/Tesis_ws/V1/install/interfaces/share/interfaces/package.zsh'
[0.534s] Level 1:colcon.colcon_core.environment:create_file_with_runtime_dependencies(/home/javierfr/Tesis_ws/V1/install/interfaces/share/colcon-core/packages/interfaces)
[0.572s] Level 1:colcon.colcon_core.environment:create_environment_scripts_only(interfaces)
[0.572s] Level 1:colcon.colcon_core.environment:checking '/home/javierfr/Tesis_ws/V1/install/interfaces' for CMake module files
[0.573s] Level 1:colcon.colcon_core.environment:checking '/home/javierfr/Tesis_ws/V1/install/interfaces' for CMake config files
[0.573s] Level 1:colcon.colcon_core.shell:create_environment_hook('interfaces', 'cmake_prefix_path')
[0.573s] INFO:colcon.colcon_core.shell:Creating environment hook '/home/javierfr/Tesis_ws/V1/install/interfaces/share/interfaces/hook/cmake_prefix_path.ps1'
[0.574s] INFO:colcon.colcon_core.shell:Creating environment descriptor '/home/javierfr/Tesis_ws/V1/install/interfaces/share/interfaces/hook/cmake_prefix_path.dsv'
[0.574s] INFO:colcon.colcon_core.shell:Creating environment hook '/home/javierfr/Tesis_ws/V1/install/interfaces/share/interfaces/hook/cmake_prefix_path.sh'
[0.574s] Level 1:colcon.colcon_core.environment:checking '/home/javierfr/Tesis_ws/V1/install/interfaces/lib'
[0.574s] Level 1:colcon.colcon_core.shell:create_environment_hook('interfaces', 'ld_library_path_lib')
[0.575s] INFO:colcon.colcon_core.shell:Creating environment hook '/home/javierfr/Tesis_ws/V1/install/interfaces/share/interfaces/hook/ld_library_path_lib.ps1'
[0.575s] INFO:colcon.colcon_core.shell:Creating environment descriptor '/home/javierfr/Tesis_ws/V1/install/interfaces/share/interfaces/hook/ld_library_path_lib.dsv'
[0.575s] INFO:colcon.colcon_core.shell:Creating environment hook '/home/javierfr/Tesis_ws/V1/install/interfaces/share/interfaces/hook/ld_library_path_lib.sh'
[0.575s] Level 1:colcon.colcon_core.environment:checking '/home/javierfr/Tesis_ws/V1/install/interfaces/bin'
[0.576s] Level 1:colcon.colcon_core.environment:checking '/home/javierfr/Tesis_ws/V1/install/interfaces/lib/pkgconfig/interfaces.pc'
[0.576s] Level 1:colcon.colcon_core.environment:checking '/home/javierfr/Tesis_ws/V1/install/interfaces/lib/python3.8/site-packages'
[0.576s] Level 1:colcon.colcon_core.shell:create_environment_hook('interfaces', 'pythonpath')
[0.576s] INFO:colcon.colcon_core.shell:Creating environment hook '/home/javierfr/Tesis_ws/V1/install/interfaces/share/interfaces/hook/pythonpath.ps1'
[0.576s] INFO:colcon.colcon_core.shell:Creating environment descriptor '/home/javierfr/Tesis_ws/V1/install/interfaces/share/interfaces/hook/pythonpath.dsv'
[0.577s] INFO:colcon.colcon_core.shell:Creating environment hook '/home/javierfr/Tesis_ws/V1/install/interfaces/share/interfaces/hook/pythonpath.sh'
[0.577s] INFO:colcon.colcon_core.shell:Creating package script '/home/javierfr/Tesis_ws/V1/install/interfaces/share/interfaces/package.ps1'
[0.578s] INFO:colcon.colcon_core.shell:Creating package descriptor '/home/javierfr/Tesis_ws/V1/install/interfaces/share/interfaces/package.dsv'
[0.578s] INFO:colcon.colcon_core.shell:Creating package script '/home/javierfr/Tesis_ws/V1/install/interfaces/share/interfaces/package.sh'
[0.578s] INFO:colcon.colcon_core.shell:Creating package script '/home/javierfr/Tesis_ws/V1/install/interfaces/share/interfaces/package.bash'
[0.579s] INFO:colcon.colcon_core.shell:Creating package script '/home/javierfr/Tesis_ws/V1/install/interfaces/share/interfaces/package.zsh'
[0.579s] Level 1:colcon.colcon_core.environment:create_file_with_runtime_dependencies(/home/javierfr/Tesis_ws/V1/install/interfaces/share/colcon-core/packages/interfaces)
[10.552s] DEBUG:colcon.colcon_core.event_handler.log_command:Invoked command in '/home/javierfr/Tesis_ws/V1/build/gazebo_plugin_sim' returned '0': CMAKE_PREFIX_PATH=${CMAKE_PREFIX_PATH}:/opt/ros/foxy /usr/bin/cmake --build /home/javierfr/Tesis_ws/V1/build/gazebo_plugin_sim -- -j12 -l12
[10.571s] DEBUG:colcon.colcon_core.event_handler.log_command:Invoking command in '/home/javierfr/Tesis_ws/V1/build/gazebo_plugin_sim': CMAKE_PREFIX_PATH=${CMAKE_PREFIX_PATH}:/opt/ros/foxy /usr/bin/cmake --install /home/javierfr/Tesis_ws/V1/build/gazebo_plugin_sim
[10.583s] Level 1:colcon.colcon_core.environment:create_environment_scripts_only(gazebo_plugin_sim)
[10.584s] Level 1:colcon.colcon_core.environment:checking '/home/javierfr/Tesis_ws/V1/install/gazebo_plugin_sim' for CMake module files
[10.585s] DEBUG:colcon.colcon_core.event_handler.log_command:Invoked command in '/home/javierfr/Tesis_ws/V1/build/gazebo_plugin_sim' returned '0': CMAKE_PREFIX_PATH=${CMAKE_PREFIX_PATH}:/opt/ros/foxy /usr/bin/cmake --install /home/javierfr/Tesis_ws/V1/build/gazebo_plugin_sim
[10.585s] Level 1:colcon.colcon_core.environment:checking '/home/javierfr/Tesis_ws/V1/install/gazebo_plugin_sim' for CMake config files
[10.585s] Level 1:colcon.colcon_core.shell:create_environment_hook('gazebo_plugin_sim', 'cmake_prefix_path')
[10.586s] INFO:colcon.colcon_core.shell:Creating environment hook '/home/javierfr/Tesis_ws/V1/install/gazebo_plugin_sim/share/gazebo_plugin_sim/hook/cmake_prefix_path.ps1'
[10.586s] INFO:colcon.colcon_core.shell:Creating environment descriptor '/home/javierfr/Tesis_ws/V1/install/gazebo_plugin_sim/share/gazebo_plugin_sim/hook/cmake_prefix_path.dsv'
[10.586s] INFO:colcon.colcon_core.shell:Creating environment hook '/home/javierfr/Tesis_ws/V1/install/gazebo_plugin_sim/share/gazebo_plugin_sim/hook/cmake_prefix_path.sh'
[10.587s] Level 1:colcon.colcon_core.environment:checking '/home/javierfr/Tesis_ws/V1/install/gazebo_plugin_sim/lib'
[10.587s] Level 1:colcon.colcon_core.shell:create_environment_hook('gazebo_plugin_sim', 'ld_library_path_lib')
[10.587s] INFO:colcon.colcon_core.shell:Creating environment hook '/home/javierfr/Tesis_ws/V1/install/gazebo_plugin_sim/share/gazebo_plugin_sim/hook/ld_library_path_lib.ps1'
[10.587s] INFO:colcon.colcon_core.shell:Creating environment descriptor '/home/javierfr/Tesis_ws/V1/install/gazebo_plugin_sim/share/gazebo_plugin_sim/hook/ld_library_path_lib.dsv'
[10.587s] INFO:colcon.colcon_core.shell:Creating environment hook '/home/javierfr/Tesis_ws/V1/install/gazebo_plugin_sim/share/gazebo_plugin_sim/hook/ld_library_path_lib.sh'
[10.588s] Level 1:colcon.colcon_core.environment:checking '/home/javierfr/Tesis_ws/V1/install/gazebo_plugin_sim/bin'
[10.588s] Level 1:colcon.colcon_core.environment:checking '/home/javierfr/Tesis_ws/V1/install/gazebo_plugin_sim/lib/pkgconfig/gazebo_plugin_sim.pc'
[10.588s] Level 1:colcon.colcon_core.environment:checking '/home/javierfr/Tesis_ws/V1/install/gazebo_plugin_sim/lib/python3.8/site-packages'
[10.588s] INFO:colcon.colcon_core.shell:Creating package script '/home/javierfr/Tesis_ws/V1/install/gazebo_plugin_sim/share/gazebo_plugin_sim/package.ps1'
[10.589s] INFO:colcon.colcon_core.shell:Creating package descriptor '/home/javierfr/Tesis_ws/V1/install/gazebo_plugin_sim/share/gazebo_plugin_sim/package.dsv'
[10.589s] INFO:colcon.colcon_core.shell:Creating package script '/home/javierfr/Tesis_ws/V1/install/gazebo_plugin_sim/share/gazebo_plugin_sim/package.sh'
[10.589s] INFO:colcon.colcon_core.shell:Creating package script '/home/javierfr/Tesis_ws/V1/install/gazebo_plugin_sim/share/gazebo_plugin_sim/package.bash'
[10.589s] INFO:colcon.colcon_core.shell:Creating package script '/home/javierfr/Tesis_ws/V1/install/gazebo_plugin_sim/share/gazebo_plugin_sim/package.zsh'
[10.590s] Level 1:colcon.colcon_core.environment:create_file_with_runtime_dependencies(/home/javierfr/Tesis_ws/V1/install/gazebo_plugin_sim/share/colcon-core/packages/gazebo_plugin_sim)
[10.609s] Level 1:colcon.colcon_core.environment:create_environment_scripts_only(gazebo_plugin_sim)
[10.610s] Level 1:colcon.colcon_core.environment:checking '/home/javierfr/Tesis_ws/V1/install/gazebo_plugin_sim' for CMake module files
[10.610s] Level 1:colcon.colcon_core.environment:checking '/home/javierfr/Tesis_ws/V1/install/gazebo_plugin_sim' for CMake config files
[10.610s] Level 1:colcon.colcon_core.shell:create_environment_hook('gazebo_plugin_sim', 'cmake_prefix_path')
[10.611s] INFO:colcon.colcon_core.shell:Creating environment hook '/home/javierfr/Tesis_ws/V1/install/gazebo_plugin_sim/share/gazebo_plugin_sim/hook/cmake_prefix_path.ps1'
[10.611s] INFO:colcon.colcon_core.shell:Creating environment descriptor '/home/javierfr/Tesis_ws/V1/install/gazebo_plugin_sim/share/gazebo_plugin_sim/hook/cmake_prefix_path.dsv'
[10.611s] INFO:colcon.colcon_core.shell:Creating environment hook '/home/javierfr/Tesis_ws/V1/install/gazebo_plugin_sim/share/gazebo_plugin_sim/hook/cmake_prefix_path.sh'
[10.612s] Level 1:colcon.colcon_core.environment:checking '/home/javierfr/Tesis_ws/V1/install/gazebo_plugin_sim/lib'
[10.612s] Level 1:colcon.colcon_core.shell:create_environment_hook('gazebo_plugin_sim', 'ld_library_path_lib')
[10.612s] INFO:colcon.colcon_core.shell:Creating environment hook '/home/javierfr/Tesis_ws/V1/install/gazebo_plugin_sim/share/gazebo_plugin_sim/hook/ld_library_path_lib.ps1'
[10.612s] INFO:colcon.colcon_core.shell:Creating environment descriptor '/home/javierfr/Tesis_ws/V1/install/gazebo_plugin_sim/share/gazebo_plugin_sim/hook/ld_library_path_lib.dsv'
[10.613s] INFO:colcon.colcon_core.shell:Creating environment hook '/home/javierfr/Tesis_ws/V1/install/gazebo_plugin_sim/share/gazebo_plugin_sim/hook/ld_library_path_lib.sh'
[10.613s] Level 1:colcon.colcon_core.environment:checking '/home/javierfr/Tesis_ws/V1/install/gazebo_plugin_sim/bin'
[10.613s] Level 1:colcon.colcon_core.environment:checking '/home/javierfr/Tesis_ws/V1/install/gazebo_plugin_sim/lib/pkgconfig/gazebo_plugin_sim.pc'
[10.613s] Level 1:colcon.colcon_core.environment:checking '/home/javierfr/Tesis_ws/V1/install/gazebo_plugin_sim/lib/python3.8/site-packages'
[10.613s] INFO:colcon.colcon_core.shell:Creating package script '/home/javierfr/Tesis_ws/V1/install/gazebo_plugin_sim/share/gazebo_plugin_sim/package.ps1'
[10.614s] INFO:colcon.colcon_core.shell:Creating package descriptor '/home/javierfr/Tesis_ws/V1/install/gazebo_plugin_sim/share/gazebo_plugin_sim/package.dsv'
[10.614s] INFO:colcon.colcon_core.shell:Creating package script '/home/javierfr/Tesis_ws/V1/install/gazebo_plugin_sim/share/gazebo_plugin_sim/package.sh'
[10.615s] INFO:colcon.colcon_core.shell:Creating package script '/home/javierfr/Tesis_ws/V1/install/gazebo_plugin_sim/share/gazebo_plugin_sim/package.bash'
[10.615s] INFO:colcon.colcon_core.shell:Creating package script '/home/javierfr/Tesis_ws/V1/install/gazebo_plugin_sim/share/gazebo_plugin_sim/package.zsh'
[10.615s] Level 1:colcon.colcon_core.environment:create_file_with_runtime_dependencies(/home/javierfr/Tesis_ws/V1/install/gazebo_plugin_sim/share/colcon-core/packages/gazebo_plugin_sim)
[10.615s] DEBUG:colcon.colcon_parallel_executor.executor.parallel:closing loop
[10.616s] DEBUG:colcon.colcon_parallel_executor.executor.parallel:loop closed
[10.616s] DEBUG:colcon.colcon_parallel_executor.executor.parallel:run_until_complete finished with '0'
[10.616s] DEBUG:colcon.colcon_core.event_reactor:joining thread
[10.620s] INFO:colcon.colcon_core.plugin_system:Skipping extension 'colcon_notification.desktop_notification.terminal_notifier': Not used on non-Darwin systems
[10.620s] INFO:colcon.colcon_core.plugin_system:Skipping extension 'colcon_notification.desktop_notification.win32': Not used on non-Windows systems
[10.620s] INFO:colcon.colcon_notification.desktop_notification:Sending desktop notification using 'notify2'
[10.631s] DEBUG:colcon.colcon_core.event_reactor:joined thread
[10.631s] INFO:colcon.colcon_core.shell:Creating prefix script '/home/javierfr/Tesis_ws/V1/install/local_setup.ps1'
[10.632s] INFO:colcon.colcon_core.shell:Creating prefix util module '/home/javierfr/Tesis_ws/V1/install/_local_setup_util_ps1.py'
[10.633s] INFO:colcon.colcon_core.shell:Creating prefix chain script '/home/javierfr/Tesis_ws/V1/install/setup.ps1'
[10.634s] INFO:colcon.colcon_core.shell:Creating prefix script '/home/javierfr/Tesis_ws/V1/install/local_setup.sh'
[10.635s] INFO:colcon.colcon_core.shell:Creating prefix util module '/home/javierfr/Tesis_ws/V1/install/_local_setup_util_sh.py'
[10.635s] INFO:colcon.colcon_core.shell:Creating prefix chain script '/home/javierfr/Tesis_ws/V1/install/setup.sh'
[10.636s] INFO:colcon.colcon_core.shell:Creating prefix script '/home/javierfr/Tesis_ws/V1/install/local_setup.bash'
[10.637s] INFO:colcon.colcon_core.shell:Creating prefix chain script '/home/javierfr/Tesis_ws/V1/install/setup.bash'
[10.638s] INFO:colcon.colcon_core.shell:Creating prefix script '/home/javierfr/Tesis_ws/V1/install/local_setup.zsh'
[10.639s] INFO:colcon.colcon_core.shell:Creating prefix chain script '/home/javierfr/Tesis_ws/V1/install/setup.zsh'
