[0.149s] DEBUG:colcon:Command line arguments: ['/usr/bin/colcon', 'build']
[0.149s] DEBUG:colcon:Parsed command line arguments: Namespace(allow_overriding=[], ament_cmake_args=None, base_paths=['.'], build_base='build', catkin_cmake_args=None, catkin_skip_building_tests=False, cmake_args=None, cmake_clean_cache=False, cmake_clean_first=False, cmake_force_configure=False, cmake_target=None, cmake_target_skip_unavailable=False, continue_on_error=False, event_handlers=None, executor='parallel', ignore_user_meta=False, install_base='install', log_base=None, log_level=None, main=<bound method BuildVerb.main of <colcon_core.verb.build.BuildVerb object at 0x7f2047989d30>>, merge_install=False, metas=['./colcon.meta'], packages_above=None, packages_above_and_dependencies=None, packages_above_depth=None, packages_end=None, packages_ignore=None, packages_ignore_regex=None, packages_select=None, packages_select_build_failed=False, packages_select_by_dep=None, packages_select_regex=None, packages_select_test_failures=False, packages_skip=None, packages_skip_build_finished=False, packages_skip_by_dep=None, packages_skip_regex=None, packages_skip_test_passed=False, packages_skip_up_to=None, packages_start=None, packages_up_to=None, packages_up_to_regex=None, parallel_workers=8, paths=None, symlink_install=False, test_result_base=None, verb_extension=<colcon_core.verb.build.BuildVerb object at 0x7f2047989d30>, verb_name='build', verb_parser=<colcon_defaults.argument_parser.defaults.DefaultArgumentsDecorator object at 0x7f204791a2e0>)
[0.174s] Level 1:colcon.colcon_core.package_discovery:discover_packages(colcon_meta) check parameters
[0.174s] Level 1:colcon.colcon_core.package_discovery:discover_packages(recursive) check parameters
[0.174s] Level 1:colcon.colcon_core.package_discovery:discover_packages(ignore) check parameters
[0.174s] Level 1:colcon.colcon_core.package_discovery:discover_packages(path) check parameters
[0.174s] Level 1:colcon.colcon_core.package_discovery:discover_packages(colcon_meta) discover
[0.175s] Level 1:colcon.colcon_core.package_discovery:discover_packages(recursive) discover
[0.175s] INFO:colcon.colcon_core.package_discovery:Crawling recursively for packages in '/home/javierfr/Robotics_Cyber_Physical_LAB'
[0.175s] Level 1:colcon.colcon_core.package_identification:_identify(.) by extensions ['ignore', 'ignore_ament_install']
[0.175s] Level 1:colcon.colcon_core.package_identification:_identify(.) by extension 'ignore'
[0.175s] Level 1:colcon.colcon_core.package_identification:_identify(.) by extension 'ignore_ament_install'
[0.175s] Level 1:colcon.colcon_core.package_identification:_identify(.) by extensions ['colcon_pkg']
[0.175s] Level 1:colcon.colcon_core.package_identification:_identify(.) by extension 'colcon_pkg'
[0.175s] Level 1:colcon.colcon_core.package_identification:_identify(.) by extensions ['colcon_meta']
[0.175s] Level 1:colcon.colcon_core.package_identification:_identify(.) by extension 'colcon_meta'
[0.175s] Level 1:colcon.colcon_core.package_identification:_identify(.) by extensions ['ros']
[0.175s] Level 1:colcon.colcon_core.package_identification:_identify(.) by extension 'ros'
[0.186s] Level 1:colcon.colcon_core.package_identification:_identify(.) by extensions ['cmake', 'python']
[0.186s] Level 1:colcon.colcon_core.package_identification:_identify(.) by extension 'cmake'
[0.186s] Level 1:colcon.colcon_core.package_identification:_identify(.) by extension 'python'
[0.186s] Level 1:colcon.colcon_core.package_identification:_identify(.) by extensions ['python_setup_py']
[0.186s] Level 1:colcon.colcon_core.package_identification:_identify(.) by extension 'python_setup_py'
[0.186s] Level 1:colcon.colcon_core.package_identification:_identify(build) by extensions ['ignore', 'ignore_ament_install']
[0.186s] Level 1:colcon.colcon_core.package_identification:_identify(build) by extension 'ignore'
[0.186s] Level 1:colcon.colcon_core.package_identification:_identify(build) ignored
[0.186s] Level 1:colcon.colcon_core.package_identification:_identify(install) by extensions ['ignore', 'ignore_ament_install']
[0.186s] Level 1:colcon.colcon_core.package_identification:_identify(install) by extension 'ignore'
[0.186s] Level 1:colcon.colcon_core.package_identification:_identify(install) ignored
[0.187s] Level 1:colcon.colcon_core.package_identification:_identify(log) by extensions ['ignore', 'ignore_ament_install']
[0.187s] Level 1:colcon.colcon_core.package_identification:_identify(log) by extension 'ignore'
[0.187s] Level 1:colcon.colcon_core.package_identification:_identify(log) ignored
[0.187s] Level 1:colcon.colcon_core.package_identification:_identify(src) by extensions ['ignore', 'ignore_ament_install']
[0.187s] Level 1:colcon.colcon_core.package_identification:_identify(src) by extension 'ignore'
[0.187s] Level 1:colcon.colcon_core.package_identification:_identify(src) by extension 'ignore_ament_install'
[0.187s] Level 1:colcon.colcon_core.package_identification:_identify(src) by extensions ['colcon_pkg']
[0.187s] Level 1:colcon.colcon_core.package_identification:_identify(src) by extension 'colcon_pkg'
[0.187s] Level 1:colcon.colcon_core.package_identification:_identify(src) by extensions ['colcon_meta']
[0.187s] Level 1:colcon.colcon_core.package_identification:_identify(src) by extension 'colcon_meta'
[0.187s] Level 1:colcon.colcon_core.package_identification:_identify(src) by extensions ['ros']
[0.187s] Level 1:colcon.colcon_core.package_identification:_identify(src) by extension 'ros'
[0.187s] Level 1:colcon.colcon_core.package_identification:_identify(src) by extensions ['cmake', 'python']
[0.187s] Level 1:colcon.colcon_core.package_identification:_identify(src) by extension 'cmake'
[0.187s] Level 1:colcon.colcon_core.package_identification:_identify(src) by extension 'python'
[0.187s] Level 1:colcon.colcon_core.package_identification:_identify(src) by extensions ['python_setup_py']
[0.187s] Level 1:colcon.colcon_core.package_identification:_identify(src) by extension 'python_setup_py'
[0.187s] Level 1:colcon.colcon_core.package_identification:_identify(src/Aruco_Calibration) by extensions ['ignore', 'ignore_ament_install']
[0.188s] Level 1:colcon.colcon_core.package_identification:_identify(src/Aruco_Calibration) by extension 'ignore'
[0.188s] Level 1:colcon.colcon_core.package_identification:_identify(src/Aruco_Calibration) by extension 'ignore_ament_install'
[0.188s] Level 1:colcon.colcon_core.package_identification:_identify(src/Aruco_Calibration) by extensions ['colcon_pkg']
[0.188s] Level 1:colcon.colcon_core.package_identification:_identify(src/Aruco_Calibration) by extension 'colcon_pkg'
[0.188s] Level 1:colcon.colcon_core.package_identification:_identify(src/Aruco_Calibration) by extensions ['colcon_meta']
[0.188s] Level 1:colcon.colcon_core.package_identification:_identify(src/Aruco_Calibration) by extension 'colcon_meta'
[0.188s] Level 1:colcon.colcon_core.package_identification:_identify(src/Aruco_Calibration) by extensions ['ros']
[0.188s] Level 1:colcon.colcon_core.package_identification:_identify(src/Aruco_Calibration) by extension 'ros'
[0.188s] Level 1:colcon.colcon_core.package_identification:_identify(src/Aruco_Calibration) by extensions ['cmake', 'python']
[0.188s] Level 1:colcon.colcon_core.package_identification:_identify(src/Aruco_Calibration) by extension 'cmake'
[0.188s] Level 1:colcon.colcon_core.package_identification:_identify(src/Aruco_Calibration) by extension 'python'
[0.188s] Level 1:colcon.colcon_core.package_identification:_identify(src/Aruco_Calibration) by extensions ['python_setup_py']
[0.188s] Level 1:colcon.colcon_core.package_identification:_identify(src/Aruco_Calibration) by extension 'python_setup_py'
[0.188s] Level 1:colcon.colcon_core.package_identification:_identify(src/Aruco_Calibration/CMakeFiles) by extensions ['ignore', 'ignore_ament_install']
[0.188s] Level 1:colcon.colcon_core.package_identification:_identify(src/Aruco_Calibration/CMakeFiles) by extension 'ignore'
[0.188s] Level 1:colcon.colcon_core.package_identification:_identify(src/Aruco_Calibration/CMakeFiles) by extension 'ignore_ament_install'
[0.188s] Level 1:colcon.colcon_core.package_identification:_identify(src/Aruco_Calibration/CMakeFiles) by extensions ['colcon_pkg']
[0.189s] Level 1:colcon.colcon_core.package_identification:_identify(src/Aruco_Calibration/CMakeFiles) by extension 'colcon_pkg'
[0.189s] Level 1:colcon.colcon_core.package_identification:_identify(src/Aruco_Calibration/CMakeFiles) by extensions ['colcon_meta']
[0.189s] Level 1:colcon.colcon_core.package_identification:_identify(src/Aruco_Calibration/CMakeFiles) by extension 'colcon_meta'
[0.189s] Level 1:colcon.colcon_core.package_identification:_identify(src/Aruco_Calibration/CMakeFiles) by extensions ['ros']
[0.189s] Level 1:colcon.colcon_core.package_identification:_identify(src/Aruco_Calibration/CMakeFiles) by extension 'ros'
[0.189s] Level 1:colcon.colcon_core.package_identification:_identify(src/Aruco_Calibration/CMakeFiles) by extensions ['cmake', 'python']
[0.189s] Level 1:colcon.colcon_core.package_identification:_identify(src/Aruco_Calibration/CMakeFiles) by extension 'cmake'
[0.189s] Level 1:colcon.colcon_core.package_identification:_identify(src/Aruco_Calibration/CMakeFiles) by extension 'python'
[0.189s] Level 1:colcon.colcon_core.package_identification:_identify(src/Aruco_Calibration/CMakeFiles) by extensions ['python_setup_py']
[0.189s] Level 1:colcon.colcon_core.package_identification:_identify(src/Aruco_Calibration/CMakeFiles) by extension 'python_setup_py'
[0.189s] Level 1:colcon.colcon_core.package_identification:_identify(src/Aruco_Calibration/CMakeFiles/3.16.3) by extensions ['ignore', 'ignore_ament_install']
[0.189s] Level 1:colcon.colcon_core.package_identification:_identify(src/Aruco_Calibration/CMakeFiles/3.16.3) by extension 'ignore'
[0.189s] Level 1:colcon.colcon_core.package_identification:_identify(src/Aruco_Calibration/CMakeFiles/3.16.3) by extension 'ignore_ament_install'
[0.189s] Level 1:colcon.colcon_core.package_identification:_identify(src/Aruco_Calibration/CMakeFiles/3.16.3) by extensions ['colcon_pkg']
[0.189s] Level 1:colcon.colcon_core.package_identification:_identify(src/Aruco_Calibration/CMakeFiles/3.16.3) by extension 'colcon_pkg'
[0.189s] Level 1:colcon.colcon_core.package_identification:_identify(src/Aruco_Calibration/CMakeFiles/3.16.3) by extensions ['colcon_meta']
[0.189s] Level 1:colcon.colcon_core.package_identification:_identify(src/Aruco_Calibration/CMakeFiles/3.16.3) by extension 'colcon_meta'
[0.189s] Level 1:colcon.colcon_core.package_identification:_identify(src/Aruco_Calibration/CMakeFiles/3.16.3) by extensions ['ros']
[0.190s] Level 1:colcon.colcon_core.package_identification:_identify(src/Aruco_Calibration/CMakeFiles/3.16.3) by extension 'ros'
[0.190s] Level 1:colcon.colcon_core.package_identification:_identify(src/Aruco_Calibration/CMakeFiles/3.16.3) by extensions ['cmake', 'python']
[0.190s] Level 1:colcon.colcon_core.package_identification:_identify(src/Aruco_Calibration/CMakeFiles/3.16.3) by extension 'cmake'
[0.190s] Level 1:colcon.colcon_core.package_identification:_identify(src/Aruco_Calibration/CMakeFiles/3.16.3) by extension 'python'
[0.190s] Level 1:colcon.colcon_core.package_identification:_identify(src/Aruco_Calibration/CMakeFiles/3.16.3) by extensions ['python_setup_py']
[0.190s] Level 1:colcon.colcon_core.package_identification:_identify(src/Aruco_Calibration/CMakeFiles/3.16.3) by extension 'python_setup_py'
[0.190s] Level 1:colcon.colcon_core.package_identification:_identify(src/Aruco_Calibration/CMakeFiles/3.16.3/CompilerIdC) by extensions ['ignore', 'ignore_ament_install']
[0.190s] Level 1:colcon.colcon_core.package_identification:_identify(src/Aruco_Calibration/CMakeFiles/3.16.3/CompilerIdC) by extension 'ignore'
[0.190s] Level 1:colcon.colcon_core.package_identification:_identify(src/Aruco_Calibration/CMakeFiles/3.16.3/CompilerIdC) by extension 'ignore_ament_install'
[0.190s] Level 1:colcon.colcon_core.package_identification:_identify(src/Aruco_Calibration/CMakeFiles/3.16.3/CompilerIdC) by extensions ['colcon_pkg']
[0.190s] Level 1:colcon.colcon_core.package_identification:_identify(src/Aruco_Calibration/CMakeFiles/3.16.3/CompilerIdC) by extension 'colcon_pkg'
[0.190s] Level 1:colcon.colcon_core.package_identification:_identify(src/Aruco_Calibration/CMakeFiles/3.16.3/CompilerIdC) by extensions ['colcon_meta']
[0.190s] Level 1:colcon.colcon_core.package_identification:_identify(src/Aruco_Calibration/CMakeFiles/3.16.3/CompilerIdC) by extension 'colcon_meta'
[0.190s] Level 1:colcon.colcon_core.package_identification:_identify(src/Aruco_Calibration/CMakeFiles/3.16.3/CompilerIdC) by extensions ['ros']
[0.190s] Level 1:colcon.colcon_core.package_identification:_identify(src/Aruco_Calibration/CMakeFiles/3.16.3/CompilerIdC) by extension 'ros'
[0.190s] Level 1:colcon.colcon_core.package_identification:_identify(src/Aruco_Calibration/CMakeFiles/3.16.3/CompilerIdC) by extensions ['cmake', 'python']
[0.190s] Level 1:colcon.colcon_core.package_identification:_identify(src/Aruco_Calibration/CMakeFiles/3.16.3/CompilerIdC) by extension 'cmake'
[0.191s] Level 1:colcon.colcon_core.package_identification:_identify(src/Aruco_Calibration/CMakeFiles/3.16.3/CompilerIdC) by extension 'python'
[0.191s] Level 1:colcon.colcon_core.package_identification:_identify(src/Aruco_Calibration/CMakeFiles/3.16.3/CompilerIdC) by extensions ['python_setup_py']
[0.191s] Level 1:colcon.colcon_core.package_identification:_identify(src/Aruco_Calibration/CMakeFiles/3.16.3/CompilerIdC) by extension 'python_setup_py'
[0.191s] Level 1:colcon.colcon_core.package_identification:_identify(src/Aruco_Calibration/CMakeFiles/3.16.3/CompilerIdC/tmp) by extensions ['ignore', 'ignore_ament_install']
[0.191s] Level 1:colcon.colcon_core.package_identification:_identify(src/Aruco_Calibration/CMakeFiles/3.16.3/CompilerIdC/tmp) by extension 'ignore'
[0.191s] Level 1:colcon.colcon_core.package_identification:_identify(src/Aruco_Calibration/CMakeFiles/3.16.3/CompilerIdC/tmp) by extension 'ignore_ament_install'
[0.191s] Level 1:colcon.colcon_core.package_identification:_identify(src/Aruco_Calibration/CMakeFiles/3.16.3/CompilerIdC/tmp) by extensions ['colcon_pkg']
[0.191s] Level 1:colcon.colcon_core.package_identification:_identify(src/Aruco_Calibration/CMakeFiles/3.16.3/CompilerIdC/tmp) by extension 'colcon_pkg'
[0.191s] Level 1:colcon.colcon_core.package_identification:_identify(src/Aruco_Calibration/CMakeFiles/3.16.3/CompilerIdC/tmp) by extensions ['colcon_meta']
[0.191s] Level 1:colcon.colcon_core.package_identification:_identify(src/Aruco_Calibration/CMakeFiles/3.16.3/CompilerIdC/tmp) by extension 'colcon_meta'
[0.191s] Level 1:colcon.colcon_core.package_identification:_identify(src/Aruco_Calibration/CMakeFiles/3.16.3/CompilerIdC/tmp) by extensions ['ros']
[0.191s] Level 1:colcon.colcon_core.package_identification:_identify(src/Aruco_Calibration/CMakeFiles/3.16.3/CompilerIdC/tmp) by extension 'ros'
[0.191s] Level 1:colcon.colcon_core.package_identification:_identify(src/Aruco_Calibration/CMakeFiles/3.16.3/CompilerIdC/tmp) by extensions ['cmake', 'python']
[0.191s] Level 1:colcon.colcon_core.package_identification:_identify(src/Aruco_Calibration/CMakeFiles/3.16.3/CompilerIdC/tmp) by extension 'cmake'
[0.191s] Level 1:colcon.colcon_core.package_identification:_identify(src/Aruco_Calibration/CMakeFiles/3.16.3/CompilerIdC/tmp) by extension 'python'
[0.191s] Level 1:colcon.colcon_core.package_identification:_identify(src/Aruco_Calibration/CMakeFiles/3.16.3/CompilerIdC/tmp) by extensions ['python_setup_py']
[0.191s] Level 1:colcon.colcon_core.package_identification:_identify(src/Aruco_Calibration/CMakeFiles/3.16.3/CompilerIdC/tmp) by extension 'python_setup_py'
[0.191s] Level 1:colcon.colcon_core.package_identification:_identify(src/Aruco_Calibration/CMakeFiles/3.16.3/CompilerIdCXX) by extensions ['ignore', 'ignore_ament_install']
[0.192s] Level 1:colcon.colcon_core.package_identification:_identify(src/Aruco_Calibration/CMakeFiles/3.16.3/CompilerIdCXX) by extension 'ignore'
[0.192s] Level 1:colcon.colcon_core.package_identification:_identify(src/Aruco_Calibration/CMakeFiles/3.16.3/CompilerIdCXX) by extension 'ignore_ament_install'
[0.192s] Level 1:colcon.colcon_core.package_identification:_identify(src/Aruco_Calibration/CMakeFiles/3.16.3/CompilerIdCXX) by extensions ['colcon_pkg']
[0.192s] Level 1:colcon.colcon_core.package_identification:_identify(src/Aruco_Calibration/CMakeFiles/3.16.3/CompilerIdCXX) by extension 'colcon_pkg'
[0.192s] Level 1:colcon.colcon_core.package_identification:_identify(src/Aruco_Calibration/CMakeFiles/3.16.3/CompilerIdCXX) by extensions ['colcon_meta']
[0.192s] Level 1:colcon.colcon_core.package_identification:_identify(src/Aruco_Calibration/CMakeFiles/3.16.3/CompilerIdCXX) by extension 'colcon_meta'
[0.192s] Level 1:colcon.colcon_core.package_identification:_identify(src/Aruco_Calibration/CMakeFiles/3.16.3/CompilerIdCXX) by extensions ['ros']
[0.192s] Level 1:colcon.colcon_core.package_identification:_identify(src/Aruco_Calibration/CMakeFiles/3.16.3/CompilerIdCXX) by extension 'ros'
[0.192s] Level 1:colcon.colcon_core.package_identification:_identify(src/Aruco_Calibration/CMakeFiles/3.16.3/CompilerIdCXX) by extensions ['cmake', 'python']
[0.192s] Level 1:colcon.colcon_core.package_identification:_identify(src/Aruco_Calibration/CMakeFiles/3.16.3/CompilerIdCXX) by extension 'cmake'
[0.192s] Level 1:colcon.colcon_core.package_identification:_identify(src/Aruco_Calibration/CMakeFiles/3.16.3/CompilerIdCXX) by extension 'python'
[0.192s] Level 1:colcon.colcon_core.package_identification:_identify(src/Aruco_Calibration/CMakeFiles/3.16.3/CompilerIdCXX) by extensions ['python_setup_py']
[0.192s] Level 1:colcon.colcon_core.package_identification:_identify(src/Aruco_Calibration/CMakeFiles/3.16.3/CompilerIdCXX) by extension 'python_setup_py'
[0.192s] Level 1:colcon.colcon_core.package_identification:_identify(src/Aruco_Calibration/CMakeFiles/3.16.3/CompilerIdCXX/tmp) by extensions ['ignore', 'ignore_ament_install']
[0.192s] Level 1:colcon.colcon_core.package_identification:_identify(src/Aruco_Calibration/CMakeFiles/3.16.3/CompilerIdCXX/tmp) by extension 'ignore'
[0.192s] Level 1:colcon.colcon_core.package_identification:_identify(src/Aruco_Calibration/CMakeFiles/3.16.3/CompilerIdCXX/tmp) by extension 'ignore_ament_install'
[0.192s] Level 1:colcon.colcon_core.package_identification:_identify(src/Aruco_Calibration/CMakeFiles/3.16.3/CompilerIdCXX/tmp) by extensions ['colcon_pkg']
[0.192s] Level 1:colcon.colcon_core.package_identification:_identify(src/Aruco_Calibration/CMakeFiles/3.16.3/CompilerIdCXX/tmp) by extension 'colcon_pkg'
[0.192s] Level 1:colcon.colcon_core.package_identification:_identify(src/Aruco_Calibration/CMakeFiles/3.16.3/CompilerIdCXX/tmp) by extensions ['colcon_meta']
[0.193s] Level 1:colcon.colcon_core.package_identification:_identify(src/Aruco_Calibration/CMakeFiles/3.16.3/CompilerIdCXX/tmp) by extension 'colcon_meta'
[0.193s] Level 1:colcon.colcon_core.package_identification:_identify(src/Aruco_Calibration/CMakeFiles/3.16.3/CompilerIdCXX/tmp) by extensions ['ros']
[0.193s] Level 1:colcon.colcon_core.package_identification:_identify(src/Aruco_Calibration/CMakeFiles/3.16.3/CompilerIdCXX/tmp) by extension 'ros'
[0.193s] Level 1:colcon.colcon_core.package_identification:_identify(src/Aruco_Calibration/CMakeFiles/3.16.3/CompilerIdCXX/tmp) by extensions ['cmake', 'python']
[0.193s] Level 1:colcon.colcon_core.package_identification:_identify(src/Aruco_Calibration/CMakeFiles/3.16.3/CompilerIdCXX/tmp) by extension 'cmake'
[0.193s] Level 1:colcon.colcon_core.package_identification:_identify(src/Aruco_Calibration/CMakeFiles/3.16.3/CompilerIdCXX/tmp) by extension 'python'
[0.193s] Level 1:colcon.colcon_core.package_identification:_identify(src/Aruco_Calibration/CMakeFiles/3.16.3/CompilerIdCXX/tmp) by extensions ['python_setup_py']
[0.193s] Level 1:colcon.colcon_core.package_identification:_identify(src/Aruco_Calibration/CMakeFiles/3.16.3/CompilerIdCXX/tmp) by extension 'python_setup_py'
[0.193s] Level 1:colcon.colcon_core.package_identification:_identify(src/Aruco_Calibration/CMakeFiles/CMakeTmp) by extensions ['ignore', 'ignore_ament_install']
[0.193s] Level 1:colcon.colcon_core.package_identification:_identify(src/Aruco_Calibration/CMakeFiles/CMakeTmp) by extension 'ignore'
[0.193s] Level 1:colcon.colcon_core.package_identification:_identify(src/Aruco_Calibration/CMakeFiles/CMakeTmp) by extension 'ignore_ament_install'
[0.193s] Level 1:colcon.colcon_core.package_identification:_identify(src/Aruco_Calibration/CMakeFiles/CMakeTmp) by extensions ['colcon_pkg']
[0.193s] Level 1:colcon.colcon_core.package_identification:_identify(src/Aruco_Calibration/CMakeFiles/CMakeTmp) by extension 'colcon_pkg'
[0.193s] Level 1:colcon.colcon_core.package_identification:_identify(src/Aruco_Calibration/CMakeFiles/CMakeTmp) by extensions ['colcon_meta']
[0.193s] Level 1:colcon.colcon_core.package_identification:_identify(src/Aruco_Calibration/CMakeFiles/CMakeTmp) by extension 'colcon_meta'
[0.193s] Level 1:colcon.colcon_core.package_identification:_identify(src/Aruco_Calibration/CMakeFiles/CMakeTmp) by extensions ['ros']
[0.193s] Level 1:colcon.colcon_core.package_identification:_identify(src/Aruco_Calibration/CMakeFiles/CMakeTmp) by extension 'ros'
[0.193s] Level 1:colcon.colcon_core.package_identification:_identify(src/Aruco_Calibration/CMakeFiles/CMakeTmp) by extensions ['cmake', 'python']
[0.194s] Level 1:colcon.colcon_core.package_identification:_identify(src/Aruco_Calibration/CMakeFiles/CMakeTmp) by extension 'cmake'
[0.194s] Level 1:colcon.colcon_core.package_identification:_identify(src/Aruco_Calibration/CMakeFiles/CMakeTmp) by extension 'python'
[0.194s] Level 1:colcon.colcon_core.package_identification:_identify(src/Aruco_Calibration/CMakeFiles/CMakeTmp) by extensions ['python_setup_py']
[0.194s] Level 1:colcon.colcon_core.package_identification:_identify(src/Aruco_Calibration/CMakeFiles/CMakeTmp) by extension 'python_setup_py'
[0.194s] Level 1:colcon.colcon_core.package_identification:_identify(src/control_pkg) by extensions ['ignore', 'ignore_ament_install']
[0.194s] Level 1:colcon.colcon_core.package_identification:_identify(src/control_pkg) by extension 'ignore'
[0.194s] Level 1:colcon.colcon_core.package_identification:_identify(src/control_pkg) by extension 'ignore_ament_install'
[0.194s] Level 1:colcon.colcon_core.package_identification:_identify(src/control_pkg) by extensions ['colcon_pkg']
[0.194s] Level 1:colcon.colcon_core.package_identification:_identify(src/control_pkg) by extension 'colcon_pkg'
[0.194s] Level 1:colcon.colcon_core.package_identification:_identify(src/control_pkg) by extensions ['colcon_meta']
[0.194s] Level 1:colcon.colcon_core.package_identification:_identify(src/control_pkg) by extension 'colcon_meta'
[0.194s] Level 1:colcon.colcon_core.package_identification:_identify(src/control_pkg) by extensions ['ros']
[0.194s] Level 1:colcon.colcon_core.package_identification:_identify(src/control_pkg) by extension 'ros'
[0.197s] DEBUG:colcon.colcon_core.package_identification:Package 'src/control_pkg' with type 'ros.ament_cmake' and name 'control_pkg'
[0.197s] Level 1:colcon.colcon_core.package_identification:_identify(src/gazebo_plugin_sim) by extensions ['ignore', 'ignore_ament_install']
[0.197s] Level 1:colcon.colcon_core.package_identification:_identify(src/gazebo_plugin_sim) by extension 'ignore'
[0.197s] Level 1:colcon.colcon_core.package_identification:_identify(src/gazebo_plugin_sim) by extension 'ignore_ament_install'
[0.197s] Level 1:colcon.colcon_core.package_identification:_identify(src/gazebo_plugin_sim) by extensions ['colcon_pkg']
[0.197s] Level 1:colcon.colcon_core.package_identification:_identify(src/gazebo_plugin_sim) by extension 'colcon_pkg'
[0.197s] Level 1:colcon.colcon_core.package_identification:_identify(src/gazebo_plugin_sim) by extensions ['colcon_meta']
[0.197s] Level 1:colcon.colcon_core.package_identification:_identify(src/gazebo_plugin_sim) by extension 'colcon_meta'
[0.197s] Level 1:colcon.colcon_core.package_identification:_identify(src/gazebo_plugin_sim) by extensions ['ros']
[0.197s] Level 1:colcon.colcon_core.package_identification:_identify(src/gazebo_plugin_sim) by extension 'ros'
[0.199s] DEBUG:colcon.colcon_core.package_identification:Package 'src/gazebo_plugin_sim' with type 'ros.ament_cmake' and name 'gazebo_plugin_sim'
[0.199s] Level 1:colcon.colcon_core.package_identification:_identify(src/img_proc_pkg) by extensions ['ignore', 'ignore_ament_install']
[0.199s] Level 1:colcon.colcon_core.package_identification:_identify(src/img_proc_pkg) by extension 'ignore'
[0.199s] Level 1:colcon.colcon_core.package_identification:_identify(src/img_proc_pkg) by extension 'ignore_ament_install'
[0.199s] Level 1:colcon.colcon_core.package_identification:_identify(src/img_proc_pkg) by extensions ['colcon_pkg']
[0.199s] Level 1:colcon.colcon_core.package_identification:_identify(src/img_proc_pkg) by extension 'colcon_pkg'
[0.199s] Level 1:colcon.colcon_core.package_identification:_identify(src/img_proc_pkg) by extensions ['colcon_meta']
[0.199s] Level 1:colcon.colcon_core.package_identification:_identify(src/img_proc_pkg) by extension 'colcon_meta'
[0.199s] Level 1:colcon.colcon_core.package_identification:_identify(src/img_proc_pkg) by extensions ['ros']
[0.199s] Level 1:colcon.colcon_core.package_identification:_identify(src/img_proc_pkg) by extension 'ros'
[0.200s] DEBUG:colcon.colcon_core.package_identification:Package 'src/img_proc_pkg' with type 'ros.ament_cmake' and name 'img_proc_pkg'
[0.200s] Level 1:colcon.colcon_core.package_identification:_identify(src/interfaces) by extensions ['ignore', 'ignore_ament_install']
[0.200s] Level 1:colcon.colcon_core.package_identification:_identify(src/interfaces) by extension 'ignore'
[0.200s] Level 1:colcon.colcon_core.package_identification:_identify(src/interfaces) by extension 'ignore_ament_install'
[0.200s] Level 1:colcon.colcon_core.package_identification:_identify(src/interfaces) by extensions ['colcon_pkg']
[0.200s] Level 1:colcon.colcon_core.package_identification:_identify(src/interfaces) by extension 'colcon_pkg'
[0.200s] Level 1:colcon.colcon_core.package_identification:_identify(src/interfaces) by extensions ['colcon_meta']
[0.200s] Level 1:colcon.colcon_core.package_identification:_identify(src/interfaces) by extension 'colcon_meta'
[0.200s] Level 1:colcon.colcon_core.package_identification:_identify(src/interfaces) by extensions ['ros']
[0.200s] Level 1:colcon.colcon_core.package_identification:_identify(src/interfaces) by extension 'ros'
[0.201s] DEBUG:colcon.colcon_core.package_identification:Package 'src/interfaces' with type 'ros.ament_cmake' and name 'interfaces'
[0.201s] Level 1:colcon.colcon_core.package_identification:_identify(src/inv_kinematics_pkg) by extensions ['ignore', 'ignore_ament_install']
[0.201s] Level 1:colcon.colcon_core.package_identification:_identify(src/inv_kinematics_pkg) by extension 'ignore'
[0.201s] Level 1:colcon.colcon_core.package_identification:_identify(src/inv_kinematics_pkg) by extension 'ignore_ament_install'
[0.201s] Level 1:colcon.colcon_core.package_identification:_identify(src/inv_kinematics_pkg) by extensions ['colcon_pkg']
[0.201s] Level 1:colcon.colcon_core.package_identification:_identify(src/inv_kinematics_pkg) by extension 'colcon_pkg'
[0.201s] Level 1:colcon.colcon_core.package_identification:_identify(src/inv_kinematics_pkg) by extensions ['colcon_meta']
[0.201s] Level 1:colcon.colcon_core.package_identification:_identify(src/inv_kinematics_pkg) by extension 'colcon_meta'
[0.201s] Level 1:colcon.colcon_core.package_identification:_identify(src/inv_kinematics_pkg) by extensions ['ros']
[0.201s] Level 1:colcon.colcon_core.package_identification:_identify(src/inv_kinematics_pkg) by extension 'ros'
[0.202s] DEBUG:colcon.colcon_core.package_identification:Package 'src/inv_kinematics_pkg' with type 'ros.ament_cmake' and name 'inv_kinematics_pkg'
[0.202s] Level 1:colcon.colcon_core.package_discovery:discover_packages(recursive) using defaults
[0.202s] Level 1:colcon.colcon_core.package_discovery:discover_packages(ignore) discover
[0.202s] Level 1:colcon.colcon_core.package_discovery:discover_packages(ignore) using defaults
[0.202s] Level 1:colcon.colcon_core.package_discovery:discover_packages(path) discover
[0.202s] Level 1:colcon.colcon_core.package_discovery:discover_packages(path) using defaults
[0.232s] Level 1:colcon.colcon_core.package_discovery:discover_packages(prefix_path) check parameters
[0.232s] Level 1:colcon.colcon_core.package_discovery:discover_packages(prefix_path) discover
[0.235s] DEBUG:colcon.colcon_installed_package_information.package_discovery:Found 5 installed packages in /home/javierfr/Robotics_Cyber_Physical_LAB/install
[0.237s] DEBUG:colcon.colcon_installed_package_information.package_discovery:Found 268 installed packages in /opt/ros/foxy
[0.238s] Level 1:colcon.colcon_core.package_discovery:discover_packages(prefix_path) using defaults
[0.309s] Level 5:colcon.colcon_core.verb:set package 'gazebo_plugin_sim' build argument 'cmake_args' from command line to 'None'
[0.309s] Level 5:colcon.colcon_core.verb:set package 'gazebo_plugin_sim' build argument 'cmake_target' from command line to 'None'
[0.309s] Level 5:colcon.colcon_core.verb:set package 'gazebo_plugin_sim' build argument 'cmake_target_skip_unavailable' from command line to 'False'
[0.309s] Level 5:colcon.colcon_core.verb:set package 'gazebo_plugin_sim' build argument 'cmake_clean_cache' from command line to 'False'
[0.309s] Level 5:colcon.colcon_core.verb:set package 'gazebo_plugin_sim' build argument 'cmake_clean_first' from command line to 'False'
[0.309s] Level 5:colcon.colcon_core.verb:set package 'gazebo_plugin_sim' build argument 'cmake_force_configure' from command line to 'False'
[0.309s] Level 5:colcon.colcon_core.verb:set package 'gazebo_plugin_sim' build argument 'ament_cmake_args' from command line to 'None'
[0.309s] Level 5:colcon.colcon_core.verb:set package 'gazebo_plugin_sim' build argument 'catkin_cmake_args' from command line to 'None'
[0.309s] Level 5:colcon.colcon_core.verb:set package 'gazebo_plugin_sim' build argument 'catkin_skip_building_tests' from command line to 'False'
[0.309s] DEBUG:colcon.colcon_core.verb:Building package 'gazebo_plugin_sim' with the following arguments: {'ament_cmake_args': None, 'build_base': '/home/javierfr/Robotics_Cyber_Physical_LAB/build/gazebo_plugin_sim', 'catkin_cmake_args': None, 'catkin_skip_building_tests': False, 'cmake_args': None, 'cmake_clean_cache': False, 'cmake_clean_first': False, 'cmake_force_configure': False, 'cmake_target': None, 'cmake_target_skip_unavailable': False, 'install_base': '/home/javierfr/Robotics_Cyber_Physical_LAB/install/gazebo_plugin_sim', 'merge_install': False, 'path': '/home/javierfr/Robotics_Cyber_Physical_LAB/src/gazebo_plugin_sim', 'symlink_install': False, 'test_result_base': None}
[0.310s] Level 5:colcon.colcon_core.verb:set package 'img_proc_pkg' build argument 'cmake_args' from command line to 'None'
[0.310s] Level 5:colcon.colcon_core.verb:set package 'img_proc_pkg' build argument 'cmake_target' from command line to 'None'
[0.310s] Level 5:colcon.colcon_core.verb:set package 'img_proc_pkg' build argument 'cmake_target_skip_unavailable' from command line to 'False'
[0.311s] Level 5:colcon.colcon_core.verb:set package 'img_proc_pkg' build argument 'cmake_clean_cache' from command line to 'False'
[0.311s] Level 5:colcon.colcon_core.verb:set package 'img_proc_pkg' build argument 'cmake_clean_first' from command line to 'False'
[0.311s] Level 5:colcon.colcon_core.verb:set package 'img_proc_pkg' build argument 'cmake_force_configure' from command line to 'False'
[0.311s] Level 5:colcon.colcon_core.verb:set package 'img_proc_pkg' build argument 'ament_cmake_args' from command line to 'None'
[0.311s] Level 5:colcon.colcon_core.verb:set package 'img_proc_pkg' build argument 'catkin_cmake_args' from command line to 'None'
[0.311s] Level 5:colcon.colcon_core.verb:set package 'img_proc_pkg' build argument 'catkin_skip_building_tests' from command line to 'False'
[0.311s] DEBUG:colcon.colcon_core.verb:Building package 'img_proc_pkg' with the following arguments: {'ament_cmake_args': None, 'build_base': '/home/javierfr/Robotics_Cyber_Physical_LAB/build/img_proc_pkg', 'catkin_cmake_args': None, 'catkin_skip_building_tests': False, 'cmake_args': None, 'cmake_clean_cache': False, 'cmake_clean_first': False, 'cmake_force_configure': False, 'cmake_target': None, 'cmake_target_skip_unavailable': False, 'install_base': '/home/javierfr/Robotics_Cyber_Physical_LAB/install/img_proc_pkg', 'merge_install': False, 'path': '/home/javierfr/Robotics_Cyber_Physical_LAB/src/img_proc_pkg', 'symlink_install': False, 'test_result_base': None}
[0.312s] Level 5:colcon.colcon_core.verb:set package 'interfaces' build argument 'cmake_args' from command line to 'None'
[0.312s] Level 5:colcon.colcon_core.verb:set package 'interfaces' build argument 'cmake_target' from command line to 'None'
[0.312s] Level 5:colcon.colcon_core.verb:set package 'interfaces' build argument 'cmake_target_skip_unavailable' from command line to 'False'
[0.312s] Level 5:colcon.colcon_core.verb:set package 'interfaces' build argument 'cmake_clean_cache' from command line to 'False'
[0.312s] Level 5:colcon.colcon_core.verb:set package 'interfaces' build argument 'cmake_clean_first' from command line to 'False'
[0.312s] Level 5:colcon.colcon_core.verb:set package 'interfaces' build argument 'cmake_force_configure' from command line to 'False'
[0.312s] Level 5:colcon.colcon_core.verb:set package 'interfaces' build argument 'ament_cmake_args' from command line to 'None'
[0.312s] Level 5:colcon.colcon_core.verb:set package 'interfaces' build argument 'catkin_cmake_args' from command line to 'None'
[0.312s] Level 5:colcon.colcon_core.verb:set package 'interfaces' build argument 'catkin_skip_building_tests' from command line to 'False'
[0.312s] DEBUG:colcon.colcon_core.verb:Building package 'interfaces' with the following arguments: {'ament_cmake_args': None, 'build_base': '/home/javierfr/Robotics_Cyber_Physical_LAB/build/interfaces', 'catkin_cmake_args': None, 'catkin_skip_building_tests': False, 'cmake_args': None, 'cmake_clean_cache': False, 'cmake_clean_first': False, 'cmake_force_configure': False, 'cmake_target': None, 'cmake_target_skip_unavailable': False, 'install_base': '/home/javierfr/Robotics_Cyber_Physical_LAB/install/interfaces', 'merge_install': False, 'path': '/home/javierfr/Robotics_Cyber_Physical_LAB/src/interfaces', 'symlink_install': False, 'test_result_base': None}
[0.313s] Level 5:colcon.colcon_core.verb:set package 'control_pkg' build argument 'cmake_args' from command line to 'None'
[0.313s] Level 5:colcon.colcon_core.verb:set package 'control_pkg' build argument 'cmake_target' from command line to 'None'
[0.313s] Level 5:colcon.colcon_core.verb:set package 'control_pkg' build argument 'cmake_target_skip_unavailable' from command line to 'False'
[0.313s] Level 5:colcon.colcon_core.verb:set package 'control_pkg' build argument 'cmake_clean_cache' from command line to 'False'
[0.313s] Level 5:colcon.colcon_core.verb:set package 'control_pkg' build argument 'cmake_clean_first' from command line to 'False'
[0.313s] Level 5:colcon.colcon_core.verb:set package 'control_pkg' build argument 'cmake_force_configure' from command line to 'False'
[0.313s] Level 5:colcon.colcon_core.verb:set package 'control_pkg' build argument 'ament_cmake_args' from command line to 'None'
[0.313s] Level 5:colcon.colcon_core.verb:set package 'control_pkg' build argument 'catkin_cmake_args' from command line to 'None'
[0.313s] Level 5:colcon.colcon_core.verb:set package 'control_pkg' build argument 'catkin_skip_building_tests' from command line to 'False'
[0.313s] DEBUG:colcon.colcon_core.verb:Building package 'control_pkg' with the following arguments: {'ament_cmake_args': None, 'build_base': '/home/javierfr/Robotics_Cyber_Physical_LAB/build/control_pkg', 'catkin_cmake_args': None, 'catkin_skip_building_tests': False, 'cmake_args': None, 'cmake_clean_cache': False, 'cmake_clean_first': False, 'cmake_force_configure': False, 'cmake_target': None, 'cmake_target_skip_unavailable': False, 'install_base': '/home/javierfr/Robotics_Cyber_Physical_LAB/install/control_pkg', 'merge_install': False, 'path': '/home/javierfr/Robotics_Cyber_Physical_LAB/src/control_pkg', 'symlink_install': False, 'test_result_base': None}
[0.314s] Level 5:colcon.colcon_core.verb:set package 'inv_kinematics_pkg' build argument 'cmake_args' from command line to 'None'
[0.314s] Level 5:colcon.colcon_core.verb:set package 'inv_kinematics_pkg' build argument 'cmake_target' from command line to 'None'
[0.314s] Level 5:colcon.colcon_core.verb:set package 'inv_kinematics_pkg' build argument 'cmake_target_skip_unavailable' from command line to 'False'
[0.314s] Level 5:colcon.colcon_core.verb:set package 'inv_kinematics_pkg' build argument 'cmake_clean_cache' from command line to 'False'
[0.314s] Level 5:colcon.colcon_core.verb:set package 'inv_kinematics_pkg' build argument 'cmake_clean_first' from command line to 'False'
[0.314s] Level 5:colcon.colcon_core.verb:set package 'inv_kinematics_pkg' build argument 'cmake_force_configure' from command line to 'False'
[0.314s] Level 5:colcon.colcon_core.verb:set package 'inv_kinematics_pkg' build argument 'ament_cmake_args' from command line to 'None'
[0.314s] Level 5:colcon.colcon_core.verb:set package 'inv_kinematics_pkg' build argument 'catkin_cmake_args' from command line to 'None'
[0.314s] Level 5:colcon.colcon_core.verb:set package 'inv_kinematics_pkg' build argument 'catkin_skip_building_tests' from command line to 'False'
[0.314s] DEBUG:colcon.colcon_core.verb:Building package 'inv_kinematics_pkg' with the following arguments: {'ament_cmake_args': None, 'build_base': '/home/javierfr/Robotics_Cyber_Physical_LAB/build/inv_kinematics_pkg', 'catkin_cmake_args': None, 'catkin_skip_building_tests': False, 'cmake_args': None, 'cmake_clean_cache': False, 'cmake_clean_first': False, 'cmake_force_configure': False, 'cmake_target': None, 'cmake_target_skip_unavailable': False, 'install_base': '/home/javierfr/Robotics_Cyber_Physical_LAB/install/inv_kinematics_pkg', 'merge_install': False, 'path': '/home/javierfr/Robotics_Cyber_Physical_LAB/src/inv_kinematics_pkg', 'symlink_install': False, 'test_result_base': None}
[0.315s] INFO:colcon.colcon_core.executor:Executing jobs using 'parallel' executor
[0.319s] DEBUG:colcon.colcon_parallel_executor.executor.parallel:run_until_complete
[0.320s] INFO:colcon.colcon_ros.task.ament_cmake.build:Building ROS package in '/home/javierfr/Robotics_Cyber_Physical_LAB/src/interfaces' with build type 'ament_cmake'
[0.320s] INFO:colcon.colcon_cmake.task.cmake.build:Building CMake package in '/home/javierfr/Robotics_Cyber_Physical_LAB/src/interfaces'
[0.324s] INFO:colcon.colcon_core.plugin_system:Skipping extension 'colcon_core.shell.bat': Not used on non-Windows systems
[0.324s] INFO:colcon.colcon_core.shell:Skip shell extension 'powershell' for command environment: Not usable outside of PowerShell
[0.324s] DEBUG:colcon.colcon_core.shell:Skip shell extension 'dsv' for command environment
[0.330s] INFO:colcon.colcon_ros.task.ament_cmake.build:Building ROS package in '/home/javierfr/Robotics_Cyber_Physical_LAB/src/gazebo_plugin_sim' with build type 'ament_cmake'
[0.331s] INFO:colcon.colcon_cmake.task.cmake.build:Building CMake package in '/home/javierfr/Robotics_Cyber_Physical_LAB/src/gazebo_plugin_sim'
[0.333s] INFO:colcon.colcon_core.shell:Skip shell extension 'powershell' for command environment: Not usable outside of PowerShell
[0.333s] DEBUG:colcon.colcon_core.shell:Skip shell extension 'dsv' for command environment
[0.339s] INFO:colcon.colcon_ros.task.ament_cmake.build:Building ROS package in '/home/javierfr/Robotics_Cyber_Physical_LAB/src/img_proc_pkg' with build type 'ament_cmake'
[0.340s] INFO:colcon.colcon_cmake.task.cmake.build:Building CMake package in '/home/javierfr/Robotics_Cyber_Physical_LAB/src/img_proc_pkg'
[0.341s] INFO:colcon.colcon_core.shell:Skip shell extension 'powershell' for command environment: Not usable outside of PowerShell
[0.341s] DEBUG:colcon.colcon_core.shell:Skip shell extension 'dsv' for command environment
[0.355s] DEBUG:colcon.colcon_core.event_handler.log_command:Invoking command in '/home/javierfr/Robotics_Cyber_Physical_LAB/build/interfaces': CMAKE_PREFIX_PATH=${CMAKE_PREFIX_PATH}:/opt/ros/foxy /usr/bin/cmake --build /home/javierfr/Robotics_Cyber_Physical_LAB/build/interfaces -- -j8 -l8
[0.364s] DEBUG:colcon.colcon_core.event_handler.log_command:Invoking command in '/home/javierfr/Robotics_Cyber_Physical_LAB/build/gazebo_plugin_sim': CMAKE_PREFIX_PATH=${CMAKE_PREFIX_PATH}:/opt/ros/foxy /usr/bin/cmake --build /home/javierfr/Robotics_Cyber_Physical_LAB/build/gazebo_plugin_sim -- -j8 -l8
[0.374s] DEBUG:colcon.colcon_core.event_handler.log_command:Invoking command in '/home/javierfr/Robotics_Cyber_Physical_LAB/build/img_proc_pkg': CMAKE_PREFIX_PATH=${CMAKE_PREFIX_PATH}:/opt/ros/foxy /usr/bin/cmake --build /home/javierfr/Robotics_Cyber_Physical_LAB/build/img_proc_pkg -- -j8 -l8
[0.569s] DEBUG:colcon.colcon_core.event_handler.log_command:Invoked command in '/home/javierfr/Robotics_Cyber_Physical_LAB/build/gazebo_plugin_sim' returned '0': CMAKE_PREFIX_PATH=${CMAKE_PREFIX_PATH}:/opt/ros/foxy /usr/bin/cmake --build /home/javierfr/Robotics_Cyber_Physical_LAB/build/gazebo_plugin_sim -- -j8 -l8
[0.622s] DEBUG:colcon.colcon_core.event_handler.log_command:Invoking command in '/home/javierfr/Robotics_Cyber_Physical_LAB/build/gazebo_plugin_sim': CMAKE_PREFIX_PATH=${CMAKE_PREFIX_PATH}:/opt/ros/foxy /usr/bin/cmake --install /home/javierfr/Robotics_Cyber_Physical_LAB/build/gazebo_plugin_sim
[0.636s] Level 1:colcon.colcon_core.environment:create_environment_scripts_only(gazebo_plugin_sim)
[0.638s] DEBUG:colcon.colcon_core.event_handler.log_command:Invoked command in '/home/javierfr/Robotics_Cyber_Physical_LAB/build/gazebo_plugin_sim' returned '0': CMAKE_PREFIX_PATH=${CMAKE_PREFIX_PATH}:/opt/ros/foxy /usr/bin/cmake --install /home/javierfr/Robotics_Cyber_Physical_LAB/build/gazebo_plugin_sim
[0.642s] Level 1:colcon.colcon_core.environment:checking '/home/javierfr/Robotics_Cyber_Physical_LAB/install/gazebo_plugin_sim' for CMake module files
[0.643s] Level 1:colcon.colcon_core.environment:checking '/home/javierfr/Robotics_Cyber_Physical_LAB/install/gazebo_plugin_sim' for CMake config files
[0.643s] Level 1:colcon.colcon_core.shell:create_environment_hook('gazebo_plugin_sim', 'cmake_prefix_path')
[0.645s] INFO:colcon.colcon_core.shell:Creating environment hook '/home/javierfr/Robotics_Cyber_Physical_LAB/install/gazebo_plugin_sim/share/gazebo_plugin_sim/hook/cmake_prefix_path.ps1'
[0.645s] INFO:colcon.colcon_core.shell:Creating environment descriptor '/home/javierfr/Robotics_Cyber_Physical_LAB/install/gazebo_plugin_sim/share/gazebo_plugin_sim/hook/cmake_prefix_path.dsv'
[0.646s] INFO:colcon.colcon_core.shell:Creating environment hook '/home/javierfr/Robotics_Cyber_Physical_LAB/install/gazebo_plugin_sim/share/gazebo_plugin_sim/hook/cmake_prefix_path.sh'
[0.647s] Level 1:colcon.colcon_core.environment:checking '/home/javierfr/Robotics_Cyber_Physical_LAB/install/gazebo_plugin_sim/lib'
[0.647s] Level 1:colcon.colcon_core.shell:create_environment_hook('gazebo_plugin_sim', 'ld_library_path_lib')
[0.648s] INFO:colcon.colcon_core.shell:Creating environment hook '/home/javierfr/Robotics_Cyber_Physical_LAB/install/gazebo_plugin_sim/share/gazebo_plugin_sim/hook/ld_library_path_lib.ps1'
[0.649s] INFO:colcon.colcon_core.shell:Creating environment descriptor '/home/javierfr/Robotics_Cyber_Physical_LAB/install/gazebo_plugin_sim/share/gazebo_plugin_sim/hook/ld_library_path_lib.dsv'
[0.649s] INFO:colcon.colcon_core.shell:Creating environment hook '/home/javierfr/Robotics_Cyber_Physical_LAB/install/gazebo_plugin_sim/share/gazebo_plugin_sim/hook/ld_library_path_lib.sh'
[0.650s] Level 1:colcon.colcon_core.environment:checking '/home/javierfr/Robotics_Cyber_Physical_LAB/install/gazebo_plugin_sim/bin'
[0.650s] Level 1:colcon.colcon_core.environment:checking '/home/javierfr/Robotics_Cyber_Physical_LAB/install/gazebo_plugin_sim/lib/pkgconfig/gazebo_plugin_sim.pc'
[0.650s] Level 1:colcon.colcon_core.environment:checking '/home/javierfr/Robotics_Cyber_Physical_LAB/install/gazebo_plugin_sim/lib/python3.8/site-packages'
[0.651s] Level 1:colcon.colcon_core.environment:checking '/home/javierfr/Robotics_Cyber_Physical_LAB/install/gazebo_plugin_sim/bin'
[0.652s] INFO:colcon.colcon_core.shell:Creating package script '/home/javierfr/Robotics_Cyber_Physical_LAB/install/gazebo_plugin_sim/share/gazebo_plugin_sim/package.ps1'
[0.654s] INFO:colcon.colcon_core.shell:Creating package descriptor '/home/javierfr/Robotics_Cyber_Physical_LAB/install/gazebo_plugin_sim/share/gazebo_plugin_sim/package.dsv'
[0.655s] INFO:colcon.colcon_core.shell:Creating package script '/home/javierfr/Robotics_Cyber_Physical_LAB/install/gazebo_plugin_sim/share/gazebo_plugin_sim/package.sh'
[0.656s] INFO:colcon.colcon_core.shell:Creating package script '/home/javierfr/Robotics_Cyber_Physical_LAB/install/gazebo_plugin_sim/share/gazebo_plugin_sim/package.bash'
[0.657s] INFO:colcon.colcon_core.shell:Creating package script '/home/javierfr/Robotics_Cyber_Physical_LAB/install/gazebo_plugin_sim/share/gazebo_plugin_sim/package.zsh'
[0.659s] Level 1:colcon.colcon_core.environment:create_file_with_runtime_dependencies(/home/javierfr/Robotics_Cyber_Physical_LAB/install/gazebo_plugin_sim/share/colcon-core/packages/gazebo_plugin_sim)
[0.699s] DEBUG:colcon.colcon_core.event_handler.log_command:Invoked command in '/home/javierfr/Robotics_Cyber_Physical_LAB/build/interfaces' returned '0': CMAKE_PREFIX_PATH=${CMAKE_PREFIX_PATH}:/opt/ros/foxy /usr/bin/cmake --build /home/javierfr/Robotics_Cyber_Physical_LAB/build/interfaces -- -j8 -l8
[0.704s] Level 1:colcon.colcon_core.environment:create_environment_scripts_only(gazebo_plugin_sim)
[0.706s] Level 1:colcon.colcon_core.environment:checking '/home/javierfr/Robotics_Cyber_Physical_LAB/install/gazebo_plugin_sim' for CMake module files
[0.707s] Level 1:colcon.colcon_core.environment:checking '/home/javierfr/Robotics_Cyber_Physical_LAB/install/gazebo_plugin_sim' for CMake config files
[0.707s] Level 1:colcon.colcon_core.shell:create_environment_hook('gazebo_plugin_sim', 'cmake_prefix_path')
[0.708s] INFO:colcon.colcon_core.shell:Creating environment hook '/home/javierfr/Robotics_Cyber_Physical_LAB/install/gazebo_plugin_sim/share/gazebo_plugin_sim/hook/cmake_prefix_path.ps1'
[0.709s] INFO:colcon.colcon_core.shell:Creating environment descriptor '/home/javierfr/Robotics_Cyber_Physical_LAB/install/gazebo_plugin_sim/share/gazebo_plugin_sim/hook/cmake_prefix_path.dsv'
[0.709s] INFO:colcon.colcon_core.shell:Creating environment hook '/home/javierfr/Robotics_Cyber_Physical_LAB/install/gazebo_plugin_sim/share/gazebo_plugin_sim/hook/cmake_prefix_path.sh'
[0.710s] Level 1:colcon.colcon_core.environment:checking '/home/javierfr/Robotics_Cyber_Physical_LAB/install/gazebo_plugin_sim/lib'
[0.710s] Level 1:colcon.colcon_core.shell:create_environment_hook('gazebo_plugin_sim', 'ld_library_path_lib')
[0.711s] INFO:colcon.colcon_core.shell:Creating environment hook '/home/javierfr/Robotics_Cyber_Physical_LAB/install/gazebo_plugin_sim/share/gazebo_plugin_sim/hook/ld_library_path_lib.ps1'
[0.712s] INFO:colcon.colcon_core.shell:Creating environment descriptor '/home/javierfr/Robotics_Cyber_Physical_LAB/install/gazebo_plugin_sim/share/gazebo_plugin_sim/hook/ld_library_path_lib.dsv'
[0.712s] INFO:colcon.colcon_core.shell:Creating environment hook '/home/javierfr/Robotics_Cyber_Physical_LAB/install/gazebo_plugin_sim/share/gazebo_plugin_sim/hook/ld_library_path_lib.sh'
[0.712s] Level 1:colcon.colcon_core.environment:checking '/home/javierfr/Robotics_Cyber_Physical_LAB/install/gazebo_plugin_sim/bin'
[0.713s] Level 1:colcon.colcon_core.environment:checking '/home/javierfr/Robotics_Cyber_Physical_LAB/install/gazebo_plugin_sim/lib/pkgconfig/gazebo_plugin_sim.pc'
[0.713s] Level 1:colcon.colcon_core.environment:checking '/home/javierfr/Robotics_Cyber_Physical_LAB/install/gazebo_plugin_sim/lib/python3.8/site-packages'
[0.713s] Level 1:colcon.colcon_core.environment:checking '/home/javierfr/Robotics_Cyber_Physical_LAB/install/gazebo_plugin_sim/bin'
[0.715s] INFO:colcon.colcon_core.shell:Creating package script '/home/javierfr/Robotics_Cyber_Physical_LAB/install/gazebo_plugin_sim/share/gazebo_plugin_sim/package.ps1'
[0.715s] INFO:colcon.colcon_core.shell:Creating package descriptor '/home/javierfr/Robotics_Cyber_Physical_LAB/install/gazebo_plugin_sim/share/gazebo_plugin_sim/package.dsv'
[0.716s] INFO:colcon.colcon_core.shell:Creating package script '/home/javierfr/Robotics_Cyber_Physical_LAB/install/gazebo_plugin_sim/share/gazebo_plugin_sim/package.sh'
[0.716s] INFO:colcon.colcon_core.shell:Creating package script '/home/javierfr/Robotics_Cyber_Physical_LAB/install/gazebo_plugin_sim/share/gazebo_plugin_sim/package.bash'
[0.717s] INFO:colcon.colcon_core.shell:Creating package script '/home/javierfr/Robotics_Cyber_Physical_LAB/install/gazebo_plugin_sim/share/gazebo_plugin_sim/package.zsh'
[0.717s] Level 1:colcon.colcon_core.environment:create_file_with_runtime_dependencies(/home/javierfr/Robotics_Cyber_Physical_LAB/install/gazebo_plugin_sim/share/colcon-core/packages/gazebo_plugin_sim)
[0.870s] DEBUG:colcon.colcon_core.event_handler.log_command:Invoking command in '/home/javierfr/Robotics_Cyber_Physical_LAB/build/interfaces': CMAKE_PREFIX_PATH=${CMAKE_PREFIX_PATH}:/opt/ros/foxy /usr/bin/cmake --install /home/javierfr/Robotics_Cyber_Physical_LAB/build/interfaces
[0.934s] Level 1:colcon.colcon_core.environment:create_environment_scripts_only(interfaces)
[0.936s] Level 1:colcon.colcon_core.environment:checking '/home/javierfr/Robotics_Cyber_Physical_LAB/install/interfaces' for CMake module files
[0.937s] DEBUG:colcon.colcon_core.event_handler.log_command:Invoked command in '/home/javierfr/Robotics_Cyber_Physical_LAB/build/interfaces' returned '0': CMAKE_PREFIX_PATH=${CMAKE_PREFIX_PATH}:/opt/ros/foxy /usr/bin/cmake --install /home/javierfr/Robotics_Cyber_Physical_LAB/build/interfaces
[0.937s] Level 1:colcon.colcon_core.environment:checking '/home/javierfr/Robotics_Cyber_Physical_LAB/install/interfaces' for CMake config files
[0.938s] Level 1:colcon.colcon_core.shell:create_environment_hook('interfaces', 'cmake_prefix_path')
[0.939s] INFO:colcon.colcon_core.shell:Creating environment hook '/home/javierfr/Robotics_Cyber_Physical_LAB/install/interfaces/share/interfaces/hook/cmake_prefix_path.ps1'
[0.940s] INFO:colcon.colcon_core.shell:Creating environment descriptor '/home/javierfr/Robotics_Cyber_Physical_LAB/install/interfaces/share/interfaces/hook/cmake_prefix_path.dsv'
[0.940s] INFO:colcon.colcon_core.shell:Creating environment hook '/home/javierfr/Robotics_Cyber_Physical_LAB/install/interfaces/share/interfaces/hook/cmake_prefix_path.sh'
[0.941s] Level 1:colcon.colcon_core.environment:checking '/home/javierfr/Robotics_Cyber_Physical_LAB/install/interfaces/lib'
[0.941s] Level 1:colcon.colcon_core.shell:create_environment_hook('interfaces', 'ld_library_path_lib')
[0.942s] INFO:colcon.colcon_core.shell:Creating environment hook '/home/javierfr/Robotics_Cyber_Physical_LAB/install/interfaces/share/interfaces/hook/ld_library_path_lib.ps1'
[0.942s] INFO:colcon.colcon_core.shell:Creating environment descriptor '/home/javierfr/Robotics_Cyber_Physical_LAB/install/interfaces/share/interfaces/hook/ld_library_path_lib.dsv'
[0.943s] INFO:colcon.colcon_core.shell:Creating environment hook '/home/javierfr/Robotics_Cyber_Physical_LAB/install/interfaces/share/interfaces/hook/ld_library_path_lib.sh'
[0.943s] Level 1:colcon.colcon_core.environment:checking '/home/javierfr/Robotics_Cyber_Physical_LAB/install/interfaces/bin'
[0.943s] Level 1:colcon.colcon_core.environment:checking '/home/javierfr/Robotics_Cyber_Physical_LAB/install/interfaces/lib/pkgconfig/interfaces.pc'
[0.943s] Level 1:colcon.colcon_core.environment:checking '/home/javierfr/Robotics_Cyber_Physical_LAB/install/interfaces/lib/python3.8/site-packages'
[0.943s] Level 1:colcon.colcon_core.shell:create_environment_hook('interfaces', 'pythonpath')
[0.945s] INFO:colcon.colcon_core.shell:Creating environment hook '/home/javierfr/Robotics_Cyber_Physical_LAB/install/interfaces/share/interfaces/hook/pythonpath.ps1'
[0.945s] INFO:colcon.colcon_core.shell:Creating environment descriptor '/home/javierfr/Robotics_Cyber_Physical_LAB/install/interfaces/share/interfaces/hook/pythonpath.dsv'
[0.945s] INFO:colcon.colcon_core.shell:Creating environment hook '/home/javierfr/Robotics_Cyber_Physical_LAB/install/interfaces/share/interfaces/hook/pythonpath.sh'
[0.946s] Level 1:colcon.colcon_core.environment:checking '/home/javierfr/Robotics_Cyber_Physical_LAB/install/interfaces/bin'
[0.947s] INFO:colcon.colcon_core.shell:Creating package script '/home/javierfr/Robotics_Cyber_Physical_LAB/install/interfaces/share/interfaces/package.ps1'
[0.948s] INFO:colcon.colcon_core.shell:Creating package descriptor '/home/javierfr/Robotics_Cyber_Physical_LAB/install/interfaces/share/interfaces/package.dsv'
[0.948s] INFO:colcon.colcon_core.shell:Creating package script '/home/javierfr/Robotics_Cyber_Physical_LAB/install/interfaces/share/interfaces/package.sh'
[0.949s] INFO:colcon.colcon_core.shell:Creating package script '/home/javierfr/Robotics_Cyber_Physical_LAB/install/interfaces/share/interfaces/package.bash'
[0.949s] INFO:colcon.colcon_core.shell:Creating package script '/home/javierfr/Robotics_Cyber_Physical_LAB/install/interfaces/share/interfaces/package.zsh'
[0.949s] Level 1:colcon.colcon_core.environment:create_file_with_runtime_dependencies(/home/javierfr/Robotics_Cyber_Physical_LAB/install/interfaces/share/colcon-core/packages/interfaces)
[1.129s] Level 1:colcon.colcon_core.environment:create_environment_scripts_only(interfaces)
[1.131s] Level 1:colcon.colcon_core.environment:checking '/home/javierfr/Robotics_Cyber_Physical_LAB/install/interfaces' for CMake module files
[1.132s] Level 1:colcon.colcon_core.environment:checking '/home/javierfr/Robotics_Cyber_Physical_LAB/install/interfaces' for CMake config files
[1.133s] Level 1:colcon.colcon_core.shell:create_environment_hook('interfaces', 'cmake_prefix_path')
[1.134s] INFO:colcon.colcon_core.shell:Creating environment hook '/home/javierfr/Robotics_Cyber_Physical_LAB/install/interfaces/share/interfaces/hook/cmake_prefix_path.ps1'
[1.135s] INFO:colcon.colcon_core.shell:Creating environment descriptor '/home/javierfr/Robotics_Cyber_Physical_LAB/install/interfaces/share/interfaces/hook/cmake_prefix_path.dsv'
[1.135s] INFO:colcon.colcon_core.shell:Creating environment hook '/home/javierfr/Robotics_Cyber_Physical_LAB/install/interfaces/share/interfaces/hook/cmake_prefix_path.sh'
[1.135s] Level 1:colcon.colcon_core.environment:checking '/home/javierfr/Robotics_Cyber_Physical_LAB/install/interfaces/lib'
[1.136s] Level 1:colcon.colcon_core.shell:create_environment_hook('interfaces', 'ld_library_path_lib')
[1.137s] INFO:colcon.colcon_core.shell:Creating environment hook '/home/javierfr/Robotics_Cyber_Physical_LAB/install/interfaces/share/interfaces/hook/ld_library_path_lib.ps1'
[1.137s] INFO:colcon.colcon_core.shell:Creating environment descriptor '/home/javierfr/Robotics_Cyber_Physical_LAB/install/interfaces/share/interfaces/hook/ld_library_path_lib.dsv'
[1.137s] INFO:colcon.colcon_core.shell:Creating environment hook '/home/javierfr/Robotics_Cyber_Physical_LAB/install/interfaces/share/interfaces/hook/ld_library_path_lib.sh'
[1.138s] Level 1:colcon.colcon_core.environment:checking '/home/javierfr/Robotics_Cyber_Physical_LAB/install/interfaces/bin'
[1.138s] Level 1:colcon.colcon_core.environment:checking '/home/javierfr/Robotics_Cyber_Physical_LAB/install/interfaces/lib/pkgconfig/interfaces.pc'
[1.138s] Level 1:colcon.colcon_core.environment:checking '/home/javierfr/Robotics_Cyber_Physical_LAB/install/interfaces/lib/python3.8/site-packages'
[1.138s] Level 1:colcon.colcon_core.shell:create_environment_hook('interfaces', 'pythonpath')
[1.140s] INFO:colcon.colcon_core.shell:Creating environment hook '/home/javierfr/Robotics_Cyber_Physical_LAB/install/interfaces/share/interfaces/hook/pythonpath.ps1'
[1.140s] INFO:colcon.colcon_core.shell:Creating environment descriptor '/home/javierfr/Robotics_Cyber_Physical_LAB/install/interfaces/share/interfaces/hook/pythonpath.dsv'
[1.140s] INFO:colcon.colcon_core.shell:Creating environment hook '/home/javierfr/Robotics_Cyber_Physical_LAB/install/interfaces/share/interfaces/hook/pythonpath.sh'
[1.141s] Level 1:colcon.colcon_core.environment:checking '/home/javierfr/Robotics_Cyber_Physical_LAB/install/interfaces/bin'
[1.143s] INFO:colcon.colcon_core.shell:Creating package script '/home/javierfr/Robotics_Cyber_Physical_LAB/install/interfaces/share/interfaces/package.ps1'
[1.144s] INFO:colcon.colcon_core.shell:Creating package descriptor '/home/javierfr/Robotics_Cyber_Physical_LAB/install/interfaces/share/interfaces/package.dsv'
[1.145s] INFO:colcon.colcon_core.shell:Creating package script '/home/javierfr/Robotics_Cyber_Physical_LAB/install/interfaces/share/interfaces/package.sh'
[1.146s] INFO:colcon.colcon_core.shell:Creating package script '/home/javierfr/Robotics_Cyber_Physical_LAB/install/interfaces/share/interfaces/package.bash'
[1.146s] INFO:colcon.colcon_core.shell:Creating package script '/home/javierfr/Robotics_Cyber_Physical_LAB/install/interfaces/share/interfaces/package.zsh'
[1.147s] Level 1:colcon.colcon_core.environment:create_file_with_runtime_dependencies(/home/javierfr/Robotics_Cyber_Physical_LAB/install/interfaces/share/colcon-core/packages/interfaces)
[1.147s] INFO:colcon.colcon_ros.task.ament_cmake.build:Building ROS package in '/home/javierfr/Robotics_Cyber_Physical_LAB/src/control_pkg' with build type 'ament_cmake'
[1.147s] INFO:colcon.colcon_cmake.task.cmake.build:Building CMake package in '/home/javierfr/Robotics_Cyber_Physical_LAB/src/control_pkg'
[1.149s] INFO:colcon.colcon_core.shell:Skip shell extension 'powershell' for command environment: Not usable outside of PowerShell
[1.149s] DEBUG:colcon.colcon_core.shell:Skip shell extension 'dsv' for command environment
[1.159s] INFO:colcon.colcon_ros.task.ament_cmake.build:Building ROS package in '/home/javierfr/Robotics_Cyber_Physical_LAB/src/inv_kinematics_pkg' with build type 'ament_cmake'
[1.160s] INFO:colcon.colcon_cmake.task.cmake.build:Building CMake package in '/home/javierfr/Robotics_Cyber_Physical_LAB/src/inv_kinematics_pkg'
[1.161s] INFO:colcon.colcon_core.shell:Skip shell extension 'powershell' for command environment: Not usable outside of PowerShell
[1.161s] DEBUG:colcon.colcon_core.shell:Skip shell extension 'dsv' for command environment
[1.179s] DEBUG:colcon.colcon_core.event_handler.log_command:Invoking command in '/home/javierfr/Robotics_Cyber_Physical_LAB/build/control_pkg': CMAKE_PREFIX_PATH=/home/javierfr/Robotics_Cyber_Physical_LAB/install/interfaces:/home/javierfr/Robotics_Cyber_Physical_LAB/install/inv_kinematics_pkg:/home/javierfr/Robotics_Cyber_Physical_LAB/install/control_pkg:/home/javierfr/Robotics_Cyber_Physical_LAB/install/img_proc_pkg:/home/javierfr/Robotics_Cyber_Physical_LAB/install/gazebo_plugin_sim:/opt/ros/foxy /usr/bin/cmake --build /home/javierfr/Robotics_Cyber_Physical_LAB/build/control_pkg -- -j8 -l8
[1.183s] DEBUG:colcon.colcon_core.event_handler.log_command:Invoking command in '/home/javierfr/Robotics_Cyber_Physical_LAB/build/inv_kinematics_pkg': CMAKE_PREFIX_PATH=/home/javierfr/Robotics_Cyber_Physical_LAB/install/interfaces:/home/javierfr/Robotics_Cyber_Physical_LAB/install/inv_kinematics_pkg:/home/javierfr/Robotics_Cyber_Physical_LAB/install/control_pkg:/home/javierfr/Robotics_Cyber_Physical_LAB/install/img_proc_pkg:/home/javierfr/Robotics_Cyber_Physical_LAB/install/gazebo_plugin_sim:/opt/ros/foxy /usr/bin/cmake --build /home/javierfr/Robotics_Cyber_Physical_LAB/build/inv_kinematics_pkg -- -j8 -l8
[1.317s] DEBUG:colcon.colcon_core.event_handler.log_command:Invoked command in '/home/javierfr/Robotics_Cyber_Physical_LAB/build/control_pkg' returned '0': CMAKE_PREFIX_PATH=/home/javierfr/Robotics_Cyber_Physical_LAB/install/interfaces:/home/javierfr/Robotics_Cyber_Physical_LAB/install/inv_kinematics_pkg:/home/javierfr/Robotics_Cyber_Physical_LAB/install/control_pkg:/home/javierfr/Robotics_Cyber_Physical_LAB/install/img_proc_pkg:/home/javierfr/Robotics_Cyber_Physical_LAB/install/gazebo_plugin_sim:/opt/ros/foxy /usr/bin/cmake --build /home/javierfr/Robotics_Cyber_Physical_LAB/build/control_pkg -- -j8 -l8
[1.321s] DEBUG:colcon.colcon_core.event_handler.log_command:Invoked command in '/home/javierfr/Robotics_Cyber_Physical_LAB/build/inv_kinematics_pkg' returned '0': CMAKE_PREFIX_PATH=/home/javierfr/Robotics_Cyber_Physical_LAB/install/interfaces:/home/javierfr/Robotics_Cyber_Physical_LAB/install/inv_kinematics_pkg:/home/javierfr/Robotics_Cyber_Physical_LAB/install/control_pkg:/home/javierfr/Robotics_Cyber_Physical_LAB/install/img_proc_pkg:/home/javierfr/Robotics_Cyber_Physical_LAB/install/gazebo_plugin_sim:/opt/ros/foxy /usr/bin/cmake --build /home/javierfr/Robotics_Cyber_Physical_LAB/build/inv_kinematics_pkg -- -j8 -l8
[1.351s] DEBUG:colcon.colcon_core.event_handler.log_command:Invoking command in '/home/javierfr/Robotics_Cyber_Physical_LAB/build/control_pkg': CMAKE_PREFIX_PATH=/home/javierfr/Robotics_Cyber_Physical_LAB/install/interfaces:/home/javierfr/Robotics_Cyber_Physical_LAB/install/inv_kinematics_pkg:/home/javierfr/Robotics_Cyber_Physical_LAB/install/control_pkg:/home/javierfr/Robotics_Cyber_Physical_LAB/install/img_proc_pkg:/home/javierfr/Robotics_Cyber_Physical_LAB/install/gazebo_plugin_sim:/opt/ros/foxy /usr/bin/cmake --install /home/javierfr/Robotics_Cyber_Physical_LAB/build/control_pkg
[1.358s] DEBUG:colcon.colcon_core.event_handler.log_command:Invoking command in '/home/javierfr/Robotics_Cyber_Physical_LAB/build/inv_kinematics_pkg': CMAKE_PREFIX_PATH=/home/javierfr/Robotics_Cyber_Physical_LAB/install/interfaces:/home/javierfr/Robotics_Cyber_Physical_LAB/install/inv_kinematics_pkg:/home/javierfr/Robotics_Cyber_Physical_LAB/install/control_pkg:/home/javierfr/Robotics_Cyber_Physical_LAB/install/img_proc_pkg:/home/javierfr/Robotics_Cyber_Physical_LAB/install/gazebo_plugin_sim:/opt/ros/foxy /usr/bin/cmake --install /home/javierfr/Robotics_Cyber_Physical_LAB/build/inv_kinematics_pkg
[1.366s] Level 1:colcon.colcon_core.environment:create_environment_scripts_only(control_pkg)
[1.369s] Level 1:colcon.colcon_core.environment:checking '/home/javierfr/Robotics_Cyber_Physical_LAB/install/control_pkg' for CMake module files
[1.370s] DEBUG:colcon.colcon_core.event_handler.log_command:Invoked command in '/home/javierfr/Robotics_Cyber_Physical_LAB/build/control_pkg' returned '0': CMAKE_PREFIX_PATH=/home/javierfr/Robotics_Cyber_Physical_LAB/install/interfaces:/home/javierfr/Robotics_Cyber_Physical_LAB/install/inv_kinematics_pkg:/home/javierfr/Robotics_Cyber_Physical_LAB/install/control_pkg:/home/javierfr/Robotics_Cyber_Physical_LAB/install/img_proc_pkg:/home/javierfr/Robotics_Cyber_Physical_LAB/install/gazebo_plugin_sim:/opt/ros/foxy /usr/bin/cmake --install /home/javierfr/Robotics_Cyber_Physical_LAB/build/control_pkg
[1.372s] Level 1:colcon.colcon_core.environment:checking '/home/javierfr/Robotics_Cyber_Physical_LAB/install/control_pkg' for CMake config files
[1.375s] Level 1:colcon.colcon_core.shell:create_environment_hook('control_pkg', 'cmake_prefix_path')
[1.377s] INFO:colcon.colcon_core.shell:Creating environment hook '/home/javierfr/Robotics_Cyber_Physical_LAB/install/control_pkg/share/control_pkg/hook/cmake_prefix_path.ps1'
[1.378s] INFO:colcon.colcon_core.shell:Creating environment descriptor '/home/javierfr/Robotics_Cyber_Physical_LAB/install/control_pkg/share/control_pkg/hook/cmake_prefix_path.dsv'
[1.379s] INFO:colcon.colcon_core.shell:Creating environment hook '/home/javierfr/Robotics_Cyber_Physical_LAB/install/control_pkg/share/control_pkg/hook/cmake_prefix_path.sh'
[1.379s] Level 1:colcon.colcon_core.environment:checking '/home/javierfr/Robotics_Cyber_Physical_LAB/install/control_pkg/lib'
[1.379s] Level 1:colcon.colcon_core.environment:checking '/home/javierfr/Robotics_Cyber_Physical_LAB/install/control_pkg/bin'
[1.380s] Level 1:colcon.colcon_core.environment:checking '/home/javierfr/Robotics_Cyber_Physical_LAB/install/control_pkg/lib/pkgconfig/control_pkg.pc'
[1.380s] Level 1:colcon.colcon_core.environment:checking '/home/javierfr/Robotics_Cyber_Physical_LAB/install/control_pkg/lib/python3.8/site-packages'
[1.380s] Level 1:colcon.colcon_core.environment:checking '/home/javierfr/Robotics_Cyber_Physical_LAB/install/control_pkg/bin'
[1.381s] INFO:colcon.colcon_core.shell:Creating package script '/home/javierfr/Robotics_Cyber_Physical_LAB/install/control_pkg/share/control_pkg/package.ps1'
[1.382s] INFO:colcon.colcon_core.shell:Creating package descriptor '/home/javierfr/Robotics_Cyber_Physical_LAB/install/control_pkg/share/control_pkg/package.dsv'
[1.382s] INFO:colcon.colcon_core.shell:Creating package script '/home/javierfr/Robotics_Cyber_Physical_LAB/install/control_pkg/share/control_pkg/package.sh'
[1.383s] INFO:colcon.colcon_core.shell:Creating package script '/home/javierfr/Robotics_Cyber_Physical_LAB/install/control_pkg/share/control_pkg/package.bash'
[1.383s] INFO:colcon.colcon_core.shell:Creating package script '/home/javierfr/Robotics_Cyber_Physical_LAB/install/control_pkg/share/control_pkg/package.zsh'
[1.383s] Level 1:colcon.colcon_core.environment:create_file_with_runtime_dependencies(/home/javierfr/Robotics_Cyber_Physical_LAB/install/control_pkg/share/colcon-core/packages/control_pkg)
[1.387s] Level 1:colcon.colcon_core.environment:create_environment_scripts_only(inv_kinematics_pkg)
[1.389s] Level 1:colcon.colcon_core.environment:checking '/home/javierfr/Robotics_Cyber_Physical_LAB/install/inv_kinematics_pkg' for CMake module files
[1.390s] DEBUG:colcon.colcon_core.event_handler.log_command:Invoked command in '/home/javierfr/Robotics_Cyber_Physical_LAB/build/inv_kinematics_pkg' returned '0': CMAKE_PREFIX_PATH=/home/javierfr/Robotics_Cyber_Physical_LAB/install/interfaces:/home/javierfr/Robotics_Cyber_Physical_LAB/install/inv_kinematics_pkg:/home/javierfr/Robotics_Cyber_Physical_LAB/install/control_pkg:/home/javierfr/Robotics_Cyber_Physical_LAB/install/img_proc_pkg:/home/javierfr/Robotics_Cyber_Physical_LAB/install/gazebo_plugin_sim:/opt/ros/foxy /usr/bin/cmake --install /home/javierfr/Robotics_Cyber_Physical_LAB/build/inv_kinematics_pkg
[1.391s] Level 1:colcon.colcon_core.environment:checking '/home/javierfr/Robotics_Cyber_Physical_LAB/install/inv_kinematics_pkg' for CMake config files
[1.391s] Level 1:colcon.colcon_core.shell:create_environment_hook('inv_kinematics_pkg', 'cmake_prefix_path')
[1.392s] INFO:colcon.colcon_core.shell:Creating environment hook '/home/javierfr/Robotics_Cyber_Physical_LAB/install/inv_kinematics_pkg/share/inv_kinematics_pkg/hook/cmake_prefix_path.ps1'
[1.393s] INFO:colcon.colcon_core.shell:Creating environment descriptor '/home/javierfr/Robotics_Cyber_Physical_LAB/install/inv_kinematics_pkg/share/inv_kinematics_pkg/hook/cmake_prefix_path.dsv'
[1.393s] INFO:colcon.colcon_core.shell:Creating environment hook '/home/javierfr/Robotics_Cyber_Physical_LAB/install/inv_kinematics_pkg/share/inv_kinematics_pkg/hook/cmake_prefix_path.sh'
[1.394s] Level 1:colcon.colcon_core.environment:checking '/home/javierfr/Robotics_Cyber_Physical_LAB/install/inv_kinematics_pkg/lib'
[1.394s] Level 1:colcon.colcon_core.environment:checking '/home/javierfr/Robotics_Cyber_Physical_LAB/install/inv_kinematics_pkg/bin'
[1.394s] Level 1:colcon.colcon_core.environment:checking '/home/javierfr/Robotics_Cyber_Physical_LAB/install/inv_kinematics_pkg/lib/pkgconfig/inv_kinematics_pkg.pc'
[1.394s] Level 1:colcon.colcon_core.environment:checking '/home/javierfr/Robotics_Cyber_Physical_LAB/install/inv_kinematics_pkg/lib/python3.8/site-packages'
[1.395s] Level 1:colcon.colcon_core.environment:checking '/home/javierfr/Robotics_Cyber_Physical_LAB/install/inv_kinematics_pkg/bin'
[1.396s] INFO:colcon.colcon_core.shell:Creating package script '/home/javierfr/Robotics_Cyber_Physical_LAB/install/inv_kinematics_pkg/share/inv_kinematics_pkg/package.ps1'
[1.397s] INFO:colcon.colcon_core.shell:Creating package descriptor '/home/javierfr/Robotics_Cyber_Physical_LAB/install/inv_kinematics_pkg/share/inv_kinematics_pkg/package.dsv'
[1.397s] INFO:colcon.colcon_core.shell:Creating package script '/home/javierfr/Robotics_Cyber_Physical_LAB/install/inv_kinematics_pkg/share/inv_kinematics_pkg/package.sh'
[1.397s] INFO:colcon.colcon_core.shell:Creating package script '/home/javierfr/Robotics_Cyber_Physical_LAB/install/inv_kinematics_pkg/share/inv_kinematics_pkg/package.bash'
[1.398s] INFO:colcon.colcon_core.shell:Creating package script '/home/javierfr/Robotics_Cyber_Physical_LAB/install/inv_kinematics_pkg/share/inv_kinematics_pkg/package.zsh'
[1.398s] Level 1:colcon.colcon_core.environment:create_file_with_runtime_dependencies(/home/javierfr/Robotics_Cyber_Physical_LAB/install/inv_kinematics_pkg/share/colcon-core/packages/inv_kinematics_pkg)
[1.416s] Level 1:colcon.colcon_core.environment:create_environment_scripts_only(control_pkg)
[1.418s] Level 1:colcon.colcon_core.environment:checking '/home/javierfr/Robotics_Cyber_Physical_LAB/install/control_pkg' for CMake module files
[1.418s] Level 1:colcon.colcon_core.environment:checking '/home/javierfr/Robotics_Cyber_Physical_LAB/install/control_pkg' for CMake config files
[1.419s] Level 1:colcon.colcon_core.shell:create_environment_hook('control_pkg', 'cmake_prefix_path')
[1.420s] INFO:colcon.colcon_core.shell:Creating environment hook '/home/javierfr/Robotics_Cyber_Physical_LAB/install/control_pkg/share/control_pkg/hook/cmake_prefix_path.ps1'
[1.421s] INFO:colcon.colcon_core.shell:Creating environment descriptor '/home/javierfr/Robotics_Cyber_Physical_LAB/install/control_pkg/share/control_pkg/hook/cmake_prefix_path.dsv'
[1.421s] INFO:colcon.colcon_core.shell:Creating environment hook '/home/javierfr/Robotics_Cyber_Physical_LAB/install/control_pkg/share/control_pkg/hook/cmake_prefix_path.sh'
[1.421s] Level 1:colcon.colcon_core.environment:checking '/home/javierfr/Robotics_Cyber_Physical_LAB/install/control_pkg/lib'
[1.422s] Level 1:colcon.colcon_core.environment:checking '/home/javierfr/Robotics_Cyber_Physical_LAB/install/control_pkg/bin'
[1.422s] Level 1:colcon.colcon_core.environment:checking '/home/javierfr/Robotics_Cyber_Physical_LAB/install/control_pkg/lib/pkgconfig/control_pkg.pc'
[1.422s] Level 1:colcon.colcon_core.environment:checking '/home/javierfr/Robotics_Cyber_Physical_LAB/install/control_pkg/lib/python3.8/site-packages'
[1.422s] Level 1:colcon.colcon_core.environment:checking '/home/javierfr/Robotics_Cyber_Physical_LAB/install/control_pkg/bin'
[1.424s] INFO:colcon.colcon_core.shell:Creating package script '/home/javierfr/Robotics_Cyber_Physical_LAB/install/control_pkg/share/control_pkg/package.ps1'
[1.424s] INFO:colcon.colcon_core.shell:Creating package descriptor '/home/javierfr/Robotics_Cyber_Physical_LAB/install/control_pkg/share/control_pkg/package.dsv'
[1.425s] INFO:colcon.colcon_core.shell:Creating package script '/home/javierfr/Robotics_Cyber_Physical_LAB/install/control_pkg/share/control_pkg/package.sh'
[1.425s] INFO:colcon.colcon_core.shell:Creating package script '/home/javierfr/Robotics_Cyber_Physical_LAB/install/control_pkg/share/control_pkg/package.bash'
[1.426s] INFO:colcon.colcon_core.shell:Creating package script '/home/javierfr/Robotics_Cyber_Physical_LAB/install/control_pkg/share/control_pkg/package.zsh'
[1.426s] Level 1:colcon.colcon_core.environment:create_file_with_runtime_dependencies(/home/javierfr/Robotics_Cyber_Physical_LAB/install/control_pkg/share/colcon-core/packages/control_pkg)
[1.434s] Level 1:colcon.colcon_core.environment:create_environment_scripts_only(inv_kinematics_pkg)
[1.436s] Level 1:colcon.colcon_core.environment:checking '/home/javierfr/Robotics_Cyber_Physical_LAB/install/inv_kinematics_pkg' for CMake module files
[1.436s] Level 1:colcon.colcon_core.environment:checking '/home/javierfr/Robotics_Cyber_Physical_LAB/install/inv_kinematics_pkg' for CMake config files
[1.437s] Level 1:colcon.colcon_core.shell:create_environment_hook('inv_kinematics_pkg', 'cmake_prefix_path')
[1.439s] INFO:colcon.colcon_core.shell:Creating environment hook '/home/javierfr/Robotics_Cyber_Physical_LAB/install/inv_kinematics_pkg/share/inv_kinematics_pkg/hook/cmake_prefix_path.ps1'
[1.439s] INFO:colcon.colcon_core.shell:Creating environment descriptor '/home/javierfr/Robotics_Cyber_Physical_LAB/install/inv_kinematics_pkg/share/inv_kinematics_pkg/hook/cmake_prefix_path.dsv'
[1.440s] INFO:colcon.colcon_core.shell:Creating environment hook '/home/javierfr/Robotics_Cyber_Physical_LAB/install/inv_kinematics_pkg/share/inv_kinematics_pkg/hook/cmake_prefix_path.sh'
[1.440s] Level 1:colcon.colcon_core.environment:checking '/home/javierfr/Robotics_Cyber_Physical_LAB/install/inv_kinematics_pkg/lib'
[1.441s] Level 1:colcon.colcon_core.environment:checking '/home/javierfr/Robotics_Cyber_Physical_LAB/install/inv_kinematics_pkg/bin'
[1.441s] Level 1:colcon.colcon_core.environment:checking '/home/javierfr/Robotics_Cyber_Physical_LAB/install/inv_kinematics_pkg/lib/pkgconfig/inv_kinematics_pkg.pc'
[1.441s] Level 1:colcon.colcon_core.environment:checking '/home/javierfr/Robotics_Cyber_Physical_LAB/install/inv_kinematics_pkg/lib/python3.8/site-packages'
[1.441s] Level 1:colcon.colcon_core.environment:checking '/home/javierfr/Robotics_Cyber_Physical_LAB/install/inv_kinematics_pkg/bin'
[1.443s] INFO:colcon.colcon_core.shell:Creating package script '/home/javierfr/Robotics_Cyber_Physical_LAB/install/inv_kinematics_pkg/share/inv_kinematics_pkg/package.ps1'
[1.443s] INFO:colcon.colcon_core.shell:Creating package descriptor '/home/javierfr/Robotics_Cyber_Physical_LAB/install/inv_kinematics_pkg/share/inv_kinematics_pkg/package.dsv'
[1.444s] INFO:colcon.colcon_core.shell:Creating package script '/home/javierfr/Robotics_Cyber_Physical_LAB/install/inv_kinematics_pkg/share/inv_kinematics_pkg/package.sh'
[1.444s] INFO:colcon.colcon_core.shell:Creating package script '/home/javierfr/Robotics_Cyber_Physical_LAB/install/inv_kinematics_pkg/share/inv_kinematics_pkg/package.bash'
[1.444s] INFO:colcon.colcon_core.shell:Creating package script '/home/javierfr/Robotics_Cyber_Physical_LAB/install/inv_kinematics_pkg/share/inv_kinematics_pkg/package.zsh'
[1.445s] Level 1:colcon.colcon_core.environment:create_file_with_runtime_dependencies(/home/javierfr/Robotics_Cyber_Physical_LAB/install/inv_kinematics_pkg/share/colcon-core/packages/inv_kinematics_pkg)
[7.355s] DEBUG:colcon.colcon_core.event_handler.log_command:Invoked command in '/home/javierfr/Robotics_Cyber_Physical_LAB/build/img_proc_pkg' returned '0': CMAKE_PREFIX_PATH=${CMAKE_PREFIX_PATH}:/opt/ros/foxy /usr/bin/cmake --build /home/javierfr/Robotics_Cyber_Physical_LAB/build/img_proc_pkg -- -j8 -l8
[7.405s] DEBUG:colcon.colcon_core.event_handler.log_command:Invoking command in '/home/javierfr/Robotics_Cyber_Physical_LAB/build/img_proc_pkg': CMAKE_PREFIX_PATH=${CMAKE_PREFIX_PATH}:/opt/ros/foxy /usr/bin/cmake --install /home/javierfr/Robotics_Cyber_Physical_LAB/build/img_proc_pkg
[7.426s] Level 1:colcon.colcon_core.environment:create_environment_scripts_only(img_proc_pkg)
[7.429s] Level 1:colcon.colcon_core.environment:checking '/home/javierfr/Robotics_Cyber_Physical_LAB/install/img_proc_pkg' for CMake module files
[7.430s] DEBUG:colcon.colcon_core.event_handler.log_command:Invoked command in '/home/javierfr/Robotics_Cyber_Physical_LAB/build/img_proc_pkg' returned '0': CMAKE_PREFIX_PATH=${CMAKE_PREFIX_PATH}:/opt/ros/foxy /usr/bin/cmake --install /home/javierfr/Robotics_Cyber_Physical_LAB/build/img_proc_pkg
[7.430s] Level 1:colcon.colcon_core.environment:checking '/home/javierfr/Robotics_Cyber_Physical_LAB/install/img_proc_pkg' for CMake config files
[7.430s] Level 1:colcon.colcon_core.shell:create_environment_hook('img_proc_pkg', 'cmake_prefix_path')
[7.432s] INFO:colcon.colcon_core.shell:Creating environment hook '/home/javierfr/Robotics_Cyber_Physical_LAB/install/img_proc_pkg/share/img_proc_pkg/hook/cmake_prefix_path.ps1'
[7.433s] INFO:colcon.colcon_core.shell:Creating environment descriptor '/home/javierfr/Robotics_Cyber_Physical_LAB/install/img_proc_pkg/share/img_proc_pkg/hook/cmake_prefix_path.dsv'
[7.433s] INFO:colcon.colcon_core.shell:Creating environment hook '/home/javierfr/Robotics_Cyber_Physical_LAB/install/img_proc_pkg/share/img_proc_pkg/hook/cmake_prefix_path.sh'
[7.434s] Level 1:colcon.colcon_core.environment:checking '/home/javierfr/Robotics_Cyber_Physical_LAB/install/img_proc_pkg/lib'
[7.434s] Level 1:colcon.colcon_core.environment:checking '/home/javierfr/Robotics_Cyber_Physical_LAB/install/img_proc_pkg/bin'
[7.434s] Level 1:colcon.colcon_core.environment:checking '/home/javierfr/Robotics_Cyber_Physical_LAB/install/img_proc_pkg/lib/pkgconfig/img_proc_pkg.pc'
[7.434s] Level 1:colcon.colcon_core.environment:checking '/home/javierfr/Robotics_Cyber_Physical_LAB/install/img_proc_pkg/lib/python3.8/site-packages'
[7.435s] Level 1:colcon.colcon_core.environment:checking '/home/javierfr/Robotics_Cyber_Physical_LAB/install/img_proc_pkg/bin'
[7.436s] INFO:colcon.colcon_core.shell:Creating package script '/home/javierfr/Robotics_Cyber_Physical_LAB/install/img_proc_pkg/share/img_proc_pkg/package.ps1'
[7.437s] INFO:colcon.colcon_core.shell:Creating package descriptor '/home/javierfr/Robotics_Cyber_Physical_LAB/install/img_proc_pkg/share/img_proc_pkg/package.dsv'
[7.437s] INFO:colcon.colcon_core.shell:Creating package script '/home/javierfr/Robotics_Cyber_Physical_LAB/install/img_proc_pkg/share/img_proc_pkg/package.sh'
[7.438s] INFO:colcon.colcon_core.shell:Creating package script '/home/javierfr/Robotics_Cyber_Physical_LAB/install/img_proc_pkg/share/img_proc_pkg/package.bash'
[7.438s] INFO:colcon.colcon_core.shell:Creating package script '/home/javierfr/Robotics_Cyber_Physical_LAB/install/img_proc_pkg/share/img_proc_pkg/package.zsh'
[7.439s] Level 1:colcon.colcon_core.environment:create_file_with_runtime_dependencies(/home/javierfr/Robotics_Cyber_Physical_LAB/install/img_proc_pkg/share/colcon-core/packages/img_proc_pkg)
[7.483s] Level 1:colcon.colcon_core.environment:create_environment_scripts_only(img_proc_pkg)
[7.485s] Level 1:colcon.colcon_core.environment:checking '/home/javierfr/Robotics_Cyber_Physical_LAB/install/img_proc_pkg' for CMake module files
[7.486s] Level 1:colcon.colcon_core.environment:checking '/home/javierfr/Robotics_Cyber_Physical_LAB/install/img_proc_pkg' for CMake config files
[7.486s] Level 1:colcon.colcon_core.shell:create_environment_hook('img_proc_pkg', 'cmake_prefix_path')
[7.488s] INFO:colcon.colcon_core.shell:Creating environment hook '/home/javierfr/Robotics_Cyber_Physical_LAB/install/img_proc_pkg/share/img_proc_pkg/hook/cmake_prefix_path.ps1'
[7.489s] INFO:colcon.colcon_core.shell:Creating environment descriptor '/home/javierfr/Robotics_Cyber_Physical_LAB/install/img_proc_pkg/share/img_proc_pkg/hook/cmake_prefix_path.dsv'
[7.489s] INFO:colcon.colcon_core.shell:Creating environment hook '/home/javierfr/Robotics_Cyber_Physical_LAB/install/img_proc_pkg/share/img_proc_pkg/hook/cmake_prefix_path.sh'
[7.490s] Level 1:colcon.colcon_core.environment:checking '/home/javierfr/Robotics_Cyber_Physical_LAB/install/img_proc_pkg/lib'
[7.490s] Level 1:colcon.colcon_core.environment:checking '/home/javierfr/Robotics_Cyber_Physical_LAB/install/img_proc_pkg/bin'
[7.490s] Level 1:colcon.colcon_core.environment:checking '/home/javierfr/Robotics_Cyber_Physical_LAB/install/img_proc_pkg/lib/pkgconfig/img_proc_pkg.pc'
[7.491s] Level 1:colcon.colcon_core.environment:checking '/home/javierfr/Robotics_Cyber_Physical_LAB/install/img_proc_pkg/lib/python3.8/site-packages'
[7.491s] Level 1:colcon.colcon_core.environment:checking '/home/javierfr/Robotics_Cyber_Physical_LAB/install/img_proc_pkg/bin'
[7.493s] INFO:colcon.colcon_core.shell:Creating package script '/home/javierfr/Robotics_Cyber_Physical_LAB/install/img_proc_pkg/share/img_proc_pkg/package.ps1'
[7.494s] INFO:colcon.colcon_core.shell:Creating package descriptor '/home/javierfr/Robotics_Cyber_Physical_LAB/install/img_proc_pkg/share/img_proc_pkg/package.dsv'
[7.494s] INFO:colcon.colcon_core.shell:Creating package script '/home/javierfr/Robotics_Cyber_Physical_LAB/install/img_proc_pkg/share/img_proc_pkg/package.sh'
[7.495s] INFO:colcon.colcon_core.shell:Creating package script '/home/javierfr/Robotics_Cyber_Physical_LAB/install/img_proc_pkg/share/img_proc_pkg/package.bash'
[7.495s] INFO:colcon.colcon_core.shell:Creating package script '/home/javierfr/Robotics_Cyber_Physical_LAB/install/img_proc_pkg/share/img_proc_pkg/package.zsh'
[7.496s] Level 1:colcon.colcon_core.environment:create_file_with_runtime_dependencies(/home/javierfr/Robotics_Cyber_Physical_LAB/install/img_proc_pkg/share/colcon-core/packages/img_proc_pkg)
[7.496s] DEBUG:colcon.colcon_parallel_executor.executor.parallel:closing loop
[7.496s] DEBUG:colcon.colcon_parallel_executor.executor.parallel:loop closed
[7.497s] DEBUG:colcon.colcon_parallel_executor.executor.parallel:run_until_complete finished with '0'
[7.497s] DEBUG:colcon.colcon_core.event_reactor:joining thread
[7.505s] INFO:colcon.colcon_core.plugin_system:Skipping extension 'colcon_notification.desktop_notification.terminal_notifier': Not used on non-Darwin systems
[7.505s] INFO:colcon.colcon_core.plugin_system:Skipping extension 'colcon_notification.desktop_notification.win32': Not used on non-Windows systems
[7.505s] INFO:colcon.colcon_notification.desktop_notification:Sending desktop notification using 'notify2'
[7.524s] DEBUG:colcon.colcon_core.event_reactor:joined thread
[7.527s] INFO:colcon.colcon_core.shell:Creating prefix script '/home/javierfr/Robotics_Cyber_Physical_LAB/install/local_setup.ps1'
[7.529s] INFO:colcon.colcon_core.shell:Creating prefix util module '/home/javierfr/Robotics_Cyber_Physical_LAB/install/_local_setup_util_ps1.py'
[7.531s] INFO:colcon.colcon_core.shell:Creating prefix chain script '/home/javierfr/Robotics_Cyber_Physical_LAB/install/setup.ps1'
[7.533s] INFO:colcon.colcon_core.shell:Creating prefix script '/home/javierfr/Robotics_Cyber_Physical_LAB/install/local_setup.sh'
[7.534s] INFO:colcon.colcon_core.shell:Creating prefix util module '/home/javierfr/Robotics_Cyber_Physical_LAB/install/_local_setup_util_sh.py'
[7.534s] INFO:colcon.colcon_core.shell:Creating prefix chain script '/home/javierfr/Robotics_Cyber_Physical_LAB/install/setup.sh'
[7.535s] INFO:colcon.colcon_core.shell:Creating prefix script '/home/javierfr/Robotics_Cyber_Physical_LAB/install/local_setup.bash'
[7.536s] INFO:colcon.colcon_core.shell:Creating prefix chain script '/home/javierfr/Robotics_Cyber_Physical_LAB/install/setup.bash'
[7.537s] INFO:colcon.colcon_core.shell:Creating prefix script '/home/javierfr/Robotics_Cyber_Physical_LAB/install/local_setup.zsh'
[7.538s] INFO:colcon.colcon_core.shell:Creating prefix chain script '/home/javierfr/Robotics_Cyber_Physical_LAB/install/setup.zsh'
