[0.023s] Invoking command in '/home/javierfr/Robotics_Cyber_Physical_LAB/build/img_proc_pkg': CMAKE_PREFIX_PATH=/opt/ros/foxy /usr/bin/cmake /home/javierfr/Robotics_Cyber_Physical_LAB/src/img_proc_pkg -DCMAKE_INSTALL_PREFIX=/home/javierfr/Robotics_Cyber_Physical_LAB/install/img_proc_pkg
[0.040s] -- Found ament_cmake: 0.9.9 (/opt/ros/foxy/share/ament_cmake/cmake)
[0.064s] -- Using PYTHON_EXECUTABLE: /usr/bin/python3
[0.348s] -- Found sensor_msgs: 2.0.5 (/opt/ros/foxy/share/sensor_msgs/cmake)
[0.370s] -- Using all available rosidl_typesupport_c: rosidl_typesupport_fastrtps_c;rosidl_typesupport_introspection_c
[0.373s] -- Found rosidl_adapter: 1.2.1 (/opt/ros/foxy/share/rosidl_adapter/cmake)
[0.552s] -- Using all available rosidl_typesupport_cpp: rosidl_typesupport_fastrtps_cpp;rosidl_typesupport_introspection_cpp
[0.750s] -- Found rclcpp: 2.4.1 (/opt/ros/foxy/share/rclcpp/cmake)
[0.837s] -- Found rmw_implementation_cmake: 1.0.3 (/opt/ros/foxy/share/rmw_implementation_cmake/cmake)
[0.839s] -- Using RMW implementation 'rmw_fastrtps_cpp' as default
[1.114s] -- Found image_transport: 2.3.0 (/opt/ros/foxy/share/image_transport/cmake)
[1.188s] -- Found cv_bridge: 2.2.1 (/opt/ros/foxy/share/cv_bridge/cmake)
[1.211s] CMake Error at CMakeLists.txt:26 (find_package):
[1.212s]   By not providing "Findinterfaces.cmake" in CMAKE_MODULE_PATH this project
[1.212s]   has asked CMake to find a package configuration file provided by
[1.212s]   "interfaces", but CMake did not find one.
[1.212s] 
[1.212s]   Could not find a package configuration file provided by "interfaces" with
[1.212s]   any of the following names:
[1.212s] 
[1.213s]     interfacesConfig.cmake
[1.213s]     interfaces-config.cmake
[1.213s] 
[1.213s]   Add the installation prefix of "interfaces" to CMAKE_PREFIX_PATH or set
[1.213s]   "interfaces_DIR" to a directory containing one of the above files.  If
[1.213s]   "interfaces" provides a separate development package or SDK, be sure it has
[1.213s]   been installed.
[1.213s] 
[1.214s] 
[1.214s] -- Configuring incomplete, errors occurred!
[1.214s] See also "/home/javierfr/Robotics_Cyber_Physical_LAB/build/img_proc_pkg/CMakeFiles/CMakeOutput.log".
[1.214s] See also "/home/javierfr/Robotics_Cyber_Physical_LAB/build/img_proc_pkg/CMakeFiles/CMakeError.log".
[1.233s] Invoked command in '/home/javierfr/Robotics_Cyber_Physical_LAB/build/img_proc_pkg' returned '1': CMAKE_PREFIX_PATH=/opt/ros/foxy /usr/bin/cmake /home/javierfr/Robotics_Cyber_Physical_LAB/src/img_proc_pkg -DCMAKE_INSTALL_PREFIX=/home/javierfr/Robotics_Cyber_Physical_LAB/install/img_proc_pkg
