[0.198s] Invoking command in '/home/javierfr/Tesis_ws/V1/build/gazebo_plugin_sim': CMAKE_PREFIX_PATH=${CMAKE_PREFIX_PATH}:/opt/ros/foxy /usr/bin/cmake --build /home/javierfr/Tesis_ws/V1/build/gazebo_plugin_sim -- -j12 -l12
[2.284s] -- Found ament_cmake: 0.9.8 (/opt/ros/foxy/share/ament_cmake/cmake)
[2.302s] -- Found PythonInterp: /usr/bin/python3 (found suitable version "3.8.10", minimum required is "3") 
[2.302s] -- Using PYTHON_EXECUTABLE: /usr/bin/python3
[2.718s] -- Found camera_info_manager: 2.3.0 (/opt/ros/foxy/share/camera_info_manager/cmake)
[3.049s] -- Using all available rosidl_typesupport_c: rosidl_typesupport_fastrtps_c;rosidl_typesupport_introspection_c
[3.052s] -- Found rosidl_adapter: 1.2.1 (/opt/ros/foxy/share/rosidl_adapter/cmake)
[3.334s] -- Using all available rosidl_typesupport_cpp: rosidl_typesupport_fastrtps_cpp;rosidl_typesupport_introspection_cpp
[3.537s] -- Found rmw_implementation_cmake: 1.0.3 (/opt/ros/foxy/share/rmw_implementation_cmake/cmake)
[3.539s] -- Using RMW implementation 'rmw_fastrtps_cpp' as default
[4.221s] -- Setting yaml-cpp_DIR to: '/opt/ros/foxy/share/yaml_cpp_vendor/cmake/../../../opt/yaml_cpp_vendor/lib/cmake/yaml-cpp'
[4.430s] -- Found gazebo_dev: 3.5.3 (/opt/ros/foxy/share/gazebo_dev/cmake)
[6.525s] -- Found DART: /usr/include (Required is at least version "6.6") found components: dart 
[9.124s] -- Found Protobuf: /usr/lib/x86_64-linux-gnu/libprotobuf.so;-lpthread (found version "3.6.1") 
[9.240s] -- Looking for ignition-math6 -- found version 6.8.0
[9.777s] -- Searching for dependencies of ignition-math6
[10.157s] -- Looking for OGRE...
[10.370s] -- Found Ogre Ghadamon (1.9.0)
[10.430s] -- Found OGRE: optimized;/usr/lib/x86_64-linux-gnu/libOgreMain.so;debug;/usr/lib/x86_64-linux-gnu/libOgreMain.so
[10.438s] -- Looking for OGRE_Paging...
[10.438s] -- Found OGRE_Paging: optimized;/usr/lib/x86_64-linux-gnu/libOgrePaging.so;debug;/usr/lib/x86_64-linux-gnu/libOgrePaging.so
[10.438s] -- Looking for OGRE_Terrain...
[10.439s] -- Found OGRE_Terrain: optimized;/usr/lib/x86_64-linux-gnu/libOgreTerrain.so;debug;/usr/lib/x86_64-linux-gnu/libOgreTerrain.so
[10.439s] -- Looking for OGRE_Property...
[10.439s] -- Found OGRE_Property: optimized;/usr/lib/x86_64-linux-gnu/libOgreProperty.so;debug;/usr/lib/x86_64-linux-gnu/libOgreProperty.so
[10.439s] -- Looking for OGRE_RTShaderSystem...
[10.439s] -- Found OGRE_RTShaderSystem: optimized;/usr/lib/x86_64-linux-gnu/libOgreRTShaderSystem.so;debug;/usr/lib/x86_64-linux-gnu/libOgreRTShaderSystem.so
[10.440s] -- Looking for OGRE_Volume...
[10.440s] -- Found OGRE_Volume: optimized;/usr/lib/x86_64-linux-gnu/libOgreVolume.so;debug;/usr/lib/x86_64-linux-gnu/libOgreVolume.so
[10.440s] -- Looking for OGRE_Overlay...
[10.440s] -- Found OGRE_Overlay: optimized;/usr/lib/x86_64-linux-gnu/libOgreOverlay.so;debug;/usr/lib/x86_64-linux-gnu/libOgreOverlay.so
[10.838s] -- Looking for ignition-math6 -- found version 6.8.0
[10.896s] -- Looking for ignition-transport8 -- found version 8.2.0
[10.896s] -- Searching for dependencies of ignition-transport8
[11.001s] -- Found Protobuf: /usr/lib/x86_64-linux-gnu/libprotobuf.so;-lpthread (found suitable version "3.6.1", minimum required is "3") 
[11.065s] -- Config-file not installed for ZeroMQ -- checking for pkg-config
[11.070s] -- Checking for module 'libzmq >= 4'
[11.416s] --   Found libzmq , version 4.3.2
[11.597s] -- Checking for module 'uuid'
[11.666s] --   Found uuid, version 2.34.0
[11.821s] -- Looking for ignition-msgs5 -- found version 5.7.0
[11.821s] -- Searching for dependencies of ignition-msgs5
[11.839s] -- Looking for ignition-math6 -- found version 6.8.0
[11.896s] -- Checking for module 'tinyxml2'
[11.948s] --   Found tinyxml2, version 6.2.0
[12.178s] -- Looking for ignition-msgs5 -- found version 5.7.0
[12.279s] -- Looking for ignition-common3 -- found version 3.13.1
[12.280s] -- Searching for dependencies of ignition-common3
[12.356s] -- Looking for dlfcn.h - found
[12.356s] -- Looking for libdl - found
[12.418s] -- Searching for <ignition-common3> component [graphics]
[12.457s] -- Looking for ignition-common3-graphics -- found version 3.13.1
[12.458s] -- Searching for dependencies of ignition-common3-graphics
[12.458s] -- Looking for ignition-math6 -- found version 6.8.0
[12.579s] -- Looking for ignition-fuel_tools4 -- found version 4.3.0
[12.579s] -- Searching for dependencies of ignition-fuel_tools4
[13.148s] -- Checking for module 'jsoncpp'
[13.232s] --   Found jsoncpp, version 1.7.4
[13.336s] -- Checking for module 'libzip'
[13.373s] --   Found libzip, version 1.5.1
[13.405s] -- Looking for ignition-common3 -- found version 3.13.1
[13.405s] -- Looking for ignition-msgs5 -- found version 5.7.0
[13.542s] -- Gazebo version: 11.5
[13.542s] -- Found gazebo_msgs: 3.5.3 (/opt/ros/foxy/share/gazebo_msgs/cmake)
[13.724s] -- Found gazebo_ros: 3.5.3 (/opt/ros/foxy/share/gazebo_ros/cmake)
[13.732s] -- Found image_transport: 2.3.0 (/opt/ros/foxy/share/image_transport/cmake)
[13.766s] -- Found cv_bridge: 2.2.1 (/opt/ros/foxy/share/cv_bridge/cmake)
[13.772s] -- Found nav_msgs: 2.0.4 (/opt/ros/foxy/share/nav_msgs/cmake)
[13.834s] -- Found std_srvs: 2.0.4 (/opt/ros/foxy/share/std_srvs/cmake)
[13.841s] -- Found tf2: 0.13.10 (/opt/ros/foxy/share/tf2/cmake)
[13.849s] -- Found tf2_geometry_msgs: 0.13.10 (/opt/ros/foxy/share/tf2_geometry_msgs/cmake)
[13.920s] -- Found eigen3_cmake_module: 0.1.1 (/opt/ros/foxy/share/eigen3_cmake_module/cmake)
[14.564s] -- Found interfaces: 0.0.0 (/home/javierfr/Tesis_ws/V1/install/interfaces/share/interfaces/cmake)
[15.177s] -- Configuring done
[17.007s] -- Generating done
[17.064s] -- Build files have been written to: /home/javierfr/Tesis_ws/V1/build/gazebo_plugin_sim
[21.056s] [35m[1mScanning dependencies of target platform2_plugin[0m
[21.056s] [35m[1mScanning dependencies of target robot1_plugin[0m
[21.057s] [35m[1mScanning dependencies of target platform_plugin_test[0m
[21.057s] [35m[1mScanning dependencies of target robot2_plugin[0m
[21.057s] [35m[1mScanning dependencies of target platform1_plugin[0m
[22.056s] [ 20%] [32mBuilding CXX object CMakeFiles/platform2_plugin.dir/src/platform2_plugin.cpp.o[0m
[22.056s] [ 20%] [32mBuilding CXX object CMakeFiles/robot2_plugin.dir/src/robot2_plugin.cpp.o[0m
[22.057s] [ 30%] [32mBuilding CXX object CMakeFiles/robot1_plugin.dir/src/robot1_plugin.cpp.o[0m
[22.057s] [ 40%] [32mBuilding CXX object CMakeFiles/platform1_plugin.dir/src/platform1_plugin.cpp.o[0m
[22.063s] [ 50%] [32mBuilding CXX object CMakeFiles/platform_plugin_test.dir/src/platform_plugin_test.cpp.o[0m
[46.704s] [ 60%] [32m[1mLinking CXX shared library librobot2_plugin.so[0m
[46.834s] [ 70%] [32m[1mLinking CXX shared library libplatform2_plugin.so[0m
[46.838s] [ 80%] [32m[1mLinking CXX shared library libplatform1_plugin.so[0m
[46.886s] [ 90%] [32m[1mLinking CXX shared library librobot1_plugin.so[0m
[48.322s] [ 90%] Built target robot1_plugin
[48.333s] [ 90%] Built target platform2_plugin
[48.350s] [ 90%] Built target robot2_plugin
[48.411s] [ 90%] Built target platform1_plugin
[58.531s] [100%] [32m[1mLinking CXX shared library libplatform_plugin_test.so[0m
[59.104s] [100%] Built target platform_plugin_test
[59.115s] Invoked command in '/home/javierfr/Tesis_ws/V1/build/gazebo_plugin_sim' returned '0': CMAKE_PREFIX_PATH=${CMAKE_PREFIX_PATH}:/opt/ros/foxy /usr/bin/cmake --build /home/javierfr/Tesis_ws/V1/build/gazebo_plugin_sim -- -j12 -l12
[59.143s] Invoking command in '/home/javierfr/Tesis_ws/V1/build/gazebo_plugin_sim': CMAKE_PREFIX_PATH=${CMAKE_PREFIX_PATH}:/opt/ros/foxy /usr/bin/cmake --install /home/javierfr/Tesis_ws/V1/build/gazebo_plugin_sim
[59.150s] -- Install configuration: ""
[59.150s] -- Up-to-date: /home/javierfr/Tesis_ws/V1/install/gazebo_plugin_sim/share/gazebo_plugin_sim/environment/library_path.sh
[59.150s] -- Installing: /home/javierfr/Tesis_ws/V1/install/gazebo_plugin_sim/share/gazebo_plugin_sim/environment/library_path.dsv
[59.150s] -- Up-to-date: /home/javierfr/Tesis_ws/V1/install/gazebo_plugin_sim/share/gazebo_plugin_sim/environment/gazebo_plugin_sim.sh
[59.150s] -- Installing: /home/javierfr/Tesis_ws/V1/install/gazebo_plugin_sim/share/gazebo_plugin_sim/environment/gazebo_plugin_sim.dsv
[59.150s] -- Up-to-date: /home/javierfr/Tesis_ws/V1/install/gazebo_plugin_sim/share/ament_index/resource_index/package_run_dependencies/gazebo_plugin_sim
[59.150s] -- Up-to-date: /home/javierfr/Tesis_ws/V1/install/gazebo_plugin_sim/share/ament_index/resource_index/parent_prefix_path/gazebo_plugin_sim
[59.151s] -- Up-to-date: /home/javierfr/Tesis_ws/V1/install/gazebo_plugin_sim/share/gazebo_plugin_sim/environment/ament_prefix_path.sh
[59.151s] -- Installing: /home/javierfr/Tesis_ws/V1/install/gazebo_plugin_sim/share/gazebo_plugin_sim/environment/ament_prefix_path.dsv
[59.151s] -- Up-to-date: /home/javierfr/Tesis_ws/V1/install/gazebo_plugin_sim/share/gazebo_plugin_sim/environment/path.sh
[59.151s] -- Installing: /home/javierfr/Tesis_ws/V1/install/gazebo_plugin_sim/share/gazebo_plugin_sim/environment/path.dsv
[59.151s] -- Up-to-date: /home/javierfr/Tesis_ws/V1/install/gazebo_plugin_sim/share/gazebo_plugin_sim/local_setup.bash
[59.151s] -- Up-to-date: /home/javierfr/Tesis_ws/V1/install/gazebo_plugin_sim/share/gazebo_plugin_sim/local_setup.sh
[59.151s] -- Up-to-date: /home/javierfr/Tesis_ws/V1/install/gazebo_plugin_sim/share/gazebo_plugin_sim/local_setup.zsh
[59.151s] -- Installing: /home/javierfr/Tesis_ws/V1/install/gazebo_plugin_sim/share/gazebo_plugin_sim/local_setup.dsv
[59.151s] -- Installing: /home/javierfr/Tesis_ws/V1/install/gazebo_plugin_sim/share/gazebo_plugin_sim/package.dsv
[59.180s] -- Up-to-date: /home/javierfr/Tesis_ws/V1/install/gazebo_plugin_sim/share/ament_index/resource_index/packages/gazebo_plugin_sim
[59.181s] -- Up-to-date: /home/javierfr/Tesis_ws/V1/install/gazebo_plugin_sim/share/gazebo_plugin_sim/cmake/ament_cmake_export_libraries-extras.cmake
[59.181s] -- Up-to-date: /home/javierfr/Tesis_ws/V1/install/gazebo_plugin_sim/share/gazebo_plugin_sim/cmake/ament_cmake_export_include_directories-extras.cmake
[59.181s] -- Up-to-date: /home/javierfr/Tesis_ws/V1/install/gazebo_plugin_sim/share/gazebo_plugin_sim/cmake/ament_cmake_export_dependencies-extras.cmake
[59.181s] -- Up-to-date: /home/javierfr/Tesis_ws/V1/install/gazebo_plugin_sim/share/gazebo_plugin_sim/cmake/gazebo_plugin_simConfig.cmake
[59.181s] -- Up-to-date: /home/javierfr/Tesis_ws/V1/install/gazebo_plugin_sim/share/gazebo_plugin_sim/cmake/gazebo_plugin_simConfig-version.cmake
[59.181s] -- Up-to-date: /home/javierfr/Tesis_ws/V1/install/gazebo_plugin_sim/share/gazebo_plugin_sim/package.xml
[59.181s] -- Up-to-date: /home/javierfr/Tesis_ws/V1/install/gazebo_plugin_sim/include
[59.181s] -- Up-to-date: /home/javierfr/Tesis_ws/V1/install/gazebo_plugin_sim/include/gazebo_plugin_sim
[59.181s] -- Up-to-date: /home/javierfr/Tesis_ws/V1/install/gazebo_plugin_sim/include/gazebo_plugin_sim/robot2_plugin.hpp
[59.181s] -- Up-to-date: /home/javierfr/Tesis_ws/V1/install/gazebo_plugin_sim/include/gazebo_plugin_sim/platform2_plugin.hpp
[59.181s] -- Up-to-date: /home/javierfr/Tesis_ws/V1/install/gazebo_plugin_sim/include/gazebo_plugin_sim/platform_plugin_test.hpp
[59.181s] -- Up-to-date: /home/javierfr/Tesis_ws/V1/install/gazebo_plugin_sim/include/gazebo_plugin_sim/platform1_plugin.hpp
[59.181s] -- Up-to-date: /home/javierfr/Tesis_ws/V1/install/gazebo_plugin_sim/include/gazebo_plugin_sim/robot1_plugin.hpp
[59.212s] -- Installing: /home/javierfr/Tesis_ws/V1/install/gazebo_plugin_sim/lib/libplatform_plugin_test.so
[59.216s] -- Set runtime path of "/home/javierfr/Tesis_ws/V1/install/gazebo_plugin_sim/lib/libplatform_plugin_test.so" to ""
[59.236s] -- Installing: /home/javierfr/Tesis_ws/V1/install/gazebo_plugin_sim/lib/libplatform1_plugin.so
[59.240s] -- Set runtime path of "/home/javierfr/Tesis_ws/V1/install/gazebo_plugin_sim/lib/libplatform1_plugin.so" to ""
[59.259s] -- Installing: /home/javierfr/Tesis_ws/V1/install/gazebo_plugin_sim/lib/libplatform2_plugin.so
[59.263s] -- Set runtime path of "/home/javierfr/Tesis_ws/V1/install/gazebo_plugin_sim/lib/libplatform2_plugin.so" to ""
[59.281s] -- Installing: /home/javierfr/Tesis_ws/V1/install/gazebo_plugin_sim/lib/librobot1_plugin.so
[59.285s] -- Set runtime path of "/home/javierfr/Tesis_ws/V1/install/gazebo_plugin_sim/lib/librobot1_plugin.so" to ""
[59.297s] -- Installing: /home/javierfr/Tesis_ws/V1/install/gazebo_plugin_sim/lib/librobot2_plugin.so
[59.301s] -- Set runtime path of "/home/javierfr/Tesis_ws/V1/install/gazebo_plugin_sim/lib/librobot2_plugin.so" to ""
[59.301s] -- Up-to-date: /home/javierfr/Tesis_ws/V1/install/gazebo_plugin_sim/share/gazebo_plugin_sim//worlds
[59.301s] -- Up-to-date: /home/javierfr/Tesis_ws/V1/install/gazebo_plugin_sim/share/gazebo_plugin_sim//worlds/test_mecanum_platform.world
[59.302s] -- Up-to-date: /home/javierfr/Tesis_ws/V1/install/gazebo_plugin_sim/share/gazebo_plugin_sim//worlds/2platform_old.world
[59.302s] -- Up-to-date: /home/javierfr/Tesis_ws/V1/install/gazebo_plugin_sim/share/gazebo_plugin_sim//worlds/2platform.world
[59.302s] -- Up-to-date: /home/javierfr/Tesis_ws/V1/install/gazebo_plugin_sim/share/gazebo_plugin_sim//worlds/2robots.world
[59.304s] Invoked command in '/home/javierfr/Tesis_ws/V1/build/gazebo_plugin_sim' returned '0': CMAKE_PREFIX_PATH=${CMAKE_PREFIX_PATH}:/opt/ros/foxy /usr/bin/cmake --install /home/javierfr/Tesis_ws/V1/build/gazebo_plugin_sim
