[0.100s] Invoking command in '/home/duvanmarrugo/Robotics_Cyber_Physical_LAB/build/interfaces': CMAKE_PREFIX_PATH=${CMAKE_PREFIX_PATH}:/home/duvanmarrugo/ros2_ws/install/my_py_pkg:/opt/ros/foxy /usr/bin/cmake --build /home/duvanmarrugo/Robotics_Cyber_Physical_LAB/build/interfaces -- -j4 -l4
[0.182s] [  1%] [34m[1mGenerating C code for ROS interfaces[0m
[0.182s] [35m[1mScanning dependencies of target interfaces__cpp[0m
[0.202s] [  1%] [34m[1mGenerating C++ code for ROS interfaces[0m
[2.066s] [  1%] Built target interfaces__cpp
[2.084s] [  2%] [34m[1mGenerating C++ introspection for ROS interfaces[0m
[2.309s] [  3%] [34m[1mGenerating C++ type support for eProsima Fast-RTPS[0m
[2.309s] [  4%] [34m[1mGenerating C++ type support dispatch for ROS interfaces[0m
[2.309s] [35m[1mScanning dependencies of target interfaces__rosidl_generator_c[0m
[2.373s] [  5%] [32mBuilding C object CMakeFiles/interfaces__rosidl_generator_c.dir/rosidl_generator_c/interfaces/srv/detail/platform_vel__functions.c.o[0m
[2.571s] [  6%] [32mBuilding C object CMakeFiles/interfaces__rosidl_generator_c.dir/rosidl_generator_c/interfaces/msg/detail/motor_vels__functions.c.o[0m
[2.719s] [  7%] [32mBuilding C object CMakeFiles/interfaces__rosidl_generator_c.dir/rosidl_generator_c/interfaces/msg/detail/img_data__functions.c.o[0m
[2.788s] [  8%] [32mBuilding C object CMakeFiles/interfaces__rosidl_generator_c.dir/rosidl_generator_c/interfaces/srv/detail/control_pid_start__functions.c.o[0m
[2.864s] [  9%] [32mBuilding C object CMakeFiles/interfaces__rosidl_generator_c.dir/rosidl_generator_c/interfaces/msg/detail/plat_state__functions.c.o[0m
[2.930s] [ 10%] [32mBuilding C object CMakeFiles/interfaces__rosidl_generator_c.dir/rosidl_generator_c/interfaces/msg/detail/control_data__functions.c.o[0m
[2.997s] [ 11%] [32mBuilding C object CMakeFiles/interfaces__rosidl_generator_c.dir/rosidl_generator_c/interfaces/msg/detail/motor_vels_w_arm__functions.c.o[0m
[3.063s] [ 12%] [32mBuilding C object CMakeFiles/interfaces__rosidl_generator_c.dir/rosidl_generator_c/interfaces/msg/detail/limit_switch__functions.c.o[0m
[3.130s] [ 13%] [32mBuilding C object CMakeFiles/interfaces__rosidl_generator_c.dir/rosidl_generator_c/interfaces/srv/detail/robot_vel__functions.c.o[0m
[3.208s] [ 14%] [32mBuilding C object CMakeFiles/interfaces__rosidl_generator_c.dir/rosidl_generator_c/interfaces/msg/detail/robot_state__functions.c.o[0m
[3.276s] [ 15%] [32m[1mLinking C shared library libinterfaces__rosidl_generator_c.so[0m
[3.348s] [ 15%] Built target interfaces__rosidl_generator_c
[3.369s] [ 16%] [34m[1mGenerating C type support dispatch for ROS interfaces[0m
[3.371s] [35m[1mScanning dependencies of target interfaces__rosidl_typesupport_cpp[0m
[3.407s] [ 17%] [32mBuilding CXX object CMakeFiles/interfaces__rosidl_typesupport_cpp.dir/rosidl_typesupport_cpp/interfaces/srv/platform_vel__type_support.cpp.o[0m
[3.619s] [35m[1mScanning dependencies of target interfaces__rosidl_typesupport_introspection_cpp[0m
[3.656s] [ 18%] [32mBuilding CXX object CMakeFiles/interfaces__rosidl_typesupport_introspection_cpp.dir/rosidl_typesupport_introspection_cpp/interfaces/srv/detail/platform_vel__type_support.cpp.o[0m
[4.016s] [ 19%] [32mBuilding CXX object CMakeFiles/interfaces__rosidl_typesupport_cpp.dir/rosidl_typesupport_cpp/interfaces/msg/motor_vels__type_support.cpp.o[0m
[4.112s] [35m[1mScanning dependencies of target interfaces__rosidl_typesupport_fastrtps_cpp[0m
[4.175s] [ 20%] [32mBuilding CXX object CMakeFiles/interfaces__rosidl_typesupport_fastrtps_cpp.dir/rosidl_typesupport_fastrtps_cpp/interfaces/srv/detail/dds_fastrtps/platform_vel__type_support.cpp.o[0m
[4.197s] [ 21%] [32mBuilding CXX object CMakeFiles/interfaces__rosidl_typesupport_introspection_cpp.dir/rosidl_typesupport_introspection_cpp/interfaces/msg/detail/motor_vels__type_support.cpp.o[0m
[4.478s] [35m[1mScanning dependencies of target interfaces__rosidl_typesupport_c[0m
[4.516s] [ 22%] [32mBuilding CXX object CMakeFiles/interfaces__rosidl_typesupport_c.dir/rosidl_typesupport_c/interfaces/srv/platform_vel__type_support.cpp.o[0m
[4.570s] [ 23%] [32mBuilding CXX object CMakeFiles/interfaces__rosidl_typesupport_cpp.dir/rosidl_typesupport_cpp/interfaces/msg/img_data__type_support.cpp.o[0m
[4.580s] [ 24%] [32mBuilding CXX object CMakeFiles/interfaces__rosidl_typesupport_c.dir/rosidl_typesupport_c/interfaces/msg/motor_vels__type_support.cpp.o[0m
[4.640s] [ 25%] [32mBuilding CXX object CMakeFiles/interfaces__rosidl_typesupport_c.dir/rosidl_typesupport_c/interfaces/msg/img_data__type_support.cpp.o[0m
[4.697s] [ 26%] [32mBuilding CXX object CMakeFiles/interfaces__rosidl_typesupport_c.dir/rosidl_typesupport_c/interfaces/srv/control_pid_start__type_support.cpp.o[0m
[4.759s] [ 27%] [32mBuilding CXX object CMakeFiles/interfaces__rosidl_typesupport_introspection_cpp.dir/rosidl_typesupport_introspection_cpp/interfaces/msg/detail/img_data__type_support.cpp.o[0m
[4.761s] [ 28%] [32mBuilding CXX object CMakeFiles/interfaces__rosidl_typesupport_c.dir/rosidl_typesupport_c/interfaces/msg/plat_state__type_support.cpp.o[0m
[4.821s] [ 29%] [32mBuilding CXX object CMakeFiles/interfaces__rosidl_typesupport_c.dir/rosidl_typesupport_c/interfaces/msg/control_data__type_support.cpp.o[0m
[4.882s] [ 30%] [32mBuilding CXX object CMakeFiles/interfaces__rosidl_typesupport_c.dir/rosidl_typesupport_c/interfaces/msg/motor_vels_w_arm__type_support.cpp.o[0m
[4.951s] [ 31%] [32mBuilding CXX object CMakeFiles/interfaces__rosidl_typesupport_c.dir/rosidl_typesupport_c/interfaces/msg/limit_switch__type_support.cpp.o[0m
[5.010s] [ 31%] [32mBuilding CXX object CMakeFiles/interfaces__rosidl_typesupport_c.dir/rosidl_typesupport_c/interfaces/srv/robot_vel__type_support.cpp.o[0m
[5.067s] [ 32%] [32mBuilding CXX object CMakeFiles/interfaces__rosidl_typesupport_fastrtps_cpp.dir/rosidl_typesupport_fastrtps_cpp/interfaces/msg/detail/dds_fastrtps/motor_vels__type_support.cpp.o[0m
[5.073s] [ 33%] [32mBuilding CXX object CMakeFiles/interfaces__rosidl_typesupport_c.dir/rosidl_typesupport_c/interfaces/msg/robot_state__type_support.cpp.o[0m
[5.129s] [ 34%] [32m[1mLinking CXX shared library libinterfaces__rosidl_typesupport_c.so[0m
[5.161s] [ 35%] [32mBuilding CXX object CMakeFiles/interfaces__rosidl_typesupport_cpp.dir/rosidl_typesupport_cpp/interfaces/srv/control_pid_start__type_support.cpp.o[0m
[5.218s] [ 35%] Built target interfaces__rosidl_typesupport_c
[5.237s] [ 36%] [34m[1mGenerating C introspection for ROS interfaces[0m
[5.324s] [ 37%] [32mBuilding CXX object CMakeFiles/interfaces__rosidl_typesupport_introspection_cpp.dir/rosidl_typesupport_introspection_cpp/interfaces/srv/detail/control_pid_start__type_support.cpp.o[0m
[5.687s] [ 38%] [32mBuilding CXX object CMakeFiles/interfaces__rosidl_typesupport_cpp.dir/rosidl_typesupport_cpp/interfaces/msg/plat_state__type_support.cpp.o[0m
[5.871s] [ 39%] [32mBuilding CXX object CMakeFiles/interfaces__rosidl_typesupport_introspection_cpp.dir/rosidl_typesupport_introspection_cpp/interfaces/msg/detail/plat_state__type_support.cpp.o[0m
[5.876s] [ 39%] [32mBuilding CXX object CMakeFiles/interfaces__rosidl_typesupport_fastrtps_cpp.dir/rosidl_typesupport_fastrtps_cpp/interfaces/msg/detail/dds_fastrtps/img_data__type_support.cpp.o[0m
[6.242s] [ 40%] [32mBuilding CXX object CMakeFiles/interfaces__rosidl_typesupport_cpp.dir/rosidl_typesupport_cpp/interfaces/msg/control_data__type_support.cpp.o[0m
[6.451s] [ 41%] [32mBuilding CXX object CMakeFiles/interfaces__rosidl_typesupport_introspection_cpp.dir/rosidl_typesupport_introspection_cpp/interfaces/msg/detail/control_data__type_support.cpp.o[0m
[6.781s] [ 42%] [32mBuilding CXX object CMakeFiles/interfaces__rosidl_typesupport_fastrtps_cpp.dir/rosidl_typesupport_fastrtps_cpp/interfaces/srv/detail/dds_fastrtps/control_pid_start__type_support.cpp.o[0m
[6.796s] [ 43%] [32mBuilding CXX object CMakeFiles/interfaces__rosidl_typesupport_cpp.dir/rosidl_typesupport_cpp/interfaces/msg/motor_vels_w_arm__type_support.cpp.o[0m
[6.847s] [35m[1mScanning dependencies of target interfaces__rosidl_typesupport_introspection_c[0m
[6.883s] [ 44%] [32mBuilding C object CMakeFiles/interfaces__rosidl_typesupport_introspection_c.dir/rosidl_typesupport_introspection_c/interfaces/srv/detail/platform_vel__type_support.c.o[0m
[6.948s] [ 45%] [32mBuilding C object CMakeFiles/interfaces__rosidl_typesupport_introspection_c.dir/rosidl_typesupport_introspection_c/interfaces/msg/detail/motor_vels__type_support.c.o[0m
[7.008s] [ 46%] [32mBuilding C object CMakeFiles/interfaces__rosidl_typesupport_introspection_c.dir/rosidl_typesupport_introspection_c/interfaces/msg/detail/img_data__type_support.c.o[0m
[7.019s] [ 47%] [32mBuilding CXX object CMakeFiles/interfaces__rosidl_typesupport_introspection_cpp.dir/rosidl_typesupport_introspection_cpp/interfaces/msg/detail/motor_vels_w_arm__type_support.cpp.o[0m
[7.068s] [ 48%] [32mBuilding C object CMakeFiles/interfaces__rosidl_typesupport_introspection_c.dir/rosidl_typesupport_introspection_c/interfaces/srv/detail/control_pid_start__type_support.c.o[0m
[7.136s] [ 49%] [32mBuilding C object CMakeFiles/interfaces__rosidl_typesupport_introspection_c.dir/rosidl_typesupport_introspection_c/interfaces/msg/detail/plat_state__type_support.c.o[0m
[7.231s] [ 50%] [32mBuilding C object CMakeFiles/interfaces__rosidl_typesupport_introspection_c.dir/rosidl_typesupport_introspection_c/interfaces/msg/detail/control_data__type_support.c.o[0m
[7.316s] [ 51%] [32mBuilding C object CMakeFiles/interfaces__rosidl_typesupport_introspection_c.dir/rosidl_typesupport_introspection_c/interfaces/msg/detail/motor_vels_w_arm__type_support.c.o[0m
[7.380s] [ 52%] [32mBuilding C object CMakeFiles/interfaces__rosidl_typesupport_introspection_c.dir/rosidl_typesupport_introspection_c/interfaces/msg/detail/limit_switch__type_support.c.o[0m
[7.420s] [ 53%] [32mBuilding CXX object CMakeFiles/interfaces__rosidl_typesupport_cpp.dir/rosidl_typesupport_cpp/interfaces/msg/limit_switch__type_support.cpp.o[0m
[7.450s] [ 54%] [32mBuilding C object CMakeFiles/interfaces__rosidl_typesupport_introspection_c.dir/rosidl_typesupport_introspection_c/interfaces/srv/detail/robot_vel__type_support.c.o[0m
[7.521s] [ 55%] [32mBuilding C object CMakeFiles/interfaces__rosidl_typesupport_introspection_c.dir/rosidl_typesupport_introspection_c/interfaces/msg/detail/robot_state__type_support.c.o[0m
[7.583s] [ 56%] [32m[1mLinking C shared library libinterfaces__rosidl_typesupport_introspection_c.so[0m
[7.646s] [ 56%] Built target interfaces__rosidl_typesupport_introspection_c
[7.655s] [ 57%] [32mBuilding CXX object CMakeFiles/interfaces__rosidl_typesupport_introspection_cpp.dir/rosidl_typesupport_introspection_cpp/interfaces/msg/detail/limit_switch__type_support.cpp.o[0m
[7.661s] [ 58%] [32mBuilding CXX object CMakeFiles/interfaces__rosidl_typesupport_fastrtps_cpp.dir/rosidl_typesupport_fastrtps_cpp/interfaces/msg/detail/dds_fastrtps/plat_state__type_support.cpp.o[0m
[7.664s] [ 59%] [32mBuilding CXX object CMakeFiles/interfaces__rosidl_typesupport_fastrtps_cpp.dir/rosidl_typesupport_fastrtps_cpp/interfaces/msg/detail/dds_fastrtps/control_data__type_support.cpp.o[0m
[7.981s] [ 60%] [32mBuilding CXX object CMakeFiles/interfaces__rosidl_typesupport_cpp.dir/rosidl_typesupport_cpp/interfaces/srv/robot_vel__type_support.cpp.o[0m
[8.214s] [ 61%] [32mBuilding CXX object CMakeFiles/interfaces__rosidl_typesupport_introspection_cpp.dir/rosidl_typesupport_introspection_cpp/interfaces/srv/detail/robot_vel__type_support.cpp.o[0m
[8.501s] [ 62%] [32mBuilding CXX object CMakeFiles/interfaces__rosidl_typesupport_fastrtps_cpp.dir/rosidl_typesupport_fastrtps_cpp/interfaces/msg/detail/dds_fastrtps/motor_vels_w_arm__type_support.cpp.o[0m
[8.553s] [ 63%] [32mBuilding CXX object CMakeFiles/interfaces__rosidl_typesupport_fastrtps_cpp.dir/rosidl_typesupport_fastrtps_cpp/interfaces/msg/detail/dds_fastrtps/limit_switch__type_support.cpp.o[0m
[8.593s] [ 64%] [32mBuilding CXX object CMakeFiles/interfaces__rosidl_typesupport_cpp.dir/rosidl_typesupport_cpp/interfaces/msg/robot_state__type_support.cpp.o[0m
[8.810s] [ 65%] [32mBuilding CXX object CMakeFiles/interfaces__rosidl_typesupport_introspection_cpp.dir/rosidl_typesupport_introspection_cpp/interfaces/msg/detail/robot_state__type_support.cpp.o[0m
[9.137s] [ 66%] [32m[1mLinking CXX shared library libinterfaces__rosidl_typesupport_cpp.so[0m
[9.229s] [ 66%] Built target interfaces__rosidl_typesupport_cpp
[9.247s] [ 67%] [32mBuilding CXX object CMakeFiles/interfaces__rosidl_typesupport_fastrtps_cpp.dir/rosidl_typesupport_fastrtps_cpp/interfaces/srv/detail/dds_fastrtps/robot_vel__type_support.cpp.o[0m
[9.332s] [ 68%] [32mBuilding CXX object CMakeFiles/interfaces__rosidl_typesupport_fastrtps_cpp.dir/rosidl_typesupport_fastrtps_cpp/interfaces/msg/detail/dds_fastrtps/robot_state__type_support.cpp.o[0m
[9.369s] [ 69%] [32m[1mLinking CXX shared library libinterfaces__rosidl_typesupport_introspection_cpp.so[0m
[9.448s] [ 69%] Built target interfaces__rosidl_typesupport_introspection_cpp
[9.903s] [ 70%] [32m[1mLinking CXX shared library libinterfaces__rosidl_typesupport_fastrtps_cpp.so[0m
[10.038s] [ 70%] Built target interfaces__rosidl_typesupport_fastrtps_cpp
[10.052s] [ 71%] [34m[1mGenerating C type support for eProsima Fast-RTPS[0m
[10.828s] [35m[1mScanning dependencies of target interfaces__rosidl_typesupport_fastrtps_c[0m
[10.867s] [ 72%] [32mBuilding CXX object CMakeFiles/interfaces__rosidl_typesupport_fastrtps_c.dir/rosidl_typesupport_fastrtps_c/interfaces/srv/detail/platform_vel__type_support_c.cpp.o[0m
[10.868s] [ 73%] [32mBuilding CXX object CMakeFiles/interfaces__rosidl_typesupport_fastrtps_c.dir/rosidl_typesupport_fastrtps_c/interfaces/srv/detail/control_pid_start__type_support_c.cpp.o[0m
[10.868s] [ 74%] [32mBuilding CXX object CMakeFiles/interfaces__rosidl_typesupport_fastrtps_c.dir/rosidl_typesupport_fastrtps_c/interfaces/msg/detail/motor_vels__type_support_c.cpp.o[0m
[10.869s] [ 75%] [32mBuilding CXX object CMakeFiles/interfaces__rosidl_typesupport_fastrtps_c.dir/rosidl_typesupport_fastrtps_c/interfaces/msg/detail/img_data__type_support_c.cpp.o[0m
[11.532s] [ 76%] [32mBuilding CXX object CMakeFiles/interfaces__rosidl_typesupport_fastrtps_c.dir/rosidl_typesupport_fastrtps_c/interfaces/msg/detail/plat_state__type_support_c.cpp.o[0m
[11.550s] [ 77%] [32mBuilding CXX object CMakeFiles/interfaces__rosidl_typesupport_fastrtps_c.dir/rosidl_typesupport_fastrtps_c/interfaces/msg/detail/control_data__type_support_c.cpp.o[0m
[11.555s] [ 78%] [32mBuilding CXX object CMakeFiles/interfaces__rosidl_typesupport_fastrtps_c.dir/rosidl_typesupport_fastrtps_c/interfaces/msg/detail/motor_vels_w_arm__type_support_c.cpp.o[0m
[11.555s] [ 79%] [32mBuilding CXX object CMakeFiles/interfaces__rosidl_typesupport_fastrtps_c.dir/rosidl_typesupport_fastrtps_c/interfaces/msg/detail/limit_switch__type_support_c.cpp.o[0m
[12.279s] [ 80%] [32mBuilding CXX object CMakeFiles/interfaces__rosidl_typesupport_fastrtps_c.dir/rosidl_typesupport_fastrtps_c/interfaces/srv/detail/robot_vel__type_support_c.cpp.o[0m
[12.297s] [ 81%] [32mBuilding CXX object CMakeFiles/interfaces__rosidl_typesupport_fastrtps_c.dir/rosidl_typesupport_fastrtps_c/interfaces/msg/detail/robot_state__type_support_c.cpp.o[0m
[12.732s] [ 82%] [32m[1mLinking CXX shared library libinterfaces__rosidl_typesupport_fastrtps_c.so[0m
[12.858s] [ 82%] Built target interfaces__rosidl_typesupport_fastrtps_c
[12.872s] [35m[1mScanning dependencies of target interfaces[0m
[12.887s] [ 82%] Built target interfaces
[12.901s] [35m[1mScanning dependencies of target interfaces__py[0m
[12.915s] [ 83%] [34m[1mGenerating Python code for ROS interfaces[0m
[14.709s] [ 83%] Built target interfaces__py
[14.722s] [35m[1mScanning dependencies of target interfaces__python[0m
[14.797s] [ 85%] [32mBuilding C object CMakeFiles/interfaces__python.dir/rosidl_generator_py/interfaces/msg/_motor_vels_s.c.o[0m
[14.797s] [ 86%] [32mBuilding C object CMakeFiles/interfaces__python.dir/rosidl_generator_py/interfaces/msg/_img_data_s.c.o[0m
[14.797s] [ 87%] [32mBuilding C object CMakeFiles/interfaces__python.dir/rosidl_generator_py/interfaces/srv/_control_pid_start_s.c.o[0m
[14.798s] [ 85%] [32mBuilding C object CMakeFiles/interfaces__python.dir/rosidl_generator_py/interfaces/srv/_platform_vel_s.c.o[0m
[14.991s] [ 88%] [32mBuilding C object CMakeFiles/interfaces__python.dir/rosidl_generator_py/interfaces/msg/_plat_state_s.c.o[0m
[14.997s] [ 89%] [32mBuilding C object CMakeFiles/interfaces__python.dir/rosidl_generator_py/interfaces/msg/_control_data_s.c.o[0m
[15.000s] [ 90%] [32mBuilding C object CMakeFiles/interfaces__python.dir/rosidl_generator_py/interfaces/msg/_motor_vels_w_arm_s.c.o[0m
[15.005s] [ 91%] [32mBuilding C object CMakeFiles/interfaces__python.dir/rosidl_generator_py/interfaces/msg/_limit_switch_s.c.o[0m
[15.166s] [ 92%] [32mBuilding C object CMakeFiles/interfaces__python.dir/rosidl_generator_py/interfaces/srv/_robot_vel_s.c.o[0m
[15.189s] [ 93%] [32mBuilding C object CMakeFiles/interfaces__python.dir/rosidl_generator_py/interfaces/msg/_robot_state_s.c.o[0m
[15.361s] [ 94%] [32m[1mLinking C shared library rosidl_generator_py/interfaces/libinterfaces__python.so[0m
[15.429s] [ 94%] Built target interfaces__python
[15.448s] [35m[1mScanning dependencies of target interfaces__rosidl_typesupport_c__pyext[0m
[15.449s] [35m[1mScanning dependencies of target interfaces__rosidl_typesupport_fastrtps_c__pyext[0m
[15.450s] [35m[1mScanning dependencies of target interfaces__rosidl_typesupport_introspection_c__pyext[0m
[15.502s] [ 95%] [32mBuilding C object CMakeFiles/interfaces__rosidl_typesupport_c__pyext.dir/rosidl_generator_py/interfaces/_interfaces_s.ep.rosidl_typesupport_c.c.o[0m
[15.507s] [ 96%] [32mBuilding C object CMakeFiles/interfaces__rosidl_typesupport_introspection_c__pyext.dir/rosidl_generator_py/interfaces/_interfaces_s.ep.rosidl_typesupport_introspection_c.c.o[0m
[15.509s] [ 97%] [32mBuilding C object CMakeFiles/interfaces__rosidl_typesupport_fastrtps_c__pyext.dir/rosidl_generator_py/interfaces/_interfaces_s.ep.rosidl_typesupport_fastrtps_c.c.o[0m
[15.749s] [ 98%] [32m[1mLinking C shared library rosidl_generator_py/interfaces/interfaces_s__rosidl_typesupport_introspection_c.cpython-38-x86_64-linux-gnu.so[0m
[15.769s] [ 99%] [32m[1mLinking C shared library rosidl_generator_py/interfaces/interfaces_s__rosidl_typesupport_c.cpython-38-x86_64-linux-gnu.so[0m
[15.787s] [100%] [32m[1mLinking CXX shared library rosidl_generator_py/interfaces/interfaces_s__rosidl_typesupport_fastrtps_c.cpython-38-x86_64-linux-gnu.so[0m
[15.869s] [100%] Built target interfaces__rosidl_typesupport_c__pyext
[15.869s] [100%] Built target interfaces__rosidl_typesupport_introspection_c__pyext
[15.936s] [100%] Built target interfaces__rosidl_typesupport_fastrtps_c__pyext
