[0.139s] Invoking command in '/home/javierfr/microros_ws/uros_ws/build/micro_ros_setup': CMAKE_PREFIX_PATH=/opt/ros/foxy /usr/bin/cmake /home/javierfr/microros_ws/uros_ws/src/micro_ros_setup -DCMAKE_INSTALL_PREFIX=/home/javierfr/microros_ws/uros_ws/install/micro_ros_setup
[0.183s] -- The C compiler identification is GNU 9.4.0
[0.225s] -- The CXX compiler identification is GNU 9.4.0
[0.228s] -- Check for working C compiler: /usr/bin/cc
[0.285s] -- Check for working C compiler: /usr/bin/cc -- works
[0.286s] -- Detecting C compiler ABI info
[0.345s] -- Detecting C compiler ABI info - done
[0.356s] -- Detecting C compile features
[0.356s] -- Detecting C compile features - done
[0.358s] -- Check for working CXX compiler: /usr/bin/c++
[0.422s] -- Check for working CXX compiler: /usr/bin/c++ -- works
[0.422s] -- Detecting CXX compiler ABI info
[0.487s] -- Detecting CXX compiler ABI info - done
[0.497s] -- Detecting CXX compile features
[0.498s] -- Detecting CXX compile features - done
[0.500s] -- Found ament_cmake: 0.9.12 (/opt/ros/foxy/share/ament_cmake/cmake)
[0.520s] -- Found PythonInterp: /usr/bin/python3 (found suitable version "3.8.10", minimum required is "3") 
[0.520s] -- Using PYTHON_EXECUTABLE: /usr/bin/python3
[0.697s] -- Found ament_lint_auto: 0.9.8 (/opt/ros/foxy/share/ament_lint_auto/cmake)
[0.756s] -- Added test 'copyright' to check source files copyright and LICENSE
[0.771s] -- Added test 'flake8' to check Python code syntax and style conventions
[0.773s] -- Added test 'lint_cmake' to check CMake code style
[0.774s] -- Added test 'pep257' to check Python code against some of the style conventions in PEP 257
[0.782s] -- Added test 'xmllint' to check XML markup files
[0.784s] -- Configuring done
[0.785s] -- Generating done
[0.786s] -- Build files have been written to: /home/javierfr/microros_ws/uros_ws/build/micro_ros_setup
[0.789s] Invoked command in '/home/javierfr/microros_ws/uros_ws/build/micro_ros_setup' returned '0': CMAKE_PREFIX_PATH=/opt/ros/foxy /usr/bin/cmake /home/javierfr/microros_ws/uros_ws/src/micro_ros_setup -DCMAKE_INSTALL_PREFIX=/home/javierfr/microros_ws/uros_ws/install/micro_ros_setup
[0.791s] Invoking command in '/home/javierfr/microros_ws/uros_ws/build/micro_ros_setup': CMAKE_PREFIX_PATH=/opt/ros/foxy /usr/bin/cmake --build /home/javierfr/microros_ws/uros_ws/build/micro_ros_setup -- -j12 -l12
[0.822s] Invoked command in '/home/javierfr/microros_ws/uros_ws/build/micro_ros_setup' returned '0': CMAKE_PREFIX_PATH=/opt/ros/foxy /usr/bin/cmake --build /home/javierfr/microros_ws/uros_ws/build/micro_ros_setup -- -j12 -l12
[0.851s] Invoking command in '/home/javierfr/microros_ws/uros_ws/build/micro_ros_setup': CMAKE_PREFIX_PATH=/opt/ros/foxy /usr/bin/cmake --install /home/javierfr/microros_ws/uros_ws/build/micro_ros_setup
[0.860s] -- Install configuration: ""
[0.860s] -- Installing: /home/javierfr/microros_ws/uros_ws/install/micro_ros_setup/share/ament_index/resource_index/package_run_dependencies/micro_ros_setup
[0.860s] -- Installing: /home/javierfr/microros_ws/uros_ws/install/micro_ros_setup/share/ament_index/resource_index/parent_prefix_path/micro_ros_setup
[0.860s] -- Installing: /home/javierfr/microros_ws/uros_ws/install/micro_ros_setup/share/micro_ros_setup/environment/ament_prefix_path.sh
[0.861s] -- Installing: /home/javierfr/microros_ws/uros_ws/install/micro_ros_setup/share/micro_ros_setup/environment/ament_prefix_path.dsv
[0.861s] -- Installing: /home/javierfr/microros_ws/uros_ws/install/micro_ros_setup/share/micro_ros_setup/environment/path.sh
[0.861s] -- Installing: /home/javierfr/microros_ws/uros_ws/install/micro_ros_setup/share/micro_ros_setup/environment/path.dsv
[0.861s] -- Installing: /home/javierfr/microros_ws/uros_ws/install/micro_ros_setup/share/micro_ros_setup/local_setup.bash
[0.861s] -- Installing: /home/javierfr/microros_ws/uros_ws/install/micro_ros_setup/share/micro_ros_setup/local_setup.sh
[0.861s] -- Installing: /home/javierfr/microros_ws/uros_ws/install/micro_ros_setup/share/micro_ros_setup/local_setup.zsh
[0.861s] -- Installing: /home/javierfr/microros_ws/uros_ws/install/micro_ros_setup/share/micro_ros_setup/local_setup.dsv
[0.861s] -- Installing: /home/javierfr/microros_ws/uros_ws/install/micro_ros_setup/share/micro_ros_setup/package.dsv
[0.862s] -- Installing: /home/javierfr/microros_ws/uros_ws/install/micro_ros_setup/share/ament_index/resource_index/packages/micro_ros_setup
[0.862s] -- Installing: /home/javierfr/microros_ws/uros_ws/install/micro_ros_setup/share/micro_ros_setup/cmake/micro_ros_setupConfig.cmake
[0.862s] -- Installing: /home/javierfr/microros_ws/uros_ws/install/micro_ros_setup/share/micro_ros_setup/cmake/micro_ros_setupConfig-version.cmake
[0.862s] -- Installing: /home/javierfr/microros_ws/uros_ws/install/micro_ros_setup/share/micro_ros_setup/package.xml
[0.862s] -- Installing: /home/javierfr/microros_ws/uros_ws/install/micro_ros_setup/./config
[0.862s] -- Installing: /home/javierfr/microros_ws/uros_ws/install/micro_ros_setup/./config/generate_lib
[0.863s] -- Installing: /home/javierfr/microros_ws/uros_ws/install/micro_ros_setup/./config/generate_lib/generic
[0.863s] -- Installing: /home/javierfr/microros_ws/uros_ws/install/micro_ros_setup/./config/generate_lib/generic/demo_toolchain.cmake
[0.863s] -- Installing: /home/javierfr/microros_ws/uros_ws/install/micro_ros_setup/./config/generate_lib/generic/client-colcon.meta
[0.863s] -- Installing: /home/javierfr/microros_ws/uros_ws/install/micro_ros_setup/./config/generate_lib/generic/build.sh
[0.863s] -- Installing: /home/javierfr/microros_ws/uros_ws/install/micro_ros_setup/./config/generate_lib/generic/create.sh
[0.863s] -- Installing: /home/javierfr/microros_ws/uros_ws/install/micro_ros_setup/./config/generate_lib/generic/flash.sh
[0.863s] -- Installing: /home/javierfr/microros_ws/uros_ws/install/micro_ros_setup/./config/generate_lib/generic/package.xml
[0.863s] -- Installing: /home/javierfr/microros_ws/uros_ws/install/micro_ros_setup/./config/generate_lib/generic/client_uros_packages.repos
[0.863s] -- Installing: /home/javierfr/microros_ws/uros_ws/install/micro_ros_setup/./config/generate_lib/dev_uros_packages.repos
[0.863s] -- Installing: /home/javierfr/microros_ws/uros_ws/install/micro_ros_setup/./config/generate_lib/dev_ros2_packages.txt
[0.863s] -- Installing: /home/javierfr/microros_ws/uros_ws/install/micro_ros_setup/./config/agent_ros2_packages.txt
[0.863s] -- Installing: /home/javierfr/microros_ws/uros_ws/install/micro_ros_setup/./config/renesas_ra
[0.864s] -- Installing: /home/javierfr/microros_ws/uros_ws/install/micro_ros_setup/./config/renesas_ra/ra6m5
[0.864s] -- Installing: /home/javierfr/microros_ws/uros_ws/install/micro_ros_setup/./config/renesas_ra/ra6m5/client-colcon.meta
[0.864s] -- Installing: /home/javierfr/microros_ws/uros_ws/install/micro_ros_setup/./config/renesas_ra/ra6m5/build.sh
[0.864s] -- Installing: /home/javierfr/microros_ws/uros_ws/install/micro_ros_setup/./config/renesas_ra/ra6m5/configure.sh
[0.864s] -- Installing: /home/javierfr/microros_ws/uros_ws/install/micro_ros_setup/./config/renesas_ra/ra6m5/board.repos
[0.864s] -- Installing: /home/javierfr/microros_ws/uros_ws/install/micro_ros_setup/./config/renesas_ra/ra6m5/create.sh
[0.864s] -- Installing: /home/javierfr/microros_ws/uros_ws/install/micro_ros_setup/./config/renesas_ra/ra6m5/flash.sh
[0.864s] -- Installing: /home/javierfr/microros_ws/uros_ws/install/micro_ros_setup/./config/renesas_ra/ra6m5/client_uros_packages.repos
[0.864s] -- Installing: /home/javierfr/microros_ws/uros_ws/install/micro_ros_setup/./config/renesas_ra/list_apps.sh
[0.864s] -- Installing: /home/javierfr/microros_ws/uros_ws/install/micro_ros_setup/./config/renesas_ra/dev_uros_packages.repos
[0.864s] -- Installing: /home/javierfr/microros_ws/uros_ws/install/micro_ros_setup/./config/renesas_ra/dev_ros2_packages.txt
[0.865s] -- Installing: /home/javierfr/microros_ws/uros_ws/install/micro_ros_setup/./config/zephyr
[0.865s] -- Installing: /home/javierfr/microros_ws/uros_ws/install/micro_ros_setup/./config/zephyr/generic
[0.865s] -- Installing: /home/javierfr/microros_ws/uros_ws/install/micro_ros_setup/./config/zephyr/generic/client-colcon.meta
[0.865s] -- Installing: /home/javierfr/microros_ws/uros_ws/install/micro_ros_setup/./config/zephyr/generic/build.sh
[0.865s] -- Installing: /home/javierfr/microros_ws/uros_ws/install/micro_ros_setup/./config/zephyr/generic/configure.sh
[0.865s] -- Installing: /home/javierfr/microros_ws/uros_ws/install/micro_ros_setup/./config/zephyr/generic/supported_platforms
[0.865s] -- Installing: /home/javierfr/microros_ws/uros_ws/install/micro_ros_setup/./config/zephyr/generic/board.repos
[0.865s] -- Installing: /home/javierfr/microros_ws/uros_ws/install/micro_ros_setup/./config/zephyr/generic/create.sh
[0.865s] -- Installing: /home/javierfr/microros_ws/uros_ws/install/micro_ros_setup/./config/zephyr/generic/flash.sh
[0.865s] -- Installing: /home/javierfr/microros_ws/uros_ws/install/micro_ros_setup/./config/zephyr/generic/package.xml
[0.865s] -- Installing: /home/javierfr/microros_ws/uros_ws/install/micro_ros_setup/./config/zephyr/generic/client_uros_packages.repos
[0.866s] -- Installing: /home/javierfr/microros_ws/uros_ws/install/micro_ros_setup/./config/zephyr/generic/reset.sh
[0.866s] -- Installing: /home/javierfr/microros_ws/uros_ws/install/micro_ros_setup/./config/zephyr/list_apps.sh
[0.866s] -- Installing: /home/javierfr/microros_ws/uros_ws/install/micro_ros_setup/./config/zephyr/dev_uros_packages.repos
[0.866s] -- Installing: /home/javierfr/microros_ws/uros_ws/install/micro_ros_setup/./config/zephyr/dev_ros2_packages.txt
[0.866s] -- Installing: /home/javierfr/microros_ws/uros_ws/install/micro_ros_setup/./config/utils.sh
[0.866s] -- Installing: /home/javierfr/microros_ws/uros_ws/install/micro_ros_setup/./config/nuttx
[0.866s] -- Installing: /home/javierfr/microros_ws/uros_ws/install/micro_ros_setup/./config/nuttx/generic
[0.866s] -- Installing: /home/javierfr/microros_ws/uros_ws/install/micro_ros_setup/./config/nuttx/generic/client-colcon.meta
[0.866s] -- Installing: /home/javierfr/microros_ws/uros_ws/install/micro_ros_setup/./config/nuttx/generic/build.sh
[0.866s] -- Installing: /home/javierfr/microros_ws/uros_ws/install/micro_ros_setup/./config/nuttx/generic/configure.sh
[0.866s] -- Installing: /home/javierfr/microros_ws/uros_ws/install/micro_ros_setup/./config/nuttx/generic/supported_platforms
[0.867s] -- Installing: /home/javierfr/microros_ws/uros_ws/install/micro_ros_setup/./config/nuttx/generic/create.sh
[0.867s] -- Installing: /home/javierfr/microros_ws/uros_ws/install/micro_ros_setup/./config/nuttx/generic/flash.sh
[0.867s] -- Installing: /home/javierfr/microros_ws/uros_ws/install/micro_ros_setup/./config/nuttx/generic/package.xml
[0.867s] -- Installing: /home/javierfr/microros_ws/uros_ws/install/micro_ros_setup/./config/nuttx/generic/client_uros_packages.repos
[0.867s] -- Installing: /home/javierfr/microros_ws/uros_ws/install/micro_ros_setup/./config/nuttx/generic/uros_packages.repos
[0.867s] -- Installing: /home/javierfr/microros_ws/uros_ws/install/micro_ros_setup/./config/nuttx/generic/reset.sh
[0.867s] -- Installing: /home/javierfr/microros_ws/uros_ws/install/micro_ros_setup/./config/nuttx/dev_uros_packages.repos
[0.867s] -- Installing: /home/javierfr/microros_ws/uros_ws/install/micro_ros_setup/./config/nuttx/dev_ros2_packages.txt
[0.867s] -- Installing: /home/javierfr/microros_ws/uros_ws/install/micro_ros_setup/./config/raspbian
[0.867s] -- Installing: /home/javierfr/microros_ws/uros_ws/install/micro_ros_setup/./config/raspbian/generic
[0.868s] -- Installing: /home/javierfr/microros_ws/uros_ws/install/micro_ros_setup/./config/raspbian/generic/client-colcon.meta
[0.868s] -- Installing: /home/javierfr/microros_ws/uros_ws/install/micro_ros_setup/./config/raspbian/generic/build.sh
[0.868s] -- Installing: /home/javierfr/microros_ws/uros_ws/install/micro_ros_setup/./config/raspbian/generic/configure.sh
[0.868s] -- Installing: /home/javierfr/microros_ws/uros_ws/install/micro_ros_setup/./config/raspbian/generic/supported_platforms
[0.868s] -- Installing: /home/javierfr/microros_ws/uros_ws/install/micro_ros_setup/./config/raspbian/generic/create.sh
[0.868s] -- Installing: /home/javierfr/microros_ws/uros_ws/install/micro_ros_setup/./config/raspbian/generic/flash.sh
[0.868s] -- Installing: /home/javierfr/microros_ws/uros_ws/install/micro_ros_setup/./config/raspbian/generic/client_uros_packages.repos
[0.868s] -- Installing: /home/javierfr/microros_ws/uros_ws/install/micro_ros_setup/./config/raspbian/dev_uros_packages.repos
[0.868s] -- Installing: /home/javierfr/microros_ws/uros_ws/install/micro_ros_setup/./config/raspbian/dev_ros2_packages.txt
[0.868s] -- Installing: /home/javierfr/microros_ws/uros_ws/install/micro_ros_setup/./config/client_ros2_packages.txt
[0.869s] -- Installing: /home/javierfr/microros_ws/uros_ws/install/micro_ros_setup/./config/client_uros_packages.repos
[0.869s] -- Installing: /home/javierfr/microros_ws/uros_ws/install/micro_ros_setup/./config/agent_uros_packages.repos
[0.869s] -- Installing: /home/javierfr/microros_ws/uros_ws/install/micro_ros_setup/./config/freertos
[0.869s] -- Installing: /home/javierfr/microros_ws/uros_ws/install/micro_ros_setup/./config/freertos/esp32
[0.869s] -- Installing: /home/javierfr/microros_ws/uros_ws/install/micro_ros_setup/./config/freertos/esp32/README.md
[0.869s] -- Installing: /home/javierfr/microros_ws/uros_ws/install/micro_ros_setup/./config/freertos/esp32/client-colcon.meta
[0.869s] -- Installing: /home/javierfr/microros_ws/uros_ws/install/micro_ros_setup/./config/freertos/esp32/build.sh
[0.869s] -- Installing: /home/javierfr/microros_ws/uros_ws/install/micro_ros_setup/./config/freertos/esp32/configure.sh
[0.869s] -- Installing: /home/javierfr/microros_ws/uros_ws/install/micro_ros_setup/./config/freertos/esp32/board.repos
[0.869s] -- Installing: /home/javierfr/microros_ws/uros_ws/install/micro_ros_setup/./config/freertos/esp32/create.sh
[0.870s] -- Installing: /home/javierfr/microros_ws/uros_ws/install/micro_ros_setup/./config/freertos/esp32/flash.sh
[0.870s] -- Installing: /home/javierfr/microros_ws/uros_ws/install/micro_ros_setup/./config/freertos/esp32/package.xml
[0.870s] -- Installing: /home/javierfr/microros_ws/uros_ws/install/micro_ros_setup/./config/freertos/esp32/client_uros_packages.repos
[0.870s] -- Installing: /home/javierfr/microros_ws/uros_ws/install/micro_ros_setup/./config/freertos/nucleo_f446ze
[0.870s] -- Installing: /home/javierfr/microros_ws/uros_ws/install/micro_ros_setup/./config/freertos/nucleo_f446ze/client-colcon.meta
[0.870s] -- Installing: /home/javierfr/microros_ws/uros_ws/install/micro_ros_setup/./config/freertos/nucleo_f446ze/build.sh
[0.870s] -- Installing: /home/javierfr/microros_ws/uros_ws/install/micro_ros_setup/./config/freertos/nucleo_f446ze/configure.sh
[0.870s] -- Installing: /home/javierfr/microros_ws/uros_ws/install/micro_ros_setup/./config/freertos/nucleo_f446ze/board.repos
[0.870s] -- Installing: /home/javierfr/microros_ws/uros_ws/install/micro_ros_setup/./config/freertos/nucleo_f446ze/create.sh
[0.870s] -- Installing: /home/javierfr/microros_ws/uros_ws/install/micro_ros_setup/./config/freertos/nucleo_f446ze/flash.sh
[0.870s] -- Installing: /home/javierfr/microros_ws/uros_ws/install/micro_ros_setup/./config/freertos/nucleo_f446ze/package.xml
[0.871s] -- Installing: /home/javierfr/microros_ws/uros_ws/install/micro_ros_setup/./config/freertos/nucleo_f446ze/client_uros_packages.repos
[0.871s] -- Installing: /home/javierfr/microros_ws/uros_ws/install/micro_ros_setup/./config/freertos/nucleo_f446ze/reset.sh
[0.871s] -- Installing: /home/javierfr/microros_ws/uros_ws/install/micro_ros_setup/./config/freertos/nucleo_f767zi
[0.871s] -- Installing: /home/javierfr/microros_ws/uros_ws/install/micro_ros_setup/./config/freertos/nucleo_f767zi/client-colcon.meta
[0.871s] -- Installing: /home/javierfr/microros_ws/uros_ws/install/micro_ros_setup/./config/freertos/nucleo_f767zi/build.sh
[0.871s] -- Installing: /home/javierfr/microros_ws/uros_ws/install/micro_ros_setup/./config/freertos/nucleo_f767zi/configure.sh
[0.871s] -- Installing: /home/javierfr/microros_ws/uros_ws/install/micro_ros_setup/./config/freertos/nucleo_f767zi/board.repos
[0.871s] -- Installing: /home/javierfr/microros_ws/uros_ws/install/micro_ros_setup/./config/freertos/nucleo_f767zi/create.sh
[0.871s] -- Installing: /home/javierfr/microros_ws/uros_ws/install/micro_ros_setup/./config/freertos/nucleo_f767zi/flash.sh
[0.871s] -- Installing: /home/javierfr/microros_ws/uros_ws/install/micro_ros_setup/./config/freertos/nucleo_f767zi/package.xml
[0.871s] -- Installing: /home/javierfr/microros_ws/uros_ws/install/micro_ros_setup/./config/freertos/nucleo_f767zi/client_uros_packages.repos
[0.872s] -- Installing: /home/javierfr/microros_ws/uros_ws/install/micro_ros_setup/./config/freertos/nucleo_f767zi/reset.sh
[0.872s] -- Installing: /home/javierfr/microros_ws/uros_ws/install/micro_ros_setup/./config/freertos/nucleo_f446re
[0.872s] -- Installing: /home/javierfr/microros_ws/uros_ws/install/micro_ros_setup/./config/freertos/nucleo_f446re/client-colcon.meta
[0.872s] -- Installing: /home/javierfr/microros_ws/uros_ws/install/micro_ros_setup/./config/freertos/nucleo_f446re/build.sh
[0.872s] -- Installing: /home/javierfr/microros_ws/uros_ws/install/micro_ros_setup/./config/freertos/nucleo_f446re/configure.sh
[0.872s] -- Installing: /home/javierfr/microros_ws/uros_ws/install/micro_ros_setup/./config/freertos/nucleo_f446re/board.repos
[0.872s] -- Installing: /home/javierfr/microros_ws/uros_ws/install/micro_ros_setup/./config/freertos/nucleo_f446re/create.sh
[0.872s] -- Installing: /home/javierfr/microros_ws/uros_ws/install/micro_ros_setup/./config/freertos/nucleo_f446re/flash.sh
[0.872s] -- Installing: /home/javierfr/microros_ws/uros_ws/install/micro_ros_setup/./config/freertos/nucleo_f446re/package.xml
[0.872s] -- Installing: /home/javierfr/microros_ws/uros_ws/install/micro_ros_setup/./config/freertos/nucleo_f446re/client_uros_packages.repos
[0.872s] -- Installing: /home/javierfr/microros_ws/uros_ws/install/micro_ros_setup/./config/freertos/nucleo_f446re/reset.sh
[0.873s] -- Installing: /home/javierfr/microros_ws/uros_ws/install/micro_ros_setup/./config/freertos/olimex-stm32-e407
[0.873s] -- Installing: /home/javierfr/microros_ws/uros_ws/install/micro_ros_setup/./config/freertos/olimex-stm32-e407/client-colcon.meta
[0.873s] -- Installing: /home/javierfr/microros_ws/uros_ws/install/micro_ros_setup/./config/freertos/olimex-stm32-e407/build.sh
[0.873s] -- Installing: /home/javierfr/microros_ws/uros_ws/install/micro_ros_setup/./config/freertos/olimex-stm32-e407/configure.sh
[0.873s] -- Installing: /home/javierfr/microros_ws/uros_ws/install/micro_ros_setup/./config/freertos/olimex-stm32-e407/board.repos
[0.873s] -- Installing: /home/javierfr/microros_ws/uros_ws/install/micro_ros_setup/./config/freertos/olimex-stm32-e407/create.sh
[0.873s] -- Installing: /home/javierfr/microros_ws/uros_ws/install/micro_ros_setup/./config/freertos/olimex-stm32-e407/flash.sh
[0.873s] -- Installing: /home/javierfr/microros_ws/uros_ws/install/micro_ros_setup/./config/freertos/olimex-stm32-e407/package.xml
[0.873s] -- Installing: /home/javierfr/microros_ws/uros_ws/install/micro_ros_setup/./config/freertos/olimex-stm32-e407/client_uros_packages.repos
[0.873s] -- Installing: /home/javierfr/microros_ws/uros_ws/install/micro_ros_setup/./config/freertos/olimex-stm32-e407/reset.sh
[0.874s] -- Installing: /home/javierfr/microros_ws/uros_ws/install/micro_ros_setup/./config/freertos/list_apps.sh
[0.874s] -- Installing: /home/javierfr/microros_ws/uros_ws/install/micro_ros_setup/./config/freertos/dev_uros_packages.repos
[0.874s] -- Installing: /home/javierfr/microros_ws/uros_ws/install/micro_ros_setup/./config/freertos/dev_ros2_packages.txt
[0.874s] -- Installing: /home/javierfr/microros_ws/uros_ws/install/micro_ros_setup/./config/freertos/nucleo_f746zg
[0.874s] -- Installing: /home/javierfr/microros_ws/uros_ws/install/micro_ros_setup/./config/freertos/nucleo_f746zg/client-colcon.meta
[0.874s] -- Installing: /home/javierfr/microros_ws/uros_ws/install/micro_ros_setup/./config/freertos/nucleo_f746zg/build.sh
[0.874s] -- Installing: /home/javierfr/microros_ws/uros_ws/install/micro_ros_setup/./config/freertos/nucleo_f746zg/configure.sh
[0.874s] -- Installing: /home/javierfr/microros_ws/uros_ws/install/micro_ros_setup/./config/freertos/nucleo_f746zg/board.repos
[0.874s] -- Installing: /home/javierfr/microros_ws/uros_ws/install/micro_ros_setup/./config/freertos/nucleo_f746zg/create.sh
[0.874s] -- Installing: /home/javierfr/microros_ws/uros_ws/install/micro_ros_setup/./config/freertos/nucleo_f746zg/flash.sh
[0.874s] -- Installing: /home/javierfr/microros_ws/uros_ws/install/micro_ros_setup/./config/freertos/nucleo_f746zg/package.xml
[0.875s] -- Installing: /home/javierfr/microros_ws/uros_ws/install/micro_ros_setup/./config/freertos/nucleo_f746zg/client_uros_packages.repos
[0.875s] -- Installing: /home/javierfr/microros_ws/uros_ws/install/micro_ros_setup/./config/freertos/nucleo_f746zg/reset.sh
[0.875s] -- Installing: /home/javierfr/microros_ws/uros_ws/install/micro_ros_setup/./config/freertos/crazyflie21
[0.875s] -- Installing: /home/javierfr/microros_ws/uros_ws/install/micro_ros_setup/./config/freertos/crazyflie21/client-colcon.meta
[0.875s] -- Installing: /home/javierfr/microros_ws/uros_ws/install/micro_ros_setup/./config/freertos/crazyflie21/build.sh
[0.875s] -- Installing: /home/javierfr/microros_ws/uros_ws/install/micro_ros_setup/./config/freertos/crazyflie21/configure.sh
[0.875s] -- Installing: /home/javierfr/microros_ws/uros_ws/install/micro_ros_setup/./config/freertos/crazyflie21/board.repos
[0.875s] -- Installing: /home/javierfr/microros_ws/uros_ws/install/micro_ros_setup/./config/freertos/crazyflie21/create.sh
[0.875s] -- Installing: /home/javierfr/microros_ws/uros_ws/install/micro_ros_setup/./config/freertos/crazyflie21/flash.sh
[0.875s] -- Installing: /home/javierfr/microros_ws/uros_ws/install/micro_ros_setup/./config/freertos/crazyflie21/package.xml
[0.875s] -- Installing: /home/javierfr/microros_ws/uros_ws/install/micro_ros_setup/./config/freertos/crazyflie21/client_uros_packages.repos
[0.876s] -- Installing: /home/javierfr/microros_ws/uros_ws/install/micro_ros_setup/./config/host
[0.876s] -- Installing: /home/javierfr/microros_ws/uros_ws/install/micro_ros_setup/./config/host/client_ros2_packages.txt
[0.876s] -- Installing: /home/javierfr/microros_ws/uros_ws/install/micro_ros_setup/./config/host/generic
[0.876s] -- Installing: /home/javierfr/microros_ws/uros_ws/install/micro_ros_setup/./config/host/generic/client-host-colcon.meta
[0.876s] -- Installing: /home/javierfr/microros_ws/uros_ws/install/micro_ros_setup/./config/host/generic/build.sh
[0.876s] -- Installing: /home/javierfr/microros_ws/uros_ws/install/micro_ros_setup/./config/host/generic/create.sh
[0.876s] -- Installing: /home/javierfr/microros_ws/uros_ws/install/micro_ros_setup/./config/host/generic/flash.sh
[0.876s] -- Installing: /home/javierfr/microros_ws/uros_ws/install/micro_ros_setup/./config/host/generic/package.xml
[0.876s] -- Installing: /home/javierfr/microros_ws/uros_ws/install/micro_ros_setup/./config/host/generic/client_host_packages.repos
[0.876s] -- Installing: /home/javierfr/microros_ws/uros_ws/install/micro_ros_setup/./config/host/generic/reset.sh
[0.876s] -- Installing: /home/javierfr/microros_ws/uros_ws/install/micro_ros_setup/./config/host/dev_uros_packages.repos
[0.877s] -- Installing: /home/javierfr/microros_ws/uros_ws/install/micro_ros_setup/./config/host/dev_ros2_packages.txt
[0.877s] -- Installing: /home/javierfr/microros_ws/uros_ws/install/micro_ros_setup/lib/micro_ros_setup/create_ws.sh
[0.877s] -- Installing: /home/javierfr/microros_ws/uros_ws/install/micro_ros_setup/lib/micro_ros_setup/create_agent_ws.sh
[0.877s] -- Installing: /home/javierfr/microros_ws/uros_ws/install/micro_ros_setup/lib/micro_ros_setup/create_firmware_ws.sh
[0.877s] -- Installing: /home/javierfr/microros_ws/uros_ws/install/micro_ros_setup/lib/micro_ros_setup/configure_firmware.sh
[0.877s] -- Installing: /home/javierfr/microros_ws/uros_ws/install/micro_ros_setup/lib/micro_ros_setup/flash_firmware.sh
[0.877s] -- Installing: /home/javierfr/microros_ws/uros_ws/install/micro_ros_setup/lib/micro_ros_setup/reset_firmware.sh
[0.877s] -- Installing: /home/javierfr/microros_ws/uros_ws/install/micro_ros_setup/lib/micro_ros_setup/build_firmware.sh
[0.878s] -- Installing: /home/javierfr/microros_ws/uros_ws/install/micro_ros_setup/lib/micro_ros_setup/build_agent.sh
[0.878s] -- Installing: /home/javierfr/microros_ws/uros_ws/install/micro_ros_setup/lib/micro_ros_setup/yaml_filter.py
[0.878s] -- Installing: /home/javierfr/microros_ws/uros_ws/install/micro_ros_setup/lib/micro_ros_setup/clean_env.sh
[0.879s] Invoked command in '/home/javierfr/microros_ws/uros_ws/build/micro_ros_setup' returned '0': CMAKE_PREFIX_PATH=/opt/ros/foxy /usr/bin/cmake --install /home/javierfr/microros_ws/uros_ws/build/micro_ros_setup
