[0.216s] DEBUG:colcon:Command line arguments: ['/usr/bin/colcon', 'build']
[0.216s] DEBUG:colcon:Parsed command line arguments: Namespace(ament_cmake_args=None, base_paths=['.'], build_base='build', catkin_cmake_args=None, catkin_skip_building_tests=False, cmake_args=None, cmake_clean_cache=False, cmake_clean_first=False, cmake_force_configure=False, cmake_target=None, cmake_target_skip_unavailable=False, continue_on_error=False, event_handlers=None, executor='parallel', ignore_user_meta=False, install_base='install', log_base=None, log_level=None, main=<bound method BuildVerb.main of <colcon_core.verb.build.BuildVerb object at 0x7f4733bd17c0>>, merge_install=False, metas=['./colcon.meta'], packages_above=None, packages_above_and_dependencies=None, packages_above_depth=None, packages_end=None, packages_ignore=None, packages_ignore_regex=None, packages_select=None, packages_select_build_failed=False, packages_select_by_dep=None, packages_select_regex=None, packages_select_test_failures=False, packages_skip=None, packages_skip_build_finished=False, packages_skip_by_dep=None, packages_skip_regex=None, packages_skip_test_passed=False, packages_skip_up_to=None, packages_start=None, packages_up_to=None, packages_up_to_regex=None, parallel_workers=12, paths=None, symlink_install=False, test_result_base=None, verb_extension=<colcon_core.verb.build.BuildVerb object at 0x7f4733bd17c0>, verb_name='build', verb_parser=<colcon_defaults.argument_parser.defaults.DefaultArgumentsDecorator object at 0x7f4733bd1ca0>)
[0.219s] Level 1:colcon.colcon_core.package_discovery:discover_packages(colcon_meta) check parameters
[0.219s] Level 1:colcon.colcon_core.package_discovery:discover_packages(recursive) check parameters
[0.220s] Level 1:colcon.colcon_core.package_discovery:discover_packages(ignore) check parameters
[0.220s] Level 1:colcon.colcon_core.package_discovery:discover_packages(path) check parameters
[0.220s] Level 1:colcon.colcon_core.package_discovery:discover_packages(colcon_meta) discover
[0.220s] Level 1:colcon.colcon_core.package_discovery:discover_packages(recursive) discover
[0.220s] INFO:colcon.colcon_core.package_discovery:Crawling recursively for packages in '/home/javierfr/Tesis_ws/V1'
[0.220s] Level 1:colcon.colcon_core.package_identification:_identify(.) by extensions ['ignore', 'ignore_ament_install']
[0.220s] Level 1:colcon.colcon_core.package_identification:_identify(.) by extension 'ignore'
[0.220s] Level 1:colcon.colcon_core.package_identification:_identify(.) by extension 'ignore_ament_install'
[0.220s] Level 1:colcon.colcon_core.package_identification:_identify(.) by extensions ['colcon_pkg']
[0.220s] Level 1:colcon.colcon_core.package_identification:_identify(.) by extension 'colcon_pkg'
[0.220s] Level 1:colcon.colcon_core.package_identification:_identify(.) by extensions ['colcon_meta']
[0.220s] Level 1:colcon.colcon_core.package_identification:_identify(.) by extension 'colcon_meta'
[0.220s] Level 1:colcon.colcon_core.package_identification:_identify(.) by extensions ['ros']
[0.220s] Level 1:colcon.colcon_core.package_identification:_identify(.) by extension 'ros'
[0.228s] Level 1:colcon.colcon_core.package_identification:_identify(.) by extensions ['cmake', 'python']
[0.228s] Level 1:colcon.colcon_core.package_identification:_identify(.) by extension 'cmake'
[0.228s] Level 1:colcon.colcon_core.package_identification:_identify(.) by extension 'python'
[0.228s] Level 1:colcon.colcon_core.package_identification:_identify(.) by extensions ['python_setup_py']
[0.228s] Level 1:colcon.colcon_core.package_identification:_identify(.) by extension 'python_setup_py'
[0.229s] Level 1:colcon.colcon_core.package_identification:_identify(build) by extensions ['ignore', 'ignore_ament_install']
[0.229s] Level 1:colcon.colcon_core.package_identification:_identify(build) by extension 'ignore'
[0.229s] Level 1:colcon.colcon_core.package_identification:_identify(build) ignored
[0.229s] Level 1:colcon.colcon_core.package_identification:_identify(install) by extensions ['ignore', 'ignore_ament_install']
[0.229s] Level 1:colcon.colcon_core.package_identification:_identify(install) by extension 'ignore'
[0.229s] Level 1:colcon.colcon_core.package_identification:_identify(install) ignored
[0.229s] Level 1:colcon.colcon_core.package_identification:_identify(log) by extensions ['ignore', 'ignore_ament_install']
[0.229s] Level 1:colcon.colcon_core.package_identification:_identify(log) by extension 'ignore'
[0.229s] Level 1:colcon.colcon_core.package_identification:_identify(log) ignored
[0.229s] Level 1:colcon.colcon_core.package_identification:_identify(src) by extensions ['ignore', 'ignore_ament_install']
[0.230s] Level 1:colcon.colcon_core.package_identification:_identify(src) by extension 'ignore'
[0.230s] Level 1:colcon.colcon_core.package_identification:_identify(src) by extension 'ignore_ament_install'
[0.230s] Level 1:colcon.colcon_core.package_identification:_identify(src) by extensions ['colcon_pkg']
[0.230s] Level 1:colcon.colcon_core.package_identification:_identify(src) by extension 'colcon_pkg'
[0.230s] Level 1:colcon.colcon_core.package_identification:_identify(src) by extensions ['colcon_meta']
[0.230s] Level 1:colcon.colcon_core.package_identification:_identify(src) by extension 'colcon_meta'
[0.230s] Level 1:colcon.colcon_core.package_identification:_identify(src) by extensions ['ros']
[0.230s] Level 1:colcon.colcon_core.package_identification:_identify(src) by extension 'ros'
[0.230s] Level 1:colcon.colcon_core.package_identification:_identify(src) by extensions ['cmake', 'python']
[0.230s] Level 1:colcon.colcon_core.package_identification:_identify(src) by extension 'cmake'
[0.230s] Level 1:colcon.colcon_core.package_identification:_identify(src) by extension 'python'
[0.230s] Level 1:colcon.colcon_core.package_identification:_identify(src) by extensions ['python_setup_py']
[0.230s] Level 1:colcon.colcon_core.package_identification:_identify(src) by extension 'python_setup_py'
[0.230s] Level 1:colcon.colcon_core.package_identification:_identify(src/control_pkg) by extensions ['ignore', 'ignore_ament_install']
[0.230s] Level 1:colcon.colcon_core.package_identification:_identify(src/control_pkg) by extension 'ignore'
[0.230s] Level 1:colcon.colcon_core.package_identification:_identify(src/control_pkg) by extension 'ignore_ament_install'
[0.230s] Level 1:colcon.colcon_core.package_identification:_identify(src/control_pkg) by extensions ['colcon_pkg']
[0.230s] Level 1:colcon.colcon_core.package_identification:_identify(src/control_pkg) by extension 'colcon_pkg'
[0.230s] Level 1:colcon.colcon_core.package_identification:_identify(src/control_pkg) by extensions ['colcon_meta']
[0.230s] Level 1:colcon.colcon_core.package_identification:_identify(src/control_pkg) by extension 'colcon_meta'
[0.230s] Level 1:colcon.colcon_core.package_identification:_identify(src/control_pkg) by extensions ['ros']
[0.230s] Level 1:colcon.colcon_core.package_identification:_identify(src/control_pkg) by extension 'ros'
[0.232s] DEBUG:colcon.colcon_core.package_identification:Package 'src/control_pkg' with type 'ros.ament_cmake' and name 'control_pkg'
[0.232s] Level 1:colcon.colcon_core.package_identification:_identify(src/gazebo_plugin_sim) by extensions ['ignore', 'ignore_ament_install']
[0.232s] Level 1:colcon.colcon_core.package_identification:_identify(src/gazebo_plugin_sim) by extension 'ignore'
[0.232s] Level 1:colcon.colcon_core.package_identification:_identify(src/gazebo_plugin_sim) by extension 'ignore_ament_install'
[0.232s] Level 1:colcon.colcon_core.package_identification:_identify(src/gazebo_plugin_sim) by extensions ['colcon_pkg']
[0.232s] Level 1:colcon.colcon_core.package_identification:_identify(src/gazebo_plugin_sim) by extension 'colcon_pkg'
[0.232s] Level 1:colcon.colcon_core.package_identification:_identify(src/gazebo_plugin_sim) by extensions ['colcon_meta']
[0.232s] Level 1:colcon.colcon_core.package_identification:_identify(src/gazebo_plugin_sim) by extension 'colcon_meta'
[0.232s] Level 1:colcon.colcon_core.package_identification:_identify(src/gazebo_plugin_sim) by extensions ['ros']
[0.232s] Level 1:colcon.colcon_core.package_identification:_identify(src/gazebo_plugin_sim) by extension 'ros'
[0.233s] DEBUG:colcon.colcon_core.package_identification:Package 'src/gazebo_plugin_sim' with type 'ros.ament_cmake' and name 'gazebo_plugin_sim'
[0.233s] Level 1:colcon.colcon_core.package_identification:_identify(src/img_proc_pkg) by extensions ['ignore', 'ignore_ament_install']
[0.233s] Level 1:colcon.colcon_core.package_identification:_identify(src/img_proc_pkg) by extension 'ignore'
[0.233s] Level 1:colcon.colcon_core.package_identification:_identify(src/img_proc_pkg) by extension 'ignore_ament_install'
[0.233s] Level 1:colcon.colcon_core.package_identification:_identify(src/img_proc_pkg) by extensions ['colcon_pkg']
[0.233s] Level 1:colcon.colcon_core.package_identification:_identify(src/img_proc_pkg) by extension 'colcon_pkg'
[0.233s] Level 1:colcon.colcon_core.package_identification:_identify(src/img_proc_pkg) by extensions ['colcon_meta']
[0.233s] Level 1:colcon.colcon_core.package_identification:_identify(src/img_proc_pkg) by extension 'colcon_meta'
[0.233s] Level 1:colcon.colcon_core.package_identification:_identify(src/img_proc_pkg) by extensions ['ros']
[0.233s] Level 1:colcon.colcon_core.package_identification:_identify(src/img_proc_pkg) by extension 'ros'
[0.233s] DEBUG:colcon.colcon_core.package_identification:Package 'src/img_proc_pkg' with type 'ros.ament_cmake' and name 'img_proc_pkg'
[0.234s] Level 1:colcon.colcon_core.package_identification:_identify(src/interfaces) by extensions ['ignore', 'ignore_ament_install']
[0.234s] Level 1:colcon.colcon_core.package_identification:_identify(src/interfaces) by extension 'ignore'
[0.234s] Level 1:colcon.colcon_core.package_identification:_identify(src/interfaces) by extension 'ignore_ament_install'
[0.234s] Level 1:colcon.colcon_core.package_identification:_identify(src/interfaces) by extensions ['colcon_pkg']
[0.234s] Level 1:colcon.colcon_core.package_identification:_identify(src/interfaces) by extension 'colcon_pkg'
[0.234s] Level 1:colcon.colcon_core.package_identification:_identify(src/interfaces) by extensions ['colcon_meta']
[0.234s] Level 1:colcon.colcon_core.package_identification:_identify(src/interfaces) by extension 'colcon_meta'
[0.234s] Level 1:colcon.colcon_core.package_identification:_identify(src/interfaces) by extensions ['ros']
[0.234s] Level 1:colcon.colcon_core.package_identification:_identify(src/interfaces) by extension 'ros'
[0.234s] DEBUG:colcon.colcon_core.package_identification:Package 'src/interfaces' with type 'ros.ament_cmake' and name 'interfaces'
[0.234s] Level 1:colcon.colcon_core.package_identification:_identify(src/inv_kinematics_pkg) by extensions ['ignore', 'ignore_ament_install']
[0.234s] Level 1:colcon.colcon_core.package_identification:_identify(src/inv_kinematics_pkg) by extension 'ignore'
[0.234s] Level 1:colcon.colcon_core.package_identification:_identify(src/inv_kinematics_pkg) by extension 'ignore_ament_install'
[0.234s] Level 1:colcon.colcon_core.package_identification:_identify(src/inv_kinematics_pkg) by extensions ['colcon_pkg']
[0.234s] Level 1:colcon.colcon_core.package_identification:_identify(src/inv_kinematics_pkg) by extension 'colcon_pkg'
[0.234s] Level 1:colcon.colcon_core.package_identification:_identify(src/inv_kinematics_pkg) by extensions ['colcon_meta']
[0.234s] Level 1:colcon.colcon_core.package_identification:_identify(src/inv_kinematics_pkg) by extension 'colcon_meta'
[0.235s] Level 1:colcon.colcon_core.package_identification:_identify(src/inv_kinematics_pkg) by extensions ['ros']
[0.235s] Level 1:colcon.colcon_core.package_identification:_identify(src/inv_kinematics_pkg) by extension 'ros'
[0.235s] DEBUG:colcon.colcon_core.package_identification:Package 'src/inv_kinematics_pkg' with type 'ros.ament_cmake' and name 'inv_kinematics_pkg'
[0.235s] Level 1:colcon.colcon_core.package_discovery:discover_packages(recursive) using defaults
[0.235s] Level 1:colcon.colcon_core.package_discovery:discover_packages(ignore) discover
[0.235s] Level 1:colcon.colcon_core.package_discovery:discover_packages(ignore) using defaults
[0.235s] Level 1:colcon.colcon_core.package_discovery:discover_packages(path) discover
[0.235s] Level 1:colcon.colcon_core.package_discovery:discover_packages(path) using defaults
[0.249s] Level 5:colcon.colcon_core.verb:set package 'gazebo_plugin_sim' build argument 'cmake_args' from command line to 'None'
[0.249s] Level 5:colcon.colcon_core.verb:set package 'gazebo_plugin_sim' build argument 'cmake_target' from command line to 'None'
[0.249s] Level 5:colcon.colcon_core.verb:set package 'gazebo_plugin_sim' build argument 'cmake_target_skip_unavailable' from command line to 'False'
[0.249s] Level 5:colcon.colcon_core.verb:set package 'gazebo_plugin_sim' build argument 'cmake_clean_cache' from command line to 'False'
[0.249s] Level 5:colcon.colcon_core.verb:set package 'gazebo_plugin_sim' build argument 'cmake_clean_first' from command line to 'False'
[0.249s] Level 5:colcon.colcon_core.verb:set package 'gazebo_plugin_sim' build argument 'cmake_force_configure' from command line to 'False'
[0.249s] Level 5:colcon.colcon_core.verb:set package 'gazebo_plugin_sim' build argument 'ament_cmake_args' from command line to 'None'
[0.249s] Level 5:colcon.colcon_core.verb:set package 'gazebo_plugin_sim' build argument 'catkin_cmake_args' from command line to 'None'
[0.249s] Level 5:colcon.colcon_core.verb:set package 'gazebo_plugin_sim' build argument 'catkin_skip_building_tests' from command line to 'False'
[0.249s] DEBUG:colcon.colcon_core.verb:Building package 'gazebo_plugin_sim' with the following arguments: {'ament_cmake_args': None, 'build_base': '/home/javierfr/Tesis_ws/V1/build/gazebo_plugin_sim', 'catkin_cmake_args': None, 'catkin_skip_building_tests': False, 'cmake_args': None, 'cmake_clean_cache': False, 'cmake_clean_first': False, 'cmake_force_configure': False, 'cmake_target': None, 'cmake_target_skip_unavailable': False, 'install_base': '/home/javierfr/Tesis_ws/V1/install/gazebo_plugin_sim', 'merge_install': False, 'path': '/home/javierfr/Tesis_ws/V1/src/gazebo_plugin_sim', 'symlink_install': False, 'test_result_base': None}
[0.250s] Level 5:colcon.colcon_core.verb:set package 'img_proc_pkg' build argument 'cmake_args' from command line to 'None'
[0.250s] Level 5:colcon.colcon_core.verb:set package 'img_proc_pkg' build argument 'cmake_target' from command line to 'None'
[0.250s] Level 5:colcon.colcon_core.verb:set package 'img_proc_pkg' build argument 'cmake_target_skip_unavailable' from command line to 'False'
[0.250s] Level 5:colcon.colcon_core.verb:set package 'img_proc_pkg' build argument 'cmake_clean_cache' from command line to 'False'
[0.250s] Level 5:colcon.colcon_core.verb:set package 'img_proc_pkg' build argument 'cmake_clean_first' from command line to 'False'
[0.250s] Level 5:colcon.colcon_core.verb:set package 'img_proc_pkg' build argument 'cmake_force_configure' from command line to 'False'
[0.250s] Level 5:colcon.colcon_core.verb:set package 'img_proc_pkg' build argument 'ament_cmake_args' from command line to 'None'
[0.251s] Level 5:colcon.colcon_core.verb:set package 'img_proc_pkg' build argument 'catkin_cmake_args' from command line to 'None'
[0.251s] Level 5:colcon.colcon_core.verb:set package 'img_proc_pkg' build argument 'catkin_skip_building_tests' from command line to 'False'
[0.251s] DEBUG:colcon.colcon_core.verb:Building package 'img_proc_pkg' with the following arguments: {'ament_cmake_args': None, 'build_base': '/home/javierfr/Tesis_ws/V1/build/img_proc_pkg', 'catkin_cmake_args': None, 'catkin_skip_building_tests': False, 'cmake_args': None, 'cmake_clean_cache': False, 'cmake_clean_first': False, 'cmake_force_configure': False, 'cmake_target': None, 'cmake_target_skip_unavailable': False, 'install_base': '/home/javierfr/Tesis_ws/V1/install/img_proc_pkg', 'merge_install': False, 'path': '/home/javierfr/Tesis_ws/V1/src/img_proc_pkg', 'symlink_install': False, 'test_result_base': None}
[0.252s] Level 5:colcon.colcon_core.verb:set package 'interfaces' build argument 'cmake_args' from command line to 'None'
[0.252s] Level 5:colcon.colcon_core.verb:set package 'interfaces' build argument 'cmake_target' from command line to 'None'
[0.252s] Level 5:colcon.colcon_core.verb:set package 'interfaces' build argument 'cmake_target_skip_unavailable' from command line to 'False'
[0.252s] Level 5:colcon.colcon_core.verb:set package 'interfaces' build argument 'cmake_clean_cache' from command line to 'False'
[0.252s] Level 5:colcon.colcon_core.verb:set package 'interfaces' build argument 'cmake_clean_first' from command line to 'False'
[0.252s] Level 5:colcon.colcon_core.verb:set package 'interfaces' build argument 'cmake_force_configure' from command line to 'False'
[0.252s] Level 5:colcon.colcon_core.verb:set package 'interfaces' build argument 'ament_cmake_args' from command line to 'None'
[0.252s] Level 5:colcon.colcon_core.verb:set package 'interfaces' build argument 'catkin_cmake_args' from command line to 'None'
[0.252s] Level 5:colcon.colcon_core.verb:set package 'interfaces' build argument 'catkin_skip_building_tests' from command line to 'False'
[0.252s] DEBUG:colcon.colcon_core.verb:Building package 'interfaces' with the following arguments: {'ament_cmake_args': None, 'build_base': '/home/javierfr/Tesis_ws/V1/build/interfaces', 'catkin_cmake_args': None, 'catkin_skip_building_tests': False, 'cmake_args': None, 'cmake_clean_cache': False, 'cmake_clean_first': False, 'cmake_force_configure': False, 'cmake_target': None, 'cmake_target_skip_unavailable': False, 'install_base': '/home/javierfr/Tesis_ws/V1/install/interfaces', 'merge_install': False, 'path': '/home/javierfr/Tesis_ws/V1/src/interfaces', 'symlink_install': False, 'test_result_base': None}
[0.254s] Level 5:colcon.colcon_core.verb:set package 'control_pkg' build argument 'cmake_args' from command line to 'None'
[0.254s] Level 5:colcon.colcon_core.verb:set package 'control_pkg' build argument 'cmake_target' from command line to 'None'
[0.254s] Level 5:colcon.colcon_core.verb:set package 'control_pkg' build argument 'cmake_target_skip_unavailable' from command line to 'False'
[0.254s] Level 5:colcon.colcon_core.verb:set package 'control_pkg' build argument 'cmake_clean_cache' from command line to 'False'
[0.254s] Level 5:colcon.colcon_core.verb:set package 'control_pkg' build argument 'cmake_clean_first' from command line to 'False'
[0.254s] Level 5:colcon.colcon_core.verb:set package 'control_pkg' build argument 'cmake_force_configure' from command line to 'False'
[0.254s] Level 5:colcon.colcon_core.verb:set package 'control_pkg' build argument 'ament_cmake_args' from command line to 'None'
[0.254s] Level 5:colcon.colcon_core.verb:set package 'control_pkg' build argument 'catkin_cmake_args' from command line to 'None'
[0.254s] Level 5:colcon.colcon_core.verb:set package 'control_pkg' build argument 'catkin_skip_building_tests' from command line to 'False'
[0.254s] DEBUG:colcon.colcon_core.verb:Building package 'control_pkg' with the following arguments: {'ament_cmake_args': None, 'build_base': '/home/javierfr/Tesis_ws/V1/build/control_pkg', 'catkin_cmake_args': None, 'catkin_skip_building_tests': False, 'cmake_args': None, 'cmake_clean_cache': False, 'cmake_clean_first': False, 'cmake_force_configure': False, 'cmake_target': None, 'cmake_target_skip_unavailable': False, 'install_base': '/home/javierfr/Tesis_ws/V1/install/control_pkg', 'merge_install': False, 'path': '/home/javierfr/Tesis_ws/V1/src/control_pkg', 'symlink_install': False, 'test_result_base': None}
[0.256s] Level 5:colcon.colcon_core.verb:set package 'inv_kinematics_pkg' build argument 'cmake_args' from command line to 'None'
[0.256s] Level 5:colcon.colcon_core.verb:set package 'inv_kinematics_pkg' build argument 'cmake_target' from command line to 'None'
[0.256s] Level 5:colcon.colcon_core.verb:set package 'inv_kinematics_pkg' build argument 'cmake_target_skip_unavailable' from command line to 'False'
[0.256s] Level 5:colcon.colcon_core.verb:set package 'inv_kinematics_pkg' build argument 'cmake_clean_cache' from command line to 'False'
[0.256s] Level 5:colcon.colcon_core.verb:set package 'inv_kinematics_pkg' build argument 'cmake_clean_first' from command line to 'False'
[0.256s] Level 5:colcon.colcon_core.verb:set package 'inv_kinematics_pkg' build argument 'cmake_force_configure' from command line to 'False'
[0.256s] Level 5:colcon.colcon_core.verb:set package 'inv_kinematics_pkg' build argument 'ament_cmake_args' from command line to 'None'
[0.256s] Level 5:colcon.colcon_core.verb:set package 'inv_kinematics_pkg' build argument 'catkin_cmake_args' from command line to 'None'
[0.256s] Level 5:colcon.colcon_core.verb:set package 'inv_kinematics_pkg' build argument 'catkin_skip_building_tests' from command line to 'False'
[0.256s] DEBUG:colcon.colcon_core.verb:Building package 'inv_kinematics_pkg' with the following arguments: {'ament_cmake_args': None, 'build_base': '/home/javierfr/Tesis_ws/V1/build/inv_kinematics_pkg', 'catkin_cmake_args': None, 'catkin_skip_building_tests': False, 'cmake_args': None, 'cmake_clean_cache': False, 'cmake_clean_first': False, 'cmake_force_configure': False, 'cmake_target': None, 'cmake_target_skip_unavailable': False, 'install_base': '/home/javierfr/Tesis_ws/V1/install/inv_kinematics_pkg', 'merge_install': False, 'path': '/home/javierfr/Tesis_ws/V1/src/inv_kinematics_pkg', 'symlink_install': False, 'test_result_base': None}
[0.256s] INFO:colcon.colcon_core.executor:Executing jobs using 'parallel' executor
[0.258s] DEBUG:colcon.colcon_parallel_executor.executor.parallel:run_until_complete
[0.258s] INFO:colcon.colcon_ros.task.ament_cmake.build:Building ROS package in '/home/javierfr/Tesis_ws/V1/src/interfaces' with build type 'ament_cmake'
[0.258s] INFO:colcon.colcon_cmake.task.cmake.build:Building CMake package in '/home/javierfr/Tesis_ws/V1/src/interfaces'
[0.261s] INFO:colcon.colcon_core.plugin_system:Skipping extension 'colcon_core.shell.bat': Not used on non-Windows systems
[0.261s] INFO:colcon.colcon_core.shell:Skip shell extension 'powershell' for command environment: Not usable outside of PowerShell
[0.261s] DEBUG:colcon.colcon_core.shell:Skip shell extension 'dsv' for command environment
[0.262s] DEBUG:colcon.colcon_core.shell:Ignoring prefix path '/opt/ros/foxy'
[0.264s] INFO:colcon.colcon_ros.task.ament_cmake.build:Building ROS package in '/home/javierfr/Tesis_ws/V1/src/gazebo_plugin_sim' with build type 'ament_cmake'
[0.264s] INFO:colcon.colcon_cmake.task.cmake.build:Building CMake package in '/home/javierfr/Tesis_ws/V1/src/gazebo_plugin_sim'
[0.265s] INFO:colcon.colcon_core.shell:Skip shell extension 'powershell' for command environment: Not usable outside of PowerShell
[0.265s] DEBUG:colcon.colcon_core.shell:Skip shell extension 'dsv' for command environment
[0.266s] DEBUG:colcon.colcon_core.shell:Ignoring prefix path '/opt/ros/foxy'
[0.268s] INFO:colcon.colcon_ros.task.ament_cmake.build:Building ROS package in '/home/javierfr/Tesis_ws/V1/src/img_proc_pkg' with build type 'ament_cmake'
[0.268s] INFO:colcon.colcon_cmake.task.cmake.build:Building CMake package in '/home/javierfr/Tesis_ws/V1/src/img_proc_pkg'
[0.269s] INFO:colcon.colcon_core.shell:Skip shell extension 'powershell' for command environment: Not usable outside of PowerShell
[0.269s] DEBUG:colcon.colcon_core.shell:Skip shell extension 'dsv' for command environment
[0.270s] DEBUG:colcon.colcon_core.shell:Ignoring prefix path '/opt/ros/foxy'
[0.279s] DEBUG:colcon.colcon_core.event_handler.log_command:Invoking command in '/home/javierfr/Tesis_ws/V1/build/interfaces': CMAKE_PREFIX_PATH=/opt/ros/foxy /usr/bin/cmake --build /home/javierfr/Tesis_ws/V1/build/interfaces -- -j12 -l12
[0.283s] DEBUG:colcon.colcon_core.event_handler.log_command:Invoking command in '/home/javierfr/Tesis_ws/V1/build/gazebo_plugin_sim': CMAKE_PREFIX_PATH=/opt/ros/foxy /usr/bin/cmake --build /home/javierfr/Tesis_ws/V1/build/gazebo_plugin_sim -- -j12 -l12
[0.286s] DEBUG:colcon.colcon_core.event_handler.log_command:Invoking command in '/home/javierfr/Tesis_ws/V1/build/img_proc_pkg': CMAKE_PREFIX_PATH=/opt/ros/foxy /usr/bin/cmake --build /home/javierfr/Tesis_ws/V1/build/img_proc_pkg -- -j12 -l12
[0.351s] DEBUG:colcon.colcon_core.event_handler.log_command:Invoked command in '/home/javierfr/Tesis_ws/V1/build/img_proc_pkg' returned '0': CMAKE_PREFIX_PATH=/opt/ros/foxy /usr/bin/cmake --build /home/javierfr/Tesis_ws/V1/build/img_proc_pkg -- -j12 -l12
[0.368s] DEBUG:colcon.colcon_core.event_handler.log_command:Invoked command in '/home/javierfr/Tesis_ws/V1/build/gazebo_plugin_sim' returned '0': CMAKE_PREFIX_PATH=/opt/ros/foxy /usr/bin/cmake --build /home/javierfr/Tesis_ws/V1/build/gazebo_plugin_sim -- -j12 -l12
[0.382s] DEBUG:colcon.colcon_core.event_handler.log_command:Invoking command in '/home/javierfr/Tesis_ws/V1/build/img_proc_pkg': CMAKE_PREFIX_PATH=/opt/ros/foxy /usr/bin/cmake --install /home/javierfr/Tesis_ws/V1/build/img_proc_pkg
[0.391s] DEBUG:colcon.colcon_core.event_handler.log_command:Invoking command in '/home/javierfr/Tesis_ws/V1/build/gazebo_plugin_sim': CMAKE_PREFIX_PATH=/opt/ros/foxy /usr/bin/cmake --install /home/javierfr/Tesis_ws/V1/build/gazebo_plugin_sim
[0.392s] Level 1:colcon.colcon_core.environment:create_environment_scripts_only(img_proc_pkg)
[0.395s] DEBUG:colcon.colcon_core.event_handler.log_command:Invoked command in '/home/javierfr/Tesis_ws/V1/build/img_proc_pkg' returned '0': CMAKE_PREFIX_PATH=/opt/ros/foxy /usr/bin/cmake --install /home/javierfr/Tesis_ws/V1/build/img_proc_pkg
[0.397s] Level 1:colcon.colcon_core.environment:checking '/home/javierfr/Tesis_ws/V1/install/img_proc_pkg' for CMake module files
[0.399s] Level 1:colcon.colcon_core.environment:checking '/home/javierfr/Tesis_ws/V1/install/img_proc_pkg' for CMake config files
[0.399s] Level 1:colcon.colcon_core.shell:create_environment_hook('img_proc_pkg', 'cmake_prefix_path')
[0.400s] INFO:colcon.colcon_core.shell:Creating environment hook '/home/javierfr/Tesis_ws/V1/install/img_proc_pkg/share/img_proc_pkg/hook/cmake_prefix_path.ps1'
[0.401s] INFO:colcon.colcon_core.shell:Creating environment descriptor '/home/javierfr/Tesis_ws/V1/install/img_proc_pkg/share/img_proc_pkg/hook/cmake_prefix_path.dsv'
[0.401s] INFO:colcon.colcon_core.shell:Creating environment hook '/home/javierfr/Tesis_ws/V1/install/img_proc_pkg/share/img_proc_pkg/hook/cmake_prefix_path.sh'
[0.402s] Level 1:colcon.colcon_core.environment:checking '/home/javierfr/Tesis_ws/V1/install/img_proc_pkg/lib'
[0.403s] Level 1:colcon.colcon_core.environment:checking '/home/javierfr/Tesis_ws/V1/install/img_proc_pkg/bin'
[0.403s] Level 1:colcon.colcon_core.environment:checking '/home/javierfr/Tesis_ws/V1/install/img_proc_pkg/lib/pkgconfig/img_proc_pkg.pc'
[0.403s] Level 1:colcon.colcon_core.environment:checking '/home/javierfr/Tesis_ws/V1/install/img_proc_pkg/lib/python3.8/site-packages'
[0.404s] INFO:colcon.colcon_core.shell:Creating package script '/home/javierfr/Tesis_ws/V1/install/img_proc_pkg/share/img_proc_pkg/package.ps1'
[0.404s] INFO:colcon.colcon_core.shell:Creating package descriptor '/home/javierfr/Tesis_ws/V1/install/img_proc_pkg/share/img_proc_pkg/package.dsv'
[0.405s] INFO:colcon.colcon_core.shell:Creating package script '/home/javierfr/Tesis_ws/V1/install/img_proc_pkg/share/img_proc_pkg/package.sh'
[0.405s] INFO:colcon.colcon_core.shell:Creating package script '/home/javierfr/Tesis_ws/V1/install/img_proc_pkg/share/img_proc_pkg/package.bash'
[0.406s] INFO:colcon.colcon_core.shell:Creating package script '/home/javierfr/Tesis_ws/V1/install/img_proc_pkg/share/img_proc_pkg/package.zsh'
[0.406s] Level 1:colcon.colcon_core.environment:create_file_with_runtime_dependencies(/home/javierfr/Tesis_ws/V1/install/img_proc_pkg/share/colcon-core/packages/img_proc_pkg)
[0.409s] Level 1:colcon.colcon_core.environment:create_environment_scripts_only(gazebo_plugin_sim)
[0.410s] Level 1:colcon.colcon_core.environment:checking '/home/javierfr/Tesis_ws/V1/install/gazebo_plugin_sim' for CMake module files
[0.410s] DEBUG:colcon.colcon_core.event_handler.log_command:Invoked command in '/home/javierfr/Tesis_ws/V1/build/gazebo_plugin_sim' returned '0': CMAKE_PREFIX_PATH=/opt/ros/foxy /usr/bin/cmake --install /home/javierfr/Tesis_ws/V1/build/gazebo_plugin_sim
[0.411s] Level 1:colcon.colcon_core.environment:checking '/home/javierfr/Tesis_ws/V1/install/gazebo_plugin_sim' for CMake config files
[0.411s] Level 1:colcon.colcon_core.shell:create_environment_hook('gazebo_plugin_sim', 'cmake_prefix_path')
[0.411s] INFO:colcon.colcon_core.shell:Creating environment hook '/home/javierfr/Tesis_ws/V1/install/gazebo_plugin_sim/share/gazebo_plugin_sim/hook/cmake_prefix_path.ps1'
[0.412s] INFO:colcon.colcon_core.shell:Creating environment descriptor '/home/javierfr/Tesis_ws/V1/install/gazebo_plugin_sim/share/gazebo_plugin_sim/hook/cmake_prefix_path.dsv'
[0.412s] INFO:colcon.colcon_core.shell:Creating environment hook '/home/javierfr/Tesis_ws/V1/install/gazebo_plugin_sim/share/gazebo_plugin_sim/hook/cmake_prefix_path.sh'
[0.412s] Level 1:colcon.colcon_core.environment:checking '/home/javierfr/Tesis_ws/V1/install/gazebo_plugin_sim/lib'
[0.412s] Level 1:colcon.colcon_core.shell:create_environment_hook('gazebo_plugin_sim', 'ld_library_path_lib')
[0.413s] INFO:colcon.colcon_core.shell:Creating environment hook '/home/javierfr/Tesis_ws/V1/install/gazebo_plugin_sim/share/gazebo_plugin_sim/hook/ld_library_path_lib.ps1'
[0.413s] INFO:colcon.colcon_core.shell:Creating environment descriptor '/home/javierfr/Tesis_ws/V1/install/gazebo_plugin_sim/share/gazebo_plugin_sim/hook/ld_library_path_lib.dsv'
[0.413s] INFO:colcon.colcon_core.shell:Creating environment hook '/home/javierfr/Tesis_ws/V1/install/gazebo_plugin_sim/share/gazebo_plugin_sim/hook/ld_library_path_lib.sh'
[0.413s] Level 1:colcon.colcon_core.environment:checking '/home/javierfr/Tesis_ws/V1/install/gazebo_plugin_sim/bin'
[0.414s] Level 1:colcon.colcon_core.environment:checking '/home/javierfr/Tesis_ws/V1/install/gazebo_plugin_sim/lib/pkgconfig/gazebo_plugin_sim.pc'
[0.414s] Level 1:colcon.colcon_core.environment:checking '/home/javierfr/Tesis_ws/V1/install/gazebo_plugin_sim/lib/python3.8/site-packages'
[0.414s] INFO:colcon.colcon_core.shell:Creating package script '/home/javierfr/Tesis_ws/V1/install/gazebo_plugin_sim/share/gazebo_plugin_sim/package.ps1'
[0.414s] INFO:colcon.colcon_core.shell:Creating package descriptor '/home/javierfr/Tesis_ws/V1/install/gazebo_plugin_sim/share/gazebo_plugin_sim/package.dsv'
[0.415s] INFO:colcon.colcon_core.shell:Creating package script '/home/javierfr/Tesis_ws/V1/install/gazebo_plugin_sim/share/gazebo_plugin_sim/package.sh'
[0.415s] INFO:colcon.colcon_core.shell:Creating package script '/home/javierfr/Tesis_ws/V1/install/gazebo_plugin_sim/share/gazebo_plugin_sim/package.bash'
[0.415s] INFO:colcon.colcon_core.shell:Creating package script '/home/javierfr/Tesis_ws/V1/install/gazebo_plugin_sim/share/gazebo_plugin_sim/package.zsh'
[0.415s] Level 1:colcon.colcon_core.environment:create_file_with_runtime_dependencies(/home/javierfr/Tesis_ws/V1/install/gazebo_plugin_sim/share/colcon-core/packages/gazebo_plugin_sim)
[0.428s] Level 1:colcon.colcon_core.environment:create_environment_scripts_only(img_proc_pkg)
[0.429s] Level 1:colcon.colcon_core.environment:checking '/home/javierfr/Tesis_ws/V1/install/img_proc_pkg' for CMake module files
[0.429s] Level 1:colcon.colcon_core.environment:checking '/home/javierfr/Tesis_ws/V1/install/img_proc_pkg' for CMake config files
[0.430s] Level 1:colcon.colcon_core.shell:create_environment_hook('img_proc_pkg', 'cmake_prefix_path')
[0.430s] INFO:colcon.colcon_core.shell:Creating environment hook '/home/javierfr/Tesis_ws/V1/install/img_proc_pkg/share/img_proc_pkg/hook/cmake_prefix_path.ps1'
[0.430s] INFO:colcon.colcon_core.shell:Creating environment descriptor '/home/javierfr/Tesis_ws/V1/install/img_proc_pkg/share/img_proc_pkg/hook/cmake_prefix_path.dsv'
[0.431s] INFO:colcon.colcon_core.shell:Creating environment hook '/home/javierfr/Tesis_ws/V1/install/img_proc_pkg/share/img_proc_pkg/hook/cmake_prefix_path.sh'
[0.431s] Level 1:colcon.colcon_core.environment:checking '/home/javierfr/Tesis_ws/V1/install/img_proc_pkg/lib'
[0.431s] Level 1:colcon.colcon_core.environment:checking '/home/javierfr/Tesis_ws/V1/install/img_proc_pkg/bin'
[0.431s] Level 1:colcon.colcon_core.environment:checking '/home/javierfr/Tesis_ws/V1/install/img_proc_pkg/lib/pkgconfig/img_proc_pkg.pc'
[0.431s] Level 1:colcon.colcon_core.environment:checking '/home/javierfr/Tesis_ws/V1/install/img_proc_pkg/lib/python3.8/site-packages'
[0.432s] INFO:colcon.colcon_core.shell:Creating package script '/home/javierfr/Tesis_ws/V1/install/img_proc_pkg/share/img_proc_pkg/package.ps1'
[0.432s] INFO:colcon.colcon_core.shell:Creating package descriptor '/home/javierfr/Tesis_ws/V1/install/img_proc_pkg/share/img_proc_pkg/package.dsv'
[0.432s] INFO:colcon.colcon_core.shell:Creating package script '/home/javierfr/Tesis_ws/V1/install/img_proc_pkg/share/img_proc_pkg/package.sh'
[0.433s] INFO:colcon.colcon_core.shell:Creating package script '/home/javierfr/Tesis_ws/V1/install/img_proc_pkg/share/img_proc_pkg/package.bash'
[0.433s] INFO:colcon.colcon_core.shell:Creating package script '/home/javierfr/Tesis_ws/V1/install/img_proc_pkg/share/img_proc_pkg/package.zsh'
[0.433s] Level 1:colcon.colcon_core.environment:create_file_with_runtime_dependencies(/home/javierfr/Tesis_ws/V1/install/img_proc_pkg/share/colcon-core/packages/img_proc_pkg)
[0.437s] Level 1:colcon.colcon_core.environment:create_environment_scripts_only(gazebo_plugin_sim)
[0.438s] Level 1:colcon.colcon_core.environment:checking '/home/javierfr/Tesis_ws/V1/install/gazebo_plugin_sim' for CMake module files
[0.438s] Level 1:colcon.colcon_core.environment:checking '/home/javierfr/Tesis_ws/V1/install/gazebo_plugin_sim' for CMake config files
[0.438s] Level 1:colcon.colcon_core.shell:create_environment_hook('gazebo_plugin_sim', 'cmake_prefix_path')
[0.439s] INFO:colcon.colcon_core.shell:Creating environment hook '/home/javierfr/Tesis_ws/V1/install/gazebo_plugin_sim/share/gazebo_plugin_sim/hook/cmake_prefix_path.ps1'
[0.439s] INFO:colcon.colcon_core.shell:Creating environment descriptor '/home/javierfr/Tesis_ws/V1/install/gazebo_plugin_sim/share/gazebo_plugin_sim/hook/cmake_prefix_path.dsv'
[0.440s] INFO:colcon.colcon_core.shell:Creating environment hook '/home/javierfr/Tesis_ws/V1/install/gazebo_plugin_sim/share/gazebo_plugin_sim/hook/cmake_prefix_path.sh'
[0.440s] Level 1:colcon.colcon_core.environment:checking '/home/javierfr/Tesis_ws/V1/install/gazebo_plugin_sim/lib'
[0.440s] Level 1:colcon.colcon_core.shell:create_environment_hook('gazebo_plugin_sim', 'ld_library_path_lib')
[0.441s] INFO:colcon.colcon_core.shell:Creating environment hook '/home/javierfr/Tesis_ws/V1/install/gazebo_plugin_sim/share/gazebo_plugin_sim/hook/ld_library_path_lib.ps1'
[0.441s] INFO:colcon.colcon_core.shell:Creating environment descriptor '/home/javierfr/Tesis_ws/V1/install/gazebo_plugin_sim/share/gazebo_plugin_sim/hook/ld_library_path_lib.dsv'
[0.442s] INFO:colcon.colcon_core.shell:Creating environment hook '/home/javierfr/Tesis_ws/V1/install/gazebo_plugin_sim/share/gazebo_plugin_sim/hook/ld_library_path_lib.sh'
[0.442s] Level 1:colcon.colcon_core.environment:checking '/home/javierfr/Tesis_ws/V1/install/gazebo_plugin_sim/bin'
[0.442s] Level 1:colcon.colcon_core.environment:checking '/home/javierfr/Tesis_ws/V1/install/gazebo_plugin_sim/lib/pkgconfig/gazebo_plugin_sim.pc'
[0.442s] Level 1:colcon.colcon_core.environment:checking '/home/javierfr/Tesis_ws/V1/install/gazebo_plugin_sim/lib/python3.8/site-packages'
[0.443s] INFO:colcon.colcon_core.shell:Creating package script '/home/javierfr/Tesis_ws/V1/install/gazebo_plugin_sim/share/gazebo_plugin_sim/package.ps1'
[0.443s] INFO:colcon.colcon_core.shell:Creating package descriptor '/home/javierfr/Tesis_ws/V1/install/gazebo_plugin_sim/share/gazebo_plugin_sim/package.dsv'
[0.444s] INFO:colcon.colcon_core.shell:Creating package script '/home/javierfr/Tesis_ws/V1/install/gazebo_plugin_sim/share/gazebo_plugin_sim/package.sh'
[0.444s] INFO:colcon.colcon_core.shell:Creating package script '/home/javierfr/Tesis_ws/V1/install/gazebo_plugin_sim/share/gazebo_plugin_sim/package.bash'
[0.445s] INFO:colcon.colcon_core.shell:Creating package script '/home/javierfr/Tesis_ws/V1/install/gazebo_plugin_sim/share/gazebo_plugin_sim/package.zsh'
[0.445s] Level 1:colcon.colcon_core.environment:create_file_with_runtime_dependencies(/home/javierfr/Tesis_ws/V1/install/gazebo_plugin_sim/share/colcon-core/packages/gazebo_plugin_sim)
[0.455s] DEBUG:colcon.colcon_core.event_handler.log_command:Invoked command in '/home/javierfr/Tesis_ws/V1/build/interfaces' returned '0': CMAKE_PREFIX_PATH=/opt/ros/foxy /usr/bin/cmake --build /home/javierfr/Tesis_ws/V1/build/interfaces -- -j12 -l12
[0.528s] DEBUG:colcon.colcon_core.event_handler.log_command:Invoking command in '/home/javierfr/Tesis_ws/V1/build/interfaces': CMAKE_PREFIX_PATH=/opt/ros/foxy /usr/bin/cmake --install /home/javierfr/Tesis_ws/V1/build/interfaces
[0.567s] Level 1:colcon.colcon_core.environment:create_environment_scripts_only(interfaces)
[0.568s] Level 1:colcon.colcon_core.environment:checking '/home/javierfr/Tesis_ws/V1/install/interfaces' for CMake module files
[0.568s] DEBUG:colcon.colcon_core.event_handler.log_command:Invoked command in '/home/javierfr/Tesis_ws/V1/build/interfaces' returned '0': CMAKE_PREFIX_PATH=/opt/ros/foxy /usr/bin/cmake --install /home/javierfr/Tesis_ws/V1/build/interfaces
[0.569s] Level 1:colcon.colcon_core.environment:checking '/home/javierfr/Tesis_ws/V1/install/interfaces' for CMake config files
[0.569s] Level 1:colcon.colcon_core.shell:create_environment_hook('interfaces', 'cmake_prefix_path')
[0.569s] INFO:colcon.colcon_core.shell:Creating environment hook '/home/javierfr/Tesis_ws/V1/install/interfaces/share/interfaces/hook/cmake_prefix_path.ps1'
[0.570s] INFO:colcon.colcon_core.shell:Creating environment descriptor '/home/javierfr/Tesis_ws/V1/install/interfaces/share/interfaces/hook/cmake_prefix_path.dsv'
[0.570s] INFO:colcon.colcon_core.shell:Creating environment hook '/home/javierfr/Tesis_ws/V1/install/interfaces/share/interfaces/hook/cmake_prefix_path.sh'
[0.570s] Level 1:colcon.colcon_core.environment:checking '/home/javierfr/Tesis_ws/V1/install/interfaces/lib'
[0.571s] Level 1:colcon.colcon_core.shell:create_environment_hook('interfaces', 'ld_library_path_lib')
[0.571s] INFO:colcon.colcon_core.shell:Creating environment hook '/home/javierfr/Tesis_ws/V1/install/interfaces/share/interfaces/hook/ld_library_path_lib.ps1'
[0.571s] INFO:colcon.colcon_core.shell:Creating environment descriptor '/home/javierfr/Tesis_ws/V1/install/interfaces/share/interfaces/hook/ld_library_path_lib.dsv'
[0.571s] INFO:colcon.colcon_core.shell:Creating environment hook '/home/javierfr/Tesis_ws/V1/install/interfaces/share/interfaces/hook/ld_library_path_lib.sh'
[0.572s] Level 1:colcon.colcon_core.environment:checking '/home/javierfr/Tesis_ws/V1/install/interfaces/bin'
[0.572s] Level 1:colcon.colcon_core.environment:checking '/home/javierfr/Tesis_ws/V1/install/interfaces/lib/pkgconfig/interfaces.pc'
[0.572s] Level 1:colcon.colcon_core.environment:checking '/home/javierfr/Tesis_ws/V1/install/interfaces/lib/python3.8/site-packages'
[0.572s] Level 1:colcon.colcon_core.shell:create_environment_hook('interfaces', 'pythonpath')
[0.572s] INFO:colcon.colcon_core.shell:Creating environment hook '/home/javierfr/Tesis_ws/V1/install/interfaces/share/interfaces/hook/pythonpath.ps1'
[0.573s] INFO:colcon.colcon_core.shell:Creating environment descriptor '/home/javierfr/Tesis_ws/V1/install/interfaces/share/interfaces/hook/pythonpath.dsv'
[0.573s] INFO:colcon.colcon_core.shell:Creating environment hook '/home/javierfr/Tesis_ws/V1/install/interfaces/share/interfaces/hook/pythonpath.sh'
[0.573s] INFO:colcon.colcon_core.shell:Creating package script '/home/javierfr/Tesis_ws/V1/install/interfaces/share/interfaces/package.ps1'
[0.574s] INFO:colcon.colcon_core.shell:Creating package descriptor '/home/javierfr/Tesis_ws/V1/install/interfaces/share/interfaces/package.dsv'
[0.574s] INFO:colcon.colcon_core.shell:Creating package script '/home/javierfr/Tesis_ws/V1/install/interfaces/share/interfaces/package.sh'
[0.575s] INFO:colcon.colcon_core.shell:Creating package script '/home/javierfr/Tesis_ws/V1/install/interfaces/share/interfaces/package.bash'
[0.575s] INFO:colcon.colcon_core.shell:Creating package script '/home/javierfr/Tesis_ws/V1/install/interfaces/share/interfaces/package.zsh'
[0.575s] Level 1:colcon.colcon_core.environment:create_file_with_runtime_dependencies(/home/javierfr/Tesis_ws/V1/install/interfaces/share/colcon-core/packages/interfaces)
[0.648s] Level 1:colcon.colcon_core.environment:create_environment_scripts_only(interfaces)
[0.648s] Level 1:colcon.colcon_core.environment:checking '/home/javierfr/Tesis_ws/V1/install/interfaces' for CMake module files
[0.649s] Level 1:colcon.colcon_core.environment:checking '/home/javierfr/Tesis_ws/V1/install/interfaces' for CMake config files
[0.649s] Level 1:colcon.colcon_core.shell:create_environment_hook('interfaces', 'cmake_prefix_path')
[0.649s] INFO:colcon.colcon_core.shell:Creating environment hook '/home/javierfr/Tesis_ws/V1/install/interfaces/share/interfaces/hook/cmake_prefix_path.ps1'
[0.650s] INFO:colcon.colcon_core.shell:Creating environment descriptor '/home/javierfr/Tesis_ws/V1/install/interfaces/share/interfaces/hook/cmake_prefix_path.dsv'
[0.650s] INFO:colcon.colcon_core.shell:Creating environment hook '/home/javierfr/Tesis_ws/V1/install/interfaces/share/interfaces/hook/cmake_prefix_path.sh'
[0.651s] Level 1:colcon.colcon_core.environment:checking '/home/javierfr/Tesis_ws/V1/install/interfaces/lib'
[0.651s] Level 1:colcon.colcon_core.shell:create_environment_hook('interfaces', 'ld_library_path_lib')
[0.651s] INFO:colcon.colcon_core.shell:Creating environment hook '/home/javierfr/Tesis_ws/V1/install/interfaces/share/interfaces/hook/ld_library_path_lib.ps1'
[0.651s] INFO:colcon.colcon_core.shell:Creating environment descriptor '/home/javierfr/Tesis_ws/V1/install/interfaces/share/interfaces/hook/ld_library_path_lib.dsv'
[0.652s] INFO:colcon.colcon_core.shell:Creating environment hook '/home/javierfr/Tesis_ws/V1/install/interfaces/share/interfaces/hook/ld_library_path_lib.sh'
[0.652s] Level 1:colcon.colcon_core.environment:checking '/home/javierfr/Tesis_ws/V1/install/interfaces/bin'
[0.652s] Level 1:colcon.colcon_core.environment:checking '/home/javierfr/Tesis_ws/V1/install/interfaces/lib/pkgconfig/interfaces.pc'
[0.652s] Level 1:colcon.colcon_core.environment:checking '/home/javierfr/Tesis_ws/V1/install/interfaces/lib/python3.8/site-packages'
[0.652s] Level 1:colcon.colcon_core.shell:create_environment_hook('interfaces', 'pythonpath')
[0.652s] INFO:colcon.colcon_core.shell:Creating environment hook '/home/javierfr/Tesis_ws/V1/install/interfaces/share/interfaces/hook/pythonpath.ps1'
[0.653s] INFO:colcon.colcon_core.shell:Creating environment descriptor '/home/javierfr/Tesis_ws/V1/install/interfaces/share/interfaces/hook/pythonpath.dsv'
[0.653s] INFO:colcon.colcon_core.shell:Creating environment hook '/home/javierfr/Tesis_ws/V1/install/interfaces/share/interfaces/hook/pythonpath.sh'
[0.654s] INFO:colcon.colcon_core.shell:Creating package script '/home/javierfr/Tesis_ws/V1/install/interfaces/share/interfaces/package.ps1'
[0.654s] INFO:colcon.colcon_core.shell:Creating package descriptor '/home/javierfr/Tesis_ws/V1/install/interfaces/share/interfaces/package.dsv'
[0.655s] INFO:colcon.colcon_core.shell:Creating package script '/home/javierfr/Tesis_ws/V1/install/interfaces/share/interfaces/package.sh'
[0.655s] INFO:colcon.colcon_core.shell:Creating package script '/home/javierfr/Tesis_ws/V1/install/interfaces/share/interfaces/package.bash'
[0.655s] INFO:colcon.colcon_core.shell:Creating package script '/home/javierfr/Tesis_ws/V1/install/interfaces/share/interfaces/package.zsh'
[0.656s] Level 1:colcon.colcon_core.environment:create_file_with_runtime_dependencies(/home/javierfr/Tesis_ws/V1/install/interfaces/share/colcon-core/packages/interfaces)
[0.656s] INFO:colcon.colcon_ros.task.ament_cmake.build:Building ROS package in '/home/javierfr/Tesis_ws/V1/src/control_pkg' with build type 'ament_cmake'
[0.656s] INFO:colcon.colcon_cmake.task.cmake.build:Building CMake package in '/home/javierfr/Tesis_ws/V1/src/control_pkg'
[0.657s] INFO:colcon.colcon_core.shell:Skip shell extension 'powershell' for command environment: Not usable outside of PowerShell
[0.657s] DEBUG:colcon.colcon_core.shell:Skip shell extension 'dsv' for command environment
[0.658s] DEBUG:colcon.colcon_core.shell:Ignoring prefix path '/opt/ros/foxy'
[0.660s] INFO:colcon.colcon_ros.task.ament_cmake.build:Building ROS package in '/home/javierfr/Tesis_ws/V1/src/inv_kinematics_pkg' with build type 'ament_cmake'
[0.660s] INFO:colcon.colcon_cmake.task.cmake.build:Building CMake package in '/home/javierfr/Tesis_ws/V1/src/inv_kinematics_pkg'
[0.661s] INFO:colcon.colcon_core.shell:Skip shell extension 'powershell' for command environment: Not usable outside of PowerShell
[0.661s] DEBUG:colcon.colcon_core.shell:Skip shell extension 'dsv' for command environment
[0.662s] DEBUG:colcon.colcon_core.shell:Ignoring prefix path '/opt/ros/foxy'
[0.667s] DEBUG:colcon.colcon_core.event_handler.log_command:Invoking command in '/home/javierfr/Tesis_ws/V1/build/control_pkg': AMENT_PREFIX_PATH=/home/javierfr/Tesis_ws/V1/install/interfaces:${AMENT_PREFIX_PATH} CMAKE_PREFIX_PATH=/home/javierfr/Tesis_ws/V1/install/interfaces:/opt/ros/foxy LD_LIBRARY_PATH=/home/javierfr/Tesis_ws/V1/install/interfaces/lib:/opt/ros/foxy/opt/yaml_cpp_vendor/lib:/opt/ros/foxy/opt/rviz_ogre_vendor/lib:/opt/ros/foxy/lib/x86_64-linux-gnu:/opt/ros/foxy/lib:/usr/lib/x86_64-linux-gnu/gazebo-11/plugins:/usr/lib/x86_64-linux-gnu/gazebo-11/plugins PYTHONPATH=/home/javierfr/Tesis_ws/V1/install/interfaces/lib/python3.8/site-packages:${PYTHONPATH} /usr/bin/cmake --build /home/javierfr/Tesis_ws/V1/build/control_pkg -- -j12 -l12
[0.671s] DEBUG:colcon.colcon_core.event_handler.log_command:Invoking command in '/home/javierfr/Tesis_ws/V1/build/inv_kinematics_pkg': AMENT_PREFIX_PATH=/home/javierfr/Tesis_ws/V1/install/interfaces:${AMENT_PREFIX_PATH} CMAKE_PREFIX_PATH=/home/javierfr/Tesis_ws/V1/install/interfaces:/opt/ros/foxy LD_LIBRARY_PATH=/home/javierfr/Tesis_ws/V1/install/interfaces/lib:/opt/ros/foxy/opt/yaml_cpp_vendor/lib:/opt/ros/foxy/opt/rviz_ogre_vendor/lib:/opt/ros/foxy/lib/x86_64-linux-gnu:/opt/ros/foxy/lib:/usr/lib/x86_64-linux-gnu/gazebo-11/plugins:/usr/lib/x86_64-linux-gnu/gazebo-11/plugins PYTHONPATH=/home/javierfr/Tesis_ws/V1/install/interfaces/lib/python3.8/site-packages:${PYTHONPATH} /usr/bin/cmake --build /home/javierfr/Tesis_ws/V1/build/inv_kinematics_pkg -- -j12 -l12
[0.725s] DEBUG:colcon.colcon_core.event_handler.log_command:Invoked command in '/home/javierfr/Tesis_ws/V1/build/inv_kinematics_pkg' returned '0': AMENT_PREFIX_PATH=/home/javierfr/Tesis_ws/V1/install/interfaces:${AMENT_PREFIX_PATH} CMAKE_PREFIX_PATH=/home/javierfr/Tesis_ws/V1/install/interfaces:/opt/ros/foxy LD_LIBRARY_PATH=/home/javierfr/Tesis_ws/V1/install/interfaces/lib:/opt/ros/foxy/opt/yaml_cpp_vendor/lib:/opt/ros/foxy/opt/rviz_ogre_vendor/lib:/opt/ros/foxy/lib/x86_64-linux-gnu:/opt/ros/foxy/lib:/usr/lib/x86_64-linux-gnu/gazebo-11/plugins:/usr/lib/x86_64-linux-gnu/gazebo-11/plugins PYTHONPATH=/home/javierfr/Tesis_ws/V1/install/interfaces/lib/python3.8/site-packages:${PYTHONPATH} /usr/bin/cmake --build /home/javierfr/Tesis_ws/V1/build/inv_kinematics_pkg -- -j12 -l12
[0.749s] DEBUG:colcon.colcon_core.event_handler.log_command:Invoking command in '/home/javierfr/Tesis_ws/V1/build/inv_kinematics_pkg': AMENT_PREFIX_PATH=/home/javierfr/Tesis_ws/V1/install/interfaces:${AMENT_PREFIX_PATH} CMAKE_PREFIX_PATH=/home/javierfr/Tesis_ws/V1/install/interfaces:/opt/ros/foxy LD_LIBRARY_PATH=/home/javierfr/Tesis_ws/V1/install/interfaces/lib:/opt/ros/foxy/opt/yaml_cpp_vendor/lib:/opt/ros/foxy/opt/rviz_ogre_vendor/lib:/opt/ros/foxy/lib/x86_64-linux-gnu:/opt/ros/foxy/lib:/usr/lib/x86_64-linux-gnu/gazebo-11/plugins:/usr/lib/x86_64-linux-gnu/gazebo-11/plugins PYTHONPATH=/home/javierfr/Tesis_ws/V1/install/interfaces/lib/python3.8/site-packages:${PYTHONPATH} /usr/bin/cmake --install /home/javierfr/Tesis_ws/V1/build/inv_kinematics_pkg
[0.757s] Level 1:colcon.colcon_core.environment:create_environment_scripts_only(inv_kinematics_pkg)
[0.758s] Level 1:colcon.colcon_core.environment:checking '/home/javierfr/Tesis_ws/V1/install/inv_kinematics_pkg' for CMake module files
[0.759s] DEBUG:colcon.colcon_core.event_handler.log_command:Invoked command in '/home/javierfr/Tesis_ws/V1/build/inv_kinematics_pkg' returned '0': AMENT_PREFIX_PATH=/home/javierfr/Tesis_ws/V1/install/interfaces:${AMENT_PREFIX_PATH} CMAKE_PREFIX_PATH=/home/javierfr/Tesis_ws/V1/install/interfaces:/opt/ros/foxy LD_LIBRARY_PATH=/home/javierfr/Tesis_ws/V1/install/interfaces/lib:/opt/ros/foxy/opt/yaml_cpp_vendor/lib:/opt/ros/foxy/opt/rviz_ogre_vendor/lib:/opt/ros/foxy/lib/x86_64-linux-gnu:/opt/ros/foxy/lib:/usr/lib/x86_64-linux-gnu/gazebo-11/plugins:/usr/lib/x86_64-linux-gnu/gazebo-11/plugins PYTHONPATH=/home/javierfr/Tesis_ws/V1/install/interfaces/lib/python3.8/site-packages:${PYTHONPATH} /usr/bin/cmake --install /home/javierfr/Tesis_ws/V1/build/inv_kinematics_pkg
[0.759s] Level 1:colcon.colcon_core.environment:checking '/home/javierfr/Tesis_ws/V1/install/inv_kinematics_pkg' for CMake config files
[0.759s] Level 1:colcon.colcon_core.shell:create_environment_hook('inv_kinematics_pkg', 'cmake_prefix_path')
[0.760s] INFO:colcon.colcon_core.shell:Creating environment hook '/home/javierfr/Tesis_ws/V1/install/inv_kinematics_pkg/share/inv_kinematics_pkg/hook/cmake_prefix_path.ps1'
[0.760s] INFO:colcon.colcon_core.shell:Creating environment descriptor '/home/javierfr/Tesis_ws/V1/install/inv_kinematics_pkg/share/inv_kinematics_pkg/hook/cmake_prefix_path.dsv'
[0.760s] INFO:colcon.colcon_core.shell:Creating environment hook '/home/javierfr/Tesis_ws/V1/install/inv_kinematics_pkg/share/inv_kinematics_pkg/hook/cmake_prefix_path.sh'
[0.761s] Level 1:colcon.colcon_core.environment:checking '/home/javierfr/Tesis_ws/V1/install/inv_kinematics_pkg/lib'
[0.761s] Level 1:colcon.colcon_core.environment:checking '/home/javierfr/Tesis_ws/V1/install/inv_kinematics_pkg/bin'
[0.761s] Level 1:colcon.colcon_core.environment:checking '/home/javierfr/Tesis_ws/V1/install/inv_kinematics_pkg/lib/pkgconfig/inv_kinematics_pkg.pc'
[0.761s] Level 1:colcon.colcon_core.environment:checking '/home/javierfr/Tesis_ws/V1/install/inv_kinematics_pkg/lib/python3.8/site-packages'
[0.761s] INFO:colcon.colcon_core.shell:Creating package script '/home/javierfr/Tesis_ws/V1/install/inv_kinematics_pkg/share/inv_kinematics_pkg/package.ps1'
[0.761s] INFO:colcon.colcon_core.shell:Creating package descriptor '/home/javierfr/Tesis_ws/V1/install/inv_kinematics_pkg/share/inv_kinematics_pkg/package.dsv'
[0.762s] INFO:colcon.colcon_core.shell:Creating package script '/home/javierfr/Tesis_ws/V1/install/inv_kinematics_pkg/share/inv_kinematics_pkg/package.sh'
[0.762s] INFO:colcon.colcon_core.shell:Creating package script '/home/javierfr/Tesis_ws/V1/install/inv_kinematics_pkg/share/inv_kinematics_pkg/package.bash'
[0.762s] INFO:colcon.colcon_core.shell:Creating package script '/home/javierfr/Tesis_ws/V1/install/inv_kinematics_pkg/share/inv_kinematics_pkg/package.zsh'
[0.762s] Level 1:colcon.colcon_core.environment:create_file_with_runtime_dependencies(/home/javierfr/Tesis_ws/V1/install/inv_kinematics_pkg/share/colcon-core/packages/inv_kinematics_pkg)
[0.785s] Level 1:colcon.colcon_core.environment:create_environment_scripts_only(inv_kinematics_pkg)
[0.785s] Level 1:colcon.colcon_core.environment:checking '/home/javierfr/Tesis_ws/V1/install/inv_kinematics_pkg' for CMake module files
[0.786s] Level 1:colcon.colcon_core.environment:checking '/home/javierfr/Tesis_ws/V1/install/inv_kinematics_pkg' for CMake config files
[0.786s] Level 1:colcon.colcon_core.shell:create_environment_hook('inv_kinematics_pkg', 'cmake_prefix_path')
[0.786s] INFO:colcon.colcon_core.shell:Creating environment hook '/home/javierfr/Tesis_ws/V1/install/inv_kinematics_pkg/share/inv_kinematics_pkg/hook/cmake_prefix_path.ps1'
[0.912s] INFO:colcon.colcon_core.shell:Creating environment descriptor '/home/javierfr/Tesis_ws/V1/install/inv_kinematics_pkg/share/inv_kinematics_pkg/hook/cmake_prefix_path.dsv'
[0.914s] INFO:colcon.colcon_core.shell:Creating environment hook '/home/javierfr/Tesis_ws/V1/install/inv_kinematics_pkg/share/inv_kinematics_pkg/hook/cmake_prefix_path.sh'
[0.916s] Level 1:colcon.colcon_core.environment:checking '/home/javierfr/Tesis_ws/V1/install/inv_kinematics_pkg/lib'
[0.916s] Level 1:colcon.colcon_core.environment:checking '/home/javierfr/Tesis_ws/V1/install/inv_kinematics_pkg/bin'
[0.916s] Level 1:colcon.colcon_core.environment:checking '/home/javierfr/Tesis_ws/V1/install/inv_kinematics_pkg/lib/pkgconfig/inv_kinematics_pkg.pc'
[0.917s] Level 1:colcon.colcon_core.environment:checking '/home/javierfr/Tesis_ws/V1/install/inv_kinematics_pkg/lib/python3.8/site-packages'
[0.919s] INFO:colcon.colcon_core.shell:Creating package script '/home/javierfr/Tesis_ws/V1/install/inv_kinematics_pkg/share/inv_kinematics_pkg/package.ps1'
[0.921s] INFO:colcon.colcon_core.shell:Creating package descriptor '/home/javierfr/Tesis_ws/V1/install/inv_kinematics_pkg/share/inv_kinematics_pkg/package.dsv'
[0.923s] INFO:colcon.colcon_core.shell:Creating package script '/home/javierfr/Tesis_ws/V1/install/inv_kinematics_pkg/share/inv_kinematics_pkg/package.sh'
[0.924s] INFO:colcon.colcon_core.shell:Creating package script '/home/javierfr/Tesis_ws/V1/install/inv_kinematics_pkg/share/inv_kinematics_pkg/package.bash'
[0.926s] INFO:colcon.colcon_core.shell:Creating package script '/home/javierfr/Tesis_ws/V1/install/inv_kinematics_pkg/share/inv_kinematics_pkg/package.zsh'
[0.927s] Level 1:colcon.colcon_core.environment:create_file_with_runtime_dependencies(/home/javierfr/Tesis_ws/V1/install/inv_kinematics_pkg/share/colcon-core/packages/inv_kinematics_pkg)
[6.155s] DEBUG:colcon.colcon_core.event_handler.log_command:Invoked command in '/home/javierfr/Tesis_ws/V1/build/control_pkg' returned '2': AMENT_PREFIX_PATH=/home/javierfr/Tesis_ws/V1/install/interfaces:${AMENT_PREFIX_PATH} CMAKE_PREFIX_PATH=/home/javierfr/Tesis_ws/V1/install/interfaces:/opt/ros/foxy LD_LIBRARY_PATH=/home/javierfr/Tesis_ws/V1/install/interfaces/lib:/opt/ros/foxy/opt/yaml_cpp_vendor/lib:/opt/ros/foxy/opt/rviz_ogre_vendor/lib:/opt/ros/foxy/lib/x86_64-linux-gnu:/opt/ros/foxy/lib:/usr/lib/x86_64-linux-gnu/gazebo-11/plugins:/usr/lib/x86_64-linux-gnu/gazebo-11/plugins PYTHONPATH=/home/javierfr/Tesis_ws/V1/install/interfaces/lib/python3.8/site-packages:${PYTHONPATH} /usr/bin/cmake --build /home/javierfr/Tesis_ws/V1/build/control_pkg -- -j12 -l12
[6.173s] Level 1:colcon.colcon_core.environment:create_environment_scripts_only(control_pkg)
[6.174s] Level 1:colcon.colcon_core.environment:checking '/home/javierfr/Tesis_ws/V1/install/control_pkg' for CMake module files
[6.174s] Level 1:colcon.colcon_core.environment:checking '/home/javierfr/Tesis_ws/V1/install/control_pkg' for CMake config files
[6.175s] Level 1:colcon.colcon_core.shell:create_environment_hook('control_pkg', 'cmake_prefix_path')
[6.175s] INFO:colcon.colcon_core.shell:Creating environment hook '/home/javierfr/Tesis_ws/V1/install/control_pkg/share/control_pkg/hook/cmake_prefix_path.ps1'
[6.175s] INFO:colcon.colcon_core.shell:Creating environment descriptor '/home/javierfr/Tesis_ws/V1/install/control_pkg/share/control_pkg/hook/cmake_prefix_path.dsv'
[6.176s] INFO:colcon.colcon_core.shell:Creating environment hook '/home/javierfr/Tesis_ws/V1/install/control_pkg/share/control_pkg/hook/cmake_prefix_path.sh'
[6.176s] Level 1:colcon.colcon_core.environment:checking '/home/javierfr/Tesis_ws/V1/install/control_pkg/lib'
[6.176s] Level 1:colcon.colcon_core.environment:checking '/home/javierfr/Tesis_ws/V1/install/control_pkg/bin'
[6.176s] Level 1:colcon.colcon_core.environment:checking '/home/javierfr/Tesis_ws/V1/install/control_pkg/lib/pkgconfig/control_pkg.pc'
[6.176s] Level 1:colcon.colcon_core.environment:checking '/home/javierfr/Tesis_ws/V1/install/control_pkg/lib/python3.8/site-packages'
[6.177s] INFO:colcon.colcon_core.shell:Creating package script '/home/javierfr/Tesis_ws/V1/install/control_pkg/share/control_pkg/package.ps1'
[6.177s] INFO:colcon.colcon_core.shell:Creating package descriptor '/home/javierfr/Tesis_ws/V1/install/control_pkg/share/control_pkg/package.dsv'
[6.177s] INFO:colcon.colcon_core.shell:Creating package script '/home/javierfr/Tesis_ws/V1/install/control_pkg/share/control_pkg/package.sh'
[6.178s] INFO:colcon.colcon_core.shell:Creating package script '/home/javierfr/Tesis_ws/V1/install/control_pkg/share/control_pkg/package.bash'
[6.178s] INFO:colcon.colcon_core.shell:Creating package script '/home/javierfr/Tesis_ws/V1/install/control_pkg/share/control_pkg/package.zsh'
[6.178s] Level 1:colcon.colcon_core.environment:create_file_with_runtime_dependencies(/home/javierfr/Tesis_ws/V1/install/control_pkg/share/colcon-core/packages/control_pkg)
[6.188s] DEBUG:colcon.colcon_parallel_executor.executor.parallel:closing loop
[6.188s] DEBUG:colcon.colcon_parallel_executor.executor.parallel:loop closed
[6.189s] DEBUG:colcon.colcon_parallel_executor.executor.parallel:run_until_complete finished with '2'
[6.189s] DEBUG:colcon.colcon_core.event_reactor:joining thread
[6.193s] INFO:colcon.colcon_core.plugin_system:Skipping extension 'colcon_notification.desktop_notification.terminal_notifier': Not used on non-Darwin systems
[6.193s] INFO:colcon.colcon_core.plugin_system:Skipping extension 'colcon_notification.desktop_notification.win32': Not used on non-Windows systems
[6.193s] INFO:colcon.colcon_notification.desktop_notification:Sending desktop notification using 'notify2'
[6.204s] DEBUG:colcon.colcon_core.event_reactor:joined thread
[6.204s] INFO:colcon.colcon_core.shell:Creating prefix script '/home/javierfr/Tesis_ws/V1/install/local_setup.ps1'
[6.205s] INFO:colcon.colcon_core.shell:Creating prefix util module '/home/javierfr/Tesis_ws/V1/install/_local_setup_util_ps1.py'
[6.206s] INFO:colcon.colcon_core.shell:Creating prefix chain script '/home/javierfr/Tesis_ws/V1/install/setup.ps1'
[6.208s] INFO:colcon.colcon_core.shell:Creating prefix script '/home/javierfr/Tesis_ws/V1/install/local_setup.sh'
[6.208s] INFO:colcon.colcon_core.shell:Creating prefix util module '/home/javierfr/Tesis_ws/V1/install/_local_setup_util_sh.py'
[6.209s] INFO:colcon.colcon_core.shell:Creating prefix chain script '/home/javierfr/Tesis_ws/V1/install/setup.sh'
[6.210s] INFO:colcon.colcon_core.shell:Creating prefix script '/home/javierfr/Tesis_ws/V1/install/local_setup.bash'
[6.210s] INFO:colcon.colcon_core.shell:Creating prefix chain script '/home/javierfr/Tesis_ws/V1/install/setup.bash'
[6.212s] INFO:colcon.colcon_core.shell:Creating prefix script '/home/javierfr/Tesis_ws/V1/install/local_setup.zsh'
[6.212s] INFO:colcon.colcon_core.shell:Creating prefix chain script '/home/javierfr/Tesis_ws/V1/install/setup.zsh'
