[0.022s] Invoking command in '/home/javierfr/Robotics_Cyber_Physical_LAB/build/img_proc_pkg': /usr/bin/cmake /home/javierfr/Robotics_Cyber_Physical_LAB/src/img_proc_pkg -DCMAKE_INSTALL_PREFIX=/home/javierfr/Robotics_Cyber_Physical_LAB/install/img_proc_pkg
[0.079s] -- The C compiler identification is GNU 9.4.0
[0.140s] -- The CXX compiler identification is GNU 9.4.0
[0.148s] -- Check for working C compiler: /usr/bin/cc
[0.221s] -- Check for working C compiler: /usr/bin/cc -- works
[0.222s] -- Detecting C compiler ABI info
[0.291s] -- Detecting C compiler ABI info - done
[0.304s] -- Detecting C compile features
[0.304s] -- Detecting C compile features - done
[0.307s] -- Check for working CXX compiler: /usr/bin/c++
[0.384s] -- Check for working CXX compiler: /usr/bin/c++ -- works
[0.385s] -- Detecting CXX compiler ABI info
[0.465s] -- Detecting CXX compiler ABI info - done
[0.478s] -- Detecting CXX compile features
[0.479s] -- Detecting CXX compile features - done
[0.488s] CMake Error at CMakeLists.txt:19 (find_package):
[0.489s]   By not providing "Findament_cmake.cmake" in CMAKE_MODULE_PATH this project
[0.489s]   has asked CMake to find a package configuration file provided by
[0.489s]   "ament_cmake", but CMake did not find one.
[0.489s] 
[0.489s]   Could not find a package configuration file provided by "ament_cmake" with
[0.489s]   any of the following names:
[0.489s] 
[0.489s]     ament_cmakeConfig.cmake
[0.489s]     ament_cmake-config.cmake
[0.489s] 
[0.489s]   Add the installation prefix of "ament_cmake" to CMAKE_PREFIX_PATH or set
[0.489s]   "ament_cmake_DIR" to a directory containing one of the above files.  If
[0.489s]   "ament_cmake" provides a separate development package or SDK, be sure it
[0.490s]   has been installed.
[0.490s] 
[0.490s] 
[0.491s] -- Configuring incomplete, errors occurred!
[0.491s] See also "/home/javierfr/Robotics_Cyber_Physical_LAB/build/img_proc_pkg/CMakeFiles/CMakeOutput.log".
[0.492s] Invoked command in '/home/javierfr/Robotics_Cyber_Physical_LAB/build/img_proc_pkg' returned '1': /usr/bin/cmake /home/javierfr/Robotics_Cyber_Physical_LAB/src/img_proc_pkg -DCMAKE_INSTALL_PREFIX=/home/javierfr/Robotics_Cyber_Physical_LAB/install/img_proc_pkg
