[0.250s] DEBUG:colcon:Command line arguments: ['/usr/bin/colcon', 'build']
[0.250s] DEBUG:colcon:Parsed command line arguments: Namespace(ament_cmake_args=None, base_paths=['.'], build_base='build', catkin_cmake_args=None, catkin_skip_building_tests=False, cmake_args=None, cmake_clean_cache=False, cmake_clean_first=False, cmake_force_configure=False, cmake_target=None, cmake_target_skip_unavailable=False, continue_on_error=False, event_handlers=None, executor='parallel', ignore_user_meta=False, install_base='install', log_base=None, log_level=None, main=<bound method BuildVerb.main of <colcon_core.verb.build.BuildVerb object at 0x7fc5eb227c10>>, merge_install=False, metas=['./colcon.meta'], packages_above=None, packages_above_and_dependencies=None, packages_above_depth=None, packages_end=None, packages_ignore=None, packages_ignore_regex=None, packages_select=None, packages_select_build_failed=False, packages_select_by_dep=None, packages_select_regex=None, packages_select_test_failures=False, packages_skip=None, packages_skip_build_finished=False, packages_skip_by_dep=None, packages_skip_regex=None, packages_skip_test_passed=False, packages_skip_up_to=None, packages_start=None, packages_up_to=None, packages_up_to_regex=None, parallel_workers=12, paths=None, symlink_install=False, test_result_base=None, verb_extension=<colcon_core.verb.build.BuildVerb object at 0x7fc5eb227c10>, verb_name='build', verb_parser=<colcon_defaults.argument_parser.defaults.DefaultArgumentsDecorator object at 0x7fc5eb2371c0>)
[0.255s] Level 1:colcon.colcon_core.package_discovery:discover_packages(colcon_meta) check parameters
[0.255s] Level 1:colcon.colcon_core.package_discovery:discover_packages(recursive) check parameters
[0.255s] Level 1:colcon.colcon_core.package_discovery:discover_packages(ignore) check parameters
[0.255s] Level 1:colcon.colcon_core.package_discovery:discover_packages(path) check parameters
[0.255s] Level 1:colcon.colcon_core.package_discovery:discover_packages(colcon_meta) discover
[0.255s] Level 1:colcon.colcon_core.package_discovery:discover_packages(recursive) discover
[0.255s] INFO:colcon.colcon_core.package_discovery:Crawling recursively for packages in '/home/javierfr/Tesis_ws/V1'
[0.255s] Level 1:colcon.colcon_core.package_identification:_identify(.) by extensions ['ignore', 'ignore_ament_install']
[0.256s] Level 1:colcon.colcon_core.package_identification:_identify(.) by extension 'ignore'
[0.256s] Level 1:colcon.colcon_core.package_identification:_identify(.) by extension 'ignore_ament_install'
[0.256s] Level 1:colcon.colcon_core.package_identification:_identify(.) by extensions ['colcon_pkg']
[0.256s] Level 1:colcon.colcon_core.package_identification:_identify(.) by extension 'colcon_pkg'
[0.256s] Level 1:colcon.colcon_core.package_identification:_identify(.) by extensions ['colcon_meta']
[0.256s] Level 1:colcon.colcon_core.package_identification:_identify(.) by extension 'colcon_meta'
[0.256s] Level 1:colcon.colcon_core.package_identification:_identify(.) by extensions ['ros']
[0.256s] Level 1:colcon.colcon_core.package_identification:_identify(.) by extension 'ros'
[0.267s] Level 1:colcon.colcon_core.package_identification:_identify(.) by extensions ['cmake', 'python']
[0.267s] Level 1:colcon.colcon_core.package_identification:_identify(.) by extension 'cmake'
[0.267s] Level 1:colcon.colcon_core.package_identification:_identify(.) by extension 'python'
[0.267s] Level 1:colcon.colcon_core.package_identification:_identify(.) by extensions ['python_setup_py']
[0.267s] Level 1:colcon.colcon_core.package_identification:_identify(.) by extension 'python_setup_py'
[0.267s] Level 1:colcon.colcon_core.package_identification:_identify(build) by extensions ['ignore', 'ignore_ament_install']
[0.267s] Level 1:colcon.colcon_core.package_identification:_identify(build) by extension 'ignore'
[0.267s] Level 1:colcon.colcon_core.package_identification:_identify(build) ignored
[0.267s] Level 1:colcon.colcon_core.package_identification:_identify(install) by extensions ['ignore', 'ignore_ament_install']
[0.268s] Level 1:colcon.colcon_core.package_identification:_identify(install) by extension 'ignore'
[0.268s] Level 1:colcon.colcon_core.package_identification:_identify(install) ignored
[0.268s] Level 1:colcon.colcon_core.package_identification:_identify(log) by extensions ['ignore', 'ignore_ament_install']
[0.268s] Level 1:colcon.colcon_core.package_identification:_identify(log) by extension 'ignore'
[0.268s] Level 1:colcon.colcon_core.package_identification:_identify(log) ignored
[0.268s] Level 1:colcon.colcon_core.package_identification:_identify(src) by extensions ['ignore', 'ignore_ament_install']
[0.268s] Level 1:colcon.colcon_core.package_identification:_identify(src) by extension 'ignore'
[0.269s] Level 1:colcon.colcon_core.package_identification:_identify(src) by extension 'ignore_ament_install'
[0.269s] Level 1:colcon.colcon_core.package_identification:_identify(src) by extensions ['colcon_pkg']
[0.269s] Level 1:colcon.colcon_core.package_identification:_identify(src) by extension 'colcon_pkg'
[0.269s] Level 1:colcon.colcon_core.package_identification:_identify(src) by extensions ['colcon_meta']
[0.269s] Level 1:colcon.colcon_core.package_identification:_identify(src) by extension 'colcon_meta'
[0.269s] Level 1:colcon.colcon_core.package_identification:_identify(src) by extensions ['ros']
[0.269s] Level 1:colcon.colcon_core.package_identification:_identify(src) by extension 'ros'
[0.269s] Level 1:colcon.colcon_core.package_identification:_identify(src) by extensions ['cmake', 'python']
[0.269s] Level 1:colcon.colcon_core.package_identification:_identify(src) by extension 'cmake'
[0.269s] Level 1:colcon.colcon_core.package_identification:_identify(src) by extension 'python'
[0.269s] Level 1:colcon.colcon_core.package_identification:_identify(src) by extensions ['python_setup_py']
[0.269s] Level 1:colcon.colcon_core.package_identification:_identify(src) by extension 'python_setup_py'
[0.269s] Level 1:colcon.colcon_core.package_identification:_identify(src/control_pkg) by extensions ['ignore', 'ignore_ament_install']
[0.269s] Level 1:colcon.colcon_core.package_identification:_identify(src/control_pkg) by extension 'ignore'
[0.269s] Level 1:colcon.colcon_core.package_identification:_identify(src/control_pkg) by extension 'ignore_ament_install'
[0.269s] Level 1:colcon.colcon_core.package_identification:_identify(src/control_pkg) by extensions ['colcon_pkg']
[0.269s] Level 1:colcon.colcon_core.package_identification:_identify(src/control_pkg) by extension 'colcon_pkg'
[0.269s] Level 1:colcon.colcon_core.package_identification:_identify(src/control_pkg) by extensions ['colcon_meta']
[0.269s] Level 1:colcon.colcon_core.package_identification:_identify(src/control_pkg) by extension 'colcon_meta'
[0.269s] Level 1:colcon.colcon_core.package_identification:_identify(src/control_pkg) by extensions ['ros']
[0.269s] Level 1:colcon.colcon_core.package_identification:_identify(src/control_pkg) by extension 'ros'
[0.271s] DEBUG:colcon.colcon_core.package_identification:Package 'src/control_pkg' with type 'ros.ament_cmake' and name 'control_pkg'
[0.271s] Level 1:colcon.colcon_core.package_identification:_identify(src/gazebo_plugin_sim) by extensions ['ignore', 'ignore_ament_install']
[0.271s] Level 1:colcon.colcon_core.package_identification:_identify(src/gazebo_plugin_sim) by extension 'ignore'
[0.272s] Level 1:colcon.colcon_core.package_identification:_identify(src/gazebo_plugin_sim) by extension 'ignore_ament_install'
[0.272s] Level 1:colcon.colcon_core.package_identification:_identify(src/gazebo_plugin_sim) by extensions ['colcon_pkg']
[0.272s] Level 1:colcon.colcon_core.package_identification:_identify(src/gazebo_plugin_sim) by extension 'colcon_pkg'
[0.272s] Level 1:colcon.colcon_core.package_identification:_identify(src/gazebo_plugin_sim) by extensions ['colcon_meta']
[0.272s] Level 1:colcon.colcon_core.package_identification:_identify(src/gazebo_plugin_sim) by extension 'colcon_meta'
[0.272s] Level 1:colcon.colcon_core.package_identification:_identify(src/gazebo_plugin_sim) by extensions ['ros']
[0.272s] Level 1:colcon.colcon_core.package_identification:_identify(src/gazebo_plugin_sim) by extension 'ros'
[0.273s] DEBUG:colcon.colcon_core.package_identification:Package 'src/gazebo_plugin_sim' with type 'ros.ament_cmake' and name 'gazebo_plugin_sim'
[0.273s] Level 1:colcon.colcon_core.package_identification:_identify(src/img_proc_pkg) by extensions ['ignore', 'ignore_ament_install']
[0.273s] Level 1:colcon.colcon_core.package_identification:_identify(src/img_proc_pkg) by extension 'ignore'
[0.273s] Level 1:colcon.colcon_core.package_identification:_identify(src/img_proc_pkg) by extension 'ignore_ament_install'
[0.273s] Level 1:colcon.colcon_core.package_identification:_identify(src/img_proc_pkg) by extensions ['colcon_pkg']
[0.273s] Level 1:colcon.colcon_core.package_identification:_identify(src/img_proc_pkg) by extension 'colcon_pkg'
[0.273s] Level 1:colcon.colcon_core.package_identification:_identify(src/img_proc_pkg) by extensions ['colcon_meta']
[0.273s] Level 1:colcon.colcon_core.package_identification:_identify(src/img_proc_pkg) by extension 'colcon_meta'
[0.273s] Level 1:colcon.colcon_core.package_identification:_identify(src/img_proc_pkg) by extensions ['ros']
[0.273s] Level 1:colcon.colcon_core.package_identification:_identify(src/img_proc_pkg) by extension 'ros'
[0.274s] DEBUG:colcon.colcon_core.package_identification:Package 'src/img_proc_pkg' with type 'ros.ament_cmake' and name 'img_proc_pkg'
[0.274s] Level 1:colcon.colcon_core.package_identification:_identify(src/interfaces) by extensions ['ignore', 'ignore_ament_install']
[0.274s] Level 1:colcon.colcon_core.package_identification:_identify(src/interfaces) by extension 'ignore'
[0.274s] Level 1:colcon.colcon_core.package_identification:_identify(src/interfaces) by extension 'ignore_ament_install'
[0.274s] Level 1:colcon.colcon_core.package_identification:_identify(src/interfaces) by extensions ['colcon_pkg']
[0.274s] Level 1:colcon.colcon_core.package_identification:_identify(src/interfaces) by extension 'colcon_pkg'
[0.274s] Level 1:colcon.colcon_core.package_identification:_identify(src/interfaces) by extensions ['colcon_meta']
[0.274s] Level 1:colcon.colcon_core.package_identification:_identify(src/interfaces) by extension 'colcon_meta'
[0.274s] Level 1:colcon.colcon_core.package_identification:_identify(src/interfaces) by extensions ['ros']
[0.274s] Level 1:colcon.colcon_core.package_identification:_identify(src/interfaces) by extension 'ros'
[0.275s] DEBUG:colcon.colcon_core.package_identification:Package 'src/interfaces' with type 'ros.ament_cmake' and name 'interfaces'
[0.275s] Level 1:colcon.colcon_core.package_identification:_identify(src/inv_kinematics_pkg) by extensions ['ignore', 'ignore_ament_install']
[0.275s] Level 1:colcon.colcon_core.package_identification:_identify(src/inv_kinematics_pkg) by extension 'ignore'
[0.275s] Level 1:colcon.colcon_core.package_identification:_identify(src/inv_kinematics_pkg) by extension 'ignore_ament_install'
[0.275s] Level 1:colcon.colcon_core.package_identification:_identify(src/inv_kinematics_pkg) by extensions ['colcon_pkg']
[0.275s] Level 1:colcon.colcon_core.package_identification:_identify(src/inv_kinematics_pkg) by extension 'colcon_pkg'
[0.275s] Level 1:colcon.colcon_core.package_identification:_identify(src/inv_kinematics_pkg) by extensions ['colcon_meta']
[0.276s] Level 1:colcon.colcon_core.package_identification:_identify(src/inv_kinematics_pkg) by extension 'colcon_meta'
[0.276s] Level 1:colcon.colcon_core.package_identification:_identify(src/inv_kinematics_pkg) by extensions ['ros']
[0.276s] Level 1:colcon.colcon_core.package_identification:_identify(src/inv_kinematics_pkg) by extension 'ros'
[0.276s] DEBUG:colcon.colcon_core.package_identification:Package 'src/inv_kinematics_pkg' with type 'ros.ament_cmake' and name 'inv_kinematics_pkg'
[0.276s] Level 1:colcon.colcon_core.package_discovery:discover_packages(recursive) using defaults
[0.276s] Level 1:colcon.colcon_core.package_discovery:discover_packages(ignore) discover
[0.276s] Level 1:colcon.colcon_core.package_discovery:discover_packages(ignore) using defaults
[0.276s] Level 1:colcon.colcon_core.package_discovery:discover_packages(path) discover
[0.276s] Level 1:colcon.colcon_core.package_discovery:discover_packages(path) using defaults
[0.293s] Level 5:colcon.colcon_core.verb:set package 'gazebo_plugin_sim' build argument 'cmake_args' from command line to 'None'
[0.293s] Level 5:colcon.colcon_core.verb:set package 'gazebo_plugin_sim' build argument 'cmake_target' from command line to 'None'
[0.293s] Level 5:colcon.colcon_core.verb:set package 'gazebo_plugin_sim' build argument 'cmake_target_skip_unavailable' from command line to 'False'
[0.293s] Level 5:colcon.colcon_core.verb:set package 'gazebo_plugin_sim' build argument 'cmake_clean_cache' from command line to 'False'
[0.293s] Level 5:colcon.colcon_core.verb:set package 'gazebo_plugin_sim' build argument 'cmake_clean_first' from command line to 'False'
[0.293s] Level 5:colcon.colcon_core.verb:set package 'gazebo_plugin_sim' build argument 'cmake_force_configure' from command line to 'False'
[0.293s] Level 5:colcon.colcon_core.verb:set package 'gazebo_plugin_sim' build argument 'ament_cmake_args' from command line to 'None'
[0.293s] Level 5:colcon.colcon_core.verb:set package 'gazebo_plugin_sim' build argument 'catkin_cmake_args' from command line to 'None'
[0.293s] Level 5:colcon.colcon_core.verb:set package 'gazebo_plugin_sim' build argument 'catkin_skip_building_tests' from command line to 'False'
[0.293s] DEBUG:colcon.colcon_core.verb:Building package 'gazebo_plugin_sim' with the following arguments: {'ament_cmake_args': None, 'build_base': '/home/javierfr/Tesis_ws/V1/build/gazebo_plugin_sim', 'catkin_cmake_args': None, 'catkin_skip_building_tests': False, 'cmake_args': None, 'cmake_clean_cache': False, 'cmake_clean_first': False, 'cmake_force_configure': False, 'cmake_target': None, 'cmake_target_skip_unavailable': False, 'install_base': '/home/javierfr/Tesis_ws/V1/install/gazebo_plugin_sim', 'merge_install': False, 'path': '/home/javierfr/Tesis_ws/V1/src/gazebo_plugin_sim', 'symlink_install': False, 'test_result_base': None}
[0.295s] Level 5:colcon.colcon_core.verb:set package 'img_proc_pkg' build argument 'cmake_args' from command line to 'None'
[0.295s] Level 5:colcon.colcon_core.verb:set package 'img_proc_pkg' build argument 'cmake_target' from command line to 'None'
[0.295s] Level 5:colcon.colcon_core.verb:set package 'img_proc_pkg' build argument 'cmake_target_skip_unavailable' from command line to 'False'
[0.295s] Level 5:colcon.colcon_core.verb:set package 'img_proc_pkg' build argument 'cmake_clean_cache' from command line to 'False'
[0.295s] Level 5:colcon.colcon_core.verb:set package 'img_proc_pkg' build argument 'cmake_clean_first' from command line to 'False'
[0.295s] Level 5:colcon.colcon_core.verb:set package 'img_proc_pkg' build argument 'cmake_force_configure' from command line to 'False'
[0.295s] Level 5:colcon.colcon_core.verb:set package 'img_proc_pkg' build argument 'ament_cmake_args' from command line to 'None'
[0.295s] Level 5:colcon.colcon_core.verb:set package 'img_proc_pkg' build argument 'catkin_cmake_args' from command line to 'None'
[0.295s] Level 5:colcon.colcon_core.verb:set package 'img_proc_pkg' build argument 'catkin_skip_building_tests' from command line to 'False'
[0.295s] DEBUG:colcon.colcon_core.verb:Building package 'img_proc_pkg' with the following arguments: {'ament_cmake_args': None, 'build_base': '/home/javierfr/Tesis_ws/V1/build/img_proc_pkg', 'catkin_cmake_args': None, 'catkin_skip_building_tests': False, 'cmake_args': None, 'cmake_clean_cache': False, 'cmake_clean_first': False, 'cmake_force_configure': False, 'cmake_target': None, 'cmake_target_skip_unavailable': False, 'install_base': '/home/javierfr/Tesis_ws/V1/install/img_proc_pkg', 'merge_install': False, 'path': '/home/javierfr/Tesis_ws/V1/src/img_proc_pkg', 'symlink_install': False, 'test_result_base': None}
[0.297s] Level 5:colcon.colcon_core.verb:set package 'interfaces' build argument 'cmake_args' from command line to 'None'
[0.297s] Level 5:colcon.colcon_core.verb:set package 'interfaces' build argument 'cmake_target' from command line to 'None'
[0.297s] Level 5:colcon.colcon_core.verb:set package 'interfaces' build argument 'cmake_target_skip_unavailable' from command line to 'False'
[0.297s] Level 5:colcon.colcon_core.verb:set package 'interfaces' build argument 'cmake_clean_cache' from command line to 'False'
[0.297s] Level 5:colcon.colcon_core.verb:set package 'interfaces' build argument 'cmake_clean_first' from command line to 'False'
[0.297s] Level 5:colcon.colcon_core.verb:set package 'interfaces' build argument 'cmake_force_configure' from command line to 'False'
[0.297s] Level 5:colcon.colcon_core.verb:set package 'interfaces' build argument 'ament_cmake_args' from command line to 'None'
[0.297s] Level 5:colcon.colcon_core.verb:set package 'interfaces' build argument 'catkin_cmake_args' from command line to 'None'
[0.297s] Level 5:colcon.colcon_core.verb:set package 'interfaces' build argument 'catkin_skip_building_tests' from command line to 'False'
[0.297s] DEBUG:colcon.colcon_core.verb:Building package 'interfaces' with the following arguments: {'ament_cmake_args': None, 'build_base': '/home/javierfr/Tesis_ws/V1/build/interfaces', 'catkin_cmake_args': None, 'catkin_skip_building_tests': False, 'cmake_args': None, 'cmake_clean_cache': False, 'cmake_clean_first': False, 'cmake_force_configure': False, 'cmake_target': None, 'cmake_target_skip_unavailable': False, 'install_base': '/home/javierfr/Tesis_ws/V1/install/interfaces', 'merge_install': False, 'path': '/home/javierfr/Tesis_ws/V1/src/interfaces', 'symlink_install': False, 'test_result_base': None}
[0.299s] Level 5:colcon.colcon_core.verb:set package 'control_pkg' build argument 'cmake_args' from command line to 'None'
[0.299s] Level 5:colcon.colcon_core.verb:set package 'control_pkg' build argument 'cmake_target' from command line to 'None'
[0.299s] Level 5:colcon.colcon_core.verb:set package 'control_pkg' build argument 'cmake_target_skip_unavailable' from command line to 'False'
[0.299s] Level 5:colcon.colcon_core.verb:set package 'control_pkg' build argument 'cmake_clean_cache' from command line to 'False'
[0.299s] Level 5:colcon.colcon_core.verb:set package 'control_pkg' build argument 'cmake_clean_first' from command line to 'False'
[0.299s] Level 5:colcon.colcon_core.verb:set package 'control_pkg' build argument 'cmake_force_configure' from command line to 'False'
[0.299s] Level 5:colcon.colcon_core.verb:set package 'control_pkg' build argument 'ament_cmake_args' from command line to 'None'
[0.299s] Level 5:colcon.colcon_core.verb:set package 'control_pkg' build argument 'catkin_cmake_args' from command line to 'None'
[0.299s] Level 5:colcon.colcon_core.verb:set package 'control_pkg' build argument 'catkin_skip_building_tests' from command line to 'False'
[0.299s] DEBUG:colcon.colcon_core.verb:Building package 'control_pkg' with the following arguments: {'ament_cmake_args': None, 'build_base': '/home/javierfr/Tesis_ws/V1/build/control_pkg', 'catkin_cmake_args': None, 'catkin_skip_building_tests': False, 'cmake_args': None, 'cmake_clean_cache': False, 'cmake_clean_first': False, 'cmake_force_configure': False, 'cmake_target': None, 'cmake_target_skip_unavailable': False, 'install_base': '/home/javierfr/Tesis_ws/V1/install/control_pkg', 'merge_install': False, 'path': '/home/javierfr/Tesis_ws/V1/src/control_pkg', 'symlink_install': False, 'test_result_base': None}
[0.301s] Level 5:colcon.colcon_core.verb:set package 'inv_kinematics_pkg' build argument 'cmake_args' from command line to 'None'
[0.301s] Level 5:colcon.colcon_core.verb:set package 'inv_kinematics_pkg' build argument 'cmake_target' from command line to 'None'
[0.301s] Level 5:colcon.colcon_core.verb:set package 'inv_kinematics_pkg' build argument 'cmake_target_skip_unavailable' from command line to 'False'
[0.301s] Level 5:colcon.colcon_core.verb:set package 'inv_kinematics_pkg' build argument 'cmake_clean_cache' from command line to 'False'
[0.301s] Level 5:colcon.colcon_core.verb:set package 'inv_kinematics_pkg' build argument 'cmake_clean_first' from command line to 'False'
[0.301s] Level 5:colcon.colcon_core.verb:set package 'inv_kinematics_pkg' build argument 'cmake_force_configure' from command line to 'False'
[0.301s] Level 5:colcon.colcon_core.verb:set package 'inv_kinematics_pkg' build argument 'ament_cmake_args' from command line to 'None'
[0.301s] Level 5:colcon.colcon_core.verb:set package 'inv_kinematics_pkg' build argument 'catkin_cmake_args' from command line to 'None'
[0.301s] Level 5:colcon.colcon_core.verb:set package 'inv_kinematics_pkg' build argument 'catkin_skip_building_tests' from command line to 'False'
[0.301s] DEBUG:colcon.colcon_core.verb:Building package 'inv_kinematics_pkg' with the following arguments: {'ament_cmake_args': None, 'build_base': '/home/javierfr/Tesis_ws/V1/build/inv_kinematics_pkg', 'catkin_cmake_args': None, 'catkin_skip_building_tests': False, 'cmake_args': None, 'cmake_clean_cache': False, 'cmake_clean_first': False, 'cmake_force_configure': False, 'cmake_target': None, 'cmake_target_skip_unavailable': False, 'install_base': '/home/javierfr/Tesis_ws/V1/install/inv_kinematics_pkg', 'merge_install': False, 'path': '/home/javierfr/Tesis_ws/V1/src/inv_kinematics_pkg', 'symlink_install': False, 'test_result_base': None}
[0.301s] INFO:colcon.colcon_core.executor:Executing jobs using 'parallel' executor
[0.303s] DEBUG:colcon.colcon_parallel_executor.executor.parallel:run_until_complete
[0.303s] INFO:colcon.colcon_ros.task.ament_cmake.build:Building ROS package in '/home/javierfr/Tesis_ws/V1/src/interfaces' with build type 'ament_cmake'
[0.303s] INFO:colcon.colcon_cmake.task.cmake.build:Building CMake package in '/home/javierfr/Tesis_ws/V1/src/interfaces'
[0.307s] INFO:colcon.colcon_core.plugin_system:Skipping extension 'colcon_core.shell.bat': Not used on non-Windows systems
[0.307s] INFO:colcon.colcon_core.shell:Skip shell extension 'powershell' for command environment: Not usable outside of PowerShell
[0.307s] DEBUG:colcon.colcon_core.shell:Skip shell extension 'dsv' for command environment
[0.311s] DEBUG:colcon.colcon_core.shell:Ignoring prefix path '/opt/ros/foxy'
[0.313s] INFO:colcon.colcon_ros.task.ament_cmake.build:Building ROS package in '/home/javierfr/Tesis_ws/V1/src/gazebo_plugin_sim' with build type 'ament_cmake'
[0.313s] INFO:colcon.colcon_cmake.task.cmake.build:Building CMake package in '/home/javierfr/Tesis_ws/V1/src/gazebo_plugin_sim'
[0.314s] INFO:colcon.colcon_core.shell:Skip shell extension 'powershell' for command environment: Not usable outside of PowerShell
[0.314s] DEBUG:colcon.colcon_core.shell:Skip shell extension 'dsv' for command environment
[0.315s] DEBUG:colcon.colcon_core.shell:Ignoring prefix path '/opt/ros/foxy'
[0.317s] INFO:colcon.colcon_ros.task.ament_cmake.build:Building ROS package in '/home/javierfr/Tesis_ws/V1/src/img_proc_pkg' with build type 'ament_cmake'
[0.317s] INFO:colcon.colcon_cmake.task.cmake.build:Building CMake package in '/home/javierfr/Tesis_ws/V1/src/img_proc_pkg'
[0.318s] INFO:colcon.colcon_core.shell:Skip shell extension 'powershell' for command environment: Not usable outside of PowerShell
[0.318s] DEBUG:colcon.colcon_core.shell:Skip shell extension 'dsv' for command environment
[0.320s] DEBUG:colcon.colcon_core.shell:Ignoring prefix path '/opt/ros/foxy'
[0.329s] DEBUG:colcon.colcon_core.event_handler.log_command:Invoking command in '/home/javierfr/Tesis_ws/V1/build/interfaces': CMAKE_PREFIX_PATH=${CMAKE_PREFIX_PATH}:/opt/ros/foxy /usr/bin/cmake --build /home/javierfr/Tesis_ws/V1/build/interfaces -- -j12 -l12
[0.334s] DEBUG:colcon.colcon_core.event_handler.log_command:Invoking command in '/home/javierfr/Tesis_ws/V1/build/gazebo_plugin_sim': CMAKE_PREFIX_PATH=${CMAKE_PREFIX_PATH}:/opt/ros/foxy /usr/bin/cmake --build /home/javierfr/Tesis_ws/V1/build/gazebo_plugin_sim -- -j12 -l12
[0.336s] DEBUG:colcon.colcon_core.event_handler.log_command:Invoking command in '/home/javierfr/Tesis_ws/V1/build/img_proc_pkg': CMAKE_PREFIX_PATH=${CMAKE_PREFIX_PATH}:/opt/ros/foxy /usr/bin/cmake --build /home/javierfr/Tesis_ws/V1/build/img_proc_pkg -- -j12 -l12
[0.428s] DEBUG:colcon.colcon_core.event_handler.log_command:Invoked command in '/home/javierfr/Tesis_ws/V1/build/img_proc_pkg' returned '0': CMAKE_PREFIX_PATH=${CMAKE_PREFIX_PATH}:/opt/ros/foxy /usr/bin/cmake --build /home/javierfr/Tesis_ws/V1/build/img_proc_pkg -- -j12 -l12
[0.445s] DEBUG:colcon.colcon_core.event_handler.log_command:Invoked command in '/home/javierfr/Tesis_ws/V1/build/gazebo_plugin_sim' returned '0': CMAKE_PREFIX_PATH=${CMAKE_PREFIX_PATH}:/opt/ros/foxy /usr/bin/cmake --build /home/javierfr/Tesis_ws/V1/build/gazebo_plugin_sim -- -j12 -l12
[0.463s] DEBUG:colcon.colcon_core.event_handler.log_command:Invoking command in '/home/javierfr/Tesis_ws/V1/build/img_proc_pkg': CMAKE_PREFIX_PATH=${CMAKE_PREFIX_PATH}:/opt/ros/foxy /usr/bin/cmake --install /home/javierfr/Tesis_ws/V1/build/img_proc_pkg
[0.474s] DEBUG:colcon.colcon_core.event_handler.log_command:Invoking command in '/home/javierfr/Tesis_ws/V1/build/gazebo_plugin_sim': CMAKE_PREFIX_PATH=${CMAKE_PREFIX_PATH}:/opt/ros/foxy /usr/bin/cmake --install /home/javierfr/Tesis_ws/V1/build/gazebo_plugin_sim
[0.476s] Level 1:colcon.colcon_core.environment:create_environment_scripts_only(img_proc_pkg)
[0.480s] DEBUG:colcon.colcon_core.event_handler.log_command:Invoked command in '/home/javierfr/Tesis_ws/V1/build/img_proc_pkg' returned '0': CMAKE_PREFIX_PATH=${CMAKE_PREFIX_PATH}:/opt/ros/foxy /usr/bin/cmake --install /home/javierfr/Tesis_ws/V1/build/img_proc_pkg
[0.482s] Level 1:colcon.colcon_core.environment:checking '/home/javierfr/Tesis_ws/V1/install/img_proc_pkg' for CMake module files
[0.483s] Level 1:colcon.colcon_core.environment:checking '/home/javierfr/Tesis_ws/V1/install/img_proc_pkg' for CMake config files
[0.484s] Level 1:colcon.colcon_core.shell:create_environment_hook('img_proc_pkg', 'cmake_prefix_path')
[0.485s] INFO:colcon.colcon_core.shell:Creating environment hook '/home/javierfr/Tesis_ws/V1/install/img_proc_pkg/share/img_proc_pkg/hook/cmake_prefix_path.ps1'
[0.486s] INFO:colcon.colcon_core.shell:Creating environment descriptor '/home/javierfr/Tesis_ws/V1/install/img_proc_pkg/share/img_proc_pkg/hook/cmake_prefix_path.dsv'
[0.486s] INFO:colcon.colcon_core.shell:Creating environment hook '/home/javierfr/Tesis_ws/V1/install/img_proc_pkg/share/img_proc_pkg/hook/cmake_prefix_path.sh'
[0.488s] Level 1:colcon.colcon_core.environment:checking '/home/javierfr/Tesis_ws/V1/install/img_proc_pkg/lib'
[0.488s] Level 1:colcon.colcon_core.environment:checking '/home/javierfr/Tesis_ws/V1/install/img_proc_pkg/bin'
[0.488s] Level 1:colcon.colcon_core.environment:checking '/home/javierfr/Tesis_ws/V1/install/img_proc_pkg/lib/pkgconfig/img_proc_pkg.pc'
[0.488s] Level 1:colcon.colcon_core.environment:checking '/home/javierfr/Tesis_ws/V1/install/img_proc_pkg/lib/python3.8/site-packages'
[0.489s] INFO:colcon.colcon_core.shell:Creating package script '/home/javierfr/Tesis_ws/V1/install/img_proc_pkg/share/img_proc_pkg/package.ps1'
[0.490s] INFO:colcon.colcon_core.shell:Creating package descriptor '/home/javierfr/Tesis_ws/V1/install/img_proc_pkg/share/img_proc_pkg/package.dsv'
[0.491s] INFO:colcon.colcon_core.shell:Creating package script '/home/javierfr/Tesis_ws/V1/install/img_proc_pkg/share/img_proc_pkg/package.sh'
[0.492s] INFO:colcon.colcon_core.shell:Creating package script '/home/javierfr/Tesis_ws/V1/install/img_proc_pkg/share/img_proc_pkg/package.bash'
[0.493s] INFO:colcon.colcon_core.shell:Creating package script '/home/javierfr/Tesis_ws/V1/install/img_proc_pkg/share/img_proc_pkg/package.zsh'
[0.493s] Level 1:colcon.colcon_core.environment:create_file_with_runtime_dependencies(/home/javierfr/Tesis_ws/V1/install/img_proc_pkg/share/colcon-core/packages/img_proc_pkg)
[0.496s] Level 1:colcon.colcon_core.environment:create_environment_scripts_only(gazebo_plugin_sim)
[0.497s] Level 1:colcon.colcon_core.environment:checking '/home/javierfr/Tesis_ws/V1/install/gazebo_plugin_sim' for CMake module files
[0.498s] Level 1:colcon.colcon_core.environment:checking '/home/javierfr/Tesis_ws/V1/install/gazebo_plugin_sim' for CMake config files
[0.498s] Level 1:colcon.colcon_core.shell:create_environment_hook('gazebo_plugin_sim', 'cmake_prefix_path')
[0.498s] DEBUG:colcon.colcon_core.event_handler.log_command:Invoked command in '/home/javierfr/Tesis_ws/V1/build/gazebo_plugin_sim' returned '0': CMAKE_PREFIX_PATH=${CMAKE_PREFIX_PATH}:/opt/ros/foxy /usr/bin/cmake --install /home/javierfr/Tesis_ws/V1/build/gazebo_plugin_sim
[0.499s] INFO:colcon.colcon_core.shell:Creating environment hook '/home/javierfr/Tesis_ws/V1/install/gazebo_plugin_sim/share/gazebo_plugin_sim/hook/cmake_prefix_path.ps1'
[0.499s] INFO:colcon.colcon_core.shell:Creating environment descriptor '/home/javierfr/Tesis_ws/V1/install/gazebo_plugin_sim/share/gazebo_plugin_sim/hook/cmake_prefix_path.dsv'
[0.500s] INFO:colcon.colcon_core.shell:Creating environment hook '/home/javierfr/Tesis_ws/V1/install/gazebo_plugin_sim/share/gazebo_plugin_sim/hook/cmake_prefix_path.sh'
[0.500s] Level 1:colcon.colcon_core.environment:checking '/home/javierfr/Tesis_ws/V1/install/gazebo_plugin_sim/lib'
[0.500s] Level 1:colcon.colcon_core.shell:create_environment_hook('gazebo_plugin_sim', 'ld_library_path_lib')
[0.500s] INFO:colcon.colcon_core.shell:Creating environment hook '/home/javierfr/Tesis_ws/V1/install/gazebo_plugin_sim/share/gazebo_plugin_sim/hook/ld_library_path_lib.ps1'
[0.501s] INFO:colcon.colcon_core.shell:Creating environment descriptor '/home/javierfr/Tesis_ws/V1/install/gazebo_plugin_sim/share/gazebo_plugin_sim/hook/ld_library_path_lib.dsv'
[0.501s] INFO:colcon.colcon_core.shell:Creating environment hook '/home/javierfr/Tesis_ws/V1/install/gazebo_plugin_sim/share/gazebo_plugin_sim/hook/ld_library_path_lib.sh'
[0.501s] Level 1:colcon.colcon_core.environment:checking '/home/javierfr/Tesis_ws/V1/install/gazebo_plugin_sim/bin'
[0.501s] Level 1:colcon.colcon_core.environment:checking '/home/javierfr/Tesis_ws/V1/install/gazebo_plugin_sim/lib/pkgconfig/gazebo_plugin_sim.pc'
[0.501s] Level 1:colcon.colcon_core.environment:checking '/home/javierfr/Tesis_ws/V1/install/gazebo_plugin_sim/lib/python3.8/site-packages'
[0.502s] INFO:colcon.colcon_core.shell:Creating package script '/home/javierfr/Tesis_ws/V1/install/gazebo_plugin_sim/share/gazebo_plugin_sim/package.ps1'
[0.502s] INFO:colcon.colcon_core.shell:Creating package descriptor '/home/javierfr/Tesis_ws/V1/install/gazebo_plugin_sim/share/gazebo_plugin_sim/package.dsv'
[0.502s] INFO:colcon.colcon_core.shell:Creating package script '/home/javierfr/Tesis_ws/V1/install/gazebo_plugin_sim/share/gazebo_plugin_sim/package.sh'
[0.503s] INFO:colcon.colcon_core.shell:Creating package script '/home/javierfr/Tesis_ws/V1/install/gazebo_plugin_sim/share/gazebo_plugin_sim/package.bash'
[0.503s] INFO:colcon.colcon_core.shell:Creating package script '/home/javierfr/Tesis_ws/V1/install/gazebo_plugin_sim/share/gazebo_plugin_sim/package.zsh'
[0.503s] Level 1:colcon.colcon_core.environment:create_file_with_runtime_dependencies(/home/javierfr/Tesis_ws/V1/install/gazebo_plugin_sim/share/colcon-core/packages/gazebo_plugin_sim)
[0.519s] Level 1:colcon.colcon_core.environment:create_environment_scripts_only(img_proc_pkg)
[0.520s] Level 1:colcon.colcon_core.environment:checking '/home/javierfr/Tesis_ws/V1/install/img_proc_pkg' for CMake module files
[0.520s] Level 1:colcon.colcon_core.environment:checking '/home/javierfr/Tesis_ws/V1/install/img_proc_pkg' for CMake config files
[0.521s] Level 1:colcon.colcon_core.shell:create_environment_hook('img_proc_pkg', 'cmake_prefix_path')
[0.521s] INFO:colcon.colcon_core.shell:Creating environment hook '/home/javierfr/Tesis_ws/V1/install/img_proc_pkg/share/img_proc_pkg/hook/cmake_prefix_path.ps1'
[0.522s] INFO:colcon.colcon_core.shell:Creating environment descriptor '/home/javierfr/Tesis_ws/V1/install/img_proc_pkg/share/img_proc_pkg/hook/cmake_prefix_path.dsv'
[0.523s] INFO:colcon.colcon_core.shell:Creating environment hook '/home/javierfr/Tesis_ws/V1/install/img_proc_pkg/share/img_proc_pkg/hook/cmake_prefix_path.sh'
[0.523s] Level 1:colcon.colcon_core.environment:checking '/home/javierfr/Tesis_ws/V1/install/img_proc_pkg/lib'
[0.523s] Level 1:colcon.colcon_core.environment:checking '/home/javierfr/Tesis_ws/V1/install/img_proc_pkg/bin'
[0.523s] Level 1:colcon.colcon_core.environment:checking '/home/javierfr/Tesis_ws/V1/install/img_proc_pkg/lib/pkgconfig/img_proc_pkg.pc'
[0.523s] Level 1:colcon.colcon_core.environment:checking '/home/javierfr/Tesis_ws/V1/install/img_proc_pkg/lib/python3.8/site-packages'
[0.524s] INFO:colcon.colcon_core.shell:Creating package script '/home/javierfr/Tesis_ws/V1/install/img_proc_pkg/share/img_proc_pkg/package.ps1'
[0.525s] INFO:colcon.colcon_core.shell:Creating package descriptor '/home/javierfr/Tesis_ws/V1/install/img_proc_pkg/share/img_proc_pkg/package.dsv'
[0.525s] INFO:colcon.colcon_core.shell:Creating package script '/home/javierfr/Tesis_ws/V1/install/img_proc_pkg/share/img_proc_pkg/package.sh'
[0.526s] INFO:colcon.colcon_core.shell:Creating package script '/home/javierfr/Tesis_ws/V1/install/img_proc_pkg/share/img_proc_pkg/package.bash'
[0.526s] INFO:colcon.colcon_core.shell:Creating package script '/home/javierfr/Tesis_ws/V1/install/img_proc_pkg/share/img_proc_pkg/package.zsh'
[0.526s] Level 1:colcon.colcon_core.environment:create_file_with_runtime_dependencies(/home/javierfr/Tesis_ws/V1/install/img_proc_pkg/share/colcon-core/packages/img_proc_pkg)
[0.531s] Level 1:colcon.colcon_core.environment:create_environment_scripts_only(gazebo_plugin_sim)
[0.532s] Level 1:colcon.colcon_core.environment:checking '/home/javierfr/Tesis_ws/V1/install/gazebo_plugin_sim' for CMake module files
[0.532s] Level 1:colcon.colcon_core.environment:checking '/home/javierfr/Tesis_ws/V1/install/gazebo_plugin_sim' for CMake config files
[0.532s] Level 1:colcon.colcon_core.shell:create_environment_hook('gazebo_plugin_sim', 'cmake_prefix_path')
[0.533s] INFO:colcon.colcon_core.shell:Creating environment hook '/home/javierfr/Tesis_ws/V1/install/gazebo_plugin_sim/share/gazebo_plugin_sim/hook/cmake_prefix_path.ps1'
[0.533s] INFO:colcon.colcon_core.shell:Creating environment descriptor '/home/javierfr/Tesis_ws/V1/install/gazebo_plugin_sim/share/gazebo_plugin_sim/hook/cmake_prefix_path.dsv'
[0.533s] INFO:colcon.colcon_core.shell:Creating environment hook '/home/javierfr/Tesis_ws/V1/install/gazebo_plugin_sim/share/gazebo_plugin_sim/hook/cmake_prefix_path.sh'
[0.534s] Level 1:colcon.colcon_core.environment:checking '/home/javierfr/Tesis_ws/V1/install/gazebo_plugin_sim/lib'
[0.534s] Level 1:colcon.colcon_core.shell:create_environment_hook('gazebo_plugin_sim', 'ld_library_path_lib')
[0.534s] INFO:colcon.colcon_core.shell:Creating environment hook '/home/javierfr/Tesis_ws/V1/install/gazebo_plugin_sim/share/gazebo_plugin_sim/hook/ld_library_path_lib.ps1'
[0.534s] INFO:colcon.colcon_core.shell:Creating environment descriptor '/home/javierfr/Tesis_ws/V1/install/gazebo_plugin_sim/share/gazebo_plugin_sim/hook/ld_library_path_lib.dsv'
[0.535s] INFO:colcon.colcon_core.shell:Creating environment hook '/home/javierfr/Tesis_ws/V1/install/gazebo_plugin_sim/share/gazebo_plugin_sim/hook/ld_library_path_lib.sh'
[0.535s] Level 1:colcon.colcon_core.environment:checking '/home/javierfr/Tesis_ws/V1/install/gazebo_plugin_sim/bin'
[0.535s] Level 1:colcon.colcon_core.environment:checking '/home/javierfr/Tesis_ws/V1/install/gazebo_plugin_sim/lib/pkgconfig/gazebo_plugin_sim.pc'
[0.535s] Level 1:colcon.colcon_core.environment:checking '/home/javierfr/Tesis_ws/V1/install/gazebo_plugin_sim/lib/python3.8/site-packages'
[0.535s] INFO:colcon.colcon_core.shell:Creating package script '/home/javierfr/Tesis_ws/V1/install/gazebo_plugin_sim/share/gazebo_plugin_sim/package.ps1'
[0.536s] INFO:colcon.colcon_core.shell:Creating package descriptor '/home/javierfr/Tesis_ws/V1/install/gazebo_plugin_sim/share/gazebo_plugin_sim/package.dsv'
[0.536s] INFO:colcon.colcon_core.shell:Creating package script '/home/javierfr/Tesis_ws/V1/install/gazebo_plugin_sim/share/gazebo_plugin_sim/package.sh'
[0.537s] INFO:colcon.colcon_core.shell:Creating package script '/home/javierfr/Tesis_ws/V1/install/gazebo_plugin_sim/share/gazebo_plugin_sim/package.bash'
[0.537s] INFO:colcon.colcon_core.shell:Creating package script '/home/javierfr/Tesis_ws/V1/install/gazebo_plugin_sim/share/gazebo_plugin_sim/package.zsh'
[0.537s] Level 1:colcon.colcon_core.environment:create_file_with_runtime_dependencies(/home/javierfr/Tesis_ws/V1/install/gazebo_plugin_sim/share/colcon-core/packages/gazebo_plugin_sim)
[0.553s] DEBUG:colcon.colcon_core.event_handler.log_command:Invoked command in '/home/javierfr/Tesis_ws/V1/build/interfaces' returned '0': CMAKE_PREFIX_PATH=${CMAKE_PREFIX_PATH}:/opt/ros/foxy /usr/bin/cmake --build /home/javierfr/Tesis_ws/V1/build/interfaces -- -j12 -l12
[0.690s] DEBUG:colcon.colcon_core.event_handler.log_command:Invoking command in '/home/javierfr/Tesis_ws/V1/build/interfaces': CMAKE_PREFIX_PATH=${CMAKE_PREFIX_PATH}:/opt/ros/foxy /usr/bin/cmake --install /home/javierfr/Tesis_ws/V1/build/interfaces
[0.737s] Level 1:colcon.colcon_core.environment:create_environment_scripts_only(interfaces)
[0.738s] Level 1:colcon.colcon_core.environment:checking '/home/javierfr/Tesis_ws/V1/install/interfaces' for CMake module files
[0.739s] DEBUG:colcon.colcon_core.event_handler.log_command:Invoked command in '/home/javierfr/Tesis_ws/V1/build/interfaces' returned '0': CMAKE_PREFIX_PATH=${CMAKE_PREFIX_PATH}:/opt/ros/foxy /usr/bin/cmake --install /home/javierfr/Tesis_ws/V1/build/interfaces
[0.739s] Level 1:colcon.colcon_core.environment:checking '/home/javierfr/Tesis_ws/V1/install/interfaces' for CMake config files
[0.739s] Level 1:colcon.colcon_core.shell:create_environment_hook('interfaces', 'cmake_prefix_path')
[0.740s] INFO:colcon.colcon_core.shell:Creating environment hook '/home/javierfr/Tesis_ws/V1/install/interfaces/share/interfaces/hook/cmake_prefix_path.ps1'
[0.740s] INFO:colcon.colcon_core.shell:Creating environment descriptor '/home/javierfr/Tesis_ws/V1/install/interfaces/share/interfaces/hook/cmake_prefix_path.dsv'
[0.741s] INFO:colcon.colcon_core.shell:Creating environment hook '/home/javierfr/Tesis_ws/V1/install/interfaces/share/interfaces/hook/cmake_prefix_path.sh'
[0.741s] Level 1:colcon.colcon_core.environment:checking '/home/javierfr/Tesis_ws/V1/install/interfaces/lib'
[0.741s] Level 1:colcon.colcon_core.shell:create_environment_hook('interfaces', 'ld_library_path_lib')
[0.742s] INFO:colcon.colcon_core.shell:Creating environment hook '/home/javierfr/Tesis_ws/V1/install/interfaces/share/interfaces/hook/ld_library_path_lib.ps1'
[0.742s] INFO:colcon.colcon_core.shell:Creating environment descriptor '/home/javierfr/Tesis_ws/V1/install/interfaces/share/interfaces/hook/ld_library_path_lib.dsv'
[0.742s] INFO:colcon.colcon_core.shell:Creating environment hook '/home/javierfr/Tesis_ws/V1/install/interfaces/share/interfaces/hook/ld_library_path_lib.sh'
[0.743s] Level 1:colcon.colcon_core.environment:checking '/home/javierfr/Tesis_ws/V1/install/interfaces/bin'
[0.743s] Level 1:colcon.colcon_core.environment:checking '/home/javierfr/Tesis_ws/V1/install/interfaces/lib/pkgconfig/interfaces.pc'
[0.743s] Level 1:colcon.colcon_core.environment:checking '/home/javierfr/Tesis_ws/V1/install/interfaces/lib/python3.8/site-packages'
[0.743s] Level 1:colcon.colcon_core.shell:create_environment_hook('interfaces', 'pythonpath')
[0.744s] INFO:colcon.colcon_core.shell:Creating environment hook '/home/javierfr/Tesis_ws/V1/install/interfaces/share/interfaces/hook/pythonpath.ps1'
[0.744s] INFO:colcon.colcon_core.shell:Creating environment descriptor '/home/javierfr/Tesis_ws/V1/install/interfaces/share/interfaces/hook/pythonpath.dsv'
[0.744s] INFO:colcon.colcon_core.shell:Creating environment hook '/home/javierfr/Tesis_ws/V1/install/interfaces/share/interfaces/hook/pythonpath.sh'
[0.745s] INFO:colcon.colcon_core.shell:Creating package script '/home/javierfr/Tesis_ws/V1/install/interfaces/share/interfaces/package.ps1'
[0.745s] INFO:colcon.colcon_core.shell:Creating package descriptor '/home/javierfr/Tesis_ws/V1/install/interfaces/share/interfaces/package.dsv'
[0.746s] INFO:colcon.colcon_core.shell:Creating package script '/home/javierfr/Tesis_ws/V1/install/interfaces/share/interfaces/package.sh'
[0.746s] INFO:colcon.colcon_core.shell:Creating package script '/home/javierfr/Tesis_ws/V1/install/interfaces/share/interfaces/package.bash'
[0.746s] INFO:colcon.colcon_core.shell:Creating package script '/home/javierfr/Tesis_ws/V1/install/interfaces/share/interfaces/package.zsh'
[0.747s] Level 1:colcon.colcon_core.environment:create_file_with_runtime_dependencies(/home/javierfr/Tesis_ws/V1/install/interfaces/share/colcon-core/packages/interfaces)
[0.884s] Level 1:colcon.colcon_core.environment:create_environment_scripts_only(interfaces)
[0.885s] Level 1:colcon.colcon_core.environment:checking '/home/javierfr/Tesis_ws/V1/install/interfaces' for CMake module files
[0.885s] Level 1:colcon.colcon_core.environment:checking '/home/javierfr/Tesis_ws/V1/install/interfaces' for CMake config files
[0.886s] Level 1:colcon.colcon_core.shell:create_environment_hook('interfaces', 'cmake_prefix_path')
[0.886s] INFO:colcon.colcon_core.shell:Creating environment hook '/home/javierfr/Tesis_ws/V1/install/interfaces/share/interfaces/hook/cmake_prefix_path.ps1'
[0.886s] INFO:colcon.colcon_core.shell:Creating environment descriptor '/home/javierfr/Tesis_ws/V1/install/interfaces/share/interfaces/hook/cmake_prefix_path.dsv'
[0.887s] INFO:colcon.colcon_core.shell:Creating environment hook '/home/javierfr/Tesis_ws/V1/install/interfaces/share/interfaces/hook/cmake_prefix_path.sh'
[0.887s] Level 1:colcon.colcon_core.environment:checking '/home/javierfr/Tesis_ws/V1/install/interfaces/lib'
[0.887s] Level 1:colcon.colcon_core.shell:create_environment_hook('interfaces', 'ld_library_path_lib')
[0.888s] INFO:colcon.colcon_core.shell:Creating environment hook '/home/javierfr/Tesis_ws/V1/install/interfaces/share/interfaces/hook/ld_library_path_lib.ps1'
[0.888s] INFO:colcon.colcon_core.shell:Creating environment descriptor '/home/javierfr/Tesis_ws/V1/install/interfaces/share/interfaces/hook/ld_library_path_lib.dsv'
[0.888s] INFO:colcon.colcon_core.shell:Creating environment hook '/home/javierfr/Tesis_ws/V1/install/interfaces/share/interfaces/hook/ld_library_path_lib.sh'
[0.889s] Level 1:colcon.colcon_core.environment:checking '/home/javierfr/Tesis_ws/V1/install/interfaces/bin'
[0.889s] Level 1:colcon.colcon_core.environment:checking '/home/javierfr/Tesis_ws/V1/install/interfaces/lib/pkgconfig/interfaces.pc'
[0.889s] Level 1:colcon.colcon_core.environment:checking '/home/javierfr/Tesis_ws/V1/install/interfaces/lib/python3.8/site-packages'
[0.889s] Level 1:colcon.colcon_core.shell:create_environment_hook('interfaces', 'pythonpath')
[0.889s] INFO:colcon.colcon_core.shell:Creating environment hook '/home/javierfr/Tesis_ws/V1/install/interfaces/share/interfaces/hook/pythonpath.ps1'
[0.889s] INFO:colcon.colcon_core.shell:Creating environment descriptor '/home/javierfr/Tesis_ws/V1/install/interfaces/share/interfaces/hook/pythonpath.dsv'
[0.890s] INFO:colcon.colcon_core.shell:Creating environment hook '/home/javierfr/Tesis_ws/V1/install/interfaces/share/interfaces/hook/pythonpath.sh'
[0.890s] INFO:colcon.colcon_core.shell:Creating package script '/home/javierfr/Tesis_ws/V1/install/interfaces/share/interfaces/package.ps1'
[0.891s] INFO:colcon.colcon_core.shell:Creating package descriptor '/home/javierfr/Tesis_ws/V1/install/interfaces/share/interfaces/package.dsv'
[0.891s] INFO:colcon.colcon_core.shell:Creating package script '/home/javierfr/Tesis_ws/V1/install/interfaces/share/interfaces/package.sh'
[0.892s] INFO:colcon.colcon_core.shell:Creating package script '/home/javierfr/Tesis_ws/V1/install/interfaces/share/interfaces/package.bash'
[0.892s] INFO:colcon.colcon_core.shell:Creating package script '/home/javierfr/Tesis_ws/V1/install/interfaces/share/interfaces/package.zsh'
[0.892s] Level 1:colcon.colcon_core.environment:create_file_with_runtime_dependencies(/home/javierfr/Tesis_ws/V1/install/interfaces/share/colcon-core/packages/interfaces)
[0.893s] INFO:colcon.colcon_ros.task.ament_cmake.build:Building ROS package in '/home/javierfr/Tesis_ws/V1/src/control_pkg' with build type 'ament_cmake'
[0.893s] INFO:colcon.colcon_cmake.task.cmake.build:Building CMake package in '/home/javierfr/Tesis_ws/V1/src/control_pkg'
[0.893s] INFO:colcon.colcon_core.shell:Skip shell extension 'powershell' for command environment: Not usable outside of PowerShell
[0.893s] DEBUG:colcon.colcon_core.shell:Skip shell extension 'dsv' for command environment
[0.895s] DEBUG:colcon.colcon_core.shell:Ignoring prefix path '/opt/ros/foxy'
[0.897s] INFO:colcon.colcon_ros.task.ament_cmake.build:Building ROS package in '/home/javierfr/Tesis_ws/V1/src/inv_kinematics_pkg' with build type 'ament_cmake'
[0.898s] INFO:colcon.colcon_cmake.task.cmake.build:Building CMake package in '/home/javierfr/Tesis_ws/V1/src/inv_kinematics_pkg'
[0.898s] INFO:colcon.colcon_core.shell:Skip shell extension 'powershell' for command environment: Not usable outside of PowerShell
[0.898s] DEBUG:colcon.colcon_core.shell:Skip shell extension 'dsv' for command environment
[0.900s] DEBUG:colcon.colcon_core.shell:Ignoring prefix path '/opt/ros/foxy'
[0.909s] DEBUG:colcon.colcon_core.event_handler.log_command:Invoking command in '/home/javierfr/Tesis_ws/V1/build/control_pkg': CMAKE_PREFIX_PATH=/home/javierfr/Tesis_ws/V1/install/interfaces:/home/javierfr/Tesis_ws/V1/install/inv_kinematics_pkg:/home/javierfr/Tesis_ws/V1/install/control_pkg:/home/javierfr/Tesis_ws/V1/install/img_proc_pkg:/home/javierfr/Tesis_ws/V1/install/gazebo_plugin_sim:/opt/ros/foxy LD_LIBRARY_PATH=/home/javierfr/Tesis_ws/V1/install/interfaces/lib:/home/javierfr/Tesis_ws/V1/install/gazebo_plugin_sim/lib:/opt/ros/foxy/opt/yaml_cpp_vendor/lib:/opt/ros/foxy/opt/rviz_ogre_vendor/lib:/opt/ros/foxy/lib/x86_64-linux-gnu:/opt/ros/foxy/lib:/usr/lib/x86_64-linux-gnu/gazebo-11/plugins:/usr/lib/x86_64-linux-gnu/gazebo-11/plugins /usr/bin/cmake --build /home/javierfr/Tesis_ws/V1/build/control_pkg -- -j12 -l12
[0.912s] DEBUG:colcon.colcon_core.event_handler.log_command:Invoking command in '/home/javierfr/Tesis_ws/V1/build/inv_kinematics_pkg': CMAKE_PREFIX_PATH=/home/javierfr/Tesis_ws/V1/install/interfaces:/home/javierfr/Tesis_ws/V1/install/inv_kinematics_pkg:/home/javierfr/Tesis_ws/V1/install/control_pkg:/home/javierfr/Tesis_ws/V1/install/img_proc_pkg:/home/javierfr/Tesis_ws/V1/install/gazebo_plugin_sim:/opt/ros/foxy LD_LIBRARY_PATH=/home/javierfr/Tesis_ws/V1/install/interfaces/lib:/home/javierfr/Tesis_ws/V1/install/gazebo_plugin_sim/lib:/opt/ros/foxy/opt/yaml_cpp_vendor/lib:/opt/ros/foxy/opt/rviz_ogre_vendor/lib:/opt/ros/foxy/lib/x86_64-linux-gnu:/opt/ros/foxy/lib:/usr/lib/x86_64-linux-gnu/gazebo-11/plugins:/usr/lib/x86_64-linux-gnu/gazebo-11/plugins /usr/bin/cmake --build /home/javierfr/Tesis_ws/V1/build/inv_kinematics_pkg -- -j12 -l12
[0.986s] DEBUG:colcon.colcon_core.event_handler.log_command:Invoked command in '/home/javierfr/Tesis_ws/V1/build/inv_kinematics_pkg' returned '0': CMAKE_PREFIX_PATH=/home/javierfr/Tesis_ws/V1/install/interfaces:/home/javierfr/Tesis_ws/V1/install/inv_kinematics_pkg:/home/javierfr/Tesis_ws/V1/install/control_pkg:/home/javierfr/Tesis_ws/V1/install/img_proc_pkg:/home/javierfr/Tesis_ws/V1/install/gazebo_plugin_sim:/opt/ros/foxy LD_LIBRARY_PATH=/home/javierfr/Tesis_ws/V1/install/interfaces/lib:/home/javierfr/Tesis_ws/V1/install/gazebo_plugin_sim/lib:/opt/ros/foxy/opt/yaml_cpp_vendor/lib:/opt/ros/foxy/opt/rviz_ogre_vendor/lib:/opt/ros/foxy/lib/x86_64-linux-gnu:/opt/ros/foxy/lib:/usr/lib/x86_64-linux-gnu/gazebo-11/plugins:/usr/lib/x86_64-linux-gnu/gazebo-11/plugins /usr/bin/cmake --build /home/javierfr/Tesis_ws/V1/build/inv_kinematics_pkg -- -j12 -l12
[1.015s] DEBUG:colcon.colcon_core.event_handler.log_command:Invoking command in '/home/javierfr/Tesis_ws/V1/build/inv_kinematics_pkg': CMAKE_PREFIX_PATH=/home/javierfr/Tesis_ws/V1/install/interfaces:/home/javierfr/Tesis_ws/V1/install/inv_kinematics_pkg:/home/javierfr/Tesis_ws/V1/install/control_pkg:/home/javierfr/Tesis_ws/V1/install/img_proc_pkg:/home/javierfr/Tesis_ws/V1/install/gazebo_plugin_sim:/opt/ros/foxy LD_LIBRARY_PATH=/home/javierfr/Tesis_ws/V1/install/interfaces/lib:/home/javierfr/Tesis_ws/V1/install/gazebo_plugin_sim/lib:/opt/ros/foxy/opt/yaml_cpp_vendor/lib:/opt/ros/foxy/opt/rviz_ogre_vendor/lib:/opt/ros/foxy/lib/x86_64-linux-gnu:/opt/ros/foxy/lib:/usr/lib/x86_64-linux-gnu/gazebo-11/plugins:/usr/lib/x86_64-linux-gnu/gazebo-11/plugins /usr/bin/cmake --install /home/javierfr/Tesis_ws/V1/build/inv_kinematics_pkg
[1.027s] Level 1:colcon.colcon_core.environment:create_environment_scripts_only(inv_kinematics_pkg)
[1.028s] Level 1:colcon.colcon_core.environment:checking '/home/javierfr/Tesis_ws/V1/install/inv_kinematics_pkg' for CMake module files
[1.029s] DEBUG:colcon.colcon_core.event_handler.log_command:Invoked command in '/home/javierfr/Tesis_ws/V1/build/inv_kinematics_pkg' returned '0': CMAKE_PREFIX_PATH=/home/javierfr/Tesis_ws/V1/install/interfaces:/home/javierfr/Tesis_ws/V1/install/inv_kinematics_pkg:/home/javierfr/Tesis_ws/V1/install/control_pkg:/home/javierfr/Tesis_ws/V1/install/img_proc_pkg:/home/javierfr/Tesis_ws/V1/install/gazebo_plugin_sim:/opt/ros/foxy LD_LIBRARY_PATH=/home/javierfr/Tesis_ws/V1/install/interfaces/lib:/home/javierfr/Tesis_ws/V1/install/gazebo_plugin_sim/lib:/opt/ros/foxy/opt/yaml_cpp_vendor/lib:/opt/ros/foxy/opt/rviz_ogre_vendor/lib:/opt/ros/foxy/lib/x86_64-linux-gnu:/opt/ros/foxy/lib:/usr/lib/x86_64-linux-gnu/gazebo-11/plugins:/usr/lib/x86_64-linux-gnu/gazebo-11/plugins /usr/bin/cmake --install /home/javierfr/Tesis_ws/V1/build/inv_kinematics_pkg
[1.029s] Level 1:colcon.colcon_core.environment:checking '/home/javierfr/Tesis_ws/V1/install/inv_kinematics_pkg' for CMake config files
[1.029s] Level 1:colcon.colcon_core.shell:create_environment_hook('inv_kinematics_pkg', 'cmake_prefix_path')
[1.030s] INFO:colcon.colcon_core.shell:Creating environment hook '/home/javierfr/Tesis_ws/V1/install/inv_kinematics_pkg/share/inv_kinematics_pkg/hook/cmake_prefix_path.ps1'
[1.030s] INFO:colcon.colcon_core.shell:Creating environment descriptor '/home/javierfr/Tesis_ws/V1/install/inv_kinematics_pkg/share/inv_kinematics_pkg/hook/cmake_prefix_path.dsv'
[1.030s] INFO:colcon.colcon_core.shell:Creating environment hook '/home/javierfr/Tesis_ws/V1/install/inv_kinematics_pkg/share/inv_kinematics_pkg/hook/cmake_prefix_path.sh'
[1.031s] Level 1:colcon.colcon_core.environment:checking '/home/javierfr/Tesis_ws/V1/install/inv_kinematics_pkg/lib'
[1.031s] Level 1:colcon.colcon_core.environment:checking '/home/javierfr/Tesis_ws/V1/install/inv_kinematics_pkg/bin'
[1.031s] Level 1:colcon.colcon_core.environment:checking '/home/javierfr/Tesis_ws/V1/install/inv_kinematics_pkg/lib/pkgconfig/inv_kinematics_pkg.pc'
[1.031s] Level 1:colcon.colcon_core.environment:checking '/home/javierfr/Tesis_ws/V1/install/inv_kinematics_pkg/lib/python3.8/site-packages'
[1.031s] INFO:colcon.colcon_core.shell:Creating package script '/home/javierfr/Tesis_ws/V1/install/inv_kinematics_pkg/share/inv_kinematics_pkg/package.ps1'
[1.032s] INFO:colcon.colcon_core.shell:Creating package descriptor '/home/javierfr/Tesis_ws/V1/install/inv_kinematics_pkg/share/inv_kinematics_pkg/package.dsv'
[1.032s] INFO:colcon.colcon_core.shell:Creating package script '/home/javierfr/Tesis_ws/V1/install/inv_kinematics_pkg/share/inv_kinematics_pkg/package.sh'
[1.032s] INFO:colcon.colcon_core.shell:Creating package script '/home/javierfr/Tesis_ws/V1/install/inv_kinematics_pkg/share/inv_kinematics_pkg/package.bash'
[1.033s] INFO:colcon.colcon_core.shell:Creating package script '/home/javierfr/Tesis_ws/V1/install/inv_kinematics_pkg/share/inv_kinematics_pkg/package.zsh'
[1.033s] Level 1:colcon.colcon_core.environment:create_file_with_runtime_dependencies(/home/javierfr/Tesis_ws/V1/install/inv_kinematics_pkg/share/colcon-core/packages/inv_kinematics_pkg)
[1.064s] Level 1:colcon.colcon_core.environment:create_environment_scripts_only(inv_kinematics_pkg)
[1.064s] Level 1:colcon.colcon_core.environment:checking '/home/javierfr/Tesis_ws/V1/install/inv_kinematics_pkg' for CMake module files
[1.065s] Level 1:colcon.colcon_core.environment:checking '/home/javierfr/Tesis_ws/V1/install/inv_kinematics_pkg' for CMake config files
[1.065s] Level 1:colcon.colcon_core.shell:create_environment_hook('inv_kinematics_pkg', 'cmake_prefix_path')
[1.065s] INFO:colcon.colcon_core.shell:Creating environment hook '/home/javierfr/Tesis_ws/V1/install/inv_kinematics_pkg/share/inv_kinematics_pkg/hook/cmake_prefix_path.ps1'
[1.066s] INFO:colcon.colcon_core.shell:Creating environment descriptor '/home/javierfr/Tesis_ws/V1/install/inv_kinematics_pkg/share/inv_kinematics_pkg/hook/cmake_prefix_path.dsv'
[1.066s] INFO:colcon.colcon_core.shell:Creating environment hook '/home/javierfr/Tesis_ws/V1/install/inv_kinematics_pkg/share/inv_kinematics_pkg/hook/cmake_prefix_path.sh'
[1.066s] Level 1:colcon.colcon_core.environment:checking '/home/javierfr/Tesis_ws/V1/install/inv_kinematics_pkg/lib'
[1.066s] Level 1:colcon.colcon_core.environment:checking '/home/javierfr/Tesis_ws/V1/install/inv_kinematics_pkg/bin'
[1.066s] Level 1:colcon.colcon_core.environment:checking '/home/javierfr/Tesis_ws/V1/install/inv_kinematics_pkg/lib/pkgconfig/inv_kinematics_pkg.pc'
[1.067s] Level 1:colcon.colcon_core.environment:checking '/home/javierfr/Tesis_ws/V1/install/inv_kinematics_pkg/lib/python3.8/site-packages'
[1.067s] INFO:colcon.colcon_core.shell:Creating package script '/home/javierfr/Tesis_ws/V1/install/inv_kinematics_pkg/share/inv_kinematics_pkg/package.ps1'
[1.067s] INFO:colcon.colcon_core.shell:Creating package descriptor '/home/javierfr/Tesis_ws/V1/install/inv_kinematics_pkg/share/inv_kinematics_pkg/package.dsv'
[1.068s] INFO:colcon.colcon_core.shell:Creating package script '/home/javierfr/Tesis_ws/V1/install/inv_kinematics_pkg/share/inv_kinematics_pkg/package.sh'
[1.068s] INFO:colcon.colcon_core.shell:Creating package script '/home/javierfr/Tesis_ws/V1/install/inv_kinematics_pkg/share/inv_kinematics_pkg/package.bash'
[1.068s] INFO:colcon.colcon_core.shell:Creating package script '/home/javierfr/Tesis_ws/V1/install/inv_kinematics_pkg/share/inv_kinematics_pkg/package.zsh'
[1.069s] Level 1:colcon.colcon_core.environment:create_file_with_runtime_dependencies(/home/javierfr/Tesis_ws/V1/install/inv_kinematics_pkg/share/colcon-core/packages/inv_kinematics_pkg)
[10.812s] DEBUG:colcon.colcon_core.event_handler.log_command:Invoked command in '/home/javierfr/Tesis_ws/V1/build/control_pkg' returned '0': CMAKE_PREFIX_PATH=/home/javierfr/Tesis_ws/V1/install/interfaces:/home/javierfr/Tesis_ws/V1/install/inv_kinematics_pkg:/home/javierfr/Tesis_ws/V1/install/control_pkg:/home/javierfr/Tesis_ws/V1/install/img_proc_pkg:/home/javierfr/Tesis_ws/V1/install/gazebo_plugin_sim:/opt/ros/foxy LD_LIBRARY_PATH=/home/javierfr/Tesis_ws/V1/install/interfaces/lib:/home/javierfr/Tesis_ws/V1/install/gazebo_plugin_sim/lib:/opt/ros/foxy/opt/yaml_cpp_vendor/lib:/opt/ros/foxy/opt/rviz_ogre_vendor/lib:/opt/ros/foxy/lib/x86_64-linux-gnu:/opt/ros/foxy/lib:/usr/lib/x86_64-linux-gnu/gazebo-11/plugins:/usr/lib/x86_64-linux-gnu/gazebo-11/plugins /usr/bin/cmake --build /home/javierfr/Tesis_ws/V1/build/control_pkg -- -j12 -l12
[10.837s] DEBUG:colcon.colcon_core.event_handler.log_command:Invoking command in '/home/javierfr/Tesis_ws/V1/build/control_pkg': CMAKE_PREFIX_PATH=/home/javierfr/Tesis_ws/V1/install/interfaces:/home/javierfr/Tesis_ws/V1/install/inv_kinematics_pkg:/home/javierfr/Tesis_ws/V1/install/control_pkg:/home/javierfr/Tesis_ws/V1/install/img_proc_pkg:/home/javierfr/Tesis_ws/V1/install/gazebo_plugin_sim:/opt/ros/foxy LD_LIBRARY_PATH=/home/javierfr/Tesis_ws/V1/install/interfaces/lib:/home/javierfr/Tesis_ws/V1/install/gazebo_plugin_sim/lib:/opt/ros/foxy/opt/yaml_cpp_vendor/lib:/opt/ros/foxy/opt/rviz_ogre_vendor/lib:/opt/ros/foxy/lib/x86_64-linux-gnu:/opt/ros/foxy/lib:/usr/lib/x86_64-linux-gnu/gazebo-11/plugins:/usr/lib/x86_64-linux-gnu/gazebo-11/plugins /usr/bin/cmake --install /home/javierfr/Tesis_ws/V1/build/control_pkg
[10.853s] Level 1:colcon.colcon_core.environment:create_environment_scripts_only(control_pkg)
[10.854s] Level 1:colcon.colcon_core.environment:checking '/home/javierfr/Tesis_ws/V1/install/control_pkg' for CMake module files
[10.854s] DEBUG:colcon.colcon_core.event_handler.log_command:Invoked command in '/home/javierfr/Tesis_ws/V1/build/control_pkg' returned '0': CMAKE_PREFIX_PATH=/home/javierfr/Tesis_ws/V1/install/interfaces:/home/javierfr/Tesis_ws/V1/install/inv_kinematics_pkg:/home/javierfr/Tesis_ws/V1/install/control_pkg:/home/javierfr/Tesis_ws/V1/install/img_proc_pkg:/home/javierfr/Tesis_ws/V1/install/gazebo_plugin_sim:/opt/ros/foxy LD_LIBRARY_PATH=/home/javierfr/Tesis_ws/V1/install/interfaces/lib:/home/javierfr/Tesis_ws/V1/install/gazebo_plugin_sim/lib:/opt/ros/foxy/opt/yaml_cpp_vendor/lib:/opt/ros/foxy/opt/rviz_ogre_vendor/lib:/opt/ros/foxy/lib/x86_64-linux-gnu:/opt/ros/foxy/lib:/usr/lib/x86_64-linux-gnu/gazebo-11/plugins:/usr/lib/x86_64-linux-gnu/gazebo-11/plugins /usr/bin/cmake --install /home/javierfr/Tesis_ws/V1/build/control_pkg
[10.855s] Level 1:colcon.colcon_core.environment:checking '/home/javierfr/Tesis_ws/V1/install/control_pkg' for CMake config files
[10.855s] Level 1:colcon.colcon_core.shell:create_environment_hook('control_pkg', 'cmake_prefix_path')
[10.855s] INFO:colcon.colcon_core.shell:Creating environment hook '/home/javierfr/Tesis_ws/V1/install/control_pkg/share/control_pkg/hook/cmake_prefix_path.ps1'
[10.856s] INFO:colcon.colcon_core.shell:Creating environment descriptor '/home/javierfr/Tesis_ws/V1/install/control_pkg/share/control_pkg/hook/cmake_prefix_path.dsv'
[10.856s] INFO:colcon.colcon_core.shell:Creating environment hook '/home/javierfr/Tesis_ws/V1/install/control_pkg/share/control_pkg/hook/cmake_prefix_path.sh'
[10.856s] Level 1:colcon.colcon_core.environment:checking '/home/javierfr/Tesis_ws/V1/install/control_pkg/lib'
[10.856s] Level 1:colcon.colcon_core.environment:checking '/home/javierfr/Tesis_ws/V1/install/control_pkg/bin'
[10.857s] Level 1:colcon.colcon_core.environment:checking '/home/javierfr/Tesis_ws/V1/install/control_pkg/lib/pkgconfig/control_pkg.pc'
[10.857s] Level 1:colcon.colcon_core.environment:checking '/home/javierfr/Tesis_ws/V1/install/control_pkg/lib/python3.8/site-packages'
[10.857s] INFO:colcon.colcon_core.shell:Creating package script '/home/javierfr/Tesis_ws/V1/install/control_pkg/share/control_pkg/package.ps1'
[10.857s] INFO:colcon.colcon_core.shell:Creating package descriptor '/home/javierfr/Tesis_ws/V1/install/control_pkg/share/control_pkg/package.dsv'
[10.858s] INFO:colcon.colcon_core.shell:Creating package script '/home/javierfr/Tesis_ws/V1/install/control_pkg/share/control_pkg/package.sh'
[10.858s] INFO:colcon.colcon_core.shell:Creating package script '/home/javierfr/Tesis_ws/V1/install/control_pkg/share/control_pkg/package.bash'
[10.858s] INFO:colcon.colcon_core.shell:Creating package script '/home/javierfr/Tesis_ws/V1/install/control_pkg/share/control_pkg/package.zsh'
[10.859s] Level 1:colcon.colcon_core.environment:create_file_with_runtime_dependencies(/home/javierfr/Tesis_ws/V1/install/control_pkg/share/colcon-core/packages/control_pkg)
[10.885s] Level 1:colcon.colcon_core.environment:create_environment_scripts_only(control_pkg)
[10.886s] Level 1:colcon.colcon_core.environment:checking '/home/javierfr/Tesis_ws/V1/install/control_pkg' for CMake module files
[10.886s] Level 1:colcon.colcon_core.environment:checking '/home/javierfr/Tesis_ws/V1/install/control_pkg' for CMake config files
[10.886s] Level 1:colcon.colcon_core.shell:create_environment_hook('control_pkg', 'cmake_prefix_path')
[10.887s] INFO:colcon.colcon_core.shell:Creating environment hook '/home/javierfr/Tesis_ws/V1/install/control_pkg/share/control_pkg/hook/cmake_prefix_path.ps1'
[10.887s] INFO:colcon.colcon_core.shell:Creating environment descriptor '/home/javierfr/Tesis_ws/V1/install/control_pkg/share/control_pkg/hook/cmake_prefix_path.dsv'
[10.888s] INFO:colcon.colcon_core.shell:Creating environment hook '/home/javierfr/Tesis_ws/V1/install/control_pkg/share/control_pkg/hook/cmake_prefix_path.sh'
[10.888s] Level 1:colcon.colcon_core.environment:checking '/home/javierfr/Tesis_ws/V1/install/control_pkg/lib'
[10.888s] Level 1:colcon.colcon_core.environment:checking '/home/javierfr/Tesis_ws/V1/install/control_pkg/bin'
[10.888s] Level 1:colcon.colcon_core.environment:checking '/home/javierfr/Tesis_ws/V1/install/control_pkg/lib/pkgconfig/control_pkg.pc'
[10.889s] Level 1:colcon.colcon_core.environment:checking '/home/javierfr/Tesis_ws/V1/install/control_pkg/lib/python3.8/site-packages'
[10.889s] INFO:colcon.colcon_core.shell:Creating package script '/home/javierfr/Tesis_ws/V1/install/control_pkg/share/control_pkg/package.ps1'
[10.890s] INFO:colcon.colcon_core.shell:Creating package descriptor '/home/javierfr/Tesis_ws/V1/install/control_pkg/share/control_pkg/package.dsv'
[10.890s] INFO:colcon.colcon_core.shell:Creating package script '/home/javierfr/Tesis_ws/V1/install/control_pkg/share/control_pkg/package.sh'
[10.891s] INFO:colcon.colcon_core.shell:Creating package script '/home/javierfr/Tesis_ws/V1/install/control_pkg/share/control_pkg/package.bash'
[10.891s] INFO:colcon.colcon_core.shell:Creating package script '/home/javierfr/Tesis_ws/V1/install/control_pkg/share/control_pkg/package.zsh'
[10.892s] Level 1:colcon.colcon_core.environment:create_file_with_runtime_dependencies(/home/javierfr/Tesis_ws/V1/install/control_pkg/share/colcon-core/packages/control_pkg)
[10.892s] DEBUG:colcon.colcon_parallel_executor.executor.parallel:closing loop
[10.893s] DEBUG:colcon.colcon_parallel_executor.executor.parallel:loop closed
[10.893s] DEBUG:colcon.colcon_parallel_executor.executor.parallel:run_until_complete finished with '0'
[10.893s] DEBUG:colcon.colcon_core.event_reactor:joining thread
[10.898s] INFO:colcon.colcon_core.plugin_system:Skipping extension 'colcon_notification.desktop_notification.terminal_notifier': Not used on non-Darwin systems
[10.898s] INFO:colcon.colcon_core.plugin_system:Skipping extension 'colcon_notification.desktop_notification.win32': Not used on non-Windows systems
[10.898s] INFO:colcon.colcon_notification.desktop_notification:Sending desktop notification using 'notify2'
[10.911s] DEBUG:colcon.colcon_core.event_reactor:joined thread
[10.912s] INFO:colcon.colcon_core.shell:Creating prefix script '/home/javierfr/Tesis_ws/V1/install/local_setup.ps1'
[10.912s] INFO:colcon.colcon_core.shell:Creating prefix util module '/home/javierfr/Tesis_ws/V1/install/_local_setup_util_ps1.py'
[10.913s] INFO:colcon.colcon_core.shell:Creating prefix chain script '/home/javierfr/Tesis_ws/V1/install/setup.ps1'
[10.915s] INFO:colcon.colcon_core.shell:Creating prefix script '/home/javierfr/Tesis_ws/V1/install/local_setup.sh'
[10.916s] INFO:colcon.colcon_core.shell:Creating prefix util module '/home/javierfr/Tesis_ws/V1/install/_local_setup_util_sh.py'
[10.916s] INFO:colcon.colcon_core.shell:Creating prefix chain script '/home/javierfr/Tesis_ws/V1/install/setup.sh'
[10.918s] INFO:colcon.colcon_core.shell:Creating prefix script '/home/javierfr/Tesis_ws/V1/install/local_setup.bash'
[10.918s] INFO:colcon.colcon_core.shell:Creating prefix chain script '/home/javierfr/Tesis_ws/V1/install/setup.bash'
[10.919s] INFO:colcon.colcon_core.shell:Creating prefix script '/home/javierfr/Tesis_ws/V1/install/local_setup.zsh'
[10.920s] INFO:colcon.colcon_core.shell:Creating prefix chain script '/home/javierfr/Tesis_ws/V1/install/setup.zsh'
