[0.047s] Invoking command in '/home/javierfr/Tesis_ws/V1/build/img_proc_pkg': CMAKE_PREFIX_PATH=${CMAKE_PREFIX_PATH}:/opt/ros/foxy /usr/bin/cmake --build /home/javierfr/Tesis_ws/V1/build/img_proc_pkg -- -j12 -l12
[0.048s] -- Found ament_cmake: 0.9.9 (/opt/ros/foxy/share/ament_cmake/cmake)
[0.059s] -- Using PYTHON_EXECUTABLE: /usr/bin/python3
[0.221s] -- Found sensor_msgs: 2.0.4 (/opt/ros/foxy/share/sensor_msgs/cmake)
[0.239s] -- Using all available rosidl_typesupport_c: rosidl_typesupport_fastrtps_c;rosidl_typesupport_introspection_c
[0.241s] -- Found rosidl_adapter: 1.2.1 (/opt/ros/foxy/share/rosidl_adapter/cmake)
[0.344s] -- Using all available rosidl_typesupport_cpp: rosidl_typesupport_fastrtps_cpp;rosidl_typesupport_introspection_cpp
[0.477s] -- Found rclcpp: 2.4.0 (/opt/ros/foxy/share/rclcpp/cmake)
[0.506s] -- Found rmw_implementation_cmake: 1.0.3 (/opt/ros/foxy/share/rmw_implementation_cmake/cmake)
[0.507s] -- Using RMW implementation 'rmw_fastrtps_cpp' as default
[0.627s] -- Found image_transport: 2.3.0 (/opt/ros/foxy/share/image_transport/cmake)
[0.662s] -- Found cv_bridge: 2.2.1 (/opt/ros/foxy/share/cv_bridge/cmake)
[0.666s] -- Found interfaces: 0.0.0 (/home/javierfr/Tesis_ws/V1/install/interfaces/share/interfaces/cmake)
[0.724s] -- Configuring done
[0.744s] -- Generating done
[0.746s] -- Build files have been written to: /home/javierfr/Tesis_ws/V1/build/img_proc_pkg
[0.780s] [ 25%] Built target img_proc_node
[0.783s] [ 50%] Built target img_publ_test_node
[0.783s] [100%] Built target img_proc_id_node
[0.783s] [100%] Built target img_subs_test_node
[0.793s] Invoked command in '/home/javierfr/Tesis_ws/V1/build/img_proc_pkg' returned '0': CMAKE_PREFIX_PATH=${CMAKE_PREFIX_PATH}:/opt/ros/foxy /usr/bin/cmake --build /home/javierfr/Tesis_ws/V1/build/img_proc_pkg -- -j12 -l12
[0.817s] Invoking command in '/home/javierfr/Tesis_ws/V1/build/img_proc_pkg': CMAKE_PREFIX_PATH=${CMAKE_PREFIX_PATH}:/opt/ros/foxy /usr/bin/cmake --install /home/javierfr/Tesis_ws/V1/build/img_proc_pkg
[0.824s] -- Install configuration: ""
[0.824s] -- Up-to-date: /home/javierfr/Tesis_ws/V1/install/img_proc_pkg/lib/img_proc_pkg/img_proc_node
[0.824s] -- Up-to-date: /home/javierfr/Tesis_ws/V1/install/img_proc_pkg/lib/img_proc_pkg/img_publ_test_node
[0.824s] -- Up-to-date: /home/javierfr/Tesis_ws/V1/install/img_proc_pkg/lib/img_proc_pkg/img_subs_test_node
[0.825s] -- Up-to-date: /home/javierfr/Tesis_ws/V1/install/img_proc_pkg/lib/img_proc_pkg/img_proc_id_node
[0.825s] -- Up-to-date: /home/javierfr/Tesis_ws/V1/install/img_proc_pkg/share/ament_index/resource_index/package_run_dependencies/img_proc_pkg
[0.825s] -- Up-to-date: /home/javierfr/Tesis_ws/V1/install/img_proc_pkg/share/ament_index/resource_index/parent_prefix_path/img_proc_pkg
[0.825s] -- Up-to-date: /home/javierfr/Tesis_ws/V1/install/img_proc_pkg/share/img_proc_pkg/environment/ament_prefix_path.sh
[0.825s] -- Installing: /home/javierfr/Tesis_ws/V1/install/img_proc_pkg/share/img_proc_pkg/environment/ament_prefix_path.dsv
[0.825s] -- Up-to-date: /home/javierfr/Tesis_ws/V1/install/img_proc_pkg/share/img_proc_pkg/environment/path.sh
[0.825s] -- Installing: /home/javierfr/Tesis_ws/V1/install/img_proc_pkg/share/img_proc_pkg/environment/path.dsv
[0.825s] -- Up-to-date: /home/javierfr/Tesis_ws/V1/install/img_proc_pkg/share/img_proc_pkg/local_setup.bash
[0.826s] -- Up-to-date: /home/javierfr/Tesis_ws/V1/install/img_proc_pkg/share/img_proc_pkg/local_setup.sh
[0.826s] -- Up-to-date: /home/javierfr/Tesis_ws/V1/install/img_proc_pkg/share/img_proc_pkg/local_setup.zsh
[0.826s] -- Installing: /home/javierfr/Tesis_ws/V1/install/img_proc_pkg/share/img_proc_pkg/local_setup.dsv
[0.826s] -- Installing: /home/javierfr/Tesis_ws/V1/install/img_proc_pkg/share/img_proc_pkg/package.dsv
[0.826s] -- Up-to-date: /home/javierfr/Tesis_ws/V1/install/img_proc_pkg/share/ament_index/resource_index/packages/img_proc_pkg
[0.826s] -- Up-to-date: /home/javierfr/Tesis_ws/V1/install/img_proc_pkg/share/img_proc_pkg/cmake/img_proc_pkgConfig.cmake
[0.826s] -- Up-to-date: /home/javierfr/Tesis_ws/V1/install/img_proc_pkg/share/img_proc_pkg/cmake/img_proc_pkgConfig-version.cmake
[0.826s] -- Up-to-date: /home/javierfr/Tesis_ws/V1/install/img_proc_pkg/share/img_proc_pkg/package.xml
[0.828s] Invoked command in '/home/javierfr/Tesis_ws/V1/build/img_proc_pkg' returned '0': CMAKE_PREFIX_PATH=${CMAKE_PREFIX_PATH}:/opt/ros/foxy /usr/bin/cmake --install /home/javierfr/Tesis_ws/V1/build/img_proc_pkg
