[0.187s] Invoking command in '/home/javierfr/Tesis_ws/V1/build/interfaces': CMAKE_PREFIX_PATH=/opt/ros/foxy /usr/bin/cmake --build /home/javierfr/Tesis_ws/V1/build/interfaces -- -j12 -l12
[2.690s] -- Found ament_cmake: 0.9.8 (/opt/ros/foxy/share/ament_cmake/cmake)
[3.020s] -- Found PythonInterp: /usr/bin/python3 (found suitable version "3.8.5", minimum required is "3") 
[3.020s] -- Using PYTHON_EXECUTABLE: /usr/bin/python3
[5.412s] -- Found rosidl_default_generators: 1.0.1 (/opt/ros/foxy/share/rosidl_default_generators/cmake)
[5.686s] -- Using all available rosidl_typesupport_c: rosidl_typesupport_fastrtps_c;rosidl_typesupport_introspection_c
[6.010s] -- Found rosidl_adapter: 1.2.1 (/opt/ros/foxy/share/rosidl_adapter/cmake)
[8.270s] -- Using all available rosidl_typesupport_cpp: rosidl_typesupport_fastrtps_cpp;rosidl_typesupport_introspection_cpp
[8.852s] -- Found PythonInterp: /usr/bin/python3 (found version "3.8.5") 
[9.889s] -- Found ament_cmake_ros: 0.9.1 (/opt/ros/foxy/share/ament_cmake_ros/cmake)
[10.172s] -- Using all available rosidl_typesupport_c: rosidl_typesupport_fastrtps_c;rosidl_typesupport_introspection_c
[10.229s] -- Using all available rosidl_typesupport_cpp: rosidl_typesupport_fastrtps_cpp;rosidl_typesupport_introspection_cpp
[10.246s] -- Found PythonInterp: /usr/bin/python3 (found suitable version "3.8.5", minimum required is "3.5") 
[10.276s] -- Found python_cmake_module: 0.8.1 (/opt/ros/foxy/share/python_cmake_module/cmake)
[10.418s] -- Using PYTHON_EXECUTABLE: /usr/bin/python3
[10.418s] -- Using PYTHON_INCLUDE_DIRS: /usr/include/python3.8
[10.418s] -- Using PYTHON_LIBRARIES: /usr/lib/x86_64-linux-gnu/libpython3.8.so
[10.733s] -- Configuring done
[11.365s] -- Generating done
[11.379s] -- Build files have been written to: /home/javierfr/Tesis_ws/V1/build/interfaces
[11.437s] [  1%] [34m[1mGenerating C code for ROS interfaces[0m
[11.439s] [35m[1mScanning dependencies of target interfaces__cpp[0m
[11.448s] [  3%] [34m[1mGenerating C++ code for ROS interfaces[0m
[12.082s] [  3%] Built target interfaces__cpp
[12.112s] [  5%] [34m[1mGenerating C++ introspection for ROS interfaces[0m
[12.112s] [  7%] [34m[1mGenerating C++ type support for eProsima Fast-RTPS[0m
[12.123s] [  9%] [34m[1mGenerating C++ type support dispatch for ROS interfaces[0m
[12.126s] [35m[1mScanning dependencies of target interfaces__rosidl_generator_c[0m
[12.217s] [ 14%] [32mBuilding C object CMakeFiles/interfaces__rosidl_generator_c.dir/rosidl_generator_c/interfaces/srv/detail/control_pid_start__functions.c.o[0m
[12.217s] [ 14%] [32mBuilding C object CMakeFiles/interfaces__rosidl_generator_c.dir/rosidl_generator_c/interfaces/msg/detail/motor_vels__functions.c.o[0m
[12.217s] [ 14%] [32mBuilding C object CMakeFiles/interfaces__rosidl_generator_c.dir/rosidl_generator_c/interfaces/srv/detail/platform_vel__functions.c.o[0m
[12.219s] [ 16%] [32mBuilding C object CMakeFiles/interfaces__rosidl_generator_c.dir/rosidl_generator_c/interfaces/msg/detail/img_data__functions.c.o[0m
[12.445s] [35m[1mScanning dependencies of target interfaces__rosidl_typesupport_cpp[0m
[12.523s] [ 20%] [32mBuilding CXX object CMakeFiles/interfaces__rosidl_typesupport_cpp.dir/rosidl_typesupport_cpp/interfaces/msg/motor_vels__type_support.cpp.o[0m
[12.523s] [ 20%] [32mBuilding CXX object CMakeFiles/interfaces__rosidl_typesupport_cpp.dir/rosidl_typesupport_cpp/interfaces/srv/platform_vel__type_support.cpp.o[0m
[12.523s] [ 21%] [32mBuilding CXX object CMakeFiles/interfaces__rosidl_typesupport_cpp.dir/rosidl_typesupport_cpp/interfaces/msg/img_data__type_support.cpp.o[0m
[12.529s] [ 23%] [32mBuilding CXX object CMakeFiles/interfaces__rosidl_typesupport_cpp.dir/rosidl_typesupport_cpp/interfaces/srv/control_pid_start__type_support.cpp.o[0m
[12.547s] [35m[1mScanning dependencies of target interfaces__rosidl_typesupport_introspection_cpp[0m
[12.635s] [35m[1mScanning dependencies of target interfaces__rosidl_typesupport_fastrtps_cpp[0m
[12.745s] [ 29%] [32mBuilding CXX object CMakeFiles/interfaces__rosidl_typesupport_introspection_cpp.dir/rosidl_typesupport_introspection_cpp/interfaces/srv/detail/platform_vel__type_support.cpp.o[0m
[12.745s] [ 29%] [32mBuilding CXX object CMakeFiles/interfaces__rosidl_typesupport_introspection_cpp.dir/rosidl_typesupport_introspection_cpp/interfaces/msg/detail/motor_vels__type_support.cpp.o[0m
[12.746s] [ 29%] [32mBuilding CXX object CMakeFiles/interfaces__rosidl_typesupport_introspection_cpp.dir/rosidl_typesupport_introspection_cpp/interfaces/msg/detail/img_data__type_support.cpp.o[0m
[12.853s] [ 30%] [32mBuilding CXX object CMakeFiles/interfaces__rosidl_typesupport_fastrtps_cpp.dir/rosidl_typesupport_fastrtps_cpp/interfaces/srv/detail/dds_fastrtps/platform_vel__type_support.cpp.o[0m
[18.568s] [ 36%] [32mBuilding CXX object CMakeFiles/interfaces__rosidl_typesupport_introspection_cpp.dir/rosidl_typesupport_introspection_cpp/interfaces/srv/detail/control_pid_start__type_support.cpp.o[0m
[18.568s] [ 36%] [32mBuilding CXX object CMakeFiles/interfaces__rosidl_typesupport_fastrtps_cpp.dir/rosidl_typesupport_fastrtps_cpp/interfaces/msg/detail/dds_fastrtps/img_data__type_support.cpp.o[0m
[18.569s] [ 38%] [32m[1mLinking C shared library libinterfaces__rosidl_generator_c.so[0m
[18.569s] [ 36%] [32mBuilding CXX object CMakeFiles/interfaces__rosidl_typesupport_fastrtps_cpp.dir/rosidl_typesupport_fastrtps_cpp/interfaces/msg/detail/dds_fastrtps/motor_vels__type_support.cpp.o[0m
[20.605s] [ 40%] [32mBuilding CXX object CMakeFiles/interfaces__rosidl_typesupport_fastrtps_cpp.dir/rosidl_typesupport_fastrtps_cpp/interfaces/srv/detail/dds_fastrtps/control_pid_start__type_support.cpp.o[0m
[20.606s] [ 41%] [32m[1mLinking CXX shared library libinterfaces__rosidl_typesupport_introspection_cpp.so[0m
[20.606s] [ 43%] [32m[1mLinking CXX shared library libinterfaces__rosidl_typesupport_cpp.so[0m
[21.318s] [ 43%] Built target interfaces__rosidl_typesupport_introspection_cpp
[21.318s] [ 43%] Built target interfaces__rosidl_typesupport_cpp
[21.319s] [ 43%] Built target interfaces__rosidl_generator_c
[21.356s] [ 45%] [34m[1mGenerating C type support dispatch for ROS interfaces[0m
[21.368s] [ 47%] [34m[1mGenerating C introspection for ROS interfaces[0m
[21.515s] [ 49%] [32m[1mLinking CXX shared library libinterfaces__rosidl_typesupport_fastrtps_cpp.so[0m
[21.606s] [35m[1mScanning dependencies of target interfaces__rosidl_typesupport_c[0m
[21.647s] [ 52%] [32mBuilding CXX object CMakeFiles/interfaces__rosidl_typesupport_c.dir/rosidl_typesupport_c/interfaces/srv/platform_vel__type_support.cpp.o[0m
[21.648s] [ 52%] [32mBuilding CXX object CMakeFiles/interfaces__rosidl_typesupport_c.dir/rosidl_typesupport_c/interfaces/msg/img_data__type_support.cpp.o[0m
[21.650s] [ 52%] Built target interfaces__rosidl_typesupport_fastrtps_cpp
[21.650s] [ 54%] [32mBuilding CXX object CMakeFiles/interfaces__rosidl_typesupport_c.dir/rosidl_typesupport_c/interfaces/msg/motor_vels__type_support.cpp.o[0m
[21.650s] [ 56%] [32mBuilding CXX object CMakeFiles/interfaces__rosidl_typesupport_c.dir/rosidl_typesupport_c/interfaces/srv/control_pid_start__type_support.cpp.o[0m
[21.676s] [ 58%] [34m[1mGenerating C type support for eProsima Fast-RTPS[0m
[21.712s] [ 60%] [32m[1mLinking CXX shared library libinterfaces__rosidl_typesupport_c.so[0m
[21.713s] [35m[1mScanning dependencies of target interfaces__rosidl_typesupport_introspection_c[0m
[21.742s] [ 60%] Built target interfaces__rosidl_typesupport_c
[21.812s] [ 61%] [32mBuilding C object CMakeFiles/interfaces__rosidl_typesupport_introspection_c.dir/rosidl_typesupport_introspection_c/interfaces/msg/detail/motor_vels__type_support.c.o[0m
[21.813s] [ 63%] [32mBuilding C object CMakeFiles/interfaces__rosidl_typesupport_introspection_c.dir/rosidl_typesupport_introspection_c/interfaces/srv/detail/control_pid_start__type_support.c.o[0m
[21.813s] [ 65%] [32mBuilding C object CMakeFiles/interfaces__rosidl_typesupport_introspection_c.dir/rosidl_typesupport_introspection_c/interfaces/msg/detail/img_data__type_support.c.o[0m
[21.818s] [ 67%] [32mBuilding C object CMakeFiles/interfaces__rosidl_typesupport_introspection_c.dir/rosidl_typesupport_introspection_c/interfaces/srv/detail/platform_vel__type_support.c.o[0m
[21.882s] [ 69%] [32m[1mLinking C shared library libinterfaces__rosidl_typesupport_introspection_c.so[0m
[21.940s] [ 69%] Built target interfaces__rosidl_typesupport_introspection_c
[22.210s] [35m[1mScanning dependencies of target interfaces__rosidl_typesupport_fastrtps_c[0m
[22.272s] [ 70%] [32mBuilding CXX object CMakeFiles/interfaces__rosidl_typesupport_fastrtps_c.dir/rosidl_typesupport_fastrtps_c/interfaces/msg/detail/img_data__type_support_c.cpp.o[0m
[22.272s] [ 74%] [32mBuilding CXX object CMakeFiles/interfaces__rosidl_typesupport_fastrtps_c.dir/rosidl_typesupport_fastrtps_c/interfaces/srv/detail/platform_vel__type_support_c.cpp.o[0m
[22.273s] [ 74%] [32mBuilding CXX object CMakeFiles/interfaces__rosidl_typesupport_fastrtps_c.dir/rosidl_typesupport_fastrtps_c/interfaces/srv/detail/control_pid_start__type_support_c.cpp.o[0m
[22.273s] [ 76%] [32mBuilding CXX object CMakeFiles/interfaces__rosidl_typesupport_fastrtps_c.dir/rosidl_typesupport_fastrtps_c/interfaces/msg/detail/motor_vels__type_support_c.cpp.o[0m
[22.681s] [ 78%] [32m[1mLinking CXX shared library libinterfaces__rosidl_typesupport_fastrtps_c.so[0m
[22.742s] [ 78%] Built target interfaces__rosidl_typesupport_fastrtps_c
[22.786s] [ 78%] Built target interfaces
[22.842s] [35m[1mScanning dependencies of target interfaces__py[0m
[22.863s] [ 80%] [34m[1mGenerating Python code for ROS interfaces[0m
[24.422s] [ 80%] Built target interfaces__py
[24.542s] [35m[1mScanning dependencies of target interfaces__python[0m
[24.628s] [ 83%] [32mBuilding C object CMakeFiles/interfaces__python.dir/rosidl_generator_py/interfaces/srv/_platform_vel_s.c.o[0m
[24.628s] [ 83%] [32mBuilding C object CMakeFiles/interfaces__python.dir/rosidl_generator_py/interfaces/msg/_motor_vels_s.c.o[0m
[24.629s] [ 85%] [32mBuilding C object CMakeFiles/interfaces__python.dir/rosidl_generator_py/interfaces/msg/_img_data_s.c.o[0m
[24.629s] [ 87%] [32mBuilding C object CMakeFiles/interfaces__python.dir/rosidl_generator_py/interfaces/srv/_control_pid_start_s.c.o[0m
[25.196s] [ 89%] [32m[1mLinking C shared library rosidl_generator_py/interfaces/libinterfaces__python.so[0m
[25.265s] [ 89%] Built target interfaces__python
[25.338s] [35m[1mScanning dependencies of target interfaces__rosidl_typesupport_fastrtps_c__pyext[0m
[25.338s] [35m[1mScanning dependencies of target interfaces__rosidl_typesupport_c__pyext[0m
[25.365s] [35m[1mScanning dependencies of target interfaces__rosidl_typesupport_introspection_c__pyext[0m
[25.370s] [ 90%] [32mBuilding C object CMakeFiles/interfaces__rosidl_typesupport_fastrtps_c__pyext.dir/rosidl_generator_py/interfaces/_interfaces_s.ep.rosidl_typesupport_fastrtps_c.c.o[0m
[25.372s] [ 92%] [32mBuilding C object CMakeFiles/interfaces__rosidl_typesupport_c__pyext.dir/rosidl_generator_py/interfaces/_interfaces_s.ep.rosidl_typesupport_c.c.o[0m
[25.395s] [ 94%] [32mBuilding C object CMakeFiles/interfaces__rosidl_typesupport_introspection_c__pyext.dir/rosidl_generator_py/interfaces/_interfaces_s.ep.rosidl_typesupport_introspection_c.c.o[0m
[25.493s] [100%] [32m[1mLinking CXX shared library rosidl_generator_py/interfaces/interfaces_s__rosidl_typesupport_fastrtps_c.cpython-38-x86_64-linux-gnu.so[0m
[25.493s] [100%] [32m[1mLinking C shared library rosidl_generator_py/interfaces/interfaces_s__rosidl_typesupport_c.cpython-38-x86_64-linux-gnu.so[0m
[25.493s] [100%] [32m[1mLinking C shared library rosidl_generator_py/interfaces/interfaces_s__rosidl_typesupport_introspection_c.cpython-38-x86_64-linux-gnu.so[0m
[25.519s] [100%] Built target interfaces__rosidl_typesupport_introspection_c__pyext
[25.519s] [100%] Built target interfaces__rosidl_typesupport_c__pyext
[25.540s] [100%] Built target interfaces__rosidl_typesupport_fastrtps_c__pyext
[25.550s] Invoked command in '/home/javierfr/Tesis_ws/V1/build/interfaces' returned '0': CMAKE_PREFIX_PATH=/opt/ros/foxy /usr/bin/cmake --build /home/javierfr/Tesis_ws/V1/build/interfaces -- -j12 -l12
[25.611s] Invoking command in '/home/javierfr/Tesis_ws/V1/build/interfaces': CMAKE_PREFIX_PATH=/opt/ros/foxy /usr/bin/cmake --install /home/javierfr/Tesis_ws/V1/build/interfaces
[25.618s] -- Install configuration: ""
[25.618s] -- Installing: /home/javierfr/Tesis_ws/V1/install/interfaces/share/ament_index/resource_index/rosidl_interfaces/interfaces
[25.618s] -- Up-to-date: /home/javierfr/Tesis_ws/V1/install/interfaces/include/interfaces
[25.618s] -- Up-to-date: /home/javierfr/Tesis_ws/V1/install/interfaces/include/interfaces/srv
[25.618s] -- Up-to-date: /home/javierfr/Tesis_ws/V1/install/interfaces/include/interfaces/srv/detail
[25.618s] -- Installing: /home/javierfr/Tesis_ws/V1/install/interfaces/include/interfaces/srv/detail/platform_vel__struct.h
[25.645s] -- Installing: /home/javierfr/Tesis_ws/V1/install/interfaces/include/interfaces/srv/detail/control_pid_start__struct.h
[25.645s] -- Installing: /home/javierfr/Tesis_ws/V1/install/interfaces/include/interfaces/srv/detail/control_pid_start__functions.c
[25.645s] -- Installing: /home/javierfr/Tesis_ws/V1/install/interfaces/include/interfaces/srv/detail/platform_vel__functions.c
[25.645s] -- Installing: /home/javierfr/Tesis_ws/V1/install/interfaces/include/interfaces/srv/detail/platform_vel__functions.h
[25.645s] -- Installing: /home/javierfr/Tesis_ws/V1/install/interfaces/include/interfaces/srv/detail/platform_vel__type_support.h
[25.645s] -- Installing: /home/javierfr/Tesis_ws/V1/install/interfaces/include/interfaces/srv/detail/control_pid_start__type_support.h
[25.645s] -- Installing: /home/javierfr/Tesis_ws/V1/install/interfaces/include/interfaces/srv/detail/control_pid_start__functions.h
[25.646s] -- Installing: /home/javierfr/Tesis_ws/V1/install/interfaces/include/interfaces/srv/platform_vel.h
[25.646s] -- Installing: /home/javierfr/Tesis_ws/V1/install/interfaces/include/interfaces/srv/control_pid_start.h
[25.646s] -- Up-to-date: /home/javierfr/Tesis_ws/V1/install/interfaces/include/interfaces/msg
[25.646s] -- Up-to-date: /home/javierfr/Tesis_ws/V1/install/interfaces/include/interfaces/msg/detail
[25.646s] -- Installing: /home/javierfr/Tesis_ws/V1/install/interfaces/include/interfaces/msg/detail/img_data__struct.h
[25.646s] -- Installing: /home/javierfr/Tesis_ws/V1/install/interfaces/include/interfaces/msg/detail/motor_vels__type_support.h
[25.646s] -- Installing: /home/javierfr/Tesis_ws/V1/install/interfaces/include/interfaces/msg/detail/img_data__functions.c
[25.646s] -- Installing: /home/javierfr/Tesis_ws/V1/install/interfaces/include/interfaces/msg/detail/motor_vels__functions.h
[25.646s] -- Installing: /home/javierfr/Tesis_ws/V1/install/interfaces/include/interfaces/msg/detail/img_data__type_support.h
[25.646s] -- Installing: /home/javierfr/Tesis_ws/V1/install/interfaces/include/interfaces/msg/detail/motor_vels__functions.c
[25.646s] -- Installing: /home/javierfr/Tesis_ws/V1/install/interfaces/include/interfaces/msg/detail/img_data__functions.h
[25.646s] -- Installing: /home/javierfr/Tesis_ws/V1/install/interfaces/include/interfaces/msg/detail/motor_vels__struct.h
[25.647s] -- Installing: /home/javierfr/Tesis_ws/V1/install/interfaces/include/interfaces/msg/img_data.h
[25.647s] -- Installing: /home/javierfr/Tesis_ws/V1/install/interfaces/include/interfaces/msg/motor_vels.h
[25.647s] -- Up-to-date: /home/javierfr/Tesis_ws/V1/install/interfaces/include/interfaces/msg/rosidl_generator_c__visibility_control.h
[25.647s] -- Up-to-date: /home/javierfr/Tesis_ws/V1/install/interfaces/share/interfaces/environment/library_path.sh
[25.647s] -- Installing: /home/javierfr/Tesis_ws/V1/install/interfaces/share/interfaces/environment/library_path.dsv
[25.660s] -- Installing: /home/javierfr/Tesis_ws/V1/install/interfaces/lib/libinterfaces__rosidl_generator_c.so
[25.661s] -- Set runtime path of "/home/javierfr/Tesis_ws/V1/install/interfaces/lib/libinterfaces__rosidl_generator_c.so" to ""
[25.661s] -- Up-to-date: /home/javierfr/Tesis_ws/V1/install/interfaces/include/interfaces
[25.661s] -- Up-to-date: /home/javierfr/Tesis_ws/V1/install/interfaces/include/interfaces/srv
[25.661s] -- Up-to-date: /home/javierfr/Tesis_ws/V1/install/interfaces/include/interfaces/srv/detail
[25.661s] -- Installing: /home/javierfr/Tesis_ws/V1/install/interfaces/include/interfaces/srv/detail/control_pid_start__rosidl_typesupport_fastrtps_c.h
[25.661s] -- Installing: /home/javierfr/Tesis_ws/V1/install/interfaces/include/interfaces/srv/detail/platform_vel__rosidl_typesupport_fastrtps_c.h
[25.661s] -- Up-to-date: /home/javierfr/Tesis_ws/V1/install/interfaces/include/interfaces/msg
[25.661s] -- Up-to-date: /home/javierfr/Tesis_ws/V1/install/interfaces/include/interfaces/msg/detail
[25.661s] -- Installing: /home/javierfr/Tesis_ws/V1/install/interfaces/include/interfaces/msg/detail/img_data__rosidl_typesupport_fastrtps_c.h
[25.662s] -- Installing: /home/javierfr/Tesis_ws/V1/install/interfaces/include/interfaces/msg/detail/motor_vels__rosidl_typesupport_fastrtps_c.h
[25.662s] -- Up-to-date: /home/javierfr/Tesis_ws/V1/install/interfaces/include/interfaces/msg/rosidl_typesupport_fastrtps_c__visibility_control.h
[25.662s] -- Installing: /home/javierfr/Tesis_ws/V1/install/interfaces/lib/libinterfaces__rosidl_typesupport_fastrtps_c.so
[25.663s] -- Set runtime path of "/home/javierfr/Tesis_ws/V1/install/interfaces/lib/libinterfaces__rosidl_typesupport_fastrtps_c.so" to ""
[25.663s] -- Up-to-date: /home/javierfr/Tesis_ws/V1/install/interfaces/include/interfaces
[25.663s] -- Up-to-date: /home/javierfr/Tesis_ws/V1/install/interfaces/include/interfaces/srv
[25.663s] -- Up-to-date: /home/javierfr/Tesis_ws/V1/install/interfaces/include/interfaces/srv/detail
[25.663s] -- Installing: /home/javierfr/Tesis_ws/V1/install/interfaces/include/interfaces/srv/detail/platform_vel__rosidl_typesupport_fastrtps_cpp.hpp
[25.663s] -- Up-to-date: /home/javierfr/Tesis_ws/V1/install/interfaces/include/interfaces/srv/detail/dds_fastrtps
[25.663s] -- Installing: /home/javierfr/Tesis_ws/V1/install/interfaces/include/interfaces/srv/detail/control_pid_start__rosidl_typesupport_fastrtps_cpp.hpp
[25.663s] -- Up-to-date: /home/javierfr/Tesis_ws/V1/install/interfaces/include/interfaces/msg
[25.663s] -- Up-to-date: /home/javierfr/Tesis_ws/V1/install/interfaces/include/interfaces/msg/rosidl_typesupport_fastrtps_cpp__visibility_control.h
[25.663s] -- Up-to-date: /home/javierfr/Tesis_ws/V1/install/interfaces/include/interfaces/msg/detail
[25.663s] -- Installing: /home/javierfr/Tesis_ws/V1/install/interfaces/include/interfaces/msg/detail/motor_vels__rosidl_typesupport_fastrtps_cpp.hpp
[25.663s] -- Up-to-date: /home/javierfr/Tesis_ws/V1/install/interfaces/include/interfaces/msg/detail/dds_fastrtps
[25.663s] -- Installing: /home/javierfr/Tesis_ws/V1/install/interfaces/include/interfaces/msg/detail/img_data__rosidl_typesupport_fastrtps_cpp.hpp
[25.697s] -- Installing: /home/javierfr/Tesis_ws/V1/install/interfaces/lib/libinterfaces__rosidl_typesupport_fastrtps_cpp.so
[25.697s] -- Set runtime path of "/home/javierfr/Tesis_ws/V1/install/interfaces/lib/libinterfaces__rosidl_typesupport_fastrtps_cpp.so" to ""
[25.697s] -- Up-to-date: /home/javierfr/Tesis_ws/V1/install/interfaces/include/interfaces
[25.698s] -- Up-to-date: /home/javierfr/Tesis_ws/V1/install/interfaces/include/interfaces/srv
[25.698s] -- Up-to-date: /home/javierfr/Tesis_ws/V1/install/interfaces/include/interfaces/srv/detail
[25.698s] -- Installing: /home/javierfr/Tesis_ws/V1/install/interfaces/include/interfaces/srv/detail/platform_vel__type_support.c
[25.698s] -- Installing: /home/javierfr/Tesis_ws/V1/install/interfaces/include/interfaces/srv/detail/platform_vel__rosidl_typesupport_introspection_c.h
[25.698s] -- Installing: /home/javierfr/Tesis_ws/V1/install/interfaces/include/interfaces/srv/detail/control_pid_start__type_support.c
[25.698s] -- Installing: /home/javierfr/Tesis_ws/V1/install/interfaces/include/interfaces/srv/detail/control_pid_start__rosidl_typesupport_introspection_c.h
[25.698s] -- Up-to-date: /home/javierfr/Tesis_ws/V1/install/interfaces/include/interfaces/msg
[25.698s] -- Up-to-date: /home/javierfr/Tesis_ws/V1/install/interfaces/include/interfaces/msg/detail
[25.698s] -- Installing: /home/javierfr/Tesis_ws/V1/install/interfaces/include/interfaces/msg/detail/motor_vels__rosidl_typesupport_introspection_c.h
[25.698s] -- Installing: /home/javierfr/Tesis_ws/V1/install/interfaces/include/interfaces/msg/detail/motor_vels__type_support.c
[25.698s] -- Installing: /home/javierfr/Tesis_ws/V1/install/interfaces/include/interfaces/msg/detail/img_data__rosidl_typesupport_introspection_c.h
[25.698s] -- Installing: /home/javierfr/Tesis_ws/V1/install/interfaces/include/interfaces/msg/detail/img_data__type_support.c
[25.698s] -- Up-to-date: /home/javierfr/Tesis_ws/V1/install/interfaces/include/interfaces/msg/rosidl_typesupport_introspection_c__visibility_control.h
[25.711s] -- Installing: /home/javierfr/Tesis_ws/V1/install/interfaces/lib/libinterfaces__rosidl_typesupport_introspection_c.so
[25.712s] -- Set runtime path of "/home/javierfr/Tesis_ws/V1/install/interfaces/lib/libinterfaces__rosidl_typesupport_introspection_c.so" to ""
[25.717s] -- Installing: /home/javierfr/Tesis_ws/V1/install/interfaces/lib/libinterfaces__rosidl_typesupport_c.so
[25.719s] -- Set runtime path of "/home/javierfr/Tesis_ws/V1/install/interfaces/lib/libinterfaces__rosidl_typesupport_c.so" to ""
[25.720s] -- Up-to-date: /home/javierfr/Tesis_ws/V1/install/interfaces/include/interfaces
[25.721s] -- Up-to-date: /home/javierfr/Tesis_ws/V1/install/interfaces/include/interfaces/srv
[25.721s] -- Up-to-date: /home/javierfr/Tesis_ws/V1/install/interfaces/include/interfaces/srv/detail
[25.722s] -- Installing: /home/javierfr/Tesis_ws/V1/install/interfaces/include/interfaces/srv/detail/platform_vel__builder.hpp
[25.722s] -- Installing: /home/javierfr/Tesis_ws/V1/install/interfaces/include/interfaces/srv/detail/platform_vel__struct.hpp
[25.723s] -- Installing: /home/javierfr/Tesis_ws/V1/install/interfaces/include/interfaces/srv/detail/control_pid_start__struct.hpp
[25.723s] -- Installing: /home/javierfr/Tesis_ws/V1/install/interfaces/include/interfaces/srv/detail/control_pid_start__builder.hpp
[25.723s] -- Installing: /home/javierfr/Tesis_ws/V1/install/interfaces/include/interfaces/srv/detail/control_pid_start__traits.hpp
[25.724s] -- Installing: /home/javierfr/Tesis_ws/V1/install/interfaces/include/interfaces/srv/detail/platform_vel__traits.hpp
[25.724s] -- Installing: /home/javierfr/Tesis_ws/V1/install/interfaces/include/interfaces/srv/control_pid_start.hpp
[25.725s] -- Installing: /home/javierfr/Tesis_ws/V1/install/interfaces/include/interfaces/srv/platform_vel.hpp
[25.725s] -- Up-to-date: /home/javierfr/Tesis_ws/V1/install/interfaces/include/interfaces/msg
[25.725s] -- Up-to-date: /home/javierfr/Tesis_ws/V1/install/interfaces/include/interfaces/msg/detail
[25.726s] -- Installing: /home/javierfr/Tesis_ws/V1/install/interfaces/include/interfaces/msg/detail/img_data__builder.hpp
[25.726s] -- Installing: /home/javierfr/Tesis_ws/V1/install/interfaces/include/interfaces/msg/detail/img_data__traits.hpp
[25.727s] -- Installing: /home/javierfr/Tesis_ws/V1/install/interfaces/include/interfaces/msg/detail/motor_vels__traits.hpp
[25.727s] -- Installing: /home/javierfr/Tesis_ws/V1/install/interfaces/include/interfaces/msg/detail/motor_vels__builder.hpp
[25.727s] -- Installing: /home/javierfr/Tesis_ws/V1/install/interfaces/include/interfaces/msg/detail/motor_vels__struct.hpp
[25.728s] -- Installing: /home/javierfr/Tesis_ws/V1/install/interfaces/include/interfaces/msg/detail/img_data__struct.hpp
[25.728s] -- Installing: /home/javierfr/Tesis_ws/V1/install/interfaces/include/interfaces/msg/img_data.hpp
[25.728s] -- Installing: /home/javierfr/Tesis_ws/V1/install/interfaces/include/interfaces/msg/motor_vels.hpp
[25.729s] -- Up-to-date: /home/javierfr/Tesis_ws/V1/install/interfaces/include/interfaces
[25.729s] -- Up-to-date: /home/javierfr/Tesis_ws/V1/install/interfaces/include/interfaces/srv
[25.730s] -- Up-to-date: /home/javierfr/Tesis_ws/V1/install/interfaces/include/interfaces/srv/detail
[25.730s] -- Installing: /home/javierfr/Tesis_ws/V1/install/interfaces/include/interfaces/srv/detail/platform_vel__rosidl_typesupport_introspection_cpp.hpp
[25.730s] -- Installing: /home/javierfr/Tesis_ws/V1/install/interfaces/include/interfaces/srv/detail/control_pid_start__type_support.cpp
[25.730s] -- Installing: /home/javierfr/Tesis_ws/V1/install/interfaces/include/interfaces/srv/detail/platform_vel__type_support.cpp
[25.731s] -- Installing: /home/javierfr/Tesis_ws/V1/install/interfaces/include/interfaces/srv/detail/control_pid_start__rosidl_typesupport_introspection_cpp.hpp
[25.731s] -- Up-to-date: /home/javierfr/Tesis_ws/V1/install/interfaces/include/interfaces/msg
[25.731s] -- Up-to-date: /home/javierfr/Tesis_ws/V1/install/interfaces/include/interfaces/msg/detail
[25.732s] -- Installing: /home/javierfr/Tesis_ws/V1/install/interfaces/include/interfaces/msg/detail/motor_vels__type_support.cpp
[25.732s] -- Installing: /home/javierfr/Tesis_ws/V1/install/interfaces/include/interfaces/msg/detail/motor_vels__rosidl_typesupport_introspection_cpp.hpp
[25.732s] -- Installing: /home/javierfr/Tesis_ws/V1/install/interfaces/include/interfaces/msg/detail/img_data__rosidl_typesupport_introspection_cpp.hpp
[25.733s] -- Installing: /home/javierfr/Tesis_ws/V1/install/interfaces/include/interfaces/msg/detail/img_data__type_support.cpp
[25.733s] -- Installing: /home/javierfr/Tesis_ws/V1/install/interfaces/lib/libinterfaces__rosidl_typesupport_introspection_cpp.so
[25.734s] -- Set runtime path of "/home/javierfr/Tesis_ws/V1/install/interfaces/lib/libinterfaces__rosidl_typesupport_introspection_cpp.so" to ""
[25.746s] -- Installing: /home/javierfr/Tesis_ws/V1/install/interfaces/lib/libinterfaces__rosidl_typesupport_cpp.so
[25.748s] -- Set runtime path of "/home/javierfr/Tesis_ws/V1/install/interfaces/lib/libinterfaces__rosidl_typesupport_cpp.so" to ""
[25.748s] -- Up-to-date: /home/javierfr/Tesis_ws/V1/install/interfaces/share/interfaces/environment/pythonpath.sh
[25.749s] -- Installing: /home/javierfr/Tesis_ws/V1/install/interfaces/share/interfaces/environment/pythonpath.dsv
[25.749s] -- Installing: /home/javierfr/Tesis_ws/V1/install/interfaces/lib/python3.8/site-packages/interfaces/__init__.py
[25.836s] Compiling '/home/javierfr/Tesis_ws/V1/install/interfaces/lib/python3.8/site-packages/interfaces/__init__.py'...
[25.839s] -- Up-to-date: /home/javierfr/Tesis_ws/V1/install/interfaces/lib/python3.8/site-packages/interfaces/srv
[25.839s] -- Installing: /home/javierfr/Tesis_ws/V1/install/interfaces/lib/python3.8/site-packages/interfaces/srv/__init__.py
[25.839s] -- Installing: /home/javierfr/Tesis_ws/V1/install/interfaces/lib/python3.8/site-packages/interfaces/srv/_platform_vel_s.c
[25.840s] -- Installing: /home/javierfr/Tesis_ws/V1/install/interfaces/lib/python3.8/site-packages/interfaces/srv/_control_pid_start_s.c
[25.840s] -- Installing: /home/javierfr/Tesis_ws/V1/install/interfaces/lib/python3.8/site-packages/interfaces/srv/_platform_vel.py
[25.840s] -- Installing: /home/javierfr/Tesis_ws/V1/install/interfaces/lib/python3.8/site-packages/interfaces/srv/_control_pid_start.py
[25.840s] -- Up-to-date: /home/javierfr/Tesis_ws/V1/install/interfaces/lib/python3.8/site-packages/interfaces/msg
[25.840s] -- Installing: /home/javierfr/Tesis_ws/V1/install/interfaces/lib/python3.8/site-packages/interfaces/msg/_img_data_s.c
[25.840s] -- Installing: /home/javierfr/Tesis_ws/V1/install/interfaces/lib/python3.8/site-packages/interfaces/msg/__init__.py
[25.840s] -- Installing: /home/javierfr/Tesis_ws/V1/install/interfaces/lib/python3.8/site-packages/interfaces/msg/_img_data.py
[25.840s] -- Installing: /home/javierfr/Tesis_ws/V1/install/interfaces/lib/python3.8/site-packages/interfaces/msg/_motor_vels.py
[25.840s] -- Installing: /home/javierfr/Tesis_ws/V1/install/interfaces/lib/python3.8/site-packages/interfaces/msg/_motor_vels_s.c
[25.868s] -- Installing: /home/javierfr/Tesis_ws/V1/install/interfaces/lib/python3.8/site-packages/interfaces/interfaces_s__rosidl_typesupport_fastrtps_c.cpython-38-x86_64-linux-gnu.so
[25.871s] -- Set runtime path of "/home/javierfr/Tesis_ws/V1/install/interfaces/lib/python3.8/site-packages/interfaces/interfaces_s__rosidl_typesupport_fastrtps_c.cpython-38-x86_64-linux-gnu.so" to ""
[25.879s] -- Installing: /home/javierfr/Tesis_ws/V1/install/interfaces/lib/python3.8/site-packages/interfaces/interfaces_s__rosidl_typesupport_introspection_c.cpython-38-x86_64-linux-gnu.so
[25.882s] -- Set runtime path of "/home/javierfr/Tesis_ws/V1/install/interfaces/lib/python3.8/site-packages/interfaces/interfaces_s__rosidl_typesupport_introspection_c.cpython-38-x86_64-linux-gnu.so" to ""
[25.891s] -- Installing: /home/javierfr/Tesis_ws/V1/install/interfaces/lib/python3.8/site-packages/interfaces/interfaces_s__rosidl_typesupport_c.cpython-38-x86_64-linux-gnu.so
[25.893s] -- Set runtime path of "/home/javierfr/Tesis_ws/V1/install/interfaces/lib/python3.8/site-packages/interfaces/interfaces_s__rosidl_typesupport_c.cpython-38-x86_64-linux-gnu.so" to ""
[25.894s] -- Installing: /home/javierfr/Tesis_ws/V1/install/interfaces/lib/libinterfaces__python.so
[25.896s] -- Set runtime path of "/home/javierfr/Tesis_ws/V1/install/interfaces/lib/libinterfaces__python.so" to ""
[25.897s] -- Up-to-date: /home/javierfr/Tesis_ws/V1/install/interfaces/share/interfaces/srv/PlatformVel.idl
[25.897s] -- Up-to-date: /home/javierfr/Tesis_ws/V1/install/interfaces/share/interfaces/msg/MotorVels.idl
[25.898s] -- Up-to-date: /home/javierfr/Tesis_ws/V1/install/interfaces/share/interfaces/msg/ImgData.idl
[25.899s] -- Installing: /home/javierfr/Tesis_ws/V1/install/interfaces/share/interfaces/srv/ControlPidStart.idl
[25.899s] -- Up-to-date: /home/javierfr/Tesis_ws/V1/install/interfaces/share/interfaces/srv/PlatformVel.srv
[25.900s] -- Up-to-date: /home/javierfr/Tesis_ws/V1/install/interfaces/share/interfaces/srv/PlatformVel_Request.msg
[25.900s] -- Up-to-date: /home/javierfr/Tesis_ws/V1/install/interfaces/share/interfaces/srv/PlatformVel_Response.msg
[25.900s] -- Up-to-date: /home/javierfr/Tesis_ws/V1/install/interfaces/share/interfaces/msg/MotorVels.msg
[25.901s] -- Up-to-date: /home/javierfr/Tesis_ws/V1/install/interfaces/share/interfaces/msg/ImgData.msg
[25.901s] -- Installing: /home/javierfr/Tesis_ws/V1/install/interfaces/share/interfaces/srv/ControlPidStart.srv
[25.901s] -- Installing: /home/javierfr/Tesis_ws/V1/install/interfaces/share/interfaces/srv/ControlPidStart_Request.msg
[25.902s] -- Installing: /home/javierfr/Tesis_ws/V1/install/interfaces/share/interfaces/srv/ControlPidStart_Response.msg
[25.902s] -- Up-to-date: /home/javierfr/Tesis_ws/V1/install/interfaces/share/ament_index/resource_index/package_run_dependencies/interfaces
[25.903s] -- Installing: /home/javierfr/Tesis_ws/V1/install/interfaces/share/ament_index/resource_index/parent_prefix_path/interfaces
[25.903s] -- Up-to-date: /home/javierfr/Tesis_ws/V1/install/interfaces/share/interfaces/environment/ament_prefix_path.sh
[25.903s] -- Installing: /home/javierfr/Tesis_ws/V1/install/interfaces/share/interfaces/environment/ament_prefix_path.dsv
[25.904s] -- Up-to-date: /home/javierfr/Tesis_ws/V1/install/interfaces/share/interfaces/environment/path.sh
[25.904s] -- Installing: /home/javierfr/Tesis_ws/V1/install/interfaces/share/interfaces/environment/path.dsv
[25.905s] -- Up-to-date: /home/javierfr/Tesis_ws/V1/install/interfaces/share/interfaces/local_setup.bash
[25.905s] -- Up-to-date: /home/javierfr/Tesis_ws/V1/install/interfaces/share/interfaces/local_setup.sh
[25.905s] -- Up-to-date: /home/javierfr/Tesis_ws/V1/install/interfaces/share/interfaces/local_setup.zsh
[25.905s] -- Installing: /home/javierfr/Tesis_ws/V1/install/interfaces/share/interfaces/local_setup.dsv
[25.906s] -- Installing: /home/javierfr/Tesis_ws/V1/install/interfaces/share/interfaces/package.dsv
[25.906s] -- Up-to-date: /home/javierfr/Tesis_ws/V1/install/interfaces/share/ament_index/resource_index/packages/interfaces
[25.917s] -- Up-to-date: /home/javierfr/Tesis_ws/V1/install/interfaces/share/interfaces/cmake/interfaces__rosidl_generator_cExport.cmake
[25.918s] -- Installing: /home/javierfr/Tesis_ws/V1/install/interfaces/share/interfaces/cmake/interfaces__rosidl_generator_cExport-noconfig.cmake
[25.919s] -- Up-to-date: /home/javierfr/Tesis_ws/V1/install/interfaces/share/interfaces/cmake/interfaces__rosidl_typesupport_introspection_cExport.cmake
[25.919s] -- Installing: /home/javierfr/Tesis_ws/V1/install/interfaces/share/interfaces/cmake/interfaces__rosidl_typesupport_introspection_cExport-noconfig.cmake
[25.920s] -- Up-to-date: /home/javierfr/Tesis_ws/V1/install/interfaces/share/interfaces/cmake/interfaces__rosidl_typesupport_cExport.cmake
[25.921s] -- Installing: /home/javierfr/Tesis_ws/V1/install/interfaces/share/interfaces/cmake/interfaces__rosidl_typesupport_cExport-noconfig.cmake
[25.922s] -- Up-to-date: /home/javierfr/Tesis_ws/V1/install/interfaces/share/interfaces/cmake/interfaces__rosidl_generator_cppExport.cmake
[25.923s] -- Up-to-date: /home/javierfr/Tesis_ws/V1/install/interfaces/share/interfaces/cmake/interfaces__rosidl_typesupport_introspection_cppExport.cmake
[25.923s] -- Installing: /home/javierfr/Tesis_ws/V1/install/interfaces/share/interfaces/cmake/interfaces__rosidl_typesupport_introspection_cppExport-noconfig.cmake
[25.925s] -- Up-to-date: /home/javierfr/Tesis_ws/V1/install/interfaces/share/interfaces/cmake/interfaces__rosidl_typesupport_cppExport.cmake
[25.925s] -- Installing: /home/javierfr/Tesis_ws/V1/install/interfaces/share/interfaces/cmake/interfaces__rosidl_typesupport_cppExport-noconfig.cmake
[25.926s] -- Installing: /home/javierfr/Tesis_ws/V1/install/interfaces/share/interfaces/cmake/rosidl_cmake-extras.cmake
[25.927s] -- Up-to-date: /home/javierfr/Tesis_ws/V1/install/interfaces/share/interfaces/cmake/ament_cmake_export_dependencies-extras.cmake
[25.927s] -- Up-to-date: /home/javierfr/Tesis_ws/V1/install/interfaces/share/interfaces/cmake/ament_cmake_export_libraries-extras.cmake
[25.928s] -- Up-to-date: /home/javierfr/Tesis_ws/V1/install/interfaces/share/interfaces/cmake/ament_cmake_export_targets-extras.cmake
[25.928s] -- Up-to-date: /home/javierfr/Tesis_ws/V1/install/interfaces/share/interfaces/cmake/ament_cmake_export_include_directories-extras.cmake
[25.928s] -- Up-to-date: /home/javierfr/Tesis_ws/V1/install/interfaces/share/interfaces/cmake/rosidl_cmake_export_typesupport_libraries-extras.cmake
[25.929s] -- Up-to-date: /home/javierfr/Tesis_ws/V1/install/interfaces/share/interfaces/cmake/rosidl_cmake_export_typesupport_targets-extras.cmake
[25.929s] -- Up-to-date: /home/javierfr/Tesis_ws/V1/install/interfaces/share/interfaces/cmake/interfacesConfig.cmake
[25.929s] -- Up-to-date: /home/javierfr/Tesis_ws/V1/install/interfaces/share/interfaces/cmake/interfacesConfig-version.cmake
[25.929s] -- Up-to-date: /home/javierfr/Tesis_ws/V1/install/interfaces/share/interfaces/package.xml
[25.938s] Invoked command in '/home/javierfr/Tesis_ws/V1/build/interfaces' returned '0': CMAKE_PREFIX_PATH=/opt/ros/foxy /usr/bin/cmake --install /home/javierfr/Tesis_ws/V1/build/interfaces
