[0.012s] Invoking command in '/home/javierfr/Tesis_ws/V1/build/control_pkg': CMAKE_PREFIX_PATH=/home/javierfr/Tesis_ws/V1/install/interfaces:/home/javierfr/Tesis_ws/V1/install/inv_kinematics_pkg:/home/javierfr/Tesis_ws/V1/install/control_pkg:/home/javierfr/Tesis_ws/V1/install/img_proc_pkg:/home/javierfr/Tesis_ws/V1/install/gazebo_plugin_sim:/opt/ros/foxy LD_LIBRARY_PATH=/home/javierfr/Tesis_ws/V1/install/interfaces/lib:/home/javierfr/Tesis_ws/V1/install/gazebo_plugin_sim/lib:/opt/ros/foxy/opt/yaml_cpp_vendor/lib:/opt/ros/foxy/opt/rviz_ogre_vendor/lib:/opt/ros/foxy/lib/x86_64-linux-gnu:/opt/ros/foxy/lib:/usr/lib/x86_64-linux-gnu/gazebo-11/plugins:/usr/lib/x86_64-linux-gnu/gazebo-11/plugins /usr/bin/cmake --build /home/javierfr/Tesis_ws/V1/build/control_pkg -- -j12 -l12
[0.050s] [35m[1mScanning dependencies of target control_pid_r1_node[0m
[0.072s] [ 37%] Built target control_pid_p1_node
[0.072s] [ 50%] Built target control_pid_r2_node
[0.072s] [ 75%] Built target control_pid_p2_node
[0.084s] [ 87%] [32mBuilding CXX object CMakeFiles/control_pid_r1_node.dir/src/control_pid_r1_node.cpp.o[0m
[9.113s] [100%] [32m[1mLinking CXX executable control_pid_r1_node[0m
[9.618s] [100%] Built target control_pid_r1_node
[9.628s] Invoked command in '/home/javierfr/Tesis_ws/V1/build/control_pkg' returned '0': CMAKE_PREFIX_PATH=/home/javierfr/Tesis_ws/V1/install/interfaces:/home/javierfr/Tesis_ws/V1/install/inv_kinematics_pkg:/home/javierfr/Tesis_ws/V1/install/control_pkg:/home/javierfr/Tesis_ws/V1/install/img_proc_pkg:/home/javierfr/Tesis_ws/V1/install/gazebo_plugin_sim:/opt/ros/foxy LD_LIBRARY_PATH=/home/javierfr/Tesis_ws/V1/install/interfaces/lib:/home/javierfr/Tesis_ws/V1/install/gazebo_plugin_sim/lib:/opt/ros/foxy/opt/yaml_cpp_vendor/lib:/opt/ros/foxy/opt/rviz_ogre_vendor/lib:/opt/ros/foxy/lib/x86_64-linux-gnu:/opt/ros/foxy/lib:/usr/lib/x86_64-linux-gnu/gazebo-11/plugins:/usr/lib/x86_64-linux-gnu/gazebo-11/plugins /usr/bin/cmake --build /home/javierfr/Tesis_ws/V1/build/control_pkg -- -j12 -l12
[9.655s] Invoking command in '/home/javierfr/Tesis_ws/V1/build/control_pkg': CMAKE_PREFIX_PATH=/home/javierfr/Tesis_ws/V1/install/interfaces:/home/javierfr/Tesis_ws/V1/install/inv_kinematics_pkg:/home/javierfr/Tesis_ws/V1/install/control_pkg:/home/javierfr/Tesis_ws/V1/install/img_proc_pkg:/home/javierfr/Tesis_ws/V1/install/gazebo_plugin_sim:/opt/ros/foxy LD_LIBRARY_PATH=/home/javierfr/Tesis_ws/V1/install/interfaces/lib:/home/javierfr/Tesis_ws/V1/install/gazebo_plugin_sim/lib:/opt/ros/foxy/opt/yaml_cpp_vendor/lib:/opt/ros/foxy/opt/rviz_ogre_vendor/lib:/opt/ros/foxy/lib/x86_64-linux-gnu:/opt/ros/foxy/lib:/usr/lib/x86_64-linux-gnu/gazebo-11/plugins:/usr/lib/x86_64-linux-gnu/gazebo-11/plugins /usr/bin/cmake --install /home/javierfr/Tesis_ws/V1/build/control_pkg
[9.664s] -- Install configuration: ""
[9.664s] -- Up-to-date: /home/javierfr/Tesis_ws/V1/install/control_pkg/lib/control_pkg/control_pid_p1_node
[9.664s] -- Up-to-date: /home/javierfr/Tesis_ws/V1/install/control_pkg/lib/control_pkg/control_pid_p2_node
[9.664s] -- Installing: /home/javierfr/Tesis_ws/V1/install/control_pkg/lib/control_pkg/control_pid_r1_node
[9.669s] -- Set runtime path of "/home/javierfr/Tesis_ws/V1/install/control_pkg/lib/control_pkg/control_pid_r1_node" to ""
[9.669s] -- Up-to-date: /home/javierfr/Tesis_ws/V1/install/control_pkg/lib/control_pkg/control_pid_r2_node
[9.669s] -- Up-to-date: /home/javierfr/Tesis_ws/V1/install/control_pkg/share/ament_index/resource_index/package_run_dependencies/control_pkg
[9.669s] -- Up-to-date: /home/javierfr/Tesis_ws/V1/install/control_pkg/share/ament_index/resource_index/parent_prefix_path/control_pkg
[9.669s] -- Up-to-date: /home/javierfr/Tesis_ws/V1/install/control_pkg/share/control_pkg/environment/ament_prefix_path.sh
[9.669s] -- Up-to-date: /home/javierfr/Tesis_ws/V1/install/control_pkg/share/control_pkg/environment/ament_prefix_path.dsv
[9.669s] -- Up-to-date: /home/javierfr/Tesis_ws/V1/install/control_pkg/share/control_pkg/environment/path.sh
[9.669s] -- Up-to-date: /home/javierfr/Tesis_ws/V1/install/control_pkg/share/control_pkg/environment/path.dsv
[9.669s] -- Up-to-date: /home/javierfr/Tesis_ws/V1/install/control_pkg/share/control_pkg/local_setup.bash
[9.670s] -- Up-to-date: /home/javierfr/Tesis_ws/V1/install/control_pkg/share/control_pkg/local_setup.sh
[9.670s] -- Up-to-date: /home/javierfr/Tesis_ws/V1/install/control_pkg/share/control_pkg/local_setup.zsh
[9.670s] -- Up-to-date: /home/javierfr/Tesis_ws/V1/install/control_pkg/share/control_pkg/local_setup.dsv
[9.670s] -- Installing: /home/javierfr/Tesis_ws/V1/install/control_pkg/share/control_pkg/package.dsv
[9.670s] -- Up-to-date: /home/javierfr/Tesis_ws/V1/install/control_pkg/share/ament_index/resource_index/packages/control_pkg
[9.670s] -- Up-to-date: /home/javierfr/Tesis_ws/V1/install/control_pkg/share/control_pkg/cmake/control_pkgConfig.cmake
[9.670s] -- Up-to-date: /home/javierfr/Tesis_ws/V1/install/control_pkg/share/control_pkg/cmake/control_pkgConfig-version.cmake
[9.670s] -- Up-to-date: /home/javierfr/Tesis_ws/V1/install/control_pkg/share/control_pkg/package.xml
[9.672s] Invoked command in '/home/javierfr/Tesis_ws/V1/build/control_pkg' returned '0': CMAKE_PREFIX_PATH=/home/javierfr/Tesis_ws/V1/install/interfaces:/home/javierfr/Tesis_ws/V1/install/inv_kinematics_pkg:/home/javierfr/Tesis_ws/V1/install/control_pkg:/home/javierfr/Tesis_ws/V1/install/img_proc_pkg:/home/javierfr/Tesis_ws/V1/install/gazebo_plugin_sim:/opt/ros/foxy LD_LIBRARY_PATH=/home/javierfr/Tesis_ws/V1/install/interfaces/lib:/home/javierfr/Tesis_ws/V1/install/gazebo_plugin_sim/lib:/opt/ros/foxy/opt/yaml_cpp_vendor/lib:/opt/ros/foxy/opt/rviz_ogre_vendor/lib:/opt/ros/foxy/lib/x86_64-linux-gnu:/opt/ros/foxy/lib:/usr/lib/x86_64-linux-gnu/gazebo-11/plugins:/usr/lib/x86_64-linux-gnu/gazebo-11/plugins /usr/bin/cmake --install /home/javierfr/Tesis_ws/V1/build/control_pkg
