[0.007s] Invoking command in '/home/javierfr/Tesis_ws/V1/build/sim_pkg': CMAKE_PREFIX_PATH=${CMAKE_PREFIX_PATH}:/opt/ros/foxy LD_LIBRARY_PATH=/home/javierfr/Tesis_ws/V1/install/interfaces/lib:/opt/ros/foxy/opt/yaml_cpp_vendor/lib:/opt/ros/foxy/opt/rviz_ogre_vendor/lib:/opt/ros/foxy/lib/x86_64-linux-gnu:/opt/ros/foxy/lib:/usr/lib/x86_64-linux-gnu/gazebo-11/plugins:/usr/lib/x86_64-linux-gnu/gazebo-11/plugins /usr/bin/cmake --build /home/javierfr/Tesis_ws/V1/build/sim_pkg -- -j12 -l12
[0.037s] [35m[1mScanning dependencies of target plat1_send_vel_node[0m
[0.057s] [ 50%] [32mBuilding CXX object CMakeFiles/plat1_send_vel_node.dir/src/plat1_send_vel_node.cpp.o[0m
[1.388s] /home/javierfr/Tesis_ws/V1/src/sim_pkg/src/plat1_send_vel_node.cpp: In function ‘void setvel(std::shared_ptr<interfaces::srv::Platform1Vel_Request_<std::allocator<void> > >)’:
[1.388s] /home/javierfr/Tesis_ws/V1/src/sim_pkg/src/plat1_send_vel_node.cpp:8:10: warning: unused variable ‘xvel’ [-Wunused-variable]
[1.388s]     8 |   double xvel = request->x_vel;
[1.388s]       |          ^~~~
[1.389s] In file included from /opt/ros/foxy/include/rclcpp/node_impl.hpp:40,
[1.389s]                  from /opt/ros/foxy/include/rclcpp/node.hpp:1221,
[1.389s]                  from /opt/ros/foxy/include/rclcpp/executors/single_threaded_executor.hpp:28,
[1.389s]                  from /opt/ros/foxy/include/rclcpp/executors.hpp:22,
[1.389s]                  from /opt/ros/foxy/include/rclcpp/rclcpp.hpp:146,
[1.389s]                  from /home/javierfr/Tesis_ws/V1/src/sim_pkg/src/plat1_send_vel_node.cpp:1:
[1.389s] /opt/ros/foxy/include/rclcpp/create_service.hpp: In instantiation of ‘typename rclcpp::Service<ServiceT>::SharedPtr rclcpp::create_service(std::shared_ptr<rclcpp::node_interfaces::NodeBaseInterface>, std::shared_ptr<rclcpp::node_interfaces::NodeServicesInterface>, const string&, CallbackT&&, const rmw_qos_profile_t&, rclcpp::CallbackGroup::SharedPtr) [with ServiceT = interfaces::srv::Platform1Vel; CallbackT = void (*)(std::shared_ptr<interfaces::srv::Platform1Vel_Request_<std::allocator<void> > >); typename rclcpp::Service<ServiceT>::SharedPtr = std::shared_ptr<rclcpp::Service<interfaces::srv::Platform1Vel> >; std::string = std::__cxx11::basic_string<char>; rmw_qos_profile_t = rmw_qos_profile_t; rclcpp::CallbackGroup::SharedPtr = std::shared_ptr<rclcpp::CallbackGroup>]’:
[1.389s] /opt/ros/foxy/include/rclcpp/node_impl.hpp:146:53:   required from ‘typename rclcpp::Service<ServiceT>::SharedPtr rclcpp::Node::create_service(const string&, CallbackT&&, const rmw_qos_profile_t&, rclcpp::CallbackGroup::SharedPtr) [with ServiceT = interfaces::srv::Platform1Vel; CallbackT = void (*)(std::shared_ptr<interfaces::srv::Platform1Vel_Request_<std::allocator<void> > >); typename rclcpp::Service<ServiceT>::SharedPtr = std::shared_ptr<rclcpp::Service<interfaces::srv::Platform1Vel> >; std::string = std::__cxx11::basic_string<char>; rmw_qos_profile_t = rmw_qos_profile_t; rclcpp::CallbackGroup::SharedPtr = std::shared_ptr<rclcpp::CallbackGroup>]’
[1.389s] /home/javierfr/Tesis_ws/V1/src/sim_pkg/src/plat1_send_vel_node.cpp:21:82:   required from here
[1.389s] /opt/ros/foxy/include/rclcpp/create_service.hpp:43:3: error: no matching function for call to ‘rclcpp::AnyServiceCallback<interfaces::srv::Platform1Vel>::set(void (*)(std::shared_ptr<interfaces::srv::Platform1Vel_Request_<std::allocator<void> > >))’
[1.389s]    43 |   any_service_callback.set(std::forward<CallbackT>(callback));
[1.389s]       |   ^~~~~~~~~~~~~~~~~~~~
[1.389s] In file included from /opt/ros/foxy/include/rclcpp/service.hpp:28,
[1.389s]                  from /opt/ros/foxy/include/rclcpp/callback_group.hpp:25,
[1.389s]                  from /opt/ros/foxy/include/rclcpp/any_executable.hpp:20,
[1.390s]                  from /opt/ros/foxy/include/rclcpp/memory_strategy.hpp:24,
[1.390s]                  from /opt/ros/foxy/include/rclcpp/memory_strategies.hpp:18,
[1.390s]                  from /opt/ros/foxy/include/rclcpp/executor_options.hpp:20,
[1.390s]                  from /opt/ros/foxy/include/rclcpp/executor.hpp:33,
[1.390s]                  from /opt/ros/foxy/include/rclcpp/executors/multi_threaded_executor.hpp:25,
[1.390s]                  from /opt/ros/foxy/include/rclcpp/executors.hpp:21,
[1.390s]                  from /opt/ros/foxy/include/rclcpp/rclcpp.hpp:146,
[1.390s]                  from /home/javierfr/Tesis_ws/V1/src/sim_pkg/src/plat1_send_vel_node.cpp:1:
[1.390s] /opt/ros/foxy/include/rclcpp/any_service_callback.hpp:67:8: note: candidate: ‘template<class CallbackT, typename std::enable_if<rclcpp::function_traits::same_arguments<CallbackT, std::function<void(std::shared_ptr<interfaces::srv::Platform1Vel_Request_<std::allocator<void> > >, std::shared_ptr<interfaces::srv::Platform1Vel_Response_<std::allocator<void> > >)> >::value, void>::type* <anonymous> > void rclcpp::AnyServiceCallback<ServiceT>::set(CallbackT) [with CallbackT = CallbackT; typename std::enable_if<rclcpp::function_traits::same_arguments<CallbackT, std::function<void(std::shared_ptr<typename ServiceT::Request>, std::shared_ptr<typename ServiceT::Response>)> >::value>::type* <anonymous> = <enumerator>; ServiceT = interfaces::srv::Platform1Vel]’
[1.391s]    67 |   void set(CallbackT callback)
[1.391s]       |        ^~~
[1.391s] /opt/ros/foxy/include/rclcpp/any_service_callback.hpp:67:8: note:   template argument deduction/substitution failed:
[1.392s] /opt/ros/foxy/include/rclcpp/any_service_callback.hpp:65:17: error: no type named ‘type’ in ‘struct std::enable_if<false, void>’
[1.392s]    65 |     >::type * = nullptr
[1.392s]       |                 ^~~~~~~
[1.392s] /opt/ros/foxy/include/rclcpp/any_service_callback.hpp:81:8: note: candidate: ‘template<class CallbackT, typename std::enable_if<rclcpp::function_traits::same_arguments<CallbackT, std::function<void(std::shared_ptr<rmw_request_id_t>, std::shared_ptr<interfaces::srv::Platform1Vel_Request_<std::allocator<void> > >, std::shared_ptr<interfaces::srv::Platform1Vel_Response_<std::allocator<void> > >)> >::value, void>::type* <anonymous> > void rclcpp::AnyServiceCallback<ServiceT>::set(CallbackT) [with CallbackT = CallbackT; typename std::enable_if<rclcpp::function_traits::same_arguments<CallbackT, std::function<void(std::shared_ptr<rmw_request_id_t>, std::shared_ptr<typename ServiceT::Request>, std::shared_ptr<typename ServiceT::Response>)> >::value>::type* <anonymous> = <enumerator>; ServiceT = interfaces::srv::Platform1Vel]’
[1.393s]    81 |   void set(CallbackT callback)
[1.393s]       |        ^~~
[1.393s] /opt/ros/foxy/include/rclcpp/any_service_callback.hpp:81:8: note:   template argument deduction/substitution failed:
[1.393s] /opt/ros/foxy/include/rclcpp/any_service_callback.hpp:79:17: error: no type named ‘type’ in ‘struct std::enable_if<false, void>’
[1.393s]    79 |     >::type * = nullptr
[1.393s]       |                 ^~~~~~~
[1.393s] make[2]: *** [CMakeFiles/plat1_send_vel_node.dir/build.make:63: CMakeFiles/plat1_send_vel_node.dir/src/plat1_send_vel_node.cpp.o] Error 1
[1.393s] make[1]: *** [CMakeFiles/Makefile2:78: CMakeFiles/plat1_send_vel_node.dir/all] Error 2
[1.394s] make: *** [Makefile:141: all] Error 2
[1.394s] Invoked command in '/home/javierfr/Tesis_ws/V1/build/sim_pkg' returned '2': CMAKE_PREFIX_PATH=${CMAKE_PREFIX_PATH}:/opt/ros/foxy LD_LIBRARY_PATH=/home/javierfr/Tesis_ws/V1/install/interfaces/lib:/opt/ros/foxy/opt/yaml_cpp_vendor/lib:/opt/ros/foxy/opt/rviz_ogre_vendor/lib:/opt/ros/foxy/lib/x86_64-linux-gnu:/opt/ros/foxy/lib:/usr/lib/x86_64-linux-gnu/gazebo-11/plugins:/usr/lib/x86_64-linux-gnu/gazebo-11/plugins /usr/bin/cmake --build /home/javierfr/Tesis_ws/V1/build/sim_pkg -- -j12 -l12
