[0.014s] Invoking command in '/home/javierfr/Tesis_ws/V1/build/img_proc_pkg': CMAKE_PREFIX_PATH=/opt/ros/foxy /usr/bin/cmake --build /home/javierfr/Tesis_ws/V1/build/img_proc_pkg -- -j12 -l12
[0.047s] [35m[1mScanning dependencies of target img_subs_test_node[0m
[0.059s] [ 33%] Built target img_proc_node
[0.062s] [ 66%] Built target img_publ_test_node
[0.073s] [ 83%] [32mBuilding CXX object CMakeFiles/img_subs_test_node.dir/src/img_subs_test_node.cpp.o[0m
[1.223s] [01m[K/home/javierfr/Tesis_ws/V1/src/img_proc_pkg/src/img_subs_test_node.cpp:[m[K In member function ‘[01m[Kvoid Img_Subs_Test_Node::topic_callback(sensor_msgs::msg::Image_<std::allocator<void> >::SharedPtr) const[m[K’:
[1.223s] [01m[K/home/javierfr/Tesis_ws/V1/src/img_proc_pkg/src/img_subs_test_node.cpp:44:20:[m[K [01;31m[Kerror: [m[Kno match for ‘[01m[Koperator=[m[K’ (operand types are ‘[01m[Kcv_bridge::CvImage[m[K’ and ‘[01m[Kconst SharedPtr[m[K’ {aka ‘[01m[Kconst std::shared_ptr<sensor_msgs::msg::Image_<std::allocator<void> > >[m[K’})
[1.223s]    44 |       image_bridge=[01;31m[Kmsg[m[K;
[1.223s]       |                    [01;31m[K^~~[m[K
[1.223s] In file included from [01m[K/home/javierfr/Tesis_ws/V1/src/img_proc_pkg/src/img_subs_test_node.cpp:20[m[K:
[1.223s] [01m[K/opt/ros/foxy/include/cv_bridge/cv_bridge.h:83:24:[m[K [01;36m[Knote: [m[Kcandidate: ‘[01m[Kcv_bridge::CvImage& cv_bridge::CvImage::operator=(const cv_bridge::CvImage&)[m[K’
[1.223s]    83 | class CV_BRIDGE_EXPORT [01;36m[KCvImage[m[K
[1.223s]       |                        [01;36m[K^~~~~~~[m[K
[1.224s] [01m[K/opt/ros/foxy/include/cv_bridge/cv_bridge.h:83:24:[m[K [01;36m[Knote: [m[K  no known conversion for argument 1 from ‘[01m[Kconst SharedPtr[m[K’ {aka ‘[01m[Kconst std::shared_ptr<sensor_msgs::msg::Image_<std::allocator<void> > >[m[K’} to ‘[01m[Kconst cv_bridge::CvImage&[m[K’
[1.224s] [01m[K/opt/ros/foxy/include/cv_bridge/cv_bridge.h:83:24:[m[K [01;36m[Knote: [m[Kcandidate: ‘[01m[Kcv_bridge::CvImage& cv_bridge::CvImage::operator=(cv_bridge::CvImage&&)[m[K’
[1.224s] [01m[K/opt/ros/foxy/include/cv_bridge/cv_bridge.h:83:24:[m[K [01;36m[Knote: [m[K  no known conversion for argument 1 from ‘[01m[Kconst SharedPtr[m[K’ {aka ‘[01m[Kconst std::shared_ptr<sensor_msgs::msg::Image_<std::allocator<void> > >[m[K’} to ‘[01m[Kcv_bridge::CvImage&&[m[K’
[2.281s] make[2]: *** [CMakeFiles/img_subs_test_node.dir/build.make:63: CMakeFiles/img_subs_test_node.dir/src/img_subs_test_node.cpp.o] Error 1
[2.281s] make[1]: *** [CMakeFiles/Makefile2:82: CMakeFiles/img_subs_test_node.dir/all] Error 2
[2.281s] make: *** [Makefile:141: all] Error 2
[2.283s] Invoked command in '/home/javierfr/Tesis_ws/V1/build/img_proc_pkg' returned '2': CMAKE_PREFIX_PATH=/opt/ros/foxy /usr/bin/cmake --build /home/javierfr/Tesis_ws/V1/build/img_proc_pkg -- -j12 -l12
