[0.061s] Invoking command in '/home/duvanmarrugo/Robotics_Cyber_Physical_LAB/build/inv_kinematics_pkg': CMAKE_PREFIX_PATH=/home/duvanmarrugo/Robotics_Cyber_Physical_LAB/install/interfaces:/home/duvanmarrugo/Robotics_Cyber_Physical_LAB/install/img_proc_pkg:/home/duvanmarrugo/ros2_ws/install/my_cpp_pkg:/home/duvanmarrugo/ros2_ws/install/my_py_pkg:/opt/ros/foxy LD_LIBRARY_PATH=/home/duvanmarrugo/Robotics_Cyber_Physical_LAB/install/interfaces/lib:/usr/lib/x86_64-linux-gnu/gazebo-11/plugins:/opt/ros/foxy/opt/yaml_cpp_vendor/lib:/opt/ros/foxy/opt/rviz_ogre_vendor/lib:/opt/ros/foxy/lib/x86_64-linux-gnu:/opt/ros/foxy/lib /usr/bin/cmake --build /home/duvanmarrugo/Robotics_Cyber_Physical_LAB/build/inv_kinematics_pkg -- -j4 -l4
[0.229s] [ 16%] Built target platform1_vel_server
[0.232s] [ 33%] Built target robot1_vel_server
[0.246s] [ 50%] Built target platform2_vel_server
[0.266s] [ 66%] Built target platform2_vel_test_client
[0.309s] [ 83%] Built target robot2_vel_server
[0.318s] [100%] Built target platform1_vel_test_client
[0.346s] Invoked command in '/home/duvanmarrugo/Robotics_Cyber_Physical_LAB/build/inv_kinematics_pkg' returned '0': CMAKE_PREFIX_PATH=/home/duvanmarrugo/Robotics_Cyber_Physical_LAB/install/interfaces:/home/duvanmarrugo/Robotics_Cyber_Physical_LAB/install/img_proc_pkg:/home/duvanmarrugo/ros2_ws/install/my_cpp_pkg:/home/duvanmarrugo/ros2_ws/install/my_py_pkg:/opt/ros/foxy LD_LIBRARY_PATH=/home/duvanmarrugo/Robotics_Cyber_Physical_LAB/install/interfaces/lib:/usr/lib/x86_64-linux-gnu/gazebo-11/plugins:/opt/ros/foxy/opt/yaml_cpp_vendor/lib:/opt/ros/foxy/opt/rviz_ogre_vendor/lib:/opt/ros/foxy/lib/x86_64-linux-gnu:/opt/ros/foxy/lib /usr/bin/cmake --build /home/duvanmarrugo/Robotics_Cyber_Physical_LAB/build/inv_kinematics_pkg -- -j4 -l4
[0.449s] Invoking command in '/home/duvanmarrugo/Robotics_Cyber_Physical_LAB/build/inv_kinematics_pkg': CMAKE_PREFIX_PATH=/home/duvanmarrugo/Robotics_Cyber_Physical_LAB/install/interfaces:/home/duvanmarrugo/Robotics_Cyber_Physical_LAB/install/img_proc_pkg:/home/duvanmarrugo/ros2_ws/install/my_cpp_pkg:/home/duvanmarrugo/ros2_ws/install/my_py_pkg:/opt/ros/foxy LD_LIBRARY_PATH=/home/duvanmarrugo/Robotics_Cyber_Physical_LAB/install/interfaces/lib:/usr/lib/x86_64-linux-gnu/gazebo-11/plugins:/opt/ros/foxy/opt/yaml_cpp_vendor/lib:/opt/ros/foxy/opt/rviz_ogre_vendor/lib:/opt/ros/foxy/lib/x86_64-linux-gnu:/opt/ros/foxy/lib /usr/bin/cmake --install /home/duvanmarrugo/Robotics_Cyber_Physical_LAB/build/inv_kinematics_pkg
[0.464s] -- Install configuration: ""
[0.465s] -- Installing: /home/duvanmarrugo/Robotics_Cyber_Physical_LAB/install/inv_kinematics_pkg/lib/inv_kinematics_pkg/platform1_vel_server
[0.467s] -- Set runtime path of "/home/duvanmarrugo/Robotics_Cyber_Physical_LAB/install/inv_kinematics_pkg/lib/inv_kinematics_pkg/platform1_vel_server" to ""
[0.467s] -- Installing: /home/duvanmarrugo/Robotics_Cyber_Physical_LAB/install/inv_kinematics_pkg/lib/inv_kinematics_pkg/platform1_vel_test_client
[0.468s] -- Set runtime path of "/home/duvanmarrugo/Robotics_Cyber_Physical_LAB/install/inv_kinematics_pkg/lib/inv_kinematics_pkg/platform1_vel_test_client" to ""
[0.469s] -- Installing: /home/duvanmarrugo/Robotics_Cyber_Physical_LAB/install/inv_kinematics_pkg/lib/inv_kinematics_pkg/platform2_vel_server
[0.470s] -- Set runtime path of "/home/duvanmarrugo/Robotics_Cyber_Physical_LAB/install/inv_kinematics_pkg/lib/inv_kinematics_pkg/platform2_vel_server" to ""
[0.471s] -- Installing: /home/duvanmarrugo/Robotics_Cyber_Physical_LAB/install/inv_kinematics_pkg/lib/inv_kinematics_pkg/platform2_vel_test_client
[0.472s] -- Set runtime path of "/home/duvanmarrugo/Robotics_Cyber_Physical_LAB/install/inv_kinematics_pkg/lib/inv_kinematics_pkg/platform2_vel_test_client" to ""
[0.473s] -- Installing: /home/duvanmarrugo/Robotics_Cyber_Physical_LAB/install/inv_kinematics_pkg/lib/inv_kinematics_pkg/robot1_vel_server
[0.474s] -- Set runtime path of "/home/duvanmarrugo/Robotics_Cyber_Physical_LAB/install/inv_kinematics_pkg/lib/inv_kinematics_pkg/robot1_vel_server" to ""
[0.475s] -- Installing: /home/duvanmarrugo/Robotics_Cyber_Physical_LAB/install/inv_kinematics_pkg/lib/inv_kinematics_pkg/robot2_vel_server
[0.477s] -- Set runtime path of "/home/duvanmarrugo/Robotics_Cyber_Physical_LAB/install/inv_kinematics_pkg/lib/inv_kinematics_pkg/robot2_vel_server" to ""
[0.477s] -- Installing: /home/duvanmarrugo/Robotics_Cyber_Physical_LAB/install/inv_kinematics_pkg/share/ament_index/resource_index/package_run_dependencies/inv_kinematics_pkg
[0.478s] -- Installing: /home/duvanmarrugo/Robotics_Cyber_Physical_LAB/install/inv_kinematics_pkg/share/ament_index/resource_index/parent_prefix_path/inv_kinematics_pkg
[0.478s] -- Installing: /home/duvanmarrugo/Robotics_Cyber_Physical_LAB/install/inv_kinematics_pkg/share/inv_kinematics_pkg/environment/ament_prefix_path.sh
[0.478s] -- Installing: /home/duvanmarrugo/Robotics_Cyber_Physical_LAB/install/inv_kinematics_pkg/share/inv_kinematics_pkg/environment/ament_prefix_path.dsv
[0.478s] -- Installing: /home/duvanmarrugo/Robotics_Cyber_Physical_LAB/install/inv_kinematics_pkg/share/inv_kinematics_pkg/environment/path.sh
[0.479s] -- Installing: /home/duvanmarrugo/Robotics_Cyber_Physical_LAB/install/inv_kinematics_pkg/share/inv_kinematics_pkg/environment/path.dsv
[0.479s] -- Installing: /home/duvanmarrugo/Robotics_Cyber_Physical_LAB/install/inv_kinematics_pkg/share/inv_kinematics_pkg/local_setup.bash
[0.479s] -- Installing: /home/duvanmarrugo/Robotics_Cyber_Physical_LAB/install/inv_kinematics_pkg/share/inv_kinematics_pkg/local_setup.sh
[0.480s] -- Installing: /home/duvanmarrugo/Robotics_Cyber_Physical_LAB/install/inv_kinematics_pkg/share/inv_kinematics_pkg/local_setup.zsh
[0.480s] -- Installing: /home/duvanmarrugo/Robotics_Cyber_Physical_LAB/install/inv_kinematics_pkg/share/inv_kinematics_pkg/local_setup.dsv
[0.480s] -- Installing: /home/duvanmarrugo/Robotics_Cyber_Physical_LAB/install/inv_kinematics_pkg/share/inv_kinematics_pkg/package.dsv
[0.481s] -- Installing: /home/duvanmarrugo/Robotics_Cyber_Physical_LAB/install/inv_kinematics_pkg/share/ament_index/resource_index/packages/inv_kinematics_pkg
[0.481s] -- Installing: /home/duvanmarrugo/Robotics_Cyber_Physical_LAB/install/inv_kinematics_pkg/share/inv_kinematics_pkg/cmake/inv_kinematics_pkgConfig.cmake
[0.481s] -- Installing: /home/duvanmarrugo/Robotics_Cyber_Physical_LAB/install/inv_kinematics_pkg/share/inv_kinematics_pkg/cmake/inv_kinematics_pkgConfig-version.cmake
[0.483s] -- Installing: /home/duvanmarrugo/Robotics_Cyber_Physical_LAB/install/inv_kinematics_pkg/share/inv_kinematics_pkg/package.xml
[0.502s] Invoked command in '/home/duvanmarrugo/Robotics_Cyber_Physical_LAB/build/inv_kinematics_pkg' returned '0': CMAKE_PREFIX_PATH=/home/duvanmarrugo/Robotics_Cyber_Physical_LAB/install/interfaces:/home/duvanmarrugo/Robotics_Cyber_Physical_LAB/install/img_proc_pkg:/home/duvanmarrugo/ros2_ws/install/my_cpp_pkg:/home/duvanmarrugo/ros2_ws/install/my_py_pkg:/opt/ros/foxy LD_LIBRARY_PATH=/home/duvanmarrugo/Robotics_Cyber_Physical_LAB/install/interfaces/lib:/usr/lib/x86_64-linux-gnu/gazebo-11/plugins:/opt/ros/foxy/opt/yaml_cpp_vendor/lib:/opt/ros/foxy/opt/rviz_ogre_vendor/lib:/opt/ros/foxy/lib/x86_64-linux-gnu:/opt/ros/foxy/lib /usr/bin/cmake --install /home/duvanmarrugo/Robotics_Cyber_Physical_LAB/build/inv_kinematics_pkg
