[0.016s] Invoking command in '/home/javierfr/Robotics_Cyber_Physical_LAB/build/inv_kinematics_pkg': CMAKE_PREFIX_PATH=/home/javierfr/Robotics_Cyber_Physical_LAB/install/interfaces:/opt/ros/foxy /usr/bin/cmake --build /home/javierfr/Robotics_Cyber_Physical_LAB/build/inv_kinematics_pkg -- -j12 -l12
[0.087s] [ 16%] Built target platform2_vel_server
[0.089s] [ 33%] Built target platform1_vel_test_client
[0.090s] [ 50%] Built target robot1_vel_server
[0.090s] [ 66%] Built target platform2_vel_test_client
[0.091s] [ 83%] Built target robot2_vel_server
[0.092s] [100%] Built target platform1_vel_server
[0.104s] Invoked command in '/home/javierfr/Robotics_Cyber_Physical_LAB/build/inv_kinematics_pkg' returned '0': CMAKE_PREFIX_PATH=/home/javierfr/Robotics_Cyber_Physical_LAB/install/interfaces:/opt/ros/foxy /usr/bin/cmake --build /home/javierfr/Robotics_Cyber_Physical_LAB/build/inv_kinematics_pkg -- -j12 -l12
[0.185s] Invoking command in '/home/javierfr/Robotics_Cyber_Physical_LAB/build/inv_kinematics_pkg': CMAKE_PREFIX_PATH=/home/javierfr/Robotics_Cyber_Physical_LAB/install/interfaces:/opt/ros/foxy /usr/bin/cmake --install /home/javierfr/Robotics_Cyber_Physical_LAB/build/inv_kinematics_pkg
[0.193s] -- Install configuration: ""
[0.193s] -- Up-to-date: /home/javierfr/Robotics_Cyber_Physical_LAB/install/inv_kinematics_pkg/lib/inv_kinematics_pkg/platform1_vel_server
[0.193s] -- Up-to-date: /home/javierfr/Robotics_Cyber_Physical_LAB/install/inv_kinematics_pkg/lib/inv_kinematics_pkg/platform1_vel_test_client
[0.194s] -- Up-to-date: /home/javierfr/Robotics_Cyber_Physical_LAB/install/inv_kinematics_pkg/lib/inv_kinematics_pkg/platform2_vel_server
[0.194s] -- Up-to-date: /home/javierfr/Robotics_Cyber_Physical_LAB/install/inv_kinematics_pkg/lib/inv_kinematics_pkg/platform2_vel_test_client
[0.194s] -- Up-to-date: /home/javierfr/Robotics_Cyber_Physical_LAB/install/inv_kinematics_pkg/lib/inv_kinematics_pkg/robot1_vel_server
[0.195s] -- Up-to-date: /home/javierfr/Robotics_Cyber_Physical_LAB/install/inv_kinematics_pkg/lib/inv_kinematics_pkg/robot2_vel_server
[0.195s] -- Up-to-date: /home/javierfr/Robotics_Cyber_Physical_LAB/install/inv_kinematics_pkg/share/ament_index/resource_index/package_run_dependencies/inv_kinematics_pkg
[0.195s] -- Up-to-date: /home/javierfr/Robotics_Cyber_Physical_LAB/install/inv_kinematics_pkg/share/ament_index/resource_index/parent_prefix_path/inv_kinematics_pkg
[0.195s] -- Up-to-date: /home/javierfr/Robotics_Cyber_Physical_LAB/install/inv_kinematics_pkg/share/inv_kinematics_pkg/environment/ament_prefix_path.sh
[0.195s] -- Up-to-date: /home/javierfr/Robotics_Cyber_Physical_LAB/install/inv_kinematics_pkg/share/inv_kinematics_pkg/environment/ament_prefix_path.dsv
[0.196s] -- Up-to-date: /home/javierfr/Robotics_Cyber_Physical_LAB/install/inv_kinematics_pkg/share/inv_kinematics_pkg/environment/path.sh
[0.196s] -- Up-to-date: /home/javierfr/Robotics_Cyber_Physical_LAB/install/inv_kinematics_pkg/share/inv_kinematics_pkg/environment/path.dsv
[0.196s] -- Up-to-date: /home/javierfr/Robotics_Cyber_Physical_LAB/install/inv_kinematics_pkg/share/inv_kinematics_pkg/local_setup.bash
[0.196s] -- Up-to-date: /home/javierfr/Robotics_Cyber_Physical_LAB/install/inv_kinematics_pkg/share/inv_kinematics_pkg/local_setup.sh
[0.196s] -- Up-to-date: /home/javierfr/Robotics_Cyber_Physical_LAB/install/inv_kinematics_pkg/share/inv_kinematics_pkg/local_setup.zsh
[0.196s] -- Up-to-date: /home/javierfr/Robotics_Cyber_Physical_LAB/install/inv_kinematics_pkg/share/inv_kinematics_pkg/local_setup.dsv
[0.196s] -- Installing: /home/javierfr/Robotics_Cyber_Physical_LAB/install/inv_kinematics_pkg/share/inv_kinematics_pkg/package.dsv
[0.196s] -- Up-to-date: /home/javierfr/Robotics_Cyber_Physical_LAB/install/inv_kinematics_pkg/share/ament_index/resource_index/packages/inv_kinematics_pkg
[0.196s] -- Up-to-date: /home/javierfr/Robotics_Cyber_Physical_LAB/install/inv_kinematics_pkg/share/inv_kinematics_pkg/cmake/inv_kinematics_pkgConfig.cmake
[0.197s] -- Up-to-date: /home/javierfr/Robotics_Cyber_Physical_LAB/install/inv_kinematics_pkg/share/inv_kinematics_pkg/cmake/inv_kinematics_pkgConfig-version.cmake
[0.197s] -- Up-to-date: /home/javierfr/Robotics_Cyber_Physical_LAB/install/inv_kinematics_pkg/share/inv_kinematics_pkg/package.xml
[0.203s] Invoked command in '/home/javierfr/Robotics_Cyber_Physical_LAB/build/inv_kinematics_pkg' returned '0': CMAKE_PREFIX_PATH=/home/javierfr/Robotics_Cyber_Physical_LAB/install/interfaces:/opt/ros/foxy /usr/bin/cmake --install /home/javierfr/Robotics_Cyber_Physical_LAB/build/inv_kinematics_pkg
