CMake Error at /opt/ros/foxy/share/rosidl_adapter/cmake/rosidl_adapt_interfaces.cmake:60 (message):
  
  execute_process(/home/javierfr/.espressif/python_env/idf5.2_py3.8_env/bin/python3
  -m rosidl_adapter --package-name micro_ros_msgs --arguments-file
  /home/javierfr/microros_ws/uros_ws/build/micro_ros_msgs/rosidl_adapter__arguments__micro_ros_msgs.json
  --output-dir
  /home/javierfr/microros_ws/uros_ws/build/micro_ros_msgs/rosidl_adapter/micro_ros_msgs
  --output-file
  /home/javierfr/microros_ws/uros_ws/build/micro_ros_msgs/rosidl_adapter/micro_ros_msgs.idls)
  returned error code 1:

  Traceback (most recent call last):

    File "/usr/lib/python3.8/runpy.py", line 194, in _run_module_as_main
      return _run_code(code, main_globals, None,
    File "/usr/lib/python3.8/runpy.py", line 87, in _run_code
      exec(code, run_globals)
    File "/opt/ros/foxy/lib/python3.8/site-packages/rosidl_adapter/__main__.py", line 19, in <module>
      sys.exit(main())
    File "/opt/ros/foxy/lib/python3.8/site-packages/rosidl_adapter/main.py", line 53, in main
      abs_idl_file = convert_to_idl(
    File "/opt/ros/foxy/lib/python3.8/site-packages/rosidl_adapter/__init__.py", line 18, in convert_to_idl
      from rosidl_adapter.msg import convert_msg_to_idl
    File "/opt/ros/foxy/lib/python3.8/site-packages/rosidl_adapter/msg/__init__.py", line 16, in <module>
      from rosidl_adapter.resource import expand_template
    File "/opt/ros/foxy/lib/python3.8/site-packages/rosidl_adapter/resource/__init__.py", line 19, in <module>
      import em

  ModuleNotFoundError: No module named 'em'

Call Stack (most recent call first):
  /opt/ros/foxy/share/rosidl_cmake/cmake/rosidl_generate_interfaces.cmake:130 (rosidl_adapt_interfaces)
  CMakeLists.txt:27 (rosidl_generate_interfaces)


