[0.076s] Invoking command in '/home/duvanmarrugo/Robotics_Cyber_Physical_LAB/build/gazebo_plugin_sim': CMAKE_PREFIX_PATH=${CMAKE_PREFIX_PATH}:/home/duvanmarrugo/ros2_ws/install/my_py_pkg:/opt/ros/foxy /usr/bin/cmake /home/duvanmarrugo/Robotics_Cyber_Physical_LAB/src/gazebo_plugin_sim -DCMAKE_INSTALL_PREFIX=/home/duvanmarrugo/Robotics_Cyber_Physical_LAB/install/gazebo_plugin_sim
[0.102s] -- Found ament_cmake: 0.9.9 (/opt/ros/foxy/share/ament_cmake/cmake)
[0.146s] -- Using PYTHON_EXECUTABLE: /usr/bin/python3
[0.520s] -- Found camera_info_manager: 2.3.0 (/opt/ros/foxy/share/camera_info_manager/cmake)
[0.623s] -- Using all available rosidl_typesupport_c: rosidl_typesupport_fastrtps_c;rosidl_typesupport_introspection_c
[0.636s] -- Found rosidl_adapter: 1.2.1 (/opt/ros/foxy/share/rosidl_adapter/cmake)
[0.776s] -- Found OpenSSL: /usr/lib/x86_64-linux-gnu/libcrypto.so (found version "1.1.1f")  
[0.830s] -- Found FastRTPS: /opt/ros/foxy/include  
[0.977s] -- Using all available rosidl_typesupport_cpp: rosidl_typesupport_fastrtps_cpp;rosidl_typesupport_introspection_cpp
[1.092s] -- Found rmw_implementation_cmake: 1.0.3 (/opt/ros/foxy/share/rmw_implementation_cmake/cmake)
[1.095s] -- Using RMW implementation 'rmw_fastrtps_cpp' as default
[1.097s] -- Looking for pthread.h
[1.224s] -- Looking for pthread.h - found
[1.225s] -- Performing Test CMAKE_HAVE_LIBC_PTHREAD
[1.355s] -- Performing Test CMAKE_HAVE_LIBC_PTHREAD - Failed
[1.356s] -- Looking for pthread_create in pthreads
[1.502s] -- Looking for pthread_create in pthreads - not found
[1.502s] -- Looking for pthread_create in pthread
[1.639s] -- Looking for pthread_create in pthread - found
[1.641s] -- Found Threads: TRUE  
[2.398s] -- Setting yaml-cpp_DIR to: '/opt/ros/foxy/share/yaml_cpp_vendor/cmake/../../../opt/yaml_cpp_vendor/lib/cmake/yaml-cpp'
[2.588s] CMake Error at CMakeLists.txt:26 (find_package):
[2.588s]   By not providing "Findgazebo_dev.cmake" in CMAKE_MODULE_PATH this project
[2.588s]   has asked CMake to find a package configuration file provided by
[2.589s]   "gazebo_dev", but CMake did not find one.
[2.589s] 
[2.589s]   Could not find a package configuration file provided by "gazebo_dev" with
[2.589s]   any of the following names:
[2.589s] 
[2.589s]     gazebo_devConfig.cmake
[2.590s]     gazebo_dev-config.cmake
[2.590s] 
[2.590s]   Add the installation prefix of "gazebo_dev" to CMAKE_PREFIX_PATH or set
[2.591s]   "gazebo_dev_DIR" to a directory containing one of the above files.  If
[2.591s]   "gazebo_dev" provides a separate development package or SDK, be sure it has
[2.592s]   been installed.
[2.592s] 
[2.592s] 
[2.598s] -- Configuring incomplete, errors occurred!
[2.598s] See also "/home/duvanmarrugo/Robotics_Cyber_Physical_LAB/build/gazebo_plugin_sim/CMakeFiles/CMakeOutput.log".
[2.598s] See also "/home/duvanmarrugo/Robotics_Cyber_Physical_LAB/build/gazebo_plugin_sim/CMakeFiles/CMakeError.log".
