[0.019s] Invoking command in '/home/javierfr/Robotics_Cyber_Physical_LAB/build/img_proc_pkg': CMAKE_PREFIX_PATH=/opt/ros/foxy /usr/bin/cmake /home/javierfr/Robotics_Cyber_Physical_LAB/src/img_proc_pkg -DCMAKE_INSTALL_PREFIX=/home/javierfr/Robotics_Cyber_Physical_LAB/install/img_proc_pkg
[1.904s] -- The C compiler identification is GNU 9.4.0
[3.893s] -- The CXX compiler identification is GNU 9.4.0
[4.063s] -- Check for working C compiler: /usr/lib/ccache/cc
[4.351s] -- Check for working C compiler: /usr/lib/ccache/cc -- works
[4.511s] -- Detecting C compiler ABI info
[4.718s] -- Detecting C compiler ABI info - done
[4.728s] -- Detecting C compile features
[4.728s] -- Detecting C compile features - done
[4.777s] -- Check for working CXX compiler: /usr/lib/ccache/c++
[4.897s] -- Check for working CXX compiler: /usr/lib/ccache/c++ -- works
[4.899s] -- Detecting CXX compiler ABI info
[5.071s] -- Detecting CXX compiler ABI info - done
[5.081s] -- Detecting CXX compile features
[5.081s] -- Detecting CXX compile features - done
[5.197s] -- Found ament_cmake: 0.9.9 (/opt/ros/foxy/share/ament_cmake/cmake)
[5.324s] -- Found PythonInterp: /usr/bin/python3 (found suitable version "3.8.10", minimum required is "3") 
[5.324s] -- Using PYTHON_EXECUTABLE: /usr/bin/python3
[5.919s] -- Found OpenCV: /usr/local (found suitable version "4.5.0", minimum required is "4.2") 
[6.008s] -- Found sensor_msgs: 2.0.5 (/opt/ros/foxy/share/sensor_msgs/cmake)
[6.720s] -- Using all available rosidl_typesupport_c: rosidl_typesupport_fastrtps_c;rosidl_typesupport_introspection_c
[6.744s] -- Found rosidl_adapter: 1.2.1 (/opt/ros/foxy/share/rosidl_adapter/cmake)
[7.560s] -- Found OpenSSL: /usr/lib/x86_64-linux-gnu/libcrypto.so (found version "1.1.1f")  
[7.707s] -- Found FastRTPS: /opt/ros/foxy/include  
[8.091s] -- Using all available rosidl_typesupport_cpp: rosidl_typesupport_fastrtps_cpp;rosidl_typesupport_introspection_cpp
[8.983s] -- Found rclcpp: 2.4.1 (/opt/ros/foxy/share/rclcpp/cmake)
[9.045s] -- Found rmw_implementation_cmake: 1.0.3 (/opt/ros/foxy/share/rmw_implementation_cmake/cmake)
[9.046s] -- Using RMW implementation 'rmw_fastrtps_cpp' as default
[9.068s] -- Looking for pthread.h
[9.997s] -- Looking for pthread.h - found
[9.997s] -- Performing Test CMAKE_HAVE_LIBC_PTHREAD
[10.259s] -- Performing Test CMAKE_HAVE_LIBC_PTHREAD - Failed
[10.259s] -- Looking for pthread_create in pthreads
[10.533s] -- Looking for pthread_create in pthreads - not found
[10.533s] -- Looking for pthread_create in pthread
[10.593s] -- Looking for pthread_create in pthread - found
[10.594s] -- Found Threads: TRUE  
[12.230s] -- Found image_transport: 2.3.0 (/opt/ros/foxy/share/image_transport/cmake)
[12.895s] -- Found cv_bridge: 2.2.1 (/opt/ros/foxy/share/cv_bridge/cmake)
[13.004s] CMake Error at CMakeLists.txt:26 (find_package):
[13.004s]   By not providing "Findinterfaces.cmake" in CMAKE_MODULE_PATH this project
[13.005s]   has asked CMake to find a package configuration file provided by
[13.005s]   "interfaces", but CMake did not find one.
[13.005s] 
[13.005s]   Could not find a package configuration file provided by "interfaces" with
[13.005s]   any of the following names:
[13.005s] 
[13.005s]     interfacesConfig.cmake
[13.005s]     interfaces-config.cmake
[13.005s] 
[13.005s]   Add the installation prefix of "interfaces" to CMAKE_PREFIX_PATH or set
[13.005s]   "interfaces_DIR" to a directory containing one of the above files.  If
[13.005s]   "interfaces" provides a separate development package or SDK, be sure it has
[13.006s]   been installed.
[13.006s] 
[13.006s] 
[13.007s] -- Configuring incomplete, errors occurred!
[13.007s] See also "/home/javierfr/Robotics_Cyber_Physical_LAB/build/img_proc_pkg/CMakeFiles/CMakeOutput.log".
[13.007s] See also "/home/javierfr/Robotics_Cyber_Physical_LAB/build/img_proc_pkg/CMakeFiles/CMakeError.log".
[13.016s] Invoked command in '/home/javierfr/Robotics_Cyber_Physical_LAB/build/img_proc_pkg' returned '1': CMAKE_PREFIX_PATH=/opt/ros/foxy /usr/bin/cmake /home/javierfr/Robotics_Cyber_Physical_LAB/src/img_proc_pkg -DCMAKE_INSTALL_PREFIX=/home/javierfr/Robotics_Cyber_Physical_LAB/install/img_proc_pkg
