[0.020s] Invoking command in '/home/javierfr/Tesis_ws/V1/build/img_proc_pkg': CMAKE_PREFIX_PATH=${CMAKE_PREFIX_PATH}:/opt/ros/foxy /usr/bin/cmake --build /home/javierfr/Tesis_ws/V1/build/img_proc_pkg -- -j12 -l12
[0.061s] [ 33%] Built target img_proc_node
[0.064s] [ 83%] Built target img_publ_test_node
[0.064s] [100%] Built target img_subs_test_node
[0.073s] Invoked command in '/home/javierfr/Tesis_ws/V1/build/img_proc_pkg' returned '0': CMAKE_PREFIX_PATH=${CMAKE_PREFIX_PATH}:/opt/ros/foxy /usr/bin/cmake --build /home/javierfr/Tesis_ws/V1/build/img_proc_pkg -- -j12 -l12
[0.104s] Invoking command in '/home/javierfr/Tesis_ws/V1/build/img_proc_pkg': CMAKE_PREFIX_PATH=${CMAKE_PREFIX_PATH}:/opt/ros/foxy /usr/bin/cmake --install /home/javierfr/Tesis_ws/V1/build/img_proc_pkg
[0.111s] -- Install configuration: ""
[0.111s] -- Up-to-date: /home/javierfr/Tesis_ws/V1/install/img_proc_pkg/lib/img_proc_pkg/img_proc_node
[0.111s] -- Up-to-date: /home/javierfr/Tesis_ws/V1/install/img_proc_pkg/lib/img_proc_pkg/img_publ_test_node
[0.112s] -- Up-to-date: /home/javierfr/Tesis_ws/V1/install/img_proc_pkg/lib/img_proc_pkg/img_subs_test_node
[0.112s] -- Up-to-date: /home/javierfr/Tesis_ws/V1/install/img_proc_pkg/share/ament_index/resource_index/package_run_dependencies/img_proc_pkg
[0.112s] -- Up-to-date: /home/javierfr/Tesis_ws/V1/install/img_proc_pkg/share/ament_index/resource_index/parent_prefix_path/img_proc_pkg
[0.112s] -- Up-to-date: /home/javierfr/Tesis_ws/V1/install/img_proc_pkg/share/img_proc_pkg/environment/ament_prefix_path.sh
[0.112s] -- Up-to-date: /home/javierfr/Tesis_ws/V1/install/img_proc_pkg/share/img_proc_pkg/environment/ament_prefix_path.dsv
[0.112s] -- Up-to-date: /home/javierfr/Tesis_ws/V1/install/img_proc_pkg/share/img_proc_pkg/environment/path.sh
[0.112s] -- Up-to-date: /home/javierfr/Tesis_ws/V1/install/img_proc_pkg/share/img_proc_pkg/environment/path.dsv
[0.113s] -- Up-to-date: /home/javierfr/Tesis_ws/V1/install/img_proc_pkg/share/img_proc_pkg/local_setup.bash
[0.113s] -- Up-to-date: /home/javierfr/Tesis_ws/V1/install/img_proc_pkg/share/img_proc_pkg/local_setup.sh
[0.113s] -- Up-to-date: /home/javierfr/Tesis_ws/V1/install/img_proc_pkg/share/img_proc_pkg/local_setup.zsh
[0.113s] -- Up-to-date: /home/javierfr/Tesis_ws/V1/install/img_proc_pkg/share/img_proc_pkg/local_setup.dsv
[0.113s] -- Installing: /home/javierfr/Tesis_ws/V1/install/img_proc_pkg/share/img_proc_pkg/package.dsv
[0.113s] -- Up-to-date: /home/javierfr/Tesis_ws/V1/install/img_proc_pkg/share/ament_index/resource_index/packages/img_proc_pkg
[0.113s] -- Up-to-date: /home/javierfr/Tesis_ws/V1/install/img_proc_pkg/share/img_proc_pkg/cmake/img_proc_pkgConfig.cmake
[0.114s] -- Up-to-date: /home/javierfr/Tesis_ws/V1/install/img_proc_pkg/share/img_proc_pkg/cmake/img_proc_pkgConfig-version.cmake
[0.115s] -- Up-to-date: /home/javierfr/Tesis_ws/V1/install/img_proc_pkg/share/img_proc_pkg/package.xml
[0.115s] Invoked command in '/home/javierfr/Tesis_ws/V1/build/img_proc_pkg' returned '0': CMAKE_PREFIX_PATH=${CMAKE_PREFIX_PATH}:/opt/ros/foxy /usr/bin/cmake --install /home/javierfr/Tesis_ws/V1/build/img_proc_pkg
