[01m[K/home/javierfr/Tesis_ws/V1/src/img_proc_pkg/src/img_proc_id_node.cpp:[m[K In member function ‘[01m[Kvoid Img_Proc_Id_Node::topic_callback(sensor_msgs::msg::Image_<std::allocator<void> >::SharedPtr) const[m[K’:
[01m[K/home/javierfr/Tesis_ws/V1/src/img_proc_pkg/src/img_proc_id_node.cpp:94:22:[m[K [01;35m[Kwarning: [m[Kcomparison of integer expressions of different signedness: ‘[01m[Kint[m[K’ and ‘[01m[Kstd::vector<std::vector<cv::Point_<int> > >::size_type[m[K’ {aka ‘[01m[Klong unsigned int[m[K’} [[01;35m[K-Wsign-compare[m[K]
   94 |       for (int i=1; [01;35m[Ki<red_contours.size()[m[K; i++)
      |                     [01;35m[K~^~~~~~~~~~~~~~~~~~~~[m[K
[01m[K/home/javierfr/Tesis_ws/V1/src/img_proc_pkg/src/img_proc_id_node.cpp:123:26:[m[K [01;35m[Kwarning: [m[Kcomparison of integer expressions of different signedness: ‘[01m[Kint[m[K’ and ‘[01m[Kstd::vector<std::vector<cv::Point_<int> > >::size_type[m[K’ {aka ‘[01m[Klong unsigned int[m[K’} [[01;35m[K-Wsign-compare[m[K]
  123 |         for (int ii=1; [01;35m[Kii<red_subcontours.size()[m[K; ii++)
      |                        [01;35m[K~~^~~~~~~~~~~~~~~~~~~~~~~[m[K
[01m[K/home/javierfr/Tesis_ws/V1/src/img_proc_pkg/src/img_proc_id_node.cpp:157:20:[m[K [01;35m[Kwarning: [m[Kunused variable ‘[01m[Kangle[m[K’ [[01;35m[K-Wunused-variable[m[K]
  157 |             double [01;35m[Kangle[m[K=-1;
      |                    [01;35m[K^~~~~[m[K
[01m[K/home/javierfr/Tesis_ws/V1/src/img_proc_pkg/src/img_proc_id_node.cpp:97:13:[m[K [01;35m[Kwarning: [m[Kvariable ‘[01m[KX[m[K’ set but not used [[01;35m[K-Wunused-but-set-variable[m[K]
   97 |         int [01;35m[KX[m[K, Y;
      |             [01;35m[K^[m[K
[01m[K/home/javierfr/Tesis_ws/V1/src/img_proc_pkg/src/img_proc_id_node.cpp:97:16:[m[K [01;35m[Kwarning: [m[Kvariable ‘[01m[KY[m[K’ set but not used [[01;35m[K-Wunused-but-set-variable[m[K]
   97 |         int X, [01;35m[KY[m[K;
      |                [01;35m[K^[m[K
[01m[K/home/javierfr/Tesis_ws/V1/src/img_proc_pkg/src/img_proc_id_node.cpp:118:13:[m[K [01;35m[Kwarning: [m[Kvariable ‘[01m[KXc[m[K’ set but not used [[01;35m[K-Wunused-but-set-variable[m[K]
  118 |         int [01;35m[KXc[m[K,Yc,Xt,Yt;  //Coordenadas para triangulo y cuadrado
      |             [01;35m[K^~[m[K
[01m[K/home/javierfr/Tesis_ws/V1/src/img_proc_pkg/src/img_proc_id_node.cpp:118:16:[m[K [01;35m[Kwarning: [m[Kvariable ‘[01m[KYc[m[K’ set but not used [[01;35m[K-Wunused-but-set-variable[m[K]
  118 |         int Xc,[01;35m[KYc[m[K,Xt,Yt;  //Coordenadas para triangulo y cuadrado
      |                [01;35m[K^~[m[K
[01m[K/home/javierfr/Tesis_ws/V1/src/img_proc_pkg/src/img_proc_id_node.cpp:118:19:[m[K [01;35m[Kwarning: [m[Kvariable ‘[01m[KXt[m[K’ set but not used [[01;35m[K-Wunused-but-set-variable[m[K]
  118 |         int Xc,Yc,[01;35m[KXt[m[K,Yt;  //Coordenadas para triangulo y cuadrado
      |                   [01;35m[K^~[m[K
[01m[K/home/javierfr/Tesis_ws/V1/src/img_proc_pkg/src/img_proc_id_node.cpp:118:22:[m[K [01;35m[Kwarning: [m[Kvariable ‘[01m[KYt[m[K’ set but not used [[01;35m[K-Wunused-but-set-variable[m[K]
  118 |         int Xc,Yc,Xt,[01;35m[KYt[m[K;  //Coordenadas para triangulo y cuadrado
      |                      [01;35m[K^~[m[K
/usr/bin/ld: warning: libopencv_imgproc.so.4.2, needed by /opt/ros/foxy/lib/libcv_bridge.so, may conflict with libopencv_imgproc.so.4.5
/usr/bin/ld: warning: libopencv_core.so.4.2, needed by /opt/ros/foxy/lib/libcv_bridge.so, may conflict with libopencv_core.so.4.5
