[0.008s] Invoking command in '/home/javierfr/Tesis_ws/V1/build/inv_kinematics_pkg': CMAKE_PREFIX_PATH=/home/javierfr/Tesis_ws/V1/install/interfaces:/home/javierfr/Tesis_ws/V1/install/inv_kinematics_pkg:/home/javierfr/Tesis_ws/V1/install/img_proc_pkg:/home/javierfr/Tesis_ws/V1/install/gazebo_plugin_sim:/opt/ros/foxy LD_LIBRARY_PATH=/home/javierfr/Tesis_ws/V1/install/interfaces/lib:/home/javierfr/Tesis_ws/V1/install/gazebo_plugin_sim/lib:/opt/ros/foxy/opt/yaml_cpp_vendor/lib:/opt/ros/foxy/opt/rviz_ogre_vendor/lib:/opt/ros/foxy/lib/x86_64-linux-gnu:/opt/ros/foxy/lib:/usr/lib/x86_64-linux-gnu/gazebo-11/plugins:/usr/lib/x86_64-linux-gnu/gazebo-11/plugins /usr/bin/cmake --build /home/javierfr/Tesis_ws/V1/build/inv_kinematics_pkg -- -j12 -l12
[0.038s] [35m[1mScanning dependencies of target platform1_vel_server[0m
[0.058s] [ 50%] [32mBuilding CXX object CMakeFiles/platform1_vel_server.dir/src/platform1_vel_server.cpp.o[0m
[1.345s] /home/javierfr/Tesis_ws/V1/src/inv_kinematics_pkg/src/platform1_vel_server.cpp: In member function ‘void Platform1VelServer::send_vel(std::shared_ptr<interfaces::srv::PlatformVel_Request_<std::allocator<void> > >, std::shared_ptr<interfaces::srv::PlatformVel_Response_<std::allocator<void> > >)’:
[1.345s] /home/javierfr/Tesis_ws/V1/src/inv_kinematics_pkg/src/platform1_vel_server.cpp:27:8: warning: unused variable ‘sent’ [-Wunused-variable]
[1.345s]    27 |    int sent=0;
[1.346s]       |        ^~~~
[1.346s] /home/javierfr/Tesis_ws/V1/src/inv_kinematics_pkg/src/platform1_vel_server.cpp:33:11: warning: unused variable ‘vel_M1’ [-Wunused-variable]
[1.346s]    33 |     float vel_M1=(velx + vely + ((La+Lb)*velang))/R;
[1.346s]       |           ^~~~~~
[1.346s] /home/javierfr/Tesis_ws/V1/src/inv_kinematics_pkg/src/platform1_vel_server.cpp:34:12: warning: unused variable ‘vel_M2’ [-Wunused-variable]
[1.346s]    34 |      float vel_M2=(-velx + vely - ((La+Lb)*velang))/R;
[1.346s]       |            ^~~~~~
[1.346s] /home/javierfr/Tesis_ws/V1/src/inv_kinematics_pkg/src/platform1_vel_server.cpp:35:12: warning: unused variable ‘vel_M3’ [-Wunused-variable]
[1.346s]    35 |      float vel_M3=(-velx + vely + ((La+Lb)*velang))/R;
[1.346s]       |            ^~~~~~
[1.346s] /home/javierfr/Tesis_ws/V1/src/inv_kinematics_pkg/src/platform1_vel_server.cpp:36:12: warning: unused variable ‘vel_M4’ [-Wunused-variable]
[1.346s]    36 |      float vel_M4=(+velx + vely - ((La+Lb)*velang))/R;
[1.346s]       |            ^~~~~~
[1.346s] In file included from /opt/ros/foxy/include/rclcpp/client.hpp:32,
[1.346s]                  from /opt/ros/foxy/include/rclcpp/callback_group.hpp:23,
[1.346s]                  from /opt/ros/foxy/include/rclcpp/any_executable.hpp:20,
[1.346s]                  from /opt/ros/foxy/include/rclcpp/memory_strategy.hpp:24,
[1.347s]                  from /opt/ros/foxy/include/rclcpp/memory_strategies.hpp:18,
[1.347s]                  from /opt/ros/foxy/include/rclcpp/executor_options.hpp:20,
[1.347s]                  from /opt/ros/foxy/include/rclcpp/executor.hpp:33,
[1.347s]                  from /opt/ros/foxy/include/rclcpp/executors/multi_threaded_executor.hpp:25,
[1.347s]                  from /opt/ros/foxy/include/rclcpp/executors.hpp:21,
[1.347s]                  from /opt/ros/foxy/include/rclcpp/rclcpp.hpp:146,
[1.347s]                  from /home/javierfr/Tesis_ws/V1/src/inv_kinematics_pkg/src/platform1_vel_server.cpp:1:
[1.347s] /opt/ros/foxy/include/rclcpp/function_traits.hpp: In instantiation of ‘struct rclcpp::function_traits::function_traits<void (Platform1VelServer::*)(std::shared_ptr<interfaces::srv::PlatformVel_Request_<std::allocator<void> > >, std::shared_ptr<interfaces::srv::PlatformVel_Response_<std::allocator<void> > >)>’:
[1.348s] /opt/ros/foxy/include/rclcpp/function_traits.hpp:159:8:   required from ‘struct rclcpp::function_traits::same_arguments<void (Platform1VelServer::*)(std::shared_ptr<interfaces::srv::PlatformVel_Request_<std::allocator<void> > >, std::shared_ptr<interfaces::srv::PlatformVel_Response_<std::allocator<void> > >), std::function<void(std::shared_ptr<rmw_request_id_t>, std::shared_ptr<interfaces::srv::PlatformVel_Request_<std::allocator<void> > >, std::shared_ptr<interfaces::srv::PlatformVel_Response_<std::allocator<void> > >)> >’
[1.349s] /opt/ros/foxy/include/rclcpp/any_service_callback.hpp:79:17:   required by substitution of ‘template<class CallbackT, typename std::enable_if<rclcpp::function_traits::same_arguments<CallbackT, std::function<void(std::shared_ptr<rmw_request_id_t>, std::shared_ptr<interfaces::srv::PlatformVel_Request_<std::allocator<void> > >, std::shared_ptr<interfaces::srv::PlatformVel_Response_<std::allocator<void> > >)> >::value, void>::type* <anonymous> > void rclcpp::AnyServiceCallback<interfaces::srv::PlatformVel>::set<CallbackT, <enumerator> >(CallbackT) [with CallbackT = void (Platform1VelServer::*)(std::shared_ptr<interfaces::srv::PlatformVel_Request_<std::allocator<void> > >, std::shared_ptr<interfaces::srv::PlatformVel_Response_<std::allocator<void> > >); typename std::enable_if<rclcpp::function_traits::same_arguments<CallbackT, std::function<void(std::shared_ptr<rmw_request_id_t>, std::shared_ptr<interfaces::srv::PlatformVel_Request_<std::allocator<void> > >, std::shared_ptr<interfaces::srv::PlatformVel_Response_<std::allocator<void> > >)> >::value, void>::type* <anonymous> = <missing>]’
[1.349s] /opt/ros/foxy/include/rclcpp/create_service.hpp:43:3:   required from ‘typename rclcpp::Service<ServiceT>::SharedPtr rclcpp::create_service(std::shared_ptr<rclcpp::node_interfaces::NodeBaseInterface>, std::shared_ptr<rclcpp::node_interfaces::NodeServicesInterface>, const string&, CallbackT&&, const rmw_qos_profile_t&, rclcpp::CallbackGroup::SharedPtr) [with ServiceT = interfaces::srv::PlatformVel; CallbackT = void (Platform1VelServer::*)(std::shared_ptr<interfaces::srv::PlatformVel_Request_<std::allocator<void> > >, std::shared_ptr<interfaces::srv::PlatformVel_Response_<std::allocator<void> > >); typename rclcpp::Service<ServiceT>::SharedPtr = std::shared_ptr<rclcpp::Service<interfaces::srv::PlatformVel> >; std::string = std::__cxx11::basic_string<char>; rmw_qos_profile_t = rmw_qos_profile_t; rclcpp::CallbackGroup::SharedPtr = std::shared_ptr<rclcpp::CallbackGroup>]’
[1.350s] /opt/ros/foxy/include/rclcpp/node_impl.hpp:146:53:   required from ‘typename rclcpp::Service<ServiceT>::SharedPtr rclcpp::Node::create_service(const string&, CallbackT&&, const rmw_qos_profile_t&, rclcpp::CallbackGroup::SharedPtr) [with ServiceT = interfaces::srv::PlatformVel; CallbackT = void (Platform1VelServer::*)(std::shared_ptr<interfaces::srv::PlatformVel_Request_<std::allocator<void> > >, std::shared_ptr<interfaces::srv::PlatformVel_Response_<std::allocator<void> > >); typename rclcpp::Service<ServiceT>::SharedPtr = std::shared_ptr<rclcpp::Service<interfaces::srv::PlatformVel> >; std::string = std::__cxx11::basic_string<char>; rmw_qos_profile_t = rmw_qos_profile_t; rclcpp::CallbackGroup::SharedPtr = std::shared_ptr<rclcpp::CallbackGroup>]’
[1.350s] /home/javierfr/Tesis_ws/V1/src/inv_kinematics_pkg/src/platform1_vel_server.cpp:13:51:   required from here
[1.350s] /opt/ros/foxy/include/rclcpp/function_traits.hpp:52:40: error: ‘operator()’ is not a member of ‘void (Platform1VelServer::*)(std::shared_ptr<interfaces::srv::PlatformVel_Request_<std::allocator<void> > >, std::shared_ptr<interfaces::srv::PlatformVel_Response_<std::allocator<void> > >)’
[1.350s]    52 |     typename function_traits<decltype( &FunctionT::operator())>::arguments>::type;
[1.350s]       |                                        ^~~~~~~~~~~~~~~~~~~~~~
[1.350s] /opt/ros/foxy/include/rclcpp/function_traits.hpp:52:40: error: ‘operator()’ is not a member of ‘void (Platform1VelServer::*)(std::shared_ptr<interfaces::srv::PlatformVel_Request_<std::allocator<void> > >, std::shared_ptr<interfaces::srv::PlatformVel_Response_<std::allocator<void> > >)’
[1.350s] /opt/ros/foxy/include/rclcpp/function_traits.hpp:52:40: error: ‘operator()’ is not a member of ‘void (Platform1VelServer::*)(std::shared_ptr<interfaces::srv::PlatformVel_Request_<std::allocator<void> > >, std::shared_ptr<interfaces::srv::PlatformVel_Response_<std::allocator<void> > >)’
[1.350s] In file included from /opt/ros/foxy/include/rclcpp/node_impl.hpp:40,
[1.350s]                  from /opt/ros/foxy/include/rclcpp/node.hpp:1221,
[1.350s]                  from /opt/ros/foxy/include/rclcpp/executors/single_threaded_executor.hpp:28,
[1.351s]                  from /opt/ros/foxy/include/rclcpp/executors.hpp:22,
[1.351s]                  from /opt/ros/foxy/include/rclcpp/rclcpp.hpp:146,
[1.351s]                  from /home/javierfr/Tesis_ws/V1/src/inv_kinematics_pkg/src/platform1_vel_server.cpp:1:
[1.351s] /opt/ros/foxy/include/rclcpp/create_service.hpp: In instantiation of ‘typename rclcpp::Service<ServiceT>::SharedPtr rclcpp::create_service(std::shared_ptr<rclcpp::node_interfaces::NodeBaseInterface>, std::shared_ptr<rclcpp::node_interfaces::NodeServicesInterface>, const string&, CallbackT&&, const rmw_qos_profile_t&, rclcpp::CallbackGroup::SharedPtr) [with ServiceT = interfaces::srv::PlatformVel; CallbackT = void (Platform1VelServer::*)(std::shared_ptr<interfaces::srv::PlatformVel_Request_<std::allocator<void> > >, std::shared_ptr<interfaces::srv::PlatformVel_Response_<std::allocator<void> > >); typename rclcpp::Service<ServiceT>::SharedPtr = std::shared_ptr<rclcpp::Service<interfaces::srv::PlatformVel> >; std::string = std::__cxx11::basic_string<char>; rmw_qos_profile_t = rmw_qos_profile_t; rclcpp::CallbackGroup::SharedPtr = std::shared_ptr<rclcpp::CallbackGroup>]’:
[1.351s] /opt/ros/foxy/include/rclcpp/node_impl.hpp:146:53:   required from ‘typename rclcpp::Service<ServiceT>::SharedPtr rclcpp::Node::create_service(const string&, CallbackT&&, const rmw_qos_profile_t&, rclcpp::CallbackGroup::SharedPtr) [with ServiceT = interfaces::srv::PlatformVel; CallbackT = void (Platform1VelServer::*)(std::shared_ptr<interfaces::srv::PlatformVel_Request_<std::allocator<void> > >, std::shared_ptr<interfaces::srv::PlatformVel_Response_<std::allocator<void> > >); typename rclcpp::Service<ServiceT>::SharedPtr = std::shared_ptr<rclcpp::Service<interfaces::srv::PlatformVel> >; std::string = std::__cxx11::basic_string<char>; rmw_qos_profile_t = rmw_qos_profile_t; rclcpp::CallbackGroup::SharedPtr = std::shared_ptr<rclcpp::CallbackGroup>]’
[1.351s] /home/javierfr/Tesis_ws/V1/src/inv_kinematics_pkg/src/platform1_vel_server.cpp:13:51:   required from here
[1.351s] /opt/ros/foxy/include/rclcpp/create_service.hpp:43:3: error: no matching function for call to ‘rclcpp::AnyServiceCallback<interfaces::srv::PlatformVel>::set(void (Platform1VelServer::*)(std::shared_ptr<interfaces::srv::PlatformVel_Request_<std::allocator<void> > >, std::shared_ptr<interfaces::srv::PlatformVel_Response_<std::allocator<void> > >))’
[1.351s]    43 |   any_service_callback.set(std::forward<CallbackT>(callback));
[1.351s]       |   ^~~~~~~~~~~~~~~~~~~~
[1.351s] In file included from /opt/ros/foxy/include/rclcpp/service.hpp:28,
[1.351s]                  from /opt/ros/foxy/include/rclcpp/callback_group.hpp:25,
[1.351s]                  from /opt/ros/foxy/include/rclcpp/any_executable.hpp:20,
[1.351s]                  from /opt/ros/foxy/include/rclcpp/memory_strategy.hpp:24,
[1.351s]                  from /opt/ros/foxy/include/rclcpp/memory_strategies.hpp:18,
[1.351s]                  from /opt/ros/foxy/include/rclcpp/executor_options.hpp:20,
[1.351s]                  from /opt/ros/foxy/include/rclcpp/executor.hpp:33,
[1.351s]                  from /opt/ros/foxy/include/rclcpp/executors/multi_threaded_executor.hpp:25,
[1.351s]                  from /opt/ros/foxy/include/rclcpp/executors.hpp:21,
[1.351s]                  from /opt/ros/foxy/include/rclcpp/rclcpp.hpp:146,
[1.352s]                  from /home/javierfr/Tesis_ws/V1/src/inv_kinematics_pkg/src/platform1_vel_server.cpp:1:
[1.352s] /opt/ros/foxy/include/rclcpp/any_service_callback.hpp:67:8: note: candidate: ‘template<class CallbackT, typename std::enable_if<rclcpp::function_traits::same_arguments<CallbackT, std::function<void(std::shared_ptr<interfaces::srv::PlatformVel_Request_<std::allocator<void> > >, std::shared_ptr<interfaces::srv::PlatformVel_Response_<std::allocator<void> > >)> >::value, void>::type* <anonymous> > void rclcpp::AnyServiceCallback<ServiceT>::set(CallbackT) [with CallbackT = CallbackT; typename std::enable_if<rclcpp::function_traits::same_arguments<CallbackT, std::function<void(std::shared_ptr<typename ServiceT::Request>, std::shared_ptr<typename ServiceT::Response>)> >::value>::type* <anonymous> = <enumerator>; ServiceT = interfaces::srv::PlatformVel]’
[1.352s]    67 |   void set(CallbackT callback)
[1.352s]       |        ^~~
[1.352s] /opt/ros/foxy/include/rclcpp/any_service_callback.hpp:67:8: note:   template argument deduction/substitution failed:
[1.352s] /opt/ros/foxy/include/rclcpp/any_service_callback.hpp:65:17: error: ‘value’ is not a member of ‘rclcpp::function_traits::same_arguments<void (Platform1VelServer::*)(std::shared_ptr<interfaces::srv::PlatformVel_Request_<std::allocator<void> > >, std::shared_ptr<interfaces::srv::PlatformVel_Response_<std::allocator<void> > >), std::function<void(std::shared_ptr<interfaces::srv::PlatformVel_Request_<std::allocator<void> > >, std::shared_ptr<interfaces::srv::PlatformVel_Response_<std::allocator<void> > >)> >’
[1.352s]    65 |     >::type * = nullptr
[1.352s]       |                 ^~~~~~~
[1.352s] /opt/ros/foxy/include/rclcpp/any_service_callback.hpp:81:8: note: candidate: ‘template<class CallbackT, typename std::enable_if<rclcpp::function_traits::same_arguments<CallbackT, std::function<void(std::shared_ptr<rmw_request_id_t>, std::shared_ptr<interfaces::srv::PlatformVel_Request_<std::allocator<void> > >, std::shared_ptr<interfaces::srv::PlatformVel_Response_<std::allocator<void> > >)> >::value, void>::type* <anonymous> > void rclcpp::AnyServiceCallback<ServiceT>::set(CallbackT) [with CallbackT = CallbackT; typename std::enable_if<rclcpp::function_traits::same_arguments<CallbackT, std::function<void(std::shared_ptr<rmw_request_id_t>, std::shared_ptr<typename ServiceT::Request>, std::shared_ptr<typename ServiceT::Response>)> >::value>::type* <anonymous> = <enumerator>; ServiceT = interfaces::srv::PlatformVel]’
[1.352s]    81 |   void set(CallbackT callback)
[1.352s]       |        ^~~
[1.352s] /opt/ros/foxy/include/rclcpp/any_service_callback.hpp:81:8: note:   substitution of deduced template arguments resulted in errors seen above
[1.352s] make[2]: *** [CMakeFiles/platform1_vel_server.dir/build.make:63: CMakeFiles/platform1_vel_server.dir/src/platform1_vel_server.cpp.o] Error 1
[1.352s] make[1]: *** [CMakeFiles/Makefile2:78: CMakeFiles/platform1_vel_server.dir/all] Error 2
[1.352s] make: *** [Makefile:141: all] Error 2
[1.352s] Invoked command in '/home/javierfr/Tesis_ws/V1/build/inv_kinematics_pkg' returned '2': CMAKE_PREFIX_PATH=/home/javierfr/Tesis_ws/V1/install/interfaces:/home/javierfr/Tesis_ws/V1/install/inv_kinematics_pkg:/home/javierfr/Tesis_ws/V1/install/img_proc_pkg:/home/javierfr/Tesis_ws/V1/install/gazebo_plugin_sim:/opt/ros/foxy LD_LIBRARY_PATH=/home/javierfr/Tesis_ws/V1/install/interfaces/lib:/home/javierfr/Tesis_ws/V1/install/gazebo_plugin_sim/lib:/opt/ros/foxy/opt/yaml_cpp_vendor/lib:/opt/ros/foxy/opt/rviz_ogre_vendor/lib:/opt/ros/foxy/lib/x86_64-linux-gnu:/opt/ros/foxy/lib:/usr/lib/x86_64-linux-gnu/gazebo-11/plugins:/usr/lib/x86_64-linux-gnu/gazebo-11/plugins /usr/bin/cmake --build /home/javierfr/Tesis_ws/V1/build/inv_kinematics_pkg -- -j12 -l12
