[1.230s] Invoking command in '/home/javierfr/Robotics_Cyber_Physical_LAB/build/gazebo_plugin_sim': CMAKE_PREFIX_PATH=${CMAKE_PREFIX_PATH}:/opt/ros/foxy /usr/bin/cmake --build /home/javierfr/Robotics_Cyber_Physical_LAB/build/gazebo_plugin_sim -- -j8 -l8
[1.525s] [ 20%] Built target robot2_plugin
[1.525s] [ 40%] Built target platform_plugin_test
[1.525s] [ 60%] Built target platform1_plugin
[1.525s] [ 80%] Built target platform2_plugin
[1.526s] [100%] Built target robot1_plugin
[1.528s] Invoked command in '/home/javierfr/Robotics_Cyber_Physical_LAB/build/gazebo_plugin_sim' returned '0': CMAKE_PREFIX_PATH=${CMAKE_PREFIX_PATH}:/opt/ros/foxy /usr/bin/cmake --build /home/javierfr/Robotics_Cyber_Physical_LAB/build/gazebo_plugin_sim -- -j8 -l8
[1.588s] Invoking command in '/home/javierfr/Robotics_Cyber_Physical_LAB/build/gazebo_plugin_sim': CMAKE_PREFIX_PATH=${CMAKE_PREFIX_PATH}:/opt/ros/foxy /usr/bin/cmake --install /home/javierfr/Robotics_Cyber_Physical_LAB/build/gazebo_plugin_sim
[1.601s] -- Install configuration: ""
[1.601s] -- Up-to-date: /home/javierfr/Robotics_Cyber_Physical_LAB/install/gazebo_plugin_sim/share/gazebo_plugin_sim/environment/library_path.sh
[1.602s] -- Up-to-date: /home/javierfr/Robotics_Cyber_Physical_LAB/install/gazebo_plugin_sim/share/gazebo_plugin_sim/environment/library_path.dsv
[1.602s] -- Up-to-date: /home/javierfr/Robotics_Cyber_Physical_LAB/install/gazebo_plugin_sim/share/gazebo_plugin_sim/environment/gazebo_plugin_sim.sh
[1.602s] -- Up-to-date: /home/javierfr/Robotics_Cyber_Physical_LAB/install/gazebo_plugin_sim/share/gazebo_plugin_sim/environment/gazebo_plugin_sim.dsv
[1.602s] -- Up-to-date: /home/javierfr/Robotics_Cyber_Physical_LAB/install/gazebo_plugin_sim/share/ament_index/resource_index/package_run_dependencies/gazebo_plugin_sim
[1.602s] -- Up-to-date: /home/javierfr/Robotics_Cyber_Physical_LAB/install/gazebo_plugin_sim/share/ament_index/resource_index/parent_prefix_path/gazebo_plugin_sim
[1.603s] -- Up-to-date: /home/javierfr/Robotics_Cyber_Physical_LAB/install/gazebo_plugin_sim/share/gazebo_plugin_sim/environment/ament_prefix_path.sh
[1.603s] -- Up-to-date: /home/javierfr/Robotics_Cyber_Physical_LAB/install/gazebo_plugin_sim/share/gazebo_plugin_sim/environment/ament_prefix_path.dsv
[1.603s] -- Up-to-date: /home/javierfr/Robotics_Cyber_Physical_LAB/install/gazebo_plugin_sim/share/gazebo_plugin_sim/environment/path.sh
[1.603s] -- Up-to-date: /home/javierfr/Robotics_Cyber_Physical_LAB/install/gazebo_plugin_sim/share/gazebo_plugin_sim/environment/path.dsv
[1.603s] -- Up-to-date: /home/javierfr/Robotics_Cyber_Physical_LAB/install/gazebo_plugin_sim/share/gazebo_plugin_sim/local_setup.bash
[1.604s] -- Up-to-date: /home/javierfr/Robotics_Cyber_Physical_LAB/install/gazebo_plugin_sim/share/gazebo_plugin_sim/local_setup.sh
[1.604s] -- Up-to-date: /home/javierfr/Robotics_Cyber_Physical_LAB/install/gazebo_plugin_sim/share/gazebo_plugin_sim/local_setup.zsh
[1.604s] -- Up-to-date: /home/javierfr/Robotics_Cyber_Physical_LAB/install/gazebo_plugin_sim/share/gazebo_plugin_sim/local_setup.dsv
[1.604s] -- Installing: /home/javierfr/Robotics_Cyber_Physical_LAB/install/gazebo_plugin_sim/share/gazebo_plugin_sim/package.dsv
[1.604s] -- Up-to-date: /home/javierfr/Robotics_Cyber_Physical_LAB/install/gazebo_plugin_sim/share/ament_index/resource_index/packages/gazebo_plugin_sim
[1.605s] -- Up-to-date: /home/javierfr/Robotics_Cyber_Physical_LAB/install/gazebo_plugin_sim/share/gazebo_plugin_sim/cmake/ament_cmake_export_libraries-extras.cmake
[1.605s] -- Up-to-date: /home/javierfr/Robotics_Cyber_Physical_LAB/install/gazebo_plugin_sim/share/gazebo_plugin_sim/cmake/ament_cmake_export_include_directories-extras.cmake
[1.605s] -- Up-to-date: /home/javierfr/Robotics_Cyber_Physical_LAB/install/gazebo_plugin_sim/share/gazebo_plugin_sim/cmake/ament_cmake_export_dependencies-extras.cmake
[1.605s] -- Up-to-date: /home/javierfr/Robotics_Cyber_Physical_LAB/install/gazebo_plugin_sim/share/gazebo_plugin_sim/cmake/gazebo_plugin_simConfig.cmake
[1.605s] -- Up-to-date: /home/javierfr/Robotics_Cyber_Physical_LAB/install/gazebo_plugin_sim/share/gazebo_plugin_sim/cmake/gazebo_plugin_simConfig-version.cmake
[1.605s] -- Up-to-date: /home/javierfr/Robotics_Cyber_Physical_LAB/install/gazebo_plugin_sim/share/gazebo_plugin_sim/package.xml
[1.606s] -- Up-to-date: /home/javierfr/Robotics_Cyber_Physical_LAB/install/gazebo_plugin_sim/include
[1.606s] -- Up-to-date: /home/javierfr/Robotics_Cyber_Physical_LAB/install/gazebo_plugin_sim/include/gazebo_plugin_sim
[1.606s] -- Up-to-date: /home/javierfr/Robotics_Cyber_Physical_LAB/install/gazebo_plugin_sim/include/gazebo_plugin_sim/robot2_plugin.hpp
[1.606s] -- Up-to-date: /home/javierfr/Robotics_Cyber_Physical_LAB/install/gazebo_plugin_sim/include/gazebo_plugin_sim/platform_plugin_test.hpp
[1.606s] -- Up-to-date: /home/javierfr/Robotics_Cyber_Physical_LAB/install/gazebo_plugin_sim/include/gazebo_plugin_sim/platform1_plugin.hpp
[1.607s] -- Up-to-date: /home/javierfr/Robotics_Cyber_Physical_LAB/install/gazebo_plugin_sim/include/gazebo_plugin_sim/platform2_plugin.hpp
[1.607s] -- Up-to-date: /home/javierfr/Robotics_Cyber_Physical_LAB/install/gazebo_plugin_sim/include/gazebo_plugin_sim/robot1_plugin.hpp
[1.607s] -- Up-to-date: /home/javierfr/Robotics_Cyber_Physical_LAB/install/gazebo_plugin_sim/lib/libplatform_plugin_test.so
[1.607s] -- Up-to-date: /home/javierfr/Robotics_Cyber_Physical_LAB/install/gazebo_plugin_sim/lib/libplatform1_plugin.so
[1.607s] -- Up-to-date: /home/javierfr/Robotics_Cyber_Physical_LAB/install/gazebo_plugin_sim/lib/libplatform2_plugin.so
[1.608s] -- Up-to-date: /home/javierfr/Robotics_Cyber_Physical_LAB/install/gazebo_plugin_sim/lib/librobot1_plugin.so
[1.608s] -- Up-to-date: /home/javierfr/Robotics_Cyber_Physical_LAB/install/gazebo_plugin_sim/lib/librobot2_plugin.so
[1.608s] -- Up-to-date: /home/javierfr/Robotics_Cyber_Physical_LAB/install/gazebo_plugin_sim/share/gazebo_plugin_sim//worlds
[1.608s] -- Up-to-date: /home/javierfr/Robotics_Cyber_Physical_LAB/install/gazebo_plugin_sim/share/gazebo_plugin_sim//worlds/2platform_old.world
[1.608s] -- Up-to-date: /home/javierfr/Robotics_Cyber_Physical_LAB/install/gazebo_plugin_sim/share/gazebo_plugin_sim//worlds/2robots_mod.world
[1.609s] -- Up-to-date: /home/javierfr/Robotics_Cyber_Physical_LAB/install/gazebo_plugin_sim/share/gazebo_plugin_sim//worlds/2platform.world
[1.609s] -- Up-to-date: /home/javierfr/Robotics_Cyber_Physical_LAB/install/gazebo_plugin_sim/share/gazebo_plugin_sim//worlds/test_mecanum_platform.world
[1.609s] -- Up-to-date: /home/javierfr/Robotics_Cyber_Physical_LAB/install/gazebo_plugin_sim/share/gazebo_plugin_sim//worlds/2robots.world
[1.658s] Invoked command in '/home/javierfr/Robotics_Cyber_Physical_LAB/build/gazebo_plugin_sim' returned '0': CMAKE_PREFIX_PATH=${CMAKE_PREFIX_PATH}:/opt/ros/foxy /usr/bin/cmake --install /home/javierfr/Robotics_Cyber_Physical_LAB/build/gazebo_plugin_sim
